[2023-08-15T18:19:23.549-0300] {processor.py:157} INFO - Started process (PID=18187) to work on /home/alan/repos/pipeline_airflow/pipeline-airflow-venv/lib/python3.11/site-packages/airflow/example_dags/plugins/event_listener.py
[2023-08-15T18:19:23.551-0300] {processor.py:826} INFO - Processing file /home/alan/repos/pipeline_airflow/pipeline-airflow-venv/lib/python3.11/site-packages/airflow/example_dags/plugins/event_listener.py for tasks to queue
[2023-08-15T18:19:23.552-0300] {logging_mixin.py:150} INFO - [2023-08-15T18:19:23.552-0300] {dagbag.py:541} INFO - Filling up the DagBag from /home/alan/repos/pipeline_airflow/pipeline-airflow-venv/lib/python3.11/site-packages/airflow/example_dags/plugins/event_listener.py
[2023-08-15T18:19:23.557-0300] {processor.py:838} WARNING - No viable dags retrieved from /home/alan/repos/pipeline_airflow/pipeline-airflow-venv/lib/python3.11/site-packages/airflow/example_dags/plugins/event_listener.py
[2023-08-15T18:19:23.575-0300] {processor.py:179} INFO - Processing /home/alan/repos/pipeline_airflow/pipeline-airflow-venv/lib/python3.11/site-packages/airflow/example_dags/plugins/event_listener.py took 0.032 seconds
[2023-08-15T18:20:50.704-0300] {processor.py:157} INFO - Started process (PID=18781) to work on /home/alan/repos/pipeline_airflow/pipeline-airflow-venv/lib/python3.11/site-packages/airflow/example_dags/plugins/event_listener.py
[2023-08-15T18:20:50.718-0300] {processor.py:826} INFO - Processing file /home/alan/repos/pipeline_airflow/pipeline-airflow-venv/lib/python3.11/site-packages/airflow/example_dags/plugins/event_listener.py for tasks to queue
[2023-08-15T18:20:50.720-0300] {logging_mixin.py:150} INFO - [2023-08-15T18:20:50.719-0300] {dagbag.py:541} INFO - Filling up the DagBag from /home/alan/repos/pipeline_airflow/pipeline-airflow-venv/lib/python3.11/site-packages/airflow/example_dags/plugins/event_listener.py
[2023-08-15T18:20:50.724-0300] {processor.py:838} WARNING - No viable dags retrieved from /home/alan/repos/pipeline_airflow/pipeline-airflow-venv/lib/python3.11/site-packages/airflow/example_dags/plugins/event_listener.py
[2023-08-15T18:20:50.746-0300] {processor.py:179} INFO - Processing /home/alan/repos/pipeline_airflow/pipeline-airflow-venv/lib/python3.11/site-packages/airflow/example_dags/plugins/event_listener.py took 0.048 seconds
[2023-08-15T18:21:31.420-0300] {processor.py:157} INFO - Started process (PID=18923) to work on /home/alan/repos/pipeline_airflow/pipeline-airflow-venv/lib/python3.11/site-packages/airflow/example_dags/plugins/event_listener.py
[2023-08-15T18:21:31.422-0300] {processor.py:826} INFO - Processing file /home/alan/repos/pipeline_airflow/pipeline-airflow-venv/lib/python3.11/site-packages/airflow/example_dags/plugins/event_listener.py for tasks to queue
[2023-08-15T18:21:31.423-0300] {logging_mixin.py:150} INFO - [2023-08-15T18:21:31.423-0300] {dagbag.py:541} INFO - Filling up the DagBag from /home/alan/repos/pipeline_airflow/pipeline-airflow-venv/lib/python3.11/site-packages/airflow/example_dags/plugins/event_listener.py
[2023-08-15T18:21:31.427-0300] {processor.py:838} WARNING - No viable dags retrieved from /home/alan/repos/pipeline_airflow/pipeline-airflow-venv/lib/python3.11/site-packages/airflow/example_dags/plugins/event_listener.py
[2023-08-15T18:21:31.443-0300] {processor.py:179} INFO - Processing /home/alan/repos/pipeline_airflow/pipeline-airflow-venv/lib/python3.11/site-packages/airflow/example_dags/plugins/event_listener.py took 0.028 seconds
[2023-08-15T18:22:22.765-0300] {processor.py:157} INFO - Started process (PID=19114) to work on /home/alan/repos/pipeline_airflow/pipeline-airflow-venv/lib/python3.11/site-packages/airflow/example_dags/plugins/event_listener.py
[2023-08-15T18:22:22.768-0300] {processor.py:826} INFO - Processing file /home/alan/repos/pipeline_airflow/pipeline-airflow-venv/lib/python3.11/site-packages/airflow/example_dags/plugins/event_listener.py for tasks to queue
[2023-08-15T18:22:22.769-0300] {logging_mixin.py:150} INFO - [2023-08-15T18:22:22.769-0300] {dagbag.py:541} INFO - Filling up the DagBag from /home/alan/repos/pipeline_airflow/pipeline-airflow-venv/lib/python3.11/site-packages/airflow/example_dags/plugins/event_listener.py
[2023-08-15T18:22:22.774-0300] {processor.py:838} WARNING - No viable dags retrieved from /home/alan/repos/pipeline_airflow/pipeline-airflow-venv/lib/python3.11/site-packages/airflow/example_dags/plugins/event_listener.py
[2023-08-15T18:22:22.794-0300] {processor.py:179} INFO - Processing /home/alan/repos/pipeline_airflow/pipeline-airflow-venv/lib/python3.11/site-packages/airflow/example_dags/plugins/event_listener.py took 0.035 seconds
[2023-08-15T18:23:18.405-0300] {processor.py:157} INFO - Started process (PID=19307) to work on /home/alan/repos/pipeline_airflow/pipeline-airflow-venv/lib/python3.11/site-packages/airflow/example_dags/plugins/event_listener.py
[2023-08-15T18:23:18.415-0300] {processor.py:826} INFO - Processing file /home/alan/repos/pipeline_airflow/pipeline-airflow-venv/lib/python3.11/site-packages/airflow/example_dags/plugins/event_listener.py for tasks to queue
[2023-08-15T18:23:18.417-0300] {logging_mixin.py:150} INFO - [2023-08-15T18:23:18.416-0300] {dagbag.py:541} INFO - Filling up the DagBag from /home/alan/repos/pipeline_airflow/pipeline-airflow-venv/lib/python3.11/site-packages/airflow/example_dags/plugins/event_listener.py
[2023-08-15T18:23:18.421-0300] {processor.py:838} WARNING - No viable dags retrieved from /home/alan/repos/pipeline_airflow/pipeline-airflow-venv/lib/python3.11/site-packages/airflow/example_dags/plugins/event_listener.py
[2023-08-15T18:23:18.456-0300] {processor.py:179} INFO - Processing /home/alan/repos/pipeline_airflow/pipeline-airflow-venv/lib/python3.11/site-packages/airflow/example_dags/plugins/event_listener.py took 0.056 seconds
[2023-08-15T18:24:24.868-0300] {processor.py:157} INFO - Started process (PID=19592) to work on /home/alan/repos/pipeline_airflow/pipeline-airflow-venv/lib/python3.11/site-packages/airflow/example_dags/plugins/event_listener.py
[2023-08-15T18:24:24.879-0300] {processor.py:826} INFO - Processing file /home/alan/repos/pipeline_airflow/pipeline-airflow-venv/lib/python3.11/site-packages/airflow/example_dags/plugins/event_listener.py for tasks to queue
[2023-08-15T18:24:24.881-0300] {logging_mixin.py:150} INFO - [2023-08-15T18:24:24.880-0300] {dagbag.py:541} INFO - Filling up the DagBag from /home/alan/repos/pipeline_airflow/pipeline-airflow-venv/lib/python3.11/site-packages/airflow/example_dags/plugins/event_listener.py
[2023-08-15T18:24:24.885-0300] {processor.py:838} WARNING - No viable dags retrieved from /home/alan/repos/pipeline_airflow/pipeline-airflow-venv/lib/python3.11/site-packages/airflow/example_dags/plugins/event_listener.py
[2023-08-15T18:24:24.910-0300] {processor.py:179} INFO - Processing /home/alan/repos/pipeline_airflow/pipeline-airflow-venv/lib/python3.11/site-packages/airflow/example_dags/plugins/event_listener.py took 0.056 seconds
[2023-08-15T18:26:21.222-0300] {processor.py:157} INFO - Started process (PID=20696) to work on /home/alan/repos/pipeline_airflow/pipeline-airflow-venv/lib/python3.11/site-packages/airflow/example_dags/plugins/event_listener.py
[2023-08-15T18:26:21.236-0300] {processor.py:826} INFO - Processing file /home/alan/repos/pipeline_airflow/pipeline-airflow-venv/lib/python3.11/site-packages/airflow/example_dags/plugins/event_listener.py for tasks to queue
[2023-08-15T18:26:21.238-0300] {logging_mixin.py:150} INFO - [2023-08-15T18:26:21.237-0300] {dagbag.py:541} INFO - Filling up the DagBag from /home/alan/repos/pipeline_airflow/pipeline-airflow-venv/lib/python3.11/site-packages/airflow/example_dags/plugins/event_listener.py
[2023-08-15T18:26:21.252-0300] {processor.py:838} WARNING - No viable dags retrieved from /home/alan/repos/pipeline_airflow/pipeline-airflow-venv/lib/python3.11/site-packages/airflow/example_dags/plugins/event_listener.py
[2023-08-15T18:26:21.273-0300] {processor.py:179} INFO - Processing /home/alan/repos/pipeline_airflow/pipeline-airflow-venv/lib/python3.11/site-packages/airflow/example_dags/plugins/event_listener.py took 0.058 seconds
[2023-08-15T18:27:08.799-0300] {processor.py:157} INFO - Started process (PID=20873) to work on /home/alan/repos/pipeline_airflow/pipeline-airflow-venv/lib/python3.11/site-packages/airflow/example_dags/plugins/event_listener.py
[2023-08-15T18:27:08.814-0300] {processor.py:826} INFO - Processing file /home/alan/repos/pipeline_airflow/pipeline-airflow-venv/lib/python3.11/site-packages/airflow/example_dags/plugins/event_listener.py for tasks to queue
[2023-08-15T18:27:08.816-0300] {logging_mixin.py:150} INFO - [2023-08-15T18:27:08.815-0300] {dagbag.py:541} INFO - Filling up the DagBag from /home/alan/repos/pipeline_airflow/pipeline-airflow-venv/lib/python3.11/site-packages/airflow/example_dags/plugins/event_listener.py
[2023-08-15T18:27:08.821-0300] {processor.py:838} WARNING - No viable dags retrieved from /home/alan/repos/pipeline_airflow/pipeline-airflow-venv/lib/python3.11/site-packages/airflow/example_dags/plugins/event_listener.py
[2023-08-15T18:27:08.841-0300] {processor.py:179} INFO - Processing /home/alan/repos/pipeline_airflow/pipeline-airflow-venv/lib/python3.11/site-packages/airflow/example_dags/plugins/event_listener.py took 0.048 seconds
[2023-08-15T18:28:09.554-0300] {processor.py:157} INFO - Started process (PID=21090) to work on /home/alan/repos/pipeline_airflow/pipeline-airflow-venv/lib/python3.11/site-packages/airflow/example_dags/plugins/event_listener.py
[2023-08-15T18:28:09.564-0300] {processor.py:826} INFO - Processing file /home/alan/repos/pipeline_airflow/pipeline-airflow-venv/lib/python3.11/site-packages/airflow/example_dags/plugins/event_listener.py for tasks to queue
[2023-08-15T18:28:09.566-0300] {logging_mixin.py:150} INFO - [2023-08-15T18:28:09.565-0300] {dagbag.py:541} INFO - Filling up the DagBag from /home/alan/repos/pipeline_airflow/pipeline-airflow-venv/lib/python3.11/site-packages/airflow/example_dags/plugins/event_listener.py
[2023-08-15T18:28:09.570-0300] {processor.py:838} WARNING - No viable dags retrieved from /home/alan/repos/pipeline_airflow/pipeline-airflow-venv/lib/python3.11/site-packages/airflow/example_dags/plugins/event_listener.py
[2023-08-15T18:28:09.588-0300] {processor.py:179} INFO - Processing /home/alan/repos/pipeline_airflow/pipeline-airflow-venv/lib/python3.11/site-packages/airflow/example_dags/plugins/event_listener.py took 0.039 seconds
[2023-08-15T18:29:05.824-0300] {processor.py:157} INFO - Started process (PID=21331) to work on /home/alan/repos/pipeline_airflow/pipeline-airflow-venv/lib/python3.11/site-packages/airflow/example_dags/plugins/event_listener.py
[2023-08-15T18:29:05.844-0300] {processor.py:826} INFO - Processing file /home/alan/repos/pipeline_airflow/pipeline-airflow-venv/lib/python3.11/site-packages/airflow/example_dags/plugins/event_listener.py for tasks to queue
[2023-08-15T18:29:05.845-0300] {logging_mixin.py:150} INFO - [2023-08-15T18:29:05.845-0300] {dagbag.py:541} INFO - Filling up the DagBag from /home/alan/repos/pipeline_airflow/pipeline-airflow-venv/lib/python3.11/site-packages/airflow/example_dags/plugins/event_listener.py
[2023-08-15T18:29:05.850-0300] {processor.py:838} WARNING - No viable dags retrieved from /home/alan/repos/pipeline_airflow/pipeline-airflow-venv/lib/python3.11/site-packages/airflow/example_dags/plugins/event_listener.py
[2023-08-15T18:29:05.875-0300] {processor.py:179} INFO - Processing /home/alan/repos/pipeline_airflow/pipeline-airflow-venv/lib/python3.11/site-packages/airflow/example_dags/plugins/event_listener.py took 0.058 seconds
[2023-08-15T18:30:05.034-0300] {processor.py:157} INFO - Started process (PID=21553) to work on /home/alan/repos/pipeline_airflow/pipeline-airflow-venv/lib/python3.11/site-packages/airflow/example_dags/plugins/event_listener.py
[2023-08-15T18:30:05.045-0300] {processor.py:826} INFO - Processing file /home/alan/repos/pipeline_airflow/pipeline-airflow-venv/lib/python3.11/site-packages/airflow/example_dags/plugins/event_listener.py for tasks to queue
[2023-08-15T18:30:05.047-0300] {logging_mixin.py:150} INFO - [2023-08-15T18:30:05.046-0300] {dagbag.py:541} INFO - Filling up the DagBag from /home/alan/repos/pipeline_airflow/pipeline-airflow-venv/lib/python3.11/site-packages/airflow/example_dags/plugins/event_listener.py
[2023-08-15T18:30:05.051-0300] {processor.py:838} WARNING - No viable dags retrieved from /home/alan/repos/pipeline_airflow/pipeline-airflow-venv/lib/python3.11/site-packages/airflow/example_dags/plugins/event_listener.py
[2023-08-15T18:30:05.072-0300] {processor.py:179} INFO - Processing /home/alan/repos/pipeline_airflow/pipeline-airflow-venv/lib/python3.11/site-packages/airflow/example_dags/plugins/event_listener.py took 0.043 seconds
[2023-08-15T18:30:58.563-0300] {processor.py:157} INFO - Started process (PID=21752) to work on /home/alan/repos/pipeline_airflow/pipeline-airflow-venv/lib/python3.11/site-packages/airflow/example_dags/plugins/event_listener.py
[2023-08-15T18:30:58.564-0300] {processor.py:826} INFO - Processing file /home/alan/repos/pipeline_airflow/pipeline-airflow-venv/lib/python3.11/site-packages/airflow/example_dags/plugins/event_listener.py for tasks to queue
[2023-08-15T18:30:58.566-0300] {logging_mixin.py:150} INFO - [2023-08-15T18:30:58.565-0300] {dagbag.py:541} INFO - Filling up the DagBag from /home/alan/repos/pipeline_airflow/pipeline-airflow-venv/lib/python3.11/site-packages/airflow/example_dags/plugins/event_listener.py
[2023-08-15T18:30:58.569-0300] {processor.py:838} WARNING - No viable dags retrieved from /home/alan/repos/pipeline_airflow/pipeline-airflow-venv/lib/python3.11/site-packages/airflow/example_dags/plugins/event_listener.py
[2023-08-15T18:30:58.587-0300] {processor.py:179} INFO - Processing /home/alan/repos/pipeline_airflow/pipeline-airflow-venv/lib/python3.11/site-packages/airflow/example_dags/plugins/event_listener.py took 0.030 seconds
[2023-08-15T18:31:55.063-0300] {processor.py:157} INFO - Started process (PID=21955) to work on /home/alan/repos/pipeline_airflow/pipeline-airflow-venv/lib/python3.11/site-packages/airflow/example_dags/plugins/event_listener.py
[2023-08-15T18:31:55.071-0300] {processor.py:826} INFO - Processing file /home/alan/repos/pipeline_airflow/pipeline-airflow-venv/lib/python3.11/site-packages/airflow/example_dags/plugins/event_listener.py for tasks to queue
[2023-08-15T18:31:55.073-0300] {logging_mixin.py:150} INFO - [2023-08-15T18:31:55.072-0300] {dagbag.py:541} INFO - Filling up the DagBag from /home/alan/repos/pipeline_airflow/pipeline-airflow-venv/lib/python3.11/site-packages/airflow/example_dags/plugins/event_listener.py
[2023-08-15T18:31:55.080-0300] {processor.py:838} WARNING - No viable dags retrieved from /home/alan/repos/pipeline_airflow/pipeline-airflow-venv/lib/python3.11/site-packages/airflow/example_dags/plugins/event_listener.py
[2023-08-15T18:31:55.108-0300] {processor.py:179} INFO - Processing /home/alan/repos/pipeline_airflow/pipeline-airflow-venv/lib/python3.11/site-packages/airflow/example_dags/plugins/event_listener.py took 0.050 seconds
[2023-08-15T18:32:50.427-0300] {processor.py:157} INFO - Started process (PID=22162) to work on /home/alan/repos/pipeline_airflow/pipeline-airflow-venv/lib/python3.11/site-packages/airflow/example_dags/plugins/event_listener.py
[2023-08-15T18:32:50.444-0300] {processor.py:826} INFO - Processing file /home/alan/repos/pipeline_airflow/pipeline-airflow-venv/lib/python3.11/site-packages/airflow/example_dags/plugins/event_listener.py for tasks to queue
[2023-08-15T18:32:50.445-0300] {logging_mixin.py:150} INFO - [2023-08-15T18:32:50.445-0300] {dagbag.py:541} INFO - Filling up the DagBag from /home/alan/repos/pipeline_airflow/pipeline-airflow-venv/lib/python3.11/site-packages/airflow/example_dags/plugins/event_listener.py
[2023-08-15T18:32:50.449-0300] {processor.py:838} WARNING - No viable dags retrieved from /home/alan/repos/pipeline_airflow/pipeline-airflow-venv/lib/python3.11/site-packages/airflow/example_dags/plugins/event_listener.py
[2023-08-15T18:32:50.527-0300] {processor.py:179} INFO - Processing /home/alan/repos/pipeline_airflow/pipeline-airflow-venv/lib/python3.11/site-packages/airflow/example_dags/plugins/event_listener.py took 0.113 seconds
[2023-08-15T18:33:48.781-0300] {processor.py:157} INFO - Started process (PID=22391) to work on /home/alan/repos/pipeline_airflow/pipeline-airflow-venv/lib/python3.11/site-packages/airflow/example_dags/plugins/event_listener.py
[2023-08-15T18:33:48.798-0300] {processor.py:826} INFO - Processing file /home/alan/repos/pipeline_airflow/pipeline-airflow-venv/lib/python3.11/site-packages/airflow/example_dags/plugins/event_listener.py for tasks to queue
[2023-08-15T18:33:48.799-0300] {logging_mixin.py:150} INFO - [2023-08-15T18:33:48.799-0300] {dagbag.py:541} INFO - Filling up the DagBag from /home/alan/repos/pipeline_airflow/pipeline-airflow-venv/lib/python3.11/site-packages/airflow/example_dags/plugins/event_listener.py
[2023-08-15T18:33:48.803-0300] {processor.py:838} WARNING - No viable dags retrieved from /home/alan/repos/pipeline_airflow/pipeline-airflow-venv/lib/python3.11/site-packages/airflow/example_dags/plugins/event_listener.py
[2023-08-15T18:33:48.912-0300] {processor.py:179} INFO - Processing /home/alan/repos/pipeline_airflow/pipeline-airflow-venv/lib/python3.11/site-packages/airflow/example_dags/plugins/event_listener.py took 0.147 seconds
[2023-08-15T18:34:44.101-0300] {processor.py:157} INFO - Started process (PID=22579) to work on /home/alan/repos/pipeline_airflow/pipeline-airflow-venv/lib/python3.11/site-packages/airflow/example_dags/plugins/event_listener.py
[2023-08-15T18:34:44.103-0300] {processor.py:826} INFO - Processing file /home/alan/repos/pipeline_airflow/pipeline-airflow-venv/lib/python3.11/site-packages/airflow/example_dags/plugins/event_listener.py for tasks to queue
[2023-08-15T18:34:44.104-0300] {logging_mixin.py:150} INFO - [2023-08-15T18:34:44.103-0300] {dagbag.py:541} INFO - Filling up the DagBag from /home/alan/repos/pipeline_airflow/pipeline-airflow-venv/lib/python3.11/site-packages/airflow/example_dags/plugins/event_listener.py
[2023-08-15T18:34:44.109-0300] {processor.py:838} WARNING - No viable dags retrieved from /home/alan/repos/pipeline_airflow/pipeline-airflow-venv/lib/python3.11/site-packages/airflow/example_dags/plugins/event_listener.py
[2023-08-15T18:34:44.128-0300] {processor.py:179} INFO - Processing /home/alan/repos/pipeline_airflow/pipeline-airflow-venv/lib/python3.11/site-packages/airflow/example_dags/plugins/event_listener.py took 0.033 seconds
[2023-08-15T18:35:38.865-0300] {processor.py:157} INFO - Started process (PID=22776) to work on /home/alan/repos/pipeline_airflow/pipeline-airflow-venv/lib/python3.11/site-packages/airflow/example_dags/plugins/event_listener.py
[2023-08-15T18:35:38.878-0300] {processor.py:826} INFO - Processing file /home/alan/repos/pipeline_airflow/pipeline-airflow-venv/lib/python3.11/site-packages/airflow/example_dags/plugins/event_listener.py for tasks to queue
[2023-08-15T18:35:38.880-0300] {logging_mixin.py:150} INFO - [2023-08-15T18:35:38.879-0300] {dagbag.py:541} INFO - Filling up the DagBag from /home/alan/repos/pipeline_airflow/pipeline-airflow-venv/lib/python3.11/site-packages/airflow/example_dags/plugins/event_listener.py
[2023-08-15T18:35:38.885-0300] {processor.py:838} WARNING - No viable dags retrieved from /home/alan/repos/pipeline_airflow/pipeline-airflow-venv/lib/python3.11/site-packages/airflow/example_dags/plugins/event_listener.py
[2023-08-15T18:35:38.908-0300] {processor.py:179} INFO - Processing /home/alan/repos/pipeline_airflow/pipeline-airflow-venv/lib/python3.11/site-packages/airflow/example_dags/plugins/event_listener.py took 0.050 seconds
[2023-08-15T18:36:38.398-0300] {processor.py:157} INFO - Started process (PID=22999) to work on /home/alan/repos/pipeline_airflow/pipeline-airflow-venv/lib/python3.11/site-packages/airflow/example_dags/plugins/event_listener.py
[2023-08-15T18:36:38.411-0300] {processor.py:826} INFO - Processing file /home/alan/repos/pipeline_airflow/pipeline-airflow-venv/lib/python3.11/site-packages/airflow/example_dags/plugins/event_listener.py for tasks to queue
[2023-08-15T18:36:38.413-0300] {logging_mixin.py:150} INFO - [2023-08-15T18:36:38.412-0300] {dagbag.py:541} INFO - Filling up the DagBag from /home/alan/repos/pipeline_airflow/pipeline-airflow-venv/lib/python3.11/site-packages/airflow/example_dags/plugins/event_listener.py
[2023-08-15T18:36:38.417-0300] {processor.py:838} WARNING - No viable dags retrieved from /home/alan/repos/pipeline_airflow/pipeline-airflow-venv/lib/python3.11/site-packages/airflow/example_dags/plugins/event_listener.py
[2023-08-15T18:36:38.453-0300] {processor.py:179} INFO - Processing /home/alan/repos/pipeline_airflow/pipeline-airflow-venv/lib/python3.11/site-packages/airflow/example_dags/plugins/event_listener.py took 0.069 seconds
[2023-08-15T18:37:52.808-0300] {processor.py:157} INFO - Started process (PID=23298) to work on /home/alan/repos/pipeline_airflow/pipeline-airflow-venv/lib/python3.11/site-packages/airflow/example_dags/plugins/event_listener.py
[2023-08-15T18:37:52.810-0300] {processor.py:826} INFO - Processing file /home/alan/repos/pipeline_airflow/pipeline-airflow-venv/lib/python3.11/site-packages/airflow/example_dags/plugins/event_listener.py for tasks to queue
[2023-08-15T18:37:52.812-0300] {logging_mixin.py:150} INFO - [2023-08-15T18:37:52.811-0300] {dagbag.py:541} INFO - Filling up the DagBag from /home/alan/repos/pipeline_airflow/pipeline-airflow-venv/lib/python3.11/site-packages/airflow/example_dags/plugins/event_listener.py
[2023-08-15T18:37:52.816-0300] {processor.py:838} WARNING - No viable dags retrieved from /home/alan/repos/pipeline_airflow/pipeline-airflow-venv/lib/python3.11/site-packages/airflow/example_dags/plugins/event_listener.py
[2023-08-15T18:37:52.836-0300] {processor.py:179} INFO - Processing /home/alan/repos/pipeline_airflow/pipeline-airflow-venv/lib/python3.11/site-packages/airflow/example_dags/plugins/event_listener.py took 0.034 seconds
[2023-08-15T18:43:29.604-0300] {processor.py:157} INFO - Started process (PID=23589) to work on /home/alan/repos/pipeline_airflow/pipeline-airflow-venv/lib/python3.11/site-packages/airflow/example_dags/plugins/event_listener.py
[2023-08-15T18:43:29.615-0300] {processor.py:826} INFO - Processing file /home/alan/repos/pipeline_airflow/pipeline-airflow-venv/lib/python3.11/site-packages/airflow/example_dags/plugins/event_listener.py for tasks to queue
[2023-08-15T18:43:29.617-0300] {logging_mixin.py:150} INFO - [2023-08-15T18:43:29.616-0300] {dagbag.py:541} INFO - Filling up the DagBag from /home/alan/repos/pipeline_airflow/pipeline-airflow-venv/lib/python3.11/site-packages/airflow/example_dags/plugins/event_listener.py
[2023-08-15T18:43:29.620-0300] {processor.py:838} WARNING - No viable dags retrieved from /home/alan/repos/pipeline_airflow/pipeline-airflow-venv/lib/python3.11/site-packages/airflow/example_dags/plugins/event_listener.py
[2023-08-15T18:43:29.637-0300] {processor.py:179} INFO - Processing /home/alan/repos/pipeline_airflow/pipeline-airflow-venv/lib/python3.11/site-packages/airflow/example_dags/plugins/event_listener.py took 0.038 seconds
[2023-08-15T18:44:09.820-0300] {processor.py:157} INFO - Started process (PID=23690) to work on /home/alan/repos/pipeline_airflow/pipeline-airflow-venv/lib/python3.11/site-packages/airflow/example_dags/plugins/event_listener.py
[2023-08-15T18:44:09.832-0300] {processor.py:826} INFO - Processing file /home/alan/repos/pipeline_airflow/pipeline-airflow-venv/lib/python3.11/site-packages/airflow/example_dags/plugins/event_listener.py for tasks to queue
[2023-08-15T18:44:09.834-0300] {logging_mixin.py:150} INFO - [2023-08-15T18:44:09.833-0300] {dagbag.py:541} INFO - Filling up the DagBag from /home/alan/repos/pipeline_airflow/pipeline-airflow-venv/lib/python3.11/site-packages/airflow/example_dags/plugins/event_listener.py
[2023-08-15T18:44:09.838-0300] {processor.py:838} WARNING - No viable dags retrieved from /home/alan/repos/pipeline_airflow/pipeline-airflow-venv/lib/python3.11/site-packages/airflow/example_dags/plugins/event_listener.py
[2023-08-15T18:44:09.859-0300] {processor.py:179} INFO - Processing /home/alan/repos/pipeline_airflow/pipeline-airflow-venv/lib/python3.11/site-packages/airflow/example_dags/plugins/event_listener.py took 0.045 seconds
[2023-08-15T18:45:28.740-0300] {processor.py:157} INFO - Started process (PID=24097) to work on /home/alan/repos/pipeline_airflow/pipeline-airflow-venv/lib/python3.11/site-packages/airflow/example_dags/plugins/event_listener.py
[2023-08-15T18:45:28.751-0300] {processor.py:826} INFO - Processing file /home/alan/repos/pipeline_airflow/pipeline-airflow-venv/lib/python3.11/site-packages/airflow/example_dags/plugins/event_listener.py for tasks to queue
[2023-08-15T18:45:28.753-0300] {logging_mixin.py:150} INFO - [2023-08-15T18:45:28.752-0300] {dagbag.py:541} INFO - Filling up the DagBag from /home/alan/repos/pipeline_airflow/pipeline-airflow-venv/lib/python3.11/site-packages/airflow/example_dags/plugins/event_listener.py
[2023-08-15T18:45:28.758-0300] {processor.py:838} WARNING - No viable dags retrieved from /home/alan/repos/pipeline_airflow/pipeline-airflow-venv/lib/python3.11/site-packages/airflow/example_dags/plugins/event_listener.py
[2023-08-15T18:45:28.790-0300] {processor.py:179} INFO - Processing /home/alan/repos/pipeline_airflow/pipeline-airflow-venv/lib/python3.11/site-packages/airflow/example_dags/plugins/event_listener.py took 0.058 seconds
[2023-08-15T18:46:36.217-0300] {processor.py:157} INFO - Started process (PID=24330) to work on /home/alan/repos/pipeline_airflow/pipeline-airflow-venv/lib/python3.11/site-packages/airflow/example_dags/plugins/event_listener.py
[2023-08-15T18:46:36.232-0300] {processor.py:826} INFO - Processing file /home/alan/repos/pipeline_airflow/pipeline-airflow-venv/lib/python3.11/site-packages/airflow/example_dags/plugins/event_listener.py for tasks to queue
[2023-08-15T18:46:36.234-0300] {logging_mixin.py:150} INFO - [2023-08-15T18:46:36.233-0300] {dagbag.py:541} INFO - Filling up the DagBag from /home/alan/repos/pipeline_airflow/pipeline-airflow-venv/lib/python3.11/site-packages/airflow/example_dags/plugins/event_listener.py
[2023-08-15T18:46:36.237-0300] {processor.py:838} WARNING - No viable dags retrieved from /home/alan/repos/pipeline_airflow/pipeline-airflow-venv/lib/python3.11/site-packages/airflow/example_dags/plugins/event_listener.py
[2023-08-15T18:46:36.265-0300] {processor.py:179} INFO - Processing /home/alan/repos/pipeline_airflow/pipeline-airflow-venv/lib/python3.11/site-packages/airflow/example_dags/plugins/event_listener.py took 0.052 seconds
[2023-08-15T18:47:41.267-0300] {processor.py:157} INFO - Started process (PID=24557) to work on /home/alan/repos/pipeline_airflow/pipeline-airflow-venv/lib/python3.11/site-packages/airflow/example_dags/plugins/event_listener.py
[2023-08-15T18:47:41.280-0300] {processor.py:826} INFO - Processing file /home/alan/repos/pipeline_airflow/pipeline-airflow-venv/lib/python3.11/site-packages/airflow/example_dags/plugins/event_listener.py for tasks to queue
[2023-08-15T18:47:41.282-0300] {logging_mixin.py:150} INFO - [2023-08-15T18:47:41.281-0300] {dagbag.py:541} INFO - Filling up the DagBag from /home/alan/repos/pipeline_airflow/pipeline-airflow-venv/lib/python3.11/site-packages/airflow/example_dags/plugins/event_listener.py
[2023-08-15T18:47:41.286-0300] {processor.py:838} WARNING - No viable dags retrieved from /home/alan/repos/pipeline_airflow/pipeline-airflow-venv/lib/python3.11/site-packages/airflow/example_dags/plugins/event_listener.py
[2023-08-15T18:47:41.303-0300] {processor.py:179} INFO - Processing /home/alan/repos/pipeline_airflow/pipeline-airflow-venv/lib/python3.11/site-packages/airflow/example_dags/plugins/event_listener.py took 0.042 seconds
[2023-08-15T18:48:48.000-0300] {processor.py:157} INFO - Started process (PID=24781) to work on /home/alan/repos/pipeline_airflow/pipeline-airflow-venv/lib/python3.11/site-packages/airflow/example_dags/plugins/event_listener.py
[2023-08-15T18:48:48.009-0300] {processor.py:826} INFO - Processing file /home/alan/repos/pipeline_airflow/pipeline-airflow-venv/lib/python3.11/site-packages/airflow/example_dags/plugins/event_listener.py for tasks to queue
[2023-08-15T18:48:48.010-0300] {logging_mixin.py:150} INFO - [2023-08-15T18:48:48.010-0300] {dagbag.py:541} INFO - Filling up the DagBag from /home/alan/repos/pipeline_airflow/pipeline-airflow-venv/lib/python3.11/site-packages/airflow/example_dags/plugins/event_listener.py
[2023-08-15T18:48:48.014-0300] {processor.py:838} WARNING - No viable dags retrieved from /home/alan/repos/pipeline_airflow/pipeline-airflow-venv/lib/python3.11/site-packages/airflow/example_dags/plugins/event_listener.py
[2023-08-15T18:48:48.032-0300] {processor.py:179} INFO - Processing /home/alan/repos/pipeline_airflow/pipeline-airflow-venv/lib/python3.11/site-packages/airflow/example_dags/plugins/event_listener.py took 0.037 seconds
[2023-08-15T18:49:52.438-0300] {processor.py:157} INFO - Started process (PID=25002) to work on /home/alan/repos/pipeline_airflow/pipeline-airflow-venv/lib/python3.11/site-packages/airflow/example_dags/plugins/event_listener.py
[2023-08-15T18:49:52.444-0300] {processor.py:826} INFO - Processing file /home/alan/repos/pipeline_airflow/pipeline-airflow-venv/lib/python3.11/site-packages/airflow/example_dags/plugins/event_listener.py for tasks to queue
[2023-08-15T18:49:52.446-0300] {logging_mixin.py:150} INFO - [2023-08-15T18:49:52.446-0300] {dagbag.py:541} INFO - Filling up the DagBag from /home/alan/repos/pipeline_airflow/pipeline-airflow-venv/lib/python3.11/site-packages/airflow/example_dags/plugins/event_listener.py
[2023-08-15T18:49:52.451-0300] {processor.py:838} WARNING - No viable dags retrieved from /home/alan/repos/pipeline_airflow/pipeline-airflow-venv/lib/python3.11/site-packages/airflow/example_dags/plugins/event_listener.py
[2023-08-15T18:49:52.473-0300] {processor.py:179} INFO - Processing /home/alan/repos/pipeline_airflow/pipeline-airflow-venv/lib/python3.11/site-packages/airflow/example_dags/plugins/event_listener.py took 0.043 seconds
[2023-08-15T18:50:56.585-0300] {processor.py:157} INFO - Started process (PID=25286) to work on /home/alan/repos/pipeline_airflow/pipeline-airflow-venv/lib/python3.11/site-packages/airflow/example_dags/plugins/event_listener.py
[2023-08-15T18:50:56.589-0300] {processor.py:826} INFO - Processing file /home/alan/repos/pipeline_airflow/pipeline-airflow-venv/lib/python3.11/site-packages/airflow/example_dags/plugins/event_listener.py for tasks to queue
[2023-08-15T18:50:56.591-0300] {logging_mixin.py:150} INFO - [2023-08-15T18:50:56.590-0300] {dagbag.py:541} INFO - Filling up the DagBag from /home/alan/repos/pipeline_airflow/pipeline-airflow-venv/lib/python3.11/site-packages/airflow/example_dags/plugins/event_listener.py
[2023-08-15T18:50:56.595-0300] {processor.py:838} WARNING - No viable dags retrieved from /home/alan/repos/pipeline_airflow/pipeline-airflow-venv/lib/python3.11/site-packages/airflow/example_dags/plugins/event_listener.py
[2023-08-15T18:50:56.642-0300] {processor.py:179} INFO - Processing /home/alan/repos/pipeline_airflow/pipeline-airflow-venv/lib/python3.11/site-packages/airflow/example_dags/plugins/event_listener.py took 0.063 seconds
[2023-08-15T18:52:07.062-0300] {processor.py:157} INFO - Started process (PID=25615) to work on /home/alan/repos/pipeline_airflow/pipeline-airflow-venv/lib/python3.11/site-packages/airflow/example_dags/plugins/event_listener.py
[2023-08-15T18:52:07.064-0300] {processor.py:826} INFO - Processing file /home/alan/repos/pipeline_airflow/pipeline-airflow-venv/lib/python3.11/site-packages/airflow/example_dags/plugins/event_listener.py for tasks to queue
[2023-08-15T18:52:07.066-0300] {logging_mixin.py:150} INFO - [2023-08-15T18:52:07.065-0300] {dagbag.py:541} INFO - Filling up the DagBag from /home/alan/repos/pipeline_airflow/pipeline-airflow-venv/lib/python3.11/site-packages/airflow/example_dags/plugins/event_listener.py
[2023-08-15T18:52:07.070-0300] {processor.py:838} WARNING - No viable dags retrieved from /home/alan/repos/pipeline_airflow/pipeline-airflow-venv/lib/python3.11/site-packages/airflow/example_dags/plugins/event_listener.py
[2023-08-15T18:52:07.089-0300] {processor.py:179} INFO - Processing /home/alan/repos/pipeline_airflow/pipeline-airflow-venv/lib/python3.11/site-packages/airflow/example_dags/plugins/event_listener.py took 0.032 seconds
[2023-08-15T18:53:06.534-0300] {processor.py:157} INFO - Started process (PID=25876) to work on /home/alan/repos/pipeline_airflow/pipeline-airflow-venv/lib/python3.11/site-packages/airflow/example_dags/plugins/event_listener.py
[2023-08-15T18:53:06.543-0300] {processor.py:826} INFO - Processing file /home/alan/repos/pipeline_airflow/pipeline-airflow-venv/lib/python3.11/site-packages/airflow/example_dags/plugins/event_listener.py for tasks to queue
[2023-08-15T18:53:06.545-0300] {logging_mixin.py:150} INFO - [2023-08-15T18:53:06.544-0300] {dagbag.py:541} INFO - Filling up the DagBag from /home/alan/repos/pipeline_airflow/pipeline-airflow-venv/lib/python3.11/site-packages/airflow/example_dags/plugins/event_listener.py
[2023-08-15T18:53:06.550-0300] {processor.py:838} WARNING - No viable dags retrieved from /home/alan/repos/pipeline_airflow/pipeline-airflow-venv/lib/python3.11/site-packages/airflow/example_dags/plugins/event_listener.py
[2023-08-15T18:53:06.573-0300] {processor.py:179} INFO - Processing /home/alan/repos/pipeline_airflow/pipeline-airflow-venv/lib/python3.11/site-packages/airflow/example_dags/plugins/event_listener.py took 0.046 seconds
[2023-08-15T18:54:00.776-0300] {processor.py:157} INFO - Started process (PID=26086) to work on /home/alan/repos/pipeline_airflow/pipeline-airflow-venv/lib/python3.11/site-packages/airflow/example_dags/plugins/event_listener.py
[2023-08-15T18:54:00.783-0300] {processor.py:826} INFO - Processing file /home/alan/repos/pipeline_airflow/pipeline-airflow-venv/lib/python3.11/site-packages/airflow/example_dags/plugins/event_listener.py for tasks to queue
[2023-08-15T18:54:00.784-0300] {logging_mixin.py:150} INFO - [2023-08-15T18:54:00.784-0300] {dagbag.py:541} INFO - Filling up the DagBag from /home/alan/repos/pipeline_airflow/pipeline-airflow-venv/lib/python3.11/site-packages/airflow/example_dags/plugins/event_listener.py
[2023-08-15T18:54:00.788-0300] {processor.py:838} WARNING - No viable dags retrieved from /home/alan/repos/pipeline_airflow/pipeline-airflow-venv/lib/python3.11/site-packages/airflow/example_dags/plugins/event_listener.py
[2023-08-15T18:54:00.806-0300] {processor.py:179} INFO - Processing /home/alan/repos/pipeline_airflow/pipeline-airflow-venv/lib/python3.11/site-packages/airflow/example_dags/plugins/event_listener.py took 0.036 seconds
[2023-08-15T18:55:32.166-0300] {processor.py:157} INFO - Started process (PID=26687) to work on /home/alan/repos/pipeline_airflow/pipeline-airflow-venv/lib/python3.11/site-packages/airflow/example_dags/plugins/event_listener.py
[2023-08-15T18:55:32.221-0300] {processor.py:826} INFO - Processing file /home/alan/repos/pipeline_airflow/pipeline-airflow-venv/lib/python3.11/site-packages/airflow/example_dags/plugins/event_listener.py for tasks to queue
[2023-08-15T18:55:32.222-0300] {logging_mixin.py:150} INFO - [2023-08-15T18:55:32.222-0300] {dagbag.py:541} INFO - Filling up the DagBag from /home/alan/repos/pipeline_airflow/pipeline-airflow-venv/lib/python3.11/site-packages/airflow/example_dags/plugins/event_listener.py
[2023-08-15T18:55:32.236-0300] {processor.py:838} WARNING - No viable dags retrieved from /home/alan/repos/pipeline_airflow/pipeline-airflow-venv/lib/python3.11/site-packages/airflow/example_dags/plugins/event_listener.py
[2023-08-15T18:55:32.262-0300] {processor.py:179} INFO - Processing /home/alan/repos/pipeline_airflow/pipeline-airflow-venv/lib/python3.11/site-packages/airflow/example_dags/plugins/event_listener.py took 0.105 seconds
[2023-08-15T18:57:54.315-0300] {processor.py:157} INFO - Started process (PID=27035) to work on /home/alan/repos/pipeline_airflow/pipeline-airflow-venv/lib/python3.11/site-packages/airflow/example_dags/plugins/event_listener.py
[2023-08-15T18:57:54.482-0300] {processor.py:826} INFO - Processing file /home/alan/repos/pipeline_airflow/pipeline-airflow-venv/lib/python3.11/site-packages/airflow/example_dags/plugins/event_listener.py for tasks to queue
[2023-08-15T18:57:54.483-0300] {logging_mixin.py:150} INFO - [2023-08-15T18:57:54.483-0300] {dagbag.py:541} INFO - Filling up the DagBag from /home/alan/repos/pipeline_airflow/pipeline-airflow-venv/lib/python3.11/site-packages/airflow/example_dags/plugins/event_listener.py
[2023-08-15T18:57:54.552-0300] {processor.py:838} WARNING - No viable dags retrieved from /home/alan/repos/pipeline_airflow/pipeline-airflow-venv/lib/python3.11/site-packages/airflow/example_dags/plugins/event_listener.py
[2023-08-15T18:57:54.671-0300] {processor.py:179} INFO - Processing /home/alan/repos/pipeline_airflow/pipeline-airflow-venv/lib/python3.11/site-packages/airflow/example_dags/plugins/event_listener.py took 0.363 seconds
[2023-08-15T19:01:22.891-0300] {processor.py:157} INFO - Started process (PID=27535) to work on /home/alan/repos/pipeline_airflow/pipeline-airflow-venv/lib/python3.11/site-packages/airflow/example_dags/plugins/event_listener.py
[2023-08-15T19:01:22.915-0300] {processor.py:826} INFO - Processing file /home/alan/repos/pipeline_airflow/pipeline-airflow-venv/lib/python3.11/site-packages/airflow/example_dags/plugins/event_listener.py for tasks to queue
[2023-08-15T19:01:22.916-0300] {logging_mixin.py:150} INFO - [2023-08-15T19:01:22.915-0300] {dagbag.py:541} INFO - Filling up the DagBag from /home/alan/repos/pipeline_airflow/pipeline-airflow-venv/lib/python3.11/site-packages/airflow/example_dags/plugins/event_listener.py
[2023-08-15T19:01:22.942-0300] {processor.py:838} WARNING - No viable dags retrieved from /home/alan/repos/pipeline_airflow/pipeline-airflow-venv/lib/python3.11/site-packages/airflow/example_dags/plugins/event_listener.py
[2023-08-15T19:01:22.968-0300] {processor.py:179} INFO - Processing /home/alan/repos/pipeline_airflow/pipeline-airflow-venv/lib/python3.11/site-packages/airflow/example_dags/plugins/event_listener.py took 0.082 seconds
[2023-08-15T19:02:41.584-0300] {processor.py:157} INFO - Started process (PID=27758) to work on /home/alan/repos/pipeline_airflow/pipeline-airflow-venv/lib/python3.11/site-packages/airflow/example_dags/plugins/event_listener.py
[2023-08-15T19:02:41.600-0300] {processor.py:826} INFO - Processing file /home/alan/repos/pipeline_airflow/pipeline-airflow-venv/lib/python3.11/site-packages/airflow/example_dags/plugins/event_listener.py for tasks to queue
[2023-08-15T19:02:41.602-0300] {logging_mixin.py:150} INFO - [2023-08-15T19:02:41.602-0300] {dagbag.py:541} INFO - Filling up the DagBag from /home/alan/repos/pipeline_airflow/pipeline-airflow-venv/lib/python3.11/site-packages/airflow/example_dags/plugins/event_listener.py
[2023-08-15T19:02:41.608-0300] {processor.py:838} WARNING - No viable dags retrieved from /home/alan/repos/pipeline_airflow/pipeline-airflow-venv/lib/python3.11/site-packages/airflow/example_dags/plugins/event_listener.py
[2023-08-15T19:02:41.632-0300] {processor.py:179} INFO - Processing /home/alan/repos/pipeline_airflow/pipeline-airflow-venv/lib/python3.11/site-packages/airflow/example_dags/plugins/event_listener.py took 0.054 seconds
[2023-08-15T19:04:01.829-0300] {processor.py:157} INFO - Started process (PID=28196) to work on /home/alan/repos/pipeline_airflow/pipeline-airflow-venv/lib/python3.11/site-packages/airflow/example_dags/plugins/event_listener.py
[2023-08-15T19:04:01.846-0300] {processor.py:826} INFO - Processing file /home/alan/repos/pipeline_airflow/pipeline-airflow-venv/lib/python3.11/site-packages/airflow/example_dags/plugins/event_listener.py for tasks to queue
[2023-08-15T19:04:01.847-0300] {logging_mixin.py:150} INFO - [2023-08-15T19:04:01.846-0300] {dagbag.py:541} INFO - Filling up the DagBag from /home/alan/repos/pipeline_airflow/pipeline-airflow-venv/lib/python3.11/site-packages/airflow/example_dags/plugins/event_listener.py
[2023-08-15T19:04:01.851-0300] {processor.py:838} WARNING - No viable dags retrieved from /home/alan/repos/pipeline_airflow/pipeline-airflow-venv/lib/python3.11/site-packages/airflow/example_dags/plugins/event_listener.py
[2023-08-15T19:04:01.879-0300] {processor.py:179} INFO - Processing /home/alan/repos/pipeline_airflow/pipeline-airflow-venv/lib/python3.11/site-packages/airflow/example_dags/plugins/event_listener.py took 0.055 seconds
[2023-08-15T19:05:00.428-0300] {processor.py:157} INFO - Started process (PID=28513) to work on /home/alan/repos/pipeline_airflow/pipeline-airflow-venv/lib/python3.11/site-packages/airflow/example_dags/plugins/event_listener.py
[2023-08-15T19:05:00.476-0300] {processor.py:826} INFO - Processing file /home/alan/repos/pipeline_airflow/pipeline-airflow-venv/lib/python3.11/site-packages/airflow/example_dags/plugins/event_listener.py for tasks to queue
[2023-08-15T19:05:00.477-0300] {logging_mixin.py:150} INFO - [2023-08-15T19:05:00.477-0300] {dagbag.py:541} INFO - Filling up the DagBag from /home/alan/repos/pipeline_airflow/pipeline-airflow-venv/lib/python3.11/site-packages/airflow/example_dags/plugins/event_listener.py
[2023-08-15T19:05:00.482-0300] {processor.py:838} WARNING - No viable dags retrieved from /home/alan/repos/pipeline_airflow/pipeline-airflow-venv/lib/python3.11/site-packages/airflow/example_dags/plugins/event_listener.py
[2023-08-15T19:05:00.505-0300] {processor.py:179} INFO - Processing /home/alan/repos/pipeline_airflow/pipeline-airflow-venv/lib/python3.11/site-packages/airflow/example_dags/plugins/event_listener.py took 0.084 seconds
[2023-08-15T19:06:12.063-0300] {processor.py:157} INFO - Started process (PID=28743) to work on /home/alan/repos/pipeline_airflow/pipeline-airflow-venv/lib/python3.11/site-packages/airflow/example_dags/plugins/event_listener.py
[2023-08-15T19:06:12.065-0300] {processor.py:826} INFO - Processing file /home/alan/repos/pipeline_airflow/pipeline-airflow-venv/lib/python3.11/site-packages/airflow/example_dags/plugins/event_listener.py for tasks to queue
[2023-08-15T19:06:12.067-0300] {logging_mixin.py:150} INFO - [2023-08-15T19:06:12.066-0300] {dagbag.py:541} INFO - Filling up the DagBag from /home/alan/repos/pipeline_airflow/pipeline-airflow-venv/lib/python3.11/site-packages/airflow/example_dags/plugins/event_listener.py
[2023-08-15T19:06:12.071-0300] {processor.py:838} WARNING - No viable dags retrieved from /home/alan/repos/pipeline_airflow/pipeline-airflow-venv/lib/python3.11/site-packages/airflow/example_dags/plugins/event_listener.py
[2023-08-15T19:06:12.088-0300] {processor.py:179} INFO - Processing /home/alan/repos/pipeline_airflow/pipeline-airflow-venv/lib/python3.11/site-packages/airflow/example_dags/plugins/event_listener.py took 0.031 seconds
[2023-08-15T19:07:12.575-0300] {processor.py:157} INFO - Started process (PID=28901) to work on /home/alan/repos/pipeline_airflow/pipeline-airflow-venv/lib/python3.11/site-packages/airflow/example_dags/plugins/event_listener.py
[2023-08-15T19:07:12.576-0300] {processor.py:826} INFO - Processing file /home/alan/repos/pipeline_airflow/pipeline-airflow-venv/lib/python3.11/site-packages/airflow/example_dags/plugins/event_listener.py for tasks to queue
[2023-08-15T19:07:12.578-0300] {logging_mixin.py:150} INFO - [2023-08-15T19:07:12.577-0300] {dagbag.py:541} INFO - Filling up the DagBag from /home/alan/repos/pipeline_airflow/pipeline-airflow-venv/lib/python3.11/site-packages/airflow/example_dags/plugins/event_listener.py
[2023-08-15T19:07:12.581-0300] {processor.py:838} WARNING - No viable dags retrieved from /home/alan/repos/pipeline_airflow/pipeline-airflow-venv/lib/python3.11/site-packages/airflow/example_dags/plugins/event_listener.py
[2023-08-15T19:07:12.600-0300] {processor.py:179} INFO - Processing /home/alan/repos/pipeline_airflow/pipeline-airflow-venv/lib/python3.11/site-packages/airflow/example_dags/plugins/event_listener.py took 0.031 seconds
[2023-08-15T19:08:20.596-0300] {processor.py:157} INFO - Started process (PID=29179) to work on /home/alan/repos/pipeline_airflow/pipeline-airflow-venv/lib/python3.11/site-packages/airflow/example_dags/plugins/event_listener.py
[2023-08-15T19:08:20.610-0300] {processor.py:826} INFO - Processing file /home/alan/repos/pipeline_airflow/pipeline-airflow-venv/lib/python3.11/site-packages/airflow/example_dags/plugins/event_listener.py for tasks to queue
[2023-08-15T19:08:20.612-0300] {logging_mixin.py:150} INFO - [2023-08-15T19:08:20.612-0300] {dagbag.py:541} INFO - Filling up the DagBag from /home/alan/repos/pipeline_airflow/pipeline-airflow-venv/lib/python3.11/site-packages/airflow/example_dags/plugins/event_listener.py
[2023-08-15T19:08:20.618-0300] {processor.py:838} WARNING - No viable dags retrieved from /home/alan/repos/pipeline_airflow/pipeline-airflow-venv/lib/python3.11/site-packages/airflow/example_dags/plugins/event_listener.py
[2023-08-15T19:08:20.640-0300] {processor.py:179} INFO - Processing /home/alan/repos/pipeline_airflow/pipeline-airflow-venv/lib/python3.11/site-packages/airflow/example_dags/plugins/event_listener.py took 0.050 seconds
[2023-08-15T19:09:22.984-0300] {processor.py:157} INFO - Started process (PID=29342) to work on /home/alan/repos/pipeline_airflow/pipeline-airflow-venv/lib/python3.11/site-packages/airflow/example_dags/plugins/event_listener.py
[2023-08-15T19:09:22.989-0300] {processor.py:826} INFO - Processing file /home/alan/repos/pipeline_airflow/pipeline-airflow-venv/lib/python3.11/site-packages/airflow/example_dags/plugins/event_listener.py for tasks to queue
[2023-08-15T19:09:22.991-0300] {logging_mixin.py:150} INFO - [2023-08-15T19:09:22.990-0300] {dagbag.py:541} INFO - Filling up the DagBag from /home/alan/repos/pipeline_airflow/pipeline-airflow-venv/lib/python3.11/site-packages/airflow/example_dags/plugins/event_listener.py
[2023-08-15T19:09:22.994-0300] {processor.py:838} WARNING - No viable dags retrieved from /home/alan/repos/pipeline_airflow/pipeline-airflow-venv/lib/python3.11/site-packages/airflow/example_dags/plugins/event_listener.py
[2023-08-15T19:09:23.011-0300] {processor.py:179} INFO - Processing /home/alan/repos/pipeline_airflow/pipeline-airflow-venv/lib/python3.11/site-packages/airflow/example_dags/plugins/event_listener.py took 0.032 seconds
[2023-08-15T19:10:22.631-0300] {processor.py:157} INFO - Started process (PID=29500) to work on /home/alan/repos/pipeline_airflow/pipeline-airflow-venv/lib/python3.11/site-packages/airflow/example_dags/plugins/event_listener.py
[2023-08-15T19:10:22.634-0300] {processor.py:826} INFO - Processing file /home/alan/repos/pipeline_airflow/pipeline-airflow-venv/lib/python3.11/site-packages/airflow/example_dags/plugins/event_listener.py for tasks to queue
[2023-08-15T19:10:22.636-0300] {logging_mixin.py:150} INFO - [2023-08-15T19:10:22.635-0300] {dagbag.py:541} INFO - Filling up the DagBag from /home/alan/repos/pipeline_airflow/pipeline-airflow-venv/lib/python3.11/site-packages/airflow/example_dags/plugins/event_listener.py
[2023-08-15T19:10:22.639-0300] {processor.py:838} WARNING - No viable dags retrieved from /home/alan/repos/pipeline_airflow/pipeline-airflow-venv/lib/python3.11/site-packages/airflow/example_dags/plugins/event_listener.py
[2023-08-15T19:10:22.657-0300] {processor.py:179} INFO - Processing /home/alan/repos/pipeline_airflow/pipeline-airflow-venv/lib/python3.11/site-packages/airflow/example_dags/plugins/event_listener.py took 0.030 seconds
[2023-08-15T19:11:22.947-0300] {processor.py:157} INFO - Started process (PID=29729) to work on /home/alan/repos/pipeline_airflow/pipeline-airflow-venv/lib/python3.11/site-packages/airflow/example_dags/plugins/event_listener.py
[2023-08-15T19:11:22.954-0300] {processor.py:826} INFO - Processing file /home/alan/repos/pipeline_airflow/pipeline-airflow-venv/lib/python3.11/site-packages/airflow/example_dags/plugins/event_listener.py for tasks to queue
[2023-08-15T19:11:22.956-0300] {logging_mixin.py:150} INFO - [2023-08-15T19:11:22.955-0300] {dagbag.py:541} INFO - Filling up the DagBag from /home/alan/repos/pipeline_airflow/pipeline-airflow-venv/lib/python3.11/site-packages/airflow/example_dags/plugins/event_listener.py
[2023-08-15T19:11:22.960-0300] {processor.py:838} WARNING - No viable dags retrieved from /home/alan/repos/pipeline_airflow/pipeline-airflow-venv/lib/python3.11/site-packages/airflow/example_dags/plugins/event_listener.py
[2023-08-15T19:11:22.983-0300] {processor.py:179} INFO - Processing /home/alan/repos/pipeline_airflow/pipeline-airflow-venv/lib/python3.11/site-packages/airflow/example_dags/plugins/event_listener.py took 0.045 seconds
[2023-08-15T19:12:29.050-0300] {processor.py:157} INFO - Started process (PID=29927) to work on /home/alan/repos/pipeline_airflow/pipeline-airflow-venv/lib/python3.11/site-packages/airflow/example_dags/plugins/event_listener.py
[2023-08-15T19:12:29.064-0300] {processor.py:826} INFO - Processing file /home/alan/repos/pipeline_airflow/pipeline-airflow-venv/lib/python3.11/site-packages/airflow/example_dags/plugins/event_listener.py for tasks to queue
[2023-08-15T19:12:29.065-0300] {logging_mixin.py:150} INFO - [2023-08-15T19:12:29.065-0300] {dagbag.py:541} INFO - Filling up the DagBag from /home/alan/repos/pipeline_airflow/pipeline-airflow-venv/lib/python3.11/site-packages/airflow/example_dags/plugins/event_listener.py
[2023-08-15T19:12:29.070-0300] {processor.py:838} WARNING - No viable dags retrieved from /home/alan/repos/pipeline_airflow/pipeline-airflow-venv/lib/python3.11/site-packages/airflow/example_dags/plugins/event_listener.py
[2023-08-15T19:12:29.090-0300] {processor.py:179} INFO - Processing /home/alan/repos/pipeline_airflow/pipeline-airflow-venv/lib/python3.11/site-packages/airflow/example_dags/plugins/event_listener.py took 0.047 seconds
[2023-08-15T19:13:27.647-0300] {processor.py:157} INFO - Started process (PID=30091) to work on /home/alan/repos/pipeline_airflow/pipeline-airflow-venv/lib/python3.11/site-packages/airflow/example_dags/plugins/event_listener.py
[2023-08-15T19:13:27.654-0300] {processor.py:826} INFO - Processing file /home/alan/repos/pipeline_airflow/pipeline-airflow-venv/lib/python3.11/site-packages/airflow/example_dags/plugins/event_listener.py for tasks to queue
[2023-08-15T19:13:27.656-0300] {logging_mixin.py:150} INFO - [2023-08-15T19:13:27.655-0300] {dagbag.py:541} INFO - Filling up the DagBag from /home/alan/repos/pipeline_airflow/pipeline-airflow-venv/lib/python3.11/site-packages/airflow/example_dags/plugins/event_listener.py
[2023-08-15T19:13:27.660-0300] {processor.py:838} WARNING - No viable dags retrieved from /home/alan/repos/pipeline_airflow/pipeline-airflow-venv/lib/python3.11/site-packages/airflow/example_dags/plugins/event_listener.py
[2023-08-15T19:13:27.682-0300] {processor.py:179} INFO - Processing /home/alan/repos/pipeline_airflow/pipeline-airflow-venv/lib/python3.11/site-packages/airflow/example_dags/plugins/event_listener.py took 0.045 seconds
[2023-08-15T19:14:29.206-0300] {processor.py:157} INFO - Started process (PID=30245) to work on /home/alan/repos/pipeline_airflow/pipeline-airflow-venv/lib/python3.11/site-packages/airflow/example_dags/plugins/event_listener.py
[2023-08-15T19:14:29.208-0300] {processor.py:826} INFO - Processing file /home/alan/repos/pipeline_airflow/pipeline-airflow-venv/lib/python3.11/site-packages/airflow/example_dags/plugins/event_listener.py for tasks to queue
[2023-08-15T19:14:29.210-0300] {logging_mixin.py:150} INFO - [2023-08-15T19:14:29.209-0300] {dagbag.py:541} INFO - Filling up the DagBag from /home/alan/repos/pipeline_airflow/pipeline-airflow-venv/lib/python3.11/site-packages/airflow/example_dags/plugins/event_listener.py
[2023-08-15T19:14:29.214-0300] {processor.py:838} WARNING - No viable dags retrieved from /home/alan/repos/pipeline_airflow/pipeline-airflow-venv/lib/python3.11/site-packages/airflow/example_dags/plugins/event_listener.py
[2023-08-15T19:14:29.232-0300] {processor.py:179} INFO - Processing /home/alan/repos/pipeline_airflow/pipeline-airflow-venv/lib/python3.11/site-packages/airflow/example_dags/plugins/event_listener.py took 0.032 seconds
[2023-08-15T19:15:25.319-0300] {processor.py:157} INFO - Started process (PID=30392) to work on /home/alan/repos/pipeline_airflow/pipeline-airflow-venv/lib/python3.11/site-packages/airflow/example_dags/plugins/event_listener.py
[2023-08-15T19:15:25.321-0300] {processor.py:826} INFO - Processing file /home/alan/repos/pipeline_airflow/pipeline-airflow-venv/lib/python3.11/site-packages/airflow/example_dags/plugins/event_listener.py for tasks to queue
[2023-08-15T19:15:25.322-0300] {logging_mixin.py:150} INFO - [2023-08-15T19:15:25.322-0300] {dagbag.py:541} INFO - Filling up the DagBag from /home/alan/repos/pipeline_airflow/pipeline-airflow-venv/lib/python3.11/site-packages/airflow/example_dags/plugins/event_listener.py
[2023-08-15T19:15:25.326-0300] {processor.py:838} WARNING - No viable dags retrieved from /home/alan/repos/pipeline_airflow/pipeline-airflow-venv/lib/python3.11/site-packages/airflow/example_dags/plugins/event_listener.py
[2023-08-15T19:15:25.344-0300] {processor.py:179} INFO - Processing /home/alan/repos/pipeline_airflow/pipeline-airflow-venv/lib/python3.11/site-packages/airflow/example_dags/plugins/event_listener.py took 0.030 seconds
[2023-08-15T19:16:23.648-0300] {processor.py:157} INFO - Started process (PID=30544) to work on /home/alan/repos/pipeline_airflow/pipeline-airflow-venv/lib/python3.11/site-packages/airflow/example_dags/plugins/event_listener.py
[2023-08-15T19:16:23.661-0300] {processor.py:826} INFO - Processing file /home/alan/repos/pipeline_airflow/pipeline-airflow-venv/lib/python3.11/site-packages/airflow/example_dags/plugins/event_listener.py for tasks to queue
[2023-08-15T19:16:23.663-0300] {logging_mixin.py:150} INFO - [2023-08-15T19:16:23.663-0300] {dagbag.py:541} INFO - Filling up the DagBag from /home/alan/repos/pipeline_airflow/pipeline-airflow-venv/lib/python3.11/site-packages/airflow/example_dags/plugins/event_listener.py
[2023-08-15T19:16:23.668-0300] {processor.py:838} WARNING - No viable dags retrieved from /home/alan/repos/pipeline_airflow/pipeline-airflow-venv/lib/python3.11/site-packages/airflow/example_dags/plugins/event_listener.py
[2023-08-15T19:16:23.699-0300] {processor.py:179} INFO - Processing /home/alan/repos/pipeline_airflow/pipeline-airflow-venv/lib/python3.11/site-packages/airflow/example_dags/plugins/event_listener.py took 0.057 seconds
[2023-08-15T19:17:24.353-0300] {processor.py:157} INFO - Started process (PID=30706) to work on /home/alan/repos/pipeline_airflow/pipeline-airflow-venv/lib/python3.11/site-packages/airflow/example_dags/plugins/event_listener.py
[2023-08-15T19:17:24.368-0300] {processor.py:826} INFO - Processing file /home/alan/repos/pipeline_airflow/pipeline-airflow-venv/lib/python3.11/site-packages/airflow/example_dags/plugins/event_listener.py for tasks to queue
[2023-08-15T19:17:24.372-0300] {logging_mixin.py:150} INFO - [2023-08-15T19:17:24.371-0300] {dagbag.py:541} INFO - Filling up the DagBag from /home/alan/repos/pipeline_airflow/pipeline-airflow-venv/lib/python3.11/site-packages/airflow/example_dags/plugins/event_listener.py
[2023-08-15T19:17:24.377-0300] {processor.py:838} WARNING - No viable dags retrieved from /home/alan/repos/pipeline_airflow/pipeline-airflow-venv/lib/python3.11/site-packages/airflow/example_dags/plugins/event_listener.py
[2023-08-15T19:17:24.396-0300] {processor.py:179} INFO - Processing /home/alan/repos/pipeline_airflow/pipeline-airflow-venv/lib/python3.11/site-packages/airflow/example_dags/plugins/event_listener.py took 0.048 seconds
[2023-08-15T19:18:23.804-0300] {processor.py:157} INFO - Started process (PID=30857) to work on /home/alan/repos/pipeline_airflow/pipeline-airflow-venv/lib/python3.11/site-packages/airflow/example_dags/plugins/event_listener.py
[2023-08-15T19:18:23.806-0300] {processor.py:826} INFO - Processing file /home/alan/repos/pipeline_airflow/pipeline-airflow-venv/lib/python3.11/site-packages/airflow/example_dags/plugins/event_listener.py for tasks to queue
[2023-08-15T19:18:23.808-0300] {logging_mixin.py:150} INFO - [2023-08-15T19:18:23.808-0300] {dagbag.py:541} INFO - Filling up the DagBag from /home/alan/repos/pipeline_airflow/pipeline-airflow-venv/lib/python3.11/site-packages/airflow/example_dags/plugins/event_listener.py
[2023-08-15T19:18:23.813-0300] {processor.py:838} WARNING - No viable dags retrieved from /home/alan/repos/pipeline_airflow/pipeline-airflow-venv/lib/python3.11/site-packages/airflow/example_dags/plugins/event_listener.py
[2023-08-15T19:18:23.834-0300] {processor.py:179} INFO - Processing /home/alan/repos/pipeline_airflow/pipeline-airflow-venv/lib/python3.11/site-packages/airflow/example_dags/plugins/event_listener.py took 0.036 seconds
[2023-08-15T19:19:19.555-0300] {processor.py:157} INFO - Started process (PID=31000) to work on /home/alan/repos/pipeline_airflow/pipeline-airflow-venv/lib/python3.11/site-packages/airflow/example_dags/plugins/event_listener.py
[2023-08-15T19:19:19.573-0300] {processor.py:826} INFO - Processing file /home/alan/repos/pipeline_airflow/pipeline-airflow-venv/lib/python3.11/site-packages/airflow/example_dags/plugins/event_listener.py for tasks to queue
[2023-08-15T19:19:19.575-0300] {logging_mixin.py:150} INFO - [2023-08-15T19:19:19.574-0300] {dagbag.py:541} INFO - Filling up the DagBag from /home/alan/repos/pipeline_airflow/pipeline-airflow-venv/lib/python3.11/site-packages/airflow/example_dags/plugins/event_listener.py
[2023-08-15T19:19:19.579-0300] {processor.py:838} WARNING - No viable dags retrieved from /home/alan/repos/pipeline_airflow/pipeline-airflow-venv/lib/python3.11/site-packages/airflow/example_dags/plugins/event_listener.py
[2023-08-15T19:19:19.609-0300] {processor.py:179} INFO - Processing /home/alan/repos/pipeline_airflow/pipeline-airflow-venv/lib/python3.11/site-packages/airflow/example_dags/plugins/event_listener.py took 0.059 seconds
[2023-08-15T19:20:20.959-0300] {processor.py:157} INFO - Started process (PID=31205) to work on /home/alan/repos/pipeline_airflow/pipeline-airflow-venv/lib/python3.11/site-packages/airflow/example_dags/plugins/event_listener.py
[2023-08-15T19:20:20.982-0300] {processor.py:826} INFO - Processing file /home/alan/repos/pipeline_airflow/pipeline-airflow-venv/lib/python3.11/site-packages/airflow/example_dags/plugins/event_listener.py for tasks to queue
[2023-08-15T19:20:20.984-0300] {logging_mixin.py:150} INFO - [2023-08-15T19:20:20.983-0300] {dagbag.py:541} INFO - Filling up the DagBag from /home/alan/repos/pipeline_airflow/pipeline-airflow-venv/lib/python3.11/site-packages/airflow/example_dags/plugins/event_listener.py
[2023-08-15T19:20:20.988-0300] {processor.py:838} WARNING - No viable dags retrieved from /home/alan/repos/pipeline_airflow/pipeline-airflow-venv/lib/python3.11/site-packages/airflow/example_dags/plugins/event_listener.py
[2023-08-15T19:20:21.011-0300] {processor.py:179} INFO - Processing /home/alan/repos/pipeline_airflow/pipeline-airflow-venv/lib/python3.11/site-packages/airflow/example_dags/plugins/event_listener.py took 0.058 seconds
[2023-08-15T19:21:33.484-0300] {processor.py:157} INFO - Started process (PID=31553) to work on /home/alan/repos/pipeline_airflow/pipeline-airflow-venv/lib/python3.11/site-packages/airflow/example_dags/plugins/event_listener.py
[2023-08-15T19:21:33.502-0300] {processor.py:826} INFO - Processing file /home/alan/repos/pipeline_airflow/pipeline-airflow-venv/lib/python3.11/site-packages/airflow/example_dags/plugins/event_listener.py for tasks to queue
[2023-08-15T19:21:33.505-0300] {logging_mixin.py:150} INFO - [2023-08-15T19:21:33.504-0300] {dagbag.py:541} INFO - Filling up the DagBag from /home/alan/repos/pipeline_airflow/pipeline-airflow-venv/lib/python3.11/site-packages/airflow/example_dags/plugins/event_listener.py
[2023-08-15T19:21:33.511-0300] {processor.py:838} WARNING - No viable dags retrieved from /home/alan/repos/pipeline_airflow/pipeline-airflow-venv/lib/python3.11/site-packages/airflow/example_dags/plugins/event_listener.py
[2023-08-15T19:21:33.532-0300] {processor.py:179} INFO - Processing /home/alan/repos/pipeline_airflow/pipeline-airflow-venv/lib/python3.11/site-packages/airflow/example_dags/plugins/event_listener.py took 0.053 seconds
