[2023-08-15T18:19:25.425-0300] {processor.py:157} INFO - Started process (PID=18189) to work on /home/alan/repos/pipeline_airflow/pipeline-airflow-venv/lib/python3.11/site-packages/airflow/example_dags/plugins/listener_plugin.py
[2023-08-15T18:19:25.427-0300] {processor.py:826} INFO - Processing file /home/alan/repos/pipeline_airflow/pipeline-airflow-venv/lib/python3.11/site-packages/airflow/example_dags/plugins/listener_plugin.py for tasks to queue
[2023-08-15T18:19:25.429-0300] {logging_mixin.py:150} INFO - [2023-08-15T18:19:25.428-0300] {dagbag.py:541} INFO - Filling up the DagBag from /home/alan/repos/pipeline_airflow/pipeline-airflow-venv/lib/python3.11/site-packages/airflow/example_dags/plugins/listener_plugin.py
[2023-08-15T18:19:25.433-0300] {processor.py:838} WARNING - No viable dags retrieved from /home/alan/repos/pipeline_airflow/pipeline-airflow-venv/lib/python3.11/site-packages/airflow/example_dags/plugins/listener_plugin.py
[2023-08-15T18:19:25.450-0300] {processor.py:179} INFO - Processing /home/alan/repos/pipeline_airflow/pipeline-airflow-venv/lib/python3.11/site-packages/airflow/example_dags/plugins/listener_plugin.py took 0.032 seconds
[2023-08-15T18:20:53.167-0300] {processor.py:157} INFO - Started process (PID=18789) to work on /home/alan/repos/pipeline_airflow/pipeline-airflow-venv/lib/python3.11/site-packages/airflow/example_dags/plugins/listener_plugin.py
[2023-08-15T18:20:53.180-0300] {processor.py:826} INFO - Processing file /home/alan/repos/pipeline_airflow/pipeline-airflow-venv/lib/python3.11/site-packages/airflow/example_dags/plugins/listener_plugin.py for tasks to queue
[2023-08-15T18:20:53.182-0300] {logging_mixin.py:150} INFO - [2023-08-15T18:20:53.180-0300] {dagbag.py:541} INFO - Filling up the DagBag from /home/alan/repos/pipeline_airflow/pipeline-airflow-venv/lib/python3.11/site-packages/airflow/example_dags/plugins/listener_plugin.py
[2023-08-15T18:20:53.186-0300] {processor.py:838} WARNING - No viable dags retrieved from /home/alan/repos/pipeline_airflow/pipeline-airflow-venv/lib/python3.11/site-packages/airflow/example_dags/plugins/listener_plugin.py
[2023-08-15T18:20:53.207-0300] {processor.py:179} INFO - Processing /home/alan/repos/pipeline_airflow/pipeline-airflow-venv/lib/python3.11/site-packages/airflow/example_dags/plugins/listener_plugin.py took 0.047 seconds
[2023-08-15T18:21:48.461-0300] {processor.py:157} INFO - Started process (PID=18988) to work on /home/alan/repos/pipeline_airflow/pipeline-airflow-venv/lib/python3.11/site-packages/airflow/example_dags/plugins/listener_plugin.py
[2023-08-15T18:21:48.466-0300] {processor.py:826} INFO - Processing file /home/alan/repos/pipeline_airflow/pipeline-airflow-venv/lib/python3.11/site-packages/airflow/example_dags/plugins/listener_plugin.py for tasks to queue
[2023-08-15T18:21:48.467-0300] {logging_mixin.py:150} INFO - [2023-08-15T18:21:48.466-0300] {dagbag.py:541} INFO - Filling up the DagBag from /home/alan/repos/pipeline_airflow/pipeline-airflow-venv/lib/python3.11/site-packages/airflow/example_dags/plugins/listener_plugin.py
[2023-08-15T18:21:48.474-0300] {processor.py:838} WARNING - No viable dags retrieved from /home/alan/repos/pipeline_airflow/pipeline-airflow-venv/lib/python3.11/site-packages/airflow/example_dags/plugins/listener_plugin.py
[2023-08-15T18:21:48.496-0300] {processor.py:179} INFO - Processing /home/alan/repos/pipeline_airflow/pipeline-airflow-venv/lib/python3.11/site-packages/airflow/example_dags/plugins/listener_plugin.py took 0.051 seconds
[2023-08-15T18:22:41.201-0300] {processor.py:157} INFO - Started process (PID=19177) to work on /home/alan/repos/pipeline_airflow/pipeline-airflow-venv/lib/python3.11/site-packages/airflow/example_dags/plugins/listener_plugin.py
[2023-08-15T18:22:41.211-0300] {processor.py:826} INFO - Processing file /home/alan/repos/pipeline_airflow/pipeline-airflow-venv/lib/python3.11/site-packages/airflow/example_dags/plugins/listener_plugin.py for tasks to queue
[2023-08-15T18:22:41.212-0300] {logging_mixin.py:150} INFO - [2023-08-15T18:22:41.211-0300] {dagbag.py:541} INFO - Filling up the DagBag from /home/alan/repos/pipeline_airflow/pipeline-airflow-venv/lib/python3.11/site-packages/airflow/example_dags/plugins/listener_plugin.py
[2023-08-15T18:22:41.217-0300] {processor.py:838} WARNING - No viable dags retrieved from /home/alan/repos/pipeline_airflow/pipeline-airflow-venv/lib/python3.11/site-packages/airflow/example_dags/plugins/listener_plugin.py
[2023-08-15T18:22:41.235-0300] {processor.py:179} INFO - Processing /home/alan/repos/pipeline_airflow/pipeline-airflow-venv/lib/python3.11/site-packages/airflow/example_dags/plugins/listener_plugin.py took 0.039 seconds
[2023-08-15T18:23:39.112-0300] {processor.py:157} INFO - Started process (PID=19373) to work on /home/alan/repos/pipeline_airflow/pipeline-airflow-venv/lib/python3.11/site-packages/airflow/example_dags/plugins/listener_plugin.py
[2023-08-15T18:23:39.113-0300] {processor.py:826} INFO - Processing file /home/alan/repos/pipeline_airflow/pipeline-airflow-venv/lib/python3.11/site-packages/airflow/example_dags/plugins/listener_plugin.py for tasks to queue
[2023-08-15T18:23:39.115-0300] {logging_mixin.py:150} INFO - [2023-08-15T18:23:39.114-0300] {dagbag.py:541} INFO - Filling up the DagBag from /home/alan/repos/pipeline_airflow/pipeline-airflow-venv/lib/python3.11/site-packages/airflow/example_dags/plugins/listener_plugin.py
[2023-08-15T18:23:39.119-0300] {processor.py:838} WARNING - No viable dags retrieved from /home/alan/repos/pipeline_airflow/pipeline-airflow-venv/lib/python3.11/site-packages/airflow/example_dags/plugins/listener_plugin.py
[2023-08-15T18:23:39.136-0300] {processor.py:179} INFO - Processing /home/alan/repos/pipeline_airflow/pipeline-airflow-venv/lib/python3.11/site-packages/airflow/example_dags/plugins/listener_plugin.py took 0.031 seconds
[2023-08-15T18:24:25.963-0300] {processor.py:157} INFO - Started process (PID=19594) to work on /home/alan/repos/pipeline_airflow/pipeline-airflow-venv/lib/python3.11/site-packages/airflow/example_dags/plugins/listener_plugin.py
[2023-08-15T18:24:25.996-0300] {processor.py:826} INFO - Processing file /home/alan/repos/pipeline_airflow/pipeline-airflow-venv/lib/python3.11/site-packages/airflow/example_dags/plugins/listener_plugin.py for tasks to queue
[2023-08-15T18:24:25.998-0300] {logging_mixin.py:150} INFO - [2023-08-15T18:24:25.997-0300] {dagbag.py:541} INFO - Filling up the DagBag from /home/alan/repos/pipeline_airflow/pipeline-airflow-venv/lib/python3.11/site-packages/airflow/example_dags/plugins/listener_plugin.py
[2023-08-15T18:24:26.002-0300] {processor.py:838} WARNING - No viable dags retrieved from /home/alan/repos/pipeline_airflow/pipeline-airflow-venv/lib/python3.11/site-packages/airflow/example_dags/plugins/listener_plugin.py
[2023-08-15T18:24:26.039-0300] {processor.py:179} INFO - Processing /home/alan/repos/pipeline_airflow/pipeline-airflow-venv/lib/python3.11/site-packages/airflow/example_dags/plugins/listener_plugin.py took 0.081 seconds
[2023-08-15T18:26:23.572-0300] {processor.py:157} INFO - Started process (PID=20713) to work on /home/alan/repos/pipeline_airflow/pipeline-airflow-venv/lib/python3.11/site-packages/airflow/example_dags/plugins/listener_plugin.py
[2023-08-15T18:26:23.573-0300] {processor.py:826} INFO - Processing file /home/alan/repos/pipeline_airflow/pipeline-airflow-venv/lib/python3.11/site-packages/airflow/example_dags/plugins/listener_plugin.py for tasks to queue
[2023-08-15T18:26:23.575-0300] {logging_mixin.py:150} INFO - [2023-08-15T18:26:23.574-0300] {dagbag.py:541} INFO - Filling up the DagBag from /home/alan/repos/pipeline_airflow/pipeline-airflow-venv/lib/python3.11/site-packages/airflow/example_dags/plugins/listener_plugin.py
[2023-08-15T18:26:23.580-0300] {processor.py:838} WARNING - No viable dags retrieved from /home/alan/repos/pipeline_airflow/pipeline-airflow-venv/lib/python3.11/site-packages/airflow/example_dags/plugins/listener_plugin.py
[2023-08-15T18:26:23.598-0300] {processor.py:179} INFO - Processing /home/alan/repos/pipeline_airflow/pipeline-airflow-venv/lib/python3.11/site-packages/airflow/example_dags/plugins/listener_plugin.py took 0.031 seconds
[2023-08-15T18:27:11.163-0300] {processor.py:157} INFO - Started process (PID=20879) to work on /home/alan/repos/pipeline_airflow/pipeline-airflow-venv/lib/python3.11/site-packages/airflow/example_dags/plugins/listener_plugin.py
[2023-08-15T18:27:11.175-0300] {processor.py:826} INFO - Processing file /home/alan/repos/pipeline_airflow/pipeline-airflow-venv/lib/python3.11/site-packages/airflow/example_dags/plugins/listener_plugin.py for tasks to queue
[2023-08-15T18:27:11.176-0300] {logging_mixin.py:150} INFO - [2023-08-15T18:27:11.175-0300] {dagbag.py:541} INFO - Filling up the DagBag from /home/alan/repos/pipeline_airflow/pipeline-airflow-venv/lib/python3.11/site-packages/airflow/example_dags/plugins/listener_plugin.py
[2023-08-15T18:27:11.181-0300] {processor.py:838} WARNING - No viable dags retrieved from /home/alan/repos/pipeline_airflow/pipeline-airflow-venv/lib/python3.11/site-packages/airflow/example_dags/plugins/listener_plugin.py
[2023-08-15T18:27:11.199-0300] {processor.py:179} INFO - Processing /home/alan/repos/pipeline_airflow/pipeline-airflow-venv/lib/python3.11/site-packages/airflow/example_dags/plugins/listener_plugin.py took 0.041 seconds
[2023-08-15T18:28:11.933-0300] {processor.py:157} INFO - Started process (PID=21092) to work on /home/alan/repos/pipeline_airflow/pipeline-airflow-venv/lib/python3.11/site-packages/airflow/example_dags/plugins/listener_plugin.py
[2023-08-15T18:28:11.936-0300] {processor.py:826} INFO - Processing file /home/alan/repos/pipeline_airflow/pipeline-airflow-venv/lib/python3.11/site-packages/airflow/example_dags/plugins/listener_plugin.py for tasks to queue
[2023-08-15T18:28:11.938-0300] {logging_mixin.py:150} INFO - [2023-08-15T18:28:11.938-0300] {dagbag.py:541} INFO - Filling up the DagBag from /home/alan/repos/pipeline_airflow/pipeline-airflow-venv/lib/python3.11/site-packages/airflow/example_dags/plugins/listener_plugin.py
[2023-08-15T18:28:11.943-0300] {processor.py:838} WARNING - No viable dags retrieved from /home/alan/repos/pipeline_airflow/pipeline-airflow-venv/lib/python3.11/site-packages/airflow/example_dags/plugins/listener_plugin.py
[2023-08-15T18:28:11.964-0300] {processor.py:179} INFO - Processing /home/alan/repos/pipeline_airflow/pipeline-airflow-venv/lib/python3.11/site-packages/airflow/example_dags/plugins/listener_plugin.py took 0.040 seconds
[2023-08-15T18:29:08.299-0300] {processor.py:157} INFO - Started process (PID=21338) to work on /home/alan/repos/pipeline_airflow/pipeline-airflow-venv/lib/python3.11/site-packages/airflow/example_dags/plugins/listener_plugin.py
[2023-08-15T18:29:08.301-0300] {processor.py:826} INFO - Processing file /home/alan/repos/pipeline_airflow/pipeline-airflow-venv/lib/python3.11/site-packages/airflow/example_dags/plugins/listener_plugin.py for tasks to queue
[2023-08-15T18:29:08.303-0300] {logging_mixin.py:150} INFO - [2023-08-15T18:29:08.302-0300] {dagbag.py:541} INFO - Filling up the DagBag from /home/alan/repos/pipeline_airflow/pipeline-airflow-venv/lib/python3.11/site-packages/airflow/example_dags/plugins/listener_plugin.py
[2023-08-15T18:29:08.308-0300] {processor.py:838} WARNING - No viable dags retrieved from /home/alan/repos/pipeline_airflow/pipeline-airflow-venv/lib/python3.11/site-packages/airflow/example_dags/plugins/listener_plugin.py
[2023-08-15T18:29:08.327-0300] {processor.py:179} INFO - Processing /home/alan/repos/pipeline_airflow/pipeline-airflow-venv/lib/python3.11/site-packages/airflow/example_dags/plugins/listener_plugin.py took 0.034 seconds
[2023-08-15T18:30:05.989-0300] {processor.py:157} INFO - Started process (PID=21556) to work on /home/alan/repos/pipeline_airflow/pipeline-airflow-venv/lib/python3.11/site-packages/airflow/example_dags/plugins/listener_plugin.py
[2023-08-15T18:30:06.002-0300] {processor.py:826} INFO - Processing file /home/alan/repos/pipeline_airflow/pipeline-airflow-venv/lib/python3.11/site-packages/airflow/example_dags/plugins/listener_plugin.py for tasks to queue
[2023-08-15T18:30:06.004-0300] {logging_mixin.py:150} INFO - [2023-08-15T18:30:06.003-0300] {dagbag.py:541} INFO - Filling up the DagBag from /home/alan/repos/pipeline_airflow/pipeline-airflow-venv/lib/python3.11/site-packages/airflow/example_dags/plugins/listener_plugin.py
[2023-08-15T18:30:06.008-0300] {processor.py:838} WARNING - No viable dags retrieved from /home/alan/repos/pipeline_airflow/pipeline-airflow-venv/lib/python3.11/site-packages/airflow/example_dags/plugins/listener_plugin.py
[2023-08-15T18:30:06.033-0300] {processor.py:179} INFO - Processing /home/alan/repos/pipeline_airflow/pipeline-airflow-venv/lib/python3.11/site-packages/airflow/example_dags/plugins/listener_plugin.py took 0.049 seconds
[2023-08-15T18:31:01.223-0300] {processor.py:157} INFO - Started process (PID=21760) to work on /home/alan/repos/pipeline_airflow/pipeline-airflow-venv/lib/python3.11/site-packages/airflow/example_dags/plugins/listener_plugin.py
[2023-08-15T18:31:01.240-0300] {processor.py:826} INFO - Processing file /home/alan/repos/pipeline_airflow/pipeline-airflow-venv/lib/python3.11/site-packages/airflow/example_dags/plugins/listener_plugin.py for tasks to queue
[2023-08-15T18:31:01.244-0300] {logging_mixin.py:150} INFO - [2023-08-15T18:31:01.244-0300] {dagbag.py:541} INFO - Filling up the DagBag from /home/alan/repos/pipeline_airflow/pipeline-airflow-venv/lib/python3.11/site-packages/airflow/example_dags/plugins/listener_plugin.py
[2023-08-15T18:31:01.250-0300] {processor.py:838} WARNING - No viable dags retrieved from /home/alan/repos/pipeline_airflow/pipeline-airflow-venv/lib/python3.11/site-packages/airflow/example_dags/plugins/listener_plugin.py
[2023-08-15T18:31:01.270-0300] {processor.py:179} INFO - Processing /home/alan/repos/pipeline_airflow/pipeline-airflow-venv/lib/python3.11/site-packages/airflow/example_dags/plugins/listener_plugin.py took 0.053 seconds
[2023-08-15T18:31:57.402-0300] {processor.py:157} INFO - Started process (PID=21957) to work on /home/alan/repos/pipeline_airflow/pipeline-airflow-venv/lib/python3.11/site-packages/airflow/example_dags/plugins/listener_plugin.py
[2023-08-15T18:31:57.404-0300] {processor.py:826} INFO - Processing file /home/alan/repos/pipeline_airflow/pipeline-airflow-venv/lib/python3.11/site-packages/airflow/example_dags/plugins/listener_plugin.py for tasks to queue
[2023-08-15T18:31:57.406-0300] {logging_mixin.py:150} INFO - [2023-08-15T18:31:57.405-0300] {dagbag.py:541} INFO - Filling up the DagBag from /home/alan/repos/pipeline_airflow/pipeline-airflow-venv/lib/python3.11/site-packages/airflow/example_dags/plugins/listener_plugin.py
[2023-08-15T18:31:57.411-0300] {processor.py:838} WARNING - No viable dags retrieved from /home/alan/repos/pipeline_airflow/pipeline-airflow-venv/lib/python3.11/site-packages/airflow/example_dags/plugins/listener_plugin.py
[2023-08-15T18:31:57.430-0300] {processor.py:179} INFO - Processing /home/alan/repos/pipeline_airflow/pipeline-airflow-venv/lib/python3.11/site-packages/airflow/example_dags/plugins/listener_plugin.py took 0.034 seconds
[2023-08-15T18:32:52.793-0300] {processor.py:157} INFO - Started process (PID=22167) to work on /home/alan/repos/pipeline_airflow/pipeline-airflow-venv/lib/python3.11/site-packages/airflow/example_dags/plugins/listener_plugin.py
[2023-08-15T18:32:52.803-0300] {processor.py:826} INFO - Processing file /home/alan/repos/pipeline_airflow/pipeline-airflow-venv/lib/python3.11/site-packages/airflow/example_dags/plugins/listener_plugin.py for tasks to queue
[2023-08-15T18:32:52.804-0300] {logging_mixin.py:150} INFO - [2023-08-15T18:32:52.803-0300] {dagbag.py:541} INFO - Filling up the DagBag from /home/alan/repos/pipeline_airflow/pipeline-airflow-venv/lib/python3.11/site-packages/airflow/example_dags/plugins/listener_plugin.py
[2023-08-15T18:32:52.811-0300] {processor.py:838} WARNING - No viable dags retrieved from /home/alan/repos/pipeline_airflow/pipeline-airflow-venv/lib/python3.11/site-packages/airflow/example_dags/plugins/listener_plugin.py
[2023-08-15T18:32:52.837-0300] {processor.py:179} INFO - Processing /home/alan/repos/pipeline_airflow/pipeline-airflow-venv/lib/python3.11/site-packages/airflow/example_dags/plugins/listener_plugin.py took 0.051 seconds
[2023-08-15T18:33:51.245-0300] {processor.py:157} INFO - Started process (PID=22395) to work on /home/alan/repos/pipeline_airflow/pipeline-airflow-venv/lib/python3.11/site-packages/airflow/example_dags/plugins/listener_plugin.py
[2023-08-15T18:33:51.259-0300] {processor.py:826} INFO - Processing file /home/alan/repos/pipeline_airflow/pipeline-airflow-venv/lib/python3.11/site-packages/airflow/example_dags/plugins/listener_plugin.py for tasks to queue
[2023-08-15T18:33:51.260-0300] {logging_mixin.py:150} INFO - [2023-08-15T18:33:51.260-0300] {dagbag.py:541} INFO - Filling up the DagBag from /home/alan/repos/pipeline_airflow/pipeline-airflow-venv/lib/python3.11/site-packages/airflow/example_dags/plugins/listener_plugin.py
[2023-08-15T18:33:51.265-0300] {processor.py:838} WARNING - No viable dags retrieved from /home/alan/repos/pipeline_airflow/pipeline-airflow-venv/lib/python3.11/site-packages/airflow/example_dags/plugins/listener_plugin.py
[2023-08-15T18:33:51.293-0300] {processor.py:179} INFO - Processing /home/alan/repos/pipeline_airflow/pipeline-airflow-venv/lib/python3.11/site-packages/airflow/example_dags/plugins/listener_plugin.py took 0.053 seconds
[2023-08-15T18:34:46.483-0300] {processor.py:157} INFO - Started process (PID=22581) to work on /home/alan/repos/pipeline_airflow/pipeline-airflow-venv/lib/python3.11/site-packages/airflow/example_dags/plugins/listener_plugin.py
[2023-08-15T18:34:46.484-0300] {processor.py:826} INFO - Processing file /home/alan/repos/pipeline_airflow/pipeline-airflow-venv/lib/python3.11/site-packages/airflow/example_dags/plugins/listener_plugin.py for tasks to queue
[2023-08-15T18:34:46.485-0300] {logging_mixin.py:150} INFO - [2023-08-15T18:34:46.485-0300] {dagbag.py:541} INFO - Filling up the DagBag from /home/alan/repos/pipeline_airflow/pipeline-airflow-venv/lib/python3.11/site-packages/airflow/example_dags/plugins/listener_plugin.py
[2023-08-15T18:34:46.490-0300] {processor.py:838} WARNING - No viable dags retrieved from /home/alan/repos/pipeline_airflow/pipeline-airflow-venv/lib/python3.11/site-packages/airflow/example_dags/plugins/listener_plugin.py
[2023-08-15T18:34:46.509-0300] {processor.py:179} INFO - Processing /home/alan/repos/pipeline_airflow/pipeline-airflow-venv/lib/python3.11/site-packages/airflow/example_dags/plugins/listener_plugin.py took 0.031 seconds
[2023-08-15T18:35:40.458-0300] {processor.py:157} INFO - Started process (PID=22781) to work on /home/alan/repos/pipeline_airflow/pipeline-airflow-venv/lib/python3.11/site-packages/airflow/example_dags/plugins/listener_plugin.py
[2023-08-15T18:35:40.463-0300] {processor.py:826} INFO - Processing file /home/alan/repos/pipeline_airflow/pipeline-airflow-venv/lib/python3.11/site-packages/airflow/example_dags/plugins/listener_plugin.py for tasks to queue
[2023-08-15T18:35:40.465-0300] {logging_mixin.py:150} INFO - [2023-08-15T18:35:40.464-0300] {dagbag.py:541} INFO - Filling up the DagBag from /home/alan/repos/pipeline_airflow/pipeline-airflow-venv/lib/python3.11/site-packages/airflow/example_dags/plugins/listener_plugin.py
[2023-08-15T18:35:40.470-0300] {processor.py:838} WARNING - No viable dags retrieved from /home/alan/repos/pipeline_airflow/pipeline-airflow-venv/lib/python3.11/site-packages/airflow/example_dags/plugins/listener_plugin.py
[2023-08-15T18:35:40.488-0300] {processor.py:179} INFO - Processing /home/alan/repos/pipeline_airflow/pipeline-airflow-venv/lib/python3.11/site-packages/airflow/example_dags/plugins/listener_plugin.py took 0.037 seconds
[2023-08-15T18:36:40.697-0300] {processor.py:157} INFO - Started process (PID=23001) to work on /home/alan/repos/pipeline_airflow/pipeline-airflow-venv/lib/python3.11/site-packages/airflow/example_dags/plugins/listener_plugin.py
[2023-08-15T18:36:40.707-0300] {processor.py:826} INFO - Processing file /home/alan/repos/pipeline_airflow/pipeline-airflow-venv/lib/python3.11/site-packages/airflow/example_dags/plugins/listener_plugin.py for tasks to queue
[2023-08-15T18:36:40.708-0300] {logging_mixin.py:150} INFO - [2023-08-15T18:36:40.708-0300] {dagbag.py:541} INFO - Filling up the DagBag from /home/alan/repos/pipeline_airflow/pipeline-airflow-venv/lib/python3.11/site-packages/airflow/example_dags/plugins/listener_plugin.py
[2023-08-15T18:36:40.713-0300] {processor.py:838} WARNING - No viable dags retrieved from /home/alan/repos/pipeline_airflow/pipeline-airflow-venv/lib/python3.11/site-packages/airflow/example_dags/plugins/listener_plugin.py
[2023-08-15T18:36:40.730-0300] {processor.py:179} INFO - Processing /home/alan/repos/pipeline_airflow/pipeline-airflow-venv/lib/python3.11/site-packages/airflow/example_dags/plugins/listener_plugin.py took 0.038 seconds
[2023-08-15T18:37:54.414-0300] {processor.py:157} INFO - Started process (PID=23306) to work on /home/alan/repos/pipeline_airflow/pipeline-airflow-venv/lib/python3.11/site-packages/airflow/example_dags/plugins/listener_plugin.py
[2023-08-15T18:37:54.416-0300] {processor.py:826} INFO - Processing file /home/alan/repos/pipeline_airflow/pipeline-airflow-venv/lib/python3.11/site-packages/airflow/example_dags/plugins/listener_plugin.py for tasks to queue
[2023-08-15T18:37:54.417-0300] {logging_mixin.py:150} INFO - [2023-08-15T18:37:54.417-0300] {dagbag.py:541} INFO - Filling up the DagBag from /home/alan/repos/pipeline_airflow/pipeline-airflow-venv/lib/python3.11/site-packages/airflow/example_dags/plugins/listener_plugin.py
[2023-08-15T18:37:54.423-0300] {processor.py:838} WARNING - No viable dags retrieved from /home/alan/repos/pipeline_airflow/pipeline-airflow-venv/lib/python3.11/site-packages/airflow/example_dags/plugins/listener_plugin.py
[2023-08-15T18:37:54.443-0300] {processor.py:179} INFO - Processing /home/alan/repos/pipeline_airflow/pipeline-airflow-venv/lib/python3.11/site-packages/airflow/example_dags/plugins/listener_plugin.py took 0.034 seconds
[2023-08-15T18:43:31.968-0300] {processor.py:157} INFO - Started process (PID=23591) to work on /home/alan/repos/pipeline_airflow/pipeline-airflow-venv/lib/python3.11/site-packages/airflow/example_dags/plugins/listener_plugin.py
[2023-08-15T18:43:31.970-0300] {processor.py:826} INFO - Processing file /home/alan/repos/pipeline_airflow/pipeline-airflow-venv/lib/python3.11/site-packages/airflow/example_dags/plugins/listener_plugin.py for tasks to queue
[2023-08-15T18:43:31.972-0300] {logging_mixin.py:150} INFO - [2023-08-15T18:43:31.971-0300] {dagbag.py:541} INFO - Filling up the DagBag from /home/alan/repos/pipeline_airflow/pipeline-airflow-venv/lib/python3.11/site-packages/airflow/example_dags/plugins/listener_plugin.py
[2023-08-15T18:43:31.977-0300] {processor.py:838} WARNING - No viable dags retrieved from /home/alan/repos/pipeline_airflow/pipeline-airflow-venv/lib/python3.11/site-packages/airflow/example_dags/plugins/listener_plugin.py
[2023-08-15T18:43:31.997-0300] {processor.py:179} INFO - Processing /home/alan/repos/pipeline_airflow/pipeline-airflow-venv/lib/python3.11/site-packages/airflow/example_dags/plugins/listener_plugin.py took 0.035 seconds
[2023-08-15T18:44:12.236-0300] {processor.py:157} INFO - Started process (PID=23695) to work on /home/alan/repos/pipeline_airflow/pipeline-airflow-venv/lib/python3.11/site-packages/airflow/example_dags/plugins/listener_plugin.py
[2023-08-15T18:44:12.238-0300] {processor.py:826} INFO - Processing file /home/alan/repos/pipeline_airflow/pipeline-airflow-venv/lib/python3.11/site-packages/airflow/example_dags/plugins/listener_plugin.py for tasks to queue
[2023-08-15T18:44:12.240-0300] {logging_mixin.py:150} INFO - [2023-08-15T18:44:12.239-0300] {dagbag.py:541} INFO - Filling up the DagBag from /home/alan/repos/pipeline_airflow/pipeline-airflow-venv/lib/python3.11/site-packages/airflow/example_dags/plugins/listener_plugin.py
[2023-08-15T18:44:12.245-0300] {processor.py:838} WARNING - No viable dags retrieved from /home/alan/repos/pipeline_airflow/pipeline-airflow-venv/lib/python3.11/site-packages/airflow/example_dags/plugins/listener_plugin.py
[2023-08-15T18:44:12.264-0300] {processor.py:179} INFO - Processing /home/alan/repos/pipeline_airflow/pipeline-airflow-venv/lib/python3.11/site-packages/airflow/example_dags/plugins/listener_plugin.py took 0.034 seconds
[2023-08-15T18:45:31.160-0300] {processor.py:157} INFO - Started process (PID=24103) to work on /home/alan/repos/pipeline_airflow/pipeline-airflow-venv/lib/python3.11/site-packages/airflow/example_dags/plugins/listener_plugin.py
[2023-08-15T18:45:31.162-0300] {processor.py:826} INFO - Processing file /home/alan/repos/pipeline_airflow/pipeline-airflow-venv/lib/python3.11/site-packages/airflow/example_dags/plugins/listener_plugin.py for tasks to queue
[2023-08-15T18:45:31.163-0300] {logging_mixin.py:150} INFO - [2023-08-15T18:45:31.162-0300] {dagbag.py:541} INFO - Filling up the DagBag from /home/alan/repos/pipeline_airflow/pipeline-airflow-venv/lib/python3.11/site-packages/airflow/example_dags/plugins/listener_plugin.py
[2023-08-15T18:45:31.167-0300] {processor.py:838} WARNING - No viable dags retrieved from /home/alan/repos/pipeline_airflow/pipeline-airflow-venv/lib/python3.11/site-packages/airflow/example_dags/plugins/listener_plugin.py
[2023-08-15T18:45:31.186-0300] {processor.py:179} INFO - Processing /home/alan/repos/pipeline_airflow/pipeline-airflow-venv/lib/python3.11/site-packages/airflow/example_dags/plugins/listener_plugin.py took 0.032 seconds
[2023-08-15T18:46:38.571-0300] {processor.py:157} INFO - Started process (PID=24335) to work on /home/alan/repos/pipeline_airflow/pipeline-airflow-venv/lib/python3.11/site-packages/airflow/example_dags/plugins/listener_plugin.py
[2023-08-15T18:46:38.573-0300] {processor.py:826} INFO - Processing file /home/alan/repos/pipeline_airflow/pipeline-airflow-venv/lib/python3.11/site-packages/airflow/example_dags/plugins/listener_plugin.py for tasks to queue
[2023-08-15T18:46:38.574-0300] {logging_mixin.py:150} INFO - [2023-08-15T18:46:38.574-0300] {dagbag.py:541} INFO - Filling up the DagBag from /home/alan/repos/pipeline_airflow/pipeline-airflow-venv/lib/python3.11/site-packages/airflow/example_dags/plugins/listener_plugin.py
[2023-08-15T18:46:38.580-0300] {processor.py:838} WARNING - No viable dags retrieved from /home/alan/repos/pipeline_airflow/pipeline-airflow-venv/lib/python3.11/site-packages/airflow/example_dags/plugins/listener_plugin.py
[2023-08-15T18:46:38.598-0300] {processor.py:179} INFO - Processing /home/alan/repos/pipeline_airflow/pipeline-airflow-venv/lib/python3.11/site-packages/airflow/example_dags/plugins/listener_plugin.py took 0.031 seconds
[2023-08-15T18:47:43.358-0300] {processor.py:157} INFO - Started process (PID=24564) to work on /home/alan/repos/pipeline_airflow/pipeline-airflow-venv/lib/python3.11/site-packages/airflow/example_dags/plugins/listener_plugin.py
[2023-08-15T18:47:43.364-0300] {processor.py:826} INFO - Processing file /home/alan/repos/pipeline_airflow/pipeline-airflow-venv/lib/python3.11/site-packages/airflow/example_dags/plugins/listener_plugin.py for tasks to queue
[2023-08-15T18:47:43.367-0300] {logging_mixin.py:150} INFO - [2023-08-15T18:47:43.366-0300] {dagbag.py:541} INFO - Filling up the DagBag from /home/alan/repos/pipeline_airflow/pipeline-airflow-venv/lib/python3.11/site-packages/airflow/example_dags/plugins/listener_plugin.py
[2023-08-15T18:47:43.372-0300] {processor.py:838} WARNING - No viable dags retrieved from /home/alan/repos/pipeline_airflow/pipeline-airflow-venv/lib/python3.11/site-packages/airflow/example_dags/plugins/listener_plugin.py
[2023-08-15T18:47:43.402-0300] {processor.py:179} INFO - Processing /home/alan/repos/pipeline_airflow/pipeline-airflow-venv/lib/python3.11/site-packages/airflow/example_dags/plugins/listener_plugin.py took 0.049 seconds
[2023-08-15T18:48:50.381-0300] {processor.py:157} INFO - Started process (PID=24783) to work on /home/alan/repos/pipeline_airflow/pipeline-airflow-venv/lib/python3.11/site-packages/airflow/example_dags/plugins/listener_plugin.py
[2023-08-15T18:48:50.389-0300] {processor.py:826} INFO - Processing file /home/alan/repos/pipeline_airflow/pipeline-airflow-venv/lib/python3.11/site-packages/airflow/example_dags/plugins/listener_plugin.py for tasks to queue
[2023-08-15T18:48:50.392-0300] {logging_mixin.py:150} INFO - [2023-08-15T18:48:50.392-0300] {dagbag.py:541} INFO - Filling up the DagBag from /home/alan/repos/pipeline_airflow/pipeline-airflow-venv/lib/python3.11/site-packages/airflow/example_dags/plugins/listener_plugin.py
[2023-08-15T18:48:50.397-0300] {processor.py:838} WARNING - No viable dags retrieved from /home/alan/repos/pipeline_airflow/pipeline-airflow-venv/lib/python3.11/site-packages/airflow/example_dags/plugins/listener_plugin.py
[2023-08-15T18:48:50.416-0300] {processor.py:179} INFO - Processing /home/alan/repos/pipeline_airflow/pipeline-airflow-venv/lib/python3.11/site-packages/airflow/example_dags/plugins/listener_plugin.py took 0.040 seconds
[2023-08-15T18:49:54.615-0300] {processor.py:157} INFO - Started process (PID=25004) to work on /home/alan/repos/pipeline_airflow/pipeline-airflow-venv/lib/python3.11/site-packages/airflow/example_dags/plugins/listener_plugin.py
[2023-08-15T18:49:54.616-0300] {processor.py:826} INFO - Processing file /home/alan/repos/pipeline_airflow/pipeline-airflow-venv/lib/python3.11/site-packages/airflow/example_dags/plugins/listener_plugin.py for tasks to queue
[2023-08-15T18:49:54.618-0300] {logging_mixin.py:150} INFO - [2023-08-15T18:49:54.617-0300] {dagbag.py:541} INFO - Filling up the DagBag from /home/alan/repos/pipeline_airflow/pipeline-airflow-venv/lib/python3.11/site-packages/airflow/example_dags/plugins/listener_plugin.py
[2023-08-15T18:49:54.623-0300] {processor.py:838} WARNING - No viable dags retrieved from /home/alan/repos/pipeline_airflow/pipeline-airflow-venv/lib/python3.11/site-packages/airflow/example_dags/plugins/listener_plugin.py
[2023-08-15T18:49:54.642-0300] {processor.py:179} INFO - Processing /home/alan/repos/pipeline_airflow/pipeline-airflow-venv/lib/python3.11/site-packages/airflow/example_dags/plugins/listener_plugin.py took 0.033 seconds
[2023-08-15T18:50:57.731-0300] {processor.py:157} INFO - Started process (PID=25288) to work on /home/alan/repos/pipeline_airflow/pipeline-airflow-venv/lib/python3.11/site-packages/airflow/example_dags/plugins/listener_plugin.py
[2023-08-15T18:50:57.735-0300] {processor.py:826} INFO - Processing file /home/alan/repos/pipeline_airflow/pipeline-airflow-venv/lib/python3.11/site-packages/airflow/example_dags/plugins/listener_plugin.py for tasks to queue
[2023-08-15T18:50:57.737-0300] {logging_mixin.py:150} INFO - [2023-08-15T18:50:57.736-0300] {dagbag.py:541} INFO - Filling up the DagBag from /home/alan/repos/pipeline_airflow/pipeline-airflow-venv/lib/python3.11/site-packages/airflow/example_dags/plugins/listener_plugin.py
[2023-08-15T18:50:57.743-0300] {processor.py:838} WARNING - No viable dags retrieved from /home/alan/repos/pipeline_airflow/pipeline-airflow-venv/lib/python3.11/site-packages/airflow/example_dags/plugins/listener_plugin.py
[2023-08-15T18:50:57.764-0300] {processor.py:179} INFO - Processing /home/alan/repos/pipeline_airflow/pipeline-airflow-venv/lib/python3.11/site-packages/airflow/example_dags/plugins/listener_plugin.py took 0.038 seconds
[2023-08-15T18:52:09.424-0300] {processor.py:157} INFO - Started process (PID=25617) to work on /home/alan/repos/pipeline_airflow/pipeline-airflow-venv/lib/python3.11/site-packages/airflow/example_dags/plugins/listener_plugin.py
[2023-08-15T18:52:09.434-0300] {processor.py:826} INFO - Processing file /home/alan/repos/pipeline_airflow/pipeline-airflow-venv/lib/python3.11/site-packages/airflow/example_dags/plugins/listener_plugin.py for tasks to queue
[2023-08-15T18:52:09.436-0300] {logging_mixin.py:150} INFO - [2023-08-15T18:52:09.435-0300] {dagbag.py:541} INFO - Filling up the DagBag from /home/alan/repos/pipeline_airflow/pipeline-airflow-venv/lib/python3.11/site-packages/airflow/example_dags/plugins/listener_plugin.py
[2023-08-15T18:52:09.441-0300] {processor.py:838} WARNING - No viable dags retrieved from /home/alan/repos/pipeline_airflow/pipeline-airflow-venv/lib/python3.11/site-packages/airflow/example_dags/plugins/listener_plugin.py
[2023-08-15T18:52:09.461-0300] {processor.py:179} INFO - Processing /home/alan/repos/pipeline_airflow/pipeline-airflow-venv/lib/python3.11/site-packages/airflow/example_dags/plugins/listener_plugin.py took 0.042 seconds
[2023-08-15T18:53:08.908-0300] {processor.py:157} INFO - Started process (PID=25878) to work on /home/alan/repos/pipeline_airflow/pipeline-airflow-venv/lib/python3.11/site-packages/airflow/example_dags/plugins/listener_plugin.py
[2023-08-15T18:53:08.918-0300] {processor.py:826} INFO - Processing file /home/alan/repos/pipeline_airflow/pipeline-airflow-venv/lib/python3.11/site-packages/airflow/example_dags/plugins/listener_plugin.py for tasks to queue
[2023-08-15T18:53:08.920-0300] {logging_mixin.py:150} INFO - [2023-08-15T18:53:08.919-0300] {dagbag.py:541} INFO - Filling up the DagBag from /home/alan/repos/pipeline_airflow/pipeline-airflow-venv/lib/python3.11/site-packages/airflow/example_dags/plugins/listener_plugin.py
[2023-08-15T18:53:08.925-0300] {processor.py:838} WARNING - No viable dags retrieved from /home/alan/repos/pipeline_airflow/pipeline-airflow-venv/lib/python3.11/site-packages/airflow/example_dags/plugins/listener_plugin.py
[2023-08-15T18:53:08.947-0300] {processor.py:179} INFO - Processing /home/alan/repos/pipeline_airflow/pipeline-airflow-venv/lib/python3.11/site-packages/airflow/example_dags/plugins/listener_plugin.py took 0.045 seconds
[2023-08-15T18:54:02.219-0300] {processor.py:157} INFO - Started process (PID=26088) to work on /home/alan/repos/pipeline_airflow/pipeline-airflow-venv/lib/python3.11/site-packages/airflow/example_dags/plugins/listener_plugin.py
[2023-08-15T18:54:02.221-0300] {processor.py:826} INFO - Processing file /home/alan/repos/pipeline_airflow/pipeline-airflow-venv/lib/python3.11/site-packages/airflow/example_dags/plugins/listener_plugin.py for tasks to queue
[2023-08-15T18:54:02.223-0300] {logging_mixin.py:150} INFO - [2023-08-15T18:54:02.222-0300] {dagbag.py:541} INFO - Filling up the DagBag from /home/alan/repos/pipeline_airflow/pipeline-airflow-venv/lib/python3.11/site-packages/airflow/example_dags/plugins/listener_plugin.py
[2023-08-15T18:54:02.228-0300] {processor.py:838} WARNING - No viable dags retrieved from /home/alan/repos/pipeline_airflow/pipeline-airflow-venv/lib/python3.11/site-packages/airflow/example_dags/plugins/listener_plugin.py
[2023-08-15T18:54:02.248-0300] {processor.py:179} INFO - Processing /home/alan/repos/pipeline_airflow/pipeline-airflow-venv/lib/python3.11/site-packages/airflow/example_dags/plugins/listener_plugin.py took 0.035 seconds
[2023-08-15T18:55:34.864-0300] {processor.py:157} INFO - Started process (PID=26713) to work on /home/alan/repos/pipeline_airflow/pipeline-airflow-venv/lib/python3.11/site-packages/airflow/example_dags/plugins/listener_plugin.py
[2023-08-15T18:55:34.997-0300] {processor.py:826} INFO - Processing file /home/alan/repos/pipeline_airflow/pipeline-airflow-venv/lib/python3.11/site-packages/airflow/example_dags/plugins/listener_plugin.py for tasks to queue
[2023-08-15T18:55:34.998-0300] {logging_mixin.py:150} INFO - [2023-08-15T18:55:34.997-0300] {dagbag.py:541} INFO - Filling up the DagBag from /home/alan/repos/pipeline_airflow/pipeline-airflow-venv/lib/python3.11/site-packages/airflow/example_dags/plugins/listener_plugin.py
[2023-08-15T18:55:35.257-0300] {processor.py:838} WARNING - No viable dags retrieved from /home/alan/repos/pipeline_airflow/pipeline-airflow-venv/lib/python3.11/site-packages/airflow/example_dags/plugins/listener_plugin.py
[2023-08-15T18:55:35.283-0300] {processor.py:179} INFO - Processing /home/alan/repos/pipeline_airflow/pipeline-airflow-venv/lib/python3.11/site-packages/airflow/example_dags/plugins/listener_plugin.py took 0.423 seconds
[2023-08-15T18:57:57.156-0300] {processor.py:157} INFO - Started process (PID=27039) to work on /home/alan/repos/pipeline_airflow/pipeline-airflow-venv/lib/python3.11/site-packages/airflow/example_dags/plugins/listener_plugin.py
[2023-08-15T18:57:57.313-0300] {processor.py:826} INFO - Processing file /home/alan/repos/pipeline_airflow/pipeline-airflow-venv/lib/python3.11/site-packages/airflow/example_dags/plugins/listener_plugin.py for tasks to queue
[2023-08-15T18:57:57.316-0300] {logging_mixin.py:150} INFO - [2023-08-15T18:57:57.315-0300] {dagbag.py:541} INFO - Filling up the DagBag from /home/alan/repos/pipeline_airflow/pipeline-airflow-venv/lib/python3.11/site-packages/airflow/example_dags/plugins/listener_plugin.py
[2023-08-15T18:57:57.366-0300] {processor.py:838} WARNING - No viable dags retrieved from /home/alan/repos/pipeline_airflow/pipeline-airflow-venv/lib/python3.11/site-packages/airflow/example_dags/plugins/listener_plugin.py
[2023-08-15T18:57:57.406-0300] {processor.py:179} INFO - Processing /home/alan/repos/pipeline_airflow/pipeline-airflow-venv/lib/python3.11/site-packages/airflow/example_dags/plugins/listener_plugin.py took 0.255 seconds
[2023-08-15T19:01:25.380-0300] {processor.py:157} INFO - Started process (PID=27538) to work on /home/alan/repos/pipeline_airflow/pipeline-airflow-venv/lib/python3.11/site-packages/airflow/example_dags/plugins/listener_plugin.py
[2023-08-15T19:01:25.417-0300] {processor.py:826} INFO - Processing file /home/alan/repos/pipeline_airflow/pipeline-airflow-venv/lib/python3.11/site-packages/airflow/example_dags/plugins/listener_plugin.py for tasks to queue
[2023-08-15T19:01:25.419-0300] {logging_mixin.py:150} INFO - [2023-08-15T19:01:25.418-0300] {dagbag.py:541} INFO - Filling up the DagBag from /home/alan/repos/pipeline_airflow/pipeline-airflow-venv/lib/python3.11/site-packages/airflow/example_dags/plugins/listener_plugin.py
[2023-08-15T19:01:25.434-0300] {processor.py:838} WARNING - No viable dags retrieved from /home/alan/repos/pipeline_airflow/pipeline-airflow-venv/lib/python3.11/site-packages/airflow/example_dags/plugins/listener_plugin.py
[2023-08-15T19:01:25.484-0300] {processor.py:179} INFO - Processing /home/alan/repos/pipeline_airflow/pipeline-airflow-venv/lib/python3.11/site-packages/airflow/example_dags/plugins/listener_plugin.py took 0.119 seconds
[2023-08-15T19:02:43.947-0300] {processor.py:157} INFO - Started process (PID=27772) to work on /home/alan/repos/pipeline_airflow/pipeline-airflow-venv/lib/python3.11/site-packages/airflow/example_dags/plugins/listener_plugin.py
[2023-08-15T19:02:43.959-0300] {processor.py:826} INFO - Processing file /home/alan/repos/pipeline_airflow/pipeline-airflow-venv/lib/python3.11/site-packages/airflow/example_dags/plugins/listener_plugin.py for tasks to queue
[2023-08-15T19:02:43.961-0300] {logging_mixin.py:150} INFO - [2023-08-15T19:02:43.960-0300] {dagbag.py:541} INFO - Filling up the DagBag from /home/alan/repos/pipeline_airflow/pipeline-airflow-venv/lib/python3.11/site-packages/airflow/example_dags/plugins/listener_plugin.py
[2023-08-15T19:02:43.988-0300] {processor.py:838} WARNING - No viable dags retrieved from /home/alan/repos/pipeline_airflow/pipeline-airflow-venv/lib/python3.11/site-packages/airflow/example_dags/plugins/listener_plugin.py
[2023-08-15T19:02:44.012-0300] {processor.py:179} INFO - Processing /home/alan/repos/pipeline_airflow/pipeline-airflow-venv/lib/python3.11/site-packages/airflow/example_dags/plugins/listener_plugin.py took 0.070 seconds
[2023-08-15T19:04:04.268-0300] {processor.py:157} INFO - Started process (PID=28198) to work on /home/alan/repos/pipeline_airflow/pipeline-airflow-venv/lib/python3.11/site-packages/airflow/example_dags/plugins/listener_plugin.py
[2023-08-15T19:04:04.282-0300] {processor.py:826} INFO - Processing file /home/alan/repos/pipeline_airflow/pipeline-airflow-venv/lib/python3.11/site-packages/airflow/example_dags/plugins/listener_plugin.py for tasks to queue
[2023-08-15T19:04:04.283-0300] {logging_mixin.py:150} INFO - [2023-08-15T19:04:04.283-0300] {dagbag.py:541} INFO - Filling up the DagBag from /home/alan/repos/pipeline_airflow/pipeline-airflow-venv/lib/python3.11/site-packages/airflow/example_dags/plugins/listener_plugin.py
[2023-08-15T19:04:04.288-0300] {processor.py:838} WARNING - No viable dags retrieved from /home/alan/repos/pipeline_airflow/pipeline-airflow-venv/lib/python3.11/site-packages/airflow/example_dags/plugins/listener_plugin.py
[2023-08-15T19:04:04.317-0300] {processor.py:179} INFO - Processing /home/alan/repos/pipeline_airflow/pipeline-airflow-venv/lib/python3.11/site-packages/airflow/example_dags/plugins/listener_plugin.py took 0.067 seconds
[2023-08-15T19:05:02.816-0300] {processor.py:157} INFO - Started process (PID=28515) to work on /home/alan/repos/pipeline_airflow/pipeline-airflow-venv/lib/python3.11/site-packages/airflow/example_dags/plugins/listener_plugin.py
[2023-08-15T19:05:02.818-0300] {processor.py:826} INFO - Processing file /home/alan/repos/pipeline_airflow/pipeline-airflow-venv/lib/python3.11/site-packages/airflow/example_dags/plugins/listener_plugin.py for tasks to queue
[2023-08-15T19:05:02.819-0300] {logging_mixin.py:150} INFO - [2023-08-15T19:05:02.819-0300] {dagbag.py:541} INFO - Filling up the DagBag from /home/alan/repos/pipeline_airflow/pipeline-airflow-venv/lib/python3.11/site-packages/airflow/example_dags/plugins/listener_plugin.py
[2023-08-15T19:05:02.825-0300] {processor.py:838} WARNING - No viable dags retrieved from /home/alan/repos/pipeline_airflow/pipeline-airflow-venv/lib/python3.11/site-packages/airflow/example_dags/plugins/listener_plugin.py
[2023-08-15T19:05:02.844-0300] {processor.py:179} INFO - Processing /home/alan/repos/pipeline_airflow/pipeline-airflow-venv/lib/python3.11/site-packages/airflow/example_dags/plugins/listener_plugin.py took 0.035 seconds
[2023-08-15T19:06:14.457-0300] {processor.py:157} INFO - Started process (PID=28745) to work on /home/alan/repos/pipeline_airflow/pipeline-airflow-venv/lib/python3.11/site-packages/airflow/example_dags/plugins/listener_plugin.py
[2023-08-15T19:06:14.459-0300] {processor.py:826} INFO - Processing file /home/alan/repos/pipeline_airflow/pipeline-airflow-venv/lib/python3.11/site-packages/airflow/example_dags/plugins/listener_plugin.py for tasks to queue
[2023-08-15T19:06:14.461-0300] {logging_mixin.py:150} INFO - [2023-08-15T19:06:14.460-0300] {dagbag.py:541} INFO - Filling up the DagBag from /home/alan/repos/pipeline_airflow/pipeline-airflow-venv/lib/python3.11/site-packages/airflow/example_dags/plugins/listener_plugin.py
[2023-08-15T19:06:14.466-0300] {processor.py:838} WARNING - No viable dags retrieved from /home/alan/repos/pipeline_airflow/pipeline-airflow-venv/lib/python3.11/site-packages/airflow/example_dags/plugins/listener_plugin.py
[2023-08-15T19:06:14.487-0300] {processor.py:179} INFO - Processing /home/alan/repos/pipeline_airflow/pipeline-airflow-venv/lib/python3.11/site-packages/airflow/example_dags/plugins/listener_plugin.py took 0.036 seconds
[2023-08-15T19:07:15.016-0300] {processor.py:157} INFO - Started process (PID=28905) to work on /home/alan/repos/pipeline_airflow/pipeline-airflow-venv/lib/python3.11/site-packages/airflow/example_dags/plugins/listener_plugin.py
[2023-08-15T19:07:15.018-0300] {processor.py:826} INFO - Processing file /home/alan/repos/pipeline_airflow/pipeline-airflow-venv/lib/python3.11/site-packages/airflow/example_dags/plugins/listener_plugin.py for tasks to queue
[2023-08-15T19:07:15.019-0300] {logging_mixin.py:150} INFO - [2023-08-15T19:07:15.018-0300] {dagbag.py:541} INFO - Filling up the DagBag from /home/alan/repos/pipeline_airflow/pipeline-airflow-venv/lib/python3.11/site-packages/airflow/example_dags/plugins/listener_plugin.py
[2023-08-15T19:07:15.024-0300] {processor.py:838} WARNING - No viable dags retrieved from /home/alan/repos/pipeline_airflow/pipeline-airflow-venv/lib/python3.11/site-packages/airflow/example_dags/plugins/listener_plugin.py
[2023-08-15T19:07:15.041-0300] {processor.py:179} INFO - Processing /home/alan/repos/pipeline_airflow/pipeline-airflow-venv/lib/python3.11/site-packages/airflow/example_dags/plugins/listener_plugin.py took 0.030 seconds
[2023-08-15T19:08:22.965-0300] {processor.py:157} INFO - Started process (PID=29182) to work on /home/alan/repos/pipeline_airflow/pipeline-airflow-venv/lib/python3.11/site-packages/airflow/example_dags/plugins/listener_plugin.py
[2023-08-15T19:08:22.980-0300] {processor.py:826} INFO - Processing file /home/alan/repos/pipeline_airflow/pipeline-airflow-venv/lib/python3.11/site-packages/airflow/example_dags/plugins/listener_plugin.py for tasks to queue
[2023-08-15T19:08:22.982-0300] {logging_mixin.py:150} INFO - [2023-08-15T19:08:22.981-0300] {dagbag.py:541} INFO - Filling up the DagBag from /home/alan/repos/pipeline_airflow/pipeline-airflow-venv/lib/python3.11/site-packages/airflow/example_dags/plugins/listener_plugin.py
[2023-08-15T19:08:22.990-0300] {processor.py:838} WARNING - No viable dags retrieved from /home/alan/repos/pipeline_airflow/pipeline-airflow-venv/lib/python3.11/site-packages/airflow/example_dags/plugins/listener_plugin.py
[2023-08-15T19:08:23.012-0300] {processor.py:179} INFO - Processing /home/alan/repos/pipeline_airflow/pipeline-airflow-venv/lib/python3.11/site-packages/airflow/example_dags/plugins/listener_plugin.py took 0.057 seconds
[2023-08-15T19:09:24.805-0300] {processor.py:157} INFO - Started process (PID=29345) to work on /home/alan/repos/pipeline_airflow/pipeline-airflow-venv/lib/python3.11/site-packages/airflow/example_dags/plugins/listener_plugin.py
[2023-08-15T19:09:24.822-0300] {processor.py:826} INFO - Processing file /home/alan/repos/pipeline_airflow/pipeline-airflow-venv/lib/python3.11/site-packages/airflow/example_dags/plugins/listener_plugin.py for tasks to queue
[2023-08-15T19:09:24.823-0300] {logging_mixin.py:150} INFO - [2023-08-15T19:09:24.823-0300] {dagbag.py:541} INFO - Filling up the DagBag from /home/alan/repos/pipeline_airflow/pipeline-airflow-venv/lib/python3.11/site-packages/airflow/example_dags/plugins/listener_plugin.py
[2023-08-15T19:09:24.829-0300] {processor.py:838} WARNING - No viable dags retrieved from /home/alan/repos/pipeline_airflow/pipeline-airflow-venv/lib/python3.11/site-packages/airflow/example_dags/plugins/listener_plugin.py
[2023-08-15T19:09:24.849-0300] {processor.py:179} INFO - Processing /home/alan/repos/pipeline_airflow/pipeline-airflow-venv/lib/python3.11/site-packages/airflow/example_dags/plugins/listener_plugin.py took 0.049 seconds
[2023-08-15T19:10:24.437-0300] {processor.py:157} INFO - Started process (PID=29502) to work on /home/alan/repos/pipeline_airflow/pipeline-airflow-venv/lib/python3.11/site-packages/airflow/example_dags/plugins/listener_plugin.py
[2023-08-15T19:10:24.455-0300] {processor.py:826} INFO - Processing file /home/alan/repos/pipeline_airflow/pipeline-airflow-venv/lib/python3.11/site-packages/airflow/example_dags/plugins/listener_plugin.py for tasks to queue
[2023-08-15T19:10:24.457-0300] {logging_mixin.py:150} INFO - [2023-08-15T19:10:24.456-0300] {dagbag.py:541} INFO - Filling up the DagBag from /home/alan/repos/pipeline_airflow/pipeline-airflow-venv/lib/python3.11/site-packages/airflow/example_dags/plugins/listener_plugin.py
[2023-08-15T19:10:24.461-0300] {processor.py:838} WARNING - No viable dags retrieved from /home/alan/repos/pipeline_airflow/pipeline-airflow-venv/lib/python3.11/site-packages/airflow/example_dags/plugins/listener_plugin.py
[2023-08-15T19:10:24.478-0300] {processor.py:179} INFO - Processing /home/alan/repos/pipeline_airflow/pipeline-airflow-venv/lib/python3.11/site-packages/airflow/example_dags/plugins/listener_plugin.py took 0.049 seconds
[2023-08-15T19:11:24.728-0300] {processor.py:157} INFO - Started process (PID=29731) to work on /home/alan/repos/pipeline_airflow/pipeline-airflow-venv/lib/python3.11/site-packages/airflow/example_dags/plugins/listener_plugin.py
[2023-08-15T19:11:24.743-0300] {processor.py:826} INFO - Processing file /home/alan/repos/pipeline_airflow/pipeline-airflow-venv/lib/python3.11/site-packages/airflow/example_dags/plugins/listener_plugin.py for tasks to queue
[2023-08-15T19:11:24.745-0300] {logging_mixin.py:150} INFO - [2023-08-15T19:11:24.744-0300] {dagbag.py:541} INFO - Filling up the DagBag from /home/alan/repos/pipeline_airflow/pipeline-airflow-venv/lib/python3.11/site-packages/airflow/example_dags/plugins/listener_plugin.py
[2023-08-15T19:11:24.753-0300] {processor.py:838} WARNING - No viable dags retrieved from /home/alan/repos/pipeline_airflow/pipeline-airflow-venv/lib/python3.11/site-packages/airflow/example_dags/plugins/listener_plugin.py
[2023-08-15T19:11:24.781-0300] {processor.py:179} INFO - Processing /home/alan/repos/pipeline_airflow/pipeline-airflow-venv/lib/python3.11/site-packages/airflow/example_dags/plugins/listener_plugin.py took 0.061 seconds
[2023-08-15T19:12:30.665-0300] {processor.py:157} INFO - Started process (PID=29929) to work on /home/alan/repos/pipeline_airflow/pipeline-airflow-venv/lib/python3.11/site-packages/airflow/example_dags/plugins/listener_plugin.py
[2023-08-15T19:12:30.674-0300] {processor.py:826} INFO - Processing file /home/alan/repos/pipeline_airflow/pipeline-airflow-venv/lib/python3.11/site-packages/airflow/example_dags/plugins/listener_plugin.py for tasks to queue
[2023-08-15T19:12:30.676-0300] {logging_mixin.py:150} INFO - [2023-08-15T19:12:30.675-0300] {dagbag.py:541} INFO - Filling up the DagBag from /home/alan/repos/pipeline_airflow/pipeline-airflow-venv/lib/python3.11/site-packages/airflow/example_dags/plugins/listener_plugin.py
[2023-08-15T19:12:30.682-0300] {processor.py:838} WARNING - No viable dags retrieved from /home/alan/repos/pipeline_airflow/pipeline-airflow-venv/lib/python3.11/site-packages/airflow/example_dags/plugins/listener_plugin.py
[2023-08-15T19:12:30.702-0300] {processor.py:179} INFO - Processing /home/alan/repos/pipeline_airflow/pipeline-airflow-venv/lib/python3.11/site-packages/airflow/example_dags/plugins/listener_plugin.py took 0.045 seconds
[2023-08-15T19:13:30.009-0300] {processor.py:157} INFO - Started process (PID=30093) to work on /home/alan/repos/pipeline_airflow/pipeline-airflow-venv/lib/python3.11/site-packages/airflow/example_dags/plugins/listener_plugin.py
[2023-08-15T19:13:30.010-0300] {processor.py:826} INFO - Processing file /home/alan/repos/pipeline_airflow/pipeline-airflow-venv/lib/python3.11/site-packages/airflow/example_dags/plugins/listener_plugin.py for tasks to queue
[2023-08-15T19:13:30.012-0300] {logging_mixin.py:150} INFO - [2023-08-15T19:13:30.011-0300] {dagbag.py:541} INFO - Filling up the DagBag from /home/alan/repos/pipeline_airflow/pipeline-airflow-venv/lib/python3.11/site-packages/airflow/example_dags/plugins/listener_plugin.py
[2023-08-15T19:13:30.022-0300] {processor.py:838} WARNING - No viable dags retrieved from /home/alan/repos/pipeline_airflow/pipeline-airflow-venv/lib/python3.11/site-packages/airflow/example_dags/plugins/listener_plugin.py
[2023-08-15T19:13:30.043-0300] {processor.py:179} INFO - Processing /home/alan/repos/pipeline_airflow/pipeline-airflow-venv/lib/python3.11/site-packages/airflow/example_dags/plugins/listener_plugin.py took 0.048 seconds
[2023-08-15T19:14:31.172-0300] {processor.py:157} INFO - Started process (PID=30249) to work on /home/alan/repos/pipeline_airflow/pipeline-airflow-venv/lib/python3.11/site-packages/airflow/example_dags/plugins/listener_plugin.py
[2023-08-15T19:14:31.182-0300] {processor.py:826} INFO - Processing file /home/alan/repos/pipeline_airflow/pipeline-airflow-venv/lib/python3.11/site-packages/airflow/example_dags/plugins/listener_plugin.py for tasks to queue
[2023-08-15T19:14:31.184-0300] {logging_mixin.py:150} INFO - [2023-08-15T19:14:31.183-0300] {dagbag.py:541} INFO - Filling up the DagBag from /home/alan/repos/pipeline_airflow/pipeline-airflow-venv/lib/python3.11/site-packages/airflow/example_dags/plugins/listener_plugin.py
[2023-08-15T19:14:31.189-0300] {processor.py:838} WARNING - No viable dags retrieved from /home/alan/repos/pipeline_airflow/pipeline-airflow-venv/lib/python3.11/site-packages/airflow/example_dags/plugins/listener_plugin.py
[2023-08-15T19:14:31.208-0300] {processor.py:179} INFO - Processing /home/alan/repos/pipeline_airflow/pipeline-airflow-venv/lib/python3.11/site-packages/airflow/example_dags/plugins/listener_plugin.py took 0.041 seconds
[2023-08-15T19:15:27.689-0300] {processor.py:157} INFO - Started process (PID=30394) to work on /home/alan/repos/pipeline_airflow/pipeline-airflow-venv/lib/python3.11/site-packages/airflow/example_dags/plugins/listener_plugin.py
[2023-08-15T19:15:27.704-0300] {processor.py:826} INFO - Processing file /home/alan/repos/pipeline_airflow/pipeline-airflow-venv/lib/python3.11/site-packages/airflow/example_dags/plugins/listener_plugin.py for tasks to queue
[2023-08-15T19:15:27.706-0300] {logging_mixin.py:150} INFO - [2023-08-15T19:15:27.706-0300] {dagbag.py:541} INFO - Filling up the DagBag from /home/alan/repos/pipeline_airflow/pipeline-airflow-venv/lib/python3.11/site-packages/airflow/example_dags/plugins/listener_plugin.py
[2023-08-15T19:15:27.712-0300] {processor.py:838} WARNING - No viable dags retrieved from /home/alan/repos/pipeline_airflow/pipeline-airflow-venv/lib/python3.11/site-packages/airflow/example_dags/plugins/listener_plugin.py
[2023-08-15T19:15:27.731-0300] {processor.py:179} INFO - Processing /home/alan/repos/pipeline_airflow/pipeline-airflow-venv/lib/python3.11/site-packages/airflow/example_dags/plugins/listener_plugin.py took 0.047 seconds
[2023-08-15T19:16:26.018-0300] {processor.py:157} INFO - Started process (PID=30548) to work on /home/alan/repos/pipeline_airflow/pipeline-airflow-venv/lib/python3.11/site-packages/airflow/example_dags/plugins/listener_plugin.py
[2023-08-15T19:16:26.021-0300] {processor.py:826} INFO - Processing file /home/alan/repos/pipeline_airflow/pipeline-airflow-venv/lib/python3.11/site-packages/airflow/example_dags/plugins/listener_plugin.py for tasks to queue
[2023-08-15T19:16:26.023-0300] {logging_mixin.py:150} INFO - [2023-08-15T19:16:26.022-0300] {dagbag.py:541} INFO - Filling up the DagBag from /home/alan/repos/pipeline_airflow/pipeline-airflow-venv/lib/python3.11/site-packages/airflow/example_dags/plugins/listener_plugin.py
[2023-08-15T19:16:26.027-0300] {processor.py:838} WARNING - No viable dags retrieved from /home/alan/repos/pipeline_airflow/pipeline-airflow-venv/lib/python3.11/site-packages/airflow/example_dags/plugins/listener_plugin.py
[2023-08-15T19:16:26.048-0300] {processor.py:179} INFO - Processing /home/alan/repos/pipeline_airflow/pipeline-airflow-venv/lib/python3.11/site-packages/airflow/example_dags/plugins/listener_plugin.py took 0.040 seconds
[2023-08-15T19:17:26.731-0300] {processor.py:157} INFO - Started process (PID=30708) to work on /home/alan/repos/pipeline_airflow/pipeline-airflow-venv/lib/python3.11/site-packages/airflow/example_dags/plugins/listener_plugin.py
[2023-08-15T19:17:26.733-0300] {processor.py:826} INFO - Processing file /home/alan/repos/pipeline_airflow/pipeline-airflow-venv/lib/python3.11/site-packages/airflow/example_dags/plugins/listener_plugin.py for tasks to queue
[2023-08-15T19:17:26.735-0300] {logging_mixin.py:150} INFO - [2023-08-15T19:17:26.734-0300] {dagbag.py:541} INFO - Filling up the DagBag from /home/alan/repos/pipeline_airflow/pipeline-airflow-venv/lib/python3.11/site-packages/airflow/example_dags/plugins/listener_plugin.py
[2023-08-15T19:17:26.741-0300] {processor.py:838} WARNING - No viable dags retrieved from /home/alan/repos/pipeline_airflow/pipeline-airflow-venv/lib/python3.11/site-packages/airflow/example_dags/plugins/listener_plugin.py
[2023-08-15T19:17:26.763-0300] {processor.py:179} INFO - Processing /home/alan/repos/pipeline_airflow/pipeline-airflow-venv/lib/python3.11/site-packages/airflow/example_dags/plugins/listener_plugin.py took 0.039 seconds
[2023-08-15T19:18:25.011-0300] {processor.py:157} INFO - Started process (PID=30859) to work on /home/alan/repos/pipeline_airflow/pipeline-airflow-venv/lib/python3.11/site-packages/airflow/example_dags/plugins/listener_plugin.py
[2023-08-15T19:18:25.013-0300] {processor.py:826} INFO - Processing file /home/alan/repos/pipeline_airflow/pipeline-airflow-venv/lib/python3.11/site-packages/airflow/example_dags/plugins/listener_plugin.py for tasks to queue
[2023-08-15T19:18:25.015-0300] {logging_mixin.py:150} INFO - [2023-08-15T19:18:25.014-0300] {dagbag.py:541} INFO - Filling up the DagBag from /home/alan/repos/pipeline_airflow/pipeline-airflow-venv/lib/python3.11/site-packages/airflow/example_dags/plugins/listener_plugin.py
[2023-08-15T19:18:25.020-0300] {processor.py:838} WARNING - No viable dags retrieved from /home/alan/repos/pipeline_airflow/pipeline-airflow-venv/lib/python3.11/site-packages/airflow/example_dags/plugins/listener_plugin.py
[2023-08-15T19:18:25.040-0300] {processor.py:179} INFO - Processing /home/alan/repos/pipeline_airflow/pipeline-airflow-venv/lib/python3.11/site-packages/airflow/example_dags/plugins/listener_plugin.py took 0.034 seconds
[2023-08-15T19:19:21.911-0300] {processor.py:157} INFO - Started process (PID=31003) to work on /home/alan/repos/pipeline_airflow/pipeline-airflow-venv/lib/python3.11/site-packages/airflow/example_dags/plugins/listener_plugin.py
[2023-08-15T19:19:21.924-0300] {processor.py:826} INFO - Processing file /home/alan/repos/pipeline_airflow/pipeline-airflow-venv/lib/python3.11/site-packages/airflow/example_dags/plugins/listener_plugin.py for tasks to queue
[2023-08-15T19:19:21.926-0300] {logging_mixin.py:150} INFO - [2023-08-15T19:19:21.925-0300] {dagbag.py:541} INFO - Filling up the DagBag from /home/alan/repos/pipeline_airflow/pipeline-airflow-venv/lib/python3.11/site-packages/airflow/example_dags/plugins/listener_plugin.py
[2023-08-15T19:19:21.931-0300] {processor.py:838} WARNING - No viable dags retrieved from /home/alan/repos/pipeline_airflow/pipeline-airflow-venv/lib/python3.11/site-packages/airflow/example_dags/plugins/listener_plugin.py
[2023-08-15T19:19:21.955-0300] {processor.py:179} INFO - Processing /home/alan/repos/pipeline_airflow/pipeline-airflow-venv/lib/python3.11/site-packages/airflow/example_dags/plugins/listener_plugin.py took 0.056 seconds
[2023-08-15T19:20:23.687-0300] {processor.py:157} INFO - Started process (PID=31218) to work on /home/alan/repos/pipeline_airflow/pipeline-airflow-venv/lib/python3.11/site-packages/airflow/example_dags/plugins/listener_plugin.py
[2023-08-15T19:20:23.705-0300] {processor.py:826} INFO - Processing file /home/alan/repos/pipeline_airflow/pipeline-airflow-venv/lib/python3.11/site-packages/airflow/example_dags/plugins/listener_plugin.py for tasks to queue
[2023-08-15T19:20:23.707-0300] {logging_mixin.py:150} INFO - [2023-08-15T19:20:23.706-0300] {dagbag.py:541} INFO - Filling up the DagBag from /home/alan/repos/pipeline_airflow/pipeline-airflow-venv/lib/python3.11/site-packages/airflow/example_dags/plugins/listener_plugin.py
[2023-08-15T19:20:23.713-0300] {processor.py:838} WARNING - No viable dags retrieved from /home/alan/repos/pipeline_airflow/pipeline-airflow-venv/lib/python3.11/site-packages/airflow/example_dags/plugins/listener_plugin.py
[2023-08-15T19:20:23.731-0300] {processor.py:179} INFO - Processing /home/alan/repos/pipeline_airflow/pipeline-airflow-venv/lib/python3.11/site-packages/airflow/example_dags/plugins/listener_plugin.py took 0.050 seconds
[2023-08-15T19:21:35.944-0300] {processor.py:157} INFO - Started process (PID=31557) to work on /home/alan/repos/pipeline_airflow/pipeline-airflow-venv/lib/python3.11/site-packages/airflow/example_dags/plugins/listener_plugin.py
[2023-08-15T19:21:35.959-0300] {processor.py:826} INFO - Processing file /home/alan/repos/pipeline_airflow/pipeline-airflow-venv/lib/python3.11/site-packages/airflow/example_dags/plugins/listener_plugin.py for tasks to queue
[2023-08-15T19:21:35.961-0300] {logging_mixin.py:150} INFO - [2023-08-15T19:21:35.960-0300] {dagbag.py:541} INFO - Filling up the DagBag from /home/alan/repos/pipeline_airflow/pipeline-airflow-venv/lib/python3.11/site-packages/airflow/example_dags/plugins/listener_plugin.py
[2023-08-15T19:21:35.967-0300] {processor.py:838} WARNING - No viable dags retrieved from /home/alan/repos/pipeline_airflow/pipeline-airflow-venv/lib/python3.11/site-packages/airflow/example_dags/plugins/listener_plugin.py
[2023-08-15T19:21:35.993-0300] {processor.py:179} INFO - Processing /home/alan/repos/pipeline_airflow/pipeline-airflow-venv/lib/python3.11/site-packages/airflow/example_dags/plugins/listener_plugin.py took 0.057 seconds
