[2023-08-15T18:19:24.751-0300] {processor.py:157} INFO - Started process (PID=18188) to work on /home/alan/repos/pipeline_airflow/pipeline-airflow-venv/lib/python3.11/site-packages/airflow/example_dags/plugins/workday.py
[2023-08-15T18:19:24.752-0300] {processor.py:826} INFO - Processing file /home/alan/repos/pipeline_airflow/pipeline-airflow-venv/lib/python3.11/site-packages/airflow/example_dags/plugins/workday.py for tasks to queue
[2023-08-15T18:19:24.754-0300] {logging_mixin.py:150} INFO - [2023-08-15T18:19:24.753-0300] {dagbag.py:541} INFO - Filling up the DagBag from /home/alan/repos/pipeline_airflow/pipeline-airflow-venv/lib/python3.11/site-packages/airflow/example_dags/plugins/workday.py
[2023-08-15T18:19:24.758-0300] {logging_mixin.py:150} INFO - [2023-08-15T18:19:24.758-0300] {workday.py:36} WARNING - Could not import pandas. Holidays will not be considered.
[2023-08-15T18:19:24.759-0300] {processor.py:838} WARNING - No viable dags retrieved from /home/alan/repos/pipeline_airflow/pipeline-airflow-venv/lib/python3.11/site-packages/airflow/example_dags/plugins/workday.py
[2023-08-15T18:19:24.775-0300] {processor.py:179} INFO - Processing /home/alan/repos/pipeline_airflow/pipeline-airflow-venv/lib/python3.11/site-packages/airflow/example_dags/plugins/workday.py took 0.029 seconds
[2023-08-15T18:20:51.984-0300] {processor.py:157} INFO - Started process (PID=18785) to work on /home/alan/repos/pipeline_airflow/pipeline-airflow-venv/lib/python3.11/site-packages/airflow/example_dags/plugins/workday.py
[2023-08-15T18:20:51.986-0300] {processor.py:826} INFO - Processing file /home/alan/repos/pipeline_airflow/pipeline-airflow-venv/lib/python3.11/site-packages/airflow/example_dags/plugins/workday.py for tasks to queue
[2023-08-15T18:20:51.988-0300] {logging_mixin.py:150} INFO - [2023-08-15T18:20:51.987-0300] {dagbag.py:541} INFO - Filling up the DagBag from /home/alan/repos/pipeline_airflow/pipeline-airflow-venv/lib/python3.11/site-packages/airflow/example_dags/plugins/workday.py
[2023-08-15T18:20:51.994-0300] {logging_mixin.py:150} INFO - [2023-08-15T18:20:51.994-0300] {workday.py:36} WARNING - Could not import pandas. Holidays will not be considered.
[2023-08-15T18:20:51.995-0300] {processor.py:838} WARNING - No viable dags retrieved from /home/alan/repos/pipeline_airflow/pipeline-airflow-venv/lib/python3.11/site-packages/airflow/example_dags/plugins/workday.py
[2023-08-15T18:20:52.018-0300] {processor.py:179} INFO - Processing /home/alan/repos/pipeline_airflow/pipeline-airflow-venv/lib/python3.11/site-packages/airflow/example_dags/plugins/workday.py took 0.040 seconds
[2023-08-15T18:21:47.277-0300] {processor.py:157} INFO - Started process (PID=18987) to work on /home/alan/repos/pipeline_airflow/pipeline-airflow-venv/lib/python3.11/site-packages/airflow/example_dags/plugins/workday.py
[2023-08-15T18:21:47.280-0300] {processor.py:826} INFO - Processing file /home/alan/repos/pipeline_airflow/pipeline-airflow-venv/lib/python3.11/site-packages/airflow/example_dags/plugins/workday.py for tasks to queue
[2023-08-15T18:21:47.282-0300] {logging_mixin.py:150} INFO - [2023-08-15T18:21:47.281-0300] {dagbag.py:541} INFO - Filling up the DagBag from /home/alan/repos/pipeline_airflow/pipeline-airflow-venv/lib/python3.11/site-packages/airflow/example_dags/plugins/workday.py
[2023-08-15T18:21:47.286-0300] {logging_mixin.py:150} INFO - [2023-08-15T18:21:47.286-0300] {workday.py:36} WARNING - Could not import pandas. Holidays will not be considered.
[2023-08-15T18:21:47.287-0300] {processor.py:838} WARNING - No viable dags retrieved from /home/alan/repos/pipeline_airflow/pipeline-airflow-venv/lib/python3.11/site-packages/airflow/example_dags/plugins/workday.py
[2023-08-15T18:21:47.306-0300] {processor.py:179} INFO - Processing /home/alan/repos/pipeline_airflow/pipeline-airflow-venv/lib/python3.11/site-packages/airflow/example_dags/plugins/workday.py took 0.034 seconds
[2023-08-15T18:22:40.438-0300] {processor.py:157} INFO - Started process (PID=19176) to work on /home/alan/repos/pipeline_airflow/pipeline-airflow-venv/lib/python3.11/site-packages/airflow/example_dags/plugins/workday.py
[2023-08-15T18:22:40.443-0300] {processor.py:826} INFO - Processing file /home/alan/repos/pipeline_airflow/pipeline-airflow-venv/lib/python3.11/site-packages/airflow/example_dags/plugins/workday.py for tasks to queue
[2023-08-15T18:22:40.446-0300] {logging_mixin.py:150} INFO - [2023-08-15T18:22:40.445-0300] {dagbag.py:541} INFO - Filling up the DagBag from /home/alan/repos/pipeline_airflow/pipeline-airflow-venv/lib/python3.11/site-packages/airflow/example_dags/plugins/workday.py
[2023-08-15T18:22:40.452-0300] {logging_mixin.py:150} INFO - [2023-08-15T18:22:40.451-0300] {workday.py:36} WARNING - Could not import pandas. Holidays will not be considered.
[2023-08-15T18:22:40.453-0300] {processor.py:838} WARNING - No viable dags retrieved from /home/alan/repos/pipeline_airflow/pipeline-airflow-venv/lib/python3.11/site-packages/airflow/example_dags/plugins/workday.py
[2023-08-15T18:22:40.475-0300] {processor.py:179} INFO - Processing /home/alan/repos/pipeline_airflow/pipeline-airflow-venv/lib/python3.11/site-packages/airflow/example_dags/plugins/workday.py took 0.043 seconds
[2023-08-15T18:23:38.169-0300] {processor.py:157} INFO - Started process (PID=19372) to work on /home/alan/repos/pipeline_airflow/pipeline-airflow-venv/lib/python3.11/site-packages/airflow/example_dags/plugins/workday.py
[2023-08-15T18:23:38.196-0300] {processor.py:826} INFO - Processing file /home/alan/repos/pipeline_airflow/pipeline-airflow-venv/lib/python3.11/site-packages/airflow/example_dags/plugins/workday.py for tasks to queue
[2023-08-15T18:23:38.198-0300] {logging_mixin.py:150} INFO - [2023-08-15T18:23:38.197-0300] {dagbag.py:541} INFO - Filling up the DagBag from /home/alan/repos/pipeline_airflow/pipeline-airflow-venv/lib/python3.11/site-packages/airflow/example_dags/plugins/workday.py
[2023-08-15T18:23:38.203-0300] {logging_mixin.py:150} INFO - [2023-08-15T18:23:38.202-0300] {workday.py:36} WARNING - Could not import pandas. Holidays will not be considered.
[2023-08-15T18:23:38.203-0300] {processor.py:838} WARNING - No viable dags retrieved from /home/alan/repos/pipeline_airflow/pipeline-airflow-venv/lib/python3.11/site-packages/airflow/example_dags/plugins/workday.py
[2023-08-15T18:23:38.222-0300] {processor.py:179} INFO - Processing /home/alan/repos/pipeline_airflow/pipeline-airflow-venv/lib/python3.11/site-packages/airflow/example_dags/plugins/workday.py took 0.060 seconds
[2023-08-15T18:24:25.254-0300] {processor.py:157} INFO - Started process (PID=19593) to work on /home/alan/repos/pipeline_airflow/pipeline-airflow-venv/lib/python3.11/site-packages/airflow/example_dags/plugins/workday.py
[2023-08-15T18:24:25.265-0300] {processor.py:826} INFO - Processing file /home/alan/repos/pipeline_airflow/pipeline-airflow-venv/lib/python3.11/site-packages/airflow/example_dags/plugins/workday.py for tasks to queue
[2023-08-15T18:24:25.267-0300] {logging_mixin.py:150} INFO - [2023-08-15T18:24:25.266-0300] {dagbag.py:541} INFO - Filling up the DagBag from /home/alan/repos/pipeline_airflow/pipeline-airflow-venv/lib/python3.11/site-packages/airflow/example_dags/plugins/workday.py
[2023-08-15T18:24:25.271-0300] {logging_mixin.py:150} INFO - [2023-08-15T18:24:25.271-0300] {workday.py:36} WARNING - Could not import pandas. Holidays will not be considered.
[2023-08-15T18:24:25.272-0300] {processor.py:838} WARNING - No viable dags retrieved from /home/alan/repos/pipeline_airflow/pipeline-airflow-venv/lib/python3.11/site-packages/airflow/example_dags/plugins/workday.py
[2023-08-15T18:24:25.289-0300] {processor.py:179} INFO - Processing /home/alan/repos/pipeline_airflow/pipeline-airflow-venv/lib/python3.11/site-packages/airflow/example_dags/plugins/workday.py took 0.040 seconds
[2023-08-15T18:26:22.384-0300] {processor.py:157} INFO - Started process (PID=20709) to work on /home/alan/repos/pipeline_airflow/pipeline-airflow-venv/lib/python3.11/site-packages/airflow/example_dags/plugins/workday.py
[2023-08-15T18:26:22.396-0300] {processor.py:826} INFO - Processing file /home/alan/repos/pipeline_airflow/pipeline-airflow-venv/lib/python3.11/site-packages/airflow/example_dags/plugins/workday.py for tasks to queue
[2023-08-15T18:26:22.398-0300] {logging_mixin.py:150} INFO - [2023-08-15T18:26:22.397-0300] {dagbag.py:541} INFO - Filling up the DagBag from /home/alan/repos/pipeline_airflow/pipeline-airflow-venv/lib/python3.11/site-packages/airflow/example_dags/plugins/workday.py
[2023-08-15T18:26:22.403-0300] {logging_mixin.py:150} INFO - [2023-08-15T18:26:22.403-0300] {workday.py:36} WARNING - Could not import pandas. Holidays will not be considered.
[2023-08-15T18:26:22.404-0300] {processor.py:838} WARNING - No viable dags retrieved from /home/alan/repos/pipeline_airflow/pipeline-airflow-venv/lib/python3.11/site-packages/airflow/example_dags/plugins/workday.py
[2023-08-15T18:26:22.420-0300] {processor.py:179} INFO - Processing /home/alan/repos/pipeline_airflow/pipeline-airflow-venv/lib/python3.11/site-packages/airflow/example_dags/plugins/workday.py took 0.041 seconds
[2023-08-15T18:27:09.982-0300] {processor.py:157} INFO - Started process (PID=20875) to work on /home/alan/repos/pipeline_airflow/pipeline-airflow-venv/lib/python3.11/site-packages/airflow/example_dags/plugins/workday.py
[2023-08-15T18:27:09.990-0300] {processor.py:826} INFO - Processing file /home/alan/repos/pipeline_airflow/pipeline-airflow-venv/lib/python3.11/site-packages/airflow/example_dags/plugins/workday.py for tasks to queue
[2023-08-15T18:27:09.992-0300] {logging_mixin.py:150} INFO - [2023-08-15T18:27:09.991-0300] {dagbag.py:541} INFO - Filling up the DagBag from /home/alan/repos/pipeline_airflow/pipeline-airflow-venv/lib/python3.11/site-packages/airflow/example_dags/plugins/workday.py
[2023-08-15T18:27:09.997-0300] {logging_mixin.py:150} INFO - [2023-08-15T18:27:09.997-0300] {workday.py:36} WARNING - Could not import pandas. Holidays will not be considered.
[2023-08-15T18:27:09.998-0300] {processor.py:838} WARNING - No viable dags retrieved from /home/alan/repos/pipeline_airflow/pipeline-airflow-venv/lib/python3.11/site-packages/airflow/example_dags/plugins/workday.py
[2023-08-15T18:27:10.015-0300] {processor.py:179} INFO - Processing /home/alan/repos/pipeline_airflow/pipeline-airflow-venv/lib/python3.11/site-packages/airflow/example_dags/plugins/workday.py took 0.039 seconds
[2023-08-15T18:28:10.751-0300] {processor.py:157} INFO - Started process (PID=21091) to work on /home/alan/repos/pipeline_airflow/pipeline-airflow-venv/lib/python3.11/site-packages/airflow/example_dags/plugins/workday.py
[2023-08-15T18:28:10.769-0300] {processor.py:826} INFO - Processing file /home/alan/repos/pipeline_airflow/pipeline-airflow-venv/lib/python3.11/site-packages/airflow/example_dags/plugins/workday.py for tasks to queue
[2023-08-15T18:28:10.771-0300] {logging_mixin.py:150} INFO - [2023-08-15T18:28:10.770-0300] {dagbag.py:541} INFO - Filling up the DagBag from /home/alan/repos/pipeline_airflow/pipeline-airflow-venv/lib/python3.11/site-packages/airflow/example_dags/plugins/workday.py
[2023-08-15T18:28:10.781-0300] {logging_mixin.py:150} INFO - [2023-08-15T18:28:10.781-0300] {workday.py:36} WARNING - Could not import pandas. Holidays will not be considered.
[2023-08-15T18:28:10.782-0300] {processor.py:838} WARNING - No viable dags retrieved from /home/alan/repos/pipeline_airflow/pipeline-airflow-venv/lib/python3.11/site-packages/airflow/example_dags/plugins/workday.py
[2023-08-15T18:28:10.807-0300] {processor.py:179} INFO - Processing /home/alan/repos/pipeline_airflow/pipeline-airflow-venv/lib/python3.11/site-packages/airflow/example_dags/plugins/workday.py took 0.067 seconds
[2023-08-15T18:29:07.014-0300] {processor.py:157} INFO - Started process (PID=21332) to work on /home/alan/repos/pipeline_airflow/pipeline-airflow-venv/lib/python3.11/site-packages/airflow/example_dags/plugins/workday.py
[2023-08-15T18:29:07.033-0300] {processor.py:826} INFO - Processing file /home/alan/repos/pipeline_airflow/pipeline-airflow-venv/lib/python3.11/site-packages/airflow/example_dags/plugins/workday.py for tasks to queue
[2023-08-15T18:29:07.034-0300] {logging_mixin.py:150} INFO - [2023-08-15T18:29:07.034-0300] {dagbag.py:541} INFO - Filling up the DagBag from /home/alan/repos/pipeline_airflow/pipeline-airflow-venv/lib/python3.11/site-packages/airflow/example_dags/plugins/workday.py
[2023-08-15T18:29:07.039-0300] {logging_mixin.py:150} INFO - [2023-08-15T18:29:07.039-0300] {workday.py:36} WARNING - Could not import pandas. Holidays will not be considered.
[2023-08-15T18:29:07.040-0300] {processor.py:838} WARNING - No viable dags retrieved from /home/alan/repos/pipeline_airflow/pipeline-airflow-venv/lib/python3.11/site-packages/airflow/example_dags/plugins/workday.py
[2023-08-15T18:29:07.058-0300] {processor.py:179} INFO - Processing /home/alan/repos/pipeline_airflow/pipeline-airflow-venv/lib/python3.11/site-packages/airflow/example_dags/plugins/workday.py took 0.051 seconds
[2023-08-15T18:30:05.610-0300] {processor.py:157} INFO - Started process (PID=21555) to work on /home/alan/repos/pipeline_airflow/pipeline-airflow-venv/lib/python3.11/site-packages/airflow/example_dags/plugins/workday.py
[2023-08-15T18:30:05.623-0300] {processor.py:826} INFO - Processing file /home/alan/repos/pipeline_airflow/pipeline-airflow-venv/lib/python3.11/site-packages/airflow/example_dags/plugins/workday.py for tasks to queue
[2023-08-15T18:30:05.625-0300] {logging_mixin.py:150} INFO - [2023-08-15T18:30:05.624-0300] {dagbag.py:541} INFO - Filling up the DagBag from /home/alan/repos/pipeline_airflow/pipeline-airflow-venv/lib/python3.11/site-packages/airflow/example_dags/plugins/workday.py
[2023-08-15T18:30:05.630-0300] {logging_mixin.py:150} INFO - [2023-08-15T18:30:05.629-0300] {workday.py:36} WARNING - Could not import pandas. Holidays will not be considered.
[2023-08-15T18:30:05.630-0300] {processor.py:838} WARNING - No viable dags retrieved from /home/alan/repos/pipeline_airflow/pipeline-airflow-venv/lib/python3.11/site-packages/airflow/example_dags/plugins/workday.py
[2023-08-15T18:30:05.648-0300] {processor.py:179} INFO - Processing /home/alan/repos/pipeline_airflow/pipeline-airflow-venv/lib/python3.11/site-packages/airflow/example_dags/plugins/workday.py took 0.044 seconds
[2023-08-15T18:30:59.774-0300] {processor.py:157} INFO - Started process (PID=21756) to work on /home/alan/repos/pipeline_airflow/pipeline-airflow-venv/lib/python3.11/site-packages/airflow/example_dags/plugins/workday.py
[2023-08-15T18:30:59.788-0300] {processor.py:826} INFO - Processing file /home/alan/repos/pipeline_airflow/pipeline-airflow-venv/lib/python3.11/site-packages/airflow/example_dags/plugins/workday.py for tasks to queue
[2023-08-15T18:30:59.789-0300] {logging_mixin.py:150} INFO - [2023-08-15T18:30:59.789-0300] {dagbag.py:541} INFO - Filling up the DagBag from /home/alan/repos/pipeline_airflow/pipeline-airflow-venv/lib/python3.11/site-packages/airflow/example_dags/plugins/workday.py
[2023-08-15T18:30:59.794-0300] {logging_mixin.py:150} INFO - [2023-08-15T18:30:59.794-0300] {workday.py:36} WARNING - Could not import pandas. Holidays will not be considered.
[2023-08-15T18:30:59.795-0300] {processor.py:838} WARNING - No viable dags retrieved from /home/alan/repos/pipeline_airflow/pipeline-airflow-venv/lib/python3.11/site-packages/airflow/example_dags/plugins/workday.py
[2023-08-15T18:30:59.831-0300] {processor.py:179} INFO - Processing /home/alan/repos/pipeline_airflow/pipeline-airflow-venv/lib/python3.11/site-packages/airflow/example_dags/plugins/workday.py took 0.071 seconds
[2023-08-15T18:31:56.247-0300] {processor.py:157} INFO - Started process (PID=21956) to work on /home/alan/repos/pipeline_airflow/pipeline-airflow-venv/lib/python3.11/site-packages/airflow/example_dags/plugins/workday.py
[2023-08-15T18:31:56.256-0300] {processor.py:826} INFO - Processing file /home/alan/repos/pipeline_airflow/pipeline-airflow-venv/lib/python3.11/site-packages/airflow/example_dags/plugins/workday.py for tasks to queue
[2023-08-15T18:31:56.258-0300] {logging_mixin.py:150} INFO - [2023-08-15T18:31:56.257-0300] {dagbag.py:541} INFO - Filling up the DagBag from /home/alan/repos/pipeline_airflow/pipeline-airflow-venv/lib/python3.11/site-packages/airflow/example_dags/plugins/workday.py
[2023-08-15T18:31:56.269-0300] {logging_mixin.py:150} INFO - [2023-08-15T18:31:56.268-0300] {workday.py:36} WARNING - Could not import pandas. Holidays will not be considered.
[2023-08-15T18:31:56.269-0300] {processor.py:838} WARNING - No viable dags retrieved from /home/alan/repos/pipeline_airflow/pipeline-airflow-venv/lib/python3.11/site-packages/airflow/example_dags/plugins/workday.py
[2023-08-15T18:31:56.296-0300] {processor.py:179} INFO - Processing /home/alan/repos/pipeline_airflow/pipeline-airflow-venv/lib/python3.11/site-packages/airflow/example_dags/plugins/workday.py took 0.070 seconds
[2023-08-15T18:32:51.707-0300] {processor.py:157} INFO - Started process (PID=22166) to work on /home/alan/repos/pipeline_airflow/pipeline-airflow-venv/lib/python3.11/site-packages/airflow/example_dags/plugins/workday.py
[2023-08-15T18:32:51.727-0300] {processor.py:826} INFO - Processing file /home/alan/repos/pipeline_airflow/pipeline-airflow-venv/lib/python3.11/site-packages/airflow/example_dags/plugins/workday.py for tasks to queue
[2023-08-15T18:32:51.729-0300] {logging_mixin.py:150} INFO - [2023-08-15T18:32:51.728-0300] {dagbag.py:541} INFO - Filling up the DagBag from /home/alan/repos/pipeline_airflow/pipeline-airflow-venv/lib/python3.11/site-packages/airflow/example_dags/plugins/workday.py
[2023-08-15T18:32:51.733-0300] {logging_mixin.py:150} INFO - [2023-08-15T18:32:51.733-0300] {workday.py:36} WARNING - Could not import pandas. Holidays will not be considered.
[2023-08-15T18:32:51.734-0300] {processor.py:838} WARNING - No viable dags retrieved from /home/alan/repos/pipeline_airflow/pipeline-airflow-venv/lib/python3.11/site-packages/airflow/example_dags/plugins/workday.py
[2023-08-15T18:32:51.764-0300] {processor.py:179} INFO - Processing /home/alan/repos/pipeline_airflow/pipeline-airflow-venv/lib/python3.11/site-packages/airflow/example_dags/plugins/workday.py took 0.066 seconds
[2023-08-15T18:33:50.044-0300] {processor.py:157} INFO - Started process (PID=22394) to work on /home/alan/repos/pipeline_airflow/pipeline-airflow-venv/lib/python3.11/site-packages/airflow/example_dags/plugins/workday.py
[2023-08-15T18:33:50.055-0300] {processor.py:826} INFO - Processing file /home/alan/repos/pipeline_airflow/pipeline-airflow-venv/lib/python3.11/site-packages/airflow/example_dags/plugins/workday.py for tasks to queue
[2023-08-15T18:33:50.058-0300] {logging_mixin.py:150} INFO - [2023-08-15T18:33:50.057-0300] {dagbag.py:541} INFO - Filling up the DagBag from /home/alan/repos/pipeline_airflow/pipeline-airflow-venv/lib/python3.11/site-packages/airflow/example_dags/plugins/workday.py
[2023-08-15T18:33:50.064-0300] {logging_mixin.py:150} INFO - [2023-08-15T18:33:50.063-0300] {workday.py:36} WARNING - Could not import pandas. Holidays will not be considered.
[2023-08-15T18:33:50.065-0300] {processor.py:838} WARNING - No viable dags retrieved from /home/alan/repos/pipeline_airflow/pipeline-airflow-venv/lib/python3.11/site-packages/airflow/example_dags/plugins/workday.py
[2023-08-15T18:33:50.086-0300] {processor.py:179} INFO - Processing /home/alan/repos/pipeline_airflow/pipeline-airflow-venv/lib/python3.11/site-packages/airflow/example_dags/plugins/workday.py took 0.047 seconds
[2023-08-15T18:34:45.300-0300] {processor.py:157} INFO - Started process (PID=22580) to work on /home/alan/repos/pipeline_airflow/pipeline-airflow-venv/lib/python3.11/site-packages/airflow/example_dags/plugins/workday.py
[2023-08-15T18:34:45.302-0300] {processor.py:826} INFO - Processing file /home/alan/repos/pipeline_airflow/pipeline-airflow-venv/lib/python3.11/site-packages/airflow/example_dags/plugins/workday.py for tasks to queue
[2023-08-15T18:34:45.304-0300] {logging_mixin.py:150} INFO - [2023-08-15T18:34:45.303-0300] {dagbag.py:541} INFO - Filling up the DagBag from /home/alan/repos/pipeline_airflow/pipeline-airflow-venv/lib/python3.11/site-packages/airflow/example_dags/plugins/workday.py
[2023-08-15T18:34:45.309-0300] {logging_mixin.py:150} INFO - [2023-08-15T18:34:45.309-0300] {workday.py:36} WARNING - Could not import pandas. Holidays will not be considered.
[2023-08-15T18:34:45.310-0300] {processor.py:838} WARNING - No viable dags retrieved from /home/alan/repos/pipeline_airflow/pipeline-airflow-venv/lib/python3.11/site-packages/airflow/example_dags/plugins/workday.py
[2023-08-15T18:34:45.329-0300] {processor.py:179} INFO - Processing /home/alan/repos/pipeline_airflow/pipeline-airflow-venv/lib/python3.11/site-packages/airflow/example_dags/plugins/workday.py took 0.036 seconds
[2023-08-15T18:35:39.262-0300] {processor.py:157} INFO - Started process (PID=22777) to work on /home/alan/repos/pipeline_airflow/pipeline-airflow-venv/lib/python3.11/site-packages/airflow/example_dags/plugins/workday.py
[2023-08-15T18:35:39.263-0300] {processor.py:826} INFO - Processing file /home/alan/repos/pipeline_airflow/pipeline-airflow-venv/lib/python3.11/site-packages/airflow/example_dags/plugins/workday.py for tasks to queue
[2023-08-15T18:35:39.265-0300] {logging_mixin.py:150} INFO - [2023-08-15T18:35:39.264-0300] {dagbag.py:541} INFO - Filling up the DagBag from /home/alan/repos/pipeline_airflow/pipeline-airflow-venv/lib/python3.11/site-packages/airflow/example_dags/plugins/workday.py
[2023-08-15T18:35:39.269-0300] {logging_mixin.py:150} INFO - [2023-08-15T18:35:39.269-0300] {workday.py:36} WARNING - Could not import pandas. Holidays will not be considered.
[2023-08-15T18:35:39.270-0300] {processor.py:838} WARNING - No viable dags retrieved from /home/alan/repos/pipeline_airflow/pipeline-airflow-venv/lib/python3.11/site-packages/airflow/example_dags/plugins/workday.py
[2023-08-15T18:35:39.286-0300] {processor.py:179} INFO - Processing /home/alan/repos/pipeline_airflow/pipeline-airflow-venv/lib/python3.11/site-packages/airflow/example_dags/plugins/workday.py took 0.030 seconds
[2023-08-15T18:36:39.570-0300] {processor.py:157} INFO - Started process (PID=23000) to work on /home/alan/repos/pipeline_airflow/pipeline-airflow-venv/lib/python3.11/site-packages/airflow/example_dags/plugins/workday.py
[2023-08-15T18:36:39.610-0300] {processor.py:826} INFO - Processing file /home/alan/repos/pipeline_airflow/pipeline-airflow-venv/lib/python3.11/site-packages/airflow/example_dags/plugins/workday.py for tasks to queue
[2023-08-15T18:36:39.612-0300] {logging_mixin.py:150} INFO - [2023-08-15T18:36:39.611-0300] {dagbag.py:541} INFO - Filling up the DagBag from /home/alan/repos/pipeline_airflow/pipeline-airflow-venv/lib/python3.11/site-packages/airflow/example_dags/plugins/workday.py
[2023-08-15T18:36:39.617-0300] {logging_mixin.py:150} INFO - [2023-08-15T18:36:39.617-0300] {workday.py:36} WARNING - Could not import pandas. Holidays will not be considered.
[2023-08-15T18:36:39.618-0300] {processor.py:838} WARNING - No viable dags retrieved from /home/alan/repos/pipeline_airflow/pipeline-airflow-venv/lib/python3.11/site-packages/airflow/example_dags/plugins/workday.py
[2023-08-15T18:36:39.639-0300] {processor.py:179} INFO - Processing /home/alan/repos/pipeline_airflow/pipeline-airflow-venv/lib/python3.11/site-packages/airflow/example_dags/plugins/workday.py took 0.074 seconds
[2023-08-15T18:37:54.061-0300] {processor.py:157} INFO - Started process (PID=23305) to work on /home/alan/repos/pipeline_airflow/pipeline-airflow-venv/lib/python3.11/site-packages/airflow/example_dags/plugins/workday.py
[2023-08-15T18:37:54.077-0300] {processor.py:826} INFO - Processing file /home/alan/repos/pipeline_airflow/pipeline-airflow-venv/lib/python3.11/site-packages/airflow/example_dags/plugins/workday.py for tasks to queue
[2023-08-15T18:37:54.079-0300] {logging_mixin.py:150} INFO - [2023-08-15T18:37:54.078-0300] {dagbag.py:541} INFO - Filling up the DagBag from /home/alan/repos/pipeline_airflow/pipeline-airflow-venv/lib/python3.11/site-packages/airflow/example_dags/plugins/workday.py
[2023-08-15T18:37:54.083-0300] {logging_mixin.py:150} INFO - [2023-08-15T18:37:54.083-0300] {workday.py:36} WARNING - Could not import pandas. Holidays will not be considered.
[2023-08-15T18:37:54.085-0300] {processor.py:838} WARNING - No viable dags retrieved from /home/alan/repos/pipeline_airflow/pipeline-airflow-venv/lib/python3.11/site-packages/airflow/example_dags/plugins/workday.py
[2023-08-15T18:37:54.114-0300] {processor.py:179} INFO - Processing /home/alan/repos/pipeline_airflow/pipeline-airflow-venv/lib/python3.11/site-packages/airflow/example_dags/plugins/workday.py took 0.060 seconds
[2023-08-15T18:43:30.791-0300] {processor.py:157} INFO - Started process (PID=23590) to work on /home/alan/repos/pipeline_airflow/pipeline-airflow-venv/lib/python3.11/site-packages/airflow/example_dags/plugins/workday.py
[2023-08-15T18:43:30.805-0300] {processor.py:826} INFO - Processing file /home/alan/repos/pipeline_airflow/pipeline-airflow-venv/lib/python3.11/site-packages/airflow/example_dags/plugins/workday.py for tasks to queue
[2023-08-15T18:43:30.807-0300] {logging_mixin.py:150} INFO - [2023-08-15T18:43:30.806-0300] {dagbag.py:541} INFO - Filling up the DagBag from /home/alan/repos/pipeline_airflow/pipeline-airflow-venv/lib/python3.11/site-packages/airflow/example_dags/plugins/workday.py
[2023-08-15T18:43:30.812-0300] {logging_mixin.py:150} INFO - [2023-08-15T18:43:30.812-0300] {workday.py:36} WARNING - Could not import pandas. Holidays will not be considered.
[2023-08-15T18:43:30.813-0300] {processor.py:838} WARNING - No viable dags retrieved from /home/alan/repos/pipeline_airflow/pipeline-airflow-venv/lib/python3.11/site-packages/airflow/example_dags/plugins/workday.py
[2023-08-15T18:43:30.834-0300] {processor.py:179} INFO - Processing /home/alan/repos/pipeline_airflow/pipeline-airflow-venv/lib/python3.11/site-packages/airflow/example_dags/plugins/workday.py took 0.048 seconds
[2023-08-15T18:44:11.060-0300] {processor.py:157} INFO - Started process (PID=23694) to work on /home/alan/repos/pipeline_airflow/pipeline-airflow-venv/lib/python3.11/site-packages/airflow/example_dags/plugins/workday.py
[2023-08-15T18:44:11.067-0300] {processor.py:826} INFO - Processing file /home/alan/repos/pipeline_airflow/pipeline-airflow-venv/lib/python3.11/site-packages/airflow/example_dags/plugins/workday.py for tasks to queue
[2023-08-15T18:44:11.069-0300] {logging_mixin.py:150} INFO - [2023-08-15T18:44:11.068-0300] {dagbag.py:541} INFO - Filling up the DagBag from /home/alan/repos/pipeline_airflow/pipeline-airflow-venv/lib/python3.11/site-packages/airflow/example_dags/plugins/workday.py
[2023-08-15T18:44:11.074-0300] {logging_mixin.py:150} INFO - [2023-08-15T18:44:11.074-0300] {workday.py:36} WARNING - Could not import pandas. Holidays will not be considered.
[2023-08-15T18:44:11.075-0300] {processor.py:838} WARNING - No viable dags retrieved from /home/alan/repos/pipeline_airflow/pipeline-airflow-venv/lib/python3.11/site-packages/airflow/example_dags/plugins/workday.py
[2023-08-15T18:44:11.095-0300] {processor.py:179} INFO - Processing /home/alan/repos/pipeline_airflow/pipeline-airflow-venv/lib/python3.11/site-packages/airflow/example_dags/plugins/workday.py took 0.041 seconds
[2023-08-15T18:45:29.961-0300] {processor.py:157} INFO - Started process (PID=24102) to work on /home/alan/repos/pipeline_airflow/pipeline-airflow-venv/lib/python3.11/site-packages/airflow/example_dags/plugins/workday.py
[2023-08-15T18:45:29.973-0300] {processor.py:826} INFO - Processing file /home/alan/repos/pipeline_airflow/pipeline-airflow-venv/lib/python3.11/site-packages/airflow/example_dags/plugins/workday.py for tasks to queue
[2023-08-15T18:45:29.975-0300] {logging_mixin.py:150} INFO - [2023-08-15T18:45:29.974-0300] {dagbag.py:541} INFO - Filling up the DagBag from /home/alan/repos/pipeline_airflow/pipeline-airflow-venv/lib/python3.11/site-packages/airflow/example_dags/plugins/workday.py
[2023-08-15T18:45:29.980-0300] {logging_mixin.py:150} INFO - [2023-08-15T18:45:29.979-0300] {workday.py:36} WARNING - Could not import pandas. Holidays will not be considered.
[2023-08-15T18:45:29.981-0300] {processor.py:838} WARNING - No viable dags retrieved from /home/alan/repos/pipeline_airflow/pipeline-airflow-venv/lib/python3.11/site-packages/airflow/example_dags/plugins/workday.py
[2023-08-15T18:45:30.000-0300] {processor.py:179} INFO - Processing /home/alan/repos/pipeline_airflow/pipeline-airflow-venv/lib/python3.11/site-packages/airflow/example_dags/plugins/workday.py took 0.045 seconds
[2023-08-15T18:46:37.411-0300] {processor.py:157} INFO - Started process (PID=24331) to work on /home/alan/repos/pipeline_airflow/pipeline-airflow-venv/lib/python3.11/site-packages/airflow/example_dags/plugins/workday.py
[2023-08-15T18:46:37.427-0300] {processor.py:826} INFO - Processing file /home/alan/repos/pipeline_airflow/pipeline-airflow-venv/lib/python3.11/site-packages/airflow/example_dags/plugins/workday.py for tasks to queue
[2023-08-15T18:46:37.430-0300] {logging_mixin.py:150} INFO - [2023-08-15T18:46:37.429-0300] {dagbag.py:541} INFO - Filling up the DagBag from /home/alan/repos/pipeline_airflow/pipeline-airflow-venv/lib/python3.11/site-packages/airflow/example_dags/plugins/workday.py
[2023-08-15T18:46:37.435-0300] {logging_mixin.py:150} INFO - [2023-08-15T18:46:37.435-0300] {workday.py:36} WARNING - Could not import pandas. Holidays will not be considered.
[2023-08-15T18:46:37.436-0300] {processor.py:838} WARNING - No viable dags retrieved from /home/alan/repos/pipeline_airflow/pipeline-airflow-venv/lib/python3.11/site-packages/airflow/example_dags/plugins/workday.py
[2023-08-15T18:46:37.456-0300] {processor.py:179} INFO - Processing /home/alan/repos/pipeline_airflow/pipeline-airflow-venv/lib/python3.11/site-packages/airflow/example_dags/plugins/workday.py took 0.053 seconds
[2023-08-15T18:47:42.468-0300] {processor.py:157} INFO - Started process (PID=24562) to work on /home/alan/repos/pipeline_airflow/pipeline-airflow-venv/lib/python3.11/site-packages/airflow/example_dags/plugins/workday.py
[2023-08-15T18:47:42.483-0300] {processor.py:826} INFO - Processing file /home/alan/repos/pipeline_airflow/pipeline-airflow-venv/lib/python3.11/site-packages/airflow/example_dags/plugins/workday.py for tasks to queue
[2023-08-15T18:47:42.485-0300] {logging_mixin.py:150} INFO - [2023-08-15T18:47:42.484-0300] {dagbag.py:541} INFO - Filling up the DagBag from /home/alan/repos/pipeline_airflow/pipeline-airflow-venv/lib/python3.11/site-packages/airflow/example_dags/plugins/workday.py
[2023-08-15T18:47:42.491-0300] {logging_mixin.py:150} INFO - [2023-08-15T18:47:42.490-0300] {workday.py:36} WARNING - Could not import pandas. Holidays will not be considered.
[2023-08-15T18:47:42.491-0300] {processor.py:838} WARNING - No viable dags retrieved from /home/alan/repos/pipeline_airflow/pipeline-airflow-venv/lib/python3.11/site-packages/airflow/example_dags/plugins/workday.py
[2023-08-15T18:47:42.512-0300] {processor.py:179} INFO - Processing /home/alan/repos/pipeline_airflow/pipeline-airflow-venv/lib/python3.11/site-packages/airflow/example_dags/plugins/workday.py took 0.051 seconds
[2023-08-15T18:48:49.179-0300] {processor.py:157} INFO - Started process (PID=24782) to work on /home/alan/repos/pipeline_airflow/pipeline-airflow-venv/lib/python3.11/site-packages/airflow/example_dags/plugins/workday.py
[2023-08-15T18:48:49.191-0300] {processor.py:826} INFO - Processing file /home/alan/repos/pipeline_airflow/pipeline-airflow-venv/lib/python3.11/site-packages/airflow/example_dags/plugins/workday.py for tasks to queue
[2023-08-15T18:48:49.192-0300] {logging_mixin.py:150} INFO - [2023-08-15T18:48:49.191-0300] {dagbag.py:541} INFO - Filling up the DagBag from /home/alan/repos/pipeline_airflow/pipeline-airflow-venv/lib/python3.11/site-packages/airflow/example_dags/plugins/workday.py
[2023-08-15T18:48:49.197-0300] {logging_mixin.py:150} INFO - [2023-08-15T18:48:49.197-0300] {workday.py:36} WARNING - Could not import pandas. Holidays will not be considered.
[2023-08-15T18:48:49.198-0300] {processor.py:838} WARNING - No viable dags retrieved from /home/alan/repos/pipeline_airflow/pipeline-airflow-venv/lib/python3.11/site-packages/airflow/example_dags/plugins/workday.py
[2023-08-15T18:48:49.218-0300] {processor.py:179} INFO - Processing /home/alan/repos/pipeline_airflow/pipeline-airflow-venv/lib/python3.11/site-packages/airflow/example_dags/plugins/workday.py took 0.045 seconds
[2023-08-15T18:49:53.404-0300] {processor.py:157} INFO - Started process (PID=25003) to work on /home/alan/repos/pipeline_airflow/pipeline-airflow-venv/lib/python3.11/site-packages/airflow/example_dags/plugins/workday.py
[2023-08-15T18:49:53.418-0300] {processor.py:826} INFO - Processing file /home/alan/repos/pipeline_airflow/pipeline-airflow-venv/lib/python3.11/site-packages/airflow/example_dags/plugins/workday.py for tasks to queue
[2023-08-15T18:49:53.419-0300] {logging_mixin.py:150} INFO - [2023-08-15T18:49:53.418-0300] {dagbag.py:541} INFO - Filling up the DagBag from /home/alan/repos/pipeline_airflow/pipeline-airflow-venv/lib/python3.11/site-packages/airflow/example_dags/plugins/workday.py
[2023-08-15T18:49:53.425-0300] {logging_mixin.py:150} INFO - [2023-08-15T18:49:53.424-0300] {workday.py:36} WARNING - Could not import pandas. Holidays will not be considered.
[2023-08-15T18:49:53.425-0300] {processor.py:838} WARNING - No viable dags retrieved from /home/alan/repos/pipeline_airflow/pipeline-airflow-venv/lib/python3.11/site-packages/airflow/example_dags/plugins/workday.py
[2023-08-15T18:49:53.448-0300] {processor.py:179} INFO - Processing /home/alan/repos/pipeline_airflow/pipeline-airflow-venv/lib/python3.11/site-packages/airflow/example_dags/plugins/workday.py took 0.050 seconds
[2023-08-15T18:50:56.773-0300] {processor.py:157} INFO - Started process (PID=25287) to work on /home/alan/repos/pipeline_airflow/pipeline-airflow-venv/lib/python3.11/site-packages/airflow/example_dags/plugins/workday.py
[2023-08-15T18:50:56.781-0300] {processor.py:826} INFO - Processing file /home/alan/repos/pipeline_airflow/pipeline-airflow-venv/lib/python3.11/site-packages/airflow/example_dags/plugins/workday.py for tasks to queue
[2023-08-15T18:50:56.783-0300] {logging_mixin.py:150} INFO - [2023-08-15T18:50:56.782-0300] {dagbag.py:541} INFO - Filling up the DagBag from /home/alan/repos/pipeline_airflow/pipeline-airflow-venv/lib/python3.11/site-packages/airflow/example_dags/plugins/workday.py
[2023-08-15T18:50:56.796-0300] {logging_mixin.py:150} INFO - [2023-08-15T18:50:56.796-0300] {workday.py:36} WARNING - Could not import pandas. Holidays will not be considered.
[2023-08-15T18:50:56.797-0300] {processor.py:838} WARNING - No viable dags retrieved from /home/alan/repos/pipeline_airflow/pipeline-airflow-venv/lib/python3.11/site-packages/airflow/example_dags/plugins/workday.py
[2023-08-15T18:50:56.838-0300] {processor.py:179} INFO - Processing /home/alan/repos/pipeline_airflow/pipeline-airflow-venv/lib/python3.11/site-packages/airflow/example_dags/plugins/workday.py took 0.082 seconds
[2023-08-15T18:52:08.242-0300] {processor.py:157} INFO - Started process (PID=25616) to work on /home/alan/repos/pipeline_airflow/pipeline-airflow-venv/lib/python3.11/site-packages/airflow/example_dags/plugins/workday.py
[2023-08-15T18:52:08.258-0300] {processor.py:826} INFO - Processing file /home/alan/repos/pipeline_airflow/pipeline-airflow-venv/lib/python3.11/site-packages/airflow/example_dags/plugins/workday.py for tasks to queue
[2023-08-15T18:52:08.259-0300] {logging_mixin.py:150} INFO - [2023-08-15T18:52:08.259-0300] {dagbag.py:541} INFO - Filling up the DagBag from /home/alan/repos/pipeline_airflow/pipeline-airflow-venv/lib/python3.11/site-packages/airflow/example_dags/plugins/workday.py
[2023-08-15T18:52:08.264-0300] {logging_mixin.py:150} INFO - [2023-08-15T18:52:08.264-0300] {workday.py:36} WARNING - Could not import pandas. Holidays will not be considered.
[2023-08-15T18:52:08.265-0300] {processor.py:838} WARNING - No viable dags retrieved from /home/alan/repos/pipeline_airflow/pipeline-airflow-venv/lib/python3.11/site-packages/airflow/example_dags/plugins/workday.py
[2023-08-15T18:52:08.284-0300] {processor.py:179} INFO - Processing /home/alan/repos/pipeline_airflow/pipeline-airflow-venv/lib/python3.11/site-packages/airflow/example_dags/plugins/workday.py took 0.048 seconds
[2023-08-15T18:53:07.718-0300] {processor.py:157} INFO - Started process (PID=25877) to work on /home/alan/repos/pipeline_airflow/pipeline-airflow-venv/lib/python3.11/site-packages/airflow/example_dags/plugins/workday.py
[2023-08-15T18:53:07.719-0300] {processor.py:826} INFO - Processing file /home/alan/repos/pipeline_airflow/pipeline-airflow-venv/lib/python3.11/site-packages/airflow/example_dags/plugins/workday.py for tasks to queue
[2023-08-15T18:53:07.721-0300] {logging_mixin.py:150} INFO - [2023-08-15T18:53:07.720-0300] {dagbag.py:541} INFO - Filling up the DagBag from /home/alan/repos/pipeline_airflow/pipeline-airflow-venv/lib/python3.11/site-packages/airflow/example_dags/plugins/workday.py
[2023-08-15T18:53:07.727-0300] {logging_mixin.py:150} INFO - [2023-08-15T18:53:07.726-0300] {workday.py:36} WARNING - Could not import pandas. Holidays will not be considered.
[2023-08-15T18:53:07.728-0300] {processor.py:838} WARNING - No viable dags retrieved from /home/alan/repos/pipeline_airflow/pipeline-airflow-venv/lib/python3.11/site-packages/airflow/example_dags/plugins/workday.py
[2023-08-15T18:53:07.747-0300] {processor.py:179} INFO - Processing /home/alan/repos/pipeline_airflow/pipeline-airflow-venv/lib/python3.11/site-packages/airflow/example_dags/plugins/workday.py took 0.036 seconds
[2023-08-15T18:54:00.997-0300] {processor.py:157} INFO - Started process (PID=26087) to work on /home/alan/repos/pipeline_airflow/pipeline-airflow-venv/lib/python3.11/site-packages/airflow/example_dags/plugins/workday.py
[2023-08-15T18:54:00.999-0300] {processor.py:826} INFO - Processing file /home/alan/repos/pipeline_airflow/pipeline-airflow-venv/lib/python3.11/site-packages/airflow/example_dags/plugins/workday.py for tasks to queue
[2023-08-15T18:54:01.001-0300] {logging_mixin.py:150} INFO - [2023-08-15T18:54:01.000-0300] {dagbag.py:541} INFO - Filling up the DagBag from /home/alan/repos/pipeline_airflow/pipeline-airflow-venv/lib/python3.11/site-packages/airflow/example_dags/plugins/workday.py
[2023-08-15T18:54:01.007-0300] {logging_mixin.py:150} INFO - [2023-08-15T18:54:01.006-0300] {workday.py:36} WARNING - Could not import pandas. Holidays will not be considered.
[2023-08-15T18:54:01.008-0300] {processor.py:838} WARNING - No viable dags retrieved from /home/alan/repos/pipeline_airflow/pipeline-airflow-venv/lib/python3.11/site-packages/airflow/example_dags/plugins/workday.py
[2023-08-15T18:54:01.027-0300] {processor.py:179} INFO - Processing /home/alan/repos/pipeline_airflow/pipeline-airflow-venv/lib/python3.11/site-packages/airflow/example_dags/plugins/workday.py took 0.036 seconds
[2023-08-15T18:55:33.552-0300] {processor.py:157} INFO - Started process (PID=26691) to work on /home/alan/repos/pipeline_airflow/pipeline-airflow-venv/lib/python3.11/site-packages/airflow/example_dags/plugins/workday.py
[2023-08-15T18:55:33.627-0300] {processor.py:826} INFO - Processing file /home/alan/repos/pipeline_airflow/pipeline-airflow-venv/lib/python3.11/site-packages/airflow/example_dags/plugins/workday.py for tasks to queue
[2023-08-15T18:55:33.629-0300] {logging_mixin.py:150} INFO - [2023-08-15T18:55:33.628-0300] {dagbag.py:541} INFO - Filling up the DagBag from /home/alan/repos/pipeline_airflow/pipeline-airflow-venv/lib/python3.11/site-packages/airflow/example_dags/plugins/workday.py
[2023-08-15T18:55:33.698-0300] {logging_mixin.py:150} INFO - [2023-08-15T18:55:33.698-0300] {workday.py:36} WARNING - Could not import pandas. Holidays will not be considered.
[2023-08-15T18:55:33.699-0300] {processor.py:838} WARNING - No viable dags retrieved from /home/alan/repos/pipeline_airflow/pipeline-airflow-venv/lib/python3.11/site-packages/airflow/example_dags/plugins/workday.py
[2023-08-15T18:55:33.741-0300] {processor.py:179} INFO - Processing /home/alan/repos/pipeline_airflow/pipeline-airflow-venv/lib/python3.11/site-packages/airflow/example_dags/plugins/workday.py took 0.193 seconds
[2023-08-15T18:57:55.859-0300] {processor.py:157} INFO - Started process (PID=27038) to work on /home/alan/repos/pipeline_airflow/pipeline-airflow-venv/lib/python3.11/site-packages/airflow/example_dags/plugins/workday.py
[2023-08-15T18:57:55.899-0300] {processor.py:826} INFO - Processing file /home/alan/repos/pipeline_airflow/pipeline-airflow-venv/lib/python3.11/site-packages/airflow/example_dags/plugins/workday.py for tasks to queue
[2023-08-15T18:57:55.901-0300] {logging_mixin.py:150} INFO - [2023-08-15T18:57:55.900-0300] {dagbag.py:541} INFO - Filling up the DagBag from /home/alan/repos/pipeline_airflow/pipeline-airflow-venv/lib/python3.11/site-packages/airflow/example_dags/plugins/workday.py
[2023-08-15T18:57:55.977-0300] {logging_mixin.py:150} INFO - [2023-08-15T18:57:55.977-0300] {workday.py:36} WARNING - Could not import pandas. Holidays will not be considered.
[2023-08-15T18:57:55.979-0300] {processor.py:838} WARNING - No viable dags retrieved from /home/alan/repos/pipeline_airflow/pipeline-airflow-venv/lib/python3.11/site-packages/airflow/example_dags/plugins/workday.py
[2023-08-15T18:57:56.005-0300] {processor.py:179} INFO - Processing /home/alan/repos/pipeline_airflow/pipeline-airflow-venv/lib/python3.11/site-packages/airflow/example_dags/plugins/workday.py took 0.151 seconds
[2023-08-15T19:01:24.145-0300] {processor.py:157} INFO - Started process (PID=27537) to work on /home/alan/repos/pipeline_airflow/pipeline-airflow-venv/lib/python3.11/site-packages/airflow/example_dags/plugins/workday.py
[2023-08-15T19:01:24.240-0300] {processor.py:826} INFO - Processing file /home/alan/repos/pipeline_airflow/pipeline-airflow-venv/lib/python3.11/site-packages/airflow/example_dags/plugins/workday.py for tasks to queue
[2023-08-15T19:01:24.241-0300] {logging_mixin.py:150} INFO - [2023-08-15T19:01:24.241-0300] {dagbag.py:541} INFO - Filling up the DagBag from /home/alan/repos/pipeline_airflow/pipeline-airflow-venv/lib/python3.11/site-packages/airflow/example_dags/plugins/workday.py
[2023-08-15T19:01:24.280-0300] {logging_mixin.py:150} INFO - [2023-08-15T19:01:24.280-0300] {workday.py:36} WARNING - Could not import pandas. Holidays will not be considered.
[2023-08-15T19:01:24.281-0300] {processor.py:838} WARNING - No viable dags retrieved from /home/alan/repos/pipeline_airflow/pipeline-airflow-venv/lib/python3.11/site-packages/airflow/example_dags/plugins/workday.py
[2023-08-15T19:01:24.316-0300] {processor.py:179} INFO - Processing /home/alan/repos/pipeline_airflow/pipeline-airflow-venv/lib/python3.11/site-packages/airflow/example_dags/plugins/workday.py took 0.179 seconds
[2023-08-15T19:02:42.776-0300] {processor.py:157} INFO - Started process (PID=27759) to work on /home/alan/repos/pipeline_airflow/pipeline-airflow-venv/lib/python3.11/site-packages/airflow/example_dags/plugins/workday.py
[2023-08-15T19:02:42.793-0300] {processor.py:826} INFO - Processing file /home/alan/repos/pipeline_airflow/pipeline-airflow-venv/lib/python3.11/site-packages/airflow/example_dags/plugins/workday.py for tasks to queue
[2023-08-15T19:02:42.794-0300] {logging_mixin.py:150} INFO - [2023-08-15T19:02:42.794-0300] {dagbag.py:541} INFO - Filling up the DagBag from /home/alan/repos/pipeline_airflow/pipeline-airflow-venv/lib/python3.11/site-packages/airflow/example_dags/plugins/workday.py
[2023-08-15T19:02:42.814-0300] {logging_mixin.py:150} INFO - [2023-08-15T19:02:42.814-0300] {workday.py:36} WARNING - Could not import pandas. Holidays will not be considered.
[2023-08-15T19:02:42.815-0300] {processor.py:838} WARNING - No viable dags retrieved from /home/alan/repos/pipeline_airflow/pipeline-airflow-venv/lib/python3.11/site-packages/airflow/example_dags/plugins/workday.py
[2023-08-15T19:02:42.838-0300] {processor.py:179} INFO - Processing /home/alan/repos/pipeline_airflow/pipeline-airflow-venv/lib/python3.11/site-packages/airflow/example_dags/plugins/workday.py took 0.068 seconds
[2023-08-15T19:04:02.996-0300] {processor.py:157} INFO - Started process (PID=28197) to work on /home/alan/repos/pipeline_airflow/pipeline-airflow-venv/lib/python3.11/site-packages/airflow/example_dags/plugins/workday.py
[2023-08-15T19:04:03.082-0300] {processor.py:826} INFO - Processing file /home/alan/repos/pipeline_airflow/pipeline-airflow-venv/lib/python3.11/site-packages/airflow/example_dags/plugins/workday.py for tasks to queue
[2023-08-15T19:04:03.084-0300] {logging_mixin.py:150} INFO - [2023-08-15T19:04:03.083-0300] {dagbag.py:541} INFO - Filling up the DagBag from /home/alan/repos/pipeline_airflow/pipeline-airflow-venv/lib/python3.11/site-packages/airflow/example_dags/plugins/workday.py
[2023-08-15T19:04:03.089-0300] {logging_mixin.py:150} INFO - [2023-08-15T19:04:03.088-0300] {workday.py:36} WARNING - Could not import pandas. Holidays will not be considered.
[2023-08-15T19:04:03.089-0300] {processor.py:838} WARNING - No viable dags retrieved from /home/alan/repos/pipeline_airflow/pipeline-airflow-venv/lib/python3.11/site-packages/airflow/example_dags/plugins/workday.py
[2023-08-15T19:04:03.109-0300] {processor.py:179} INFO - Processing /home/alan/repos/pipeline_airflow/pipeline-airflow-venv/lib/python3.11/site-packages/airflow/example_dags/plugins/workday.py took 0.120 seconds
[2023-08-15T19:05:01.616-0300] {processor.py:157} INFO - Started process (PID=28514) to work on /home/alan/repos/pipeline_airflow/pipeline-airflow-venv/lib/python3.11/site-packages/airflow/example_dags/plugins/workday.py
[2023-08-15T19:05:01.618-0300] {processor.py:826} INFO - Processing file /home/alan/repos/pipeline_airflow/pipeline-airflow-venv/lib/python3.11/site-packages/airflow/example_dags/plugins/workday.py for tasks to queue
[2023-08-15T19:05:01.620-0300] {logging_mixin.py:150} INFO - [2023-08-15T19:05:01.619-0300] {dagbag.py:541} INFO - Filling up the DagBag from /home/alan/repos/pipeline_airflow/pipeline-airflow-venv/lib/python3.11/site-packages/airflow/example_dags/plugins/workday.py
[2023-08-15T19:05:01.626-0300] {logging_mixin.py:150} INFO - [2023-08-15T19:05:01.626-0300] {workday.py:36} WARNING - Could not import pandas. Holidays will not be considered.
[2023-08-15T19:05:01.627-0300] {processor.py:838} WARNING - No viable dags retrieved from /home/alan/repos/pipeline_airflow/pipeline-airflow-venv/lib/python3.11/site-packages/airflow/example_dags/plugins/workday.py
[2023-08-15T19:05:01.646-0300] {processor.py:179} INFO - Processing /home/alan/repos/pipeline_airflow/pipeline-airflow-venv/lib/python3.11/site-packages/airflow/example_dags/plugins/workday.py took 0.035 seconds
[2023-08-15T19:06:13.264-0300] {processor.py:157} INFO - Started process (PID=28744) to work on /home/alan/repos/pipeline_airflow/pipeline-airflow-venv/lib/python3.11/site-packages/airflow/example_dags/plugins/workday.py
[2023-08-15T19:06:13.266-0300] {processor.py:826} INFO - Processing file /home/alan/repos/pipeline_airflow/pipeline-airflow-venv/lib/python3.11/site-packages/airflow/example_dags/plugins/workday.py for tasks to queue
[2023-08-15T19:06:13.268-0300] {logging_mixin.py:150} INFO - [2023-08-15T19:06:13.267-0300] {dagbag.py:541} INFO - Filling up the DagBag from /home/alan/repos/pipeline_airflow/pipeline-airflow-venv/lib/python3.11/site-packages/airflow/example_dags/plugins/workday.py
[2023-08-15T19:06:13.273-0300] {logging_mixin.py:150} INFO - [2023-08-15T19:06:13.273-0300] {workday.py:36} WARNING - Could not import pandas. Holidays will not be considered.
[2023-08-15T19:06:13.274-0300] {processor.py:838} WARNING - No viable dags retrieved from /home/alan/repos/pipeline_airflow/pipeline-airflow-venv/lib/python3.11/site-packages/airflow/example_dags/plugins/workday.py
[2023-08-15T19:06:13.292-0300] {processor.py:179} INFO - Processing /home/alan/repos/pipeline_airflow/pipeline-airflow-venv/lib/python3.11/site-packages/airflow/example_dags/plugins/workday.py took 0.034 seconds
[2023-08-15T19:07:13.757-0300] {processor.py:157} INFO - Started process (PID=28902) to work on /home/alan/repos/pipeline_airflow/pipeline-airflow-venv/lib/python3.11/site-packages/airflow/example_dags/plugins/workday.py
[2023-08-15T19:07:13.769-0300] {processor.py:826} INFO - Processing file /home/alan/repos/pipeline_airflow/pipeline-airflow-venv/lib/python3.11/site-packages/airflow/example_dags/plugins/workday.py for tasks to queue
[2023-08-15T19:07:13.771-0300] {logging_mixin.py:150} INFO - [2023-08-15T19:07:13.770-0300] {dagbag.py:541} INFO - Filling up the DagBag from /home/alan/repos/pipeline_airflow/pipeline-airflow-venv/lib/python3.11/site-packages/airflow/example_dags/plugins/workday.py
[2023-08-15T19:07:13.781-0300] {logging_mixin.py:150} INFO - [2023-08-15T19:07:13.780-0300] {workday.py:36} WARNING - Could not import pandas. Holidays will not be considered.
[2023-08-15T19:07:13.782-0300] {processor.py:838} WARNING - No viable dags retrieved from /home/alan/repos/pipeline_airflow/pipeline-airflow-venv/lib/python3.11/site-packages/airflow/example_dags/plugins/workday.py
[2023-08-15T19:07:13.814-0300] {processor.py:179} INFO - Processing /home/alan/repos/pipeline_airflow/pipeline-airflow-venv/lib/python3.11/site-packages/airflow/example_dags/plugins/workday.py took 0.061 seconds
[2023-08-15T19:08:21.771-0300] {processor.py:157} INFO - Started process (PID=29180) to work on /home/alan/repos/pipeline_airflow/pipeline-airflow-venv/lib/python3.11/site-packages/airflow/example_dags/plugins/workday.py
[2023-08-15T19:08:21.781-0300] {processor.py:826} INFO - Processing file /home/alan/repos/pipeline_airflow/pipeline-airflow-venv/lib/python3.11/site-packages/airflow/example_dags/plugins/workday.py for tasks to queue
[2023-08-15T19:08:21.783-0300] {logging_mixin.py:150} INFO - [2023-08-15T19:08:21.782-0300] {dagbag.py:541} INFO - Filling up the DagBag from /home/alan/repos/pipeline_airflow/pipeline-airflow-venv/lib/python3.11/site-packages/airflow/example_dags/plugins/workday.py
[2023-08-15T19:08:21.788-0300] {logging_mixin.py:150} INFO - [2023-08-15T19:08:21.788-0300] {workday.py:36} WARNING - Could not import pandas. Holidays will not be considered.
[2023-08-15T19:08:21.789-0300] {processor.py:838} WARNING - No viable dags retrieved from /home/alan/repos/pipeline_airflow/pipeline-airflow-venv/lib/python3.11/site-packages/airflow/example_dags/plugins/workday.py
[2023-08-15T19:08:21.809-0300] {processor.py:179} INFO - Processing /home/alan/repos/pipeline_airflow/pipeline-airflow-venv/lib/python3.11/site-packages/airflow/example_dags/plugins/workday.py took 0.044 seconds
[2023-08-15T19:09:23.638-0300] {processor.py:157} INFO - Started process (PID=29343) to work on /home/alan/repos/pipeline_airflow/pipeline-airflow-venv/lib/python3.11/site-packages/airflow/example_dags/plugins/workday.py
[2023-08-15T19:09:23.639-0300] {processor.py:826} INFO - Processing file /home/alan/repos/pipeline_airflow/pipeline-airflow-venv/lib/python3.11/site-packages/airflow/example_dags/plugins/workday.py for tasks to queue
[2023-08-15T19:09:23.640-0300] {logging_mixin.py:150} INFO - [2023-08-15T19:09:23.640-0300] {dagbag.py:541} INFO - Filling up the DagBag from /home/alan/repos/pipeline_airflow/pipeline-airflow-venv/lib/python3.11/site-packages/airflow/example_dags/plugins/workday.py
[2023-08-15T19:09:23.645-0300] {logging_mixin.py:150} INFO - [2023-08-15T19:09:23.645-0300] {workday.py:36} WARNING - Could not import pandas. Holidays will not be considered.
[2023-08-15T19:09:23.646-0300] {processor.py:838} WARNING - No viable dags retrieved from /home/alan/repos/pipeline_airflow/pipeline-airflow-venv/lib/python3.11/site-packages/airflow/example_dags/plugins/workday.py
[2023-08-15T19:09:23.663-0300] {processor.py:179} INFO - Processing /home/alan/repos/pipeline_airflow/pipeline-airflow-venv/lib/python3.11/site-packages/airflow/example_dags/plugins/workday.py took 0.031 seconds
[2023-08-15T19:10:23.247-0300] {processor.py:157} INFO - Started process (PID=29501) to work on /home/alan/repos/pipeline_airflow/pipeline-airflow-venv/lib/python3.11/site-packages/airflow/example_dags/plugins/workday.py
[2023-08-15T19:10:23.248-0300] {processor.py:826} INFO - Processing file /home/alan/repos/pipeline_airflow/pipeline-airflow-venv/lib/python3.11/site-packages/airflow/example_dags/plugins/workday.py for tasks to queue
[2023-08-15T19:10:23.250-0300] {logging_mixin.py:150} INFO - [2023-08-15T19:10:23.249-0300] {dagbag.py:541} INFO - Filling up the DagBag from /home/alan/repos/pipeline_airflow/pipeline-airflow-venv/lib/python3.11/site-packages/airflow/example_dags/plugins/workday.py
[2023-08-15T19:10:23.255-0300] {logging_mixin.py:150} INFO - [2023-08-15T19:10:23.254-0300] {workday.py:36} WARNING - Could not import pandas. Holidays will not be considered.
[2023-08-15T19:10:23.255-0300] {processor.py:838} WARNING - No viable dags retrieved from /home/alan/repos/pipeline_airflow/pipeline-airflow-venv/lib/python3.11/site-packages/airflow/example_dags/plugins/workday.py
[2023-08-15T19:10:23.272-0300] {processor.py:179} INFO - Processing /home/alan/repos/pipeline_airflow/pipeline-airflow-venv/lib/python3.11/site-packages/airflow/example_dags/plugins/workday.py took 0.030 seconds
[2023-08-15T19:11:24.107-0300] {processor.py:157} INFO - Started process (PID=29730) to work on /home/alan/repos/pipeline_airflow/pipeline-airflow-venv/lib/python3.11/site-packages/airflow/example_dags/plugins/workday.py
[2023-08-15T19:11:24.122-0300] {processor.py:826} INFO - Processing file /home/alan/repos/pipeline_airflow/pipeline-airflow-venv/lib/python3.11/site-packages/airflow/example_dags/plugins/workday.py for tasks to queue
[2023-08-15T19:11:24.124-0300] {logging_mixin.py:150} INFO - [2023-08-15T19:11:24.123-0300] {dagbag.py:541} INFO - Filling up the DagBag from /home/alan/repos/pipeline_airflow/pipeline-airflow-venv/lib/python3.11/site-packages/airflow/example_dags/plugins/workday.py
[2023-08-15T19:11:24.200-0300] {logging_mixin.py:150} INFO - [2023-08-15T19:11:24.199-0300] {workday.py:36} WARNING - Could not import pandas. Holidays will not be considered.
[2023-08-15T19:11:24.200-0300] {processor.py:838} WARNING - No viable dags retrieved from /home/alan/repos/pipeline_airflow/pipeline-airflow-venv/lib/python3.11/site-packages/airflow/example_dags/plugins/workday.py
[2023-08-15T19:11:24.229-0300] {processor.py:179} INFO - Processing /home/alan/repos/pipeline_airflow/pipeline-airflow-venv/lib/python3.11/site-packages/airflow/example_dags/plugins/workday.py took 0.128 seconds
[2023-08-15T19:12:30.237-0300] {processor.py:157} INFO - Started process (PID=29928) to work on /home/alan/repos/pipeline_airflow/pipeline-airflow-venv/lib/python3.11/site-packages/airflow/example_dags/plugins/workday.py
[2023-08-15T19:12:30.239-0300] {processor.py:826} INFO - Processing file /home/alan/repos/pipeline_airflow/pipeline-airflow-venv/lib/python3.11/site-packages/airflow/example_dags/plugins/workday.py for tasks to queue
[2023-08-15T19:12:30.240-0300] {logging_mixin.py:150} INFO - [2023-08-15T19:12:30.239-0300] {dagbag.py:541} INFO - Filling up the DagBag from /home/alan/repos/pipeline_airflow/pipeline-airflow-venv/lib/python3.11/site-packages/airflow/example_dags/plugins/workday.py
[2023-08-15T19:12:30.246-0300] {logging_mixin.py:150} INFO - [2023-08-15T19:12:30.245-0300] {workday.py:36} WARNING - Could not import pandas. Holidays will not be considered.
[2023-08-15T19:12:30.246-0300] {processor.py:838} WARNING - No viable dags retrieved from /home/alan/repos/pipeline_airflow/pipeline-airflow-venv/lib/python3.11/site-packages/airflow/example_dags/plugins/workday.py
[2023-08-15T19:12:30.266-0300] {processor.py:179} INFO - Processing /home/alan/repos/pipeline_airflow/pipeline-airflow-venv/lib/python3.11/site-packages/airflow/example_dags/plugins/workday.py took 0.035 seconds
[2023-08-15T19:13:28.838-0300] {processor.py:157} INFO - Started process (PID=30092) to work on /home/alan/repos/pipeline_airflow/pipeline-airflow-venv/lib/python3.11/site-packages/airflow/example_dags/plugins/workday.py
[2023-08-15T19:13:28.840-0300] {processor.py:826} INFO - Processing file /home/alan/repos/pipeline_airflow/pipeline-airflow-venv/lib/python3.11/site-packages/airflow/example_dags/plugins/workday.py for tasks to queue
[2023-08-15T19:13:28.842-0300] {logging_mixin.py:150} INFO - [2023-08-15T19:13:28.841-0300] {dagbag.py:541} INFO - Filling up the DagBag from /home/alan/repos/pipeline_airflow/pipeline-airflow-venv/lib/python3.11/site-packages/airflow/example_dags/plugins/workday.py
[2023-08-15T19:13:28.847-0300] {logging_mixin.py:150} INFO - [2023-08-15T19:13:28.847-0300] {workday.py:36} WARNING - Could not import pandas. Holidays will not be considered.
[2023-08-15T19:13:28.848-0300] {processor.py:838} WARNING - No viable dags retrieved from /home/alan/repos/pipeline_airflow/pipeline-airflow-venv/lib/python3.11/site-packages/airflow/example_dags/plugins/workday.py
[2023-08-15T19:13:28.869-0300] {processor.py:179} INFO - Processing /home/alan/repos/pipeline_airflow/pipeline-airflow-venv/lib/python3.11/site-packages/airflow/example_dags/plugins/workday.py took 0.040 seconds
[2023-08-15T19:14:29.913-0300] {processor.py:157} INFO - Started process (PID=30246) to work on /home/alan/repos/pipeline_airflow/pipeline-airflow-venv/lib/python3.11/site-packages/airflow/example_dags/plugins/workday.py
[2023-08-15T19:14:29.916-0300] {processor.py:826} INFO - Processing file /home/alan/repos/pipeline_airflow/pipeline-airflow-venv/lib/python3.11/site-packages/airflow/example_dags/plugins/workday.py for tasks to queue
[2023-08-15T19:14:29.918-0300] {logging_mixin.py:150} INFO - [2023-08-15T19:14:29.917-0300] {dagbag.py:541} INFO - Filling up the DagBag from /home/alan/repos/pipeline_airflow/pipeline-airflow-venv/lib/python3.11/site-packages/airflow/example_dags/plugins/workday.py
[2023-08-15T19:14:29.927-0300] {logging_mixin.py:150} INFO - [2023-08-15T19:14:29.926-0300] {workday.py:36} WARNING - Could not import pandas. Holidays will not be considered.
[2023-08-15T19:14:29.927-0300] {processor.py:838} WARNING - No viable dags retrieved from /home/alan/repos/pipeline_airflow/pipeline-airflow-venv/lib/python3.11/site-packages/airflow/example_dags/plugins/workday.py
[2023-08-15T19:14:29.953-0300] {processor.py:179} INFO - Processing /home/alan/repos/pipeline_airflow/pipeline-airflow-venv/lib/python3.11/site-packages/airflow/example_dags/plugins/workday.py took 0.050 seconds
[2023-08-15T19:15:26.510-0300] {processor.py:157} INFO - Started process (PID=30393) to work on /home/alan/repos/pipeline_airflow/pipeline-airflow-venv/lib/python3.11/site-packages/airflow/example_dags/plugins/workday.py
[2023-08-15T19:15:26.528-0300] {processor.py:826} INFO - Processing file /home/alan/repos/pipeline_airflow/pipeline-airflow-venv/lib/python3.11/site-packages/airflow/example_dags/plugins/workday.py for tasks to queue
[2023-08-15T19:15:26.529-0300] {logging_mixin.py:150} INFO - [2023-08-15T19:15:26.529-0300] {dagbag.py:541} INFO - Filling up the DagBag from /home/alan/repos/pipeline_airflow/pipeline-airflow-venv/lib/python3.11/site-packages/airflow/example_dags/plugins/workday.py
[2023-08-15T19:15:26.535-0300] {logging_mixin.py:150} INFO - [2023-08-15T19:15:26.534-0300] {workday.py:36} WARNING - Could not import pandas. Holidays will not be considered.
[2023-08-15T19:15:26.535-0300] {processor.py:838} WARNING - No viable dags retrieved from /home/alan/repos/pipeline_airflow/pipeline-airflow-venv/lib/python3.11/site-packages/airflow/example_dags/plugins/workday.py
[2023-08-15T19:15:26.554-0300] {processor.py:179} INFO - Processing /home/alan/repos/pipeline_airflow/pipeline-airflow-venv/lib/python3.11/site-packages/airflow/example_dags/plugins/workday.py took 0.049 seconds
[2023-08-15T19:16:24.839-0300] {processor.py:157} INFO - Started process (PID=30547) to work on /home/alan/repos/pipeline_airflow/pipeline-airflow-venv/lib/python3.11/site-packages/airflow/example_dags/plugins/workday.py
[2023-08-15T19:16:24.844-0300] {processor.py:826} INFO - Processing file /home/alan/repos/pipeline_airflow/pipeline-airflow-venv/lib/python3.11/site-packages/airflow/example_dags/plugins/workday.py for tasks to queue
[2023-08-15T19:16:24.846-0300] {logging_mixin.py:150} INFO - [2023-08-15T19:16:24.845-0300] {dagbag.py:541} INFO - Filling up the DagBag from /home/alan/repos/pipeline_airflow/pipeline-airflow-venv/lib/python3.11/site-packages/airflow/example_dags/plugins/workday.py
[2023-08-15T19:16:24.851-0300] {logging_mixin.py:150} INFO - [2023-08-15T19:16:24.851-0300] {workday.py:36} WARNING - Could not import pandas. Holidays will not be considered.
[2023-08-15T19:16:24.856-0300] {processor.py:838} WARNING - No viable dags retrieved from /home/alan/repos/pipeline_airflow/pipeline-airflow-venv/lib/python3.11/site-packages/airflow/example_dags/plugins/workday.py
[2023-08-15T19:16:24.880-0300] {processor.py:179} INFO - Processing /home/alan/repos/pipeline_airflow/pipeline-airflow-venv/lib/python3.11/site-packages/airflow/example_dags/plugins/workday.py took 0.046 seconds
[2023-08-15T19:17:25.540-0300] {processor.py:157} INFO - Started process (PID=30707) to work on /home/alan/repos/pipeline_airflow/pipeline-airflow-venv/lib/python3.11/site-packages/airflow/example_dags/plugins/workday.py
[2023-08-15T19:17:25.544-0300] {processor.py:826} INFO - Processing file /home/alan/repos/pipeline_airflow/pipeline-airflow-venv/lib/python3.11/site-packages/airflow/example_dags/plugins/workday.py for tasks to queue
[2023-08-15T19:17:25.546-0300] {logging_mixin.py:150} INFO - [2023-08-15T19:17:25.545-0300] {dagbag.py:541} INFO - Filling up the DagBag from /home/alan/repos/pipeline_airflow/pipeline-airflow-venv/lib/python3.11/site-packages/airflow/example_dags/plugins/workday.py
[2023-08-15T19:17:25.550-0300] {logging_mixin.py:150} INFO - [2023-08-15T19:17:25.550-0300] {workday.py:36} WARNING - Could not import pandas. Holidays will not be considered.
[2023-08-15T19:17:25.551-0300] {processor.py:838} WARNING - No viable dags retrieved from /home/alan/repos/pipeline_airflow/pipeline-airflow-venv/lib/python3.11/site-packages/airflow/example_dags/plugins/workday.py
[2023-08-15T19:17:25.570-0300] {processor.py:179} INFO - Processing /home/alan/repos/pipeline_airflow/pipeline-airflow-venv/lib/python3.11/site-packages/airflow/example_dags/plugins/workday.py took 0.037 seconds
[2023-08-15T19:18:24.150-0300] {processor.py:157} INFO - Started process (PID=30858) to work on /home/alan/repos/pipeline_airflow/pipeline-airflow-venv/lib/python3.11/site-packages/airflow/example_dags/plugins/workday.py
[2023-08-15T19:18:24.152-0300] {processor.py:826} INFO - Processing file /home/alan/repos/pipeline_airflow/pipeline-airflow-venv/lib/python3.11/site-packages/airflow/example_dags/plugins/workday.py for tasks to queue
[2023-08-15T19:18:24.154-0300] {logging_mixin.py:150} INFO - [2023-08-15T19:18:24.153-0300] {dagbag.py:541} INFO - Filling up the DagBag from /home/alan/repos/pipeline_airflow/pipeline-airflow-venv/lib/python3.11/site-packages/airflow/example_dags/plugins/workday.py
[2023-08-15T19:18:24.160-0300] {logging_mixin.py:150} INFO - [2023-08-15T19:18:24.159-0300] {workday.py:36} WARNING - Could not import pandas. Holidays will not be considered.
[2023-08-15T19:18:24.161-0300] {processor.py:838} WARNING - No viable dags retrieved from /home/alan/repos/pipeline_airflow/pipeline-airflow-venv/lib/python3.11/site-packages/airflow/example_dags/plugins/workday.py
[2023-08-15T19:18:24.180-0300] {processor.py:179} INFO - Processing /home/alan/repos/pipeline_airflow/pipeline-airflow-venv/lib/python3.11/site-packages/airflow/example_dags/plugins/workday.py took 0.037 seconds
[2023-08-15T19:19:20.733-0300] {processor.py:157} INFO - Started process (PID=31002) to work on /home/alan/repos/pipeline_airflow/pipeline-airflow-venv/lib/python3.11/site-packages/airflow/example_dags/plugins/workday.py
[2023-08-15T19:19:20.739-0300] {processor.py:826} INFO - Processing file /home/alan/repos/pipeline_airflow/pipeline-airflow-venv/lib/python3.11/site-packages/airflow/example_dags/plugins/workday.py for tasks to queue
[2023-08-15T19:19:20.741-0300] {logging_mixin.py:150} INFO - [2023-08-15T19:19:20.740-0300] {dagbag.py:541} INFO - Filling up the DagBag from /home/alan/repos/pipeline_airflow/pipeline-airflow-venv/lib/python3.11/site-packages/airflow/example_dags/plugins/workday.py
[2023-08-15T19:19:20.747-0300] {logging_mixin.py:150} INFO - [2023-08-15T19:19:20.746-0300] {workday.py:36} WARNING - Could not import pandas. Holidays will not be considered.
[2023-08-15T19:19:20.748-0300] {processor.py:838} WARNING - No viable dags retrieved from /home/alan/repos/pipeline_airflow/pipeline-airflow-venv/lib/python3.11/site-packages/airflow/example_dags/plugins/workday.py
[2023-08-15T19:19:20.767-0300] {processor.py:179} INFO - Processing /home/alan/repos/pipeline_airflow/pipeline-airflow-venv/lib/python3.11/site-packages/airflow/example_dags/plugins/workday.py took 0.039 seconds
[2023-08-15T19:20:22.209-0300] {processor.py:157} INFO - Started process (PID=31212) to work on /home/alan/repos/pipeline_airflow/pipeline-airflow-venv/lib/python3.11/site-packages/airflow/example_dags/plugins/workday.py
[2023-08-15T19:20:22.220-0300] {processor.py:826} INFO - Processing file /home/alan/repos/pipeline_airflow/pipeline-airflow-venv/lib/python3.11/site-packages/airflow/example_dags/plugins/workday.py for tasks to queue
[2023-08-15T19:20:22.222-0300] {logging_mixin.py:150} INFO - [2023-08-15T19:20:22.221-0300] {dagbag.py:541} INFO - Filling up the DagBag from /home/alan/repos/pipeline_airflow/pipeline-airflow-venv/lib/python3.11/site-packages/airflow/example_dags/plugins/workday.py
[2023-08-15T19:20:22.233-0300] {logging_mixin.py:150} INFO - [2023-08-15T19:20:22.233-0300] {workday.py:36} WARNING - Could not import pandas. Holidays will not be considered.
[2023-08-15T19:20:22.238-0300] {processor.py:838} WARNING - No viable dags retrieved from /home/alan/repos/pipeline_airflow/pipeline-airflow-venv/lib/python3.11/site-packages/airflow/example_dags/plugins/workday.py
[2023-08-15T19:20:22.522-0300] {processor.py:179} INFO - Processing /home/alan/repos/pipeline_airflow/pipeline-airflow-venv/lib/python3.11/site-packages/airflow/example_dags/plugins/workday.py took 0.321 seconds
[2023-08-15T19:21:34.684-0300] {processor.py:157} INFO - Started process (PID=31554) to work on /home/alan/repos/pipeline_airflow/pipeline-airflow-venv/lib/python3.11/site-packages/airflow/example_dags/plugins/workday.py
[2023-08-15T19:21:34.700-0300] {processor.py:826} INFO - Processing file /home/alan/repos/pipeline_airflow/pipeline-airflow-venv/lib/python3.11/site-packages/airflow/example_dags/plugins/workday.py for tasks to queue
[2023-08-15T19:21:34.702-0300] {logging_mixin.py:150} INFO - [2023-08-15T19:21:34.701-0300] {dagbag.py:541} INFO - Filling up the DagBag from /home/alan/repos/pipeline_airflow/pipeline-airflow-venv/lib/python3.11/site-packages/airflow/example_dags/plugins/workday.py
[2023-08-15T19:21:34.707-0300] {logging_mixin.py:150} INFO - [2023-08-15T19:21:34.706-0300] {workday.py:36} WARNING - Could not import pandas. Holidays will not be considered.
[2023-08-15T19:21:34.708-0300] {processor.py:838} WARNING - No viable dags retrieved from /home/alan/repos/pipeline_airflow/pipeline-airflow-venv/lib/python3.11/site-packages/airflow/example_dags/plugins/workday.py
[2023-08-15T19:21:34.725-0300] {processor.py:179} INFO - Processing /home/alan/repos/pipeline_airflow/pipeline-airflow-venv/lib/python3.11/site-packages/airflow/example_dags/plugins/workday.py took 0.047 seconds
