[2023-08-15T18:28:46.532-0300] {processor.py:157} INFO - Started process (PID=21262) to work on /home/alan/repos/pipeline_airflow/dags/my_first_dag.py
[2023-08-15T18:28:46.533-0300] {processor.py:826} INFO - Processing file /home/alan/repos/pipeline_airflow/dags/my_first_dag.py for tasks to queue
[2023-08-15T18:28:46.535-0300] {logging_mixin.py:150} INFO - [2023-08-15T18:28:46.534-0300] {dagbag.py:541} INFO - Filling up the DagBag from /home/alan/repos/pipeline_airflow/dags/my_first_dag.py
[2023-08-15T18:28:46.579-0300] {logging_mixin.py:150} INFO - [2023-08-15T18:28:46.539-0300] {dagbag.py:350} ERROR - Failed to import: /home/alan/repos/pipeline_airflow/dags/my_first_dag.py
Traceback (most recent call last):
  File "/home/alan/repos/pipeline_airflow/pipeline-airflow-venv/lib/python3.11/site-packages/airflow/models/dagbag.py", line 346, in parse
    loader.exec_module(new_module)
  File "<frozen importlib._bootstrap_external>", line 936, in exec_module
  File "<frozen importlib._bootstrap_external>", line 1074, in get_code
  File "<frozen importlib._bootstrap_external>", line 1004, in source_to_code
  File "<frozen importlib._bootstrap>", line 241, in _call_with_frames_removed
  File "/home/alan/repos/pipeline_airflow/dags/my_first_dag.py", line 8
    ) as dag:
             ^
IndentationError: expected an indented block after 'with' statement on line 4
[2023-08-15T18:28:46.580-0300] {processor.py:838} WARNING - No viable dags retrieved from /home/alan/repos/pipeline_airflow/dags/my_first_dag.py
[2023-08-15T18:28:46.769-0300] {processor.py:179} INFO - Processing /home/alan/repos/pipeline_airflow/dags/my_first_dag.py took 0.242 seconds
[2023-08-15T18:29:27.998-0300] {processor.py:157} INFO - Started process (PID=21405) to work on /home/alan/repos/pipeline_airflow/dags/my_first_dag.py
[2023-08-15T18:29:28.014-0300] {processor.py:826} INFO - Processing file /home/alan/repos/pipeline_airflow/dags/my_first_dag.py for tasks to queue
[2023-08-15T18:29:28.016-0300] {logging_mixin.py:150} INFO - [2023-08-15T18:29:28.015-0300] {dagbag.py:541} INFO - Filling up the DagBag from /home/alan/repos/pipeline_airflow/dags/my_first_dag.py
[2023-08-15T18:29:28.023-0300] {logging_mixin.py:150} INFO - [2023-08-15T18:29:28.021-0300] {dagbag.py:350} ERROR - Failed to import: /home/alan/repos/pipeline_airflow/dags/my_first_dag.py
Traceback (most recent call last):
  File "/home/alan/repos/pipeline_airflow/pipeline-airflow-venv/lib/python3.11/site-packages/airflow/models/dagbag.py", line 346, in parse
    loader.exec_module(new_module)
  File "<frozen importlib._bootstrap_external>", line 936, in exec_module
  File "<frozen importlib._bootstrap_external>", line 1074, in get_code
  File "<frozen importlib._bootstrap_external>", line 1004, in source_to_code
  File "<frozen importlib._bootstrap>", line 241, in _call_with_frames_removed
  File "/home/alan/repos/pipeline_airflow/dags/my_first_dag.py", line 8
    ) as dag:
             ^
IndentationError: expected an indented block after 'with' statement on line 4
[2023-08-15T18:29:28.024-0300] {processor.py:838} WARNING - No viable dags retrieved from /home/alan/repos/pipeline_airflow/dags/my_first_dag.py
[2023-08-15T18:29:28.124-0300] {processor.py:179} INFO - Processing /home/alan/repos/pipeline_airflow/dags/my_first_dag.py took 0.131 seconds
[2023-08-15T18:30:25.252-0300] {processor.py:157} INFO - Started process (PID=21628) to work on /home/alan/repos/pipeline_airflow/dags/my_first_dag.py
[2023-08-15T18:30:25.267-0300] {processor.py:826} INFO - Processing file /home/alan/repos/pipeline_airflow/dags/my_first_dag.py for tasks to queue
[2023-08-15T18:30:25.269-0300] {logging_mixin.py:150} INFO - [2023-08-15T18:30:25.268-0300] {dagbag.py:541} INFO - Filling up the DagBag from /home/alan/repos/pipeline_airflow/dags/my_first_dag.py
[2023-08-15T18:30:25.276-0300] {logging_mixin.py:150} INFO - [2023-08-15T18:30:25.273-0300] {dagbag.py:350} ERROR - Failed to import: /home/alan/repos/pipeline_airflow/dags/my_first_dag.py
Traceback (most recent call last):
  File "/home/alan/repos/pipeline_airflow/pipeline-airflow-venv/lib/python3.11/site-packages/airflow/models/dagbag.py", line 346, in parse
    loader.exec_module(new_module)
  File "<frozen importlib._bootstrap_external>", line 936, in exec_module
  File "<frozen importlib._bootstrap_external>", line 1074, in get_code
  File "<frozen importlib._bootstrap_external>", line 1004, in source_to_code
  File "<frozen importlib._bootstrap>", line 241, in _call_with_frames_removed
  File "/home/alan/repos/pipeline_airflow/dags/my_first_dag.py", line 8
    ) as dag:
             ^
IndentationError: expected an indented block after 'with' statement on line 4
[2023-08-15T18:30:25.277-0300] {processor.py:838} WARNING - No viable dags retrieved from /home/alan/repos/pipeline_airflow/dags/my_first_dag.py
[2023-08-15T18:30:25.381-0300] {processor.py:179} INFO - Processing /home/alan/repos/pipeline_airflow/dags/my_first_dag.py took 0.135 seconds
[2023-08-15T18:31:20.695-0300] {processor.py:157} INFO - Started process (PID=21826) to work on /home/alan/repos/pipeline_airflow/dags/my_first_dag.py
[2023-08-15T18:31:20.699-0300] {processor.py:826} INFO - Processing file /home/alan/repos/pipeline_airflow/dags/my_first_dag.py for tasks to queue
[2023-08-15T18:31:20.701-0300] {logging_mixin.py:150} INFO - [2023-08-15T18:31:20.700-0300] {dagbag.py:541} INFO - Filling up the DagBag from /home/alan/repos/pipeline_airflow/dags/my_first_dag.py
[2023-08-15T18:31:20.707-0300] {logging_mixin.py:150} INFO - [2023-08-15T18:31:20.705-0300] {dagbag.py:350} ERROR - Failed to import: /home/alan/repos/pipeline_airflow/dags/my_first_dag.py
Traceback (most recent call last):
  File "/home/alan/repos/pipeline_airflow/pipeline-airflow-venv/lib/python3.11/site-packages/airflow/models/dagbag.py", line 346, in parse
    loader.exec_module(new_module)
  File "<frozen importlib._bootstrap_external>", line 936, in exec_module
  File "<frozen importlib._bootstrap_external>", line 1074, in get_code
  File "<frozen importlib._bootstrap_external>", line 1004, in source_to_code
  File "<frozen importlib._bootstrap>", line 241, in _call_with_frames_removed
  File "/home/alan/repos/pipeline_airflow/dags/my_first_dag.py", line 8
    ) as dag:
             ^
IndentationError: expected an indented block after 'with' statement on line 4
[2023-08-15T18:31:20.709-0300] {processor.py:838} WARNING - No viable dags retrieved from /home/alan/repos/pipeline_airflow/dags/my_first_dag.py
[2023-08-15T18:31:20.821-0300] {processor.py:179} INFO - Processing /home/alan/repos/pipeline_airflow/dags/my_first_dag.py took 0.132 seconds
[2023-08-15T18:32:16.704-0300] {processor.py:157} INFO - Started process (PID=22044) to work on /home/alan/repos/pipeline_airflow/dags/my_first_dag.py
[2023-08-15T18:32:16.706-0300] {processor.py:826} INFO - Processing file /home/alan/repos/pipeline_airflow/dags/my_first_dag.py for tasks to queue
[2023-08-15T18:32:16.709-0300] {logging_mixin.py:150} INFO - [2023-08-15T18:32:16.708-0300] {dagbag.py:541} INFO - Filling up the DagBag from /home/alan/repos/pipeline_airflow/dags/my_first_dag.py
[2023-08-15T18:32:16.716-0300] {logging_mixin.py:150} INFO - [2023-08-15T18:32:16.713-0300] {dagbag.py:350} ERROR - Failed to import: /home/alan/repos/pipeline_airflow/dags/my_first_dag.py
Traceback (most recent call last):
  File "/home/alan/repos/pipeline_airflow/pipeline-airflow-venv/lib/python3.11/site-packages/airflow/models/dagbag.py", line 346, in parse
    loader.exec_module(new_module)
  File "<frozen importlib._bootstrap_external>", line 936, in exec_module
  File "<frozen importlib._bootstrap_external>", line 1074, in get_code
  File "<frozen importlib._bootstrap_external>", line 1004, in source_to_code
  File "<frozen importlib._bootstrap>", line 241, in _call_with_frames_removed
  File "/home/alan/repos/pipeline_airflow/dags/my_first_dag.py", line 8
    ) as dag:
             ^
IndentationError: expected an indented block after 'with' statement on line 4
[2023-08-15T18:32:16.717-0300] {processor.py:838} WARNING - No viable dags retrieved from /home/alan/repos/pipeline_airflow/dags/my_first_dag.py
[2023-08-15T18:32:16.888-0300] {processor.py:179} INFO - Processing /home/alan/repos/pipeline_airflow/dags/my_first_dag.py took 0.190 seconds
[2023-08-15T18:33:13.721-0300] {processor.py:157} INFO - Started process (PID=22249) to work on /home/alan/repos/pipeline_airflow/dags/my_first_dag.py
[2023-08-15T18:33:13.733-0300] {processor.py:826} INFO - Processing file /home/alan/repos/pipeline_airflow/dags/my_first_dag.py for tasks to queue
[2023-08-15T18:33:13.735-0300] {logging_mixin.py:150} INFO - [2023-08-15T18:33:13.734-0300] {dagbag.py:541} INFO - Filling up the DagBag from /home/alan/repos/pipeline_airflow/dags/my_first_dag.py
[2023-08-15T18:33:13.742-0300] {logging_mixin.py:150} INFO - [2023-08-15T18:33:13.739-0300] {dagbag.py:350} ERROR - Failed to import: /home/alan/repos/pipeline_airflow/dags/my_first_dag.py
Traceback (most recent call last):
  File "/home/alan/repos/pipeline_airflow/pipeline-airflow-venv/lib/python3.11/site-packages/airflow/models/dagbag.py", line 346, in parse
    loader.exec_module(new_module)
  File "<frozen importlib._bootstrap_external>", line 936, in exec_module
  File "<frozen importlib._bootstrap_external>", line 1074, in get_code
  File "<frozen importlib._bootstrap_external>", line 1004, in source_to_code
  File "<frozen importlib._bootstrap>", line 241, in _call_with_frames_removed
  File "/home/alan/repos/pipeline_airflow/dags/my_first_dag.py", line 8
    ) as dag:
             ^
IndentationError: expected an indented block after 'with' statement on line 4
[2023-08-15T18:33:13.743-0300] {processor.py:838} WARNING - No viable dags retrieved from /home/alan/repos/pipeline_airflow/dags/my_first_dag.py
[2023-08-15T18:33:13.855-0300] {processor.py:179} INFO - Processing /home/alan/repos/pipeline_airflow/dags/my_first_dag.py took 0.141 seconds
[2023-08-15T18:34:10.663-0300] {processor.py:157} INFO - Started process (PID=22466) to work on /home/alan/repos/pipeline_airflow/dags/my_first_dag.py
[2023-08-15T18:34:10.665-0300] {processor.py:826} INFO - Processing file /home/alan/repos/pipeline_airflow/dags/my_first_dag.py for tasks to queue
[2023-08-15T18:34:10.666-0300] {logging_mixin.py:150} INFO - [2023-08-15T18:34:10.666-0300] {dagbag.py:541} INFO - Filling up the DagBag from /home/alan/repos/pipeline_airflow/dags/my_first_dag.py
[2023-08-15T18:34:10.672-0300] {logging_mixin.py:150} INFO - [2023-08-15T18:34:10.670-0300] {dagbag.py:350} ERROR - Failed to import: /home/alan/repos/pipeline_airflow/dags/my_first_dag.py
Traceback (most recent call last):
  File "/home/alan/repos/pipeline_airflow/pipeline-airflow-venv/lib/python3.11/site-packages/airflow/models/dagbag.py", line 346, in parse
    loader.exec_module(new_module)
  File "<frozen importlib._bootstrap_external>", line 936, in exec_module
  File "<frozen importlib._bootstrap_external>", line 1074, in get_code
  File "<frozen importlib._bootstrap_external>", line 1004, in source_to_code
  File "<frozen importlib._bootstrap>", line 241, in _call_with_frames_removed
  File "/home/alan/repos/pipeline_airflow/dags/my_first_dag.py", line 8
    ) as dag:
             ^
IndentationError: expected an indented block after 'with' statement on line 4
[2023-08-15T18:34:10.673-0300] {processor.py:838} WARNING - No viable dags retrieved from /home/alan/repos/pipeline_airflow/dags/my_first_dag.py
[2023-08-15T18:34:10.776-0300] {processor.py:179} INFO - Processing /home/alan/repos/pipeline_airflow/dags/my_first_dag.py took 0.117 seconds
[2023-08-15T18:35:04.452-0300] {processor.py:157} INFO - Started process (PID=22653) to work on /home/alan/repos/pipeline_airflow/dags/my_first_dag.py
[2023-08-15T18:35:04.466-0300] {processor.py:826} INFO - Processing file /home/alan/repos/pipeline_airflow/dags/my_first_dag.py for tasks to queue
[2023-08-15T18:35:04.468-0300] {logging_mixin.py:150} INFO - [2023-08-15T18:35:04.467-0300] {dagbag.py:541} INFO - Filling up the DagBag from /home/alan/repos/pipeline_airflow/dags/my_first_dag.py
[2023-08-15T18:35:04.475-0300] {logging_mixin.py:150} INFO - [2023-08-15T18:35:04.473-0300] {dagbag.py:350} ERROR - Failed to import: /home/alan/repos/pipeline_airflow/dags/my_first_dag.py
Traceback (most recent call last):
  File "/home/alan/repos/pipeline_airflow/pipeline-airflow-venv/lib/python3.11/site-packages/airflow/models/dagbag.py", line 346, in parse
    loader.exec_module(new_module)
  File "<frozen importlib._bootstrap_external>", line 936, in exec_module
  File "<frozen importlib._bootstrap_external>", line 1074, in get_code
  File "<frozen importlib._bootstrap_external>", line 1004, in source_to_code
  File "<frozen importlib._bootstrap>", line 241, in _call_with_frames_removed
  File "/home/alan/repos/pipeline_airflow/dags/my_first_dag.py", line 8
    ) as dag:
             ^
IndentationError: expected an indented block after 'with' statement on line 4
[2023-08-15T18:35:04.477-0300] {processor.py:838} WARNING - No viable dags retrieved from /home/alan/repos/pipeline_airflow/dags/my_first_dag.py
[2023-08-15T18:35:04.606-0300] {processor.py:179} INFO - Processing /home/alan/repos/pipeline_airflow/dags/my_first_dag.py took 0.159 seconds
[2023-08-15T18:35:59.784-0300] {processor.py:157} INFO - Started process (PID=22852) to work on /home/alan/repos/pipeline_airflow/dags/my_first_dag.py
[2023-08-15T18:35:59.799-0300] {processor.py:826} INFO - Processing file /home/alan/repos/pipeline_airflow/dags/my_first_dag.py for tasks to queue
[2023-08-15T18:35:59.801-0300] {logging_mixin.py:150} INFO - [2023-08-15T18:35:59.800-0300] {dagbag.py:541} INFO - Filling up the DagBag from /home/alan/repos/pipeline_airflow/dags/my_first_dag.py
[2023-08-15T18:35:59.811-0300] {logging_mixin.py:150} INFO - [2023-08-15T18:35:59.809-0300] {dagbag.py:350} ERROR - Failed to import: /home/alan/repos/pipeline_airflow/dags/my_first_dag.py
Traceback (most recent call last):
  File "/home/alan/repos/pipeline_airflow/pipeline-airflow-venv/lib/python3.11/site-packages/airflow/models/dagbag.py", line 346, in parse
    loader.exec_module(new_module)
  File "<frozen importlib._bootstrap_external>", line 936, in exec_module
  File "<frozen importlib._bootstrap_external>", line 1074, in get_code
  File "<frozen importlib._bootstrap_external>", line 1004, in source_to_code
  File "<frozen importlib._bootstrap>", line 241, in _call_with_frames_removed
  File "/home/alan/repos/pipeline_airflow/dags/my_first_dag.py", line 8
    ) as dag:
             ^
IndentationError: expected an indented block after 'with' statement on line 4
[2023-08-15T18:35:59.816-0300] {processor.py:838} WARNING - No viable dags retrieved from /home/alan/repos/pipeline_airflow/dags/my_first_dag.py
[2023-08-15T18:35:59.969-0300] {processor.py:179} INFO - Processing /home/alan/repos/pipeline_airflow/dags/my_first_dag.py took 0.191 seconds
[2023-08-15T18:36:30.408-0300] {processor.py:157} INFO - Started process (PID=22963) to work on /home/alan/repos/pipeline_airflow/dags/my_first_dag.py
[2023-08-15T18:36:30.409-0300] {processor.py:826} INFO - Processing file /home/alan/repos/pipeline_airflow/dags/my_first_dag.py for tasks to queue
[2023-08-15T18:36:30.411-0300] {logging_mixin.py:150} INFO - [2023-08-15T18:36:30.410-0300] {dagbag.py:541} INFO - Filling up the DagBag from /home/alan/repos/pipeline_airflow/dags/my_first_dag.py
[2023-08-15T18:36:30.420-0300] {logging_mixin.py:150} INFO - [2023-08-15T18:36:30.415-0300] {dagbag.py:350} ERROR - Failed to import: /home/alan/repos/pipeline_airflow/dags/my_first_dag.py
Traceback (most recent call last):
  File "/home/alan/repos/pipeline_airflow/pipeline-airflow-venv/lib/python3.11/site-packages/airflow/models/dagbag.py", line 346, in parse
    loader.exec_module(new_module)
  File "<frozen importlib._bootstrap_external>", line 936, in exec_module
  File "<frozen importlib._bootstrap_external>", line 1074, in get_code
  File "<frozen importlib._bootstrap_external>", line 1004, in source_to_code
  File "<frozen importlib._bootstrap>", line 241, in _call_with_frames_removed
  File "/home/alan/repos/pipeline_airflow/dags/my_first_dag.py", line 8
    ) as dag:
             ^
IndentationError: expected an indented block after 'with' statement on line 4
[2023-08-15T18:36:30.421-0300] {processor.py:838} WARNING - No viable dags retrieved from /home/alan/repos/pipeline_airflow/dags/my_first_dag.py
[2023-08-15T18:36:30.544-0300] {processor.py:179} INFO - Processing /home/alan/repos/pipeline_airflow/dags/my_first_dag.py took 0.148 seconds
[2023-08-15T18:36:59.225-0300] {processor.py:157} INFO - Started process (PID=23077) to work on /home/alan/repos/pipeline_airflow/dags/my_first_dag.py
[2023-08-15T18:36:59.236-0300] {processor.py:826} INFO - Processing file /home/alan/repos/pipeline_airflow/dags/my_first_dag.py for tasks to queue
[2023-08-15T18:36:59.237-0300] {logging_mixin.py:150} INFO - [2023-08-15T18:36:59.237-0300] {dagbag.py:541} INFO - Filling up the DagBag from /home/alan/repos/pipeline_airflow/dags/my_first_dag.py
[2023-08-15T18:36:59.244-0300] {logging_mixin.py:150} INFO - [2023-08-15T18:36:59.242-0300] {dagbag.py:350} ERROR - Failed to import: /home/alan/repos/pipeline_airflow/dags/my_first_dag.py
Traceback (most recent call last):
  File "/home/alan/repos/pipeline_airflow/pipeline-airflow-venv/lib/python3.11/site-packages/airflow/models/dagbag.py", line 346, in parse
    loader.exec_module(new_module)
  File "<frozen importlib._bootstrap_external>", line 940, in exec_module
  File "<frozen importlib._bootstrap>", line 241, in _call_with_frames_removed
  File "/home/alan/repos/pipeline_airflow/dags/my_first_dag.py", line 1, in <module>
    from airflow.model import DAG
ModuleNotFoundError: No module named 'airflow.model'
[2023-08-15T18:36:59.245-0300] {processor.py:838} WARNING - No viable dags retrieved from /home/alan/repos/pipeline_airflow/dags/my_first_dag.py
[2023-08-15T18:36:59.367-0300] {processor.py:179} INFO - Processing /home/alan/repos/pipeline_airflow/dags/my_first_dag.py took 0.148 seconds
[2023-08-15T18:37:40.893-0300] {processor.py:157} INFO - Started process (PID=23254) to work on /home/alan/repos/pipeline_airflow/dags/my_first_dag.py
[2023-08-15T18:37:40.898-0300] {processor.py:826} INFO - Processing file /home/alan/repos/pipeline_airflow/dags/my_first_dag.py for tasks to queue
[2023-08-15T18:37:40.900-0300] {logging_mixin.py:150} INFO - [2023-08-15T18:37:40.899-0300] {dagbag.py:541} INFO - Filling up the DagBag from /home/alan/repos/pipeline_airflow/dags/my_first_dag.py
[2023-08-15T18:37:40.908-0300] {logging_mixin.py:150} INFO - [2023-08-15T18:37:40.904-0300] {dagbag.py:350} ERROR - Failed to import: /home/alan/repos/pipeline_airflow/dags/my_first_dag.py
Traceback (most recent call last):
  File "/home/alan/repos/pipeline_airflow/pipeline-airflow-venv/lib/python3.11/site-packages/airflow/models/dagbag.py", line 346, in parse
    loader.exec_module(new_module)
  File "<frozen importlib._bootstrap_external>", line 940, in exec_module
  File "<frozen importlib._bootstrap>", line 241, in _call_with_frames_removed
  File "/home/alan/repos/pipeline_airflow/dags/my_first_dag.py", line 1, in <module>
    from airflow.model import DAG
ModuleNotFoundError: No module named 'airflow.model'
[2023-08-15T18:37:40.909-0300] {processor.py:838} WARNING - No viable dags retrieved from /home/alan/repos/pipeline_airflow/dags/my_first_dag.py
[2023-08-15T18:37:41.027-0300] {processor.py:179} INFO - Processing /home/alan/repos/pipeline_airflow/dags/my_first_dag.py took 0.143 seconds
[2023-08-15T18:38:23.273-0300] {processor.py:157} INFO - Started process (PID=23413) to work on /home/alan/repos/pipeline_airflow/dags/my_first_dag.py
[2023-08-15T18:38:23.279-0300] {processor.py:826} INFO - Processing file /home/alan/repos/pipeline_airflow/dags/my_first_dag.py for tasks to queue
[2023-08-15T18:38:23.280-0300] {logging_mixin.py:150} INFO - [2023-08-15T18:38:23.279-0300] {dagbag.py:541} INFO - Filling up the DagBag from /home/alan/repos/pipeline_airflow/dags/my_first_dag.py
[2023-08-15T18:38:23.287-0300] {logging_mixin.py:150} INFO - [2023-08-15T18:38:23.285-0300] {dagbag.py:350} ERROR - Failed to import: /home/alan/repos/pipeline_airflow/dags/my_first_dag.py
Traceback (most recent call last):
  File "/home/alan/repos/pipeline_airflow/pipeline-airflow-venv/lib/python3.11/site-packages/airflow/models/dagbag.py", line 346, in parse
    loader.exec_module(new_module)
  File "<frozen importlib._bootstrap_external>", line 940, in exec_module
  File "<frozen importlib._bootstrap>", line 241, in _call_with_frames_removed
  File "/home/alan/repos/pipeline_airflow/dags/my_first_dag.py", line 1, in <module>
    from airflow.model import DAG
ModuleNotFoundError: No module named 'airflow.model'
[2023-08-15T18:38:23.288-0300] {processor.py:838} WARNING - No viable dags retrieved from /home/alan/repos/pipeline_airflow/dags/my_first_dag.py
[2023-08-15T18:38:23.392-0300] {processor.py:179} INFO - Processing /home/alan/repos/pipeline_airflow/dags/my_first_dag.py took 0.128 seconds
[2023-08-15T18:43:18.203-0300] {processor.py:157} INFO - Started process (PID=23551) to work on /home/alan/repos/pipeline_airflow/dags/my_first_dag.py
[2023-08-15T18:43:18.209-0300] {processor.py:826} INFO - Processing file /home/alan/repos/pipeline_airflow/dags/my_first_dag.py for tasks to queue
[2023-08-15T18:43:18.210-0300] {logging_mixin.py:150} INFO - [2023-08-15T18:43:18.209-0300] {dagbag.py:541} INFO - Filling up the DagBag from /home/alan/repos/pipeline_airflow/dags/my_first_dag.py
[2023-08-15T18:43:18.233-0300] {processor.py:836} INFO - DAG(s) dict_keys(['meu_primeiro_dag']) retrieved from /home/alan/repos/pipeline_airflow/dags/my_first_dag.py
[2023-08-15T18:43:18.262-0300] {logging_mixin.py:150} INFO - [2023-08-15T18:43:18.261-0300] {dag.py:2742} INFO - Sync 1 DAGs
[2023-08-15T18:43:18.299-0300] {logging_mixin.py:150} INFO - [2023-08-15T18:43:18.299-0300] {dag.py:3504} INFO - Setting next_dagrun for meu_primeiro_dag to 2023-08-14T00:00:00+00:00, run_after=2023-08-15T00:00:00+00:00
[2023-08-15T18:43:18.515-0300] {processor.py:179} INFO - Processing /home/alan/repos/pipeline_airflow/dags/my_first_dag.py took 0.317 seconds
[2023-08-15T18:43:58.487-0300] {processor.py:157} INFO - Started process (PID=23654) to work on /home/alan/repos/pipeline_airflow/dags/my_first_dag.py
[2023-08-15T18:43:58.507-0300] {processor.py:826} INFO - Processing file /home/alan/repos/pipeline_airflow/dags/my_first_dag.py for tasks to queue
[2023-08-15T18:43:58.509-0300] {logging_mixin.py:150} INFO - [2023-08-15T18:43:58.509-0300] {dagbag.py:541} INFO - Filling up the DagBag from /home/alan/repos/pipeline_airflow/dags/my_first_dag.py
[2023-08-15T18:43:58.534-0300] {processor.py:836} INFO - DAG(s) dict_keys(['meu_primeiro_dag']) retrieved from /home/alan/repos/pipeline_airflow/dags/my_first_dag.py
[2023-08-15T18:43:58.553-0300] {logging_mixin.py:150} INFO - [2023-08-15T18:43:58.553-0300] {dag.py:2742} INFO - Sync 1 DAGs
[2023-08-15T18:43:58.600-0300] {logging_mixin.py:150} INFO - [2023-08-15T18:43:58.599-0300] {dag.py:3504} INFO - Setting next_dagrun for meu_primeiro_dag to 2023-08-14T00:00:00+00:00, run_after=2023-08-15T00:00:00+00:00
[2023-08-15T18:43:58.784-0300] {processor.py:179} INFO - Processing /home/alan/repos/pipeline_airflow/dags/my_first_dag.py took 0.302 seconds
[2023-08-15T18:45:04.133-0300] {processor.py:157} INFO - Started process (PID=23961) to work on /home/alan/repos/pipeline_airflow/dags/my_first_dag.py
[2023-08-15T18:45:04.135-0300] {processor.py:826} INFO - Processing file /home/alan/repos/pipeline_airflow/dags/my_first_dag.py for tasks to queue
[2023-08-15T18:45:04.136-0300] {logging_mixin.py:150} INFO - [2023-08-15T18:45:04.136-0300] {dagbag.py:541} INFO - Filling up the DagBag from /home/alan/repos/pipeline_airflow/dags/my_first_dag.py
[2023-08-15T18:45:04.154-0300] {processor.py:836} INFO - DAG(s) dict_keys(['meu_primeiro_dag']) retrieved from /home/alan/repos/pipeline_airflow/dags/my_first_dag.py
[2023-08-15T18:45:04.181-0300] {logging_mixin.py:150} INFO - [2023-08-15T18:45:04.180-0300] {dag.py:2742} INFO - Sync 1 DAGs
[2023-08-15T18:45:04.217-0300] {logging_mixin.py:150} INFO - [2023-08-15T18:45:04.217-0300] {dag.py:3504} INFO - Setting next_dagrun for meu_primeiro_dag to 2023-08-14T00:00:00+00:00, run_after=2023-08-15T00:00:00+00:00
[2023-08-15T18:45:04.344-0300] {processor.py:179} INFO - Processing /home/alan/repos/pipeline_airflow/dags/my_first_dag.py took 0.217 seconds
[2023-08-15T18:45:51.491-0300] {processor.py:157} INFO - Started process (PID=24170) to work on /home/alan/repos/pipeline_airflow/dags/my_first_dag.py
[2023-08-15T18:45:51.507-0300] {processor.py:826} INFO - Processing file /home/alan/repos/pipeline_airflow/dags/my_first_dag.py for tasks to queue
[2023-08-15T18:45:51.509-0300] {logging_mixin.py:150} INFO - [2023-08-15T18:45:51.508-0300] {dagbag.py:541} INFO - Filling up the DagBag from /home/alan/repos/pipeline_airflow/dags/my_first_dag.py
[2023-08-15T18:45:51.528-0300] {processor.py:836} INFO - DAG(s) dict_keys(['meu_primeiro_dag']) retrieved from /home/alan/repos/pipeline_airflow/dags/my_first_dag.py
[2023-08-15T18:45:51.556-0300] {logging_mixin.py:150} INFO - [2023-08-15T18:45:51.556-0300] {dag.py:2742} INFO - Sync 1 DAGs
[2023-08-15T18:45:51.597-0300] {logging_mixin.py:150} INFO - [2023-08-15T18:45:51.597-0300] {dag.py:3504} INFO - Setting next_dagrun for meu_primeiro_dag to 2023-08-15T00:00:00+00:00, run_after=2023-08-16T00:00:00+00:00
[2023-08-15T18:45:51.697-0300] {processor.py:179} INFO - Processing /home/alan/repos/pipeline_airflow/dags/my_first_dag.py took 0.213 seconds
[2023-08-15T18:46:25.823-0300] {processor.py:157} INFO - Started process (PID=24296) to work on /home/alan/repos/pipeline_airflow/dags/my_first_dag.py
[2023-08-15T18:46:25.824-0300] {processor.py:826} INFO - Processing file /home/alan/repos/pipeline_airflow/dags/my_first_dag.py for tasks to queue
[2023-08-15T18:46:25.825-0300] {logging_mixin.py:150} INFO - [2023-08-15T18:46:25.825-0300] {dagbag.py:541} INFO - Filling up the DagBag from /home/alan/repos/pipeline_airflow/dags/my_first_dag.py
[2023-08-15T18:46:25.843-0300] {processor.py:836} INFO - DAG(s) dict_keys(['meu_primeiro_dag']) retrieved from /home/alan/repos/pipeline_airflow/dags/my_first_dag.py
[2023-08-15T18:46:25.876-0300] {logging_mixin.py:150} INFO - [2023-08-15T18:46:25.876-0300] {dag.py:2742} INFO - Sync 1 DAGs
[2023-08-15T18:46:25.932-0300] {logging_mixin.py:150} INFO - [2023-08-15T18:46:25.930-0300] {dag.py:3504} INFO - Setting next_dagrun for meu_primeiro_dag to 2023-08-15T00:00:00+00:00, run_after=2023-08-16T00:00:00+00:00
[2023-08-15T18:46:26.082-0300] {processor.py:179} INFO - Processing /home/alan/repos/pipeline_airflow/dags/my_first_dag.py took 0.265 seconds
[2023-08-15T18:46:58.276-0300] {processor.py:157} INFO - Started process (PID=24402) to work on /home/alan/repos/pipeline_airflow/dags/my_first_dag.py
[2023-08-15T18:46:58.292-0300] {processor.py:826} INFO - Processing file /home/alan/repos/pipeline_airflow/dags/my_first_dag.py for tasks to queue
[2023-08-15T18:46:58.296-0300] {logging_mixin.py:150} INFO - [2023-08-15T18:46:58.295-0300] {dagbag.py:541} INFO - Filling up the DagBag from /home/alan/repos/pipeline_airflow/dags/my_first_dag.py
[2023-08-15T18:46:58.316-0300] {processor.py:836} INFO - DAG(s) dict_keys(['meu_primeiro_dag']) retrieved from /home/alan/repos/pipeline_airflow/dags/my_first_dag.py
[2023-08-15T18:46:58.348-0300] {logging_mixin.py:150} INFO - [2023-08-15T18:46:58.348-0300] {dag.py:2742} INFO - Sync 1 DAGs
[2023-08-15T18:46:58.392-0300] {logging_mixin.py:150} INFO - [2023-08-15T18:46:58.391-0300] {dag.py:3504} INFO - Setting next_dagrun for meu_primeiro_dag to 2023-08-15T00:00:00+00:00, run_after=2023-08-16T00:00:00+00:00
[2023-08-15T18:46:58.500-0300] {processor.py:179} INFO - Processing /home/alan/repos/pipeline_airflow/dags/my_first_dag.py took 0.229 seconds
[2023-08-15T18:47:30.770-0300] {processor.py:157} INFO - Started process (PID=24521) to work on /home/alan/repos/pipeline_airflow/dags/my_first_dag.py
[2023-08-15T18:47:30.773-0300] {processor.py:826} INFO - Processing file /home/alan/repos/pipeline_airflow/dags/my_first_dag.py for tasks to queue
[2023-08-15T18:47:30.775-0300] {logging_mixin.py:150} INFO - [2023-08-15T18:47:30.774-0300] {dagbag.py:541} INFO - Filling up the DagBag from /home/alan/repos/pipeline_airflow/dags/my_first_dag.py
[2023-08-15T18:47:30.796-0300] {processor.py:836} INFO - DAG(s) dict_keys(['meu_primeiro_dag']) retrieved from /home/alan/repos/pipeline_airflow/dags/my_first_dag.py
[2023-08-15T18:47:30.830-0300] {logging_mixin.py:150} INFO - [2023-08-15T18:47:30.829-0300] {dag.py:2742} INFO - Sync 1 DAGs
[2023-08-15T18:47:30.880-0300] {logging_mixin.py:150} INFO - [2023-08-15T18:47:30.880-0300] {dag.py:3504} INFO - Setting next_dagrun for meu_primeiro_dag to 2023-08-15T00:00:00+00:00, run_after=2023-08-16T00:00:00+00:00
[2023-08-15T18:47:30.998-0300] {processor.py:179} INFO - Processing /home/alan/repos/pipeline_airflow/dags/my_first_dag.py took 0.233 seconds
[2023-08-15T18:48:01.821-0300] {processor.py:157} INFO - Started process (PID=24630) to work on /home/alan/repos/pipeline_airflow/dags/my_first_dag.py
[2023-08-15T18:48:01.833-0300] {processor.py:826} INFO - Processing file /home/alan/repos/pipeline_airflow/dags/my_first_dag.py for tasks to queue
[2023-08-15T18:48:01.835-0300] {logging_mixin.py:150} INFO - [2023-08-15T18:48:01.834-0300] {dagbag.py:541} INFO - Filling up the DagBag from /home/alan/repos/pipeline_airflow/dags/my_first_dag.py
[2023-08-15T18:48:01.860-0300] {processor.py:836} INFO - DAG(s) dict_keys(['meu_primeiro_dag']) retrieved from /home/alan/repos/pipeline_airflow/dags/my_first_dag.py
[2023-08-15T18:48:01.892-0300] {logging_mixin.py:150} INFO - [2023-08-15T18:48:01.892-0300] {dag.py:2742} INFO - Sync 1 DAGs
[2023-08-15T18:48:01.953-0300] {logging_mixin.py:150} INFO - [2023-08-15T18:48:01.953-0300] {dag.py:3504} INFO - Setting next_dagrun for meu_primeiro_dag to 2023-08-15T00:00:00+00:00, run_after=2023-08-16T00:00:00+00:00
[2023-08-15T18:48:02.302-0300] {processor.py:179} INFO - Processing /home/alan/repos/pipeline_airflow/dags/my_first_dag.py took 0.489 seconds
[2023-08-15T18:48:35.356-0300] {processor.py:157} INFO - Started process (PID=24739) to work on /home/alan/repos/pipeline_airflow/dags/my_first_dag.py
[2023-08-15T18:48:35.357-0300] {processor.py:826} INFO - Processing file /home/alan/repos/pipeline_airflow/dags/my_first_dag.py for tasks to queue
[2023-08-15T18:48:35.359-0300] {logging_mixin.py:150} INFO - [2023-08-15T18:48:35.358-0300] {dagbag.py:541} INFO - Filling up the DagBag from /home/alan/repos/pipeline_airflow/dags/my_first_dag.py
[2023-08-15T18:48:35.387-0300] {processor.py:836} INFO - DAG(s) dict_keys(['meu_primeiro_dag']) retrieved from /home/alan/repos/pipeline_airflow/dags/my_first_dag.py
[2023-08-15T18:48:35.423-0300] {logging_mixin.py:150} INFO - [2023-08-15T18:48:35.423-0300] {dag.py:2742} INFO - Sync 1 DAGs
[2023-08-15T18:48:35.680-0300] {logging_mixin.py:150} INFO - [2023-08-15T18:48:35.680-0300] {dag.py:3504} INFO - Setting next_dagrun for meu_primeiro_dag to 2023-08-15T00:00:00+00:00, run_after=2023-08-16T00:00:00+00:00
[2023-08-15T18:48:35.884-0300] {processor.py:179} INFO - Processing /home/alan/repos/pipeline_airflow/dags/my_first_dag.py took 0.541 seconds
[2023-08-15T18:49:10.514-0300] {processor.py:157} INFO - Started process (PID=24850) to work on /home/alan/repos/pipeline_airflow/dags/my_first_dag.py
[2023-08-15T18:49:10.516-0300] {processor.py:826} INFO - Processing file /home/alan/repos/pipeline_airflow/dags/my_first_dag.py for tasks to queue
[2023-08-15T18:49:10.517-0300] {logging_mixin.py:150} INFO - [2023-08-15T18:49:10.517-0300] {dagbag.py:541} INFO - Filling up the DagBag from /home/alan/repos/pipeline_airflow/dags/my_first_dag.py
[2023-08-15T18:49:10.538-0300] {processor.py:836} INFO - DAG(s) dict_keys(['meu_primeiro_dag']) retrieved from /home/alan/repos/pipeline_airflow/dags/my_first_dag.py
[2023-08-15T18:49:10.749-0300] {logging_mixin.py:150} INFO - [2023-08-15T18:49:10.749-0300] {dag.py:2742} INFO - Sync 1 DAGs
[2023-08-15T18:49:10.793-0300] {logging_mixin.py:150} INFO - [2023-08-15T18:49:10.793-0300] {dag.py:3504} INFO - Setting next_dagrun for meu_primeiro_dag to 2023-08-15T00:00:00+00:00, run_after=2023-08-16T00:00:00+00:00
[2023-08-15T18:49:10.968-0300] {processor.py:179} INFO - Processing /home/alan/repos/pipeline_airflow/dags/my_first_dag.py took 0.465 seconds
[2023-08-15T18:49:42.802-0300] {processor.py:157} INFO - Started process (PID=24966) to work on /home/alan/repos/pipeline_airflow/dags/my_first_dag.py
[2023-08-15T18:49:42.807-0300] {processor.py:826} INFO - Processing file /home/alan/repos/pipeline_airflow/dags/my_first_dag.py for tasks to queue
[2023-08-15T18:49:42.809-0300] {logging_mixin.py:150} INFO - [2023-08-15T18:49:42.808-0300] {dagbag.py:541} INFO - Filling up the DagBag from /home/alan/repos/pipeline_airflow/dags/my_first_dag.py
[2023-08-15T18:49:42.831-0300] {processor.py:836} INFO - DAG(s) dict_keys(['meu_primeiro_dag']) retrieved from /home/alan/repos/pipeline_airflow/dags/my_first_dag.py
[2023-08-15T18:49:42.862-0300] {logging_mixin.py:150} INFO - [2023-08-15T18:49:42.862-0300] {dag.py:2742} INFO - Sync 1 DAGs
[2023-08-15T18:49:42.906-0300] {logging_mixin.py:150} INFO - [2023-08-15T18:49:42.905-0300] {dag.py:3504} INFO - Setting next_dagrun for meu_primeiro_dag to 2023-08-15T00:00:00+00:00, run_after=2023-08-16T00:00:00+00:00
[2023-08-15T18:49:43.030-0300] {processor.py:179} INFO - Processing /home/alan/repos/pipeline_airflow/dags/my_first_dag.py took 0.234 seconds
[2023-08-15T18:50:40.447-0300] {processor.py:157} INFO - Started process (PID=25179) to work on /home/alan/repos/pipeline_airflow/dags/my_first_dag.py
[2023-08-15T18:50:40.463-0300] {processor.py:826} INFO - Processing file /home/alan/repos/pipeline_airflow/dags/my_first_dag.py for tasks to queue
[2023-08-15T18:50:40.465-0300] {logging_mixin.py:150} INFO - [2023-08-15T18:50:40.464-0300] {dagbag.py:541} INFO - Filling up the DagBag from /home/alan/repos/pipeline_airflow/dags/my_first_dag.py
[2023-08-15T18:50:40.483-0300] {processor.py:836} INFO - DAG(s) dict_keys(['meu_primeiro_dag']) retrieved from /home/alan/repos/pipeline_airflow/dags/my_first_dag.py
[2023-08-15T18:50:40.511-0300] {logging_mixin.py:150} INFO - [2023-08-15T18:50:40.510-0300] {dag.py:2742} INFO - Sync 1 DAGs
[2023-08-15T18:50:40.549-0300] {logging_mixin.py:150} INFO - [2023-08-15T18:50:40.549-0300] {dag.py:3504} INFO - Setting next_dagrun for meu_primeiro_dag to 2023-08-15T00:00:00+00:00, run_after=2023-08-16T00:00:00+00:00
[2023-08-15T18:50:40.644-0300] {processor.py:179} INFO - Processing /home/alan/repos/pipeline_airflow/dags/my_first_dag.py took 0.203 seconds
[2023-08-15T18:51:15.471-0300] {processor.py:157} INFO - Started process (PID=25346) to work on /home/alan/repos/pipeline_airflow/dags/my_first_dag.py
[2023-08-15T18:51:15.473-0300] {processor.py:826} INFO - Processing file /home/alan/repos/pipeline_airflow/dags/my_first_dag.py for tasks to queue
[2023-08-15T18:51:15.475-0300] {logging_mixin.py:150} INFO - [2023-08-15T18:51:15.474-0300] {dagbag.py:541} INFO - Filling up the DagBag from /home/alan/repos/pipeline_airflow/dags/my_first_dag.py
[2023-08-15T18:51:15.493-0300] {processor.py:836} INFO - DAG(s) dict_keys(['meu_primeiro_dag']) retrieved from /home/alan/repos/pipeline_airflow/dags/my_first_dag.py
[2023-08-15T18:51:15.521-0300] {logging_mixin.py:150} INFO - [2023-08-15T18:51:15.520-0300] {dag.py:2742} INFO - Sync 1 DAGs
[2023-08-15T18:51:15.563-0300] {logging_mixin.py:150} INFO - [2023-08-15T18:51:15.562-0300] {dag.py:3504} INFO - Setting next_dagrun for meu_primeiro_dag to 2023-08-15T00:00:00+00:00, run_after=2023-08-16T00:00:00+00:00
[2023-08-15T18:51:15.671-0300] {processor.py:179} INFO - Processing /home/alan/repos/pipeline_airflow/dags/my_first_dag.py took 0.206 seconds
[2023-08-15T18:51:57.444-0300] {processor.py:157} INFO - Started process (PID=25583) to work on /home/alan/repos/pipeline_airflow/dags/my_first_dag.py
[2023-08-15T18:51:57.465-0300] {processor.py:826} INFO - Processing file /home/alan/repos/pipeline_airflow/dags/my_first_dag.py for tasks to queue
[2023-08-15T18:51:57.467-0300] {logging_mixin.py:150} INFO - [2023-08-15T18:51:57.466-0300] {dagbag.py:541} INFO - Filling up the DagBag from /home/alan/repos/pipeline_airflow/dags/my_first_dag.py
[2023-08-15T18:51:57.485-0300] {processor.py:836} INFO - DAG(s) dict_keys(['meu_primeiro_dag']) retrieved from /home/alan/repos/pipeline_airflow/dags/my_first_dag.py
[2023-08-15T18:51:57.513-0300] {logging_mixin.py:150} INFO - [2023-08-15T18:51:57.512-0300] {dag.py:2742} INFO - Sync 1 DAGs
[2023-08-15T18:51:57.557-0300] {logging_mixin.py:150} INFO - [2023-08-15T18:51:57.557-0300] {dag.py:3504} INFO - Setting next_dagrun for meu_primeiro_dag to 2023-08-15T00:00:00+00:00, run_after=2023-08-16T00:00:00+00:00
[2023-08-15T18:51:57.673-0300] {processor.py:179} INFO - Processing /home/alan/repos/pipeline_airflow/dags/my_first_dag.py took 0.235 seconds
[2023-08-15T18:52:34.040-0300] {processor.py:157} INFO - Started process (PID=25754) to work on /home/alan/repos/pipeline_airflow/dags/my_first_dag.py
[2023-08-15T18:52:34.046-0300] {processor.py:826} INFO - Processing file /home/alan/repos/pipeline_airflow/dags/my_first_dag.py for tasks to queue
[2023-08-15T18:52:34.048-0300] {logging_mixin.py:150} INFO - [2023-08-15T18:52:34.047-0300] {dagbag.py:541} INFO - Filling up the DagBag from /home/alan/repos/pipeline_airflow/dags/my_first_dag.py
[2023-08-15T18:52:34.072-0300] {processor.py:836} INFO - DAG(s) dict_keys(['meu_primeiro_dag']) retrieved from /home/alan/repos/pipeline_airflow/dags/my_first_dag.py
[2023-08-15T18:52:34.103-0300] {logging_mixin.py:150} INFO - [2023-08-15T18:52:34.103-0300] {dag.py:2742} INFO - Sync 1 DAGs
[2023-08-15T18:52:34.141-0300] {logging_mixin.py:150} INFO - [2023-08-15T18:52:34.141-0300] {dag.py:3504} INFO - Setting next_dagrun for meu_primeiro_dag to 2023-08-15T00:00:00+00:00, run_after=2023-08-16T00:00:00+00:00
[2023-08-15T18:52:34.293-0300] {processor.py:179} INFO - Processing /home/alan/repos/pipeline_airflow/dags/my_first_dag.py took 0.259 seconds
[2023-08-15T18:53:31.236-0300] {processor.py:157} INFO - Started process (PID=25964) to work on /home/alan/repos/pipeline_airflow/dags/my_first_dag.py
[2023-08-15T18:53:31.244-0300] {processor.py:826} INFO - Processing file /home/alan/repos/pipeline_airflow/dags/my_first_dag.py for tasks to queue
[2023-08-15T18:53:31.246-0300] {logging_mixin.py:150} INFO - [2023-08-15T18:53:31.245-0300] {dagbag.py:541} INFO - Filling up the DagBag from /home/alan/repos/pipeline_airflow/dags/my_first_dag.py
[2023-08-15T18:53:31.268-0300] {processor.py:836} INFO - DAG(s) dict_keys(['meu_primeiro_dag']) retrieved from /home/alan/repos/pipeline_airflow/dags/my_first_dag.py
[2023-08-15T18:53:31.296-0300] {logging_mixin.py:150} INFO - [2023-08-15T18:53:31.296-0300] {dag.py:2742} INFO - Sync 1 DAGs
[2023-08-15T18:53:31.338-0300] {logging_mixin.py:150} INFO - [2023-08-15T18:53:31.337-0300] {dag.py:3504} INFO - Setting next_dagrun for meu_primeiro_dag to 2023-08-15T00:00:00+00:00, run_after=2023-08-16T00:00:00+00:00
[2023-08-15T18:53:31.446-0300] {processor.py:179} INFO - Processing /home/alan/repos/pipeline_airflow/dags/my_first_dag.py took 0.217 seconds
[2023-08-15T18:54:26.211-0300] {processor.py:157} INFO - Started process (PID=26191) to work on /home/alan/repos/pipeline_airflow/dags/my_first_dag.py
[2023-08-15T18:54:26.213-0300] {processor.py:826} INFO - Processing file /home/alan/repos/pipeline_airflow/dags/my_first_dag.py for tasks to queue
[2023-08-15T18:54:26.215-0300] {logging_mixin.py:150} INFO - [2023-08-15T18:54:26.214-0300] {dagbag.py:541} INFO - Filling up the DagBag from /home/alan/repos/pipeline_airflow/dags/my_first_dag.py
[2023-08-15T18:54:26.233-0300] {processor.py:836} INFO - DAG(s) dict_keys(['meu_primeiro_dag']) retrieved from /home/alan/repos/pipeline_airflow/dags/my_first_dag.py
[2023-08-15T18:54:26.260-0300] {logging_mixin.py:150} INFO - [2023-08-15T18:54:26.260-0300] {dag.py:2742} INFO - Sync 1 DAGs
[2023-08-15T18:54:26.298-0300] {logging_mixin.py:150} INFO - [2023-08-15T18:54:26.297-0300] {dag.py:3504} INFO - Setting next_dagrun for meu_primeiro_dag to 2023-08-15T00:00:00+00:00, run_after=2023-08-16T00:00:00+00:00
[2023-08-15T18:54:26.407-0300] {processor.py:179} INFO - Processing /home/alan/repos/pipeline_airflow/dags/my_first_dag.py took 0.201 seconds
[2023-08-15T18:55:14.839-0300] {processor.py:157} INFO - Started process (PID=26542) to work on /home/alan/repos/pipeline_airflow/dags/my_first_dag.py
[2023-08-15T18:55:14.915-0300] {processor.py:826} INFO - Processing file /home/alan/repos/pipeline_airflow/dags/my_first_dag.py for tasks to queue
[2023-08-15T18:55:14.916-0300] {logging_mixin.py:150} INFO - [2023-08-15T18:55:14.916-0300] {dagbag.py:541} INFO - Filling up the DagBag from /home/alan/repos/pipeline_airflow/dags/my_first_dag.py
[2023-08-15T18:55:14.937-0300] {processor.py:836} INFO - DAG(s) dict_keys(['meu_primeiro_dag']) retrieved from /home/alan/repos/pipeline_airflow/dags/my_first_dag.py
[2023-08-15T18:55:14.970-0300] {logging_mixin.py:150} INFO - [2023-08-15T18:55:14.970-0300] {dag.py:2742} INFO - Sync 1 DAGs
[2023-08-15T18:55:15.009-0300] {logging_mixin.py:150} INFO - [2023-08-15T18:55:15.008-0300] {dag.py:3504} INFO - Setting next_dagrun for meu_primeiro_dag to 2023-08-15T00:00:00+00:00, run_after=2023-08-16T00:00:00+00:00
[2023-08-15T18:55:15.680-0300] {processor.py:179} INFO - Processing /home/alan/repos/pipeline_airflow/dags/my_first_dag.py took 0.847 seconds
[2023-08-15T18:57:25.227-0300] {processor.py:157} INFO - Started process (PID=26979) to work on /home/alan/repos/pipeline_airflow/dags/my_first_dag.py
[2023-08-15T18:57:25.629-0300] {processor.py:826} INFO - Processing file /home/alan/repos/pipeline_airflow/dags/my_first_dag.py for tasks to queue
[2023-08-15T18:57:25.632-0300] {logging_mixin.py:150} INFO - [2023-08-15T18:57:25.631-0300] {dagbag.py:541} INFO - Filling up the DagBag from /home/alan/repos/pipeline_airflow/dags/my_first_dag.py
[2023-08-15T18:57:25.783-0300] {processor.py:836} INFO - DAG(s) dict_keys(['meu_primeiro_dag']) retrieved from /home/alan/repos/pipeline_airflow/dags/my_first_dag.py
[2023-08-15T18:57:25.869-0300] {logging_mixin.py:150} INFO - [2023-08-15T18:57:25.869-0300] {dag.py:2742} INFO - Sync 1 DAGs
[2023-08-15T18:57:25.991-0300] {logging_mixin.py:150} INFO - [2023-08-15T18:57:25.991-0300] {dag.py:3504} INFO - Setting next_dagrun for meu_primeiro_dag to 2023-08-15T00:00:00+00:00, run_after=2023-08-16T00:00:00+00:00
[2023-08-15T18:57:27.385-0300] {processor.py:179} INFO - Processing /home/alan/repos/pipeline_airflow/dags/my_first_dag.py took 2.164 seconds
[2023-08-15T19:00:52.611-0300] {processor.py:157} INFO - Started process (PID=27443) to work on /home/alan/repos/pipeline_airflow/dags/my_first_dag.py
[2023-08-15T19:00:52.725-0300] {processor.py:826} INFO - Processing file /home/alan/repos/pipeline_airflow/dags/my_first_dag.py for tasks to queue
[2023-08-15T19:00:52.727-0300] {logging_mixin.py:150} INFO - [2023-08-15T19:00:52.726-0300] {dagbag.py:541} INFO - Filling up the DagBag from /home/alan/repos/pipeline_airflow/dags/my_first_dag.py
[2023-08-15T19:00:52.844-0300] {processor.py:836} INFO - DAG(s) dict_keys(['meu_primeiro_dag']) retrieved from /home/alan/repos/pipeline_airflow/dags/my_first_dag.py
[2023-08-15T19:00:53.001-0300] {logging_mixin.py:150} INFO - [2023-08-15T19:00:53.000-0300] {dag.py:2742} INFO - Sync 1 DAGs
[2023-08-15T19:00:53.063-0300] {logging_mixin.py:150} INFO - [2023-08-15T19:00:53.063-0300] {dag.py:3504} INFO - Setting next_dagrun for meu_primeiro_dag to 2023-08-15T00:00:00+00:00, run_after=2023-08-16T00:00:00+00:00
[2023-08-15T19:00:53.866-0300] {processor.py:179} INFO - Processing /home/alan/repos/pipeline_airflow/dags/my_first_dag.py took 1.261 seconds
[2023-08-15T19:02:29.862-0300] {processor.py:157} INFO - Started process (PID=27721) to work on /home/alan/repos/pipeline_airflow/dags/my_first_dag.py
[2023-08-15T19:02:29.886-0300] {processor.py:826} INFO - Processing file /home/alan/repos/pipeline_airflow/dags/my_first_dag.py for tasks to queue
[2023-08-15T19:02:29.888-0300] {logging_mixin.py:150} INFO - [2023-08-15T19:02:29.887-0300] {dagbag.py:541} INFO - Filling up the DagBag from /home/alan/repos/pipeline_airflow/dags/my_first_dag.py
[2023-08-15T19:02:29.910-0300] {processor.py:836} INFO - DAG(s) dict_keys(['meu_primeiro_dag']) retrieved from /home/alan/repos/pipeline_airflow/dags/my_first_dag.py
[2023-08-15T19:02:29.948-0300] {logging_mixin.py:150} INFO - [2023-08-15T19:02:29.948-0300] {dag.py:2742} INFO - Sync 1 DAGs
[2023-08-15T19:02:29.995-0300] {logging_mixin.py:150} INFO - [2023-08-15T19:02:29.994-0300] {dag.py:3504} INFO - Setting next_dagrun for meu_primeiro_dag to 2023-08-15T00:00:00+00:00, run_after=2023-08-16T00:00:00+00:00
[2023-08-15T19:02:30.158-0300] {processor.py:179} INFO - Processing /home/alan/repos/pipeline_airflow/dags/my_first_dag.py took 0.301 seconds
[2023-08-15T19:03:49.775-0300] {processor.py:157} INFO - Started process (PID=28152) to work on /home/alan/repos/pipeline_airflow/dags/my_first_dag.py
[2023-08-15T19:03:49.816-0300] {processor.py:826} INFO - Processing file /home/alan/repos/pipeline_airflow/dags/my_first_dag.py for tasks to queue
[2023-08-15T19:03:49.818-0300] {logging_mixin.py:150} INFO - [2023-08-15T19:03:49.817-0300] {dagbag.py:541} INFO - Filling up the DagBag from /home/alan/repos/pipeline_airflow/dags/my_first_dag.py
[2023-08-15T19:03:49.848-0300] {processor.py:836} INFO - DAG(s) dict_keys(['meu_primeiro_dag']) retrieved from /home/alan/repos/pipeline_airflow/dags/my_first_dag.py
[2023-08-15T19:03:49.893-0300] {logging_mixin.py:150} INFO - [2023-08-15T19:03:49.893-0300] {dag.py:2742} INFO - Sync 1 DAGs
[2023-08-15T19:03:49.942-0300] {logging_mixin.py:150} INFO - [2023-08-15T19:03:49.942-0300] {dag.py:3504} INFO - Setting next_dagrun for meu_primeiro_dag to 2023-08-15T00:00:00+00:00, run_after=2023-08-16T00:00:00+00:00
[2023-08-15T19:03:50.105-0300] {processor.py:179} INFO - Processing /home/alan/repos/pipeline_airflow/dags/my_first_dag.py took 0.370 seconds
[2023-08-15T19:04:37.855-0300] {processor.py:157} INFO - Started process (PID=28340) to work on /home/alan/repos/pipeline_airflow/dags/my_first_dag.py
[2023-08-15T19:04:37.905-0300] {processor.py:826} INFO - Processing file /home/alan/repos/pipeline_airflow/dags/my_first_dag.py for tasks to queue
[2023-08-15T19:04:37.906-0300] {logging_mixin.py:150} INFO - [2023-08-15T19:04:37.906-0300] {dagbag.py:541} INFO - Filling up the DagBag from /home/alan/repos/pipeline_airflow/dags/my_first_dag.py
[2023-08-15T19:04:37.926-0300] {processor.py:836} INFO - DAG(s) dict_keys(['meu_primeiro_dag']) retrieved from /home/alan/repos/pipeline_airflow/dags/my_first_dag.py
[2023-08-15T19:04:38.480-0300] {logging_mixin.py:150} INFO - [2023-08-15T19:04:38.480-0300] {dag.py:2742} INFO - Sync 1 DAGs
[2023-08-15T19:04:39.286-0300] {logging_mixin.py:150} INFO - [2023-08-15T19:04:39.283-0300] {dag.py:3504} INFO - Setting next_dagrun for meu_primeiro_dag to 2023-08-15T00:00:00+00:00, run_after=2023-08-16T00:00:00+00:00
[2023-08-15T19:04:40.491-0300] {processor.py:179} INFO - Processing /home/alan/repos/pipeline_airflow/dags/my_first_dag.py took 2.649 seconds
[2023-08-15T19:05:23.552-0300] {processor.py:157} INFO - Started process (PID=28569) to work on /home/alan/repos/pipeline_airflow/dags/my_first_dag.py
[2023-08-15T19:05:23.568-0300] {processor.py:826} INFO - Processing file /home/alan/repos/pipeline_airflow/dags/my_first_dag.py for tasks to queue
[2023-08-15T19:05:23.570-0300] {logging_mixin.py:150} INFO - [2023-08-15T19:05:23.569-0300] {dagbag.py:541} INFO - Filling up the DagBag from /home/alan/repos/pipeline_airflow/dags/my_first_dag.py
[2023-08-15T19:05:23.591-0300] {processor.py:836} INFO - DAG(s) dict_keys(['meu_primeiro_dag']) retrieved from /home/alan/repos/pipeline_airflow/dags/my_first_dag.py
[2023-08-15T19:05:23.621-0300] {logging_mixin.py:150} INFO - [2023-08-15T19:05:23.620-0300] {dag.py:2742} INFO - Sync 1 DAGs
[2023-08-15T19:05:23.662-0300] {logging_mixin.py:150} INFO - [2023-08-15T19:05:23.661-0300] {dag.py:3504} INFO - Setting next_dagrun for meu_primeiro_dag to 2023-08-15T00:00:00+00:00, run_after=2023-08-16T00:00:00+00:00
[2023-08-15T19:05:23.769-0300] {processor.py:179} INFO - Processing /home/alan/repos/pipeline_airflow/dags/my_first_dag.py took 0.224 seconds
[2023-08-15T19:06:02.659-0300] {processor.py:157} INFO - Started process (PID=28716) to work on /home/alan/repos/pipeline_airflow/dags/my_first_dag.py
[2023-08-15T19:06:02.667-0300] {processor.py:826} INFO - Processing file /home/alan/repos/pipeline_airflow/dags/my_first_dag.py for tasks to queue
[2023-08-15T19:06:02.669-0300] {logging_mixin.py:150} INFO - [2023-08-15T19:06:02.668-0300] {dagbag.py:541} INFO - Filling up the DagBag from /home/alan/repos/pipeline_airflow/dags/my_first_dag.py
[2023-08-15T19:06:02.688-0300] {processor.py:836} INFO - DAG(s) dict_keys(['meu_primeiro_dag']) retrieved from /home/alan/repos/pipeline_airflow/dags/my_first_dag.py
[2023-08-15T19:06:02.716-0300] {logging_mixin.py:150} INFO - [2023-08-15T19:06:02.715-0300] {dag.py:2742} INFO - Sync 1 DAGs
[2023-08-15T19:06:02.754-0300] {logging_mixin.py:150} INFO - [2023-08-15T19:06:02.754-0300] {dag.py:3504} INFO - Setting next_dagrun for meu_primeiro_dag to 2023-08-15T00:00:00+00:00, run_after=2023-08-16T00:00:00+00:00
[2023-08-15T19:06:02.859-0300] {processor.py:179} INFO - Processing /home/alan/repos/pipeline_airflow/dags/my_first_dag.py took 0.206 seconds
[2023-08-15T19:06:34.866-0300] {processor.py:157} INFO - Started process (PID=28797) to work on /home/alan/repos/pipeline_airflow/dags/my_first_dag.py
[2023-08-15T19:06:34.868-0300] {processor.py:826} INFO - Processing file /home/alan/repos/pipeline_airflow/dags/my_first_dag.py for tasks to queue
[2023-08-15T19:06:34.870-0300] {logging_mixin.py:150} INFO - [2023-08-15T19:06:34.869-0300] {dagbag.py:541} INFO - Filling up the DagBag from /home/alan/repos/pipeline_airflow/dags/my_first_dag.py
[2023-08-15T19:06:34.886-0300] {processor.py:836} INFO - DAG(s) dict_keys(['meu_primeiro_dag']) retrieved from /home/alan/repos/pipeline_airflow/dags/my_first_dag.py
[2023-08-15T19:06:34.913-0300] {logging_mixin.py:150} INFO - [2023-08-15T19:06:34.913-0300] {dag.py:2742} INFO - Sync 1 DAGs
[2023-08-15T19:06:34.952-0300] {logging_mixin.py:150} INFO - [2023-08-15T19:06:34.951-0300] {dag.py:3504} INFO - Setting next_dagrun for meu_primeiro_dag to 2023-08-15T00:00:00+00:00, run_after=2023-08-16T00:00:00+00:00
[2023-08-15T19:06:35.060-0300] {processor.py:179} INFO - Processing /home/alan/repos/pipeline_airflow/dags/my_first_dag.py took 0.199 seconds
[2023-08-15T19:07:34.961-0300] {processor.py:157} INFO - Started process (PID=28969) to work on /home/alan/repos/pipeline_airflow/dags/my_first_dag.py
[2023-08-15T19:07:34.978-0300] {processor.py:826} INFO - Processing file /home/alan/repos/pipeline_airflow/dags/my_first_dag.py for tasks to queue
[2023-08-15T19:07:34.980-0300] {logging_mixin.py:150} INFO - [2023-08-15T19:07:34.979-0300] {dagbag.py:541} INFO - Filling up the DagBag from /home/alan/repos/pipeline_airflow/dags/my_first_dag.py
[2023-08-15T19:07:35.000-0300] {processor.py:836} INFO - DAG(s) dict_keys(['meu_primeiro_dag']) retrieved from /home/alan/repos/pipeline_airflow/dags/my_first_dag.py
[2023-08-15T19:07:35.030-0300] {logging_mixin.py:150} INFO - [2023-08-15T19:07:35.029-0300] {dag.py:2742} INFO - Sync 1 DAGs
[2023-08-15T19:07:35.071-0300] {logging_mixin.py:150} INFO - [2023-08-15T19:07:35.071-0300] {dag.py:3504} INFO - Setting next_dagrun for meu_primeiro_dag to 2023-08-15T00:00:00+00:00, run_after=2023-08-16T00:00:00+00:00
[2023-08-15T19:07:35.262-0300] {processor.py:179} INFO - Processing /home/alan/repos/pipeline_airflow/dags/my_first_dag.py took 0.306 seconds
[2023-08-15T19:08:09.708-0300] {processor.py:157} INFO - Started process (PID=29152) to work on /home/alan/repos/pipeline_airflow/dags/my_first_dag.py
[2023-08-15T19:08:09.728-0300] {processor.py:826} INFO - Processing file /home/alan/repos/pipeline_airflow/dags/my_first_dag.py for tasks to queue
[2023-08-15T19:08:09.730-0300] {logging_mixin.py:150} INFO - [2023-08-15T19:08:09.729-0300] {dagbag.py:541} INFO - Filling up the DagBag from /home/alan/repos/pipeline_airflow/dags/my_first_dag.py
[2023-08-15T19:08:09.747-0300] {processor.py:836} INFO - DAG(s) dict_keys(['meu_primeiro_dag']) retrieved from /home/alan/repos/pipeline_airflow/dags/my_first_dag.py
[2023-08-15T19:08:09.779-0300] {logging_mixin.py:150} INFO - [2023-08-15T19:08:09.779-0300] {dag.py:2742} INFO - Sync 1 DAGs
[2023-08-15T19:08:09.827-0300] {logging_mixin.py:150} INFO - [2023-08-15T19:08:09.826-0300] {dag.py:3504} INFO - Setting next_dagrun for meu_primeiro_dag to 2023-08-15T00:00:00+00:00, run_after=2023-08-16T00:00:00+00:00
[2023-08-15T19:08:09.955-0300] {processor.py:179} INFO - Processing /home/alan/repos/pipeline_airflow/dags/my_first_dag.py took 0.253 seconds
[2023-08-15T19:08:42.351-0300] {processor.py:157} INFO - Started process (PID=29240) to work on /home/alan/repos/pipeline_airflow/dags/my_first_dag.py
[2023-08-15T19:08:42.356-0300] {processor.py:826} INFO - Processing file /home/alan/repos/pipeline_airflow/dags/my_first_dag.py for tasks to queue
[2023-08-15T19:08:42.358-0300] {logging_mixin.py:150} INFO - [2023-08-15T19:08:42.357-0300] {dagbag.py:541} INFO - Filling up the DagBag from /home/alan/repos/pipeline_airflow/dags/my_first_dag.py
[2023-08-15T19:08:42.379-0300] {processor.py:836} INFO - DAG(s) dict_keys(['meu_primeiro_dag']) retrieved from /home/alan/repos/pipeline_airflow/dags/my_first_dag.py
[2023-08-15T19:08:42.413-0300] {logging_mixin.py:150} INFO - [2023-08-15T19:08:42.413-0300] {dag.py:2742} INFO - Sync 1 DAGs
[2023-08-15T19:08:42.461-0300] {logging_mixin.py:150} INFO - [2023-08-15T19:08:42.461-0300] {dag.py:3504} INFO - Setting next_dagrun for meu_primeiro_dag to 2023-08-15T00:00:00+00:00, run_after=2023-08-16T00:00:00+00:00
[2023-08-15T19:08:42.584-0300] {processor.py:179} INFO - Processing /home/alan/repos/pipeline_airflow/dags/my_first_dag.py took 0.245 seconds
[2023-08-15T19:09:41.943-0300] {processor.py:157} INFO - Started process (PID=29392) to work on /home/alan/repos/pipeline_airflow/dags/my_first_dag.py
[2023-08-15T19:09:41.956-0300] {processor.py:826} INFO - Processing file /home/alan/repos/pipeline_airflow/dags/my_first_dag.py for tasks to queue
[2023-08-15T19:09:41.958-0300] {logging_mixin.py:150} INFO - [2023-08-15T19:09:41.957-0300] {dagbag.py:541} INFO - Filling up the DagBag from /home/alan/repos/pipeline_airflow/dags/my_first_dag.py
[2023-08-15T19:09:41.977-0300] {processor.py:836} INFO - DAG(s) dict_keys(['meu_primeiro_dag']) retrieved from /home/alan/repos/pipeline_airflow/dags/my_first_dag.py
[2023-08-15T19:09:42.004-0300] {logging_mixin.py:150} INFO - [2023-08-15T19:09:42.004-0300] {dag.py:2742} INFO - Sync 1 DAGs
[2023-08-15T19:09:42.043-0300] {logging_mixin.py:150} INFO - [2023-08-15T19:09:42.042-0300] {dag.py:3504} INFO - Setting next_dagrun for meu_primeiro_dag to 2023-08-15T00:00:00+00:00, run_after=2023-08-16T00:00:00+00:00
[2023-08-15T19:09:42.149-0300] {processor.py:179} INFO - Processing /home/alan/repos/pipeline_airflow/dags/my_first_dag.py took 0.211 seconds
[2023-08-15T19:10:41.126-0300] {processor.py:157} INFO - Started process (PID=29553) to work on /home/alan/repos/pipeline_airflow/dags/my_first_dag.py
[2023-08-15T19:10:41.136-0300] {processor.py:826} INFO - Processing file /home/alan/repos/pipeline_airflow/dags/my_first_dag.py for tasks to queue
[2023-08-15T19:10:41.138-0300] {logging_mixin.py:150} INFO - [2023-08-15T19:10:41.137-0300] {dagbag.py:541} INFO - Filling up the DagBag from /home/alan/repos/pipeline_airflow/dags/my_first_dag.py
[2023-08-15T19:10:41.155-0300] {processor.py:836} INFO - DAG(s) dict_keys(['meu_primeiro_dag']) retrieved from /home/alan/repos/pipeline_airflow/dags/my_first_dag.py
[2023-08-15T19:10:41.181-0300] {logging_mixin.py:150} INFO - [2023-08-15T19:10:41.180-0300] {dag.py:2742} INFO - Sync 1 DAGs
[2023-08-15T19:10:41.221-0300] {logging_mixin.py:150} INFO - [2023-08-15T19:10:41.221-0300] {dag.py:3504} INFO - Setting next_dagrun for meu_primeiro_dag to 2023-08-15T00:00:00+00:00, run_after=2023-08-16T00:00:00+00:00
[2023-08-15T19:10:41.504-0300] {processor.py:179} INFO - Processing /home/alan/repos/pipeline_airflow/dags/my_first_dag.py took 0.383 seconds
[2023-08-15T19:11:43.332-0300] {processor.py:157} INFO - Started process (PID=29781) to work on /home/alan/repos/pipeline_airflow/dags/my_first_dag.py
[2023-08-15T19:11:43.349-0300] {processor.py:826} INFO - Processing file /home/alan/repos/pipeline_airflow/dags/my_first_dag.py for tasks to queue
[2023-08-15T19:11:43.351-0300] {logging_mixin.py:150} INFO - [2023-08-15T19:11:43.351-0300] {dagbag.py:541} INFO - Filling up the DagBag from /home/alan/repos/pipeline_airflow/dags/my_first_dag.py
[2023-08-15T19:11:43.372-0300] {processor.py:836} INFO - DAG(s) dict_keys(['meu_primeiro_dag']) retrieved from /home/alan/repos/pipeline_airflow/dags/my_first_dag.py
[2023-08-15T19:11:43.402-0300] {logging_mixin.py:150} INFO - [2023-08-15T19:11:43.402-0300] {dag.py:2742} INFO - Sync 1 DAGs
[2023-08-15T19:11:43.439-0300] {logging_mixin.py:150} INFO - [2023-08-15T19:11:43.439-0300] {dag.py:3504} INFO - Setting next_dagrun for meu_primeiro_dag to 2023-08-15T00:00:00+00:00, run_after=2023-08-16T00:00:00+00:00
[2023-08-15T19:11:43.539-0300] {processor.py:179} INFO - Processing /home/alan/repos/pipeline_airflow/dags/my_first_dag.py took 0.214 seconds
[2023-08-15T19:12:18.235-0300] {processor.py:157} INFO - Started process (PID=29898) to work on /home/alan/repos/pipeline_airflow/dags/my_first_dag.py
[2023-08-15T19:12:18.237-0300] {processor.py:826} INFO - Processing file /home/alan/repos/pipeline_airflow/dags/my_first_dag.py for tasks to queue
[2023-08-15T19:12:18.239-0300] {logging_mixin.py:150} INFO - [2023-08-15T19:12:18.238-0300] {dagbag.py:541} INFO - Filling up the DagBag from /home/alan/repos/pipeline_airflow/dags/my_first_dag.py
[2023-08-15T19:12:18.257-0300] {processor.py:836} INFO - DAG(s) dict_keys(['meu_primeiro_dag']) retrieved from /home/alan/repos/pipeline_airflow/dags/my_first_dag.py
[2023-08-15T19:12:18.289-0300] {logging_mixin.py:150} INFO - [2023-08-15T19:12:18.288-0300] {dag.py:2742} INFO - Sync 1 DAGs
[2023-08-15T19:12:18.328-0300] {logging_mixin.py:150} INFO - [2023-08-15T19:12:18.327-0300] {dag.py:3504} INFO - Setting next_dagrun for meu_primeiro_dag to 2023-08-15T00:00:00+00:00, run_after=2023-08-16T00:00:00+00:00
[2023-08-15T19:12:18.440-0300] {processor.py:179} INFO - Processing /home/alan/repos/pipeline_airflow/dags/my_first_dag.py took 0.210 seconds
[2023-08-15T19:13:16.481-0300] {processor.py:157} INFO - Started process (PID=30064) to work on /home/alan/repos/pipeline_airflow/dags/my_first_dag.py
[2023-08-15T19:13:16.483-0300] {processor.py:826} INFO - Processing file /home/alan/repos/pipeline_airflow/dags/my_first_dag.py for tasks to queue
[2023-08-15T19:13:16.484-0300] {logging_mixin.py:150} INFO - [2023-08-15T19:13:16.484-0300] {dagbag.py:541} INFO - Filling up the DagBag from /home/alan/repos/pipeline_airflow/dags/my_first_dag.py
[2023-08-15T19:13:16.506-0300] {processor.py:836} INFO - DAG(s) dict_keys(['meu_primeiro_dag']) retrieved from /home/alan/repos/pipeline_airflow/dags/my_first_dag.py
[2023-08-15T19:13:16.534-0300] {logging_mixin.py:150} INFO - [2023-08-15T19:13:16.533-0300] {dag.py:2742} INFO - Sync 1 DAGs
[2023-08-15T19:13:16.572-0300] {logging_mixin.py:150} INFO - [2023-08-15T19:13:16.572-0300] {dag.py:3504} INFO - Setting next_dagrun for meu_primeiro_dag to 2023-08-15T00:00:00+00:00, run_after=2023-08-16T00:00:00+00:00
[2023-08-15T19:13:16.666-0300] {processor.py:179} INFO - Processing /home/alan/repos/pipeline_airflow/dags/my_first_dag.py took 0.191 seconds
[2023-08-15T19:14:19.183-0300] {processor.py:157} INFO - Started process (PID=30217) to work on /home/alan/repos/pipeline_airflow/dags/my_first_dag.py
[2023-08-15T19:14:19.192-0300] {processor.py:826} INFO - Processing file /home/alan/repos/pipeline_airflow/dags/my_first_dag.py for tasks to queue
[2023-08-15T19:14:19.193-0300] {logging_mixin.py:150} INFO - [2023-08-15T19:14:19.193-0300] {dagbag.py:541} INFO - Filling up the DagBag from /home/alan/repos/pipeline_airflow/dags/my_first_dag.py
[2023-08-15T19:14:19.211-0300] {processor.py:836} INFO - DAG(s) dict_keys(['meu_primeiro_dag']) retrieved from /home/alan/repos/pipeline_airflow/dags/my_first_dag.py
[2023-08-15T19:14:19.241-0300] {logging_mixin.py:150} INFO - [2023-08-15T19:14:19.240-0300] {dag.py:2742} INFO - Sync 1 DAGs
[2023-08-15T19:14:19.298-0300] {logging_mixin.py:150} INFO - [2023-08-15T19:14:19.298-0300] {dag.py:3504} INFO - Setting next_dagrun for meu_primeiro_dag to 2023-08-15T00:00:00+00:00, run_after=2023-08-16T00:00:00+00:00
[2023-08-15T19:14:19.418-0300] {processor.py:179} INFO - Processing /home/alan/repos/pipeline_airflow/dags/my_first_dag.py took 0.241 seconds
[2023-08-15T19:15:14.375-0300] {processor.py:157} INFO - Started process (PID=30365) to work on /home/alan/repos/pipeline_airflow/dags/my_first_dag.py
[2023-08-15T19:15:14.386-0300] {processor.py:826} INFO - Processing file /home/alan/repos/pipeline_airflow/dags/my_first_dag.py for tasks to queue
[2023-08-15T19:15:14.389-0300] {logging_mixin.py:150} INFO - [2023-08-15T19:15:14.387-0300] {dagbag.py:541} INFO - Filling up the DagBag from /home/alan/repos/pipeline_airflow/dags/my_first_dag.py
[2023-08-15T19:15:14.410-0300] {processor.py:836} INFO - DAG(s) dict_keys(['meu_primeiro_dag']) retrieved from /home/alan/repos/pipeline_airflow/dags/my_first_dag.py
[2023-08-15T19:15:14.447-0300] {logging_mixin.py:150} INFO - [2023-08-15T19:15:14.447-0300] {dag.py:2742} INFO - Sync 1 DAGs
[2023-08-15T19:15:14.497-0300] {logging_mixin.py:150} INFO - [2023-08-15T19:15:14.497-0300] {dag.py:3504} INFO - Setting next_dagrun for meu_primeiro_dag to 2023-08-15T00:00:00+00:00, run_after=2023-08-16T00:00:00+00:00
[2023-08-15T19:15:14.621-0300] {processor.py:179} INFO - Processing /home/alan/repos/pipeline_airflow/dags/my_first_dag.py took 0.254 seconds
[2023-08-15T19:16:13.068-0300] {processor.py:157} INFO - Started process (PID=30513) to work on /home/alan/repos/pipeline_airflow/dags/my_first_dag.py
[2023-08-15T19:16:13.070-0300] {processor.py:826} INFO - Processing file /home/alan/repos/pipeline_airflow/dags/my_first_dag.py for tasks to queue
[2023-08-15T19:16:13.072-0300] {logging_mixin.py:150} INFO - [2023-08-15T19:16:13.072-0300] {dagbag.py:541} INFO - Filling up the DagBag from /home/alan/repos/pipeline_airflow/dags/my_first_dag.py
[2023-08-15T19:16:13.095-0300] {processor.py:836} INFO - DAG(s) dict_keys(['meu_primeiro_dag']) retrieved from /home/alan/repos/pipeline_airflow/dags/my_first_dag.py
[2023-08-15T19:16:13.124-0300] {logging_mixin.py:150} INFO - [2023-08-15T19:16:13.123-0300] {dag.py:2742} INFO - Sync 1 DAGs
[2023-08-15T19:16:13.162-0300] {logging_mixin.py:150} INFO - [2023-08-15T19:16:13.162-0300] {dag.py:3504} INFO - Setting next_dagrun for meu_primeiro_dag to 2023-08-15T00:00:00+00:00, run_after=2023-08-16T00:00:00+00:00
[2023-08-15T19:16:13.271-0300] {processor.py:179} INFO - Processing /home/alan/repos/pipeline_airflow/dags/my_first_dag.py took 0.210 seconds
[2023-08-15T19:17:12.284-0300] {processor.py:157} INFO - Started process (PID=30678) to work on /home/alan/repos/pipeline_airflow/dags/my_first_dag.py
[2023-08-15T19:17:12.285-0300] {processor.py:826} INFO - Processing file /home/alan/repos/pipeline_airflow/dags/my_first_dag.py for tasks to queue
[2023-08-15T19:17:12.287-0300] {logging_mixin.py:150} INFO - [2023-08-15T19:17:12.286-0300] {dagbag.py:541} INFO - Filling up the DagBag from /home/alan/repos/pipeline_airflow/dags/my_first_dag.py
[2023-08-15T19:17:12.305-0300] {processor.py:836} INFO - DAG(s) dict_keys(['meu_primeiro_dag']) retrieved from /home/alan/repos/pipeline_airflow/dags/my_first_dag.py
[2023-08-15T19:17:12.335-0300] {logging_mixin.py:150} INFO - [2023-08-15T19:17:12.335-0300] {dag.py:2742} INFO - Sync 1 DAGs
[2023-08-15T19:17:12.377-0300] {logging_mixin.py:150} INFO - [2023-08-15T19:17:12.376-0300] {dag.py:3504} INFO - Setting next_dagrun for meu_primeiro_dag to 2023-08-15T00:00:00+00:00, run_after=2023-08-16T00:00:00+00:00
[2023-08-15T19:17:12.489-0300] {processor.py:179} INFO - Processing /home/alan/repos/pipeline_airflow/dags/my_first_dag.py took 0.211 seconds
[2023-08-15T19:18:13.736-0300] {processor.py:157} INFO - Started process (PID=30830) to work on /home/alan/repos/pipeline_airflow/dags/my_first_dag.py
[2023-08-15T19:18:13.751-0300] {processor.py:826} INFO - Processing file /home/alan/repos/pipeline_airflow/dags/my_first_dag.py for tasks to queue
[2023-08-15T19:18:13.754-0300] {logging_mixin.py:150} INFO - [2023-08-15T19:18:13.753-0300] {dagbag.py:541} INFO - Filling up the DagBag from /home/alan/repos/pipeline_airflow/dags/my_first_dag.py
[2023-08-15T19:18:13.786-0300] {processor.py:836} INFO - DAG(s) dict_keys(['meu_primeiro_dag']) retrieved from /home/alan/repos/pipeline_airflow/dags/my_first_dag.py
[2023-08-15T19:18:13.814-0300] {logging_mixin.py:150} INFO - [2023-08-15T19:18:13.814-0300] {dag.py:2742} INFO - Sync 1 DAGs
[2023-08-15T19:18:13.859-0300] {logging_mixin.py:150} INFO - [2023-08-15T19:18:13.859-0300] {dag.py:3504} INFO - Setting next_dagrun for meu_primeiro_dag to 2023-08-15T00:00:00+00:00, run_after=2023-08-16T00:00:00+00:00
[2023-08-15T19:18:13.964-0300] {processor.py:179} INFO - Processing /home/alan/repos/pipeline_airflow/dags/my_first_dag.py took 0.233 seconds
[2023-08-15T19:19:08.145-0300] {processor.py:157} INFO - Started process (PID=30971) to work on /home/alan/repos/pipeline_airflow/dags/my_first_dag.py
[2023-08-15T19:19:08.160-0300] {processor.py:826} INFO - Processing file /home/alan/repos/pipeline_airflow/dags/my_first_dag.py for tasks to queue
[2023-08-15T19:19:08.162-0300] {logging_mixin.py:150} INFO - [2023-08-15T19:19:08.161-0300] {dagbag.py:541} INFO - Filling up the DagBag from /home/alan/repos/pipeline_airflow/dags/my_first_dag.py
[2023-08-15T19:19:08.186-0300] {processor.py:836} INFO - DAG(s) dict_keys(['meu_primeiro_dag']) retrieved from /home/alan/repos/pipeline_airflow/dags/my_first_dag.py
[2023-08-15T19:19:08.221-0300] {logging_mixin.py:150} INFO - [2023-08-15T19:19:08.221-0300] {dag.py:2742} INFO - Sync 1 DAGs
[2023-08-15T19:19:08.275-0300] {logging_mixin.py:150} INFO - [2023-08-15T19:19:08.274-0300] {dag.py:3504} INFO - Setting next_dagrun for meu_primeiro_dag to 2023-08-15T00:00:00+00:00, run_after=2023-08-16T00:00:00+00:00
[2023-08-15T19:19:08.393-0300] {processor.py:179} INFO - Processing /home/alan/repos/pipeline_airflow/dags/my_first_dag.py took 0.256 seconds
[2023-08-15T19:20:06.775-0300] {processor.py:157} INFO - Started process (PID=31124) to work on /home/alan/repos/pipeline_airflow/dags/my_first_dag.py
[2023-08-15T19:20:06.786-0300] {processor.py:826} INFO - Processing file /home/alan/repos/pipeline_airflow/dags/my_first_dag.py for tasks to queue
[2023-08-15T19:20:06.788-0300] {logging_mixin.py:150} INFO - [2023-08-15T19:20:06.787-0300] {dagbag.py:541} INFO - Filling up the DagBag from /home/alan/repos/pipeline_airflow/dags/my_first_dag.py
[2023-08-15T19:20:06.808-0300] {processor.py:836} INFO - DAG(s) dict_keys(['meu_primeiro_dag']) retrieved from /home/alan/repos/pipeline_airflow/dags/my_first_dag.py
[2023-08-15T19:20:06.848-0300] {logging_mixin.py:150} INFO - [2023-08-15T19:20:06.848-0300] {dag.py:2742} INFO - Sync 1 DAGs
[2023-08-15T19:20:06.910-0300] {logging_mixin.py:150} INFO - [2023-08-15T19:20:06.910-0300] {dag.py:3504} INFO - Setting next_dagrun for meu_primeiro_dag to 2023-08-15T00:00:00+00:00, run_after=2023-08-16T00:00:00+00:00
[2023-08-15T19:20:07.034-0300] {processor.py:179} INFO - Processing /home/alan/repos/pipeline_airflow/dags/my_first_dag.py took 0.269 seconds
[2023-08-15T19:20:39.980-0300] {processor.py:157} INFO - Started process (PID=31272) to work on /home/alan/repos/pipeline_airflow/dags/my_first_dag.py
[2023-08-15T19:20:39.997-0300] {processor.py:826} INFO - Processing file /home/alan/repos/pipeline_airflow/dags/my_first_dag.py for tasks to queue
[2023-08-15T19:20:39.999-0300] {logging_mixin.py:150} INFO - [2023-08-15T19:20:39.998-0300] {dagbag.py:541} INFO - Filling up the DagBag from /home/alan/repos/pipeline_airflow/dags/my_first_dag.py
[2023-08-15T19:20:40.021-0300] {processor.py:836} INFO - DAG(s) dict_keys(['meu_primeiro_dag']) retrieved from /home/alan/repos/pipeline_airflow/dags/my_first_dag.py
[2023-08-15T19:20:40.238-0300] {logging_mixin.py:150} INFO - [2023-08-15T19:20:40.238-0300] {dag.py:2742} INFO - Sync 1 DAGs
[2023-08-15T19:20:40.535-0300] {logging_mixin.py:150} INFO - [2023-08-15T19:20:40.535-0300] {dag.py:3504} INFO - Setting next_dagrun for meu_primeiro_dag to 2023-08-15T00:00:00+00:00, run_after=2023-08-16T00:00:00+00:00
[2023-08-15T19:20:40.902-0300] {processor.py:179} INFO - Processing /home/alan/repos/pipeline_airflow/dags/my_first_dag.py took 0.927 seconds
[2023-08-15T19:21:18.773-0300] {processor.py:157} INFO - Started process (PID=31475) to work on /home/alan/repos/pipeline_airflow/dags/my_first_dag.py
[2023-08-15T19:21:18.785-0300] {processor.py:826} INFO - Processing file /home/alan/repos/pipeline_airflow/dags/my_first_dag.py for tasks to queue
[2023-08-15T19:21:18.787-0300] {logging_mixin.py:150} INFO - [2023-08-15T19:21:18.786-0300] {dagbag.py:541} INFO - Filling up the DagBag from /home/alan/repos/pipeline_airflow/dags/my_first_dag.py
[2023-08-15T19:21:18.807-0300] {processor.py:836} INFO - DAG(s) dict_keys(['meu_primeiro_dag']) retrieved from /home/alan/repos/pipeline_airflow/dags/my_first_dag.py
[2023-08-15T19:21:18.835-0300] {logging_mixin.py:150} INFO - [2023-08-15T19:21:18.834-0300] {dag.py:2742} INFO - Sync 1 DAGs
[2023-08-15T19:21:18.876-0300] {logging_mixin.py:150} INFO - [2023-08-15T19:21:18.875-0300] {dag.py:3504} INFO - Setting next_dagrun for meu_primeiro_dag to 2023-08-15T00:00:00+00:00, run_after=2023-08-16T00:00:00+00:00
[2023-08-15T19:21:18.975-0300] {processor.py:179} INFO - Processing /home/alan/repos/pipeline_airflow/dags/my_first_dag.py took 0.208 seconds
[2023-08-15T19:21:54.061-0300] {processor.py:157} INFO - Started process (PID=31608) to work on /home/alan/repos/pipeline_airflow/dags/my_first_dag.py
[2023-08-15T19:21:54.079-0300] {processor.py:826} INFO - Processing file /home/alan/repos/pipeline_airflow/dags/my_first_dag.py for tasks to queue
[2023-08-15T19:21:54.081-0300] {logging_mixin.py:150} INFO - [2023-08-15T19:21:54.080-0300] {dagbag.py:541} INFO - Filling up the DagBag from /home/alan/repos/pipeline_airflow/dags/my_first_dag.py
[2023-08-15T19:21:54.100-0300] {processor.py:836} INFO - DAG(s) dict_keys(['meu_primeiro_dag']) retrieved from /home/alan/repos/pipeline_airflow/dags/my_first_dag.py
[2023-08-15T19:21:54.138-0300] {logging_mixin.py:150} INFO - [2023-08-15T19:21:54.138-0300] {dag.py:2742} INFO - Sync 1 DAGs
[2023-08-15T19:21:54.188-0300] {logging_mixin.py:150} INFO - [2023-08-15T19:21:54.187-0300] {dag.py:3504} INFO - Setting next_dagrun for meu_primeiro_dag to 2023-08-15T00:00:00+00:00, run_after=2023-08-16T00:00:00+00:00
[2023-08-15T19:21:54.368-0300] {processor.py:179} INFO - Processing /home/alan/repos/pipeline_airflow/dags/my_first_dag.py took 0.314 seconds
