[2023-08-15T18:19:56.027-0300] {processor.py:157} INFO - Started process (PID=18376) to work on /home/alan/repos/pipeline_airflow/pipeline-airflow-venv/lib/python3.11/site-packages/airflow/example_dags/example_external_task_marker_dag.py
[2023-08-15T18:19:56.028-0300] {processor.py:826} INFO - Processing file /home/alan/repos/pipeline_airflow/pipeline-airflow-venv/lib/python3.11/site-packages/airflow/example_dags/example_external_task_marker_dag.py for tasks to queue
[2023-08-15T18:19:56.030-0300] {logging_mixin.py:150} INFO - [2023-08-15T18:19:56.029-0300] {dagbag.py:541} INFO - Filling up the DagBag from /home/alan/repos/pipeline_airflow/pipeline-airflow-venv/lib/python3.11/site-packages/airflow/example_dags/example_external_task_marker_dag.py
[2023-08-15T18:19:56.041-0300] {processor.py:836} INFO - DAG(s) dict_keys(['example_external_task_marker_parent', 'example_external_task_marker_child']) retrieved from /home/alan/repos/pipeline_airflow/pipeline-airflow-venv/lib/python3.11/site-packages/airflow/example_dags/example_external_task_marker_dag.py
[2023-08-15T18:19:56.365-0300] {logging_mixin.py:150} INFO - [2023-08-15T18:19:56.365-0300] {manager.py:504} INFO - Created Permission View: can delete on DAG:example_external_task_marker_parent
[2023-08-15T18:19:56.475-0300] {logging_mixin.py:150} INFO - [2023-08-15T18:19:56.474-0300] {manager.py:504} INFO - Created Permission View: can edit on DAG:example_external_task_marker_parent
[2023-08-15T18:19:56.563-0300] {logging_mixin.py:150} INFO - [2023-08-15T18:19:56.563-0300] {manager.py:504} INFO - Created Permission View: can read on DAG:example_external_task_marker_parent
[2023-08-15T18:19:56.819-0300] {logging_mixin.py:150} INFO - [2023-08-15T18:19:56.818-0300] {manager.py:504} INFO - Created Permission View: can delete on DAG:example_external_task_marker_child
[2023-08-15T18:19:56.907-0300] {logging_mixin.py:150} INFO - [2023-08-15T18:19:56.906-0300] {manager.py:504} INFO - Created Permission View: can edit on DAG:example_external_task_marker_child
[2023-08-15T18:19:56.996-0300] {logging_mixin.py:150} INFO - [2023-08-15T18:19:56.995-0300] {manager.py:504} INFO - Created Permission View: can read on DAG:example_external_task_marker_child
[2023-08-15T18:19:57.007-0300] {logging_mixin.py:150} INFO - [2023-08-15T18:19:57.006-0300] {dag.py:2742} INFO - Sync 2 DAGs
[2023-08-15T18:19:57.026-0300] {logging_mixin.py:150} INFO - [2023-08-15T18:19:57.026-0300] {dag.py:2763} INFO - Creating ORM DAG for example_external_task_marker_child
[2023-08-15T18:19:57.027-0300] {logging_mixin.py:150} INFO - [2023-08-15T18:19:57.027-0300] {dag.py:2763} INFO - Creating ORM DAG for example_external_task_marker_parent
[2023-08-15T18:19:57.046-0300] {logging_mixin.py:150} INFO - [2023-08-15T18:19:57.045-0300] {dag.py:3504} INFO - Setting next_dagrun for example_external_task_marker_child to None, run_after=None
[2023-08-15T18:19:57.047-0300] {logging_mixin.py:150} INFO - [2023-08-15T18:19:57.046-0300] {dag.py:3504} INFO - Setting next_dagrun for example_external_task_marker_parent to None, run_after=None
[2023-08-15T18:19:57.206-0300] {processor.py:179} INFO - Processing /home/alan/repos/pipeline_airflow/pipeline-airflow-venv/lib/python3.11/site-packages/airflow/example_dags/example_external_task_marker_dag.py took 1.185 seconds
[2023-08-15T18:21:12.400-0300] {processor.py:157} INFO - Started process (PID=18860) to work on /home/alan/repos/pipeline_airflow/pipeline-airflow-venv/lib/python3.11/site-packages/airflow/example_dags/example_external_task_marker_dag.py
[2023-08-15T18:21:12.405-0300] {processor.py:826} INFO - Processing file /home/alan/repos/pipeline_airflow/pipeline-airflow-venv/lib/python3.11/site-packages/airflow/example_dags/example_external_task_marker_dag.py for tasks to queue
[2023-08-15T18:21:12.406-0300] {logging_mixin.py:150} INFO - [2023-08-15T18:21:12.406-0300] {dagbag.py:541} INFO - Filling up the DagBag from /home/alan/repos/pipeline_airflow/pipeline-airflow-venv/lib/python3.11/site-packages/airflow/example_dags/example_external_task_marker_dag.py
[2023-08-15T18:21:12.417-0300] {processor.py:836} INFO - DAG(s) dict_keys(['example_external_task_marker_child', 'example_external_task_marker_parent']) retrieved from /home/alan/repos/pipeline_airflow/pipeline-airflow-venv/lib/python3.11/site-packages/airflow/example_dags/example_external_task_marker_dag.py
[2023-08-15T18:21:12.460-0300] {logging_mixin.py:150} INFO - [2023-08-15T18:21:12.460-0300] {dag.py:2742} INFO - Sync 2 DAGs
[2023-08-15T18:21:12.497-0300] {logging_mixin.py:150} INFO - [2023-08-15T18:21:12.497-0300] {dag.py:3504} INFO - Setting next_dagrun for example_external_task_marker_child to None, run_after=None
[2023-08-15T18:21:12.503-0300] {logging_mixin.py:150} INFO - [2023-08-15T18:21:12.503-0300] {dag.py:3504} INFO - Setting next_dagrun for example_external_task_marker_parent to None, run_after=None
[2023-08-15T18:21:12.613-0300] {processor.py:179} INFO - Processing /home/alan/repos/pipeline_airflow/pipeline-airflow-venv/lib/python3.11/site-packages/airflow/example_dags/example_external_task_marker_dag.py took 0.219 seconds
[2023-08-15T18:22:09.424-0300] {processor.py:157} INFO - Started process (PID=19068) to work on /home/alan/repos/pipeline_airflow/pipeline-airflow-venv/lib/python3.11/site-packages/airflow/example_dags/example_external_task_marker_dag.py
[2023-08-15T18:22:09.426-0300] {processor.py:826} INFO - Processing file /home/alan/repos/pipeline_airflow/pipeline-airflow-venv/lib/python3.11/site-packages/airflow/example_dags/example_external_task_marker_dag.py for tasks to queue
[2023-08-15T18:22:09.428-0300] {logging_mixin.py:150} INFO - [2023-08-15T18:22:09.427-0300] {dagbag.py:541} INFO - Filling up the DagBag from /home/alan/repos/pipeline_airflow/pipeline-airflow-venv/lib/python3.11/site-packages/airflow/example_dags/example_external_task_marker_dag.py
[2023-08-15T18:22:09.439-0300] {processor.py:836} INFO - DAG(s) dict_keys(['example_external_task_marker_parent', 'example_external_task_marker_child']) retrieved from /home/alan/repos/pipeline_airflow/pipeline-airflow-venv/lib/python3.11/site-packages/airflow/example_dags/example_external_task_marker_dag.py
[2023-08-15T18:22:09.476-0300] {logging_mixin.py:150} INFO - [2023-08-15T18:22:09.476-0300] {dag.py:2742} INFO - Sync 2 DAGs
[2023-08-15T18:22:09.510-0300] {logging_mixin.py:150} INFO - [2023-08-15T18:22:09.509-0300] {dag.py:3504} INFO - Setting next_dagrun for example_external_task_marker_child to None, run_after=None
[2023-08-15T18:22:09.515-0300] {logging_mixin.py:150} INFO - [2023-08-15T18:22:09.514-0300] {dag.py:3504} INFO - Setting next_dagrun for example_external_task_marker_parent to None, run_after=None
[2023-08-15T18:22:09.639-0300] {processor.py:179} INFO - Processing /home/alan/repos/pipeline_airflow/pipeline-airflow-venv/lib/python3.11/site-packages/airflow/example_dags/example_external_task_marker_dag.py took 0.220 seconds
[2023-08-15T18:23:01.553-0300] {processor.py:157} INFO - Started process (PID=19254) to work on /home/alan/repos/pipeline_airflow/pipeline-airflow-venv/lib/python3.11/site-packages/airflow/example_dags/example_external_task_marker_dag.py
[2023-08-15T18:23:01.564-0300] {processor.py:826} INFO - Processing file /home/alan/repos/pipeline_airflow/pipeline-airflow-venv/lib/python3.11/site-packages/airflow/example_dags/example_external_task_marker_dag.py for tasks to queue
[2023-08-15T18:23:01.566-0300] {logging_mixin.py:150} INFO - [2023-08-15T18:23:01.565-0300] {dagbag.py:541} INFO - Filling up the DagBag from /home/alan/repos/pipeline_airflow/pipeline-airflow-venv/lib/python3.11/site-packages/airflow/example_dags/example_external_task_marker_dag.py
[2023-08-15T18:23:01.577-0300] {processor.py:836} INFO - DAG(s) dict_keys(['example_external_task_marker_child', 'example_external_task_marker_parent']) retrieved from /home/alan/repos/pipeline_airflow/pipeline-airflow-venv/lib/python3.11/site-packages/airflow/example_dags/example_external_task_marker_dag.py
[2023-08-15T18:23:01.612-0300] {logging_mixin.py:150} INFO - [2023-08-15T18:23:01.611-0300] {dag.py:2742} INFO - Sync 2 DAGs
[2023-08-15T18:23:01.654-0300] {logging_mixin.py:150} INFO - [2023-08-15T18:23:01.654-0300] {dag.py:3504} INFO - Setting next_dagrun for example_external_task_marker_child to None, run_after=None
[2023-08-15T18:23:01.660-0300] {logging_mixin.py:150} INFO - [2023-08-15T18:23:01.660-0300] {dag.py:3504} INFO - Setting next_dagrun for example_external_task_marker_parent to None, run_after=None
[2023-08-15T18:23:01.768-0300] {processor.py:179} INFO - Processing /home/alan/repos/pipeline_airflow/pipeline-airflow-venv/lib/python3.11/site-packages/airflow/example_dags/example_external_task_marker_dag.py took 0.220 seconds
[2023-08-15T18:24:01.737-0300] {processor.py:157} INFO - Started process (PID=19483) to work on /home/alan/repos/pipeline_airflow/pipeline-airflow-venv/lib/python3.11/site-packages/airflow/example_dags/example_external_task_marker_dag.py
[2023-08-15T18:24:01.746-0300] {processor.py:826} INFO - Processing file /home/alan/repos/pipeline_airflow/pipeline-airflow-venv/lib/python3.11/site-packages/airflow/example_dags/example_external_task_marker_dag.py for tasks to queue
[2023-08-15T18:24:01.747-0300] {logging_mixin.py:150} INFO - [2023-08-15T18:24:01.747-0300] {dagbag.py:541} INFO - Filling up the DagBag from /home/alan/repos/pipeline_airflow/pipeline-airflow-venv/lib/python3.11/site-packages/airflow/example_dags/example_external_task_marker_dag.py
[2023-08-15T18:24:01.758-0300] {processor.py:836} INFO - DAG(s) dict_keys(['example_external_task_marker_child', 'example_external_task_marker_parent']) retrieved from /home/alan/repos/pipeline_airflow/pipeline-airflow-venv/lib/python3.11/site-packages/airflow/example_dags/example_external_task_marker_dag.py
[2023-08-15T18:24:01.793-0300] {logging_mixin.py:150} INFO - [2023-08-15T18:24:01.793-0300] {dag.py:2742} INFO - Sync 2 DAGs
[2023-08-15T18:24:01.968-0300] {logging_mixin.py:150} INFO - [2023-08-15T18:24:01.968-0300] {dag.py:3504} INFO - Setting next_dagrun for example_external_task_marker_child to None, run_after=None
[2023-08-15T18:24:01.973-0300] {logging_mixin.py:150} INFO - [2023-08-15T18:24:01.973-0300] {dag.py:3504} INFO - Setting next_dagrun for example_external_task_marker_parent to None, run_after=None
[2023-08-15T18:24:02.068-0300] {processor.py:179} INFO - Processing /home/alan/repos/pipeline_airflow/pipeline-airflow-venv/lib/python3.11/site-packages/airflow/example_dags/example_external_task_marker_dag.py took 0.336 seconds
[2023-08-15T18:25:59.841-0300] {processor.py:157} INFO - Started process (PID=20484) to work on /home/alan/repos/pipeline_airflow/pipeline-airflow-venv/lib/python3.11/site-packages/airflow/example_dags/example_external_task_marker_dag.py
[2023-08-15T18:25:59.862-0300] {processor.py:826} INFO - Processing file /home/alan/repos/pipeline_airflow/pipeline-airflow-venv/lib/python3.11/site-packages/airflow/example_dags/example_external_task_marker_dag.py for tasks to queue
[2023-08-15T18:25:59.866-0300] {logging_mixin.py:150} INFO - [2023-08-15T18:25:59.863-0300] {dagbag.py:541} INFO - Filling up the DagBag from /home/alan/repos/pipeline_airflow/pipeline-airflow-venv/lib/python3.11/site-packages/airflow/example_dags/example_external_task_marker_dag.py
[2023-08-15T18:25:59.903-0300] {processor.py:836} INFO - DAG(s) dict_keys(['example_external_task_marker_child', 'example_external_task_marker_parent']) retrieved from /home/alan/repos/pipeline_airflow/pipeline-airflow-venv/lib/python3.11/site-packages/airflow/example_dags/example_external_task_marker_dag.py
[2023-08-15T18:26:00.081-0300] {logging_mixin.py:150} INFO - [2023-08-15T18:26:00.081-0300] {dag.py:2742} INFO - Sync 2 DAGs
[2023-08-15T18:26:00.178-0300] {logging_mixin.py:150} INFO - [2023-08-15T18:26:00.178-0300] {dag.py:3504} INFO - Setting next_dagrun for example_external_task_marker_child to None, run_after=None
[2023-08-15T18:26:00.207-0300] {logging_mixin.py:150} INFO - [2023-08-15T18:26:00.206-0300] {dag.py:3504} INFO - Setting next_dagrun for example_external_task_marker_parent to None, run_after=None
[2023-08-15T18:26:00.424-0300] {processor.py:179} INFO - Processing /home/alan/repos/pipeline_airflow/pipeline-airflow-venv/lib/python3.11/site-packages/airflow/example_dags/example_external_task_marker_dag.py took 0.595 seconds
[2023-08-15T18:27:21.218-0300] {processor.py:157} INFO - Started process (PID=20924) to work on /home/alan/repos/pipeline_airflow/pipeline-airflow-venv/lib/python3.11/site-packages/airflow/example_dags/example_external_task_marker_dag.py
[2023-08-15T18:27:21.247-0300] {processor.py:826} INFO - Processing file /home/alan/repos/pipeline_airflow/pipeline-airflow-venv/lib/python3.11/site-packages/airflow/example_dags/example_external_task_marker_dag.py for tasks to queue
[2023-08-15T18:27:21.249-0300] {logging_mixin.py:150} INFO - [2023-08-15T18:27:21.248-0300] {dagbag.py:541} INFO - Filling up the DagBag from /home/alan/repos/pipeline_airflow/pipeline-airflow-venv/lib/python3.11/site-packages/airflow/example_dags/example_external_task_marker_dag.py
[2023-08-15T18:27:21.264-0300] {processor.py:836} INFO - DAG(s) dict_keys(['example_external_task_marker_child', 'example_external_task_marker_parent']) retrieved from /home/alan/repos/pipeline_airflow/pipeline-airflow-venv/lib/python3.11/site-packages/airflow/example_dags/example_external_task_marker_dag.py
[2023-08-15T18:27:21.386-0300] {logging_mixin.py:150} INFO - [2023-08-15T18:27:21.385-0300] {dag.py:2742} INFO - Sync 2 DAGs
[2023-08-15T18:27:21.441-0300] {logging_mixin.py:150} INFO - [2023-08-15T18:27:21.441-0300] {dag.py:3504} INFO - Setting next_dagrun for example_external_task_marker_child to None, run_after=None
[2023-08-15T18:27:21.447-0300] {logging_mixin.py:150} INFO - [2023-08-15T18:27:21.447-0300] {dag.py:3504} INFO - Setting next_dagrun for example_external_task_marker_parent to None, run_after=None
[2023-08-15T18:27:21.579-0300] {processor.py:179} INFO - Processing /home/alan/repos/pipeline_airflow/pipeline-airflow-venv/lib/python3.11/site-packages/airflow/example_dags/example_external_task_marker_dag.py took 0.373 seconds
[2023-08-15T18:28:19.819-0300] {processor.py:157} INFO - Started process (PID=21154) to work on /home/alan/repos/pipeline_airflow/pipeline-airflow-venv/lib/python3.11/site-packages/airflow/example_dags/example_external_task_marker_dag.py
[2023-08-15T18:28:19.840-0300] {processor.py:826} INFO - Processing file /home/alan/repos/pipeline_airflow/pipeline-airflow-venv/lib/python3.11/site-packages/airflow/example_dags/example_external_task_marker_dag.py for tasks to queue
[2023-08-15T18:28:19.842-0300] {logging_mixin.py:150} INFO - [2023-08-15T18:28:19.842-0300] {dagbag.py:541} INFO - Filling up the DagBag from /home/alan/repos/pipeline_airflow/pipeline-airflow-venv/lib/python3.11/site-packages/airflow/example_dags/example_external_task_marker_dag.py
[2023-08-15T18:28:19.855-0300] {processor.py:836} INFO - DAG(s) dict_keys(['example_external_task_marker_parent', 'example_external_task_marker_child']) retrieved from /home/alan/repos/pipeline_airflow/pipeline-airflow-venv/lib/python3.11/site-packages/airflow/example_dags/example_external_task_marker_dag.py
[2023-08-15T18:28:19.895-0300] {logging_mixin.py:150} INFO - [2023-08-15T18:28:19.894-0300] {dag.py:2742} INFO - Sync 2 DAGs
[2023-08-15T18:28:19.930-0300] {logging_mixin.py:150} INFO - [2023-08-15T18:28:19.930-0300] {dag.py:3504} INFO - Setting next_dagrun for example_external_task_marker_child to None, run_after=None
[2023-08-15T18:28:19.935-0300] {logging_mixin.py:150} INFO - [2023-08-15T18:28:19.935-0300] {dag.py:3504} INFO - Setting next_dagrun for example_external_task_marker_parent to None, run_after=None
[2023-08-15T18:28:20.057-0300] {processor.py:179} INFO - Processing /home/alan/repos/pipeline_airflow/pipeline-airflow-venv/lib/python3.11/site-packages/airflow/example_dags/example_external_task_marker_dag.py took 0.244 seconds
[2023-08-15T18:29:18.981-0300] {processor.py:157} INFO - Started process (PID=21377) to work on /home/alan/repos/pipeline_airflow/pipeline-airflow-venv/lib/python3.11/site-packages/airflow/example_dags/example_external_task_marker_dag.py
[2023-08-15T18:29:18.999-0300] {processor.py:826} INFO - Processing file /home/alan/repos/pipeline_airflow/pipeline-airflow-venv/lib/python3.11/site-packages/airflow/example_dags/example_external_task_marker_dag.py for tasks to queue
[2023-08-15T18:29:19.001-0300] {logging_mixin.py:150} INFO - [2023-08-15T18:29:19.000-0300] {dagbag.py:541} INFO - Filling up the DagBag from /home/alan/repos/pipeline_airflow/pipeline-airflow-venv/lib/python3.11/site-packages/airflow/example_dags/example_external_task_marker_dag.py
[2023-08-15T18:29:19.011-0300] {processor.py:836} INFO - DAG(s) dict_keys(['example_external_task_marker_child', 'example_external_task_marker_parent']) retrieved from /home/alan/repos/pipeline_airflow/pipeline-airflow-venv/lib/python3.11/site-packages/airflow/example_dags/example_external_task_marker_dag.py
[2023-08-15T18:29:19.047-0300] {logging_mixin.py:150} INFO - [2023-08-15T18:29:19.047-0300] {dag.py:2742} INFO - Sync 2 DAGs
[2023-08-15T18:29:19.082-0300] {logging_mixin.py:150} INFO - [2023-08-15T18:29:19.082-0300] {dag.py:3504} INFO - Setting next_dagrun for example_external_task_marker_child to None, run_after=None
[2023-08-15T18:29:19.087-0300] {logging_mixin.py:150} INFO - [2023-08-15T18:29:19.087-0300] {dag.py:3504} INFO - Setting next_dagrun for example_external_task_marker_parent to None, run_after=None
[2023-08-15T18:29:19.189-0300] {processor.py:179} INFO - Processing /home/alan/repos/pipeline_airflow/pipeline-airflow-venv/lib/python3.11/site-packages/airflow/example_dags/example_external_task_marker_dag.py took 0.214 seconds
[2023-08-15T18:30:16.135-0300] {processor.py:157} INFO - Started process (PID=21594) to work on /home/alan/repos/pipeline_airflow/pipeline-airflow-venv/lib/python3.11/site-packages/airflow/example_dags/example_external_task_marker_dag.py
[2023-08-15T18:30:16.144-0300] {processor.py:826} INFO - Processing file /home/alan/repos/pipeline_airflow/pipeline-airflow-venv/lib/python3.11/site-packages/airflow/example_dags/example_external_task_marker_dag.py for tasks to queue
[2023-08-15T18:30:16.145-0300] {logging_mixin.py:150} INFO - [2023-08-15T18:30:16.145-0300] {dagbag.py:541} INFO - Filling up the DagBag from /home/alan/repos/pipeline_airflow/pipeline-airflow-venv/lib/python3.11/site-packages/airflow/example_dags/example_external_task_marker_dag.py
[2023-08-15T18:30:16.156-0300] {processor.py:836} INFO - DAG(s) dict_keys(['example_external_task_marker_parent', 'example_external_task_marker_child']) retrieved from /home/alan/repos/pipeline_airflow/pipeline-airflow-venv/lib/python3.11/site-packages/airflow/example_dags/example_external_task_marker_dag.py
[2023-08-15T18:30:16.194-0300] {logging_mixin.py:150} INFO - [2023-08-15T18:30:16.193-0300] {dag.py:2742} INFO - Sync 2 DAGs
[2023-08-15T18:30:16.227-0300] {logging_mixin.py:150} INFO - [2023-08-15T18:30:16.227-0300] {dag.py:3504} INFO - Setting next_dagrun for example_external_task_marker_child to None, run_after=None
[2023-08-15T18:30:16.233-0300] {logging_mixin.py:150} INFO - [2023-08-15T18:30:16.232-0300] {dag.py:3504} INFO - Setting next_dagrun for example_external_task_marker_parent to None, run_after=None
[2023-08-15T18:30:16.362-0300] {processor.py:179} INFO - Processing /home/alan/repos/pipeline_airflow/pipeline-airflow-venv/lib/python3.11/site-packages/airflow/example_dags/example_external_task_marker_dag.py took 0.233 seconds
[2023-08-15T18:31:11.712-0300] {processor.py:157} INFO - Started process (PID=21797) to work on /home/alan/repos/pipeline_airflow/pipeline-airflow-venv/lib/python3.11/site-packages/airflow/example_dags/example_external_task_marker_dag.py
[2023-08-15T18:31:11.726-0300] {processor.py:826} INFO - Processing file /home/alan/repos/pipeline_airflow/pipeline-airflow-venv/lib/python3.11/site-packages/airflow/example_dags/example_external_task_marker_dag.py for tasks to queue
[2023-08-15T18:31:11.727-0300] {logging_mixin.py:150} INFO - [2023-08-15T18:31:11.727-0300] {dagbag.py:541} INFO - Filling up the DagBag from /home/alan/repos/pipeline_airflow/pipeline-airflow-venv/lib/python3.11/site-packages/airflow/example_dags/example_external_task_marker_dag.py
[2023-08-15T18:31:11.748-0300] {processor.py:836} INFO - DAG(s) dict_keys(['example_external_task_marker_parent', 'example_external_task_marker_child']) retrieved from /home/alan/repos/pipeline_airflow/pipeline-airflow-venv/lib/python3.11/site-packages/airflow/example_dags/example_external_task_marker_dag.py
[2023-08-15T18:31:11.810-0300] {logging_mixin.py:150} INFO - [2023-08-15T18:31:11.809-0300] {dag.py:2742} INFO - Sync 2 DAGs
[2023-08-15T18:31:11.873-0300] {logging_mixin.py:150} INFO - [2023-08-15T18:31:11.872-0300] {dag.py:3504} INFO - Setting next_dagrun for example_external_task_marker_child to None, run_after=None
[2023-08-15T18:31:11.878-0300] {logging_mixin.py:150} INFO - [2023-08-15T18:31:11.878-0300] {dag.py:3504} INFO - Setting next_dagrun for example_external_task_marker_parent to None, run_after=None
[2023-08-15T18:31:12.027-0300] {processor.py:179} INFO - Processing /home/alan/repos/pipeline_airflow/pipeline-airflow-venv/lib/python3.11/site-packages/airflow/example_dags/example_external_task_marker_dag.py took 0.332 seconds
[2023-08-15T18:32:07.012-0300] {processor.py:157} INFO - Started process (PID=21997) to work on /home/alan/repos/pipeline_airflow/pipeline-airflow-venv/lib/python3.11/site-packages/airflow/example_dags/example_external_task_marker_dag.py
[2023-08-15T18:32:07.020-0300] {processor.py:826} INFO - Processing file /home/alan/repos/pipeline_airflow/pipeline-airflow-venv/lib/python3.11/site-packages/airflow/example_dags/example_external_task_marker_dag.py for tasks to queue
[2023-08-15T18:32:07.022-0300] {logging_mixin.py:150} INFO - [2023-08-15T18:32:07.021-0300] {dagbag.py:541} INFO - Filling up the DagBag from /home/alan/repos/pipeline_airflow/pipeline-airflow-venv/lib/python3.11/site-packages/airflow/example_dags/example_external_task_marker_dag.py
[2023-08-15T18:32:07.037-0300] {processor.py:836} INFO - DAG(s) dict_keys(['example_external_task_marker_child', 'example_external_task_marker_parent']) retrieved from /home/alan/repos/pipeline_airflow/pipeline-airflow-venv/lib/python3.11/site-packages/airflow/example_dags/example_external_task_marker_dag.py
[2023-08-15T18:32:07.103-0300] {logging_mixin.py:150} INFO - [2023-08-15T18:32:07.103-0300] {dag.py:2742} INFO - Sync 2 DAGs
[2023-08-15T18:32:07.163-0300] {logging_mixin.py:150} INFO - [2023-08-15T18:32:07.162-0300] {dag.py:3504} INFO - Setting next_dagrun for example_external_task_marker_child to None, run_after=None
[2023-08-15T18:32:07.170-0300] {logging_mixin.py:150} INFO - [2023-08-15T18:32:07.169-0300] {dag.py:3504} INFO - Setting next_dagrun for example_external_task_marker_parent to None, run_after=None
[2023-08-15T18:32:07.284-0300] {processor.py:179} INFO - Processing /home/alan/repos/pipeline_airflow/pipeline-airflow-venv/lib/python3.11/site-packages/airflow/example_dags/example_external_task_marker_dag.py took 0.278 seconds
[2023-08-15T18:33:03.465-0300] {processor.py:157} INFO - Started process (PID=22211) to work on /home/alan/repos/pipeline_airflow/pipeline-airflow-venv/lib/python3.11/site-packages/airflow/example_dags/example_external_task_marker_dag.py
[2023-08-15T18:33:03.467-0300] {processor.py:826} INFO - Processing file /home/alan/repos/pipeline_airflow/pipeline-airflow-venv/lib/python3.11/site-packages/airflow/example_dags/example_external_task_marker_dag.py for tasks to queue
[2023-08-15T18:33:03.469-0300] {logging_mixin.py:150} INFO - [2023-08-15T18:33:03.468-0300] {dagbag.py:541} INFO - Filling up the DagBag from /home/alan/repos/pipeline_airflow/pipeline-airflow-venv/lib/python3.11/site-packages/airflow/example_dags/example_external_task_marker_dag.py
[2023-08-15T18:33:03.479-0300] {processor.py:836} INFO - DAG(s) dict_keys(['example_external_task_marker_parent', 'example_external_task_marker_child']) retrieved from /home/alan/repos/pipeline_airflow/pipeline-airflow-venv/lib/python3.11/site-packages/airflow/example_dags/example_external_task_marker_dag.py
[2023-08-15T18:33:03.516-0300] {logging_mixin.py:150} INFO - [2023-08-15T18:33:03.515-0300] {dag.py:2742} INFO - Sync 2 DAGs
[2023-08-15T18:33:03.550-0300] {logging_mixin.py:150} INFO - [2023-08-15T18:33:03.549-0300] {dag.py:3504} INFO - Setting next_dagrun for example_external_task_marker_child to None, run_after=None
[2023-08-15T18:33:03.555-0300] {logging_mixin.py:150} INFO - [2023-08-15T18:33:03.555-0300] {dag.py:3504} INFO - Setting next_dagrun for example_external_task_marker_parent to None, run_after=None
[2023-08-15T18:33:03.668-0300] {processor.py:179} INFO - Processing /home/alan/repos/pipeline_airflow/pipeline-airflow-venv/lib/python3.11/site-packages/airflow/example_dags/example_external_task_marker_dag.py took 0.208 seconds
[2023-08-15T18:34:01.142-0300] {processor.py:157} INFO - Started process (PID=22430) to work on /home/alan/repos/pipeline_airflow/pipeline-airflow-venv/lib/python3.11/site-packages/airflow/example_dags/example_external_task_marker_dag.py
[2023-08-15T18:34:01.146-0300] {processor.py:826} INFO - Processing file /home/alan/repos/pipeline_airflow/pipeline-airflow-venv/lib/python3.11/site-packages/airflow/example_dags/example_external_task_marker_dag.py for tasks to queue
[2023-08-15T18:34:01.147-0300] {logging_mixin.py:150} INFO - [2023-08-15T18:34:01.146-0300] {dagbag.py:541} INFO - Filling up the DagBag from /home/alan/repos/pipeline_airflow/pipeline-airflow-venv/lib/python3.11/site-packages/airflow/example_dags/example_external_task_marker_dag.py
[2023-08-15T18:34:01.164-0300] {processor.py:836} INFO - DAG(s) dict_keys(['example_external_task_marker_parent', 'example_external_task_marker_child']) retrieved from /home/alan/repos/pipeline_airflow/pipeline-airflow-venv/lib/python3.11/site-packages/airflow/example_dags/example_external_task_marker_dag.py
[2023-08-15T18:34:01.226-0300] {logging_mixin.py:150} INFO - [2023-08-15T18:34:01.226-0300] {dag.py:2742} INFO - Sync 2 DAGs
[2023-08-15T18:34:01.276-0300] {logging_mixin.py:150} INFO - [2023-08-15T18:34:01.275-0300] {dag.py:3504} INFO - Setting next_dagrun for example_external_task_marker_child to None, run_after=None
[2023-08-15T18:34:01.282-0300] {logging_mixin.py:150} INFO - [2023-08-15T18:34:01.281-0300] {dag.py:3504} INFO - Setting next_dagrun for example_external_task_marker_parent to None, run_after=None
[2023-08-15T18:34:01.548-0300] {processor.py:179} INFO - Processing /home/alan/repos/pipeline_airflow/pipeline-airflow-venv/lib/python3.11/site-packages/airflow/example_dags/example_external_task_marker_dag.py took 0.411 seconds
[2023-08-15T18:34:55.932-0300] {processor.py:157} INFO - Started process (PID=22619) to work on /home/alan/repos/pipeline_airflow/pipeline-airflow-venv/lib/python3.11/site-packages/airflow/example_dags/example_external_task_marker_dag.py
[2023-08-15T18:34:55.934-0300] {processor.py:826} INFO - Processing file /home/alan/repos/pipeline_airflow/pipeline-airflow-venv/lib/python3.11/site-packages/airflow/example_dags/example_external_task_marker_dag.py for tasks to queue
[2023-08-15T18:34:55.936-0300] {logging_mixin.py:150} INFO - [2023-08-15T18:34:55.935-0300] {dagbag.py:541} INFO - Filling up the DagBag from /home/alan/repos/pipeline_airflow/pipeline-airflow-venv/lib/python3.11/site-packages/airflow/example_dags/example_external_task_marker_dag.py
[2023-08-15T18:34:55.947-0300] {processor.py:836} INFO - DAG(s) dict_keys(['example_external_task_marker_parent', 'example_external_task_marker_child']) retrieved from /home/alan/repos/pipeline_airflow/pipeline-airflow-venv/lib/python3.11/site-packages/airflow/example_dags/example_external_task_marker_dag.py
[2023-08-15T18:34:55.984-0300] {logging_mixin.py:150} INFO - [2023-08-15T18:34:55.983-0300] {dag.py:2742} INFO - Sync 2 DAGs
[2023-08-15T18:34:56.018-0300] {logging_mixin.py:150} INFO - [2023-08-15T18:34:56.017-0300] {dag.py:3504} INFO - Setting next_dagrun for example_external_task_marker_child to None, run_after=None
[2023-08-15T18:34:56.023-0300] {logging_mixin.py:150} INFO - [2023-08-15T18:34:56.022-0300] {dag.py:3504} INFO - Setting next_dagrun for example_external_task_marker_parent to None, run_after=None
[2023-08-15T18:34:56.140-0300] {processor.py:179} INFO - Processing /home/alan/repos/pipeline_airflow/pipeline-airflow-venv/lib/python3.11/site-packages/airflow/example_dags/example_external_task_marker_dag.py took 0.214 seconds
[2023-08-15T18:35:50.783-0300] {processor.py:157} INFO - Started process (PID=22818) to work on /home/alan/repos/pipeline_airflow/pipeline-airflow-venv/lib/python3.11/site-packages/airflow/example_dags/example_external_task_marker_dag.py
[2023-08-15T18:35:50.785-0300] {processor.py:826} INFO - Processing file /home/alan/repos/pipeline_airflow/pipeline-airflow-venv/lib/python3.11/site-packages/airflow/example_dags/example_external_task_marker_dag.py for tasks to queue
[2023-08-15T18:35:50.786-0300] {logging_mixin.py:150} INFO - [2023-08-15T18:35:50.786-0300] {dagbag.py:541} INFO - Filling up the DagBag from /home/alan/repos/pipeline_airflow/pipeline-airflow-venv/lib/python3.11/site-packages/airflow/example_dags/example_external_task_marker_dag.py
[2023-08-15T18:35:50.797-0300] {processor.py:836} INFO - DAG(s) dict_keys(['example_external_task_marker_child', 'example_external_task_marker_parent']) retrieved from /home/alan/repos/pipeline_airflow/pipeline-airflow-venv/lib/python3.11/site-packages/airflow/example_dags/example_external_task_marker_dag.py
[2023-08-15T18:35:50.832-0300] {logging_mixin.py:150} INFO - [2023-08-15T18:35:50.832-0300] {dag.py:2742} INFO - Sync 2 DAGs
[2023-08-15T18:35:50.866-0300] {logging_mixin.py:150} INFO - [2023-08-15T18:35:50.866-0300] {dag.py:3504} INFO - Setting next_dagrun for example_external_task_marker_child to None, run_after=None
[2023-08-15T18:35:50.871-0300] {logging_mixin.py:150} INFO - [2023-08-15T18:35:50.871-0300] {dag.py:3504} INFO - Setting next_dagrun for example_external_task_marker_parent to None, run_after=None
[2023-08-15T18:35:50.975-0300] {processor.py:179} INFO - Processing /home/alan/repos/pipeline_airflow/pipeline-airflow-venv/lib/python3.11/site-packages/airflow/example_dags/example_external_task_marker_dag.py took 0.197 seconds
[2023-08-15T18:36:49.981-0300] {processor.py:157} INFO - Started process (PID=23037) to work on /home/alan/repos/pipeline_airflow/pipeline-airflow-venv/lib/python3.11/site-packages/airflow/example_dags/example_external_task_marker_dag.py
[2023-08-15T18:36:49.995-0300] {processor.py:826} INFO - Processing file /home/alan/repos/pipeline_airflow/pipeline-airflow-venv/lib/python3.11/site-packages/airflow/example_dags/example_external_task_marker_dag.py for tasks to queue
[2023-08-15T18:36:49.998-0300] {logging_mixin.py:150} INFO - [2023-08-15T18:36:49.996-0300] {dagbag.py:541} INFO - Filling up the DagBag from /home/alan/repos/pipeline_airflow/pipeline-airflow-venv/lib/python3.11/site-packages/airflow/example_dags/example_external_task_marker_dag.py
[2023-08-15T18:36:50.008-0300] {processor.py:836} INFO - DAG(s) dict_keys(['example_external_task_marker_child', 'example_external_task_marker_parent']) retrieved from /home/alan/repos/pipeline_airflow/pipeline-airflow-venv/lib/python3.11/site-packages/airflow/example_dags/example_external_task_marker_dag.py
[2023-08-15T18:36:50.046-0300] {logging_mixin.py:150} INFO - [2023-08-15T18:36:50.045-0300] {dag.py:2742} INFO - Sync 2 DAGs
[2023-08-15T18:36:50.083-0300] {logging_mixin.py:150} INFO - [2023-08-15T18:36:50.082-0300] {dag.py:3504} INFO - Setting next_dagrun for example_external_task_marker_child to None, run_after=None
[2023-08-15T18:36:50.089-0300] {logging_mixin.py:150} INFO - [2023-08-15T18:36:50.089-0300] {dag.py:3504} INFO - Setting next_dagrun for example_external_task_marker_parent to None, run_after=None
[2023-08-15T18:36:50.178-0300] {processor.py:179} INFO - Processing /home/alan/repos/pipeline_airflow/pipeline-airflow-venv/lib/python3.11/site-packages/airflow/example_dags/example_external_task_marker_dag.py took 0.203 seconds
[2023-08-15T18:38:11.166-0300] {processor.py:157} INFO - Started process (PID=23367) to work on /home/alan/repos/pipeline_airflow/pipeline-airflow-venv/lib/python3.11/site-packages/airflow/example_dags/example_external_task_marker_dag.py
[2023-08-15T18:38:11.172-0300] {processor.py:826} INFO - Processing file /home/alan/repos/pipeline_airflow/pipeline-airflow-venv/lib/python3.11/site-packages/airflow/example_dags/example_external_task_marker_dag.py for tasks to queue
[2023-08-15T18:38:11.174-0300] {logging_mixin.py:150} INFO - [2023-08-15T18:38:11.173-0300] {dagbag.py:541} INFO - Filling up the DagBag from /home/alan/repos/pipeline_airflow/pipeline-airflow-venv/lib/python3.11/site-packages/airflow/example_dags/example_external_task_marker_dag.py
[2023-08-15T18:38:11.189-0300] {processor.py:836} INFO - DAG(s) dict_keys(['example_external_task_marker_child', 'example_external_task_marker_parent']) retrieved from /home/alan/repos/pipeline_airflow/pipeline-airflow-venv/lib/python3.11/site-packages/airflow/example_dags/example_external_task_marker_dag.py
[2023-08-15T18:38:11.241-0300] {logging_mixin.py:150} INFO - [2023-08-15T18:38:11.241-0300] {dag.py:2742} INFO - Sync 2 DAGs
[2023-08-15T18:38:11.326-0300] {logging_mixin.py:150} INFO - [2023-08-15T18:38:11.326-0300] {dag.py:3504} INFO - Setting next_dagrun for example_external_task_marker_child to None, run_after=None
[2023-08-15T18:38:11.340-0300] {logging_mixin.py:150} INFO - [2023-08-15T18:38:11.331-0300] {dag.py:3504} INFO - Setting next_dagrun for example_external_task_marker_parent to None, run_after=None
[2023-08-15T18:38:11.476-0300] {processor.py:179} INFO - Processing /home/alan/repos/pipeline_airflow/pipeline-airflow-venv/lib/python3.11/site-packages/airflow/example_dags/example_external_task_marker_dag.py took 0.314 seconds
[2023-08-15T18:44:36.604-0300] {processor.py:157} INFO - Started process (PID=23817) to work on /home/alan/repos/pipeline_airflow/pipeline-airflow-venv/lib/python3.11/site-packages/airflow/example_dags/example_external_task_marker_dag.py
[2023-08-15T18:44:36.628-0300] {processor.py:826} INFO - Processing file /home/alan/repos/pipeline_airflow/pipeline-airflow-venv/lib/python3.11/site-packages/airflow/example_dags/example_external_task_marker_dag.py for tasks to queue
[2023-08-15T18:44:36.630-0300] {logging_mixin.py:150} INFO - [2023-08-15T18:44:36.629-0300] {dagbag.py:541} INFO - Filling up the DagBag from /home/alan/repos/pipeline_airflow/pipeline-airflow-venv/lib/python3.11/site-packages/airflow/example_dags/example_external_task_marker_dag.py
[2023-08-15T18:44:36.642-0300] {processor.py:836} INFO - DAG(s) dict_keys(['example_external_task_marker_parent', 'example_external_task_marker_child']) retrieved from /home/alan/repos/pipeline_airflow/pipeline-airflow-venv/lib/python3.11/site-packages/airflow/example_dags/example_external_task_marker_dag.py
[2023-08-15T18:44:36.678-0300] {logging_mixin.py:150} INFO - [2023-08-15T18:44:36.677-0300] {dag.py:2742} INFO - Sync 2 DAGs
[2023-08-15T18:44:36.716-0300] {logging_mixin.py:150} INFO - [2023-08-15T18:44:36.716-0300] {dag.py:3504} INFO - Setting next_dagrun for example_external_task_marker_child to None, run_after=None
[2023-08-15T18:44:36.721-0300] {logging_mixin.py:150} INFO - [2023-08-15T18:44:36.721-0300] {dag.py:3504} INFO - Setting next_dagrun for example_external_task_marker_parent to None, run_after=None
[2023-08-15T18:44:36.889-0300] {processor.py:179} INFO - Processing /home/alan/repos/pipeline_airflow/pipeline-airflow-venv/lib/python3.11/site-packages/airflow/example_dags/example_external_task_marker_dag.py took 0.290 seconds
[2023-08-15T18:46:00.954-0300] {processor.py:157} INFO - Started process (PID=24202) to work on /home/alan/repos/pipeline_airflow/pipeline-airflow-venv/lib/python3.11/site-packages/airflow/example_dags/example_external_task_marker_dag.py
[2023-08-15T18:46:00.959-0300] {processor.py:826} INFO - Processing file /home/alan/repos/pipeline_airflow/pipeline-airflow-venv/lib/python3.11/site-packages/airflow/example_dags/example_external_task_marker_dag.py for tasks to queue
[2023-08-15T18:46:00.961-0300] {logging_mixin.py:150} INFO - [2023-08-15T18:46:00.961-0300] {dagbag.py:541} INFO - Filling up the DagBag from /home/alan/repos/pipeline_airflow/pipeline-airflow-venv/lib/python3.11/site-packages/airflow/example_dags/example_external_task_marker_dag.py
[2023-08-15T18:46:00.974-0300] {processor.py:836} INFO - DAG(s) dict_keys(['example_external_task_marker_parent', 'example_external_task_marker_child']) retrieved from /home/alan/repos/pipeline_airflow/pipeline-airflow-venv/lib/python3.11/site-packages/airflow/example_dags/example_external_task_marker_dag.py
[2023-08-15T18:46:01.019-0300] {logging_mixin.py:150} INFO - [2023-08-15T18:46:01.019-0300] {dag.py:2742} INFO - Sync 2 DAGs
[2023-08-15T18:46:01.067-0300] {logging_mixin.py:150} INFO - [2023-08-15T18:46:01.067-0300] {dag.py:3504} INFO - Setting next_dagrun for example_external_task_marker_child to None, run_after=None
[2023-08-15T18:46:01.073-0300] {logging_mixin.py:150} INFO - [2023-08-15T18:46:01.072-0300] {dag.py:3504} INFO - Setting next_dagrun for example_external_task_marker_parent to None, run_after=None
[2023-08-15T18:46:01.203-0300] {processor.py:179} INFO - Processing /home/alan/repos/pipeline_airflow/pipeline-airflow-venv/lib/python3.11/site-packages/airflow/example_dags/example_external_task_marker_dag.py took 0.255 seconds
[2023-08-15T18:47:05.302-0300] {processor.py:157} INFO - Started process (PID=24426) to work on /home/alan/repos/pipeline_airflow/pipeline-airflow-venv/lib/python3.11/site-packages/airflow/example_dags/example_external_task_marker_dag.py
[2023-08-15T18:47:05.312-0300] {processor.py:826} INFO - Processing file /home/alan/repos/pipeline_airflow/pipeline-airflow-venv/lib/python3.11/site-packages/airflow/example_dags/example_external_task_marker_dag.py for tasks to queue
[2023-08-15T18:47:05.314-0300] {logging_mixin.py:150} INFO - [2023-08-15T18:47:05.313-0300] {dagbag.py:541} INFO - Filling up the DagBag from /home/alan/repos/pipeline_airflow/pipeline-airflow-venv/lib/python3.11/site-packages/airflow/example_dags/example_external_task_marker_dag.py
[2023-08-15T18:47:05.326-0300] {processor.py:836} INFO - DAG(s) dict_keys(['example_external_task_marker_child', 'example_external_task_marker_parent']) retrieved from /home/alan/repos/pipeline_airflow/pipeline-airflow-venv/lib/python3.11/site-packages/airflow/example_dags/example_external_task_marker_dag.py
[2023-08-15T18:47:05.367-0300] {logging_mixin.py:150} INFO - [2023-08-15T18:47:05.366-0300] {dag.py:2742} INFO - Sync 2 DAGs
[2023-08-15T18:47:05.408-0300] {logging_mixin.py:150} INFO - [2023-08-15T18:47:05.407-0300] {dag.py:3504} INFO - Setting next_dagrun for example_external_task_marker_child to None, run_after=None
[2023-08-15T18:47:05.414-0300] {logging_mixin.py:150} INFO - [2023-08-15T18:47:05.413-0300] {dag.py:3504} INFO - Setting next_dagrun for example_external_task_marker_parent to None, run_after=None
[2023-08-15T18:47:05.538-0300] {processor.py:179} INFO - Processing /home/alan/repos/pipeline_airflow/pipeline-airflow-venv/lib/python3.11/site-packages/airflow/example_dags/example_external_task_marker_dag.py took 0.242 seconds
[2023-08-15T18:48:08.629-0300] {processor.py:157} INFO - Started process (PID=24651) to work on /home/alan/repos/pipeline_airflow/pipeline-airflow-venv/lib/python3.11/site-packages/airflow/example_dags/example_external_task_marker_dag.py
[2023-08-15T18:48:08.631-0300] {processor.py:826} INFO - Processing file /home/alan/repos/pipeline_airflow/pipeline-airflow-venv/lib/python3.11/site-packages/airflow/example_dags/example_external_task_marker_dag.py for tasks to queue
[2023-08-15T18:48:08.633-0300] {logging_mixin.py:150} INFO - [2023-08-15T18:48:08.632-0300] {dagbag.py:541} INFO - Filling up the DagBag from /home/alan/repos/pipeline_airflow/pipeline-airflow-venv/lib/python3.11/site-packages/airflow/example_dags/example_external_task_marker_dag.py
[2023-08-15T18:48:08.645-0300] {processor.py:836} INFO - DAG(s) dict_keys(['example_external_task_marker_parent', 'example_external_task_marker_child']) retrieved from /home/alan/repos/pipeline_airflow/pipeline-airflow-venv/lib/python3.11/site-packages/airflow/example_dags/example_external_task_marker_dag.py
[2023-08-15T18:48:08.696-0300] {logging_mixin.py:150} INFO - [2023-08-15T18:48:08.696-0300] {dag.py:2742} INFO - Sync 2 DAGs
[2023-08-15T18:48:08.743-0300] {logging_mixin.py:150} INFO - [2023-08-15T18:48:08.743-0300] {dag.py:3504} INFO - Setting next_dagrun for example_external_task_marker_child to None, run_after=None
[2023-08-15T18:48:08.755-0300] {logging_mixin.py:150} INFO - [2023-08-15T18:48:08.755-0300] {dag.py:3504} INFO - Setting next_dagrun for example_external_task_marker_parent to None, run_after=None
[2023-08-15T18:48:09.157-0300] {processor.py:179} INFO - Processing /home/alan/repos/pipeline_airflow/pipeline-airflow-venv/lib/python3.11/site-packages/airflow/example_dags/example_external_task_marker_dag.py took 0.533 seconds
[2023-08-15T18:49:17.739-0300] {processor.py:157} INFO - Started process (PID=24874) to work on /home/alan/repos/pipeline_airflow/pipeline-airflow-venv/lib/python3.11/site-packages/airflow/example_dags/example_external_task_marker_dag.py
[2023-08-15T18:49:17.749-0300] {processor.py:826} INFO - Processing file /home/alan/repos/pipeline_airflow/pipeline-airflow-venv/lib/python3.11/site-packages/airflow/example_dags/example_external_task_marker_dag.py for tasks to queue
[2023-08-15T18:49:17.751-0300] {logging_mixin.py:150} INFO - [2023-08-15T18:49:17.750-0300] {dagbag.py:541} INFO - Filling up the DagBag from /home/alan/repos/pipeline_airflow/pipeline-airflow-venv/lib/python3.11/site-packages/airflow/example_dags/example_external_task_marker_dag.py
[2023-08-15T18:49:17.763-0300] {processor.py:836} INFO - DAG(s) dict_keys(['example_external_task_marker_child', 'example_external_task_marker_parent']) retrieved from /home/alan/repos/pipeline_airflow/pipeline-airflow-venv/lib/python3.11/site-packages/airflow/example_dags/example_external_task_marker_dag.py
[2023-08-15T18:49:18.071-0300] {logging_mixin.py:150} INFO - [2023-08-15T18:49:18.071-0300] {dag.py:2742} INFO - Sync 2 DAGs
[2023-08-15T18:49:18.123-0300] {logging_mixin.py:150} INFO - [2023-08-15T18:49:18.123-0300] {dag.py:3504} INFO - Setting next_dagrun for example_external_task_marker_child to None, run_after=None
[2023-08-15T18:49:18.129-0300] {logging_mixin.py:150} INFO - [2023-08-15T18:49:18.129-0300] {dag.py:3504} INFO - Setting next_dagrun for example_external_task_marker_parent to None, run_after=None
[2023-08-15T18:49:18.255-0300] {processor.py:179} INFO - Processing /home/alan/repos/pipeline_airflow/pipeline-airflow-venv/lib/python3.11/site-packages/airflow/example_dags/example_external_task_marker_dag.py took 0.527 seconds
[2023-08-15T18:50:16.792-0300] {processor.py:157} INFO - Started process (PID=25090) to work on /home/alan/repos/pipeline_airflow/pipeline-airflow-venv/lib/python3.11/site-packages/airflow/example_dags/example_external_task_marker_dag.py
[2023-08-15T18:50:16.795-0300] {processor.py:826} INFO - Processing file /home/alan/repos/pipeline_airflow/pipeline-airflow-venv/lib/python3.11/site-packages/airflow/example_dags/example_external_task_marker_dag.py for tasks to queue
[2023-08-15T18:50:16.797-0300] {logging_mixin.py:150} INFO - [2023-08-15T18:50:16.796-0300] {dagbag.py:541} INFO - Filling up the DagBag from /home/alan/repos/pipeline_airflow/pipeline-airflow-venv/lib/python3.11/site-packages/airflow/example_dags/example_external_task_marker_dag.py
[2023-08-15T18:50:16.813-0300] {processor.py:836} INFO - DAG(s) dict_keys(['example_external_task_marker_parent', 'example_external_task_marker_child']) retrieved from /home/alan/repos/pipeline_airflow/pipeline-airflow-venv/lib/python3.11/site-packages/airflow/example_dags/example_external_task_marker_dag.py
[2023-08-15T18:50:16.862-0300] {logging_mixin.py:150} INFO - [2023-08-15T18:50:16.861-0300] {dag.py:2742} INFO - Sync 2 DAGs
[2023-08-15T18:50:16.909-0300] {logging_mixin.py:150} INFO - [2023-08-15T18:50:16.909-0300] {dag.py:3504} INFO - Setting next_dagrun for example_external_task_marker_child to None, run_after=None
[2023-08-15T18:50:16.914-0300] {logging_mixin.py:150} INFO - [2023-08-15T18:50:16.914-0300] {dag.py:3504} INFO - Setting next_dagrun for example_external_task_marker_parent to None, run_after=None
[2023-08-15T18:50:17.021-0300] {processor.py:179} INFO - Processing /home/alan/repos/pipeline_airflow/pipeline-airflow-venv/lib/python3.11/site-packages/airflow/example_dags/example_external_task_marker_dag.py took 0.240 seconds
[2023-08-15T18:51:24.942-0300] {processor.py:157} INFO - Started process (PID=25376) to work on /home/alan/repos/pipeline_airflow/pipeline-airflow-venv/lib/python3.11/site-packages/airflow/example_dags/example_external_task_marker_dag.py
[2023-08-15T18:51:24.944-0300] {processor.py:826} INFO - Processing file /home/alan/repos/pipeline_airflow/pipeline-airflow-venv/lib/python3.11/site-packages/airflow/example_dags/example_external_task_marker_dag.py for tasks to queue
[2023-08-15T18:51:24.945-0300] {logging_mixin.py:150} INFO - [2023-08-15T18:51:24.945-0300] {dagbag.py:541} INFO - Filling up the DagBag from /home/alan/repos/pipeline_airflow/pipeline-airflow-venv/lib/python3.11/site-packages/airflow/example_dags/example_external_task_marker_dag.py
[2023-08-15T18:51:24.958-0300] {processor.py:836} INFO - DAG(s) dict_keys(['example_external_task_marker_parent', 'example_external_task_marker_child']) retrieved from /home/alan/repos/pipeline_airflow/pipeline-airflow-venv/lib/python3.11/site-packages/airflow/example_dags/example_external_task_marker_dag.py
[2023-08-15T18:51:24.996-0300] {logging_mixin.py:150} INFO - [2023-08-15T18:51:24.996-0300] {dag.py:2742} INFO - Sync 2 DAGs
[2023-08-15T18:51:25.037-0300] {logging_mixin.py:150} INFO - [2023-08-15T18:51:25.036-0300] {dag.py:3504} INFO - Setting next_dagrun for example_external_task_marker_child to None, run_after=None
[2023-08-15T18:51:25.043-0300] {logging_mixin.py:150} INFO - [2023-08-15T18:51:25.043-0300] {dag.py:3504} INFO - Setting next_dagrun for example_external_task_marker_parent to None, run_after=None
[2023-08-15T18:51:25.160-0300] {processor.py:179} INFO - Processing /home/alan/repos/pipeline_airflow/pipeline-airflow-venv/lib/python3.11/site-packages/airflow/example_dags/example_external_task_marker_dag.py took 0.223 seconds
[2023-08-15T18:52:32.155-0300] {processor.py:157} INFO - Started process (PID=25741) to work on /home/alan/repos/pipeline_airflow/pipeline-airflow-venv/lib/python3.11/site-packages/airflow/example_dags/example_external_task_marker_dag.py
[2023-08-15T18:52:32.158-0300] {processor.py:826} INFO - Processing file /home/alan/repos/pipeline_airflow/pipeline-airflow-venv/lib/python3.11/site-packages/airflow/example_dags/example_external_task_marker_dag.py for tasks to queue
[2023-08-15T18:52:32.160-0300] {logging_mixin.py:150} INFO - [2023-08-15T18:52:32.159-0300] {dagbag.py:541} INFO - Filling up the DagBag from /home/alan/repos/pipeline_airflow/pipeline-airflow-venv/lib/python3.11/site-packages/airflow/example_dags/example_external_task_marker_dag.py
[2023-08-15T18:52:32.171-0300] {processor.py:836} INFO - DAG(s) dict_keys(['example_external_task_marker_child', 'example_external_task_marker_parent']) retrieved from /home/alan/repos/pipeline_airflow/pipeline-airflow-venv/lib/python3.11/site-packages/airflow/example_dags/example_external_task_marker_dag.py
[2023-08-15T18:52:32.209-0300] {logging_mixin.py:150} INFO - [2023-08-15T18:52:32.209-0300] {dag.py:2742} INFO - Sync 2 DAGs
[2023-08-15T18:52:32.264-0300] {logging_mixin.py:150} INFO - [2023-08-15T18:52:32.263-0300] {dag.py:3504} INFO - Setting next_dagrun for example_external_task_marker_child to None, run_after=None
[2023-08-15T18:52:32.274-0300] {logging_mixin.py:150} INFO - [2023-08-15T18:52:32.274-0300] {dag.py:3504} INFO - Setting next_dagrun for example_external_task_marker_parent to None, run_after=None
[2023-08-15T18:52:32.396-0300] {processor.py:179} INFO - Processing /home/alan/repos/pipeline_airflow/pipeline-airflow-venv/lib/python3.11/site-packages/airflow/example_dags/example_external_task_marker_dag.py took 0.246 seconds
[2023-08-15T18:53:28.654-0300] {processor.py:157} INFO - Started process (PID=25956) to work on /home/alan/repos/pipeline_airflow/pipeline-airflow-venv/lib/python3.11/site-packages/airflow/example_dags/example_external_task_marker_dag.py
[2023-08-15T18:53:28.655-0300] {processor.py:826} INFO - Processing file /home/alan/repos/pipeline_airflow/pipeline-airflow-venv/lib/python3.11/site-packages/airflow/example_dags/example_external_task_marker_dag.py for tasks to queue
[2023-08-15T18:53:28.657-0300] {logging_mixin.py:150} INFO - [2023-08-15T18:53:28.656-0300] {dagbag.py:541} INFO - Filling up the DagBag from /home/alan/repos/pipeline_airflow/pipeline-airflow-venv/lib/python3.11/site-packages/airflow/example_dags/example_external_task_marker_dag.py
[2023-08-15T18:53:28.667-0300] {processor.py:836} INFO - DAG(s) dict_keys(['example_external_task_marker_parent', 'example_external_task_marker_child']) retrieved from /home/alan/repos/pipeline_airflow/pipeline-airflow-venv/lib/python3.11/site-packages/airflow/example_dags/example_external_task_marker_dag.py
[2023-08-15T18:53:28.702-0300] {logging_mixin.py:150} INFO - [2023-08-15T18:53:28.702-0300] {dag.py:2742} INFO - Sync 2 DAGs
[2023-08-15T18:53:28.736-0300] {logging_mixin.py:150} INFO - [2023-08-15T18:53:28.736-0300] {dag.py:3504} INFO - Setting next_dagrun for example_external_task_marker_child to None, run_after=None
[2023-08-15T18:53:28.741-0300] {logging_mixin.py:150} INFO - [2023-08-15T18:53:28.741-0300] {dag.py:3504} INFO - Setting next_dagrun for example_external_task_marker_parent to None, run_after=None
[2023-08-15T18:53:28.846-0300] {processor.py:179} INFO - Processing /home/alan/repos/pipeline_airflow/pipeline-airflow-venv/lib/python3.11/site-packages/airflow/example_dags/example_external_task_marker_dag.py took 0.198 seconds
[2023-08-15T18:54:35.700-0300] {processor.py:157} INFO - Started process (PID=26226) to work on /home/alan/repos/pipeline_airflow/pipeline-airflow-venv/lib/python3.11/site-packages/airflow/example_dags/example_external_task_marker_dag.py
[2023-08-15T18:54:35.712-0300] {processor.py:826} INFO - Processing file /home/alan/repos/pipeline_airflow/pipeline-airflow-venv/lib/python3.11/site-packages/airflow/example_dags/example_external_task_marker_dag.py for tasks to queue
[2023-08-15T18:54:35.714-0300] {logging_mixin.py:150} INFO - [2023-08-15T18:54:35.713-0300] {dagbag.py:541} INFO - Filling up the DagBag from /home/alan/repos/pipeline_airflow/pipeline-airflow-venv/lib/python3.11/site-packages/airflow/example_dags/example_external_task_marker_dag.py
[2023-08-15T18:54:35.727-0300] {processor.py:836} INFO - DAG(s) dict_keys(['example_external_task_marker_child', 'example_external_task_marker_parent']) retrieved from /home/alan/repos/pipeline_airflow/pipeline-airflow-venv/lib/python3.11/site-packages/airflow/example_dags/example_external_task_marker_dag.py
[2023-08-15T18:54:35.765-0300] {logging_mixin.py:150} INFO - [2023-08-15T18:54:35.765-0300] {dag.py:2742} INFO - Sync 2 DAGs
[2023-08-15T18:54:35.802-0300] {logging_mixin.py:150} INFO - [2023-08-15T18:54:35.802-0300] {dag.py:3504} INFO - Setting next_dagrun for example_external_task_marker_child to None, run_after=None
[2023-08-15T18:54:35.807-0300] {logging_mixin.py:150} INFO - [2023-08-15T18:54:35.806-0300] {dag.py:3504} INFO - Setting next_dagrun for example_external_task_marker_parent to None, run_after=None
[2023-08-15T18:54:35.981-0300] {processor.py:179} INFO - Processing /home/alan/repos/pipeline_airflow/pipeline-airflow-venv/lib/python3.11/site-packages/airflow/example_dags/example_external_task_marker_dag.py took 0.287 seconds
[2023-08-15T18:56:50.401-0300] {processor.py:157} INFO - Started process (PID=26900) to work on /home/alan/repos/pipeline_airflow/pipeline-airflow-venv/lib/python3.11/site-packages/airflow/example_dags/example_external_task_marker_dag.py
[2023-08-15T18:56:50.477-0300] {processor.py:826} INFO - Processing file /home/alan/repos/pipeline_airflow/pipeline-airflow-venv/lib/python3.11/site-packages/airflow/example_dags/example_external_task_marker_dag.py for tasks to queue
[2023-08-15T18:56:50.479-0300] {logging_mixin.py:150} INFO - [2023-08-15T18:56:50.479-0300] {dagbag.py:541} INFO - Filling up the DagBag from /home/alan/repos/pipeline_airflow/pipeline-airflow-venv/lib/python3.11/site-packages/airflow/example_dags/example_external_task_marker_dag.py
[2023-08-15T18:56:50.645-0300] {processor.py:836} INFO - DAG(s) dict_keys(['example_external_task_marker_parent', 'example_external_task_marker_child']) retrieved from /home/alan/repos/pipeline_airflow/pipeline-airflow-venv/lib/python3.11/site-packages/airflow/example_dags/example_external_task_marker_dag.py
[2023-08-15T18:56:50.811-0300] {logging_mixin.py:150} INFO - [2023-08-15T18:56:50.811-0300] {dag.py:2742} INFO - Sync 2 DAGs
[2023-08-15T18:56:50.870-0300] {logging_mixin.py:150} INFO - [2023-08-15T18:56:50.869-0300] {dag.py:3504} INFO - Setting next_dagrun for example_external_task_marker_child to None, run_after=None
[2023-08-15T18:56:50.876-0300] {logging_mixin.py:150} INFO - [2023-08-15T18:56:50.875-0300] {dag.py:3504} INFO - Setting next_dagrun for example_external_task_marker_parent to None, run_after=None
[2023-08-15T18:56:51.535-0300] {processor.py:179} INFO - Processing /home/alan/repos/pipeline_airflow/pipeline-airflow-venv/lib/python3.11/site-packages/airflow/example_dags/example_external_task_marker_dag.py took 1.140 seconds
[2023-08-15T19:01:52.246-0300] {processor.py:157} INFO - Started process (PID=27620) to work on /home/alan/repos/pipeline_airflow/pipeline-airflow-venv/lib/python3.11/site-packages/airflow/example_dags/example_external_task_marker_dag.py
[2023-08-15T19:01:52.353-0300] {processor.py:826} INFO - Processing file /home/alan/repos/pipeline_airflow/pipeline-airflow-venv/lib/python3.11/site-packages/airflow/example_dags/example_external_task_marker_dag.py for tasks to queue
[2023-08-15T19:01:52.355-0300] {logging_mixin.py:150} INFO - [2023-08-15T19:01:52.354-0300] {dagbag.py:541} INFO - Filling up the DagBag from /home/alan/repos/pipeline_airflow/pipeline-airflow-venv/lib/python3.11/site-packages/airflow/example_dags/example_external_task_marker_dag.py
[2023-08-15T19:01:52.396-0300] {processor.py:836} INFO - DAG(s) dict_keys(['example_external_task_marker_parent', 'example_external_task_marker_child']) retrieved from /home/alan/repos/pipeline_airflow/pipeline-airflow-venv/lib/python3.11/site-packages/airflow/example_dags/example_external_task_marker_dag.py
[2023-08-15T19:01:52.493-0300] {logging_mixin.py:150} INFO - [2023-08-15T19:01:52.487-0300] {dag.py:2742} INFO - Sync 2 DAGs
[2023-08-15T19:01:52.540-0300] {logging_mixin.py:150} INFO - [2023-08-15T19:01:52.539-0300] {dag.py:3504} INFO - Setting next_dagrun for example_external_task_marker_child to None, run_after=None
[2023-08-15T19:01:52.545-0300] {logging_mixin.py:150} INFO - [2023-08-15T19:01:52.545-0300] {dag.py:3504} INFO - Setting next_dagrun for example_external_task_marker_parent to None, run_after=None
[2023-08-15T19:01:52.779-0300] {processor.py:179} INFO - Processing /home/alan/repos/pipeline_airflow/pipeline-airflow-venv/lib/python3.11/site-packages/airflow/example_dags/example_external_task_marker_dag.py took 0.538 seconds
[2023-08-15T19:03:33.208-0300] {processor.py:157} INFO - Started process (PID=28050) to work on /home/alan/repos/pipeline_airflow/pipeline-airflow-venv/lib/python3.11/site-packages/airflow/example_dags/example_external_task_marker_dag.py
[2023-08-15T19:03:33.233-0300] {processor.py:826} INFO - Processing file /home/alan/repos/pipeline_airflow/pipeline-airflow-venv/lib/python3.11/site-packages/airflow/example_dags/example_external_task_marker_dag.py for tasks to queue
[2023-08-15T19:03:33.235-0300] {logging_mixin.py:150} INFO - [2023-08-15T19:03:33.234-0300] {dagbag.py:541} INFO - Filling up the DagBag from /home/alan/repos/pipeline_airflow/pipeline-airflow-venv/lib/python3.11/site-packages/airflow/example_dags/example_external_task_marker_dag.py
[2023-08-15T19:03:33.255-0300] {processor.py:836} INFO - DAG(s) dict_keys(['example_external_task_marker_child', 'example_external_task_marker_parent']) retrieved from /home/alan/repos/pipeline_airflow/pipeline-airflow-venv/lib/python3.11/site-packages/airflow/example_dags/example_external_task_marker_dag.py
[2023-08-15T19:03:33.524-0300] {logging_mixin.py:150} INFO - [2023-08-15T19:03:33.524-0300] {dag.py:2742} INFO - Sync 2 DAGs
[2023-08-15T19:03:33.692-0300] {logging_mixin.py:150} INFO - [2023-08-15T19:03:33.692-0300] {dag.py:3504} INFO - Setting next_dagrun for example_external_task_marker_child to None, run_after=None
[2023-08-15T19:03:33.703-0300] {logging_mixin.py:150} INFO - [2023-08-15T19:03:33.703-0300] {dag.py:3504} INFO - Setting next_dagrun for example_external_task_marker_parent to None, run_after=None
[2023-08-15T19:03:33.921-0300] {processor.py:179} INFO - Processing /home/alan/repos/pipeline_airflow/pipeline-airflow-venv/lib/python3.11/site-packages/airflow/example_dags/example_external_task_marker_dag.py took 0.727 seconds
[2023-08-15T19:05:08.693-0300] {processor.py:157} INFO - Started process (PID=28530) to work on /home/alan/repos/pipeline_airflow/pipeline-airflow-venv/lib/python3.11/site-packages/airflow/example_dags/example_external_task_marker_dag.py
[2023-08-15T19:05:08.705-0300] {processor.py:826} INFO - Processing file /home/alan/repos/pipeline_airflow/pipeline-airflow-venv/lib/python3.11/site-packages/airflow/example_dags/example_external_task_marker_dag.py for tasks to queue
[2023-08-15T19:05:08.707-0300] {logging_mixin.py:150} INFO - [2023-08-15T19:05:08.706-0300] {dagbag.py:541} INFO - Filling up the DagBag from /home/alan/repos/pipeline_airflow/pipeline-airflow-venv/lib/python3.11/site-packages/airflow/example_dags/example_external_task_marker_dag.py
[2023-08-15T19:05:08.719-0300] {processor.py:836} INFO - DAG(s) dict_keys(['example_external_task_marker_parent', 'example_external_task_marker_child']) retrieved from /home/alan/repos/pipeline_airflow/pipeline-airflow-venv/lib/python3.11/site-packages/airflow/example_dags/example_external_task_marker_dag.py
[2023-08-15T19:05:08.759-0300] {logging_mixin.py:150} INFO - [2023-08-15T19:05:08.759-0300] {dag.py:2742} INFO - Sync 2 DAGs
[2023-08-15T19:05:08.794-0300] {logging_mixin.py:150} INFO - [2023-08-15T19:05:08.794-0300] {dag.py:3504} INFO - Setting next_dagrun for example_external_task_marker_child to None, run_after=None
[2023-08-15T19:05:08.799-0300] {logging_mixin.py:150} INFO - [2023-08-15T19:05:08.799-0300] {dag.py:3504} INFO - Setting next_dagrun for example_external_task_marker_parent to None, run_after=None
[2023-08-15T19:05:08.913-0300] {processor.py:179} INFO - Processing /home/alan/repos/pipeline_airflow/pipeline-airflow-venv/lib/python3.11/site-packages/airflow/example_dags/example_external_task_marker_dag.py took 0.227 seconds
[2023-08-15T19:06:19.577-0300] {processor.py:157} INFO - Started process (PID=28760) to work on /home/alan/repos/pipeline_airflow/pipeline-airflow-venv/lib/python3.11/site-packages/airflow/example_dags/example_external_task_marker_dag.py
[2023-08-15T19:06:19.597-0300] {processor.py:826} INFO - Processing file /home/alan/repos/pipeline_airflow/pipeline-airflow-venv/lib/python3.11/site-packages/airflow/example_dags/example_external_task_marker_dag.py for tasks to queue
[2023-08-15T19:06:19.599-0300] {logging_mixin.py:150} INFO - [2023-08-15T19:06:19.598-0300] {dagbag.py:541} INFO - Filling up the DagBag from /home/alan/repos/pipeline_airflow/pipeline-airflow-venv/lib/python3.11/site-packages/airflow/example_dags/example_external_task_marker_dag.py
[2023-08-15T19:06:19.611-0300] {processor.py:836} INFO - DAG(s) dict_keys(['example_external_task_marker_child', 'example_external_task_marker_parent']) retrieved from /home/alan/repos/pipeline_airflow/pipeline-airflow-venv/lib/python3.11/site-packages/airflow/example_dags/example_external_task_marker_dag.py
[2023-08-15T19:06:19.650-0300] {logging_mixin.py:150} INFO - [2023-08-15T19:06:19.649-0300] {dag.py:2742} INFO - Sync 2 DAGs
[2023-08-15T19:06:19.686-0300] {logging_mixin.py:150} INFO - [2023-08-15T19:06:19.686-0300] {dag.py:3504} INFO - Setting next_dagrun for example_external_task_marker_child to None, run_after=None
[2023-08-15T19:06:19.692-0300] {logging_mixin.py:150} INFO - [2023-08-15T19:06:19.691-0300] {dag.py:3504} INFO - Setting next_dagrun for example_external_task_marker_parent to None, run_after=None
[2023-08-15T19:06:19.783-0300] {processor.py:179} INFO - Processing /home/alan/repos/pipeline_airflow/pipeline-airflow-venv/lib/python3.11/site-packages/airflow/example_dags/example_external_task_marker_dag.py took 0.213 seconds
[2023-08-15T19:07:20.611-0300] {processor.py:157} INFO - Started process (PID=28926) to work on /home/alan/repos/pipeline_airflow/pipeline-airflow-venv/lib/python3.11/site-packages/airflow/example_dags/example_external_task_marker_dag.py
[2023-08-15T19:07:20.625-0300] {processor.py:826} INFO - Processing file /home/alan/repos/pipeline_airflow/pipeline-airflow-venv/lib/python3.11/site-packages/airflow/example_dags/example_external_task_marker_dag.py for tasks to queue
[2023-08-15T19:07:20.627-0300] {logging_mixin.py:150} INFO - [2023-08-15T19:07:20.627-0300] {dagbag.py:541} INFO - Filling up the DagBag from /home/alan/repos/pipeline_airflow/pipeline-airflow-venv/lib/python3.11/site-packages/airflow/example_dags/example_external_task_marker_dag.py
[2023-08-15T19:07:20.643-0300] {processor.py:836} INFO - DAG(s) dict_keys(['example_external_task_marker_child', 'example_external_task_marker_parent']) retrieved from /home/alan/repos/pipeline_airflow/pipeline-airflow-venv/lib/python3.11/site-packages/airflow/example_dags/example_external_task_marker_dag.py
[2023-08-15T19:07:20.690-0300] {logging_mixin.py:150} INFO - [2023-08-15T19:07:20.690-0300] {dag.py:2742} INFO - Sync 2 DAGs
[2023-08-15T19:07:20.730-0300] {logging_mixin.py:150} INFO - [2023-08-15T19:07:20.729-0300] {dag.py:3504} INFO - Setting next_dagrun for example_external_task_marker_child to None, run_after=None
[2023-08-15T19:07:20.736-0300] {logging_mixin.py:150} INFO - [2023-08-15T19:07:20.735-0300] {dag.py:3504} INFO - Setting next_dagrun for example_external_task_marker_parent to None, run_after=None
[2023-08-15T19:07:20.835-0300] {processor.py:179} INFO - Processing /home/alan/repos/pipeline_airflow/pipeline-airflow-venv/lib/python3.11/site-packages/airflow/example_dags/example_external_task_marker_dag.py took 0.230 seconds
[2023-08-15T19:08:29.714-0300] {processor.py:157} INFO - Started process (PID=29204) to work on /home/alan/repos/pipeline_airflow/pipeline-airflow-venv/lib/python3.11/site-packages/airflow/example_dags/example_external_task_marker_dag.py
[2023-08-15T19:08:29.730-0300] {processor.py:826} INFO - Processing file /home/alan/repos/pipeline_airflow/pipeline-airflow-venv/lib/python3.11/site-packages/airflow/example_dags/example_external_task_marker_dag.py for tasks to queue
[2023-08-15T19:08:29.732-0300] {logging_mixin.py:150} INFO - [2023-08-15T19:08:29.731-0300] {dagbag.py:541} INFO - Filling up the DagBag from /home/alan/repos/pipeline_airflow/pipeline-airflow-venv/lib/python3.11/site-packages/airflow/example_dags/example_external_task_marker_dag.py
[2023-08-15T19:08:29.742-0300] {processor.py:836} INFO - DAG(s) dict_keys(['example_external_task_marker_parent', 'example_external_task_marker_child']) retrieved from /home/alan/repos/pipeline_airflow/pipeline-airflow-venv/lib/python3.11/site-packages/airflow/example_dags/example_external_task_marker_dag.py
[2023-08-15T19:08:29.780-0300] {logging_mixin.py:150} INFO - [2023-08-15T19:08:29.779-0300] {dag.py:2742} INFO - Sync 2 DAGs
[2023-08-15T19:08:29.814-0300] {logging_mixin.py:150} INFO - [2023-08-15T19:08:29.814-0300] {dag.py:3504} INFO - Setting next_dagrun for example_external_task_marker_child to None, run_after=None
[2023-08-15T19:08:29.820-0300] {logging_mixin.py:150} INFO - [2023-08-15T19:08:29.819-0300] {dag.py:3504} INFO - Setting next_dagrun for example_external_task_marker_parent to None, run_after=None
[2023-08-15T19:08:29.917-0300] {processor.py:179} INFO - Processing /home/alan/repos/pipeline_airflow/pipeline-airflow-venv/lib/python3.11/site-packages/airflow/example_dags/example_external_task_marker_dag.py took 0.209 seconds
[2023-08-15T19:09:30.895-0300] {processor.py:157} INFO - Started process (PID=29360) to work on /home/alan/repos/pipeline_airflow/pipeline-airflow-venv/lib/python3.11/site-packages/airflow/example_dags/example_external_task_marker_dag.py
[2023-08-15T19:09:30.924-0300] {processor.py:826} INFO - Processing file /home/alan/repos/pipeline_airflow/pipeline-airflow-venv/lib/python3.11/site-packages/airflow/example_dags/example_external_task_marker_dag.py for tasks to queue
[2023-08-15T19:09:30.926-0300] {logging_mixin.py:150} INFO - [2023-08-15T19:09:30.925-0300] {dagbag.py:541} INFO - Filling up the DagBag from /home/alan/repos/pipeline_airflow/pipeline-airflow-venv/lib/python3.11/site-packages/airflow/example_dags/example_external_task_marker_dag.py
[2023-08-15T19:09:30.943-0300] {processor.py:836} INFO - DAG(s) dict_keys(['example_external_task_marker_parent', 'example_external_task_marker_child']) retrieved from /home/alan/repos/pipeline_airflow/pipeline-airflow-venv/lib/python3.11/site-packages/airflow/example_dags/example_external_task_marker_dag.py
[2023-08-15T19:09:30.990-0300] {logging_mixin.py:150} INFO - [2023-08-15T19:09:30.989-0300] {dag.py:2742} INFO - Sync 2 DAGs
[2023-08-15T19:09:31.048-0300] {logging_mixin.py:150} INFO - [2023-08-15T19:09:31.047-0300] {dag.py:3504} INFO - Setting next_dagrun for example_external_task_marker_child to None, run_after=None
[2023-08-15T19:09:31.055-0300] {logging_mixin.py:150} INFO - [2023-08-15T19:09:31.055-0300] {dag.py:3504} INFO - Setting next_dagrun for example_external_task_marker_parent to None, run_after=None
[2023-08-15T19:09:31.213-0300] {processor.py:179} INFO - Processing /home/alan/repos/pipeline_airflow/pipeline-airflow-venv/lib/python3.11/site-packages/airflow/example_dags/example_external_task_marker_dag.py took 0.328 seconds
[2023-08-15T19:10:30.119-0300] {processor.py:157} INFO - Started process (PID=29518) to work on /home/alan/repos/pipeline_airflow/pipeline-airflow-venv/lib/python3.11/site-packages/airflow/example_dags/example_external_task_marker_dag.py
[2023-08-15T19:10:30.129-0300] {processor.py:826} INFO - Processing file /home/alan/repos/pipeline_airflow/pipeline-airflow-venv/lib/python3.11/site-packages/airflow/example_dags/example_external_task_marker_dag.py for tasks to queue
[2023-08-15T19:10:30.131-0300] {logging_mixin.py:150} INFO - [2023-08-15T19:10:30.130-0300] {dagbag.py:541} INFO - Filling up the DagBag from /home/alan/repos/pipeline_airflow/pipeline-airflow-venv/lib/python3.11/site-packages/airflow/example_dags/example_external_task_marker_dag.py
[2023-08-15T19:10:30.141-0300] {processor.py:836} INFO - DAG(s) dict_keys(['example_external_task_marker_parent', 'example_external_task_marker_child']) retrieved from /home/alan/repos/pipeline_airflow/pipeline-airflow-venv/lib/python3.11/site-packages/airflow/example_dags/example_external_task_marker_dag.py
[2023-08-15T19:10:30.180-0300] {logging_mixin.py:150} INFO - [2023-08-15T19:10:30.180-0300] {dag.py:2742} INFO - Sync 2 DAGs
[2023-08-15T19:10:30.219-0300] {logging_mixin.py:150} INFO - [2023-08-15T19:10:30.218-0300] {dag.py:3504} INFO - Setting next_dagrun for example_external_task_marker_child to None, run_after=None
[2023-08-15T19:10:30.224-0300] {logging_mixin.py:150} INFO - [2023-08-15T19:10:30.224-0300] {dag.py:3504} INFO - Setting next_dagrun for example_external_task_marker_parent to None, run_after=None
[2023-08-15T19:10:30.352-0300] {processor.py:179} INFO - Processing /home/alan/repos/pipeline_airflow/pipeline-airflow-venv/lib/python3.11/site-packages/airflow/example_dags/example_external_task_marker_dag.py took 0.239 seconds
[2023-08-15T19:11:30.903-0300] {processor.py:157} INFO - Started process (PID=29746) to work on /home/alan/repos/pipeline_airflow/pipeline-airflow-venv/lib/python3.11/site-packages/airflow/example_dags/example_external_task_marker_dag.py
[2023-08-15T19:11:30.915-0300] {processor.py:826} INFO - Processing file /home/alan/repos/pipeline_airflow/pipeline-airflow-venv/lib/python3.11/site-packages/airflow/example_dags/example_external_task_marker_dag.py for tasks to queue
[2023-08-15T19:11:30.917-0300] {logging_mixin.py:150} INFO - [2023-08-15T19:11:30.916-0300] {dagbag.py:541} INFO - Filling up the DagBag from /home/alan/repos/pipeline_airflow/pipeline-airflow-venv/lib/python3.11/site-packages/airflow/example_dags/example_external_task_marker_dag.py
[2023-08-15T19:11:30.928-0300] {processor.py:836} INFO - DAG(s) dict_keys(['example_external_task_marker_parent', 'example_external_task_marker_child']) retrieved from /home/alan/repos/pipeline_airflow/pipeline-airflow-venv/lib/python3.11/site-packages/airflow/example_dags/example_external_task_marker_dag.py
[2023-08-15T19:11:31.005-0300] {logging_mixin.py:150} INFO - [2023-08-15T19:11:31.005-0300] {dag.py:2742} INFO - Sync 2 DAGs
[2023-08-15T19:11:31.042-0300] {logging_mixin.py:150} INFO - [2023-08-15T19:11:31.042-0300] {dag.py:3504} INFO - Setting next_dagrun for example_external_task_marker_child to None, run_after=None
[2023-08-15T19:11:31.048-0300] {logging_mixin.py:150} INFO - [2023-08-15T19:11:31.047-0300] {dag.py:3504} INFO - Setting next_dagrun for example_external_task_marker_parent to None, run_after=None
[2023-08-15T19:11:31.178-0300] {processor.py:179} INFO - Processing /home/alan/repos/pipeline_airflow/pipeline-airflow-venv/lib/python3.11/site-packages/airflow/example_dags/example_external_task_marker_dag.py took 0.279 seconds
[2023-08-15T19:12:36.788-0300] {processor.py:157} INFO - Started process (PID=29948) to work on /home/alan/repos/pipeline_airflow/pipeline-airflow-venv/lib/python3.11/site-packages/airflow/example_dags/example_external_task_marker_dag.py
[2023-08-15T19:12:36.798-0300] {processor.py:826} INFO - Processing file /home/alan/repos/pipeline_airflow/pipeline-airflow-venv/lib/python3.11/site-packages/airflow/example_dags/example_external_task_marker_dag.py for tasks to queue
[2023-08-15T19:12:36.800-0300] {logging_mixin.py:150} INFO - [2023-08-15T19:12:36.799-0300] {dagbag.py:541} INFO - Filling up the DagBag from /home/alan/repos/pipeline_airflow/pipeline-airflow-venv/lib/python3.11/site-packages/airflow/example_dags/example_external_task_marker_dag.py
[2023-08-15T19:12:36.812-0300] {processor.py:836} INFO - DAG(s) dict_keys(['example_external_task_marker_parent', 'example_external_task_marker_child']) retrieved from /home/alan/repos/pipeline_airflow/pipeline-airflow-venv/lib/python3.11/site-packages/airflow/example_dags/example_external_task_marker_dag.py
[2023-08-15T19:12:36.852-0300] {logging_mixin.py:150} INFO - [2023-08-15T19:12:36.852-0300] {dag.py:2742} INFO - Sync 2 DAGs
[2023-08-15T19:12:36.887-0300] {logging_mixin.py:150} INFO - [2023-08-15T19:12:36.887-0300] {dag.py:3504} INFO - Setting next_dagrun for example_external_task_marker_child to None, run_after=None
[2023-08-15T19:12:36.892-0300] {logging_mixin.py:150} INFO - [2023-08-15T19:12:36.892-0300] {dag.py:3504} INFO - Setting next_dagrun for example_external_task_marker_parent to None, run_after=None
[2023-08-15T19:12:36.995-0300] {processor.py:179} INFO - Processing /home/alan/repos/pipeline_airflow/pipeline-airflow-venv/lib/python3.11/site-packages/airflow/example_dags/example_external_task_marker_dag.py took 0.214 seconds
[2023-08-15T19:13:36.283-0300] {processor.py:157} INFO - Started process (PID=30108) to work on /home/alan/repos/pipeline_airflow/pipeline-airflow-venv/lib/python3.11/site-packages/airflow/example_dags/example_external_task_marker_dag.py
[2023-08-15T19:13:36.299-0300] {processor.py:826} INFO - Processing file /home/alan/repos/pipeline_airflow/pipeline-airflow-venv/lib/python3.11/site-packages/airflow/example_dags/example_external_task_marker_dag.py for tasks to queue
[2023-08-15T19:13:36.300-0300] {logging_mixin.py:150} INFO - [2023-08-15T19:13:36.299-0300] {dagbag.py:541} INFO - Filling up the DagBag from /home/alan/repos/pipeline_airflow/pipeline-airflow-venv/lib/python3.11/site-packages/airflow/example_dags/example_external_task_marker_dag.py
[2023-08-15T19:13:36.336-0300] {processor.py:836} INFO - DAG(s) dict_keys(['example_external_task_marker_parent', 'example_external_task_marker_child']) retrieved from /home/alan/repos/pipeline_airflow/pipeline-airflow-venv/lib/python3.11/site-packages/airflow/example_dags/example_external_task_marker_dag.py
[2023-08-15T19:13:36.393-0300] {logging_mixin.py:150} INFO - [2023-08-15T19:13:36.393-0300] {dag.py:2742} INFO - Sync 2 DAGs
[2023-08-15T19:13:36.493-0300] {logging_mixin.py:150} INFO - [2023-08-15T19:13:36.492-0300] {dag.py:3504} INFO - Setting next_dagrun for example_external_task_marker_child to None, run_after=None
[2023-08-15T19:13:36.501-0300] {logging_mixin.py:150} INFO - [2023-08-15T19:13:36.500-0300] {dag.py:3504} INFO - Setting next_dagrun for example_external_task_marker_parent to None, run_after=None
[2023-08-15T19:13:36.803-0300] {processor.py:179} INFO - Processing /home/alan/repos/pipeline_airflow/pipeline-airflow-venv/lib/python3.11/site-packages/airflow/example_dags/example_external_task_marker_dag.py took 0.525 seconds
[2023-08-15T19:14:37.207-0300] {processor.py:157} INFO - Started process (PID=30264) to work on /home/alan/repos/pipeline_airflow/pipeline-airflow-venv/lib/python3.11/site-packages/airflow/example_dags/example_external_task_marker_dag.py
[2023-08-15T19:14:37.216-0300] {processor.py:826} INFO - Processing file /home/alan/repos/pipeline_airflow/pipeline-airflow-venv/lib/python3.11/site-packages/airflow/example_dags/example_external_task_marker_dag.py for tasks to queue
[2023-08-15T19:14:37.218-0300] {logging_mixin.py:150} INFO - [2023-08-15T19:14:37.217-0300] {dagbag.py:541} INFO - Filling up the DagBag from /home/alan/repos/pipeline_airflow/pipeline-airflow-venv/lib/python3.11/site-packages/airflow/example_dags/example_external_task_marker_dag.py
[2023-08-15T19:14:37.229-0300] {processor.py:836} INFO - DAG(s) dict_keys(['example_external_task_marker_parent', 'example_external_task_marker_child']) retrieved from /home/alan/repos/pipeline_airflow/pipeline-airflow-venv/lib/python3.11/site-packages/airflow/example_dags/example_external_task_marker_dag.py
[2023-08-15T19:14:37.274-0300] {logging_mixin.py:150} INFO - [2023-08-15T19:14:37.273-0300] {dag.py:2742} INFO - Sync 2 DAGs
[2023-08-15T19:14:37.313-0300] {logging_mixin.py:150} INFO - [2023-08-15T19:14:37.312-0300] {dag.py:3504} INFO - Setting next_dagrun for example_external_task_marker_child to None, run_after=None
[2023-08-15T19:14:37.319-0300] {logging_mixin.py:150} INFO - [2023-08-15T19:14:37.318-0300] {dag.py:3504} INFO - Setting next_dagrun for example_external_task_marker_parent to None, run_after=None
[2023-08-15T19:14:37.424-0300] {processor.py:179} INFO - Processing /home/alan/repos/pipeline_airflow/pipeline-airflow-venv/lib/python3.11/site-packages/airflow/example_dags/example_external_task_marker_dag.py took 0.222 seconds
[2023-08-15T19:15:33.799-0300] {processor.py:157} INFO - Started process (PID=30409) to work on /home/alan/repos/pipeline_airflow/pipeline-airflow-venv/lib/python3.11/site-packages/airflow/example_dags/example_external_task_marker_dag.py
[2023-08-15T19:15:33.800-0300] {processor.py:826} INFO - Processing file /home/alan/repos/pipeline_airflow/pipeline-airflow-venv/lib/python3.11/site-packages/airflow/example_dags/example_external_task_marker_dag.py for tasks to queue
[2023-08-15T19:15:33.801-0300] {logging_mixin.py:150} INFO - [2023-08-15T19:15:33.801-0300] {dagbag.py:541} INFO - Filling up the DagBag from /home/alan/repos/pipeline_airflow/pipeline-airflow-venv/lib/python3.11/site-packages/airflow/example_dags/example_external_task_marker_dag.py
[2023-08-15T19:15:33.815-0300] {processor.py:836} INFO - DAG(s) dict_keys(['example_external_task_marker_parent', 'example_external_task_marker_child']) retrieved from /home/alan/repos/pipeline_airflow/pipeline-airflow-venv/lib/python3.11/site-packages/airflow/example_dags/example_external_task_marker_dag.py
[2023-08-15T19:15:33.856-0300] {logging_mixin.py:150} INFO - [2023-08-15T19:15:33.855-0300] {dag.py:2742} INFO - Sync 2 DAGs
[2023-08-15T19:15:33.897-0300] {logging_mixin.py:150} INFO - [2023-08-15T19:15:33.896-0300] {dag.py:3504} INFO - Setting next_dagrun for example_external_task_marker_child to None, run_after=None
[2023-08-15T19:15:33.902-0300] {logging_mixin.py:150} INFO - [2023-08-15T19:15:33.902-0300] {dag.py:3504} INFO - Setting next_dagrun for example_external_task_marker_parent to None, run_after=None
[2023-08-15T19:15:34.003-0300] {processor.py:179} INFO - Processing /home/alan/repos/pipeline_airflow/pipeline-airflow-venv/lib/python3.11/site-packages/airflow/example_dags/example_external_task_marker_dag.py took 0.212 seconds
[2023-08-15T19:16:32.572-0300] {processor.py:157} INFO - Started process (PID=30566) to work on /home/alan/repos/pipeline_airflow/pipeline-airflow-venv/lib/python3.11/site-packages/airflow/example_dags/example_external_task_marker_dag.py
[2023-08-15T19:16:32.580-0300] {processor.py:826} INFO - Processing file /home/alan/repos/pipeline_airflow/pipeline-airflow-venv/lib/python3.11/site-packages/airflow/example_dags/example_external_task_marker_dag.py for tasks to queue
[2023-08-15T19:16:32.582-0300] {logging_mixin.py:150} INFO - [2023-08-15T19:16:32.581-0300] {dagbag.py:541} INFO - Filling up the DagBag from /home/alan/repos/pipeline_airflow/pipeline-airflow-venv/lib/python3.11/site-packages/airflow/example_dags/example_external_task_marker_dag.py
[2023-08-15T19:16:32.594-0300] {processor.py:836} INFO - DAG(s) dict_keys(['example_external_task_marker_parent', 'example_external_task_marker_child']) retrieved from /home/alan/repos/pipeline_airflow/pipeline-airflow-venv/lib/python3.11/site-packages/airflow/example_dags/example_external_task_marker_dag.py
[2023-08-15T19:16:32.632-0300] {logging_mixin.py:150} INFO - [2023-08-15T19:16:32.631-0300] {dag.py:2742} INFO - Sync 2 DAGs
[2023-08-15T19:16:32.684-0300] {logging_mixin.py:150} INFO - [2023-08-15T19:16:32.684-0300] {dag.py:3504} INFO - Setting next_dagrun for example_external_task_marker_child to None, run_after=None
[2023-08-15T19:16:32.691-0300] {logging_mixin.py:150} INFO - [2023-08-15T19:16:32.690-0300] {dag.py:3504} INFO - Setting next_dagrun for example_external_task_marker_parent to None, run_after=None
[2023-08-15T19:16:32.816-0300] {processor.py:179} INFO - Processing /home/alan/repos/pipeline_airflow/pipeline-airflow-venv/lib/python3.11/site-packages/airflow/example_dags/example_external_task_marker_dag.py took 0.249 seconds
[2023-08-15T19:17:34.165-0300] {processor.py:157} INFO - Started process (PID=30728) to work on /home/alan/repos/pipeline_airflow/pipeline-airflow-venv/lib/python3.11/site-packages/airflow/example_dags/example_external_task_marker_dag.py
[2023-08-15T19:17:34.167-0300] {processor.py:826} INFO - Processing file /home/alan/repos/pipeline_airflow/pipeline-airflow-venv/lib/python3.11/site-packages/airflow/example_dags/example_external_task_marker_dag.py for tasks to queue
[2023-08-15T19:17:34.169-0300] {logging_mixin.py:150} INFO - [2023-08-15T19:17:34.168-0300] {dagbag.py:541} INFO - Filling up the DagBag from /home/alan/repos/pipeline_airflow/pipeline-airflow-venv/lib/python3.11/site-packages/airflow/example_dags/example_external_task_marker_dag.py
[2023-08-15T19:17:34.181-0300] {processor.py:836} INFO - DAG(s) dict_keys(['example_external_task_marker_child', 'example_external_task_marker_parent']) retrieved from /home/alan/repos/pipeline_airflow/pipeline-airflow-venv/lib/python3.11/site-packages/airflow/example_dags/example_external_task_marker_dag.py
[2023-08-15T19:17:34.218-0300] {logging_mixin.py:150} INFO - [2023-08-15T19:17:34.218-0300] {dag.py:2742} INFO - Sync 2 DAGs
[2023-08-15T19:17:34.254-0300] {logging_mixin.py:150} INFO - [2023-08-15T19:17:34.254-0300] {dag.py:3504} INFO - Setting next_dagrun for example_external_task_marker_child to None, run_after=None
[2023-08-15T19:17:34.259-0300] {logging_mixin.py:150} INFO - [2023-08-15T19:17:34.259-0300] {dag.py:3504} INFO - Setting next_dagrun for example_external_task_marker_parent to None, run_after=None
[2023-08-15T19:17:34.379-0300] {processor.py:179} INFO - Processing /home/alan/repos/pipeline_airflow/pipeline-airflow-venv/lib/python3.11/site-packages/airflow/example_dags/example_external_task_marker_dag.py took 0.221 seconds
[2023-08-15T19:18:32.940-0300] {processor.py:157} INFO - Started process (PID=30880) to work on /home/alan/repos/pipeline_airflow/pipeline-airflow-venv/lib/python3.11/site-packages/airflow/example_dags/example_external_task_marker_dag.py
[2023-08-15T19:18:32.942-0300] {processor.py:826} INFO - Processing file /home/alan/repos/pipeline_airflow/pipeline-airflow-venv/lib/python3.11/site-packages/airflow/example_dags/example_external_task_marker_dag.py for tasks to queue
[2023-08-15T19:18:32.944-0300] {logging_mixin.py:150} INFO - [2023-08-15T19:18:32.943-0300] {dagbag.py:541} INFO - Filling up the DagBag from /home/alan/repos/pipeline_airflow/pipeline-airflow-venv/lib/python3.11/site-packages/airflow/example_dags/example_external_task_marker_dag.py
[2023-08-15T19:18:32.955-0300] {processor.py:836} INFO - DAG(s) dict_keys(['example_external_task_marker_child', 'example_external_task_marker_parent']) retrieved from /home/alan/repos/pipeline_airflow/pipeline-airflow-venv/lib/python3.11/site-packages/airflow/example_dags/example_external_task_marker_dag.py
[2023-08-15T19:18:32.993-0300] {logging_mixin.py:150} INFO - [2023-08-15T19:18:32.993-0300] {dag.py:2742} INFO - Sync 2 DAGs
[2023-08-15T19:18:33.029-0300] {logging_mixin.py:150} INFO - [2023-08-15T19:18:33.029-0300] {dag.py:3504} INFO - Setting next_dagrun for example_external_task_marker_child to None, run_after=None
[2023-08-15T19:18:33.035-0300] {logging_mixin.py:150} INFO - [2023-08-15T19:18:33.035-0300] {dag.py:3504} INFO - Setting next_dagrun for example_external_task_marker_parent to None, run_after=None
[2023-08-15T19:18:33.150-0300] {processor.py:179} INFO - Processing /home/alan/repos/pipeline_airflow/pipeline-airflow-venv/lib/python3.11/site-packages/airflow/example_dags/example_external_task_marker_dag.py took 0.215 seconds
[2023-08-15T19:19:29.049-0300] {processor.py:157} INFO - Started process (PID=31021) to work on /home/alan/repos/pipeline_airflow/pipeline-airflow-venv/lib/python3.11/site-packages/airflow/example_dags/example_external_task_marker_dag.py
[2023-08-15T19:19:29.053-0300] {processor.py:826} INFO - Processing file /home/alan/repos/pipeline_airflow/pipeline-airflow-venv/lib/python3.11/site-packages/airflow/example_dags/example_external_task_marker_dag.py for tasks to queue
[2023-08-15T19:19:29.054-0300] {logging_mixin.py:150} INFO - [2023-08-15T19:19:29.054-0300] {dagbag.py:541} INFO - Filling up the DagBag from /home/alan/repos/pipeline_airflow/pipeline-airflow-venv/lib/python3.11/site-packages/airflow/example_dags/example_external_task_marker_dag.py
[2023-08-15T19:19:29.073-0300] {processor.py:836} INFO - DAG(s) dict_keys(['example_external_task_marker_child', 'example_external_task_marker_parent']) retrieved from /home/alan/repos/pipeline_airflow/pipeline-airflow-venv/lib/python3.11/site-packages/airflow/example_dags/example_external_task_marker_dag.py
[2023-08-15T19:19:29.133-0300] {logging_mixin.py:150} INFO - [2023-08-15T19:19:29.133-0300] {dag.py:2742} INFO - Sync 2 DAGs
[2023-08-15T19:19:29.173-0300] {logging_mixin.py:150} INFO - [2023-08-15T19:19:29.173-0300] {dag.py:3504} INFO - Setting next_dagrun for example_external_task_marker_child to None, run_after=None
[2023-08-15T19:19:29.184-0300] {logging_mixin.py:150} INFO - [2023-08-15T19:19:29.184-0300] {dag.py:3504} INFO - Setting next_dagrun for example_external_task_marker_parent to None, run_after=None
[2023-08-15T19:19:29.307-0300] {processor.py:179} INFO - Processing /home/alan/repos/pipeline_airflow/pipeline-airflow-venv/lib/python3.11/site-packages/airflow/example_dags/example_external_task_marker_dag.py took 0.272 seconds
[2023-08-15T19:20:31.464-0300] {processor.py:157} INFO - Started process (PID=31244) to work on /home/alan/repos/pipeline_airflow/pipeline-airflow-venv/lib/python3.11/site-packages/airflow/example_dags/example_external_task_marker_dag.py
[2023-08-15T19:20:31.467-0300] {processor.py:826} INFO - Processing file /home/alan/repos/pipeline_airflow/pipeline-airflow-venv/lib/python3.11/site-packages/airflow/example_dags/example_external_task_marker_dag.py for tasks to queue
[2023-08-15T19:20:31.469-0300] {logging_mixin.py:150} INFO - [2023-08-15T19:20:31.468-0300] {dagbag.py:541} INFO - Filling up the DagBag from /home/alan/repos/pipeline_airflow/pipeline-airflow-venv/lib/python3.11/site-packages/airflow/example_dags/example_external_task_marker_dag.py
[2023-08-15T19:20:31.481-0300] {processor.py:836} INFO - DAG(s) dict_keys(['example_external_task_marker_child', 'example_external_task_marker_parent']) retrieved from /home/alan/repos/pipeline_airflow/pipeline-airflow-venv/lib/python3.11/site-packages/airflow/example_dags/example_external_task_marker_dag.py
[2023-08-15T19:20:31.528-0300] {logging_mixin.py:150} INFO - [2023-08-15T19:20:31.527-0300] {dag.py:2742} INFO - Sync 2 DAGs
[2023-08-15T19:20:31.567-0300] {logging_mixin.py:150} INFO - [2023-08-15T19:20:31.567-0300] {dag.py:3504} INFO - Setting next_dagrun for example_external_task_marker_child to None, run_after=None
[2023-08-15T19:20:31.572-0300] {logging_mixin.py:150} INFO - [2023-08-15T19:20:31.572-0300] {dag.py:3504} INFO - Setting next_dagrun for example_external_task_marker_parent to None, run_after=None
[2023-08-15T19:20:31.691-0300] {processor.py:179} INFO - Processing /home/alan/repos/pipeline_airflow/pipeline-airflow-venv/lib/python3.11/site-packages/airflow/example_dags/example_external_task_marker_dag.py took 0.234 seconds
[2023-08-15T19:21:45.052-0300] {processor.py:157} INFO - Started process (PID=31582) to work on /home/alan/repos/pipeline_airflow/pipeline-airflow-venv/lib/python3.11/site-packages/airflow/example_dags/example_external_task_marker_dag.py
[2023-08-15T19:21:45.053-0300] {processor.py:826} INFO - Processing file /home/alan/repos/pipeline_airflow/pipeline-airflow-venv/lib/python3.11/site-packages/airflow/example_dags/example_external_task_marker_dag.py for tasks to queue
[2023-08-15T19:21:45.055-0300] {logging_mixin.py:150} INFO - [2023-08-15T19:21:45.054-0300] {dagbag.py:541} INFO - Filling up the DagBag from /home/alan/repos/pipeline_airflow/pipeline-airflow-venv/lib/python3.11/site-packages/airflow/example_dags/example_external_task_marker_dag.py
[2023-08-15T19:21:45.066-0300] {processor.py:836} INFO - DAG(s) dict_keys(['example_external_task_marker_parent', 'example_external_task_marker_child']) retrieved from /home/alan/repos/pipeline_airflow/pipeline-airflow-venv/lib/python3.11/site-packages/airflow/example_dags/example_external_task_marker_dag.py
[2023-08-15T19:21:45.106-0300] {logging_mixin.py:150} INFO - [2023-08-15T19:21:45.105-0300] {dag.py:2742} INFO - Sync 2 DAGs
[2023-08-15T19:21:45.144-0300] {logging_mixin.py:150} INFO - [2023-08-15T19:21:45.143-0300] {dag.py:3504} INFO - Setting next_dagrun for example_external_task_marker_child to None, run_after=None
[2023-08-15T19:21:45.150-0300] {logging_mixin.py:150} INFO - [2023-08-15T19:21:45.149-0300] {dag.py:3504} INFO - Setting next_dagrun for example_external_task_marker_parent to None, run_after=None
[2023-08-15T19:21:45.265-0300] {processor.py:179} INFO - Processing /home/alan/repos/pipeline_airflow/pipeline-airflow-venv/lib/python3.11/site-packages/airflow/example_dags/example_external_task_marker_dag.py took 0.219 seconds
