[2023-08-15T18:19:42.597-0300] {processor.py:157} INFO - Started process (PID=18286) to work on /home/alan/repos/pipeline_airflow/pipeline-airflow-venv/lib/python3.11/site-packages/airflow/example_dags/example_sla_dag.py
[2023-08-15T18:19:42.598-0300] {processor.py:826} INFO - Processing file /home/alan/repos/pipeline_airflow/pipeline-airflow-venv/lib/python3.11/site-packages/airflow/example_dags/example_sla_dag.py for tasks to queue
[2023-08-15T18:19:42.600-0300] {logging_mixin.py:150} INFO - [2023-08-15T18:19:42.599-0300] {dagbag.py:541} INFO - Filling up the DagBag from /home/alan/repos/pipeline_airflow/pipeline-airflow-venv/lib/python3.11/site-packages/airflow/example_dags/example_sla_dag.py
[2023-08-15T18:19:42.616-0300] {processor.py:836} INFO - DAG(s) dict_keys(['example_sla_dag']) retrieved from /home/alan/repos/pipeline_airflow/pipeline-airflow-venv/lib/python3.11/site-packages/airflow/example_dags/example_sla_dag.py
[2023-08-15T18:19:43.003-0300] {logging_mixin.py:150} INFO - [2023-08-15T18:19:43.002-0300] {manager.py:504} INFO - Created Permission View: can delete on DAG:example_sla_dag
[2023-08-15T18:19:43.103-0300] {logging_mixin.py:150} INFO - [2023-08-15T18:19:43.102-0300] {manager.py:504} INFO - Created Permission View: can edit on DAG:example_sla_dag
[2023-08-15T18:19:43.192-0300] {logging_mixin.py:150} INFO - [2023-08-15T18:19:43.191-0300] {manager.py:504} INFO - Created Permission View: can read on DAG:example_sla_dag
[2023-08-15T18:19:43.233-0300] {logging_mixin.py:150} INFO - [2023-08-15T18:19:43.232-0300] {dag.py:2742} INFO - Sync 1 DAGs
[2023-08-15T18:19:43.259-0300] {logging_mixin.py:150} INFO - [2023-08-15T18:19:43.259-0300] {dag.py:2763} INFO - Creating ORM DAG for example_sla_dag
[2023-08-15T18:19:43.281-0300] {logging_mixin.py:150} INFO - [2023-08-15T18:19:43.281-0300] {dag.py:3504} INFO - Setting next_dagrun for example_sla_dag to 2023-08-15T21:16:00+00:00, run_after=2023-08-15T21:18:00+00:00
[2023-08-15T18:19:43.425-0300] {processor.py:179} INFO - Processing /home/alan/repos/pipeline_airflow/pipeline-airflow-venv/lib/python3.11/site-packages/airflow/example_dags/example_sla_dag.py took 0.835 seconds
[2023-08-15T18:21:04.424-0300] {processor.py:157} INFO - Started process (PID=18829) to work on /home/alan/repos/pipeline_airflow/pipeline-airflow-venv/lib/python3.11/site-packages/airflow/example_dags/example_sla_dag.py
[2023-08-15T18:21:04.426-0300] {processor.py:826} INFO - Processing file /home/alan/repos/pipeline_airflow/pipeline-airflow-venv/lib/python3.11/site-packages/airflow/example_dags/example_sla_dag.py for tasks to queue
[2023-08-15T18:21:04.428-0300] {logging_mixin.py:150} INFO - [2023-08-15T18:21:04.427-0300] {dagbag.py:541} INFO - Filling up the DagBag from /home/alan/repos/pipeline_airflow/pipeline-airflow-venv/lib/python3.11/site-packages/airflow/example_dags/example_sla_dag.py
[2023-08-15T18:21:04.448-0300] {processor.py:836} INFO - DAG(s) dict_keys(['example_sla_dag']) retrieved from /home/alan/repos/pipeline_airflow/pipeline-airflow-venv/lib/python3.11/site-packages/airflow/example_dags/example_sla_dag.py
[2023-08-15T18:21:04.478-0300] {logging_mixin.py:150} INFO - [2023-08-15T18:21:04.478-0300] {dag.py:2742} INFO - Sync 1 DAGs
[2023-08-15T18:21:04.519-0300] {logging_mixin.py:150} INFO - [2023-08-15T18:21:04.519-0300] {dag.py:3504} INFO - Setting next_dagrun for example_sla_dag to 2023-08-15T21:18:00+00:00, run_after=2023-08-15T21:20:00+00:00
[2023-08-15T18:21:04.645-0300] {processor.py:179} INFO - Processing /home/alan/repos/pipeline_airflow/pipeline-airflow-venv/lib/python3.11/site-packages/airflow/example_dags/example_sla_dag.py took 0.227 seconds
[2023-08-15T18:21:59.929-0300] {processor.py:157} INFO - Started process (PID=19033) to work on /home/alan/repos/pipeline_airflow/pipeline-airflow-venv/lib/python3.11/site-packages/airflow/example_dags/example_sla_dag.py
[2023-08-15T18:21:59.931-0300] {processor.py:826} INFO - Processing file /home/alan/repos/pipeline_airflow/pipeline-airflow-venv/lib/python3.11/site-packages/airflow/example_dags/example_sla_dag.py for tasks to queue
[2023-08-15T18:21:59.933-0300] {logging_mixin.py:150} INFO - [2023-08-15T18:21:59.932-0300] {dagbag.py:541} INFO - Filling up the DagBag from /home/alan/repos/pipeline_airflow/pipeline-airflow-venv/lib/python3.11/site-packages/airflow/example_dags/example_sla_dag.py
[2023-08-15T18:21:59.961-0300] {processor.py:836} INFO - DAG(s) dict_keys(['example_sla_dag']) retrieved from /home/alan/repos/pipeline_airflow/pipeline-airflow-venv/lib/python3.11/site-packages/airflow/example_dags/example_sla_dag.py
[2023-08-15T18:21:59.995-0300] {logging_mixin.py:150} INFO - [2023-08-15T18:21:59.995-0300] {dag.py:2742} INFO - Sync 1 DAGs
[2023-08-15T18:22:00.059-0300] {logging_mixin.py:150} INFO - [2023-08-15T18:22:00.058-0300] {dag.py:3504} INFO - Setting next_dagrun for example_sla_dag to 2023-08-15T21:20:00+00:00, run_after=2023-08-15T21:22:00+00:00
[2023-08-15T18:22:00.167-0300] {processor.py:179} INFO - Processing /home/alan/repos/pipeline_airflow/pipeline-airflow-venv/lib/python3.11/site-packages/airflow/example_dags/example_sla_dag.py took 0.244 seconds
[2023-08-15T18:22:52.551-0300] {processor.py:157} INFO - Started process (PID=19216) to work on /home/alan/repos/pipeline_airflow/pipeline-airflow-venv/lib/python3.11/site-packages/airflow/example_dags/example_sla_dag.py
[2023-08-15T18:22:52.560-0300] {processor.py:826} INFO - Processing file /home/alan/repos/pipeline_airflow/pipeline-airflow-venv/lib/python3.11/site-packages/airflow/example_dags/example_sla_dag.py for tasks to queue
[2023-08-15T18:22:52.562-0300] {logging_mixin.py:150} INFO - [2023-08-15T18:22:52.561-0300] {dagbag.py:541} INFO - Filling up the DagBag from /home/alan/repos/pipeline_airflow/pipeline-airflow-venv/lib/python3.11/site-packages/airflow/example_dags/example_sla_dag.py
[2023-08-15T18:22:52.581-0300] {processor.py:836} INFO - DAG(s) dict_keys(['example_sla_dag']) retrieved from /home/alan/repos/pipeline_airflow/pipeline-airflow-venv/lib/python3.11/site-packages/airflow/example_dags/example_sla_dag.py
[2023-08-15T18:22:52.615-0300] {logging_mixin.py:150} INFO - [2023-08-15T18:22:52.615-0300] {dag.py:2742} INFO - Sync 1 DAGs
[2023-08-15T18:22:52.662-0300] {logging_mixin.py:150} INFO - [2023-08-15T18:22:52.662-0300] {dag.py:3504} INFO - Setting next_dagrun for example_sla_dag to 2023-08-15T21:20:00+00:00, run_after=2023-08-15T21:22:00+00:00
[2023-08-15T18:22:52.774-0300] {processor.py:179} INFO - Processing /home/alan/repos/pipeline_airflow/pipeline-airflow-venv/lib/python3.11/site-packages/airflow/example_dags/example_sla_dag.py took 0.228 seconds
[2023-08-15T18:23:52.257-0300] {processor.py:157} INFO - Started process (PID=19448) to work on /home/alan/repos/pipeline_airflow/pipeline-airflow-venv/lib/python3.11/site-packages/airflow/example_dags/example_sla_dag.py
[2023-08-15T18:23:52.270-0300] {processor.py:826} INFO - Processing file /home/alan/repos/pipeline_airflow/pipeline-airflow-venv/lib/python3.11/site-packages/airflow/example_dags/example_sla_dag.py for tasks to queue
[2023-08-15T18:23:52.271-0300] {logging_mixin.py:150} INFO - [2023-08-15T18:23:52.271-0300] {dagbag.py:541} INFO - Filling up the DagBag from /home/alan/repos/pipeline_airflow/pipeline-airflow-venv/lib/python3.11/site-packages/airflow/example_dags/example_sla_dag.py
[2023-08-15T18:23:52.290-0300] {processor.py:836} INFO - DAG(s) dict_keys(['example_sla_dag']) retrieved from /home/alan/repos/pipeline_airflow/pipeline-airflow-venv/lib/python3.11/site-packages/airflow/example_dags/example_sla_dag.py
[2023-08-15T18:23:52.348-0300] {logging_mixin.py:150} INFO - [2023-08-15T18:23:52.348-0300] {dag.py:2742} INFO - Sync 1 DAGs
[2023-08-15T18:23:52.572-0300] {logging_mixin.py:150} INFO - [2023-08-15T18:23:52.572-0300] {dag.py:3504} INFO - Setting next_dagrun for example_sla_dag to 2023-08-15T21:20:00+00:00, run_after=2023-08-15T21:22:00+00:00
[2023-08-15T18:23:52.718-0300] {processor.py:179} INFO - Processing /home/alan/repos/pipeline_airflow/pipeline-airflow-venv/lib/python3.11/site-packages/airflow/example_dags/example_sla_dag.py took 0.472 seconds
[2023-08-15T18:25:29.037-0300] {processor.py:157} INFO - Started process (PID=20026) to work on /home/alan/repos/pipeline_airflow/pipeline-airflow-venv/lib/python3.11/site-packages/airflow/example_dags/example_sla_dag.py
[2023-08-15T18:25:29.077-0300] {processor.py:826} INFO - Processing file /home/alan/repos/pipeline_airflow/pipeline-airflow-venv/lib/python3.11/site-packages/airflow/example_dags/example_sla_dag.py for tasks to queue
[2023-08-15T18:25:29.078-0300] {logging_mixin.py:150} INFO - [2023-08-15T18:25:29.078-0300] {dagbag.py:541} INFO - Filling up the DagBag from /home/alan/repos/pipeline_airflow/pipeline-airflow-venv/lib/python3.11/site-packages/airflow/example_dags/example_sla_dag.py
[2023-08-15T18:25:29.170-0300] {processor.py:836} INFO - DAG(s) dict_keys(['example_sla_dag']) retrieved from /home/alan/repos/pipeline_airflow/pipeline-airflow-venv/lib/python3.11/site-packages/airflow/example_dags/example_sla_dag.py
[2023-08-15T18:25:29.199-0300] {logging_mixin.py:150} INFO - [2023-08-15T18:25:29.198-0300] {dag.py:2742} INFO - Sync 1 DAGs
[2023-08-15T18:25:29.262-0300] {logging_mixin.py:150} INFO - [2023-08-15T18:25:29.261-0300] {dag.py:3504} INFO - Setting next_dagrun for example_sla_dag to 2023-08-15T21:22:00+00:00, run_after=2023-08-15T21:24:00+00:00
[2023-08-15T18:25:30.004-0300] {processor.py:179} INFO - Processing /home/alan/repos/pipeline_airflow/pipeline-airflow-venv/lib/python3.11/site-packages/airflow/example_dags/example_sla_dag.py took 0.973 seconds
[2023-08-15T18:26:36.899-0300] {processor.py:157} INFO - Started process (PID=20756) to work on /home/alan/repos/pipeline_airflow/pipeline-airflow-venv/lib/python3.11/site-packages/airflow/example_dags/example_sla_dag.py
[2023-08-15T18:26:36.904-0300] {processor.py:826} INFO - Processing file /home/alan/repos/pipeline_airflow/pipeline-airflow-venv/lib/python3.11/site-packages/airflow/example_dags/example_sla_dag.py for tasks to queue
[2023-08-15T18:26:36.908-0300] {logging_mixin.py:150} INFO - [2023-08-15T18:26:36.908-0300] {dagbag.py:541} INFO - Filling up the DagBag from /home/alan/repos/pipeline_airflow/pipeline-airflow-venv/lib/python3.11/site-packages/airflow/example_dags/example_sla_dag.py
[2023-08-15T18:26:36.924-0300] {processor.py:836} INFO - DAG(s) dict_keys(['example_sla_dag']) retrieved from /home/alan/repos/pipeline_airflow/pipeline-airflow-venv/lib/python3.11/site-packages/airflow/example_dags/example_sla_dag.py
[2023-08-15T18:26:36.952-0300] {logging_mixin.py:150} INFO - [2023-08-15T18:26:36.952-0300] {dag.py:2742} INFO - Sync 1 DAGs
[2023-08-15T18:26:36.998-0300] {logging_mixin.py:150} INFO - [2023-08-15T18:26:36.998-0300] {dag.py:3504} INFO - Setting next_dagrun for example_sla_dag to 2023-08-15T21:24:00+00:00, run_after=2023-08-15T21:26:00+00:00
[2023-08-15T18:26:37.106-0300] {processor.py:179} INFO - Processing /home/alan/repos/pipeline_airflow/pipeline-airflow-venv/lib/python3.11/site-packages/airflow/example_dags/example_sla_dag.py took 0.213 seconds
[2023-08-15T18:27:39.950-0300] {processor.py:157} INFO - Started process (PID=20985) to work on /home/alan/repos/pipeline_airflow/pipeline-airflow-venv/lib/python3.11/site-packages/airflow/example_dags/example_sla_dag.py
[2023-08-15T18:27:39.958-0300] {processor.py:826} INFO - Processing file /home/alan/repos/pipeline_airflow/pipeline-airflow-venv/lib/python3.11/site-packages/airflow/example_dags/example_sla_dag.py for tasks to queue
[2023-08-15T18:27:39.960-0300] {logging_mixin.py:150} INFO - [2023-08-15T18:27:39.959-0300] {dagbag.py:541} INFO - Filling up the DagBag from /home/alan/repos/pipeline_airflow/pipeline-airflow-venv/lib/python3.11/site-packages/airflow/example_dags/example_sla_dag.py
[2023-08-15T18:27:39.978-0300] {processor.py:836} INFO - DAG(s) dict_keys(['example_sla_dag']) retrieved from /home/alan/repos/pipeline_airflow/pipeline-airflow-venv/lib/python3.11/site-packages/airflow/example_dags/example_sla_dag.py
[2023-08-15T18:27:40.007-0300] {logging_mixin.py:150} INFO - [2023-08-15T18:27:40.007-0300] {dag.py:2742} INFO - Sync 1 DAGs
[2023-08-15T18:27:40.050-0300] {logging_mixin.py:150} INFO - [2023-08-15T18:27:40.049-0300] {dag.py:3504} INFO - Setting next_dagrun for example_sla_dag to 2023-08-15T21:24:00+00:00, run_after=2023-08-15T21:26:00+00:00
[2023-08-15T18:27:40.170-0300] {processor.py:179} INFO - Processing /home/alan/repos/pipeline_airflow/pipeline-airflow-venv/lib/python3.11/site-packages/airflow/example_dags/example_sla_dag.py took 0.225 seconds
[2023-08-15T18:28:39.238-0300] {processor.py:157} INFO - Started process (PID=21221) to work on /home/alan/repos/pipeline_airflow/pipeline-airflow-venv/lib/python3.11/site-packages/airflow/example_dags/example_sla_dag.py
[2023-08-15T18:28:39.239-0300] {processor.py:826} INFO - Processing file /home/alan/repos/pipeline_airflow/pipeline-airflow-venv/lib/python3.11/site-packages/airflow/example_dags/example_sla_dag.py for tasks to queue
[2023-08-15T18:28:39.241-0300] {logging_mixin.py:150} INFO - [2023-08-15T18:28:39.241-0300] {dagbag.py:541} INFO - Filling up the DagBag from /home/alan/repos/pipeline_airflow/pipeline-airflow-venv/lib/python3.11/site-packages/airflow/example_dags/example_sla_dag.py
[2023-08-15T18:28:39.257-0300] {processor.py:836} INFO - DAG(s) dict_keys(['example_sla_dag']) retrieved from /home/alan/repos/pipeline_airflow/pipeline-airflow-venv/lib/python3.11/site-packages/airflow/example_dags/example_sla_dag.py
[2023-08-15T18:28:39.284-0300] {logging_mixin.py:150} INFO - [2023-08-15T18:28:39.284-0300] {dag.py:2742} INFO - Sync 1 DAGs
[2023-08-15T18:28:39.327-0300] {logging_mixin.py:150} INFO - [2023-08-15T18:28:39.326-0300] {dag.py:3504} INFO - Setting next_dagrun for example_sla_dag to 2023-08-15T21:26:00+00:00, run_after=2023-08-15T21:28:00+00:00
[2023-08-15T18:28:39.440-0300] {processor.py:179} INFO - Processing /home/alan/repos/pipeline_airflow/pipeline-airflow-venv/lib/python3.11/site-packages/airflow/example_dags/example_sla_dag.py took 0.208 seconds
[2023-08-15T18:29:41.238-0300] {processor.py:157} INFO - Started process (PID=21450) to work on /home/alan/repos/pipeline_airflow/pipeline-airflow-venv/lib/python3.11/site-packages/airflow/example_dags/example_sla_dag.py
[2023-08-15T18:29:41.242-0300] {processor.py:826} INFO - Processing file /home/alan/repos/pipeline_airflow/pipeline-airflow-venv/lib/python3.11/site-packages/airflow/example_dags/example_sla_dag.py for tasks to queue
[2023-08-15T18:29:41.244-0300] {logging_mixin.py:150} INFO - [2023-08-15T18:29:41.243-0300] {dagbag.py:541} INFO - Filling up the DagBag from /home/alan/repos/pipeline_airflow/pipeline-airflow-venv/lib/python3.11/site-packages/airflow/example_dags/example_sla_dag.py
[2023-08-15T18:29:41.260-0300] {processor.py:836} INFO - DAG(s) dict_keys(['example_sla_dag']) retrieved from /home/alan/repos/pipeline_airflow/pipeline-airflow-venv/lib/python3.11/site-packages/airflow/example_dags/example_sla_dag.py
[2023-08-15T18:29:41.289-0300] {logging_mixin.py:150} INFO - [2023-08-15T18:29:41.289-0300] {dag.py:2742} INFO - Sync 1 DAGs
[2023-08-15T18:29:41.334-0300] {logging_mixin.py:150} INFO - [2023-08-15T18:29:41.334-0300] {dag.py:3504} INFO - Setting next_dagrun for example_sla_dag to 2023-08-15T21:26:00+00:00, run_after=2023-08-15T21:28:00+00:00
[2023-08-15T18:29:41.480-0300] {processor.py:179} INFO - Processing /home/alan/repos/pipeline_airflow/pipeline-airflow-venv/lib/python3.11/site-packages/airflow/example_dags/example_sla_dag.py took 0.248 seconds
[2023-08-15T18:30:38.221-0300] {processor.py:157} INFO - Started process (PID=21677) to work on /home/alan/repos/pipeline_airflow/pipeline-airflow-venv/lib/python3.11/site-packages/airflow/example_dags/example_sla_dag.py
[2023-08-15T18:30:38.237-0300] {processor.py:826} INFO - Processing file /home/alan/repos/pipeline_airflow/pipeline-airflow-venv/lib/python3.11/site-packages/airflow/example_dags/example_sla_dag.py for tasks to queue
[2023-08-15T18:30:38.241-0300] {logging_mixin.py:150} INFO - [2023-08-15T18:30:38.241-0300] {dagbag.py:541} INFO - Filling up the DagBag from /home/alan/repos/pipeline_airflow/pipeline-airflow-venv/lib/python3.11/site-packages/airflow/example_dags/example_sla_dag.py
[2023-08-15T18:30:38.261-0300] {processor.py:836} INFO - DAG(s) dict_keys(['example_sla_dag']) retrieved from /home/alan/repos/pipeline_airflow/pipeline-airflow-venv/lib/python3.11/site-packages/airflow/example_dags/example_sla_dag.py
[2023-08-15T18:30:38.293-0300] {logging_mixin.py:150} INFO - [2023-08-15T18:30:38.293-0300] {dag.py:2742} INFO - Sync 1 DAGs
[2023-08-15T18:30:38.338-0300] {logging_mixin.py:150} INFO - [2023-08-15T18:30:38.338-0300] {dag.py:3504} INFO - Setting next_dagrun for example_sla_dag to 2023-08-15T21:28:00+00:00, run_after=2023-08-15T21:30:00+00:00
[2023-08-15T18:30:38.467-0300] {processor.py:179} INFO - Processing /home/alan/repos/pipeline_airflow/pipeline-airflow-venv/lib/python3.11/site-packages/airflow/example_dags/example_sla_dag.py took 0.252 seconds
[2023-08-15T18:31:33.931-0300] {processor.py:157} INFO - Started process (PID=21867) to work on /home/alan/repos/pipeline_airflow/pipeline-airflow-venv/lib/python3.11/site-packages/airflow/example_dags/example_sla_dag.py
[2023-08-15T18:31:33.933-0300] {processor.py:826} INFO - Processing file /home/alan/repos/pipeline_airflow/pipeline-airflow-venv/lib/python3.11/site-packages/airflow/example_dags/example_sla_dag.py for tasks to queue
[2023-08-15T18:31:33.935-0300] {logging_mixin.py:150} INFO - [2023-08-15T18:31:33.934-0300] {dagbag.py:541} INFO - Filling up the DagBag from /home/alan/repos/pipeline_airflow/pipeline-airflow-venv/lib/python3.11/site-packages/airflow/example_dags/example_sla_dag.py
[2023-08-15T18:31:33.953-0300] {processor.py:836} INFO - DAG(s) dict_keys(['example_sla_dag']) retrieved from /home/alan/repos/pipeline_airflow/pipeline-airflow-venv/lib/python3.11/site-packages/airflow/example_dags/example_sla_dag.py
[2023-08-15T18:31:33.984-0300] {logging_mixin.py:150} INFO - [2023-08-15T18:31:33.983-0300] {dag.py:2742} INFO - Sync 1 DAGs
[2023-08-15T18:31:34.029-0300] {logging_mixin.py:150} INFO - [2023-08-15T18:31:34.029-0300] {dag.py:3504} INFO - Setting next_dagrun for example_sla_dag to 2023-08-15T21:28:00+00:00, run_after=2023-08-15T21:30:00+00:00
[2023-08-15T18:31:34.222-0300] {processor.py:179} INFO - Processing /home/alan/repos/pipeline_airflow/pipeline-airflow-venv/lib/python3.11/site-packages/airflow/example_dags/example_sla_dag.py took 0.296 seconds
[2023-08-15T18:32:30.197-0300] {processor.py:157} INFO - Started process (PID=22087) to work on /home/alan/repos/pipeline_airflow/pipeline-airflow-venv/lib/python3.11/site-packages/airflow/example_dags/example_sla_dag.py
[2023-08-15T18:32:30.202-0300] {processor.py:826} INFO - Processing file /home/alan/repos/pipeline_airflow/pipeline-airflow-venv/lib/python3.11/site-packages/airflow/example_dags/example_sla_dag.py for tasks to queue
[2023-08-15T18:32:30.205-0300] {logging_mixin.py:150} INFO - [2023-08-15T18:32:30.205-0300] {dagbag.py:541} INFO - Filling up the DagBag from /home/alan/repos/pipeline_airflow/pipeline-airflow-venv/lib/python3.11/site-packages/airflow/example_dags/example_sla_dag.py
[2023-08-15T18:32:30.244-0300] {processor.py:836} INFO - DAG(s) dict_keys(['example_sla_dag']) retrieved from /home/alan/repos/pipeline_airflow/pipeline-airflow-venv/lib/python3.11/site-packages/airflow/example_dags/example_sla_dag.py
[2023-08-15T18:32:30.300-0300] {logging_mixin.py:150} INFO - [2023-08-15T18:32:30.299-0300] {dag.py:2742} INFO - Sync 1 DAGs
[2023-08-15T18:32:30.457-0300] {logging_mixin.py:150} INFO - [2023-08-15T18:32:30.456-0300] {dag.py:3504} INFO - Setting next_dagrun for example_sla_dag to 2023-08-15T21:30:00+00:00, run_after=2023-08-15T21:32:00+00:00
[2023-08-15T18:32:30.602-0300] {processor.py:179} INFO - Processing /home/alan/repos/pipeline_airflow/pipeline-airflow-venv/lib/python3.11/site-packages/airflow/example_dags/example_sla_dag.py took 0.418 seconds
[2023-08-15T18:33:26.684-0300] {processor.py:157} INFO - Started process (PID=22303) to work on /home/alan/repos/pipeline_airflow/pipeline-airflow-venv/lib/python3.11/site-packages/airflow/example_dags/example_sla_dag.py
[2023-08-15T18:33:26.686-0300] {processor.py:826} INFO - Processing file /home/alan/repos/pipeline_airflow/pipeline-airflow-venv/lib/python3.11/site-packages/airflow/example_dags/example_sla_dag.py for tasks to queue
[2023-08-15T18:33:26.688-0300] {logging_mixin.py:150} INFO - [2023-08-15T18:33:26.687-0300] {dagbag.py:541} INFO - Filling up the DagBag from /home/alan/repos/pipeline_airflow/pipeline-airflow-venv/lib/python3.11/site-packages/airflow/example_dags/example_sla_dag.py
[2023-08-15T18:33:26.705-0300] {processor.py:836} INFO - DAG(s) dict_keys(['example_sla_dag']) retrieved from /home/alan/repos/pipeline_airflow/pipeline-airflow-venv/lib/python3.11/site-packages/airflow/example_dags/example_sla_dag.py
[2023-08-15T18:33:26.734-0300] {logging_mixin.py:150} INFO - [2023-08-15T18:33:26.734-0300] {dag.py:2742} INFO - Sync 1 DAGs
[2023-08-15T18:33:26.775-0300] {logging_mixin.py:150} INFO - [2023-08-15T18:33:26.775-0300] {dag.py:3504} INFO - Setting next_dagrun for example_sla_dag to 2023-08-15T21:30:00+00:00, run_after=2023-08-15T21:32:00+00:00
[2023-08-15T18:33:26.897-0300] {processor.py:179} INFO - Processing /home/alan/repos/pipeline_airflow/pipeline-airflow-venv/lib/python3.11/site-packages/airflow/example_dags/example_sla_dag.py took 0.218 seconds
[2023-08-15T18:34:24.092-0300] {processor.py:157} INFO - Started process (PID=22505) to work on /home/alan/repos/pipeline_airflow/pipeline-airflow-venv/lib/python3.11/site-packages/airflow/example_dags/example_sla_dag.py
[2023-08-15T18:34:24.093-0300] {processor.py:826} INFO - Processing file /home/alan/repos/pipeline_airflow/pipeline-airflow-venv/lib/python3.11/site-packages/airflow/example_dags/example_sla_dag.py for tasks to queue
[2023-08-15T18:34:24.095-0300] {logging_mixin.py:150} INFO - [2023-08-15T18:34:24.094-0300] {dagbag.py:541} INFO - Filling up the DagBag from /home/alan/repos/pipeline_airflow/pipeline-airflow-venv/lib/python3.11/site-packages/airflow/example_dags/example_sla_dag.py
[2023-08-15T18:34:24.117-0300] {processor.py:836} INFO - DAG(s) dict_keys(['example_sla_dag']) retrieved from /home/alan/repos/pipeline_airflow/pipeline-airflow-venv/lib/python3.11/site-packages/airflow/example_dags/example_sla_dag.py
[2023-08-15T18:34:24.173-0300] {logging_mixin.py:150} INFO - [2023-08-15T18:34:24.172-0300] {dag.py:2742} INFO - Sync 1 DAGs
[2023-08-15T18:34:24.222-0300] {logging_mixin.py:150} INFO - [2023-08-15T18:34:24.222-0300] {dag.py:3504} INFO - Setting next_dagrun for example_sla_dag to 2023-08-15T21:32:00+00:00, run_after=2023-08-15T21:34:00+00:00
[2023-08-15T18:34:24.352-0300] {processor.py:179} INFO - Processing /home/alan/repos/pipeline_airflow/pipeline-airflow-venv/lib/python3.11/site-packages/airflow/example_dags/example_sla_dag.py took 0.266 seconds
[2023-08-15T18:35:16.936-0300] {processor.py:157} INFO - Started process (PID=22694) to work on /home/alan/repos/pipeline_airflow/pipeline-airflow-venv/lib/python3.11/site-packages/airflow/example_dags/example_sla_dag.py
[2023-08-15T18:35:16.966-0300] {processor.py:826} INFO - Processing file /home/alan/repos/pipeline_airflow/pipeline-airflow-venv/lib/python3.11/site-packages/airflow/example_dags/example_sla_dag.py for tasks to queue
[2023-08-15T18:35:16.967-0300] {logging_mixin.py:150} INFO - [2023-08-15T18:35:16.966-0300] {dagbag.py:541} INFO - Filling up the DagBag from /home/alan/repos/pipeline_airflow/pipeline-airflow-venv/lib/python3.11/site-packages/airflow/example_dags/example_sla_dag.py
[2023-08-15T18:35:16.984-0300] {processor.py:836} INFO - DAG(s) dict_keys(['example_sla_dag']) retrieved from /home/alan/repos/pipeline_airflow/pipeline-airflow-venv/lib/python3.11/site-packages/airflow/example_dags/example_sla_dag.py
[2023-08-15T18:35:17.016-0300] {logging_mixin.py:150} INFO - [2023-08-15T18:35:17.016-0300] {dag.py:2742} INFO - Sync 1 DAGs
[2023-08-15T18:35:17.059-0300] {logging_mixin.py:150} INFO - [2023-08-15T18:35:17.059-0300] {dag.py:3504} INFO - Setting next_dagrun for example_sla_dag to 2023-08-15T21:32:00+00:00, run_after=2023-08-15T21:34:00+00:00
[2023-08-15T18:35:17.186-0300] {processor.py:179} INFO - Processing /home/alan/repos/pipeline_airflow/pipeline-airflow-venv/lib/python3.11/site-packages/airflow/example_dags/example_sla_dag.py took 0.256 seconds
[2023-08-15T18:36:13.722-0300] {processor.py:157} INFO - Started process (PID=22896) to work on /home/alan/repos/pipeline_airflow/pipeline-airflow-venv/lib/python3.11/site-packages/airflow/example_dags/example_sla_dag.py
[2023-08-15T18:36:13.733-0300] {processor.py:826} INFO - Processing file /home/alan/repos/pipeline_airflow/pipeline-airflow-venv/lib/python3.11/site-packages/airflow/example_dags/example_sla_dag.py for tasks to queue
[2023-08-15T18:36:13.735-0300] {logging_mixin.py:150} INFO - [2023-08-15T18:36:13.734-0300] {dagbag.py:541} INFO - Filling up the DagBag from /home/alan/repos/pipeline_airflow/pipeline-airflow-venv/lib/python3.11/site-packages/airflow/example_dags/example_sla_dag.py
[2023-08-15T18:36:13.752-0300] {processor.py:836} INFO - DAG(s) dict_keys(['example_sla_dag']) retrieved from /home/alan/repos/pipeline_airflow/pipeline-airflow-venv/lib/python3.11/site-packages/airflow/example_dags/example_sla_dag.py
[2023-08-15T18:36:13.784-0300] {logging_mixin.py:150} INFO - [2023-08-15T18:36:13.784-0300] {dag.py:2742} INFO - Sync 1 DAGs
[2023-08-15T18:36:13.838-0300] {logging_mixin.py:150} INFO - [2023-08-15T18:36:13.838-0300] {dag.py:3504} INFO - Setting next_dagrun for example_sla_dag to 2023-08-15T21:34:00+00:00, run_after=2023-08-15T21:36:00+00:00
[2023-08-15T18:36:13.953-0300] {processor.py:179} INFO - Processing /home/alan/repos/pipeline_airflow/pipeline-airflow-venv/lib/python3.11/site-packages/airflow/example_dags/example_sla_dag.py took 0.237 seconds
[2023-08-15T18:37:12.950-0300] {processor.py:157} INFO - Started process (PID=23120) to work on /home/alan/repos/pipeline_airflow/pipeline-airflow-venv/lib/python3.11/site-packages/airflow/example_dags/example_sla_dag.py
[2023-08-15T18:37:13.002-0300] {processor.py:826} INFO - Processing file /home/alan/repos/pipeline_airflow/pipeline-airflow-venv/lib/python3.11/site-packages/airflow/example_dags/example_sla_dag.py for tasks to queue
[2023-08-15T18:37:13.004-0300] {logging_mixin.py:150} INFO - [2023-08-15T18:37:13.003-0300] {dagbag.py:541} INFO - Filling up the DagBag from /home/alan/repos/pipeline_airflow/pipeline-airflow-venv/lib/python3.11/site-packages/airflow/example_dags/example_sla_dag.py
[2023-08-15T18:37:13.026-0300] {processor.py:836} INFO - DAG(s) dict_keys(['example_sla_dag']) retrieved from /home/alan/repos/pipeline_airflow/pipeline-airflow-venv/lib/python3.11/site-packages/airflow/example_dags/example_sla_dag.py
[2023-08-15T18:37:13.065-0300] {logging_mixin.py:150} INFO - [2023-08-15T18:37:13.064-0300] {dag.py:2742} INFO - Sync 1 DAGs
[2023-08-15T18:37:13.109-0300] {logging_mixin.py:150} INFO - [2023-08-15T18:37:13.108-0300] {dag.py:3504} INFO - Setting next_dagrun for example_sla_dag to 2023-08-15T21:34:00+00:00, run_after=2023-08-15T21:36:00+00:00
[2023-08-15T18:37:13.535-0300] {processor.py:179} INFO - Processing /home/alan/repos/pipeline_airflow/pipeline-airflow-venv/lib/python3.11/site-packages/airflow/example_dags/example_sla_dag.py took 0.590 seconds
[2023-08-15T18:44:23.505-0300] {processor.py:157} INFO - Started process (PID=23737) to work on /home/alan/repos/pipeline_airflow/pipeline-airflow-venv/lib/python3.11/site-packages/airflow/example_dags/example_sla_dag.py
[2023-08-15T18:44:23.545-0300] {processor.py:826} INFO - Processing file /home/alan/repos/pipeline_airflow/pipeline-airflow-venv/lib/python3.11/site-packages/airflow/example_dags/example_sla_dag.py for tasks to queue
[2023-08-15T18:44:23.547-0300] {logging_mixin.py:150} INFO - [2023-08-15T18:44:23.547-0300] {dagbag.py:541} INFO - Filling up the DagBag from /home/alan/repos/pipeline_airflow/pipeline-airflow-venv/lib/python3.11/site-packages/airflow/example_dags/example_sla_dag.py
[2023-08-15T18:44:23.569-0300] {processor.py:836} INFO - DAG(s) dict_keys(['example_sla_dag']) retrieved from /home/alan/repos/pipeline_airflow/pipeline-airflow-venv/lib/python3.11/site-packages/airflow/example_dags/example_sla_dag.py
[2023-08-15T18:44:24.246-0300] {logging_mixin.py:150} INFO - [2023-08-15T18:44:24.245-0300] {dag.py:2742} INFO - Sync 1 DAGs
[2023-08-15T18:44:25.041-0300] {logging_mixin.py:150} INFO - [2023-08-15T18:44:25.041-0300] {dag.py:3504} INFO - Setting next_dagrun for example_sla_dag to 2023-08-15T21:42:00+00:00, run_after=2023-08-15T21:44:00+00:00
[2023-08-15T18:44:26.425-0300] {processor.py:179} INFO - Processing /home/alan/repos/pipeline_airflow/pipeline-airflow-venv/lib/python3.11/site-packages/airflow/example_dags/example_sla_dag.py took 2.936 seconds
[2023-08-15T18:45:44.210-0300] {processor.py:157} INFO - Started process (PID=24143) to work on /home/alan/repos/pipeline_airflow/pipeline-airflow-venv/lib/python3.11/site-packages/airflow/example_dags/example_sla_dag.py
[2023-08-15T18:45:44.212-0300] {processor.py:826} INFO - Processing file /home/alan/repos/pipeline_airflow/pipeline-airflow-venv/lib/python3.11/site-packages/airflow/example_dags/example_sla_dag.py for tasks to queue
[2023-08-15T18:45:44.214-0300] {logging_mixin.py:150} INFO - [2023-08-15T18:45:44.213-0300] {dagbag.py:541} INFO - Filling up the DagBag from /home/alan/repos/pipeline_airflow/pipeline-airflow-venv/lib/python3.11/site-packages/airflow/example_dags/example_sla_dag.py
[2023-08-15T18:45:44.229-0300] {processor.py:836} INFO - DAG(s) dict_keys(['example_sla_dag']) retrieved from /home/alan/repos/pipeline_airflow/pipeline-airflow-venv/lib/python3.11/site-packages/airflow/example_dags/example_sla_dag.py
[2023-08-15T18:45:44.258-0300] {logging_mixin.py:150} INFO - [2023-08-15T18:45:44.257-0300] {dag.py:2742} INFO - Sync 1 DAGs
[2023-08-15T18:45:44.302-0300] {logging_mixin.py:150} INFO - [2023-08-15T18:45:44.301-0300] {dag.py:3504} INFO - Setting next_dagrun for example_sla_dag to 2023-08-15T21:42:00+00:00, run_after=2023-08-15T21:44:00+00:00
[2023-08-15T18:45:44.420-0300] {processor.py:179} INFO - Processing /home/alan/repos/pipeline_airflow/pipeline-airflow-venv/lib/python3.11/site-packages/airflow/example_dags/example_sla_dag.py took 0.216 seconds
[2023-08-15T18:46:51.908-0300] {processor.py:157} INFO - Started process (PID=24378) to work on /home/alan/repos/pipeline_airflow/pipeline-airflow-venv/lib/python3.11/site-packages/airflow/example_dags/example_sla_dag.py
[2023-08-15T18:46:51.916-0300] {processor.py:826} INFO - Processing file /home/alan/repos/pipeline_airflow/pipeline-airflow-venv/lib/python3.11/site-packages/airflow/example_dags/example_sla_dag.py for tasks to queue
[2023-08-15T18:46:51.918-0300] {logging_mixin.py:150} INFO - [2023-08-15T18:46:51.917-0300] {dagbag.py:541} INFO - Filling up the DagBag from /home/alan/repos/pipeline_airflow/pipeline-airflow-venv/lib/python3.11/site-packages/airflow/example_dags/example_sla_dag.py
[2023-08-15T18:46:51.942-0300] {processor.py:836} INFO - DAG(s) dict_keys(['example_sla_dag']) retrieved from /home/alan/repos/pipeline_airflow/pipeline-airflow-venv/lib/python3.11/site-packages/airflow/example_dags/example_sla_dag.py
[2023-08-15T18:46:51.991-0300] {logging_mixin.py:150} INFO - [2023-08-15T18:46:51.991-0300] {dag.py:2742} INFO - Sync 1 DAGs
[2023-08-15T18:46:52.043-0300] {logging_mixin.py:150} INFO - [2023-08-15T18:46:52.043-0300] {dag.py:3504} INFO - Setting next_dagrun for example_sla_dag to 2023-08-15T21:44:00+00:00, run_after=2023-08-15T21:46:00+00:00
[2023-08-15T18:46:52.329-0300] {processor.py:179} INFO - Processing /home/alan/repos/pipeline_airflow/pipeline-airflow-venv/lib/python3.11/site-packages/airflow/example_dags/example_sla_dag.py took 0.434 seconds
[2023-08-15T18:47:54.625-0300] {processor.py:157} INFO - Started process (PID=24604) to work on /home/alan/repos/pipeline_airflow/pipeline-airflow-venv/lib/python3.11/site-packages/airflow/example_dags/example_sla_dag.py
[2023-08-15T18:47:54.639-0300] {processor.py:826} INFO - Processing file /home/alan/repos/pipeline_airflow/pipeline-airflow-venv/lib/python3.11/site-packages/airflow/example_dags/example_sla_dag.py for tasks to queue
[2023-08-15T18:47:54.640-0300] {logging_mixin.py:150} INFO - [2023-08-15T18:47:54.640-0300] {dagbag.py:541} INFO - Filling up the DagBag from /home/alan/repos/pipeline_airflow/pipeline-airflow-venv/lib/python3.11/site-packages/airflow/example_dags/example_sla_dag.py
[2023-08-15T18:47:54.656-0300] {processor.py:836} INFO - DAG(s) dict_keys(['example_sla_dag']) retrieved from /home/alan/repos/pipeline_airflow/pipeline-airflow-venv/lib/python3.11/site-packages/airflow/example_dags/example_sla_dag.py
[2023-08-15T18:47:54.691-0300] {logging_mixin.py:150} INFO - [2023-08-15T18:47:54.691-0300] {dag.py:2742} INFO - Sync 1 DAGs
[2023-08-15T18:47:54.752-0300] {logging_mixin.py:150} INFO - [2023-08-15T18:47:54.752-0300] {dag.py:3504} INFO - Setting next_dagrun for example_sla_dag to 2023-08-15T21:44:00+00:00, run_after=2023-08-15T21:46:00+00:00
[2023-08-15T18:47:54.895-0300] {processor.py:179} INFO - Processing /home/alan/repos/pipeline_airflow/pipeline-airflow-venv/lib/python3.11/site-packages/airflow/example_dags/example_sla_dag.py took 0.280 seconds
[2023-08-15T18:49:03.284-0300] {processor.py:157} INFO - Started process (PID=24827) to work on /home/alan/repos/pipeline_airflow/pipeline-airflow-venv/lib/python3.11/site-packages/airflow/example_dags/example_sla_dag.py
[2023-08-15T18:49:03.291-0300] {processor.py:826} INFO - Processing file /home/alan/repos/pipeline_airflow/pipeline-airflow-venv/lib/python3.11/site-packages/airflow/example_dags/example_sla_dag.py for tasks to queue
[2023-08-15T18:49:03.293-0300] {logging_mixin.py:150} INFO - [2023-08-15T18:49:03.292-0300] {dagbag.py:541} INFO - Filling up the DagBag from /home/alan/repos/pipeline_airflow/pipeline-airflow-venv/lib/python3.11/site-packages/airflow/example_dags/example_sla_dag.py
[2023-08-15T18:49:03.310-0300] {processor.py:836} INFO - DAG(s) dict_keys(['example_sla_dag']) retrieved from /home/alan/repos/pipeline_airflow/pipeline-airflow-venv/lib/python3.11/site-packages/airflow/example_dags/example_sla_dag.py
[2023-08-15T18:49:03.343-0300] {logging_mixin.py:150} INFO - [2023-08-15T18:49:03.342-0300] {dag.py:2742} INFO - Sync 1 DAGs
[2023-08-15T18:49:03.567-0300] {logging_mixin.py:150} INFO - [2023-08-15T18:49:03.566-0300] {dag.py:3504} INFO - Setting next_dagrun for example_sla_dag to 2023-08-15T21:46:00+00:00, run_after=2023-08-15T21:48:00+00:00
[2023-08-15T18:49:03.680-0300] {processor.py:179} INFO - Processing /home/alan/repos/pipeline_airflow/pipeline-airflow-venv/lib/python3.11/site-packages/airflow/example_dags/example_sla_dag.py took 0.407 seconds
[2023-08-15T18:50:06.375-0300] {processor.py:157} INFO - Started process (PID=25048) to work on /home/alan/repos/pipeline_airflow/pipeline-airflow-venv/lib/python3.11/site-packages/airflow/example_dags/example_sla_dag.py
[2023-08-15T18:50:06.390-0300] {processor.py:826} INFO - Processing file /home/alan/repos/pipeline_airflow/pipeline-airflow-venv/lib/python3.11/site-packages/airflow/example_dags/example_sla_dag.py for tasks to queue
[2023-08-15T18:50:06.391-0300] {logging_mixin.py:150} INFO - [2023-08-15T18:50:06.390-0300] {dagbag.py:541} INFO - Filling up the DagBag from /home/alan/repos/pipeline_airflow/pipeline-airflow-venv/lib/python3.11/site-packages/airflow/example_dags/example_sla_dag.py
[2023-08-15T18:50:06.407-0300] {processor.py:836} INFO - DAG(s) dict_keys(['example_sla_dag']) retrieved from /home/alan/repos/pipeline_airflow/pipeline-airflow-venv/lib/python3.11/site-packages/airflow/example_dags/example_sla_dag.py
[2023-08-15T18:50:06.438-0300] {logging_mixin.py:150} INFO - [2023-08-15T18:50:06.437-0300] {dag.py:2742} INFO - Sync 1 DAGs
[2023-08-15T18:50:06.484-0300] {logging_mixin.py:150} INFO - [2023-08-15T18:50:06.484-0300] {dag.py:3504} INFO - Setting next_dagrun for example_sla_dag to 2023-08-15T21:48:00+00:00, run_after=2023-08-15T21:50:00+00:00
[2023-08-15T18:50:06.646-0300] {processor.py:179} INFO - Processing /home/alan/repos/pipeline_airflow/pipeline-airflow-venv/lib/python3.11/site-packages/airflow/example_dags/example_sla_dag.py took 0.277 seconds
[2023-08-15T18:51:11.383-0300] {processor.py:157} INFO - Started process (PID=25333) to work on /home/alan/repos/pipeline_airflow/pipeline-airflow-venv/lib/python3.11/site-packages/airflow/example_dags/example_sla_dag.py
[2023-08-15T18:51:11.385-0300] {processor.py:826} INFO - Processing file /home/alan/repos/pipeline_airflow/pipeline-airflow-venv/lib/python3.11/site-packages/airflow/example_dags/example_sla_dag.py for tasks to queue
[2023-08-15T18:51:11.386-0300] {logging_mixin.py:150} INFO - [2023-08-15T18:51:11.386-0300] {dagbag.py:541} INFO - Filling up the DagBag from /home/alan/repos/pipeline_airflow/pipeline-airflow-venv/lib/python3.11/site-packages/airflow/example_dags/example_sla_dag.py
[2023-08-15T18:51:11.401-0300] {processor.py:836} INFO - DAG(s) dict_keys(['example_sla_dag']) retrieved from /home/alan/repos/pipeline_airflow/pipeline-airflow-venv/lib/python3.11/site-packages/airflow/example_dags/example_sla_dag.py
[2023-08-15T18:51:11.429-0300] {logging_mixin.py:150} INFO - [2023-08-15T18:51:11.429-0300] {dag.py:2742} INFO - Sync 1 DAGs
[2023-08-15T18:51:11.472-0300] {logging_mixin.py:150} INFO - [2023-08-15T18:51:11.471-0300] {dag.py:3504} INFO - Setting next_dagrun for example_sla_dag to 2023-08-15T21:48:00+00:00, run_after=2023-08-15T21:50:00+00:00
[2023-08-15T18:51:11.587-0300] {processor.py:179} INFO - Processing /home/alan/repos/pipeline_airflow/pipeline-airflow-venv/lib/python3.11/site-packages/airflow/example_dags/example_sla_dag.py took 0.211 seconds
[2023-08-15T18:52:22.456-0300] {processor.py:157} INFO - Started process (PID=25679) to work on /home/alan/repos/pipeline_airflow/pipeline-airflow-venv/lib/python3.11/site-packages/airflow/example_dags/example_sla_dag.py
[2023-08-15T18:52:22.458-0300] {processor.py:826} INFO - Processing file /home/alan/repos/pipeline_airflow/pipeline-airflow-venv/lib/python3.11/site-packages/airflow/example_dags/example_sla_dag.py for tasks to queue
[2023-08-15T18:52:22.460-0300] {logging_mixin.py:150} INFO - [2023-08-15T18:52:22.459-0300] {dagbag.py:541} INFO - Filling up the DagBag from /home/alan/repos/pipeline_airflow/pipeline-airflow-venv/lib/python3.11/site-packages/airflow/example_dags/example_sla_dag.py
[2023-08-15T18:52:22.478-0300] {processor.py:836} INFO - DAG(s) dict_keys(['example_sla_dag']) retrieved from /home/alan/repos/pipeline_airflow/pipeline-airflow-venv/lib/python3.11/site-packages/airflow/example_dags/example_sla_dag.py
[2023-08-15T18:52:22.509-0300] {logging_mixin.py:150} INFO - [2023-08-15T18:52:22.508-0300] {dag.py:2742} INFO - Sync 1 DAGs
[2023-08-15T18:52:22.552-0300] {logging_mixin.py:150} INFO - [2023-08-15T18:52:22.552-0300] {dag.py:3504} INFO - Setting next_dagrun for example_sla_dag to 2023-08-15T21:50:00+00:00, run_after=2023-08-15T21:52:00+00:00
[2023-08-15T18:52:22.671-0300] {processor.py:179} INFO - Processing /home/alan/repos/pipeline_airflow/pipeline-airflow-venv/lib/python3.11/site-packages/airflow/example_dags/example_sla_dag.py took 0.221 seconds
[2023-08-15T18:53:20.325-0300] {processor.py:157} INFO - Started process (PID=25922) to work on /home/alan/repos/pipeline_airflow/pipeline-airflow-venv/lib/python3.11/site-packages/airflow/example_dags/example_sla_dag.py
[2023-08-15T18:53:20.326-0300] {processor.py:826} INFO - Processing file /home/alan/repos/pipeline_airflow/pipeline-airflow-venv/lib/python3.11/site-packages/airflow/example_dags/example_sla_dag.py for tasks to queue
[2023-08-15T18:53:20.328-0300] {logging_mixin.py:150} INFO - [2023-08-15T18:53:20.327-0300] {dagbag.py:541} INFO - Filling up the DagBag from /home/alan/repos/pipeline_airflow/pipeline-airflow-venv/lib/python3.11/site-packages/airflow/example_dags/example_sla_dag.py
[2023-08-15T18:53:20.345-0300] {processor.py:836} INFO - DAG(s) dict_keys(['example_sla_dag']) retrieved from /home/alan/repos/pipeline_airflow/pipeline-airflow-venv/lib/python3.11/site-packages/airflow/example_dags/example_sla_dag.py
[2023-08-15T18:53:20.373-0300] {logging_mixin.py:150} INFO - [2023-08-15T18:53:20.373-0300] {dag.py:2742} INFO - Sync 1 DAGs
[2023-08-15T18:53:20.413-0300] {logging_mixin.py:150} INFO - [2023-08-15T18:53:20.413-0300] {dag.py:3504} INFO - Setting next_dagrun for example_sla_dag to 2023-08-15T21:50:00+00:00, run_after=2023-08-15T21:52:00+00:00
[2023-08-15T18:53:20.527-0300] {processor.py:179} INFO - Processing /home/alan/repos/pipeline_airflow/pipeline-airflow-venv/lib/python3.11/site-packages/airflow/example_dags/example_sla_dag.py took 0.209 seconds
[2023-08-15T18:54:15.674-0300] {processor.py:157} INFO - Started process (PID=26133) to work on /home/alan/repos/pipeline_airflow/pipeline-airflow-venv/lib/python3.11/site-packages/airflow/example_dags/example_sla_dag.py
[2023-08-15T18:54:15.676-0300] {processor.py:826} INFO - Processing file /home/alan/repos/pipeline_airflow/pipeline-airflow-venv/lib/python3.11/site-packages/airflow/example_dags/example_sla_dag.py for tasks to queue
[2023-08-15T18:54:15.677-0300] {logging_mixin.py:150} INFO - [2023-08-15T18:54:15.677-0300] {dagbag.py:541} INFO - Filling up the DagBag from /home/alan/repos/pipeline_airflow/pipeline-airflow-venv/lib/python3.11/site-packages/airflow/example_dags/example_sla_dag.py
[2023-08-15T18:54:15.694-0300] {processor.py:836} INFO - DAG(s) dict_keys(['example_sla_dag']) retrieved from /home/alan/repos/pipeline_airflow/pipeline-airflow-venv/lib/python3.11/site-packages/airflow/example_dags/example_sla_dag.py
[2023-08-15T18:54:15.725-0300] {logging_mixin.py:150} INFO - [2023-08-15T18:54:15.724-0300] {dag.py:2742} INFO - Sync 1 DAGs
[2023-08-15T18:54:15.767-0300] {logging_mixin.py:150} INFO - [2023-08-15T18:54:15.766-0300] {dag.py:3504} INFO - Setting next_dagrun for example_sla_dag to 2023-08-15T21:52:00+00:00, run_after=2023-08-15T21:54:00+00:00
[2023-08-15T18:54:15.872-0300] {processor.py:179} INFO - Processing /home/alan/repos/pipeline_airflow/pipeline-airflow-venv/lib/python3.11/site-packages/airflow/example_dags/example_sla_dag.py took 0.203 seconds
[2023-08-15T18:56:27.398-0300] {processor.py:157} INFO - Started process (PID=26842) to work on /home/alan/repos/pipeline_airflow/pipeline-airflow-venv/lib/python3.11/site-packages/airflow/example_dags/example_sla_dag.py
[2023-08-15T18:56:27.433-0300] {processor.py:826} INFO - Processing file /home/alan/repos/pipeline_airflow/pipeline-airflow-venv/lib/python3.11/site-packages/airflow/example_dags/example_sla_dag.py for tasks to queue
[2023-08-15T18:56:27.435-0300] {logging_mixin.py:150} INFO - [2023-08-15T18:56:27.434-0300] {dagbag.py:541} INFO - Filling up the DagBag from /home/alan/repos/pipeline_airflow/pipeline-airflow-venv/lib/python3.11/site-packages/airflow/example_dags/example_sla_dag.py
[2023-08-15T18:56:27.872-0300] {processor.py:836} INFO - DAG(s) dict_keys(['example_sla_dag']) retrieved from /home/alan/repos/pipeline_airflow/pipeline-airflow-venv/lib/python3.11/site-packages/airflow/example_dags/example_sla_dag.py
[2023-08-15T18:56:28.719-0300] {logging_mixin.py:150} INFO - [2023-08-15T18:56:28.718-0300] {dag.py:2742} INFO - Sync 1 DAGs
[2023-08-15T18:56:28.788-0300] {logging_mixin.py:150} INFO - [2023-08-15T18:56:28.787-0300] {dag.py:3504} INFO - Setting next_dagrun for example_sla_dag to 2023-08-15T21:54:00+00:00, run_after=2023-08-15T21:56:00+00:00
[2023-08-15T18:56:31.191-0300] {processor.py:179} INFO - Processing /home/alan/repos/pipeline_airflow/pipeline-airflow-venv/lib/python3.11/site-packages/airflow/example_dags/example_sla_dag.py took 3.799 seconds
[2023-08-15T18:58:26.893-0300] {processor.py:157} INFO - Started process (PID=27089) to work on /home/alan/repos/pipeline_airflow/pipeline-airflow-venv/lib/python3.11/site-packages/airflow/example_dags/example_sla_dag.py
[2023-08-15T18:58:27.212-0300] {processor.py:826} INFO - Processing file /home/alan/repos/pipeline_airflow/pipeline-airflow-venv/lib/python3.11/site-packages/airflow/example_dags/example_sla_dag.py for tasks to queue
[2023-08-15T18:58:27.214-0300] {logging_mixin.py:150} INFO - [2023-08-15T18:58:27.213-0300] {dagbag.py:541} INFO - Filling up the DagBag from /home/alan/repos/pipeline_airflow/pipeline-airflow-venv/lib/python3.11/site-packages/airflow/example_dags/example_sla_dag.py
[2023-08-15T18:58:27.343-0300] {processor.py:836} INFO - DAG(s) dict_keys(['example_sla_dag']) retrieved from /home/alan/repos/pipeline_airflow/pipeline-airflow-venv/lib/python3.11/site-packages/airflow/example_dags/example_sla_dag.py
[2023-08-15T18:58:28.016-0300] {logging_mixin.py:150} INFO - [2023-08-15T18:58:28.016-0300] {dag.py:2742} INFO - Sync 1 DAGs
[2023-08-15T18:58:28.064-0300] {logging_mixin.py:150} INFO - [2023-08-15T18:58:28.063-0300] {dag.py:3504} INFO - Setting next_dagrun for example_sla_dag to 2023-08-15T21:56:00+00:00, run_after=2023-08-15T21:58:00+00:00
[2023-08-15T18:58:29.809-0300] {processor.py:179} INFO - Processing /home/alan/repos/pipeline_airflow/pipeline-airflow-venv/lib/python3.11/site-packages/airflow/example_dags/example_sla_dag.py took 2.921 seconds
[2023-08-15T19:01:39.261-0300] {processor.py:157} INFO - Started process (PID=27579) to work on /home/alan/repos/pipeline_airflow/pipeline-airflow-venv/lib/python3.11/site-packages/airflow/example_dags/example_sla_dag.py
[2023-08-15T19:01:39.312-0300] {processor.py:826} INFO - Processing file /home/alan/repos/pipeline_airflow/pipeline-airflow-venv/lib/python3.11/site-packages/airflow/example_dags/example_sla_dag.py for tasks to queue
[2023-08-15T19:01:39.314-0300] {logging_mixin.py:150} INFO - [2023-08-15T19:01:39.313-0300] {dagbag.py:541} INFO - Filling up the DagBag from /home/alan/repos/pipeline_airflow/pipeline-airflow-venv/lib/python3.11/site-packages/airflow/example_dags/example_sla_dag.py
[2023-08-15T19:01:39.340-0300] {processor.py:836} INFO - DAG(s) dict_keys(['example_sla_dag']) retrieved from /home/alan/repos/pipeline_airflow/pipeline-airflow-venv/lib/python3.11/site-packages/airflow/example_dags/example_sla_dag.py
[2023-08-15T19:01:39.382-0300] {logging_mixin.py:150} INFO - [2023-08-15T19:01:39.381-0300] {dag.py:2742} INFO - Sync 1 DAGs
[2023-08-15T19:01:39.451-0300] {logging_mixin.py:150} INFO - [2023-08-15T19:01:39.451-0300] {dag.py:3504} INFO - Setting next_dagrun for example_sla_dag to 2023-08-15T21:58:00+00:00, run_after=2023-08-15T22:00:00+00:00
[2023-08-15T19:01:39.708-0300] {processor.py:179} INFO - Processing /home/alan/repos/pipeline_airflow/pipeline-airflow-venv/lib/python3.11/site-packages/airflow/example_dags/example_sla_dag.py took 0.452 seconds
[2023-08-15T19:03:00.364-0300] {processor.py:157} INFO - Started process (PID=27847) to work on /home/alan/repos/pipeline_airflow/pipeline-airflow-venv/lib/python3.11/site-packages/airflow/example_dags/example_sla_dag.py
[2023-08-15T19:03:00.444-0300] {processor.py:826} INFO - Processing file /home/alan/repos/pipeline_airflow/pipeline-airflow-venv/lib/python3.11/site-packages/airflow/example_dags/example_sla_dag.py for tasks to queue
[2023-08-15T19:03:00.446-0300] {logging_mixin.py:150} INFO - [2023-08-15T19:03:00.445-0300] {dagbag.py:541} INFO - Filling up the DagBag from /home/alan/repos/pipeline_airflow/pipeline-airflow-venv/lib/python3.11/site-packages/airflow/example_dags/example_sla_dag.py
[2023-08-15T19:03:00.464-0300] {processor.py:836} INFO - DAG(s) dict_keys(['example_sla_dag']) retrieved from /home/alan/repos/pipeline_airflow/pipeline-airflow-venv/lib/python3.11/site-packages/airflow/example_dags/example_sla_dag.py
[2023-08-15T19:03:00.499-0300] {logging_mixin.py:150} INFO - [2023-08-15T19:03:00.499-0300] {dag.py:2742} INFO - Sync 1 DAGs
[2023-08-15T19:03:00.543-0300] {logging_mixin.py:150} INFO - [2023-08-15T19:03:00.543-0300] {dag.py:3504} INFO - Setting next_dagrun for example_sla_dag to 2023-08-15T22:00:00+00:00, run_after=2023-08-15T22:02:00+00:00
[2023-08-15T19:03:01.013-0300] {processor.py:179} INFO - Processing /home/alan/repos/pipeline_airflow/pipeline-airflow-venv/lib/python3.11/site-packages/airflow/example_dags/example_sla_dag.py took 0.654 seconds
[2023-08-15T19:04:20.278-0300] {processor.py:157} INFO - Started process (PID=28278) to work on /home/alan/repos/pipeline_airflow/pipeline-airflow-venv/lib/python3.11/site-packages/airflow/example_dags/example_sla_dag.py
[2023-08-15T19:04:20.291-0300] {processor.py:826} INFO - Processing file /home/alan/repos/pipeline_airflow/pipeline-airflow-venv/lib/python3.11/site-packages/airflow/example_dags/example_sla_dag.py for tasks to queue
[2023-08-15T19:04:20.293-0300] {logging_mixin.py:150} INFO - [2023-08-15T19:04:20.292-0300] {dagbag.py:541} INFO - Filling up the DagBag from /home/alan/repos/pipeline_airflow/pipeline-airflow-venv/lib/python3.11/site-packages/airflow/example_dags/example_sla_dag.py
[2023-08-15T19:04:20.312-0300] {processor.py:836} INFO - DAG(s) dict_keys(['example_sla_dag']) retrieved from /home/alan/repos/pipeline_airflow/pipeline-airflow-venv/lib/python3.11/site-packages/airflow/example_dags/example_sla_dag.py
[2023-08-15T19:04:20.619-0300] {logging_mixin.py:150} INFO - [2023-08-15T19:04:20.619-0300] {dag.py:2742} INFO - Sync 1 DAGs
[2023-08-15T19:04:20.732-0300] {logging_mixin.py:150} INFO - [2023-08-15T19:04:20.732-0300] {dag.py:3504} INFO - Setting next_dagrun for example_sla_dag to 2023-08-15T22:02:00+00:00, run_after=2023-08-15T22:04:00+00:00
[2023-08-15T19:04:21.021-0300] {processor.py:179} INFO - Processing /home/alan/repos/pipeline_airflow/pipeline-airflow-venv/lib/python3.11/site-packages/airflow/example_dags/example_sla_dag.py took 0.748 seconds
[2023-08-15T19:05:43.925-0300] {processor.py:157} INFO - Started process (PID=28670) to work on /home/alan/repos/pipeline_airflow/pipeline-airflow-venv/lib/python3.11/site-packages/airflow/example_dags/example_sla_dag.py
[2023-08-15T19:05:43.927-0300] {processor.py:826} INFO - Processing file /home/alan/repos/pipeline_airflow/pipeline-airflow-venv/lib/python3.11/site-packages/airflow/example_dags/example_sla_dag.py for tasks to queue
[2023-08-15T19:05:43.929-0300] {logging_mixin.py:150} INFO - [2023-08-15T19:05:43.928-0300] {dagbag.py:541} INFO - Filling up the DagBag from /home/alan/repos/pipeline_airflow/pipeline-airflow-venv/lib/python3.11/site-packages/airflow/example_dags/example_sla_dag.py
[2023-08-15T19:05:43.947-0300] {processor.py:836} INFO - DAG(s) dict_keys(['example_sla_dag']) retrieved from /home/alan/repos/pipeline_airflow/pipeline-airflow-venv/lib/python3.11/site-packages/airflow/example_dags/example_sla_dag.py
[2023-08-15T19:05:43.976-0300] {logging_mixin.py:150} INFO - [2023-08-15T19:05:43.976-0300] {dag.py:2742} INFO - Sync 1 DAGs
[2023-08-15T19:05:44.018-0300] {logging_mixin.py:150} INFO - [2023-08-15T19:05:44.018-0300] {dag.py:3504} INFO - Setting next_dagrun for example_sla_dag to 2023-08-15T22:02:00+00:00, run_after=2023-08-15T22:04:00+00:00
[2023-08-15T19:05:44.143-0300] {processor.py:179} INFO - Processing /home/alan/repos/pipeline_airflow/pipeline-airflow-venv/lib/python3.11/site-packages/airflow/example_dags/example_sla_dag.py took 0.224 seconds
[2023-08-15T19:06:46.834-0300] {processor.py:157} INFO - Started process (PID=28828) to work on /home/alan/repos/pipeline_airflow/pipeline-airflow-venv/lib/python3.11/site-packages/airflow/example_dags/example_sla_dag.py
[2023-08-15T19:06:46.836-0300] {processor.py:826} INFO - Processing file /home/alan/repos/pipeline_airflow/pipeline-airflow-venv/lib/python3.11/site-packages/airflow/example_dags/example_sla_dag.py for tasks to queue
[2023-08-15T19:06:46.837-0300] {logging_mixin.py:150} INFO - [2023-08-15T19:06:46.837-0300] {dagbag.py:541} INFO - Filling up the DagBag from /home/alan/repos/pipeline_airflow/pipeline-airflow-venv/lib/python3.11/site-packages/airflow/example_dags/example_sla_dag.py
[2023-08-15T19:06:46.854-0300] {processor.py:836} INFO - DAG(s) dict_keys(['example_sla_dag']) retrieved from /home/alan/repos/pipeline_airflow/pipeline-airflow-venv/lib/python3.11/site-packages/airflow/example_dags/example_sla_dag.py
[2023-08-15T19:06:46.883-0300] {logging_mixin.py:150} INFO - [2023-08-15T19:06:46.883-0300] {dag.py:2742} INFO - Sync 1 DAGs
[2023-08-15T19:06:46.925-0300] {logging_mixin.py:150} INFO - [2023-08-15T19:06:46.925-0300] {dag.py:3504} INFO - Setting next_dagrun for example_sla_dag to 2023-08-15T22:04:00+00:00, run_after=2023-08-15T22:06:00+00:00
[2023-08-15T19:06:47.047-0300] {processor.py:179} INFO - Processing /home/alan/repos/pipeline_airflow/pipeline-airflow-venv/lib/python3.11/site-packages/airflow/example_dags/example_sla_dag.py took 0.218 seconds
[2023-08-15T19:07:49.987-0300] {processor.py:157} INFO - Started process (PID=29103) to work on /home/alan/repos/pipeline_airflow/pipeline-airflow-venv/lib/python3.11/site-packages/airflow/example_dags/example_sla_dag.py
[2023-08-15T19:07:49.989-0300] {processor.py:826} INFO - Processing file /home/alan/repos/pipeline_airflow/pipeline-airflow-venv/lib/python3.11/site-packages/airflow/example_dags/example_sla_dag.py for tasks to queue
[2023-08-15T19:07:49.990-0300] {logging_mixin.py:150} INFO - [2023-08-15T19:07:49.990-0300] {dagbag.py:541} INFO - Filling up the DagBag from /home/alan/repos/pipeline_airflow/pipeline-airflow-venv/lib/python3.11/site-packages/airflow/example_dags/example_sla_dag.py
[2023-08-15T19:07:50.008-0300] {processor.py:836} INFO - DAG(s) dict_keys(['example_sla_dag']) retrieved from /home/alan/repos/pipeline_airflow/pipeline-airflow-venv/lib/python3.11/site-packages/airflow/example_dags/example_sla_dag.py
[2023-08-15T19:07:50.037-0300] {logging_mixin.py:150} INFO - [2023-08-15T19:07:50.037-0300] {dag.py:2742} INFO - Sync 1 DAGs
[2023-08-15T19:07:50.079-0300] {logging_mixin.py:150} INFO - [2023-08-15T19:07:50.079-0300] {dag.py:3504} INFO - Setting next_dagrun for example_sla_dag to 2023-08-15T22:04:00+00:00, run_after=2023-08-15T22:06:00+00:00
[2023-08-15T19:07:50.198-0300] {processor.py:179} INFO - Processing /home/alan/repos/pipeline_airflow/pipeline-airflow-venv/lib/python3.11/site-packages/airflow/example_dags/example_sla_dag.py took 0.218 seconds
[2023-08-15T19:08:55.442-0300] {processor.py:157} INFO - Started process (PID=29270) to work on /home/alan/repos/pipeline_airflow/pipeline-airflow-venv/lib/python3.11/site-packages/airflow/example_dags/example_sla_dag.py
[2023-08-15T19:08:55.443-0300] {processor.py:826} INFO - Processing file /home/alan/repos/pipeline_airflow/pipeline-airflow-venv/lib/python3.11/site-packages/airflow/example_dags/example_sla_dag.py for tasks to queue
[2023-08-15T19:08:55.445-0300] {logging_mixin.py:150} INFO - [2023-08-15T19:08:55.444-0300] {dagbag.py:541} INFO - Filling up the DagBag from /home/alan/repos/pipeline_airflow/pipeline-airflow-venv/lib/python3.11/site-packages/airflow/example_dags/example_sla_dag.py
[2023-08-15T19:08:55.461-0300] {processor.py:836} INFO - DAG(s) dict_keys(['example_sla_dag']) retrieved from /home/alan/repos/pipeline_airflow/pipeline-airflow-venv/lib/python3.11/site-packages/airflow/example_dags/example_sla_dag.py
[2023-08-15T19:08:55.489-0300] {logging_mixin.py:150} INFO - [2023-08-15T19:08:55.489-0300] {dag.py:2742} INFO - Sync 1 DAGs
[2023-08-15T19:08:55.531-0300] {logging_mixin.py:150} INFO - [2023-08-15T19:08:55.531-0300] {dag.py:3504} INFO - Setting next_dagrun for example_sla_dag to 2023-08-15T22:06:00+00:00, run_after=2023-08-15T22:08:00+00:00
[2023-08-15T19:08:55.629-0300] {processor.py:179} INFO - Processing /home/alan/repos/pipeline_airflow/pipeline-airflow-venv/lib/python3.11/site-packages/airflow/example_dags/example_sla_dag.py took 0.193 seconds
[2023-08-15T19:09:54.735-0300] {processor.py:157} INFO - Started process (PID=29425) to work on /home/alan/repos/pipeline_airflow/pipeline-airflow-venv/lib/python3.11/site-packages/airflow/example_dags/example_sla_dag.py
[2023-08-15T19:09:54.737-0300] {processor.py:826} INFO - Processing file /home/alan/repos/pipeline_airflow/pipeline-airflow-venv/lib/python3.11/site-packages/airflow/example_dags/example_sla_dag.py for tasks to queue
[2023-08-15T19:09:54.738-0300] {logging_mixin.py:150} INFO - [2023-08-15T19:09:54.738-0300] {dagbag.py:541} INFO - Filling up the DagBag from /home/alan/repos/pipeline_airflow/pipeline-airflow-venv/lib/python3.11/site-packages/airflow/example_dags/example_sla_dag.py
[2023-08-15T19:09:54.755-0300] {processor.py:836} INFO - DAG(s) dict_keys(['example_sla_dag']) retrieved from /home/alan/repos/pipeline_airflow/pipeline-airflow-venv/lib/python3.11/site-packages/airflow/example_dags/example_sla_dag.py
[2023-08-15T19:09:54.786-0300] {logging_mixin.py:150} INFO - [2023-08-15T19:09:54.786-0300] {dag.py:2742} INFO - Sync 1 DAGs
[2023-08-15T19:09:54.833-0300] {logging_mixin.py:150} INFO - [2023-08-15T19:09:54.833-0300] {dag.py:3504} INFO - Setting next_dagrun for example_sla_dag to 2023-08-15T22:06:00+00:00, run_after=2023-08-15T22:08:00+00:00
[2023-08-15T19:09:54.925-0300] {processor.py:179} INFO - Processing /home/alan/repos/pipeline_airflow/pipeline-airflow-venv/lib/python3.11/site-packages/airflow/example_dags/example_sla_dag.py took 0.195 seconds
[2023-08-15T19:10:53.839-0300] {processor.py:157} INFO - Started process (PID=29583) to work on /home/alan/repos/pipeline_airflow/pipeline-airflow-venv/lib/python3.11/site-packages/airflow/example_dags/example_sla_dag.py
[2023-08-15T19:10:53.854-0300] {processor.py:826} INFO - Processing file /home/alan/repos/pipeline_airflow/pipeline-airflow-venv/lib/python3.11/site-packages/airflow/example_dags/example_sla_dag.py for tasks to queue
[2023-08-15T19:10:53.856-0300] {logging_mixin.py:150} INFO - [2023-08-15T19:10:53.855-0300] {dagbag.py:541} INFO - Filling up the DagBag from /home/alan/repos/pipeline_airflow/pipeline-airflow-venv/lib/python3.11/site-packages/airflow/example_dags/example_sla_dag.py
[2023-08-15T19:10:53.873-0300] {processor.py:836} INFO - DAG(s) dict_keys(['example_sla_dag']) retrieved from /home/alan/repos/pipeline_airflow/pipeline-airflow-venv/lib/python3.11/site-packages/airflow/example_dags/example_sla_dag.py
[2023-08-15T19:10:53.903-0300] {logging_mixin.py:150} INFO - [2023-08-15T19:10:53.903-0300] {dag.py:2742} INFO - Sync 1 DAGs
[2023-08-15T19:10:53.947-0300] {logging_mixin.py:150} INFO - [2023-08-15T19:10:53.947-0300] {dag.py:3504} INFO - Setting next_dagrun for example_sla_dag to 2023-08-15T22:08:00+00:00, run_after=2023-08-15T22:10:00+00:00
[2023-08-15T19:10:54.045-0300] {processor.py:179} INFO - Processing /home/alan/repos/pipeline_airflow/pipeline-airflow-venv/lib/python3.11/site-packages/airflow/example_dags/example_sla_dag.py took 0.211 seconds
[2023-08-15T19:11:56.746-0300] {processor.py:157} INFO - Started process (PID=29811) to work on /home/alan/repos/pipeline_airflow/pipeline-airflow-venv/lib/python3.11/site-packages/airflow/example_dags/example_sla_dag.py
[2023-08-15T19:11:56.748-0300] {processor.py:826} INFO - Processing file /home/alan/repos/pipeline_airflow/pipeline-airflow-venv/lib/python3.11/site-packages/airflow/example_dags/example_sla_dag.py for tasks to queue
[2023-08-15T19:11:56.750-0300] {logging_mixin.py:150} INFO - [2023-08-15T19:11:56.749-0300] {dagbag.py:541} INFO - Filling up the DagBag from /home/alan/repos/pipeline_airflow/pipeline-airflow-venv/lib/python3.11/site-packages/airflow/example_dags/example_sla_dag.py
[2023-08-15T19:11:56.768-0300] {processor.py:836} INFO - DAG(s) dict_keys(['example_sla_dag']) retrieved from /home/alan/repos/pipeline_airflow/pipeline-airflow-venv/lib/python3.11/site-packages/airflow/example_dags/example_sla_dag.py
[2023-08-15T19:11:56.797-0300] {logging_mixin.py:150} INFO - [2023-08-15T19:11:56.797-0300] {dag.py:2742} INFO - Sync 1 DAGs
[2023-08-15T19:11:56.839-0300] {logging_mixin.py:150} INFO - [2023-08-15T19:11:56.839-0300] {dag.py:3504} INFO - Setting next_dagrun for example_sla_dag to 2023-08-15T22:08:00+00:00, run_after=2023-08-15T22:10:00+00:00
[2023-08-15T19:11:56.943-0300] {processor.py:179} INFO - Processing /home/alan/repos/pipeline_airflow/pipeline-airflow-venv/lib/python3.11/site-packages/airflow/example_dags/example_sla_dag.py took 0.204 seconds
[2023-08-15T19:12:58.510-0300] {processor.py:157} INFO - Started process (PID=30009) to work on /home/alan/repos/pipeline_airflow/pipeline-airflow-venv/lib/python3.11/site-packages/airflow/example_dags/example_sla_dag.py
[2023-08-15T19:12:58.524-0300] {processor.py:826} INFO - Processing file /home/alan/repos/pipeline_airflow/pipeline-airflow-venv/lib/python3.11/site-packages/airflow/example_dags/example_sla_dag.py for tasks to queue
[2023-08-15T19:12:58.526-0300] {logging_mixin.py:150} INFO - [2023-08-15T19:12:58.525-0300] {dagbag.py:541} INFO - Filling up the DagBag from /home/alan/repos/pipeline_airflow/pipeline-airflow-venv/lib/python3.11/site-packages/airflow/example_dags/example_sla_dag.py
[2023-08-15T19:12:58.548-0300] {processor.py:836} INFO - DAG(s) dict_keys(['example_sla_dag']) retrieved from /home/alan/repos/pipeline_airflow/pipeline-airflow-venv/lib/python3.11/site-packages/airflow/example_dags/example_sla_dag.py
[2023-08-15T19:12:58.611-0300] {logging_mixin.py:150} INFO - [2023-08-15T19:12:58.611-0300] {dag.py:2742} INFO - Sync 1 DAGs
[2023-08-15T19:12:58.681-0300] {logging_mixin.py:150} INFO - [2023-08-15T19:12:58.681-0300] {dag.py:3504} INFO - Setting next_dagrun for example_sla_dag to 2023-08-15T22:10:00+00:00, run_after=2023-08-15T22:12:00+00:00
[2023-08-15T19:12:58.872-0300] {processor.py:179} INFO - Processing /home/alan/repos/pipeline_airflow/pipeline-airflow-venv/lib/python3.11/site-packages/airflow/example_dags/example_sla_dag.py took 0.372 seconds
[2023-08-15T19:13:58.144-0300] {processor.py:157} INFO - Started process (PID=30163) to work on /home/alan/repos/pipeline_airflow/pipeline-airflow-venv/lib/python3.11/site-packages/airflow/example_dags/example_sla_dag.py
[2023-08-15T19:13:58.145-0300] {processor.py:826} INFO - Processing file /home/alan/repos/pipeline_airflow/pipeline-airflow-venv/lib/python3.11/site-packages/airflow/example_dags/example_sla_dag.py for tasks to queue
[2023-08-15T19:13:58.147-0300] {logging_mixin.py:150} INFO - [2023-08-15T19:13:58.146-0300] {dagbag.py:541} INFO - Filling up the DagBag from /home/alan/repos/pipeline_airflow/pipeline-airflow-venv/lib/python3.11/site-packages/airflow/example_dags/example_sla_dag.py
[2023-08-15T19:13:58.166-0300] {processor.py:836} INFO - DAG(s) dict_keys(['example_sla_dag']) retrieved from /home/alan/repos/pipeline_airflow/pipeline-airflow-venv/lib/python3.11/site-packages/airflow/example_dags/example_sla_dag.py
[2023-08-15T19:13:58.196-0300] {logging_mixin.py:150} INFO - [2023-08-15T19:13:58.196-0300] {dag.py:2742} INFO - Sync 1 DAGs
[2023-08-15T19:13:58.250-0300] {logging_mixin.py:150} INFO - [2023-08-15T19:13:58.250-0300] {dag.py:3504} INFO - Setting next_dagrun for example_sla_dag to 2023-08-15T22:10:00+00:00, run_after=2023-08-15T22:12:00+00:00
[2023-08-15T19:13:58.442-0300] {processor.py:179} INFO - Processing /home/alan/repos/pipeline_airflow/pipeline-airflow-venv/lib/python3.11/site-packages/airflow/example_dags/example_sla_dag.py took 0.304 seconds
[2023-08-15T19:14:56.471-0300] {processor.py:157} INFO - Started process (PID=30313) to work on /home/alan/repos/pipeline_airflow/pipeline-airflow-venv/lib/python3.11/site-packages/airflow/example_dags/example_sla_dag.py
[2023-08-15T19:14:56.472-0300] {processor.py:826} INFO - Processing file /home/alan/repos/pipeline_airflow/pipeline-airflow-venv/lib/python3.11/site-packages/airflow/example_dags/example_sla_dag.py for tasks to queue
[2023-08-15T19:14:56.474-0300] {logging_mixin.py:150} INFO - [2023-08-15T19:14:56.473-0300] {dagbag.py:541} INFO - Filling up the DagBag from /home/alan/repos/pipeline_airflow/pipeline-airflow-venv/lib/python3.11/site-packages/airflow/example_dags/example_sla_dag.py
[2023-08-15T19:14:56.496-0300] {processor.py:836} INFO - DAG(s) dict_keys(['example_sla_dag']) retrieved from /home/alan/repos/pipeline_airflow/pipeline-airflow-venv/lib/python3.11/site-packages/airflow/example_dags/example_sla_dag.py
[2023-08-15T19:14:56.529-0300] {logging_mixin.py:150} INFO - [2023-08-15T19:14:56.529-0300] {dag.py:2742} INFO - Sync 1 DAGs
[2023-08-15T19:14:56.573-0300] {logging_mixin.py:150} INFO - [2023-08-15T19:14:56.573-0300] {dag.py:3504} INFO - Setting next_dagrun for example_sla_dag to 2023-08-15T22:12:00+00:00, run_after=2023-08-15T22:14:00+00:00
[2023-08-15T19:14:56.684-0300] {processor.py:179} INFO - Processing /home/alan/repos/pipeline_airflow/pipeline-airflow-venv/lib/python3.11/site-packages/airflow/example_dags/example_sla_dag.py took 0.219 seconds
[2023-08-15T19:15:51.119-0300] {processor.py:157} INFO - Started process (PID=30454) to work on /home/alan/repos/pipeline_airflow/pipeline-airflow-venv/lib/python3.11/site-packages/airflow/example_dags/example_sla_dag.py
[2023-08-15T19:15:51.122-0300] {processor.py:826} INFO - Processing file /home/alan/repos/pipeline_airflow/pipeline-airflow-venv/lib/python3.11/site-packages/airflow/example_dags/example_sla_dag.py for tasks to queue
[2023-08-15T19:15:51.125-0300] {logging_mixin.py:150} INFO - [2023-08-15T19:15:51.124-0300] {dagbag.py:541} INFO - Filling up the DagBag from /home/alan/repos/pipeline_airflow/pipeline-airflow-venv/lib/python3.11/site-packages/airflow/example_dags/example_sla_dag.py
[2023-08-15T19:15:51.143-0300] {processor.py:836} INFO - DAG(s) dict_keys(['example_sla_dag']) retrieved from /home/alan/repos/pipeline_airflow/pipeline-airflow-venv/lib/python3.11/site-packages/airflow/example_dags/example_sla_dag.py
[2023-08-15T19:15:51.209-0300] {logging_mixin.py:150} INFO - [2023-08-15T19:15:51.209-0300] {dag.py:2742} INFO - Sync 1 DAGs
[2023-08-15T19:15:51.258-0300] {logging_mixin.py:150} INFO - [2023-08-15T19:15:51.258-0300] {dag.py:3504} INFO - Setting next_dagrun for example_sla_dag to 2023-08-15T22:12:00+00:00, run_after=2023-08-15T22:14:00+00:00
[2023-08-15T19:15:51.380-0300] {processor.py:179} INFO - Processing /home/alan/repos/pipeline_airflow/pipeline-airflow-venv/lib/python3.11/site-packages/airflow/example_dags/example_sla_dag.py took 0.267 seconds
[2023-08-15T19:16:50.330-0300] {processor.py:157} INFO - Started process (PID=30617) to work on /home/alan/repos/pipeline_airflow/pipeline-airflow-venv/lib/python3.11/site-packages/airflow/example_dags/example_sla_dag.py
[2023-08-15T19:16:50.346-0300] {processor.py:826} INFO - Processing file /home/alan/repos/pipeline_airflow/pipeline-airflow-venv/lib/python3.11/site-packages/airflow/example_dags/example_sla_dag.py for tasks to queue
[2023-08-15T19:16:50.348-0300] {logging_mixin.py:150} INFO - [2023-08-15T19:16:50.347-0300] {dagbag.py:541} INFO - Filling up the DagBag from /home/alan/repos/pipeline_airflow/pipeline-airflow-venv/lib/python3.11/site-packages/airflow/example_dags/example_sla_dag.py
[2023-08-15T19:16:50.363-0300] {processor.py:836} INFO - DAG(s) dict_keys(['example_sla_dag']) retrieved from /home/alan/repos/pipeline_airflow/pipeline-airflow-venv/lib/python3.11/site-packages/airflow/example_dags/example_sla_dag.py
[2023-08-15T19:16:50.390-0300] {logging_mixin.py:150} INFO - [2023-08-15T19:16:50.390-0300] {dag.py:2742} INFO - Sync 1 DAGs
[2023-08-15T19:16:50.432-0300] {logging_mixin.py:150} INFO - [2023-08-15T19:16:50.432-0300] {dag.py:3504} INFO - Setting next_dagrun for example_sla_dag to 2023-08-15T22:14:00+00:00, run_after=2023-08-15T22:16:00+00:00
[2023-08-15T19:16:50.566-0300] {processor.py:179} INFO - Processing /home/alan/repos/pipeline_airflow/pipeline-airflow-venv/lib/python3.11/site-packages/airflow/example_dags/example_sla_dag.py took 0.242 seconds
[2023-08-15T19:17:52.351-0300] {processor.py:157} INFO - Started process (PID=30773) to work on /home/alan/repos/pipeline_airflow/pipeline-airflow-venv/lib/python3.11/site-packages/airflow/example_dags/example_sla_dag.py
[2023-08-15T19:17:52.359-0300] {processor.py:826} INFO - Processing file /home/alan/repos/pipeline_airflow/pipeline-airflow-venv/lib/python3.11/site-packages/airflow/example_dags/example_sla_dag.py for tasks to queue
[2023-08-15T19:17:52.361-0300] {logging_mixin.py:150} INFO - [2023-08-15T19:17:52.360-0300] {dagbag.py:541} INFO - Filling up the DagBag from /home/alan/repos/pipeline_airflow/pipeline-airflow-venv/lib/python3.11/site-packages/airflow/example_dags/example_sla_dag.py
[2023-08-15T19:17:52.376-0300] {processor.py:836} INFO - DAG(s) dict_keys(['example_sla_dag']) retrieved from /home/alan/repos/pipeline_airflow/pipeline-airflow-venv/lib/python3.11/site-packages/airflow/example_dags/example_sla_dag.py
[2023-08-15T19:17:52.405-0300] {logging_mixin.py:150} INFO - [2023-08-15T19:17:52.404-0300] {dag.py:2742} INFO - Sync 1 DAGs
[2023-08-15T19:17:52.448-0300] {logging_mixin.py:150} INFO - [2023-08-15T19:17:52.448-0300] {dag.py:3504} INFO - Setting next_dagrun for example_sla_dag to 2023-08-15T22:14:00+00:00, run_after=2023-08-15T22:16:00+00:00
[2023-08-15T19:17:52.568-0300] {processor.py:179} INFO - Processing /home/alan/repos/pipeline_airflow/pipeline-airflow-venv/lib/python3.11/site-packages/airflow/example_dags/example_sla_dag.py took 0.224 seconds
[2023-08-15T19:18:48.995-0300] {processor.py:157} INFO - Started process (PID=30922) to work on /home/alan/repos/pipeline_airflow/pipeline-airflow-venv/lib/python3.11/site-packages/airflow/example_dags/example_sla_dag.py
[2023-08-15T19:18:49.004-0300] {processor.py:826} INFO - Processing file /home/alan/repos/pipeline_airflow/pipeline-airflow-venv/lib/python3.11/site-packages/airflow/example_dags/example_sla_dag.py for tasks to queue
[2023-08-15T19:18:49.006-0300] {logging_mixin.py:150} INFO - [2023-08-15T19:18:49.005-0300] {dagbag.py:541} INFO - Filling up the DagBag from /home/alan/repos/pipeline_airflow/pipeline-airflow-venv/lib/python3.11/site-packages/airflow/example_dags/example_sla_dag.py
[2023-08-15T19:18:49.025-0300] {processor.py:836} INFO - DAG(s) dict_keys(['example_sla_dag']) retrieved from /home/alan/repos/pipeline_airflow/pipeline-airflow-venv/lib/python3.11/site-packages/airflow/example_dags/example_sla_dag.py
[2023-08-15T19:18:49.058-0300] {logging_mixin.py:150} INFO - [2023-08-15T19:18:49.058-0300] {dag.py:2742} INFO - Sync 1 DAGs
[2023-08-15T19:18:49.117-0300] {logging_mixin.py:150} INFO - [2023-08-15T19:18:49.116-0300] {dag.py:3504} INFO - Setting next_dagrun for example_sla_dag to 2023-08-15T22:16:00+00:00, run_after=2023-08-15T22:18:00+00:00
[2023-08-15T19:18:49.249-0300] {processor.py:179} INFO - Processing /home/alan/repos/pipeline_airflow/pipeline-airflow-venv/lib/python3.11/site-packages/airflow/example_dags/example_sla_dag.py took 0.259 seconds
[2023-08-15T19:19:45.520-0300] {processor.py:157} INFO - Started process (PID=31063) to work on /home/alan/repos/pipeline_airflow/pipeline-airflow-venv/lib/python3.11/site-packages/airflow/example_dags/example_sla_dag.py
[2023-08-15T19:19:45.522-0300] {processor.py:826} INFO - Processing file /home/alan/repos/pipeline_airflow/pipeline-airflow-venv/lib/python3.11/site-packages/airflow/example_dags/example_sla_dag.py for tasks to queue
[2023-08-15T19:19:45.523-0300] {logging_mixin.py:150} INFO - [2023-08-15T19:19:45.523-0300] {dagbag.py:541} INFO - Filling up the DagBag from /home/alan/repos/pipeline_airflow/pipeline-airflow-venv/lib/python3.11/site-packages/airflow/example_dags/example_sla_dag.py
[2023-08-15T19:19:45.541-0300] {processor.py:836} INFO - DAG(s) dict_keys(['example_sla_dag']) retrieved from /home/alan/repos/pipeline_airflow/pipeline-airflow-venv/lib/python3.11/site-packages/airflow/example_dags/example_sla_dag.py
[2023-08-15T19:19:45.572-0300] {logging_mixin.py:150} INFO - [2023-08-15T19:19:45.572-0300] {dag.py:2742} INFO - Sync 1 DAGs
[2023-08-15T19:19:45.619-0300] {logging_mixin.py:150} INFO - [2023-08-15T19:19:45.618-0300] {dag.py:3504} INFO - Setting next_dagrun for example_sla_dag to 2023-08-15T22:16:00+00:00, run_after=2023-08-15T22:18:00+00:00
[2023-08-15T19:19:45.740-0300] {processor.py:179} INFO - Processing /home/alan/repos/pipeline_airflow/pipeline-airflow-venv/lib/python3.11/site-packages/airflow/example_dags/example_sla_dag.py took 0.227 seconds
[2023-08-15T19:20:55.860-0300] {processor.py:157} INFO - Started process (PID=31401) to work on /home/alan/repos/pipeline_airflow/pipeline-airflow-venv/lib/python3.11/site-packages/airflow/example_dags/example_sla_dag.py
[2023-08-15T19:20:55.862-0300] {processor.py:826} INFO - Processing file /home/alan/repos/pipeline_airflow/pipeline-airflow-venv/lib/python3.11/site-packages/airflow/example_dags/example_sla_dag.py for tasks to queue
[2023-08-15T19:20:55.864-0300] {logging_mixin.py:150} INFO - [2023-08-15T19:20:55.863-0300] {dagbag.py:541} INFO - Filling up the DagBag from /home/alan/repos/pipeline_airflow/pipeline-airflow-venv/lib/python3.11/site-packages/airflow/example_dags/example_sla_dag.py
[2023-08-15T19:20:55.883-0300] {processor.py:836} INFO - DAG(s) dict_keys(['example_sla_dag']) retrieved from /home/alan/repos/pipeline_airflow/pipeline-airflow-venv/lib/python3.11/site-packages/airflow/example_dags/example_sla_dag.py
[2023-08-15T19:20:55.918-0300] {logging_mixin.py:150} INFO - [2023-08-15T19:20:55.918-0300] {dag.py:2742} INFO - Sync 1 DAGs
[2023-08-15T19:20:55.963-0300] {logging_mixin.py:150} INFO - [2023-08-15T19:20:55.962-0300] {dag.py:3504} INFO - Setting next_dagrun for example_sla_dag to 2023-08-15T22:18:00+00:00, run_after=2023-08-15T22:20:00+00:00
[2023-08-15T19:20:56.075-0300] {processor.py:179} INFO - Processing /home/alan/repos/pipeline_airflow/pipeline-airflow-venv/lib/python3.11/site-packages/airflow/example_dags/example_sla_dag.py took 0.224 seconds
[2023-08-15T19:22:06.592-0300] {processor.py:157} INFO - Started process (PID=31638) to work on /home/alan/repos/pipeline_airflow/pipeline-airflow-venv/lib/python3.11/site-packages/airflow/example_dags/example_sla_dag.py
[2023-08-15T19:22:06.654-0300] {processor.py:826} INFO - Processing file /home/alan/repos/pipeline_airflow/pipeline-airflow-venv/lib/python3.11/site-packages/airflow/example_dags/example_sla_dag.py for tasks to queue
[2023-08-15T19:22:06.659-0300] {logging_mixin.py:150} INFO - [2023-08-15T19:22:06.656-0300] {dagbag.py:541} INFO - Filling up the DagBag from /home/alan/repos/pipeline_airflow/pipeline-airflow-venv/lib/python3.11/site-packages/airflow/example_dags/example_sla_dag.py
[2023-08-15T19:22:06.687-0300] {processor.py:836} INFO - DAG(s) dict_keys(['example_sla_dag']) retrieved from /home/alan/repos/pipeline_airflow/pipeline-airflow-venv/lib/python3.11/site-packages/airflow/example_dags/example_sla_dag.py
[2023-08-15T19:22:06.717-0300] {logging_mixin.py:150} INFO - [2023-08-15T19:22:06.717-0300] {dag.py:2742} INFO - Sync 1 DAGs
[2023-08-15T19:22:06.762-0300] {logging_mixin.py:150} INFO - [2023-08-15T19:22:06.762-0300] {dag.py:3504} INFO - Setting next_dagrun for example_sla_dag to 2023-08-15T22:20:00+00:00, run_after=2023-08-15T22:22:00+00:00
[2023-08-15T19:22:07.447-0300] {processor.py:179} INFO - Processing /home/alan/repos/pipeline_airflow/pipeline-airflow-venv/lib/python3.11/site-packages/airflow/example_dags/example_sla_dag.py took 0.860 seconds
