[2023-08-15T18:20:36.338-0300] {processor.py:157} INFO - Started process (PID=18728) to work on /home/alan/repos/pipeline_airflow/pipeline-airflow-venv/lib/python3.11/site-packages/airflow/example_dags/example_dag_decorator.py
[2023-08-15T18:20:36.339-0300] {processor.py:826} INFO - Processing file /home/alan/repos/pipeline_airflow/pipeline-airflow-venv/lib/python3.11/site-packages/airflow/example_dags/example_dag_decorator.py for tasks to queue
[2023-08-15T18:20:36.341-0300] {logging_mixin.py:150} INFO - [2023-08-15T18:20:36.340-0300] {dagbag.py:541} INFO - Filling up the DagBag from /home/alan/repos/pipeline_airflow/pipeline-airflow-venv/lib/python3.11/site-packages/airflow/example_dags/example_dag_decorator.py
[2023-08-15T18:20:36.366-0300] {processor.py:836} INFO - DAG(s) dict_keys(['example_dag_decorator']) retrieved from /home/alan/repos/pipeline_airflow/pipeline-airflow-venv/lib/python3.11/site-packages/airflow/example_dags/example_dag_decorator.py
[2023-08-15T18:20:36.814-0300] {logging_mixin.py:150} INFO - [2023-08-15T18:20:36.813-0300] {manager.py:504} INFO - Created Permission View: can delete on DAG:example_dag_decorator
[2023-08-15T18:20:36.948-0300] {logging_mixin.py:150} INFO - [2023-08-15T18:20:36.947-0300] {manager.py:504} INFO - Created Permission View: can edit on DAG:example_dag_decorator
[2023-08-15T18:20:37.037-0300] {logging_mixin.py:150} INFO - [2023-08-15T18:20:37.036-0300] {manager.py:504} INFO - Created Permission View: can read on DAG:example_dag_decorator
[2023-08-15T18:20:37.077-0300] {logging_mixin.py:150} INFO - [2023-08-15T18:20:37.077-0300] {dag.py:2742} INFO - Sync 1 DAGs
[2023-08-15T18:20:37.103-0300] {logging_mixin.py:150} INFO - [2023-08-15T18:20:37.102-0300] {dag.py:2763} INFO - Creating ORM DAG for example_dag_decorator
[2023-08-15T18:20:37.122-0300] {logging_mixin.py:150} INFO - [2023-08-15T18:20:37.122-0300] {dag.py:3504} INFO - Setting next_dagrun for example_dag_decorator to None, run_after=None
[2023-08-15T18:20:37.730-0300] {processor.py:179} INFO - Processing /home/alan/repos/pipeline_airflow/pipeline-airflow-venv/lib/python3.11/site-packages/airflow/example_dags/example_dag_decorator.py took 1.399 seconds
[2023-08-15T18:21:44.563-0300] {processor.py:157} INFO - Started process (PID=18974) to work on /home/alan/repos/pipeline_airflow/pipeline-airflow-venv/lib/python3.11/site-packages/airflow/example_dags/example_dag_decorator.py
[2023-08-15T18:21:44.565-0300] {processor.py:826} INFO - Processing file /home/alan/repos/pipeline_airflow/pipeline-airflow-venv/lib/python3.11/site-packages/airflow/example_dags/example_dag_decorator.py for tasks to queue
[2023-08-15T18:21:44.567-0300] {logging_mixin.py:150} INFO - [2023-08-15T18:21:44.566-0300] {dagbag.py:541} INFO - Filling up the DagBag from /home/alan/repos/pipeline_airflow/pipeline-airflow-venv/lib/python3.11/site-packages/airflow/example_dags/example_dag_decorator.py
[2023-08-15T18:21:44.590-0300] {processor.py:836} INFO - DAG(s) dict_keys(['example_dag_decorator']) retrieved from /home/alan/repos/pipeline_airflow/pipeline-airflow-venv/lib/python3.11/site-packages/airflow/example_dags/example_dag_decorator.py
[2023-08-15T18:21:44.774-0300] {logging_mixin.py:150} INFO - [2023-08-15T18:21:44.774-0300] {dag.py:2742} INFO - Sync 1 DAGs
[2023-08-15T18:21:44.937-0300] {logging_mixin.py:150} INFO - [2023-08-15T18:21:44.937-0300] {dag.py:3504} INFO - Setting next_dagrun for example_dag_decorator to None, run_after=None
[2023-08-15T18:21:45.055-0300] {processor.py:179} INFO - Processing /home/alan/repos/pipeline_airflow/pipeline-airflow-venv/lib/python3.11/site-packages/airflow/example_dags/example_dag_decorator.py took 0.498 seconds
[2023-08-15T18:23:05.726-0300] {processor.py:157} INFO - Started process (PID=19266) to work on /home/alan/repos/pipeline_airflow/pipeline-airflow-venv/lib/python3.11/site-packages/airflow/example_dags/example_dag_decorator.py
[2023-08-15T18:23:05.732-0300] {processor.py:826} INFO - Processing file /home/alan/repos/pipeline_airflow/pipeline-airflow-venv/lib/python3.11/site-packages/airflow/example_dags/example_dag_decorator.py for tasks to queue
[2023-08-15T18:23:05.734-0300] {logging_mixin.py:150} INFO - [2023-08-15T18:23:05.733-0300] {dagbag.py:541} INFO - Filling up the DagBag from /home/alan/repos/pipeline_airflow/pipeline-airflow-venv/lib/python3.11/site-packages/airflow/example_dags/example_dag_decorator.py
[2023-08-15T18:23:05.768-0300] {processor.py:836} INFO - DAG(s) dict_keys(['example_dag_decorator']) retrieved from /home/alan/repos/pipeline_airflow/pipeline-airflow-venv/lib/python3.11/site-packages/airflow/example_dags/example_dag_decorator.py
[2023-08-15T18:23:06.147-0300] {logging_mixin.py:150} INFO - [2023-08-15T18:23:06.146-0300] {dag.py:2742} INFO - Sync 1 DAGs
[2023-08-15T18:23:06.179-0300] {logging_mixin.py:150} INFO - [2023-08-15T18:23:06.179-0300] {dag.py:3504} INFO - Setting next_dagrun for example_dag_decorator to None, run_after=None
[2023-08-15T18:23:06.293-0300] {processor.py:179} INFO - Processing /home/alan/repos/pipeline_airflow/pipeline-airflow-venv/lib/python3.11/site-packages/airflow/example_dags/example_dag_decorator.py took 0.578 seconds
[2023-08-15T18:24:07.215-0300] {processor.py:157} INFO - Started process (PID=19500) to work on /home/alan/repos/pipeline_airflow/pipeline-airflow-venv/lib/python3.11/site-packages/airflow/example_dags/example_dag_decorator.py
[2023-08-15T18:24:07.217-0300] {processor.py:826} INFO - Processing file /home/alan/repos/pipeline_airflow/pipeline-airflow-venv/lib/python3.11/site-packages/airflow/example_dags/example_dag_decorator.py for tasks to queue
[2023-08-15T18:24:07.220-0300] {logging_mixin.py:150} INFO - [2023-08-15T18:24:07.219-0300] {dagbag.py:541} INFO - Filling up the DagBag from /home/alan/repos/pipeline_airflow/pipeline-airflow-venv/lib/python3.11/site-packages/airflow/example_dags/example_dag_decorator.py
[2023-08-15T18:24:07.241-0300] {processor.py:836} INFO - DAG(s) dict_keys(['example_dag_decorator']) retrieved from /home/alan/repos/pipeline_airflow/pipeline-airflow-venv/lib/python3.11/site-packages/airflow/example_dags/example_dag_decorator.py
[2023-08-15T18:24:07.642-0300] {logging_mixin.py:150} INFO - [2023-08-15T18:24:07.642-0300] {dag.py:2742} INFO - Sync 1 DAGs
[2023-08-15T18:24:07.672-0300] {logging_mixin.py:150} INFO - [2023-08-15T18:24:07.672-0300] {dag.py:3504} INFO - Setting next_dagrun for example_dag_decorator to None, run_after=None
[2023-08-15T18:24:07.817-0300] {processor.py:179} INFO - Processing /home/alan/repos/pipeline_airflow/pipeline-airflow-venv/lib/python3.11/site-packages/airflow/example_dags/example_dag_decorator.py took 0.606 seconds
[2023-08-15T18:26:05.954-0300] {processor.py:157} INFO - Started process (PID=20643) to work on /home/alan/repos/pipeline_airflow/pipeline-airflow-venv/lib/python3.11/site-packages/airflow/example_dags/example_dag_decorator.py
[2023-08-15T18:26:05.960-0300] {processor.py:826} INFO - Processing file /home/alan/repos/pipeline_airflow/pipeline-airflow-venv/lib/python3.11/site-packages/airflow/example_dags/example_dag_decorator.py for tasks to queue
[2023-08-15T18:26:05.962-0300] {logging_mixin.py:150} INFO - [2023-08-15T18:26:05.961-0300] {dagbag.py:541} INFO - Filling up the DagBag from /home/alan/repos/pipeline_airflow/pipeline-airflow-venv/lib/python3.11/site-packages/airflow/example_dags/example_dag_decorator.py
[2023-08-15T18:26:06.014-0300] {processor.py:836} INFO - DAG(s) dict_keys(['example_dag_decorator']) retrieved from /home/alan/repos/pipeline_airflow/pipeline-airflow-venv/lib/python3.11/site-packages/airflow/example_dags/example_dag_decorator.py
[2023-08-15T18:26:06.908-0300] {logging_mixin.py:150} INFO - [2023-08-15T18:26:06.908-0300] {dag.py:2742} INFO - Sync 1 DAGs
[2023-08-15T18:26:06.941-0300] {logging_mixin.py:150} INFO - [2023-08-15T18:26:06.941-0300] {dag.py:3504} INFO - Setting next_dagrun for example_dag_decorator to None, run_after=None
[2023-08-15T18:26:07.094-0300] {processor.py:179} INFO - Processing /home/alan/repos/pipeline_airflow/pipeline-airflow-venv/lib/python3.11/site-packages/airflow/example_dags/example_dag_decorator.py took 1.149 seconds
[2023-08-15T18:27:26.820-0300] {processor.py:157} INFO - Started process (PID=20943) to work on /home/alan/repos/pipeline_airflow/pipeline-airflow-venv/lib/python3.11/site-packages/airflow/example_dags/example_dag_decorator.py
[2023-08-15T18:27:26.828-0300] {processor.py:826} INFO - Processing file /home/alan/repos/pipeline_airflow/pipeline-airflow-venv/lib/python3.11/site-packages/airflow/example_dags/example_dag_decorator.py for tasks to queue
[2023-08-15T18:27:26.830-0300] {logging_mixin.py:150} INFO - [2023-08-15T18:27:26.829-0300] {dagbag.py:541} INFO - Filling up the DagBag from /home/alan/repos/pipeline_airflow/pipeline-airflow-venv/lib/python3.11/site-packages/airflow/example_dags/example_dag_decorator.py
[2023-08-15T18:27:26.854-0300] {processor.py:836} INFO - DAG(s) dict_keys(['example_dag_decorator']) retrieved from /home/alan/repos/pipeline_airflow/pipeline-airflow-venv/lib/python3.11/site-packages/airflow/example_dags/example_dag_decorator.py
[2023-08-15T18:27:27.056-0300] {logging_mixin.py:150} INFO - [2023-08-15T18:27:27.056-0300] {dag.py:2742} INFO - Sync 1 DAGs
[2023-08-15T18:27:27.090-0300] {logging_mixin.py:150} INFO - [2023-08-15T18:27:27.089-0300] {dag.py:3504} INFO - Setting next_dagrun for example_dag_decorator to None, run_after=None
[2023-08-15T18:27:27.194-0300] {processor.py:179} INFO - Processing /home/alan/repos/pipeline_airflow/pipeline-airflow-venv/lib/python3.11/site-packages/airflow/example_dags/example_dag_decorator.py took 0.379 seconds
[2023-08-15T18:28:24.526-0300] {processor.py:157} INFO - Started process (PID=21170) to work on /home/alan/repos/pipeline_airflow/pipeline-airflow-venv/lib/python3.11/site-packages/airflow/example_dags/example_dag_decorator.py
[2023-08-15T18:28:24.532-0300] {processor.py:826} INFO - Processing file /home/alan/repos/pipeline_airflow/pipeline-airflow-venv/lib/python3.11/site-packages/airflow/example_dags/example_dag_decorator.py for tasks to queue
[2023-08-15T18:28:24.533-0300] {logging_mixin.py:150} INFO - [2023-08-15T18:28:24.533-0300] {dagbag.py:541} INFO - Filling up the DagBag from /home/alan/repos/pipeline_airflow/pipeline-airflow-venv/lib/python3.11/site-packages/airflow/example_dags/example_dag_decorator.py
[2023-08-15T18:28:24.576-0300] {processor.py:836} INFO - DAG(s) dict_keys(['example_dag_decorator']) retrieved from /home/alan/repos/pipeline_airflow/pipeline-airflow-venv/lib/python3.11/site-packages/airflow/example_dags/example_dag_decorator.py
[2023-08-15T18:28:24.940-0300] {logging_mixin.py:150} INFO - [2023-08-15T18:28:24.940-0300] {dag.py:2742} INFO - Sync 1 DAGs
[2023-08-15T18:28:24.983-0300] {logging_mixin.py:150} INFO - [2023-08-15T18:28:24.982-0300] {dag.py:3504} INFO - Setting next_dagrun for example_dag_decorator to None, run_after=None
[2023-08-15T18:28:25.119-0300] {processor.py:179} INFO - Processing /home/alan/repos/pipeline_airflow/pipeline-airflow-venv/lib/python3.11/site-packages/airflow/example_dags/example_dag_decorator.py took 0.602 seconds
[2023-08-15T18:29:26.505-0300] {processor.py:157} INFO - Started process (PID=21401) to work on /home/alan/repos/pipeline_airflow/pipeline-airflow-venv/lib/python3.11/site-packages/airflow/example_dags/example_dag_decorator.py
[2023-08-15T18:29:26.512-0300] {processor.py:826} INFO - Processing file /home/alan/repos/pipeline_airflow/pipeline-airflow-venv/lib/python3.11/site-packages/airflow/example_dags/example_dag_decorator.py for tasks to queue
[2023-08-15T18:29:26.514-0300] {logging_mixin.py:150} INFO - [2023-08-15T18:29:26.513-0300] {dagbag.py:541} INFO - Filling up the DagBag from /home/alan/repos/pipeline_airflow/pipeline-airflow-venv/lib/python3.11/site-packages/airflow/example_dags/example_dag_decorator.py
[2023-08-15T18:29:26.536-0300] {processor.py:836} INFO - DAG(s) dict_keys(['example_dag_decorator']) retrieved from /home/alan/repos/pipeline_airflow/pipeline-airflow-venv/lib/python3.11/site-packages/airflow/example_dags/example_dag_decorator.py
[2023-08-15T18:29:26.718-0300] {logging_mixin.py:150} INFO - [2023-08-15T18:29:26.718-0300] {dag.py:2742} INFO - Sync 1 DAGs
[2023-08-15T18:29:26.749-0300] {logging_mixin.py:150} INFO - [2023-08-15T18:29:26.748-0300] {dag.py:3504} INFO - Setting next_dagrun for example_dag_decorator to None, run_after=None
[2023-08-15T18:29:26.852-0300] {processor.py:179} INFO - Processing /home/alan/repos/pipeline_airflow/pipeline-airflow-venv/lib/python3.11/site-packages/airflow/example_dags/example_dag_decorator.py took 0.353 seconds
[2023-08-15T18:30:23.665-0300] {processor.py:157} INFO - Started process (PID=21624) to work on /home/alan/repos/pipeline_airflow/pipeline-airflow-venv/lib/python3.11/site-packages/airflow/example_dags/example_dag_decorator.py
[2023-08-15T18:30:23.673-0300] {processor.py:826} INFO - Processing file /home/alan/repos/pipeline_airflow/pipeline-airflow-venv/lib/python3.11/site-packages/airflow/example_dags/example_dag_decorator.py for tasks to queue
[2023-08-15T18:30:23.675-0300] {logging_mixin.py:150} INFO - [2023-08-15T18:30:23.674-0300] {dagbag.py:541} INFO - Filling up the DagBag from /home/alan/repos/pipeline_airflow/pipeline-airflow-venv/lib/python3.11/site-packages/airflow/example_dags/example_dag_decorator.py
[2023-08-15T18:30:23.697-0300] {processor.py:836} INFO - DAG(s) dict_keys(['example_dag_decorator']) retrieved from /home/alan/repos/pipeline_airflow/pipeline-airflow-venv/lib/python3.11/site-packages/airflow/example_dags/example_dag_decorator.py
[2023-08-15T18:30:23.920-0300] {logging_mixin.py:150} INFO - [2023-08-15T18:30:23.920-0300] {dag.py:2742} INFO - Sync 1 DAGs
[2023-08-15T18:30:23.955-0300] {logging_mixin.py:150} INFO - [2023-08-15T18:30:23.955-0300] {dag.py:3504} INFO - Setting next_dagrun for example_dag_decorator to None, run_after=None
[2023-08-15T18:30:24.088-0300] {processor.py:179} INFO - Processing /home/alan/repos/pipeline_airflow/pipeline-airflow-venv/lib/python3.11/site-packages/airflow/example_dags/example_dag_decorator.py took 0.428 seconds
[2023-08-15T18:31:47.838-0300] {processor.py:157} INFO - Started process (PID=21927) to work on /home/alan/repos/pipeline_airflow/pipeline-airflow-venv/lib/python3.11/site-packages/airflow/example_dags/example_dag_decorator.py
[2023-08-15T18:31:47.840-0300] {processor.py:826} INFO - Processing file /home/alan/repos/pipeline_airflow/pipeline-airflow-venv/lib/python3.11/site-packages/airflow/example_dags/example_dag_decorator.py for tasks to queue
[2023-08-15T18:31:47.841-0300] {logging_mixin.py:150} INFO - [2023-08-15T18:31:47.841-0300] {dagbag.py:541} INFO - Filling up the DagBag from /home/alan/repos/pipeline_airflow/pipeline-airflow-venv/lib/python3.11/site-packages/airflow/example_dags/example_dag_decorator.py
[2023-08-15T18:31:47.881-0300] {processor.py:836} INFO - DAG(s) dict_keys(['example_dag_decorator']) retrieved from /home/alan/repos/pipeline_airflow/pipeline-airflow-venv/lib/python3.11/site-packages/airflow/example_dags/example_dag_decorator.py
[2023-08-15T18:31:48.247-0300] {logging_mixin.py:150} INFO - [2023-08-15T18:31:48.247-0300] {dag.py:2742} INFO - Sync 1 DAGs
[2023-08-15T18:31:48.306-0300] {logging_mixin.py:150} INFO - [2023-08-15T18:31:48.306-0300] {dag.py:3504} INFO - Setting next_dagrun for example_dag_decorator to None, run_after=None
[2023-08-15T18:31:48.418-0300] {processor.py:179} INFO - Processing /home/alan/repos/pipeline_airflow/pipeline-airflow-venv/lib/python3.11/site-packages/airflow/example_dags/example_dag_decorator.py took 0.586 seconds
[2023-08-15T18:33:11.949-0300] {processor.py:157} INFO - Started process (PID=22244) to work on /home/alan/repos/pipeline_airflow/pipeline-airflow-venv/lib/python3.11/site-packages/airflow/example_dags/example_dag_decorator.py
[2023-08-15T18:33:11.959-0300] {processor.py:826} INFO - Processing file /home/alan/repos/pipeline_airflow/pipeline-airflow-venv/lib/python3.11/site-packages/airflow/example_dags/example_dag_decorator.py for tasks to queue
[2023-08-15T18:33:11.961-0300] {logging_mixin.py:150} INFO - [2023-08-15T18:33:11.960-0300] {dagbag.py:541} INFO - Filling up the DagBag from /home/alan/repos/pipeline_airflow/pipeline-airflow-venv/lib/python3.11/site-packages/airflow/example_dags/example_dag_decorator.py
[2023-08-15T18:33:12.010-0300] {processor.py:836} INFO - DAG(s) dict_keys(['example_dag_decorator']) retrieved from /home/alan/repos/pipeline_airflow/pipeline-airflow-venv/lib/python3.11/site-packages/airflow/example_dags/example_dag_decorator.py
[2023-08-15T18:33:12.294-0300] {logging_mixin.py:150} INFO - [2023-08-15T18:33:12.294-0300] {dag.py:2742} INFO - Sync 1 DAGs
[2023-08-15T18:33:12.327-0300] {logging_mixin.py:150} INFO - [2023-08-15T18:33:12.327-0300] {dag.py:3504} INFO - Setting next_dagrun for example_dag_decorator to None, run_after=None
[2023-08-15T18:33:12.536-0300] {processor.py:179} INFO - Processing /home/alan/repos/pipeline_airflow/pipeline-airflow-venv/lib/python3.11/site-packages/airflow/example_dags/example_dag_decorator.py took 0.602 seconds
[2023-08-15T18:34:09.135-0300] {processor.py:157} INFO - Started process (PID=22458) to work on /home/alan/repos/pipeline_airflow/pipeline-airflow-venv/lib/python3.11/site-packages/airflow/example_dags/example_dag_decorator.py
[2023-08-15T18:34:09.151-0300] {processor.py:826} INFO - Processing file /home/alan/repos/pipeline_airflow/pipeline-airflow-venv/lib/python3.11/site-packages/airflow/example_dags/example_dag_decorator.py for tasks to queue
[2023-08-15T18:34:09.153-0300] {logging_mixin.py:150} INFO - [2023-08-15T18:34:09.152-0300] {dagbag.py:541} INFO - Filling up the DagBag from /home/alan/repos/pipeline_airflow/pipeline-airflow-venv/lib/python3.11/site-packages/airflow/example_dags/example_dag_decorator.py
[2023-08-15T18:34:09.179-0300] {processor.py:836} INFO - DAG(s) dict_keys(['example_dag_decorator']) retrieved from /home/alan/repos/pipeline_airflow/pipeline-airflow-venv/lib/python3.11/site-packages/airflow/example_dags/example_dag_decorator.py
[2023-08-15T18:34:09.377-0300] {logging_mixin.py:150} INFO - [2023-08-15T18:34:09.377-0300] {dag.py:2742} INFO - Sync 1 DAGs
[2023-08-15T18:34:09.409-0300] {logging_mixin.py:150} INFO - [2023-08-15T18:34:09.408-0300] {dag.py:3504} INFO - Setting next_dagrun for example_dag_decorator to None, run_after=None
[2023-08-15T18:34:09.520-0300] {processor.py:179} INFO - Processing /home/alan/repos/pipeline_airflow/pipeline-airflow-venv/lib/python3.11/site-packages/airflow/example_dags/example_dag_decorator.py took 0.391 seconds
[2023-08-15T18:35:30.248-0300] {processor.py:157} INFO - Started process (PID=22746) to work on /home/alan/repos/pipeline_airflow/pipeline-airflow-venv/lib/python3.11/site-packages/airflow/example_dags/example_dag_decorator.py
[2023-08-15T18:35:30.263-0300] {processor.py:826} INFO - Processing file /home/alan/repos/pipeline_airflow/pipeline-airflow-venv/lib/python3.11/site-packages/airflow/example_dags/example_dag_decorator.py for tasks to queue
[2023-08-15T18:35:30.264-0300] {logging_mixin.py:150} INFO - [2023-08-15T18:35:30.263-0300] {dagbag.py:541} INFO - Filling up the DagBag from /home/alan/repos/pipeline_airflow/pipeline-airflow-venv/lib/python3.11/site-packages/airflow/example_dags/example_dag_decorator.py
[2023-08-15T18:35:30.287-0300] {processor.py:836} INFO - DAG(s) dict_keys(['example_dag_decorator']) retrieved from /home/alan/repos/pipeline_airflow/pipeline-airflow-venv/lib/python3.11/site-packages/airflow/example_dags/example_dag_decorator.py
[2023-08-15T18:35:30.546-0300] {logging_mixin.py:150} INFO - [2023-08-15T18:35:30.546-0300] {dag.py:2742} INFO - Sync 1 DAGs
[2023-08-15T18:35:30.582-0300] {logging_mixin.py:150} INFO - [2023-08-15T18:35:30.582-0300] {dag.py:3504} INFO - Setting next_dagrun for example_dag_decorator to None, run_after=None
[2023-08-15T18:35:30.706-0300] {processor.py:179} INFO - Processing /home/alan/repos/pipeline_airflow/pipeline-airflow-venv/lib/python3.11/site-packages/airflow/example_dags/example_dag_decorator.py took 0.464 seconds
[2023-08-15T18:36:58.443-0300] {processor.py:157} INFO - Started process (PID=23073) to work on /home/alan/repos/pipeline_airflow/pipeline-airflow-venv/lib/python3.11/site-packages/airflow/example_dags/example_dag_decorator.py
[2023-08-15T18:36:58.455-0300] {processor.py:826} INFO - Processing file /home/alan/repos/pipeline_airflow/pipeline-airflow-venv/lib/python3.11/site-packages/airflow/example_dags/example_dag_decorator.py for tasks to queue
[2023-08-15T18:36:58.456-0300] {logging_mixin.py:150} INFO - [2023-08-15T18:36:58.456-0300] {dagbag.py:541} INFO - Filling up the DagBag from /home/alan/repos/pipeline_airflow/pipeline-airflow-venv/lib/python3.11/site-packages/airflow/example_dags/example_dag_decorator.py
[2023-08-15T18:36:58.476-0300] {processor.py:836} INFO - DAG(s) dict_keys(['example_dag_decorator']) retrieved from /home/alan/repos/pipeline_airflow/pipeline-airflow-venv/lib/python3.11/site-packages/airflow/example_dags/example_dag_decorator.py
[2023-08-15T18:36:58.654-0300] {logging_mixin.py:150} INFO - [2023-08-15T18:36:58.653-0300] {dag.py:2742} INFO - Sync 1 DAGs
[2023-08-15T18:36:58.685-0300] {logging_mixin.py:150} INFO - [2023-08-15T18:36:58.685-0300] {dag.py:3504} INFO - Setting next_dagrun for example_dag_decorator to None, run_after=None
[2023-08-15T18:36:58.781-0300] {processor.py:179} INFO - Processing /home/alan/repos/pipeline_airflow/pipeline-airflow-venv/lib/python3.11/site-packages/airflow/example_dags/example_dag_decorator.py took 0.343 seconds
[2023-08-15T18:38:20.204-0300] {processor.py:157} INFO - Started process (PID=23399) to work on /home/alan/repos/pipeline_airflow/pipeline-airflow-venv/lib/python3.11/site-packages/airflow/example_dags/example_dag_decorator.py
[2023-08-15T18:38:20.215-0300] {processor.py:826} INFO - Processing file /home/alan/repos/pipeline_airflow/pipeline-airflow-venv/lib/python3.11/site-packages/airflow/example_dags/example_dag_decorator.py for tasks to queue
[2023-08-15T18:38:20.217-0300] {logging_mixin.py:150} INFO - [2023-08-15T18:38:20.216-0300] {dagbag.py:541} INFO - Filling up the DagBag from /home/alan/repos/pipeline_airflow/pipeline-airflow-venv/lib/python3.11/site-packages/airflow/example_dags/example_dag_decorator.py
[2023-08-15T18:38:20.251-0300] {processor.py:836} INFO - DAG(s) dict_keys(['example_dag_decorator']) retrieved from /home/alan/repos/pipeline_airflow/pipeline-airflow-venv/lib/python3.11/site-packages/airflow/example_dags/example_dag_decorator.py
[2023-08-15T18:38:20.485-0300] {logging_mixin.py:150} INFO - [2023-08-15T18:38:20.485-0300] {dag.py:2742} INFO - Sync 1 DAGs
[2023-08-15T18:38:20.525-0300] {logging_mixin.py:150} INFO - [2023-08-15T18:38:20.524-0300] {dag.py:3504} INFO - Setting next_dagrun for example_dag_decorator to None, run_after=None
[2023-08-15T18:38:20.649-0300] {processor.py:179} INFO - Processing /home/alan/repos/pipeline_airflow/pipeline-airflow-venv/lib/python3.11/site-packages/airflow/example_dags/example_dag_decorator.py took 0.457 seconds
[2023-08-15T18:45:01.688-0300] {processor.py:157} INFO - Started process (PID=23950) to work on /home/alan/repos/pipeline_airflow/pipeline-airflow-venv/lib/python3.11/site-packages/airflow/example_dags/example_dag_decorator.py
[2023-08-15T18:45:01.698-0300] {processor.py:826} INFO - Processing file /home/alan/repos/pipeline_airflow/pipeline-airflow-venv/lib/python3.11/site-packages/airflow/example_dags/example_dag_decorator.py for tasks to queue
[2023-08-15T18:45:01.699-0300] {logging_mixin.py:150} INFO - [2023-08-15T18:45:01.699-0300] {dagbag.py:541} INFO - Filling up the DagBag from /home/alan/repos/pipeline_airflow/pipeline-airflow-venv/lib/python3.11/site-packages/airflow/example_dags/example_dag_decorator.py
[2023-08-15T18:45:01.734-0300] {processor.py:836} INFO - DAG(s) dict_keys(['example_dag_decorator']) retrieved from /home/alan/repos/pipeline_airflow/pipeline-airflow-venv/lib/python3.11/site-packages/airflow/example_dags/example_dag_decorator.py
[2023-08-15T18:45:01.977-0300] {logging_mixin.py:150} INFO - [2023-08-15T18:45:01.977-0300] {dag.py:2742} INFO - Sync 1 DAGs
[2023-08-15T18:45:02.009-0300] {logging_mixin.py:150} INFO - [2023-08-15T18:45:02.009-0300] {dag.py:3504} INFO - Setting next_dagrun for example_dag_decorator to None, run_after=None
[2023-08-15T18:45:02.179-0300] {processor.py:179} INFO - Processing /home/alan/repos/pipeline_airflow/pipeline-airflow-venv/lib/python3.11/site-packages/airflow/example_dags/example_dag_decorator.py took 0.495 seconds
[2023-08-15T18:46:23.887-0300] {processor.py:157} INFO - Started process (PID=24288) to work on /home/alan/repos/pipeline_airflow/pipeline-airflow-venv/lib/python3.11/site-packages/airflow/example_dags/example_dag_decorator.py
[2023-08-15T18:46:23.903-0300] {processor.py:826} INFO - Processing file /home/alan/repos/pipeline_airflow/pipeline-airflow-venv/lib/python3.11/site-packages/airflow/example_dags/example_dag_decorator.py for tasks to queue
[2023-08-15T18:46:23.904-0300] {logging_mixin.py:150} INFO - [2023-08-15T18:46:23.904-0300] {dagbag.py:541} INFO - Filling up the DagBag from /home/alan/repos/pipeline_airflow/pipeline-airflow-venv/lib/python3.11/site-packages/airflow/example_dags/example_dag_decorator.py
[2023-08-15T18:46:23.932-0300] {processor.py:836} INFO - DAG(s) dict_keys(['example_dag_decorator']) retrieved from /home/alan/repos/pipeline_airflow/pipeline-airflow-venv/lib/python3.11/site-packages/airflow/example_dags/example_dag_decorator.py
[2023-08-15T18:46:24.195-0300] {logging_mixin.py:150} INFO - [2023-08-15T18:46:24.194-0300] {dag.py:2742} INFO - Sync 1 DAGs
[2023-08-15T18:46:24.430-0300] {logging_mixin.py:150} INFO - [2023-08-15T18:46:24.429-0300] {dag.py:3504} INFO - Setting next_dagrun for example_dag_decorator to None, run_after=None
[2023-08-15T18:46:24.560-0300] {processor.py:179} INFO - Processing /home/alan/repos/pipeline_airflow/pipeline-airflow-venv/lib/python3.11/site-packages/airflow/example_dags/example_dag_decorator.py took 0.683 seconds
[2023-08-15T18:47:26.857-0300] {processor.py:157} INFO - Started process (PID=24511) to work on /home/alan/repos/pipeline_airflow/pipeline-airflow-venv/lib/python3.11/site-packages/airflow/example_dags/example_dag_decorator.py
[2023-08-15T18:47:26.870-0300] {processor.py:826} INFO - Processing file /home/alan/repos/pipeline_airflow/pipeline-airflow-venv/lib/python3.11/site-packages/airflow/example_dags/example_dag_decorator.py for tasks to queue
[2023-08-15T18:47:26.872-0300] {logging_mixin.py:150} INFO - [2023-08-15T18:47:26.871-0300] {dagbag.py:541} INFO - Filling up the DagBag from /home/alan/repos/pipeline_airflow/pipeline-airflow-venv/lib/python3.11/site-packages/airflow/example_dags/example_dag_decorator.py
[2023-08-15T18:47:26.896-0300] {processor.py:836} INFO - DAG(s) dict_keys(['example_dag_decorator']) retrieved from /home/alan/repos/pipeline_airflow/pipeline-airflow-venv/lib/python3.11/site-packages/airflow/example_dags/example_dag_decorator.py
[2023-08-15T18:47:27.755-0300] {logging_mixin.py:150} INFO - [2023-08-15T18:47:27.754-0300] {dag.py:2742} INFO - Sync 1 DAGs
[2023-08-15T18:47:27.783-0300] {logging_mixin.py:150} INFO - [2023-08-15T18:47:27.783-0300] {dag.py:3504} INFO - Setting next_dagrun for example_dag_decorator to None, run_after=None
[2023-08-15T18:47:28.056-0300] {processor.py:179} INFO - Processing /home/alan/repos/pipeline_airflow/pipeline-airflow-venv/lib/python3.11/site-packages/airflow/example_dags/example_dag_decorator.py took 1.205 seconds
[2023-08-15T18:48:31.694-0300] {processor.py:157} INFO - Started process (PID=24730) to work on /home/alan/repos/pipeline_airflow/pipeline-airflow-venv/lib/python3.11/site-packages/airflow/example_dags/example_dag_decorator.py
[2023-08-15T18:48:31.705-0300] {processor.py:826} INFO - Processing file /home/alan/repos/pipeline_airflow/pipeline-airflow-venv/lib/python3.11/site-packages/airflow/example_dags/example_dag_decorator.py for tasks to queue
[2023-08-15T18:48:31.707-0300] {logging_mixin.py:150} INFO - [2023-08-15T18:48:31.706-0300] {dagbag.py:541} INFO - Filling up the DagBag from /home/alan/repos/pipeline_airflow/pipeline-airflow-venv/lib/python3.11/site-packages/airflow/example_dags/example_dag_decorator.py
[2023-08-15T18:48:31.735-0300] {processor.py:836} INFO - DAG(s) dict_keys(['example_dag_decorator']) retrieved from /home/alan/repos/pipeline_airflow/pipeline-airflow-venv/lib/python3.11/site-packages/airflow/example_dags/example_dag_decorator.py
[2023-08-15T18:48:32.167-0300] {logging_mixin.py:150} INFO - [2023-08-15T18:48:32.166-0300] {dag.py:2742} INFO - Sync 1 DAGs
[2023-08-15T18:48:32.206-0300] {logging_mixin.py:150} INFO - [2023-08-15T18:48:32.206-0300] {dag.py:3504} INFO - Setting next_dagrun for example_dag_decorator to None, run_after=None
[2023-08-15T18:48:32.423-0300] {processor.py:179} INFO - Processing /home/alan/repos/pipeline_airflow/pipeline-airflow-venv/lib/python3.11/site-packages/airflow/example_dags/example_dag_decorator.py took 0.735 seconds
[2023-08-15T18:49:39.773-0300] {processor.py:157} INFO - Started process (PID=24955) to work on /home/alan/repos/pipeline_airflow/pipeline-airflow-venv/lib/python3.11/site-packages/airflow/example_dags/example_dag_decorator.py
[2023-08-15T18:49:39.777-0300] {processor.py:826} INFO - Processing file /home/alan/repos/pipeline_airflow/pipeline-airflow-venv/lib/python3.11/site-packages/airflow/example_dags/example_dag_decorator.py for tasks to queue
[2023-08-15T18:49:39.779-0300] {logging_mixin.py:150} INFO - [2023-08-15T18:49:39.778-0300] {dagbag.py:541} INFO - Filling up the DagBag from /home/alan/repos/pipeline_airflow/pipeline-airflow-venv/lib/python3.11/site-packages/airflow/example_dags/example_dag_decorator.py
[2023-08-15T18:49:39.810-0300] {processor.py:836} INFO - DAG(s) dict_keys(['example_dag_decorator']) retrieved from /home/alan/repos/pipeline_airflow/pipeline-airflow-venv/lib/python3.11/site-packages/airflow/example_dags/example_dag_decorator.py
[2023-08-15T18:49:40.058-0300] {logging_mixin.py:150} INFO - [2023-08-15T18:49:40.058-0300] {dag.py:2742} INFO - Sync 1 DAGs
[2023-08-15T18:49:40.107-0300] {logging_mixin.py:150} INFO - [2023-08-15T18:49:40.106-0300] {dag.py:3504} INFO - Setting next_dagrun for example_dag_decorator to None, run_after=None
[2023-08-15T18:49:40.222-0300] {processor.py:179} INFO - Processing /home/alan/repos/pipeline_airflow/pipeline-airflow-venv/lib/python3.11/site-packages/airflow/example_dags/example_dag_decorator.py took 0.457 seconds
[2023-08-15T18:50:37.877-0300] {processor.py:157} INFO - Started process (PID=25171) to work on /home/alan/repos/pipeline_airflow/pipeline-airflow-venv/lib/python3.11/site-packages/airflow/example_dags/example_dag_decorator.py
[2023-08-15T18:50:37.895-0300] {processor.py:826} INFO - Processing file /home/alan/repos/pipeline_airflow/pipeline-airflow-venv/lib/python3.11/site-packages/airflow/example_dags/example_dag_decorator.py for tasks to queue
[2023-08-15T18:50:37.896-0300] {logging_mixin.py:150} INFO - [2023-08-15T18:50:37.895-0300] {dagbag.py:541} INFO - Filling up the DagBag from /home/alan/repos/pipeline_airflow/pipeline-airflow-venv/lib/python3.11/site-packages/airflow/example_dags/example_dag_decorator.py
[2023-08-15T18:50:37.922-0300] {processor.py:836} INFO - DAG(s) dict_keys(['example_dag_decorator']) retrieved from /home/alan/repos/pipeline_airflow/pipeline-airflow-venv/lib/python3.11/site-packages/airflow/example_dags/example_dag_decorator.py
[2023-08-15T18:50:38.127-0300] {logging_mixin.py:150} INFO - [2023-08-15T18:50:38.126-0300] {dag.py:2742} INFO - Sync 1 DAGs
[2023-08-15T18:50:38.158-0300] {logging_mixin.py:150} INFO - [2023-08-15T18:50:38.158-0300] {dag.py:3504} INFO - Setting next_dagrun for example_dag_decorator to None, run_after=None
[2023-08-15T18:50:38.266-0300] {processor.py:179} INFO - Processing /home/alan/repos/pipeline_airflow/pipeline-airflow-venv/lib/python3.11/site-packages/airflow/example_dags/example_dag_decorator.py took 0.395 seconds
[2023-08-15T18:51:54.250-0300] {processor.py:157} INFO - Started process (PID=25561) to work on /home/alan/repos/pipeline_airflow/pipeline-airflow-venv/lib/python3.11/site-packages/airflow/example_dags/example_dag_decorator.py
[2023-08-15T18:51:54.251-0300] {processor.py:826} INFO - Processing file /home/alan/repos/pipeline_airflow/pipeline-airflow-venv/lib/python3.11/site-packages/airflow/example_dags/example_dag_decorator.py for tasks to queue
[2023-08-15T18:51:54.253-0300] {logging_mixin.py:150} INFO - [2023-08-15T18:51:54.252-0300] {dagbag.py:541} INFO - Filling up the DagBag from /home/alan/repos/pipeline_airflow/pipeline-airflow-venv/lib/python3.11/site-packages/airflow/example_dags/example_dag_decorator.py
[2023-08-15T18:51:54.275-0300] {processor.py:836} INFO - DAG(s) dict_keys(['example_dag_decorator']) retrieved from /home/alan/repos/pipeline_airflow/pipeline-airflow-venv/lib/python3.11/site-packages/airflow/example_dags/example_dag_decorator.py
[2023-08-15T18:51:54.500-0300] {logging_mixin.py:150} INFO - [2023-08-15T18:51:54.500-0300] {dag.py:2742} INFO - Sync 1 DAGs
[2023-08-15T18:51:54.539-0300] {logging_mixin.py:150} INFO - [2023-08-15T18:51:54.539-0300] {dag.py:3504} INFO - Setting next_dagrun for example_dag_decorator to None, run_after=None
[2023-08-15T18:51:54.684-0300] {processor.py:179} INFO - Processing /home/alan/repos/pipeline_airflow/pipeline-airflow-venv/lib/python3.11/site-packages/airflow/example_dags/example_dag_decorator.py took 0.439 seconds
[2023-08-15T18:53:02.012-0300] {processor.py:157} INFO - Started process (PID=25856) to work on /home/alan/repos/pipeline_airflow/pipeline-airflow-venv/lib/python3.11/site-packages/airflow/example_dags/example_dag_decorator.py
[2023-08-15T18:53:02.018-0300] {processor.py:826} INFO - Processing file /home/alan/repos/pipeline_airflow/pipeline-airflow-venv/lib/python3.11/site-packages/airflow/example_dags/example_dag_decorator.py for tasks to queue
[2023-08-15T18:53:02.020-0300] {logging_mixin.py:150} INFO - [2023-08-15T18:53:02.019-0300] {dagbag.py:541} INFO - Filling up the DagBag from /home/alan/repos/pipeline_airflow/pipeline-airflow-venv/lib/python3.11/site-packages/airflow/example_dags/example_dag_decorator.py
[2023-08-15T18:53:02.041-0300] {processor.py:836} INFO - DAG(s) dict_keys(['example_dag_decorator']) retrieved from /home/alan/repos/pipeline_airflow/pipeline-airflow-venv/lib/python3.11/site-packages/airflow/example_dags/example_dag_decorator.py
[2023-08-15T18:53:02.220-0300] {logging_mixin.py:150} INFO - [2023-08-15T18:53:02.220-0300] {dag.py:2742} INFO - Sync 1 DAGs
[2023-08-15T18:53:02.250-0300] {logging_mixin.py:150} INFO - [2023-08-15T18:53:02.250-0300] {dag.py:3504} INFO - Setting next_dagrun for example_dag_decorator to None, run_after=None
[2023-08-15T18:53:02.361-0300] {processor.py:179} INFO - Processing /home/alan/repos/pipeline_airflow/pipeline-airflow-venv/lib/python3.11/site-packages/airflow/example_dags/example_dag_decorator.py took 0.355 seconds
[2023-08-15T18:54:23.134-0300] {processor.py:157} INFO - Started process (PID=26180) to work on /home/alan/repos/pipeline_airflow/pipeline-airflow-venv/lib/python3.11/site-packages/airflow/example_dags/example_dag_decorator.py
[2023-08-15T18:54:23.150-0300] {processor.py:826} INFO - Processing file /home/alan/repos/pipeline_airflow/pipeline-airflow-venv/lib/python3.11/site-packages/airflow/example_dags/example_dag_decorator.py for tasks to queue
[2023-08-15T18:54:23.153-0300] {logging_mixin.py:150} INFO - [2023-08-15T18:54:23.151-0300] {dagbag.py:541} INFO - Filling up the DagBag from /home/alan/repos/pipeline_airflow/pipeline-airflow-venv/lib/python3.11/site-packages/airflow/example_dags/example_dag_decorator.py
[2023-08-15T18:54:23.181-0300] {processor.py:836} INFO - DAG(s) dict_keys(['example_dag_decorator']) retrieved from /home/alan/repos/pipeline_airflow/pipeline-airflow-venv/lib/python3.11/site-packages/airflow/example_dags/example_dag_decorator.py
[2023-08-15T18:54:23.380-0300] {logging_mixin.py:150} INFO - [2023-08-15T18:54:23.379-0300] {dag.py:2742} INFO - Sync 1 DAGs
[2023-08-15T18:54:23.409-0300] {logging_mixin.py:150} INFO - [2023-08-15T18:54:23.409-0300] {dag.py:3504} INFO - Setting next_dagrun for example_dag_decorator to None, run_after=None
[2023-08-15T18:54:23.603-0300] {processor.py:179} INFO - Processing /home/alan/repos/pipeline_airflow/pipeline-airflow-venv/lib/python3.11/site-packages/airflow/example_dags/example_dag_decorator.py took 0.475 seconds
[2023-08-15T18:56:58.558-0300] {processor.py:157} INFO - Started process (PID=26914) to work on /home/alan/repos/pipeline_airflow/pipeline-airflow-venv/lib/python3.11/site-packages/airflow/example_dags/example_dag_decorator.py
[2023-08-15T18:56:58.650-0300] {processor.py:826} INFO - Processing file /home/alan/repos/pipeline_airflow/pipeline-airflow-venv/lib/python3.11/site-packages/airflow/example_dags/example_dag_decorator.py for tasks to queue
[2023-08-15T18:56:58.653-0300] {logging_mixin.py:150} INFO - [2023-08-15T18:56:58.652-0300] {dagbag.py:541} INFO - Filling up the DagBag from /home/alan/repos/pipeline_airflow/pipeline-airflow-venv/lib/python3.11/site-packages/airflow/example_dags/example_dag_decorator.py
[2023-08-15T18:56:58.774-0300] {processor.py:836} INFO - DAG(s) dict_keys(['example_dag_decorator']) retrieved from /home/alan/repos/pipeline_airflow/pipeline-airflow-venv/lib/python3.11/site-packages/airflow/example_dags/example_dag_decorator.py
[2023-08-15T18:57:08.197-0300] {logging_mixin.py:150} INFO - [2023-08-15T18:57:08.196-0300] {dag.py:2742} INFO - Sync 1 DAGs
[2023-08-15T18:57:08.246-0300] {logging_mixin.py:150} INFO - [2023-08-15T18:57:08.246-0300] {dag.py:3504} INFO - Setting next_dagrun for example_dag_decorator to None, run_after=None
[2023-08-15T18:57:09.264-0300] {processor.py:179} INFO - Processing /home/alan/repos/pipeline_airflow/pipeline-airflow-venv/lib/python3.11/site-packages/airflow/example_dags/example_dag_decorator.py took 10.712 seconds
[2023-08-15T19:02:12.689-0300] {processor.py:157} INFO - Started process (PID=27689) to work on /home/alan/repos/pipeline_airflow/pipeline-airflow-venv/lib/python3.11/site-packages/airflow/example_dags/example_dag_decorator.py
[2023-08-15T19:02:12.770-0300] {processor.py:826} INFO - Processing file /home/alan/repos/pipeline_airflow/pipeline-airflow-venv/lib/python3.11/site-packages/airflow/example_dags/example_dag_decorator.py for tasks to queue
[2023-08-15T19:02:12.773-0300] {logging_mixin.py:150} INFO - [2023-08-15T19:02:12.772-0300] {dagbag.py:541} INFO - Filling up the DagBag from /home/alan/repos/pipeline_airflow/pipeline-airflow-venv/lib/python3.11/site-packages/airflow/example_dags/example_dag_decorator.py
[2023-08-15T19:02:12.866-0300] {processor.py:836} INFO - DAG(s) dict_keys(['example_dag_decorator']) retrieved from /home/alan/repos/pipeline_airflow/pipeline-airflow-venv/lib/python3.11/site-packages/airflow/example_dags/example_dag_decorator.py
[2023-08-15T19:02:21.907-0300] {logging_mixin.py:150} INFO - [2023-08-15T19:02:21.907-0300] {dag.py:2742} INFO - Sync 1 DAGs
[2023-08-15T19:02:21.951-0300] {logging_mixin.py:150} INFO - [2023-08-15T19:02:21.951-0300] {dag.py:3504} INFO - Setting next_dagrun for example_dag_decorator to None, run_after=None
[2023-08-15T19:02:23.936-0300] {processor.py:179} INFO - Processing /home/alan/repos/pipeline_airflow/pipeline-airflow-venv/lib/python3.11/site-packages/airflow/example_dags/example_dag_decorator.py took 11.253 seconds
[2023-08-15T19:04:33.825-0300] {processor.py:157} INFO - Started process (PID=28322) to work on /home/alan/repos/pipeline_airflow/pipeline-airflow-venv/lib/python3.11/site-packages/airflow/example_dags/example_dag_decorator.py
[2023-08-15T19:04:33.834-0300] {processor.py:826} INFO - Processing file /home/alan/repos/pipeline_airflow/pipeline-airflow-venv/lib/python3.11/site-packages/airflow/example_dags/example_dag_decorator.py for tasks to queue
[2023-08-15T19:04:33.836-0300] {logging_mixin.py:150} INFO - [2023-08-15T19:04:33.835-0300] {dagbag.py:541} INFO - Filling up the DagBag from /home/alan/repos/pipeline_airflow/pipeline-airflow-venv/lib/python3.11/site-packages/airflow/example_dags/example_dag_decorator.py
[2023-08-15T19:04:33.858-0300] {processor.py:836} INFO - DAG(s) dict_keys(['example_dag_decorator']) retrieved from /home/alan/repos/pipeline_airflow/pipeline-airflow-venv/lib/python3.11/site-packages/airflow/example_dags/example_dag_decorator.py
[2023-08-15T19:04:34.042-0300] {logging_mixin.py:150} INFO - [2023-08-15T19:04:34.042-0300] {dag.py:2742} INFO - Sync 1 DAGs
[2023-08-15T19:04:34.071-0300] {logging_mixin.py:150} INFO - [2023-08-15T19:04:34.071-0300] {dag.py:3504} INFO - Setting next_dagrun for example_dag_decorator to None, run_after=None
[2023-08-15T19:04:34.178-0300] {processor.py:179} INFO - Processing /home/alan/repos/pipeline_airflow/pipeline-airflow-venv/lib/python3.11/site-packages/airflow/example_dags/example_dag_decorator.py took 0.358 seconds
[2023-08-15T19:05:58.176-0300] {processor.py:157} INFO - Started process (PID=28705) to work on /home/alan/repos/pipeline_airflow/pipeline-airflow-venv/lib/python3.11/site-packages/airflow/example_dags/example_dag_decorator.py
[2023-08-15T19:05:58.190-0300] {processor.py:826} INFO - Processing file /home/alan/repos/pipeline_airflow/pipeline-airflow-venv/lib/python3.11/site-packages/airflow/example_dags/example_dag_decorator.py for tasks to queue
[2023-08-15T19:05:58.192-0300] {logging_mixin.py:150} INFO - [2023-08-15T19:05:58.191-0300] {dagbag.py:541} INFO - Filling up the DagBag from /home/alan/repos/pipeline_airflow/pipeline-airflow-venv/lib/python3.11/site-packages/airflow/example_dags/example_dag_decorator.py
[2023-08-15T19:05:58.215-0300] {processor.py:836} INFO - DAG(s) dict_keys(['example_dag_decorator']) retrieved from /home/alan/repos/pipeline_airflow/pipeline-airflow-venv/lib/python3.11/site-packages/airflow/example_dags/example_dag_decorator.py
[2023-08-15T19:05:58.451-0300] {logging_mixin.py:150} INFO - [2023-08-15T19:05:58.450-0300] {dag.py:2742} INFO - Sync 1 DAGs
[2023-08-15T19:05:58.485-0300] {logging_mixin.py:150} INFO - [2023-08-15T19:05:58.485-0300] {dag.py:3504} INFO - Setting next_dagrun for example_dag_decorator to None, run_after=None
[2023-08-15T19:05:58.615-0300] {processor.py:179} INFO - Processing /home/alan/repos/pipeline_airflow/pipeline-airflow-venv/lib/python3.11/site-packages/airflow/example_dags/example_dag_decorator.py took 0.445 seconds
[2023-08-15T19:07:00.737-0300] {processor.py:157} INFO - Started process (PID=28874) to work on /home/alan/repos/pipeline_airflow/pipeline-airflow-venv/lib/python3.11/site-packages/airflow/example_dags/example_dag_decorator.py
[2023-08-15T19:07:00.759-0300] {processor.py:826} INFO - Processing file /home/alan/repos/pipeline_airflow/pipeline-airflow-venv/lib/python3.11/site-packages/airflow/example_dags/example_dag_decorator.py for tasks to queue
[2023-08-15T19:07:00.760-0300] {logging_mixin.py:150} INFO - [2023-08-15T19:07:00.760-0300] {dagbag.py:541} INFO - Filling up the DagBag from /home/alan/repos/pipeline_airflow/pipeline-airflow-venv/lib/python3.11/site-packages/airflow/example_dags/example_dag_decorator.py
[2023-08-15T19:07:00.796-0300] {processor.py:836} INFO - DAG(s) dict_keys(['example_dag_decorator']) retrieved from /home/alan/repos/pipeline_airflow/pipeline-airflow-venv/lib/python3.11/site-packages/airflow/example_dags/example_dag_decorator.py
[2023-08-15T19:07:01.013-0300] {logging_mixin.py:150} INFO - [2023-08-15T19:07:01.013-0300] {dag.py:2742} INFO - Sync 1 DAGs
[2023-08-15T19:07:01.051-0300] {logging_mixin.py:150} INFO - [2023-08-15T19:07:01.050-0300] {dag.py:3504} INFO - Setting next_dagrun for example_dag_decorator to None, run_after=None
[2023-08-15T19:07:01.354-0300] {processor.py:179} INFO - Processing /home/alan/repos/pipeline_airflow/pipeline-airflow-venv/lib/python3.11/site-packages/airflow/example_dags/example_dag_decorator.py took 0.624 seconds
[2023-08-15T19:08:03.220-0300] {processor.py:157} INFO - Started process (PID=29140) to work on /home/alan/repos/pipeline_airflow/pipeline-airflow-venv/lib/python3.11/site-packages/airflow/example_dags/example_dag_decorator.py
[2023-08-15T19:08:03.237-0300] {processor.py:826} INFO - Processing file /home/alan/repos/pipeline_airflow/pipeline-airflow-venv/lib/python3.11/site-packages/airflow/example_dags/example_dag_decorator.py for tasks to queue
[2023-08-15T19:08:03.238-0300] {logging_mixin.py:150} INFO - [2023-08-15T19:08:03.238-0300] {dagbag.py:541} INFO - Filling up the DagBag from /home/alan/repos/pipeline_airflow/pipeline-airflow-venv/lib/python3.11/site-packages/airflow/example_dags/example_dag_decorator.py
[2023-08-15T19:08:03.280-0300] {processor.py:836} INFO - DAG(s) dict_keys(['example_dag_decorator']) retrieved from /home/alan/repos/pipeline_airflow/pipeline-airflow-venv/lib/python3.11/site-packages/airflow/example_dags/example_dag_decorator.py
[2023-08-15T19:08:03.566-0300] {logging_mixin.py:150} INFO - [2023-08-15T19:08:03.565-0300] {dag.py:2742} INFO - Sync 1 DAGs
[2023-08-15T19:08:04.953-0300] {logging_mixin.py:150} INFO - [2023-08-15T19:08:04.953-0300] {dag.py:3504} INFO - Setting next_dagrun for example_dag_decorator to None, run_after=None
[2023-08-15T19:08:05.460-0300] {processor.py:179} INFO - Processing /home/alan/repos/pipeline_airflow/pipeline-airflow-venv/lib/python3.11/site-packages/airflow/example_dags/example_dag_decorator.py took 2.252 seconds
[2023-08-15T19:09:09.266-0300] {processor.py:157} INFO - Started process (PID=29305) to work on /home/alan/repos/pipeline_airflow/pipeline-airflow-venv/lib/python3.11/site-packages/airflow/example_dags/example_dag_decorator.py
[2023-08-15T19:09:09.279-0300] {processor.py:826} INFO - Processing file /home/alan/repos/pipeline_airflow/pipeline-airflow-venv/lib/python3.11/site-packages/airflow/example_dags/example_dag_decorator.py for tasks to queue
[2023-08-15T19:09:09.281-0300] {logging_mixin.py:150} INFO - [2023-08-15T19:09:09.280-0300] {dagbag.py:541} INFO - Filling up the DagBag from /home/alan/repos/pipeline_airflow/pipeline-airflow-venv/lib/python3.11/site-packages/airflow/example_dags/example_dag_decorator.py
[2023-08-15T19:09:09.304-0300] {processor.py:836} INFO - DAG(s) dict_keys(['example_dag_decorator']) retrieved from /home/alan/repos/pipeline_airflow/pipeline-airflow-venv/lib/python3.11/site-packages/airflow/example_dags/example_dag_decorator.py
[2023-08-15T19:09:09.528-0300] {logging_mixin.py:150} INFO - [2023-08-15T19:09:09.527-0300] {dag.py:2742} INFO - Sync 1 DAGs
[2023-08-15T19:09:09.558-0300] {logging_mixin.py:150} INFO - [2023-08-15T19:09:09.558-0300] {dag.py:3504} INFO - Setting next_dagrun for example_dag_decorator to None, run_after=None
[2023-08-15T19:09:09.763-0300] {processor.py:179} INFO - Processing /home/alan/repos/pipeline_airflow/pipeline-airflow-venv/lib/python3.11/site-packages/airflow/example_dags/example_dag_decorator.py took 0.502 seconds
[2023-08-15T19:10:08.540-0300] {processor.py:157} INFO - Started process (PID=29463) to work on /home/alan/repos/pipeline_airflow/pipeline-airflow-venv/lib/python3.11/site-packages/airflow/example_dags/example_dag_decorator.py
[2023-08-15T19:10:08.559-0300] {processor.py:826} INFO - Processing file /home/alan/repos/pipeline_airflow/pipeline-airflow-venv/lib/python3.11/site-packages/airflow/example_dags/example_dag_decorator.py for tasks to queue
[2023-08-15T19:10:08.561-0300] {logging_mixin.py:150} INFO - [2023-08-15T19:10:08.560-0300] {dagbag.py:541} INFO - Filling up the DagBag from /home/alan/repos/pipeline_airflow/pipeline-airflow-venv/lib/python3.11/site-packages/airflow/example_dags/example_dag_decorator.py
[2023-08-15T19:10:08.586-0300] {processor.py:836} INFO - DAG(s) dict_keys(['example_dag_decorator']) retrieved from /home/alan/repos/pipeline_airflow/pipeline-airflow-venv/lib/python3.11/site-packages/airflow/example_dags/example_dag_decorator.py
[2023-08-15T19:10:08.767-0300] {logging_mixin.py:150} INFO - [2023-08-15T19:10:08.766-0300] {dag.py:2742} INFO - Sync 1 DAGs
[2023-08-15T19:10:08.799-0300] {logging_mixin.py:150} INFO - [2023-08-15T19:10:08.799-0300] {dag.py:3504} INFO - Setting next_dagrun for example_dag_decorator to None, run_after=None
[2023-08-15T19:10:09.008-0300] {processor.py:179} INFO - Processing /home/alan/repos/pipeline_airflow/pipeline-airflow-venv/lib/python3.11/site-packages/airflow/example_dags/example_dag_decorator.py took 0.474 seconds
[2023-08-15T19:11:07.614-0300] {processor.py:157} INFO - Started process (PID=29647) to work on /home/alan/repos/pipeline_airflow/pipeline-airflow-venv/lib/python3.11/site-packages/airflow/example_dags/example_dag_decorator.py
[2023-08-15T19:11:07.627-0300] {processor.py:826} INFO - Processing file /home/alan/repos/pipeline_airflow/pipeline-airflow-venv/lib/python3.11/site-packages/airflow/example_dags/example_dag_decorator.py for tasks to queue
[2023-08-15T19:11:07.630-0300] {logging_mixin.py:150} INFO - [2023-08-15T19:11:07.628-0300] {dagbag.py:541} INFO - Filling up the DagBag from /home/alan/repos/pipeline_airflow/pipeline-airflow-venv/lib/python3.11/site-packages/airflow/example_dags/example_dag_decorator.py
[2023-08-15T19:11:07.687-0300] {processor.py:836} INFO - DAG(s) dict_keys(['example_dag_decorator']) retrieved from /home/alan/repos/pipeline_airflow/pipeline-airflow-venv/lib/python3.11/site-packages/airflow/example_dags/example_dag_decorator.py
[2023-08-15T19:11:08.000-0300] {logging_mixin.py:150} INFO - [2023-08-15T19:11:08.000-0300] {dag.py:2742} INFO - Sync 1 DAGs
[2023-08-15T19:11:08.033-0300] {logging_mixin.py:150} INFO - [2023-08-15T19:11:08.032-0300] {dag.py:3504} INFO - Setting next_dagrun for example_dag_decorator to None, run_after=None
[2023-08-15T19:11:08.159-0300] {processor.py:179} INFO - Processing /home/alan/repos/pipeline_airflow/pipeline-airflow-venv/lib/python3.11/site-packages/airflow/example_dags/example_dag_decorator.py took 0.551 seconds
[2023-08-15T19:12:13.528-0300] {processor.py:157} INFO - Started process (PID=29881) to work on /home/alan/repos/pipeline_airflow/pipeline-airflow-venv/lib/python3.11/site-packages/airflow/example_dags/example_dag_decorator.py
[2023-08-15T19:12:13.543-0300] {processor.py:826} INFO - Processing file /home/alan/repos/pipeline_airflow/pipeline-airflow-venv/lib/python3.11/site-packages/airflow/example_dags/example_dag_decorator.py for tasks to queue
[2023-08-15T19:12:13.545-0300] {logging_mixin.py:150} INFO - [2023-08-15T19:12:13.544-0300] {dagbag.py:541} INFO - Filling up the DagBag from /home/alan/repos/pipeline_airflow/pipeline-airflow-venv/lib/python3.11/site-packages/airflow/example_dags/example_dag_decorator.py
[2023-08-15T19:12:13.579-0300] {processor.py:836} INFO - DAG(s) dict_keys(['example_dag_decorator']) retrieved from /home/alan/repos/pipeline_airflow/pipeline-airflow-venv/lib/python3.11/site-packages/airflow/example_dags/example_dag_decorator.py
[2023-08-15T19:12:14.220-0300] {logging_mixin.py:150} INFO - [2023-08-15T19:12:14.219-0300] {dag.py:2742} INFO - Sync 1 DAGs
[2023-08-15T19:12:14.254-0300] {logging_mixin.py:150} INFO - [2023-08-15T19:12:14.254-0300] {dag.py:3504} INFO - Setting next_dagrun for example_dag_decorator to None, run_after=None
[2023-08-15T19:12:14.368-0300] {processor.py:179} INFO - Processing /home/alan/repos/pipeline_airflow/pipeline-airflow-venv/lib/python3.11/site-packages/airflow/example_dags/example_dag_decorator.py took 0.846 seconds
[2023-08-15T19:13:13.651-0300] {processor.py:157} INFO - Started process (PID=30054) to work on /home/alan/repos/pipeline_airflow/pipeline-airflow-venv/lib/python3.11/site-packages/airflow/example_dags/example_dag_decorator.py
[2023-08-15T19:13:13.663-0300] {processor.py:826} INFO - Processing file /home/alan/repos/pipeline_airflow/pipeline-airflow-venv/lib/python3.11/site-packages/airflow/example_dags/example_dag_decorator.py for tasks to queue
[2023-08-15T19:13:13.665-0300] {logging_mixin.py:150} INFO - [2023-08-15T19:13:13.665-0300] {dagbag.py:541} INFO - Filling up the DagBag from /home/alan/repos/pipeline_airflow/pipeline-airflow-venv/lib/python3.11/site-packages/airflow/example_dags/example_dag_decorator.py
[2023-08-15T19:13:13.691-0300] {processor.py:836} INFO - DAG(s) dict_keys(['example_dag_decorator']) retrieved from /home/alan/repos/pipeline_airflow/pipeline-airflow-venv/lib/python3.11/site-packages/airflow/example_dags/example_dag_decorator.py
[2023-08-15T19:13:13.914-0300] {logging_mixin.py:150} INFO - [2023-08-15T19:13:13.914-0300] {dag.py:2742} INFO - Sync 1 DAGs
[2023-08-15T19:13:13.949-0300] {logging_mixin.py:150} INFO - [2023-08-15T19:13:13.948-0300] {dag.py:3504} INFO - Setting next_dagrun for example_dag_decorator to None, run_after=None
[2023-08-15T19:13:14.085-0300] {processor.py:179} INFO - Processing /home/alan/repos/pipeline_airflow/pipeline-airflow-venv/lib/python3.11/site-packages/airflow/example_dags/example_dag_decorator.py took 0.440 seconds
[2023-08-15T19:14:14.763-0300] {processor.py:157} INFO - Started process (PID=30208) to work on /home/alan/repos/pipeline_airflow/pipeline-airflow-venv/lib/python3.11/site-packages/airflow/example_dags/example_dag_decorator.py
[2023-08-15T19:14:14.769-0300] {processor.py:826} INFO - Processing file /home/alan/repos/pipeline_airflow/pipeline-airflow-venv/lib/python3.11/site-packages/airflow/example_dags/example_dag_decorator.py for tasks to queue
[2023-08-15T19:14:14.771-0300] {logging_mixin.py:150} INFO - [2023-08-15T19:14:14.770-0300] {dagbag.py:541} INFO - Filling up the DagBag from /home/alan/repos/pipeline_airflow/pipeline-airflow-venv/lib/python3.11/site-packages/airflow/example_dags/example_dag_decorator.py
[2023-08-15T19:14:14.800-0300] {processor.py:836} INFO - DAG(s) dict_keys(['example_dag_decorator']) retrieved from /home/alan/repos/pipeline_airflow/pipeline-airflow-venv/lib/python3.11/site-packages/airflow/example_dags/example_dag_decorator.py
[2023-08-15T19:14:15.080-0300] {logging_mixin.py:150} INFO - [2023-08-15T19:14:15.080-0300] {dag.py:2742} INFO - Sync 1 DAGs
[2023-08-15T19:14:15.115-0300] {logging_mixin.py:150} INFO - [2023-08-15T19:14:15.115-0300] {dag.py:3504} INFO - Setting next_dagrun for example_dag_decorator to None, run_after=None
[2023-08-15T19:14:15.295-0300] {processor.py:179} INFO - Processing /home/alan/repos/pipeline_airflow/pipeline-airflow-venv/lib/python3.11/site-packages/airflow/example_dags/example_dag_decorator.py took 0.538 seconds
[2023-08-15T19:15:11.702-0300] {processor.py:157} INFO - Started process (PID=30356) to work on /home/alan/repos/pipeline_airflow/pipeline-airflow-venv/lib/python3.11/site-packages/airflow/example_dags/example_dag_decorator.py
[2023-08-15T19:15:11.712-0300] {processor.py:826} INFO - Processing file /home/alan/repos/pipeline_airflow/pipeline-airflow-venv/lib/python3.11/site-packages/airflow/example_dags/example_dag_decorator.py for tasks to queue
[2023-08-15T19:15:11.713-0300] {logging_mixin.py:150} INFO - [2023-08-15T19:15:11.713-0300] {dagbag.py:541} INFO - Filling up the DagBag from /home/alan/repos/pipeline_airflow/pipeline-airflow-venv/lib/python3.11/site-packages/airflow/example_dags/example_dag_decorator.py
[2023-08-15T19:15:11.735-0300] {processor.py:836} INFO - DAG(s) dict_keys(['example_dag_decorator']) retrieved from /home/alan/repos/pipeline_airflow/pipeline-airflow-venv/lib/python3.11/site-packages/airflow/example_dags/example_dag_decorator.py
[2023-08-15T19:15:11.916-0300] {logging_mixin.py:150} INFO - [2023-08-15T19:15:11.915-0300] {dag.py:2742} INFO - Sync 1 DAGs
[2023-08-15T19:15:11.957-0300] {logging_mixin.py:150} INFO - [2023-08-15T19:15:11.957-0300] {dag.py:3504} INFO - Setting next_dagrun for example_dag_decorator to None, run_after=None
[2023-08-15T19:15:12.062-0300] {processor.py:179} INFO - Processing /home/alan/repos/pipeline_airflow/pipeline-airflow-venv/lib/python3.11/site-packages/airflow/example_dags/example_dag_decorator.py took 0.366 seconds
[2023-08-15T19:16:38.403-0300] {processor.py:157} INFO - Started process (PID=30581) to work on /home/alan/repos/pipeline_airflow/pipeline-airflow-venv/lib/python3.11/site-packages/airflow/example_dags/example_dag_decorator.py
[2023-08-15T19:16:38.411-0300] {processor.py:826} INFO - Processing file /home/alan/repos/pipeline_airflow/pipeline-airflow-venv/lib/python3.11/site-packages/airflow/example_dags/example_dag_decorator.py for tasks to queue
[2023-08-15T19:16:38.413-0300] {logging_mixin.py:150} INFO - [2023-08-15T19:16:38.413-0300] {dagbag.py:541} INFO - Filling up the DagBag from /home/alan/repos/pipeline_airflow/pipeline-airflow-venv/lib/python3.11/site-packages/airflow/example_dags/example_dag_decorator.py
[2023-08-15T19:16:38.436-0300] {processor.py:836} INFO - DAG(s) dict_keys(['example_dag_decorator']) retrieved from /home/alan/repos/pipeline_airflow/pipeline-airflow-venv/lib/python3.11/site-packages/airflow/example_dags/example_dag_decorator.py
[2023-08-15T19:16:38.614-0300] {logging_mixin.py:150} INFO - [2023-08-15T19:16:38.614-0300] {dag.py:2742} INFO - Sync 1 DAGs
[2023-08-15T19:16:38.643-0300] {logging_mixin.py:150} INFO - [2023-08-15T19:16:38.643-0300] {dag.py:3504} INFO - Setting next_dagrun for example_dag_decorator to None, run_after=None
[2023-08-15T19:16:38.783-0300] {processor.py:179} INFO - Processing /home/alan/repos/pipeline_airflow/pipeline-airflow-venv/lib/python3.11/site-packages/airflow/example_dags/example_dag_decorator.py took 0.389 seconds
[2023-08-15T19:17:39.861-0300] {processor.py:157} INFO - Started process (PID=30743) to work on /home/alan/repos/pipeline_airflow/pipeline-airflow-venv/lib/python3.11/site-packages/airflow/example_dags/example_dag_decorator.py
[2023-08-15T19:17:39.870-0300] {processor.py:826} INFO - Processing file /home/alan/repos/pipeline_airflow/pipeline-airflow-venv/lib/python3.11/site-packages/airflow/example_dags/example_dag_decorator.py for tasks to queue
[2023-08-15T19:17:39.872-0300] {logging_mixin.py:150} INFO - [2023-08-15T19:17:39.871-0300] {dagbag.py:541} INFO - Filling up the DagBag from /home/alan/repos/pipeline_airflow/pipeline-airflow-venv/lib/python3.11/site-packages/airflow/example_dags/example_dag_decorator.py
[2023-08-15T19:17:39.899-0300] {processor.py:836} INFO - DAG(s) dict_keys(['example_dag_decorator']) retrieved from /home/alan/repos/pipeline_airflow/pipeline-airflow-venv/lib/python3.11/site-packages/airflow/example_dags/example_dag_decorator.py
[2023-08-15T19:17:40.097-0300] {logging_mixin.py:150} INFO - [2023-08-15T19:17:40.096-0300] {dag.py:2742} INFO - Sync 1 DAGs
[2023-08-15T19:17:40.126-0300] {logging_mixin.py:150} INFO - [2023-08-15T19:17:40.126-0300] {dag.py:3504} INFO - Setting next_dagrun for example_dag_decorator to None, run_after=None
[2023-08-15T19:17:40.234-0300] {processor.py:179} INFO - Processing /home/alan/repos/pipeline_airflow/pipeline-airflow-venv/lib/python3.11/site-packages/airflow/example_dags/example_dag_decorator.py took 0.380 seconds
[2023-08-15T19:18:36.904-0300] {processor.py:157} INFO - Started process (PID=30895) to work on /home/alan/repos/pipeline_airflow/pipeline-airflow-venv/lib/python3.11/site-packages/airflow/example_dags/example_dag_decorator.py
[2023-08-15T19:18:36.914-0300] {processor.py:826} INFO - Processing file /home/alan/repos/pipeline_airflow/pipeline-airflow-venv/lib/python3.11/site-packages/airflow/example_dags/example_dag_decorator.py for tasks to queue
[2023-08-15T19:18:36.916-0300] {logging_mixin.py:150} INFO - [2023-08-15T19:18:36.915-0300] {dagbag.py:541} INFO - Filling up the DagBag from /home/alan/repos/pipeline_airflow/pipeline-airflow-venv/lib/python3.11/site-packages/airflow/example_dags/example_dag_decorator.py
[2023-08-15T19:18:36.944-0300] {processor.py:836} INFO - DAG(s) dict_keys(['example_dag_decorator']) retrieved from /home/alan/repos/pipeline_airflow/pipeline-airflow-venv/lib/python3.11/site-packages/airflow/example_dags/example_dag_decorator.py
[2023-08-15T19:18:37.126-0300] {logging_mixin.py:150} INFO - [2023-08-15T19:18:37.125-0300] {dag.py:2742} INFO - Sync 1 DAGs
[2023-08-15T19:18:37.155-0300] {logging_mixin.py:150} INFO - [2023-08-15T19:18:37.155-0300] {dag.py:3504} INFO - Setting next_dagrun for example_dag_decorator to None, run_after=None
[2023-08-15T19:18:37.254-0300] {processor.py:179} INFO - Processing /home/alan/repos/pipeline_airflow/pipeline-airflow-venv/lib/python3.11/site-packages/airflow/example_dags/example_dag_decorator.py took 0.356 seconds
[2023-08-15T19:20:02.958-0300] {processor.py:157} INFO - Started process (PID=31111) to work on /home/alan/repos/pipeline_airflow/pipeline-airflow-venv/lib/python3.11/site-packages/airflow/example_dags/example_dag_decorator.py
[2023-08-15T19:20:02.972-0300] {processor.py:826} INFO - Processing file /home/alan/repos/pipeline_airflow/pipeline-airflow-venv/lib/python3.11/site-packages/airflow/example_dags/example_dag_decorator.py for tasks to queue
[2023-08-15T19:20:02.975-0300] {logging_mixin.py:150} INFO - [2023-08-15T19:20:02.974-0300] {dagbag.py:541} INFO - Filling up the DagBag from /home/alan/repos/pipeline_airflow/pipeline-airflow-venv/lib/python3.11/site-packages/airflow/example_dags/example_dag_decorator.py
[2023-08-15T19:20:02.997-0300] {processor.py:836} INFO - DAG(s) dict_keys(['example_dag_decorator']) retrieved from /home/alan/repos/pipeline_airflow/pipeline-airflow-venv/lib/python3.11/site-packages/airflow/example_dags/example_dag_decorator.py
[2023-08-15T19:20:03.234-0300] {logging_mixin.py:150} INFO - [2023-08-15T19:20:03.234-0300] {dag.py:2742} INFO - Sync 1 DAGs
[2023-08-15T19:20:03.267-0300] {logging_mixin.py:150} INFO - [2023-08-15T19:20:03.267-0300] {dag.py:3504} INFO - Setting next_dagrun for example_dag_decorator to None, run_after=None
[2023-08-15T19:20:03.405-0300] {processor.py:179} INFO - Processing /home/alan/repos/pipeline_airflow/pipeline-airflow-venv/lib/python3.11/site-packages/airflow/example_dags/example_dag_decorator.py took 0.453 seconds
[2023-08-15T19:21:14.071-0300] {processor.py:157} INFO - Started process (PID=31461) to work on /home/alan/repos/pipeline_airflow/pipeline-airflow-venv/lib/python3.11/site-packages/airflow/example_dags/example_dag_decorator.py
[2023-08-15T19:21:14.088-0300] {processor.py:826} INFO - Processing file /home/alan/repos/pipeline_airflow/pipeline-airflow-venv/lib/python3.11/site-packages/airflow/example_dags/example_dag_decorator.py for tasks to queue
[2023-08-15T19:21:14.090-0300] {logging_mixin.py:150} INFO - [2023-08-15T19:21:14.090-0300] {dagbag.py:541} INFO - Filling up the DagBag from /home/alan/repos/pipeline_airflow/pipeline-airflow-venv/lib/python3.11/site-packages/airflow/example_dags/example_dag_decorator.py
[2023-08-15T19:21:14.116-0300] {processor.py:836} INFO - DAG(s) dict_keys(['example_dag_decorator']) retrieved from /home/alan/repos/pipeline_airflow/pipeline-airflow-venv/lib/python3.11/site-packages/airflow/example_dags/example_dag_decorator.py
[2023-08-15T19:21:14.317-0300] {logging_mixin.py:150} INFO - [2023-08-15T19:21:14.316-0300] {dag.py:2742} INFO - Sync 1 DAGs
[2023-08-15T19:21:14.351-0300] {logging_mixin.py:150} INFO - [2023-08-15T19:21:14.351-0300] {dag.py:3504} INFO - Setting next_dagrun for example_dag_decorator to None, run_after=None
[2023-08-15T19:21:14.462-0300] {processor.py:179} INFO - Processing /home/alan/repos/pipeline_airflow/pipeline-airflow-venv/lib/python3.11/site-packages/airflow/example_dags/example_dag_decorator.py took 0.397 seconds
