[2023-08-15T18:20:03.584-0300] {processor.py:157} INFO - Started process (PID=18424) to work on /home/alan/repos/pipeline_airflow/pipeline-airflow-venv/lib/python3.11/site-packages/airflow/example_dags/example_dynamic_task_mapping.py
[2023-08-15T18:20:03.585-0300] {processor.py:826} INFO - Processing file /home/alan/repos/pipeline_airflow/pipeline-airflow-venv/lib/python3.11/site-packages/airflow/example_dags/example_dynamic_task_mapping.py for tasks to queue
[2023-08-15T18:20:03.587-0300] {logging_mixin.py:150} INFO - [2023-08-15T18:20:03.586-0300] {dagbag.py:541} INFO - Filling up the DagBag from /home/alan/repos/pipeline_airflow/pipeline-airflow-venv/lib/python3.11/site-packages/airflow/example_dags/example_dynamic_task_mapping.py
[2023-08-15T18:20:03.600-0300] {processor.py:836} INFO - DAG(s) dict_keys(['example_dynamic_task_mapping']) retrieved from /home/alan/repos/pipeline_airflow/pipeline-airflow-venv/lib/python3.11/site-packages/airflow/example_dags/example_dynamic_task_mapping.py
[2023-08-15T18:20:03.958-0300] {logging_mixin.py:150} INFO - [2023-08-15T18:20:03.958-0300] {manager.py:504} INFO - Created Permission View: can delete on DAG:example_dynamic_task_mapping
[2023-08-15T18:20:04.048-0300] {logging_mixin.py:150} INFO - [2023-08-15T18:20:04.047-0300] {manager.py:504} INFO - Created Permission View: can edit on DAG:example_dynamic_task_mapping
[2023-08-15T18:20:04.146-0300] {logging_mixin.py:150} INFO - [2023-08-15T18:20:04.146-0300] {manager.py:504} INFO - Created Permission View: can read on DAG:example_dynamic_task_mapping
[2023-08-15T18:20:04.168-0300] {logging_mixin.py:150} INFO - [2023-08-15T18:20:04.167-0300] {dag.py:2742} INFO - Sync 1 DAGs
[2023-08-15T18:20:04.184-0300] {logging_mixin.py:150} INFO - [2023-08-15T18:20:04.184-0300] {dag.py:2763} INFO - Creating ORM DAG for example_dynamic_task_mapping
[2023-08-15T18:20:04.200-0300] {logging_mixin.py:150} INFO - [2023-08-15T18:20:04.200-0300] {dag.py:3504} INFO - Setting next_dagrun for example_dynamic_task_mapping to 2022-03-04T00:00:00+00:00, run_after=2022-03-05T00:00:00+00:00
[2023-08-15T18:20:04.348-0300] {processor.py:179} INFO - Processing /home/alan/repos/pipeline_airflow/pipeline-airflow-venv/lib/python3.11/site-packages/airflow/example_dags/example_dynamic_task_mapping.py took 0.770 seconds
[2023-08-15T18:21:17.861-0300] {processor.py:157} INFO - Started process (PID=18878) to work on /home/alan/repos/pipeline_airflow/pipeline-airflow-venv/lib/python3.11/site-packages/airflow/example_dags/example_dynamic_task_mapping.py
[2023-08-15T18:21:17.862-0300] {processor.py:826} INFO - Processing file /home/alan/repos/pipeline_airflow/pipeline-airflow-venv/lib/python3.11/site-packages/airflow/example_dags/example_dynamic_task_mapping.py for tasks to queue
[2023-08-15T18:21:17.864-0300] {logging_mixin.py:150} INFO - [2023-08-15T18:21:17.863-0300] {dagbag.py:541} INFO - Filling up the DagBag from /home/alan/repos/pipeline_airflow/pipeline-airflow-venv/lib/python3.11/site-packages/airflow/example_dags/example_dynamic_task_mapping.py
[2023-08-15T18:21:17.878-0300] {processor.py:836} INFO - DAG(s) dict_keys(['example_dynamic_task_mapping']) retrieved from /home/alan/repos/pipeline_airflow/pipeline-airflow-venv/lib/python3.11/site-packages/airflow/example_dags/example_dynamic_task_mapping.py
[2023-08-15T18:21:17.908-0300] {logging_mixin.py:150} INFO - [2023-08-15T18:21:17.908-0300] {dag.py:2742} INFO - Sync 1 DAGs
[2023-08-15T18:21:17.947-0300] {logging_mixin.py:150} INFO - [2023-08-15T18:21:17.946-0300] {dag.py:3504} INFO - Setting next_dagrun for example_dynamic_task_mapping to 2022-03-04T00:00:00+00:00, run_after=2022-03-05T00:00:00+00:00
[2023-08-15T18:21:18.058-0300] {processor.py:179} INFO - Processing /home/alan/repos/pipeline_airflow/pipeline-airflow-venv/lib/python3.11/site-packages/airflow/example_dags/example_dynamic_task_mapping.py took 0.202 seconds
[2023-08-15T18:22:24.007-0300] {processor.py:157} INFO - Started process (PID=19117) to work on /home/alan/repos/pipeline_airflow/pipeline-airflow-venv/lib/python3.11/site-packages/airflow/example_dags/example_dynamic_task_mapping.py
[2023-08-15T18:22:24.009-0300] {processor.py:826} INFO - Processing file /home/alan/repos/pipeline_airflow/pipeline-airflow-venv/lib/python3.11/site-packages/airflow/example_dags/example_dynamic_task_mapping.py for tasks to queue
[2023-08-15T18:22:24.010-0300] {logging_mixin.py:150} INFO - [2023-08-15T18:22:24.010-0300] {dagbag.py:541} INFO - Filling up the DagBag from /home/alan/repos/pipeline_airflow/pipeline-airflow-venv/lib/python3.11/site-packages/airflow/example_dags/example_dynamic_task_mapping.py
[2023-08-15T18:22:24.024-0300] {processor.py:836} INFO - DAG(s) dict_keys(['example_dynamic_task_mapping']) retrieved from /home/alan/repos/pipeline_airflow/pipeline-airflow-venv/lib/python3.11/site-packages/airflow/example_dags/example_dynamic_task_mapping.py
[2023-08-15T18:22:24.056-0300] {logging_mixin.py:150} INFO - [2023-08-15T18:22:24.055-0300] {dag.py:2742} INFO - Sync 1 DAGs
[2023-08-15T18:22:24.093-0300] {logging_mixin.py:150} INFO - [2023-08-15T18:22:24.093-0300] {dag.py:3504} INFO - Setting next_dagrun for example_dynamic_task_mapping to 2022-03-04T00:00:00+00:00, run_after=2022-03-05T00:00:00+00:00
[2023-08-15T18:22:24.205-0300] {processor.py:179} INFO - Processing /home/alan/repos/pipeline_airflow/pipeline-airflow-venv/lib/python3.11/site-packages/airflow/example_dags/example_dynamic_task_mapping.py took 0.203 seconds
[2023-08-15T18:23:22.417-0300] {processor.py:157} INFO - Started process (PID=19317) to work on /home/alan/repos/pipeline_airflow/pipeline-airflow-venv/lib/python3.11/site-packages/airflow/example_dags/example_dynamic_task_mapping.py
[2023-08-15T18:23:22.418-0300] {processor.py:826} INFO - Processing file /home/alan/repos/pipeline_airflow/pipeline-airflow-venv/lib/python3.11/site-packages/airflow/example_dags/example_dynamic_task_mapping.py for tasks to queue
[2023-08-15T18:23:22.420-0300] {logging_mixin.py:150} INFO - [2023-08-15T18:23:22.419-0300] {dagbag.py:541} INFO - Filling up the DagBag from /home/alan/repos/pipeline_airflow/pipeline-airflow-venv/lib/python3.11/site-packages/airflow/example_dags/example_dynamic_task_mapping.py
[2023-08-15T18:23:22.436-0300] {processor.py:836} INFO - DAG(s) dict_keys(['example_dynamic_task_mapping']) retrieved from /home/alan/repos/pipeline_airflow/pipeline-airflow-venv/lib/python3.11/site-packages/airflow/example_dags/example_dynamic_task_mapping.py
[2023-08-15T18:23:22.464-0300] {logging_mixin.py:150} INFO - [2023-08-15T18:23:22.463-0300] {dag.py:2742} INFO - Sync 1 DAGs
[2023-08-15T18:23:22.499-0300] {logging_mixin.py:150} INFO - [2023-08-15T18:23:22.499-0300] {dag.py:3504} INFO - Setting next_dagrun for example_dynamic_task_mapping to 2022-03-04T00:00:00+00:00, run_after=2022-03-05T00:00:00+00:00
[2023-08-15T18:23:22.770-0300] {processor.py:179} INFO - Processing /home/alan/repos/pipeline_airflow/pipeline-airflow-venv/lib/python3.11/site-packages/airflow/example_dags/example_dynamic_task_mapping.py took 0.360 seconds
[2023-08-15T18:24:30.421-0300] {processor.py:157} INFO - Started process (PID=19606) to work on /home/alan/repos/pipeline_airflow/pipeline-airflow-venv/lib/python3.11/site-packages/airflow/example_dags/example_dynamic_task_mapping.py
[2023-08-15T18:24:30.428-0300] {processor.py:826} INFO - Processing file /home/alan/repos/pipeline_airflow/pipeline-airflow-venv/lib/python3.11/site-packages/airflow/example_dags/example_dynamic_task_mapping.py for tasks to queue
[2023-08-15T18:24:30.430-0300] {logging_mixin.py:150} INFO - [2023-08-15T18:24:30.429-0300] {dagbag.py:541} INFO - Filling up the DagBag from /home/alan/repos/pipeline_airflow/pipeline-airflow-venv/lib/python3.11/site-packages/airflow/example_dags/example_dynamic_task_mapping.py
[2023-08-15T18:24:30.462-0300] {processor.py:836} INFO - DAG(s) dict_keys(['example_dynamic_task_mapping']) retrieved from /home/alan/repos/pipeline_airflow/pipeline-airflow-venv/lib/python3.11/site-packages/airflow/example_dags/example_dynamic_task_mapping.py
[2023-08-15T18:24:30.727-0300] {logging_mixin.py:150} INFO - [2023-08-15T18:24:30.727-0300] {dag.py:2742} INFO - Sync 1 DAGs
[2023-08-15T18:24:30.772-0300] {logging_mixin.py:150} INFO - [2023-08-15T18:24:30.771-0300] {dag.py:3504} INFO - Setting next_dagrun for example_dynamic_task_mapping to 2022-03-04T00:00:00+00:00, run_after=2022-03-05T00:00:00+00:00
[2023-08-15T18:24:30.922-0300] {processor.py:179} INFO - Processing /home/alan/repos/pipeline_airflow/pipeline-airflow-venv/lib/python3.11/site-packages/airflow/example_dags/example_dynamic_task_mapping.py took 0.517 seconds
[2023-08-15T18:26:42.471-0300] {processor.py:157} INFO - Started process (PID=20777) to work on /home/alan/repos/pipeline_airflow/pipeline-airflow-venv/lib/python3.11/site-packages/airflow/example_dags/example_dynamic_task_mapping.py
[2023-08-15T18:26:42.472-0300] {processor.py:826} INFO - Processing file /home/alan/repos/pipeline_airflow/pipeline-airflow-venv/lib/python3.11/site-packages/airflow/example_dags/example_dynamic_task_mapping.py for tasks to queue
[2023-08-15T18:26:42.474-0300] {logging_mixin.py:150} INFO - [2023-08-15T18:26:42.473-0300] {dagbag.py:541} INFO - Filling up the DagBag from /home/alan/repos/pipeline_airflow/pipeline-airflow-venv/lib/python3.11/site-packages/airflow/example_dags/example_dynamic_task_mapping.py
[2023-08-15T18:26:42.499-0300] {processor.py:836} INFO - DAG(s) dict_keys(['example_dynamic_task_mapping']) retrieved from /home/alan/repos/pipeline_airflow/pipeline-airflow-venv/lib/python3.11/site-packages/airflow/example_dags/example_dynamic_task_mapping.py
[2023-08-15T18:26:42.528-0300] {logging_mixin.py:150} INFO - [2023-08-15T18:26:42.528-0300] {dag.py:2742} INFO - Sync 1 DAGs
[2023-08-15T18:26:42.573-0300] {logging_mixin.py:150} INFO - [2023-08-15T18:26:42.573-0300] {dag.py:3504} INFO - Setting next_dagrun for example_dynamic_task_mapping to 2022-03-04T00:00:00+00:00, run_after=2022-03-05T00:00:00+00:00
[2023-08-15T18:26:42.685-0300] {processor.py:179} INFO - Processing /home/alan/repos/pipeline_airflow/pipeline-airflow-venv/lib/python3.11/site-packages/airflow/example_dags/example_dynamic_task_mapping.py took 0.223 seconds
[2023-08-15T18:27:45.446-0300] {processor.py:157} INFO - Started process (PID=21006) to work on /home/alan/repos/pipeline_airflow/pipeline-airflow-venv/lib/python3.11/site-packages/airflow/example_dags/example_dynamic_task_mapping.py
[2023-08-15T18:27:45.456-0300] {processor.py:826} INFO - Processing file /home/alan/repos/pipeline_airflow/pipeline-airflow-venv/lib/python3.11/site-packages/airflow/example_dags/example_dynamic_task_mapping.py for tasks to queue
[2023-08-15T18:27:45.457-0300] {logging_mixin.py:150} INFO - [2023-08-15T18:27:45.456-0300] {dagbag.py:541} INFO - Filling up the DagBag from /home/alan/repos/pipeline_airflow/pipeline-airflow-venv/lib/python3.11/site-packages/airflow/example_dags/example_dynamic_task_mapping.py
[2023-08-15T18:27:45.470-0300] {processor.py:836} INFO - DAG(s) dict_keys(['example_dynamic_task_mapping']) retrieved from /home/alan/repos/pipeline_airflow/pipeline-airflow-venv/lib/python3.11/site-packages/airflow/example_dags/example_dynamic_task_mapping.py
[2023-08-15T18:27:45.500-0300] {logging_mixin.py:150} INFO - [2023-08-15T18:27:45.499-0300] {dag.py:2742} INFO - Sync 1 DAGs
[2023-08-15T18:27:45.536-0300] {logging_mixin.py:150} INFO - [2023-08-15T18:27:45.536-0300] {dag.py:3504} INFO - Setting next_dagrun for example_dynamic_task_mapping to 2022-03-04T00:00:00+00:00, run_after=2022-03-05T00:00:00+00:00
[2023-08-15T18:27:45.652-0300] {processor.py:179} INFO - Processing /home/alan/repos/pipeline_airflow/pipeline-airflow-venv/lib/python3.11/site-packages/airflow/example_dags/example_dynamic_task_mapping.py took 0.211 seconds
[2023-08-15T18:28:44.759-0300] {processor.py:157} INFO - Started process (PID=21250) to work on /home/alan/repos/pipeline_airflow/pipeline-airflow-venv/lib/python3.11/site-packages/airflow/example_dags/example_dynamic_task_mapping.py
[2023-08-15T18:28:44.768-0300] {processor.py:826} INFO - Processing file /home/alan/repos/pipeline_airflow/pipeline-airflow-venv/lib/python3.11/site-packages/airflow/example_dags/example_dynamic_task_mapping.py for tasks to queue
[2023-08-15T18:28:44.770-0300] {logging_mixin.py:150} INFO - [2023-08-15T18:28:44.769-0300] {dagbag.py:541} INFO - Filling up the DagBag from /home/alan/repos/pipeline_airflow/pipeline-airflow-venv/lib/python3.11/site-packages/airflow/example_dags/example_dynamic_task_mapping.py
[2023-08-15T18:28:44.792-0300] {processor.py:836} INFO - DAG(s) dict_keys(['example_dynamic_task_mapping']) retrieved from /home/alan/repos/pipeline_airflow/pipeline-airflow-venv/lib/python3.11/site-packages/airflow/example_dags/example_dynamic_task_mapping.py
[2023-08-15T18:28:44.880-0300] {logging_mixin.py:150} INFO - [2023-08-15T18:28:44.872-0300] {dag.py:2742} INFO - Sync 1 DAGs
[2023-08-15T18:28:44.974-0300] {logging_mixin.py:150} INFO - [2023-08-15T18:28:44.974-0300] {dag.py:3504} INFO - Setting next_dagrun for example_dynamic_task_mapping to 2022-03-04T00:00:00+00:00, run_after=2022-03-05T00:00:00+00:00
[2023-08-15T18:28:45.185-0300] {processor.py:179} INFO - Processing /home/alan/repos/pipeline_airflow/pipeline-airflow-venv/lib/python3.11/site-packages/airflow/example_dags/example_dynamic_task_mapping.py took 0.440 seconds
[2023-08-15T18:29:46.832-0300] {processor.py:157} INFO - Started process (PID=21480) to work on /home/alan/repos/pipeline_airflow/pipeline-airflow-venv/lib/python3.11/site-packages/airflow/example_dags/example_dynamic_task_mapping.py
[2023-08-15T18:29:46.834-0300] {processor.py:826} INFO - Processing file /home/alan/repos/pipeline_airflow/pipeline-airflow-venv/lib/python3.11/site-packages/airflow/example_dags/example_dynamic_task_mapping.py for tasks to queue
[2023-08-15T18:29:46.835-0300] {logging_mixin.py:150} INFO - [2023-08-15T18:29:46.835-0300] {dagbag.py:541} INFO - Filling up the DagBag from /home/alan/repos/pipeline_airflow/pipeline-airflow-venv/lib/python3.11/site-packages/airflow/example_dags/example_dynamic_task_mapping.py
[2023-08-15T18:29:46.851-0300] {processor.py:836} INFO - DAG(s) dict_keys(['example_dynamic_task_mapping']) retrieved from /home/alan/repos/pipeline_airflow/pipeline-airflow-venv/lib/python3.11/site-packages/airflow/example_dags/example_dynamic_task_mapping.py
[2023-08-15T18:29:46.882-0300] {logging_mixin.py:150} INFO - [2023-08-15T18:29:46.881-0300] {dag.py:2742} INFO - Sync 1 DAGs
[2023-08-15T18:29:46.923-0300] {logging_mixin.py:150} INFO - [2023-08-15T18:29:46.923-0300] {dag.py:3504} INFO - Setting next_dagrun for example_dynamic_task_mapping to 2022-03-04T00:00:00+00:00, run_after=2022-03-05T00:00:00+00:00
[2023-08-15T18:29:47.054-0300] {processor.py:179} INFO - Processing /home/alan/repos/pipeline_airflow/pipeline-airflow-venv/lib/python3.11/site-packages/airflow/example_dags/example_dynamic_task_mapping.py took 0.228 seconds
[2023-08-15T18:30:43.448-0300] {processor.py:157} INFO - Started process (PID=21698) to work on /home/alan/repos/pipeline_airflow/pipeline-airflow-venv/lib/python3.11/site-packages/airflow/example_dags/example_dynamic_task_mapping.py
[2023-08-15T18:30:43.450-0300] {processor.py:826} INFO - Processing file /home/alan/repos/pipeline_airflow/pipeline-airflow-venv/lib/python3.11/site-packages/airflow/example_dags/example_dynamic_task_mapping.py for tasks to queue
[2023-08-15T18:30:43.452-0300] {logging_mixin.py:150} INFO - [2023-08-15T18:30:43.451-0300] {dagbag.py:541} INFO - Filling up the DagBag from /home/alan/repos/pipeline_airflow/pipeline-airflow-venv/lib/python3.11/site-packages/airflow/example_dags/example_dynamic_task_mapping.py
[2023-08-15T18:30:43.467-0300] {processor.py:836} INFO - DAG(s) dict_keys(['example_dynamic_task_mapping']) retrieved from /home/alan/repos/pipeline_airflow/pipeline-airflow-venv/lib/python3.11/site-packages/airflow/example_dags/example_dynamic_task_mapping.py
[2023-08-15T18:30:43.497-0300] {logging_mixin.py:150} INFO - [2023-08-15T18:30:43.497-0300] {dag.py:2742} INFO - Sync 1 DAGs
[2023-08-15T18:30:43.536-0300] {logging_mixin.py:150} INFO - [2023-08-15T18:30:43.536-0300] {dag.py:3504} INFO - Setting next_dagrun for example_dynamic_task_mapping to 2022-03-04T00:00:00+00:00, run_after=2022-03-05T00:00:00+00:00
[2023-08-15T18:30:43.663-0300] {processor.py:179} INFO - Processing /home/alan/repos/pipeline_airflow/pipeline-airflow-venv/lib/python3.11/site-packages/airflow/example_dags/example_dynamic_task_mapping.py took 0.222 seconds
[2023-08-15T18:31:38.701-0300] {processor.py:157} INFO - Started process (PID=21885) to work on /home/alan/repos/pipeline_airflow/pipeline-airflow-venv/lib/python3.11/site-packages/airflow/example_dags/example_dynamic_task_mapping.py
[2023-08-15T18:31:38.703-0300] {processor.py:826} INFO - Processing file /home/alan/repos/pipeline_airflow/pipeline-airflow-venv/lib/python3.11/site-packages/airflow/example_dags/example_dynamic_task_mapping.py for tasks to queue
[2023-08-15T18:31:38.705-0300] {logging_mixin.py:150} INFO - [2023-08-15T18:31:38.704-0300] {dagbag.py:541} INFO - Filling up the DagBag from /home/alan/repos/pipeline_airflow/pipeline-airflow-venv/lib/python3.11/site-packages/airflow/example_dags/example_dynamic_task_mapping.py
[2023-08-15T18:31:38.719-0300] {processor.py:836} INFO - DAG(s) dict_keys(['example_dynamic_task_mapping']) retrieved from /home/alan/repos/pipeline_airflow/pipeline-airflow-venv/lib/python3.11/site-packages/airflow/example_dags/example_dynamic_task_mapping.py
[2023-08-15T18:31:38.750-0300] {logging_mixin.py:150} INFO - [2023-08-15T18:31:38.749-0300] {dag.py:2742} INFO - Sync 1 DAGs
[2023-08-15T18:31:38.787-0300] {logging_mixin.py:150} INFO - [2023-08-15T18:31:38.787-0300] {dag.py:3504} INFO - Setting next_dagrun for example_dynamic_task_mapping to 2022-03-04T00:00:00+00:00, run_after=2022-03-05T00:00:00+00:00
[2023-08-15T18:31:38.988-0300] {processor.py:179} INFO - Processing /home/alan/repos/pipeline_airflow/pipeline-airflow-venv/lib/python3.11/site-packages/airflow/example_dags/example_dynamic_task_mapping.py took 0.292 seconds
[2023-08-15T18:32:34.766-0300] {processor.py:157} INFO - Started process (PID=22106) to work on /home/alan/repos/pipeline_airflow/pipeline-airflow-venv/lib/python3.11/site-packages/airflow/example_dags/example_dynamic_task_mapping.py
[2023-08-15T18:32:34.767-0300] {processor.py:826} INFO - Processing file /home/alan/repos/pipeline_airflow/pipeline-airflow-venv/lib/python3.11/site-packages/airflow/example_dags/example_dynamic_task_mapping.py for tasks to queue
[2023-08-15T18:32:34.769-0300] {logging_mixin.py:150} INFO - [2023-08-15T18:32:34.768-0300] {dagbag.py:541} INFO - Filling up the DagBag from /home/alan/repos/pipeline_airflow/pipeline-airflow-venv/lib/python3.11/site-packages/airflow/example_dags/example_dynamic_task_mapping.py
[2023-08-15T18:32:34.782-0300] {processor.py:836} INFO - DAG(s) dict_keys(['example_dynamic_task_mapping']) retrieved from /home/alan/repos/pipeline_airflow/pipeline-airflow-venv/lib/python3.11/site-packages/airflow/example_dags/example_dynamic_task_mapping.py
[2023-08-15T18:32:34.810-0300] {logging_mixin.py:150} INFO - [2023-08-15T18:32:34.810-0300] {dag.py:2742} INFO - Sync 1 DAGs
[2023-08-15T18:32:34.865-0300] {logging_mixin.py:150} INFO - [2023-08-15T18:32:34.864-0300] {dag.py:3504} INFO - Setting next_dagrun for example_dynamic_task_mapping to 2022-03-04T00:00:00+00:00, run_after=2022-03-05T00:00:00+00:00
[2023-08-15T18:32:34.981-0300] {processor.py:179} INFO - Processing /home/alan/repos/pipeline_airflow/pipeline-airflow-venv/lib/python3.11/site-packages/airflow/example_dags/example_dynamic_task_mapping.py took 0.220 seconds
[2023-08-15T18:33:32.251-0300] {processor.py:157} INFO - Started process (PID=22323) to work on /home/alan/repos/pipeline_airflow/pipeline-airflow-venv/lib/python3.11/site-packages/airflow/example_dags/example_dynamic_task_mapping.py
[2023-08-15T18:33:32.261-0300] {processor.py:826} INFO - Processing file /home/alan/repos/pipeline_airflow/pipeline-airflow-venv/lib/python3.11/site-packages/airflow/example_dags/example_dynamic_task_mapping.py for tasks to queue
[2023-08-15T18:33:32.262-0300] {logging_mixin.py:150} INFO - [2023-08-15T18:33:32.262-0300] {dagbag.py:541} INFO - Filling up the DagBag from /home/alan/repos/pipeline_airflow/pipeline-airflow-venv/lib/python3.11/site-packages/airflow/example_dags/example_dynamic_task_mapping.py
[2023-08-15T18:33:32.280-0300] {processor.py:836} INFO - DAG(s) dict_keys(['example_dynamic_task_mapping']) retrieved from /home/alan/repos/pipeline_airflow/pipeline-airflow-venv/lib/python3.11/site-packages/airflow/example_dags/example_dynamic_task_mapping.py
[2023-08-15T18:33:32.309-0300] {logging_mixin.py:150} INFO - [2023-08-15T18:33:32.309-0300] {dag.py:2742} INFO - Sync 1 DAGs
[2023-08-15T18:33:32.355-0300] {logging_mixin.py:150} INFO - [2023-08-15T18:33:32.355-0300] {dag.py:3504} INFO - Setting next_dagrun for example_dynamic_task_mapping to 2022-03-04T00:00:00+00:00, run_after=2022-03-05T00:00:00+00:00
[2023-08-15T18:33:32.500-0300] {processor.py:179} INFO - Processing /home/alan/repos/pipeline_airflow/pipeline-airflow-venv/lib/python3.11/site-packages/airflow/example_dags/example_dynamic_task_mapping.py took 0.254 seconds
[2023-08-15T18:34:28.002-0300] {processor.py:157} INFO - Started process (PID=22523) to work on /home/alan/repos/pipeline_airflow/pipeline-airflow-venv/lib/python3.11/site-packages/airflow/example_dags/example_dynamic_task_mapping.py
[2023-08-15T18:34:28.004-0300] {processor.py:826} INFO - Processing file /home/alan/repos/pipeline_airflow/pipeline-airflow-venv/lib/python3.11/site-packages/airflow/example_dags/example_dynamic_task_mapping.py for tasks to queue
[2023-08-15T18:34:28.006-0300] {logging_mixin.py:150} INFO - [2023-08-15T18:34:28.005-0300] {dagbag.py:541} INFO - Filling up the DagBag from /home/alan/repos/pipeline_airflow/pipeline-airflow-venv/lib/python3.11/site-packages/airflow/example_dags/example_dynamic_task_mapping.py
[2023-08-15T18:34:28.019-0300] {processor.py:836} INFO - DAG(s) dict_keys(['example_dynamic_task_mapping']) retrieved from /home/alan/repos/pipeline_airflow/pipeline-airflow-venv/lib/python3.11/site-packages/airflow/example_dags/example_dynamic_task_mapping.py
[2023-08-15T18:34:28.045-0300] {logging_mixin.py:150} INFO - [2023-08-15T18:34:28.045-0300] {dag.py:2742} INFO - Sync 1 DAGs
[2023-08-15T18:34:28.080-0300] {logging_mixin.py:150} INFO - [2023-08-15T18:34:28.080-0300] {dag.py:3504} INFO - Setting next_dagrun for example_dynamic_task_mapping to 2022-03-04T00:00:00+00:00, run_after=2022-03-05T00:00:00+00:00
[2023-08-15T18:34:28.173-0300] {processor.py:179} INFO - Processing /home/alan/repos/pipeline_airflow/pipeline-airflow-venv/lib/python3.11/site-packages/airflow/example_dags/example_dynamic_task_mapping.py took 0.176 seconds
[2023-08-15T18:35:22.333-0300] {processor.py:157} INFO - Started process (PID=22715) to work on /home/alan/repos/pipeline_airflow/pipeline-airflow-venv/lib/python3.11/site-packages/airflow/example_dags/example_dynamic_task_mapping.py
[2023-08-15T18:35:22.335-0300] {processor.py:826} INFO - Processing file /home/alan/repos/pipeline_airflow/pipeline-airflow-venv/lib/python3.11/site-packages/airflow/example_dags/example_dynamic_task_mapping.py for tasks to queue
[2023-08-15T18:35:22.336-0300] {logging_mixin.py:150} INFO - [2023-08-15T18:35:22.336-0300] {dagbag.py:541} INFO - Filling up the DagBag from /home/alan/repos/pipeline_airflow/pipeline-airflow-venv/lib/python3.11/site-packages/airflow/example_dags/example_dynamic_task_mapping.py
[2023-08-15T18:35:22.352-0300] {processor.py:836} INFO - DAG(s) dict_keys(['example_dynamic_task_mapping']) retrieved from /home/alan/repos/pipeline_airflow/pipeline-airflow-venv/lib/python3.11/site-packages/airflow/example_dags/example_dynamic_task_mapping.py
[2023-08-15T18:35:22.380-0300] {logging_mixin.py:150} INFO - [2023-08-15T18:35:22.380-0300] {dag.py:2742} INFO - Sync 1 DAGs
[2023-08-15T18:35:22.415-0300] {logging_mixin.py:150} INFO - [2023-08-15T18:35:22.414-0300] {dag.py:3504} INFO - Setting next_dagrun for example_dynamic_task_mapping to 2022-03-04T00:00:00+00:00, run_after=2022-03-05T00:00:00+00:00
[2023-08-15T18:35:22.519-0300] {processor.py:179} INFO - Processing /home/alan/repos/pipeline_airflow/pipeline-airflow-venv/lib/python3.11/site-packages/airflow/example_dags/example_dynamic_task_mapping.py took 0.193 seconds
[2023-08-15T18:36:19.201-0300] {processor.py:157} INFO - Started process (PID=22915) to work on /home/alan/repos/pipeline_airflow/pipeline-airflow-venv/lib/python3.11/site-packages/airflow/example_dags/example_dynamic_task_mapping.py
[2023-08-15T18:36:19.209-0300] {processor.py:826} INFO - Processing file /home/alan/repos/pipeline_airflow/pipeline-airflow-venv/lib/python3.11/site-packages/airflow/example_dags/example_dynamic_task_mapping.py for tasks to queue
[2023-08-15T18:36:19.211-0300] {logging_mixin.py:150} INFO - [2023-08-15T18:36:19.210-0300] {dagbag.py:541} INFO - Filling up the DagBag from /home/alan/repos/pipeline_airflow/pipeline-airflow-venv/lib/python3.11/site-packages/airflow/example_dags/example_dynamic_task_mapping.py
[2023-08-15T18:36:19.230-0300] {processor.py:836} INFO - DAG(s) dict_keys(['example_dynamic_task_mapping']) retrieved from /home/alan/repos/pipeline_airflow/pipeline-airflow-venv/lib/python3.11/site-packages/airflow/example_dags/example_dynamic_task_mapping.py
[2023-08-15T18:36:19.273-0300] {logging_mixin.py:150} INFO - [2023-08-15T18:36:19.273-0300] {dag.py:2742} INFO - Sync 1 DAGs
[2023-08-15T18:36:19.322-0300] {logging_mixin.py:150} INFO - [2023-08-15T18:36:19.322-0300] {dag.py:3504} INFO - Setting next_dagrun for example_dynamic_task_mapping to 2022-03-04T00:00:00+00:00, run_after=2022-03-05T00:00:00+00:00
[2023-08-15T18:36:19.480-0300] {processor.py:179} INFO - Processing /home/alan/repos/pipeline_airflow/pipeline-airflow-venv/lib/python3.11/site-packages/airflow/example_dags/example_dynamic_task_mapping.py took 0.284 seconds
[2023-08-15T18:37:30.075-0300] {processor.py:157} INFO - Started process (PID=23211) to work on /home/alan/repos/pipeline_airflow/pipeline-airflow-venv/lib/python3.11/site-packages/airflow/example_dags/example_dynamic_task_mapping.py
[2023-08-15T18:37:30.092-0300] {processor.py:826} INFO - Processing file /home/alan/repos/pipeline_airflow/pipeline-airflow-venv/lib/python3.11/site-packages/airflow/example_dags/example_dynamic_task_mapping.py for tasks to queue
[2023-08-15T18:37:30.093-0300] {logging_mixin.py:150} INFO - [2023-08-15T18:37:30.093-0300] {dagbag.py:541} INFO - Filling up the DagBag from /home/alan/repos/pipeline_airflow/pipeline-airflow-venv/lib/python3.11/site-packages/airflow/example_dags/example_dynamic_task_mapping.py
[2023-08-15T18:37:30.109-0300] {processor.py:836} INFO - DAG(s) dict_keys(['example_dynamic_task_mapping']) retrieved from /home/alan/repos/pipeline_airflow/pipeline-airflow-venv/lib/python3.11/site-packages/airflow/example_dags/example_dynamic_task_mapping.py
[2023-08-15T18:37:30.147-0300] {logging_mixin.py:150} INFO - [2023-08-15T18:37:30.146-0300] {dag.py:2742} INFO - Sync 1 DAGs
[2023-08-15T18:37:30.214-0300] {logging_mixin.py:150} INFO - [2023-08-15T18:37:30.214-0300] {dag.py:3504} INFO - Setting next_dagrun for example_dynamic_task_mapping to 2022-03-04T00:00:00+00:00, run_after=2022-03-05T00:00:00+00:00
[2023-08-15T18:37:30.376-0300] {processor.py:179} INFO - Processing /home/alan/repos/pipeline_airflow/pipeline-airflow-venv/lib/python3.11/site-packages/airflow/example_dags/example_dynamic_task_mapping.py took 0.307 seconds
[2023-08-15T18:44:41.401-0300] {processor.py:157} INFO - Started process (PID=23831) to work on /home/alan/repos/pipeline_airflow/pipeline-airflow-venv/lib/python3.11/site-packages/airflow/example_dags/example_dynamic_task_mapping.py
[2023-08-15T18:44:41.410-0300] {processor.py:826} INFO - Processing file /home/alan/repos/pipeline_airflow/pipeline-airflow-venv/lib/python3.11/site-packages/airflow/example_dags/example_dynamic_task_mapping.py for tasks to queue
[2023-08-15T18:44:41.411-0300] {logging_mixin.py:150} INFO - [2023-08-15T18:44:41.410-0300] {dagbag.py:541} INFO - Filling up the DagBag from /home/alan/repos/pipeline_airflow/pipeline-airflow-venv/lib/python3.11/site-packages/airflow/example_dags/example_dynamic_task_mapping.py
[2023-08-15T18:44:41.433-0300] {processor.py:836} INFO - DAG(s) dict_keys(['example_dynamic_task_mapping']) retrieved from /home/alan/repos/pipeline_airflow/pipeline-airflow-venv/lib/python3.11/site-packages/airflow/example_dags/example_dynamic_task_mapping.py
[2023-08-15T18:44:41.715-0300] {logging_mixin.py:150} INFO - [2023-08-15T18:44:41.714-0300] {dag.py:2742} INFO - Sync 1 DAGs
[2023-08-15T18:44:41.777-0300] {logging_mixin.py:150} INFO - [2023-08-15T18:44:41.777-0300] {dag.py:3504} INFO - Setting next_dagrun for example_dynamic_task_mapping to 2022-03-04T00:00:00+00:00, run_after=2022-03-05T00:00:00+00:00
[2023-08-15T18:44:41.894-0300] {processor.py:179} INFO - Processing /home/alan/repos/pipeline_airflow/pipeline-airflow-venv/lib/python3.11/site-packages/airflow/example_dags/example_dynamic_task_mapping.py took 0.499 seconds
[2023-08-15T18:46:06.143-0300] {processor.py:157} INFO - Started process (PID=24220) to work on /home/alan/repos/pipeline_airflow/pipeline-airflow-venv/lib/python3.11/site-packages/airflow/example_dags/example_dynamic_task_mapping.py
[2023-08-15T18:46:06.144-0300] {processor.py:826} INFO - Processing file /home/alan/repos/pipeline_airflow/pipeline-airflow-venv/lib/python3.11/site-packages/airflow/example_dags/example_dynamic_task_mapping.py for tasks to queue
[2023-08-15T18:46:06.146-0300] {logging_mixin.py:150} INFO - [2023-08-15T18:46:06.145-0300] {dagbag.py:541} INFO - Filling up the DagBag from /home/alan/repos/pipeline_airflow/pipeline-airflow-venv/lib/python3.11/site-packages/airflow/example_dags/example_dynamic_task_mapping.py
[2023-08-15T18:46:06.160-0300] {processor.py:836} INFO - DAG(s) dict_keys(['example_dynamic_task_mapping']) retrieved from /home/alan/repos/pipeline_airflow/pipeline-airflow-venv/lib/python3.11/site-packages/airflow/example_dags/example_dynamic_task_mapping.py
[2023-08-15T18:46:06.195-0300] {logging_mixin.py:150} INFO - [2023-08-15T18:46:06.195-0300] {dag.py:2742} INFO - Sync 1 DAGs
[2023-08-15T18:46:06.234-0300] {logging_mixin.py:150} INFO - [2023-08-15T18:46:06.234-0300] {dag.py:3504} INFO - Setting next_dagrun for example_dynamic_task_mapping to 2022-03-04T00:00:00+00:00, run_after=2022-03-05T00:00:00+00:00
[2023-08-15T18:46:06.362-0300] {processor.py:179} INFO - Processing /home/alan/repos/pipeline_airflow/pipeline-airflow-venv/lib/python3.11/site-packages/airflow/example_dags/example_dynamic_task_mapping.py took 0.223 seconds
[2023-08-15T18:47:10.013-0300] {processor.py:157} INFO - Started process (PID=24441) to work on /home/alan/repos/pipeline_airflow/pipeline-airflow-venv/lib/python3.11/site-packages/airflow/example_dags/example_dynamic_task_mapping.py
[2023-08-15T18:47:10.031-0300] {processor.py:826} INFO - Processing file /home/alan/repos/pipeline_airflow/pipeline-airflow-venv/lib/python3.11/site-packages/airflow/example_dags/example_dynamic_task_mapping.py for tasks to queue
[2023-08-15T18:47:10.032-0300] {logging_mixin.py:150} INFO - [2023-08-15T18:47:10.032-0300] {dagbag.py:541} INFO - Filling up the DagBag from /home/alan/repos/pipeline_airflow/pipeline-airflow-venv/lib/python3.11/site-packages/airflow/example_dags/example_dynamic_task_mapping.py
[2023-08-15T18:47:10.046-0300] {processor.py:836} INFO - DAG(s) dict_keys(['example_dynamic_task_mapping']) retrieved from /home/alan/repos/pipeline_airflow/pipeline-airflow-venv/lib/python3.11/site-packages/airflow/example_dags/example_dynamic_task_mapping.py
[2023-08-15T18:47:10.075-0300] {logging_mixin.py:150} INFO - [2023-08-15T18:47:10.074-0300] {dag.py:2742} INFO - Sync 1 DAGs
[2023-08-15T18:47:10.113-0300] {logging_mixin.py:150} INFO - [2023-08-15T18:47:10.113-0300] {dag.py:3504} INFO - Setting next_dagrun for example_dynamic_task_mapping to 2022-03-04T00:00:00+00:00, run_after=2022-03-05T00:00:00+00:00
[2023-08-15T18:47:10.227-0300] {processor.py:179} INFO - Processing /home/alan/repos/pipeline_airflow/pipeline-airflow-venv/lib/python3.11/site-packages/airflow/example_dags/example_dynamic_task_mapping.py took 0.219 seconds
[2023-08-15T18:48:14.182-0300] {processor.py:157} INFO - Started process (PID=24668) to work on /home/alan/repos/pipeline_airflow/pipeline-airflow-venv/lib/python3.11/site-packages/airflow/example_dags/example_dynamic_task_mapping.py
[2023-08-15T18:48:14.209-0300] {processor.py:826} INFO - Processing file /home/alan/repos/pipeline_airflow/pipeline-airflow-venv/lib/python3.11/site-packages/airflow/example_dags/example_dynamic_task_mapping.py for tasks to queue
[2023-08-15T18:48:14.211-0300] {logging_mixin.py:150} INFO - [2023-08-15T18:48:14.210-0300] {dagbag.py:541} INFO - Filling up the DagBag from /home/alan/repos/pipeline_airflow/pipeline-airflow-venv/lib/python3.11/site-packages/airflow/example_dags/example_dynamic_task_mapping.py
[2023-08-15T18:48:14.228-0300] {processor.py:836} INFO - DAG(s) dict_keys(['example_dynamic_task_mapping']) retrieved from /home/alan/repos/pipeline_airflow/pipeline-airflow-venv/lib/python3.11/site-packages/airflow/example_dags/example_dynamic_task_mapping.py
[2023-08-15T18:48:14.322-0300] {logging_mixin.py:150} INFO - [2023-08-15T18:48:14.322-0300] {dag.py:2742} INFO - Sync 1 DAGs
[2023-08-15T18:48:14.567-0300] {logging_mixin.py:150} INFO - [2023-08-15T18:48:14.567-0300] {dag.py:3504} INFO - Setting next_dagrun for example_dynamic_task_mapping to 2022-03-04T00:00:00+00:00, run_after=2022-03-05T00:00:00+00:00
[2023-08-15T18:48:14.686-0300] {processor.py:179} INFO - Processing /home/alan/repos/pipeline_airflow/pipeline-airflow-venv/lib/python3.11/site-packages/airflow/example_dags/example_dynamic_task_mapping.py took 0.512 seconds
[2023-08-15T18:49:22.447-0300] {processor.py:157} INFO - Started process (PID=24890) to work on /home/alan/repos/pipeline_airflow/pipeline-airflow-venv/lib/python3.11/site-packages/airflow/example_dags/example_dynamic_task_mapping.py
[2023-08-15T18:49:22.455-0300] {processor.py:826} INFO - Processing file /home/alan/repos/pipeline_airflow/pipeline-airflow-venv/lib/python3.11/site-packages/airflow/example_dags/example_dynamic_task_mapping.py for tasks to queue
[2023-08-15T18:49:22.457-0300] {logging_mixin.py:150} INFO - [2023-08-15T18:49:22.456-0300] {dagbag.py:541} INFO - Filling up the DagBag from /home/alan/repos/pipeline_airflow/pipeline-airflow-venv/lib/python3.11/site-packages/airflow/example_dags/example_dynamic_task_mapping.py
[2023-08-15T18:49:22.471-0300] {processor.py:836} INFO - DAG(s) dict_keys(['example_dynamic_task_mapping']) retrieved from /home/alan/repos/pipeline_airflow/pipeline-airflow-venv/lib/python3.11/site-packages/airflow/example_dags/example_dynamic_task_mapping.py
[2023-08-15T18:49:22.506-0300] {logging_mixin.py:150} INFO - [2023-08-15T18:49:22.506-0300] {dag.py:2742} INFO - Sync 1 DAGs
[2023-08-15T18:49:22.555-0300] {logging_mixin.py:150} INFO - [2023-08-15T18:49:22.555-0300] {dag.py:3504} INFO - Setting next_dagrun for example_dynamic_task_mapping to 2022-03-04T00:00:00+00:00, run_after=2022-03-05T00:00:00+00:00
[2023-08-15T18:49:22.697-0300] {processor.py:179} INFO - Processing /home/alan/repos/pipeline_airflow/pipeline-airflow-venv/lib/python3.11/site-packages/airflow/example_dags/example_dynamic_task_mapping.py took 0.254 seconds
[2023-08-15T18:50:21.357-0300] {processor.py:157} INFO - Started process (PID=25104) to work on /home/alan/repos/pipeline_airflow/pipeline-airflow-venv/lib/python3.11/site-packages/airflow/example_dags/example_dynamic_task_mapping.py
[2023-08-15T18:50:21.358-0300] {processor.py:826} INFO - Processing file /home/alan/repos/pipeline_airflow/pipeline-airflow-venv/lib/python3.11/site-packages/airflow/example_dags/example_dynamic_task_mapping.py for tasks to queue
[2023-08-15T18:50:21.360-0300] {logging_mixin.py:150} INFO - [2023-08-15T18:50:21.359-0300] {dagbag.py:541} INFO - Filling up the DagBag from /home/alan/repos/pipeline_airflow/pipeline-airflow-venv/lib/python3.11/site-packages/airflow/example_dags/example_dynamic_task_mapping.py
[2023-08-15T18:50:21.375-0300] {processor.py:836} INFO - DAG(s) dict_keys(['example_dynamic_task_mapping']) retrieved from /home/alan/repos/pipeline_airflow/pipeline-airflow-venv/lib/python3.11/site-packages/airflow/example_dags/example_dynamic_task_mapping.py
[2023-08-15T18:50:21.404-0300] {logging_mixin.py:150} INFO - [2023-08-15T18:50:21.404-0300] {dag.py:2742} INFO - Sync 1 DAGs
[2023-08-15T18:50:21.442-0300] {logging_mixin.py:150} INFO - [2023-08-15T18:50:21.442-0300] {dag.py:3504} INFO - Setting next_dagrun for example_dynamic_task_mapping to 2022-03-04T00:00:00+00:00, run_after=2022-03-05T00:00:00+00:00
[2023-08-15T18:50:21.561-0300] {processor.py:179} INFO - Processing /home/alan/repos/pipeline_airflow/pipeline-airflow-venv/lib/python3.11/site-packages/airflow/example_dags/example_dynamic_task_mapping.py took 0.211 seconds
[2023-08-15T18:51:30.248-0300] {processor.py:157} INFO - Started process (PID=25392) to work on /home/alan/repos/pipeline_airflow/pipeline-airflow-venv/lib/python3.11/site-packages/airflow/example_dags/example_dynamic_task_mapping.py
[2023-08-15T18:51:30.249-0300] {processor.py:826} INFO - Processing file /home/alan/repos/pipeline_airflow/pipeline-airflow-venv/lib/python3.11/site-packages/airflow/example_dags/example_dynamic_task_mapping.py for tasks to queue
[2023-08-15T18:51:30.251-0300] {logging_mixin.py:150} INFO - [2023-08-15T18:51:30.250-0300] {dagbag.py:541} INFO - Filling up the DagBag from /home/alan/repos/pipeline_airflow/pipeline-airflow-venv/lib/python3.11/site-packages/airflow/example_dags/example_dynamic_task_mapping.py
[2023-08-15T18:51:30.265-0300] {processor.py:836} INFO - DAG(s) dict_keys(['example_dynamic_task_mapping']) retrieved from /home/alan/repos/pipeline_airflow/pipeline-airflow-venv/lib/python3.11/site-packages/airflow/example_dags/example_dynamic_task_mapping.py
[2023-08-15T18:51:30.291-0300] {logging_mixin.py:150} INFO - [2023-08-15T18:51:30.291-0300] {dag.py:2742} INFO - Sync 1 DAGs
[2023-08-15T18:51:30.327-0300] {logging_mixin.py:150} INFO - [2023-08-15T18:51:30.326-0300] {dag.py:3504} INFO - Setting next_dagrun for example_dynamic_task_mapping to 2022-03-04T00:00:00+00:00, run_after=2022-03-05T00:00:00+00:00
[2023-08-15T18:51:30.427-0300] {processor.py:179} INFO - Processing /home/alan/repos/pipeline_airflow/pipeline-airflow-venv/lib/python3.11/site-packages/airflow/example_dags/example_dynamic_task_mapping.py took 0.187 seconds
[2023-08-15T18:52:44.523-0300] {processor.py:157} INFO - Started process (PID=25792) to work on /home/alan/repos/pipeline_airflow/pipeline-airflow-venv/lib/python3.11/site-packages/airflow/example_dags/example_dynamic_task_mapping.py
[2023-08-15T18:52:44.573-0300] {processor.py:826} INFO - Processing file /home/alan/repos/pipeline_airflow/pipeline-airflow-venv/lib/python3.11/site-packages/airflow/example_dags/example_dynamic_task_mapping.py for tasks to queue
[2023-08-15T18:52:44.575-0300] {logging_mixin.py:150} INFO - [2023-08-15T18:52:44.574-0300] {dagbag.py:541} INFO - Filling up the DagBag from /home/alan/repos/pipeline_airflow/pipeline-airflow-venv/lib/python3.11/site-packages/airflow/example_dags/example_dynamic_task_mapping.py
[2023-08-15T18:52:44.591-0300] {processor.py:836} INFO - DAG(s) dict_keys(['example_dynamic_task_mapping']) retrieved from /home/alan/repos/pipeline_airflow/pipeline-airflow-venv/lib/python3.11/site-packages/airflow/example_dags/example_dynamic_task_mapping.py
[2023-08-15T18:52:44.624-0300] {logging_mixin.py:150} INFO - [2023-08-15T18:52:44.624-0300] {dag.py:2742} INFO - Sync 1 DAGs
[2023-08-15T18:52:44.662-0300] {logging_mixin.py:150} INFO - [2023-08-15T18:52:44.662-0300] {dag.py:3504} INFO - Setting next_dagrun for example_dynamic_task_mapping to 2022-03-04T00:00:00+00:00, run_after=2022-03-05T00:00:00+00:00
[2023-08-15T18:52:44.795-0300] {processor.py:179} INFO - Processing /home/alan/repos/pipeline_airflow/pipeline-airflow-venv/lib/python3.11/site-packages/airflow/example_dags/example_dynamic_task_mapping.py took 0.278 seconds
[2023-08-15T18:53:41.875-0300] {processor.py:157} INFO - Started process (PID=26003) to work on /home/alan/repos/pipeline_airflow/pipeline-airflow-venv/lib/python3.11/site-packages/airflow/example_dags/example_dynamic_task_mapping.py
[2023-08-15T18:53:41.882-0300] {processor.py:826} INFO - Processing file /home/alan/repos/pipeline_airflow/pipeline-airflow-venv/lib/python3.11/site-packages/airflow/example_dags/example_dynamic_task_mapping.py for tasks to queue
[2023-08-15T18:53:41.883-0300] {logging_mixin.py:150} INFO - [2023-08-15T18:53:41.883-0300] {dagbag.py:541} INFO - Filling up the DagBag from /home/alan/repos/pipeline_airflow/pipeline-airflow-venv/lib/python3.11/site-packages/airflow/example_dags/example_dynamic_task_mapping.py
[2023-08-15T18:53:41.898-0300] {processor.py:836} INFO - DAG(s) dict_keys(['example_dynamic_task_mapping']) retrieved from /home/alan/repos/pipeline_airflow/pipeline-airflow-venv/lib/python3.11/site-packages/airflow/example_dags/example_dynamic_task_mapping.py
[2023-08-15T18:53:41.926-0300] {logging_mixin.py:150} INFO - [2023-08-15T18:53:41.926-0300] {dag.py:2742} INFO - Sync 1 DAGs
[2023-08-15T18:53:41.961-0300] {logging_mixin.py:150} INFO - [2023-08-15T18:53:41.960-0300] {dag.py:3504} INFO - Setting next_dagrun for example_dynamic_task_mapping to 2022-03-04T00:00:00+00:00, run_after=2022-03-05T00:00:00+00:00
[2023-08-15T18:53:42.069-0300] {processor.py:179} INFO - Processing /home/alan/repos/pipeline_airflow/pipeline-airflow-venv/lib/python3.11/site-packages/airflow/example_dags/example_dynamic_task_mapping.py took 0.199 seconds
[2023-08-15T18:54:42.801-0300] {processor.py:157} INFO - Started process (PID=26276) to work on /home/alan/repos/pipeline_airflow/pipeline-airflow-venv/lib/python3.11/site-packages/airflow/example_dags/example_dynamic_task_mapping.py
[2023-08-15T18:54:42.811-0300] {processor.py:826} INFO - Processing file /home/alan/repos/pipeline_airflow/pipeline-airflow-venv/lib/python3.11/site-packages/airflow/example_dags/example_dynamic_task_mapping.py for tasks to queue
[2023-08-15T18:54:42.813-0300] {logging_mixin.py:150} INFO - [2023-08-15T18:54:42.812-0300] {dagbag.py:541} INFO - Filling up the DagBag from /home/alan/repos/pipeline_airflow/pipeline-airflow-venv/lib/python3.11/site-packages/airflow/example_dags/example_dynamic_task_mapping.py
[2023-08-15T18:54:42.826-0300] {processor.py:836} INFO - DAG(s) dict_keys(['example_dynamic_task_mapping']) retrieved from /home/alan/repos/pipeline_airflow/pipeline-airflow-venv/lib/python3.11/site-packages/airflow/example_dags/example_dynamic_task_mapping.py
[2023-08-15T18:54:42.852-0300] {logging_mixin.py:150} INFO - [2023-08-15T18:54:42.852-0300] {dag.py:2742} INFO - Sync 1 DAGs
[2023-08-15T18:54:42.888-0300] {logging_mixin.py:150} INFO - [2023-08-15T18:54:42.888-0300] {dag.py:3504} INFO - Setting next_dagrun for example_dynamic_task_mapping to 2022-03-04T00:00:00+00:00, run_after=2022-03-05T00:00:00+00:00
[2023-08-15T18:54:43.081-0300] {processor.py:179} INFO - Processing /home/alan/repos/pipeline_airflow/pipeline-airflow-venv/lib/python3.11/site-packages/airflow/example_dags/example_dynamic_task_mapping.py took 0.285 seconds
[2023-08-15T18:59:31.239-0300] {processor.py:157} INFO - Started process (PID=27238) to work on /home/alan/repos/pipeline_airflow/pipeline-airflow-venv/lib/python3.11/site-packages/airflow/example_dags/example_dynamic_task_mapping.py
[2023-08-15T18:59:31.349-0300] {processor.py:826} INFO - Processing file /home/alan/repos/pipeline_airflow/pipeline-airflow-venv/lib/python3.11/site-packages/airflow/example_dags/example_dynamic_task_mapping.py for tasks to queue
[2023-08-15T18:59:31.351-0300] {logging_mixin.py:150} INFO - [2023-08-15T18:59:31.350-0300] {dagbag.py:541} INFO - Filling up the DagBag from /home/alan/repos/pipeline_airflow/pipeline-airflow-venv/lib/python3.11/site-packages/airflow/example_dags/example_dynamic_task_mapping.py
[2023-08-15T18:59:31.443-0300] {processor.py:836} INFO - DAG(s) dict_keys(['example_dynamic_task_mapping']) retrieved from /home/alan/repos/pipeline_airflow/pipeline-airflow-venv/lib/python3.11/site-packages/airflow/example_dags/example_dynamic_task_mapping.py
[2023-08-15T18:59:34.267-0300] {logging_mixin.py:150} INFO - [2023-08-15T18:59:34.267-0300] {dag.py:2742} INFO - Sync 1 DAGs
[2023-08-15T18:59:34.653-0300] {logging_mixin.py:150} INFO - [2023-08-15T18:59:34.652-0300] {dag.py:3504} INFO - Setting next_dagrun for example_dynamic_task_mapping to 2022-03-04T00:00:00+00:00, run_after=2022-03-05T00:00:00+00:00
[2023-08-15T18:59:35.969-0300] {processor.py:179} INFO - Processing /home/alan/repos/pipeline_airflow/pipeline-airflow-venv/lib/python3.11/site-packages/airflow/example_dags/example_dynamic_task_mapping.py took 4.736 seconds
[2023-08-15T19:01:57.338-0300] {processor.py:157} INFO - Started process (PID=27641) to work on /home/alan/repos/pipeline_airflow/pipeline-airflow-venv/lib/python3.11/site-packages/airflow/example_dags/example_dynamic_task_mapping.py
[2023-08-15T19:01:57.359-0300] {processor.py:826} INFO - Processing file /home/alan/repos/pipeline_airflow/pipeline-airflow-venv/lib/python3.11/site-packages/airflow/example_dags/example_dynamic_task_mapping.py for tasks to queue
[2023-08-15T19:01:57.361-0300] {logging_mixin.py:150} INFO - [2023-08-15T19:01:57.360-0300] {dagbag.py:541} INFO - Filling up the DagBag from /home/alan/repos/pipeline_airflow/pipeline-airflow-venv/lib/python3.11/site-packages/airflow/example_dags/example_dynamic_task_mapping.py
[2023-08-15T19:01:57.391-0300] {processor.py:836} INFO - DAG(s) dict_keys(['example_dynamic_task_mapping']) retrieved from /home/alan/repos/pipeline_airflow/pipeline-airflow-venv/lib/python3.11/site-packages/airflow/example_dags/example_dynamic_task_mapping.py
[2023-08-15T19:01:57.423-0300] {logging_mixin.py:150} INFO - [2023-08-15T19:01:57.423-0300] {dag.py:2742} INFO - Sync 1 DAGs
[2023-08-15T19:01:57.460-0300] {logging_mixin.py:150} INFO - [2023-08-15T19:01:57.460-0300] {dag.py:3504} INFO - Setting next_dagrun for example_dynamic_task_mapping to 2022-03-04T00:00:00+00:00, run_after=2022-03-05T00:00:00+00:00
[2023-08-15T19:01:57.575-0300] {processor.py:179} INFO - Processing /home/alan/repos/pipeline_airflow/pipeline-airflow-venv/lib/python3.11/site-packages/airflow/example_dags/example_dynamic_task_mapping.py took 0.244 seconds
[2023-08-15T19:03:38.746-0300] {processor.py:157} INFO - Started process (PID=28088) to work on /home/alan/repos/pipeline_airflow/pipeline-airflow-venv/lib/python3.11/site-packages/airflow/example_dags/example_dynamic_task_mapping.py
[2023-08-15T19:03:38.760-0300] {processor.py:826} INFO - Processing file /home/alan/repos/pipeline_airflow/pipeline-airflow-venv/lib/python3.11/site-packages/airflow/example_dags/example_dynamic_task_mapping.py for tasks to queue
[2023-08-15T19:03:38.761-0300] {logging_mixin.py:150} INFO - [2023-08-15T19:03:38.761-0300] {dagbag.py:541} INFO - Filling up the DagBag from /home/alan/repos/pipeline_airflow/pipeline-airflow-venv/lib/python3.11/site-packages/airflow/example_dags/example_dynamic_task_mapping.py
[2023-08-15T19:03:38.775-0300] {processor.py:836} INFO - DAG(s) dict_keys(['example_dynamic_task_mapping']) retrieved from /home/alan/repos/pipeline_airflow/pipeline-airflow-venv/lib/python3.11/site-packages/airflow/example_dags/example_dynamic_task_mapping.py
[2023-08-15T19:03:38.803-0300] {logging_mixin.py:150} INFO - [2023-08-15T19:03:38.803-0300] {dag.py:2742} INFO - Sync 1 DAGs
[2023-08-15T19:03:38.841-0300] {logging_mixin.py:150} INFO - [2023-08-15T19:03:38.841-0300] {dag.py:3504} INFO - Setting next_dagrun for example_dynamic_task_mapping to 2022-03-04T00:00:00+00:00, run_after=2022-03-05T00:00:00+00:00
[2023-08-15T19:03:39.129-0300] {processor.py:179} INFO - Processing /home/alan/repos/pipeline_airflow/pipeline-airflow-venv/lib/python3.11/site-packages/airflow/example_dags/example_dynamic_task_mapping.py took 0.387 seconds
[2023-08-15T19:05:13.980-0300] {processor.py:157} INFO - Started process (PID=28542) to work on /home/alan/repos/pipeline_airflow/pipeline-airflow-venv/lib/python3.11/site-packages/airflow/example_dags/example_dynamic_task_mapping.py
[2023-08-15T19:05:13.995-0300] {processor.py:826} INFO - Processing file /home/alan/repos/pipeline_airflow/pipeline-airflow-venv/lib/python3.11/site-packages/airflow/example_dags/example_dynamic_task_mapping.py for tasks to queue
[2023-08-15T19:05:13.997-0300] {logging_mixin.py:150} INFO - [2023-08-15T19:05:13.996-0300] {dagbag.py:541} INFO - Filling up the DagBag from /home/alan/repos/pipeline_airflow/pipeline-airflow-venv/lib/python3.11/site-packages/airflow/example_dags/example_dynamic_task_mapping.py
[2023-08-15T19:05:14.013-0300] {processor.py:836} INFO - DAG(s) dict_keys(['example_dynamic_task_mapping']) retrieved from /home/alan/repos/pipeline_airflow/pipeline-airflow-venv/lib/python3.11/site-packages/airflow/example_dags/example_dynamic_task_mapping.py
[2023-08-15T19:05:14.044-0300] {logging_mixin.py:150} INFO - [2023-08-15T19:05:14.044-0300] {dag.py:2742} INFO - Sync 1 DAGs
[2023-08-15T19:05:14.079-0300] {logging_mixin.py:150} INFO - [2023-08-15T19:05:14.079-0300] {dag.py:3504} INFO - Setting next_dagrun for example_dynamic_task_mapping to 2022-03-04T00:00:00+00:00, run_after=2022-03-05T00:00:00+00:00
[2023-08-15T19:05:14.176-0300] {processor.py:179} INFO - Processing /home/alan/repos/pipeline_airflow/pipeline-airflow-venv/lib/python3.11/site-packages/airflow/example_dags/example_dynamic_task_mapping.py took 0.203 seconds
[2023-08-15T19:06:25.057-0300] {processor.py:157} INFO - Started process (PID=28772) to work on /home/alan/repos/pipeline_airflow/pipeline-airflow-venv/lib/python3.11/site-packages/airflow/example_dags/example_dynamic_task_mapping.py
[2023-08-15T19:06:25.059-0300] {processor.py:826} INFO - Processing file /home/alan/repos/pipeline_airflow/pipeline-airflow-venv/lib/python3.11/site-packages/airflow/example_dags/example_dynamic_task_mapping.py for tasks to queue
[2023-08-15T19:06:25.060-0300] {logging_mixin.py:150} INFO - [2023-08-15T19:06:25.059-0300] {dagbag.py:541} INFO - Filling up the DagBag from /home/alan/repos/pipeline_airflow/pipeline-airflow-venv/lib/python3.11/site-packages/airflow/example_dags/example_dynamic_task_mapping.py
[2023-08-15T19:06:25.074-0300] {processor.py:836} INFO - DAG(s) dict_keys(['example_dynamic_task_mapping']) retrieved from /home/alan/repos/pipeline_airflow/pipeline-airflow-venv/lib/python3.11/site-packages/airflow/example_dags/example_dynamic_task_mapping.py
[2023-08-15T19:06:25.103-0300] {logging_mixin.py:150} INFO - [2023-08-15T19:06:25.103-0300] {dag.py:2742} INFO - Sync 1 DAGs
[2023-08-15T19:06:25.142-0300] {logging_mixin.py:150} INFO - [2023-08-15T19:06:25.142-0300] {dag.py:3504} INFO - Setting next_dagrun for example_dynamic_task_mapping to 2022-03-04T00:00:00+00:00, run_after=2022-03-05T00:00:00+00:00
[2023-08-15T19:06:25.260-0300] {processor.py:179} INFO - Processing /home/alan/repos/pipeline_airflow/pipeline-airflow-venv/lib/python3.11/site-packages/airflow/example_dags/example_dynamic_task_mapping.py took 0.208 seconds
[2023-08-15T19:07:25.955-0300] {processor.py:157} INFO - Started process (PID=28938) to work on /home/alan/repos/pipeline_airflow/pipeline-airflow-venv/lib/python3.11/site-packages/airflow/example_dags/example_dynamic_task_mapping.py
[2023-08-15T19:07:25.957-0300] {processor.py:826} INFO - Processing file /home/alan/repos/pipeline_airflow/pipeline-airflow-venv/lib/python3.11/site-packages/airflow/example_dags/example_dynamic_task_mapping.py for tasks to queue
[2023-08-15T19:07:25.959-0300] {logging_mixin.py:150} INFO - [2023-08-15T19:07:25.958-0300] {dagbag.py:541} INFO - Filling up the DagBag from /home/alan/repos/pipeline_airflow/pipeline-airflow-venv/lib/python3.11/site-packages/airflow/example_dags/example_dynamic_task_mapping.py
[2023-08-15T19:07:25.974-0300] {processor.py:836} INFO - DAG(s) dict_keys(['example_dynamic_task_mapping']) retrieved from /home/alan/repos/pipeline_airflow/pipeline-airflow-venv/lib/python3.11/site-packages/airflow/example_dags/example_dynamic_task_mapping.py
[2023-08-15T19:07:26.002-0300] {logging_mixin.py:150} INFO - [2023-08-15T19:07:26.002-0300] {dag.py:2742} INFO - Sync 1 DAGs
[2023-08-15T19:07:26.039-0300] {logging_mixin.py:150} INFO - [2023-08-15T19:07:26.039-0300] {dag.py:3504} INFO - Setting next_dagrun for example_dynamic_task_mapping to 2022-03-04T00:00:00+00:00, run_after=2022-03-05T00:00:00+00:00
[2023-08-15T19:07:26.166-0300] {processor.py:179} INFO - Processing /home/alan/repos/pipeline_airflow/pipeline-airflow-venv/lib/python3.11/site-packages/airflow/example_dags/example_dynamic_task_mapping.py took 0.217 seconds
[2023-08-15T19:08:33.353-0300] {processor.py:157} INFO - Started process (PID=29214) to work on /home/alan/repos/pipeline_airflow/pipeline-airflow-venv/lib/python3.11/site-packages/airflow/example_dags/example_dynamic_task_mapping.py
[2023-08-15T19:08:33.366-0300] {processor.py:826} INFO - Processing file /home/alan/repos/pipeline_airflow/pipeline-airflow-venv/lib/python3.11/site-packages/airflow/example_dags/example_dynamic_task_mapping.py for tasks to queue
[2023-08-15T19:08:33.367-0300] {logging_mixin.py:150} INFO - [2023-08-15T19:08:33.366-0300] {dagbag.py:541} INFO - Filling up the DagBag from /home/alan/repos/pipeline_airflow/pipeline-airflow-venv/lib/python3.11/site-packages/airflow/example_dags/example_dynamic_task_mapping.py
[2023-08-15T19:08:33.380-0300] {processor.py:836} INFO - DAG(s) dict_keys(['example_dynamic_task_mapping']) retrieved from /home/alan/repos/pipeline_airflow/pipeline-airflow-venv/lib/python3.11/site-packages/airflow/example_dags/example_dynamic_task_mapping.py
[2023-08-15T19:08:33.408-0300] {logging_mixin.py:150} INFO - [2023-08-15T19:08:33.408-0300] {dag.py:2742} INFO - Sync 1 DAGs
[2023-08-15T19:08:33.445-0300] {logging_mixin.py:150} INFO - [2023-08-15T19:08:33.445-0300] {dag.py:3504} INFO - Setting next_dagrun for example_dynamic_task_mapping to 2022-03-04T00:00:00+00:00, run_after=2022-03-05T00:00:00+00:00
[2023-08-15T19:08:33.545-0300] {processor.py:179} INFO - Processing /home/alan/repos/pipeline_airflow/pipeline-airflow-venv/lib/python3.11/site-packages/airflow/example_dags/example_dynamic_task_mapping.py took 0.198 seconds
[2023-08-15T19:09:35.321-0300] {processor.py:157} INFO - Started process (PID=29372) to work on /home/alan/repos/pipeline_airflow/pipeline-airflow-venv/lib/python3.11/site-packages/airflow/example_dags/example_dynamic_task_mapping.py
[2023-08-15T19:09:35.334-0300] {processor.py:826} INFO - Processing file /home/alan/repos/pipeline_airflow/pipeline-airflow-venv/lib/python3.11/site-packages/airflow/example_dags/example_dynamic_task_mapping.py for tasks to queue
[2023-08-15T19:09:35.336-0300] {logging_mixin.py:150} INFO - [2023-08-15T19:09:35.335-0300] {dagbag.py:541} INFO - Filling up the DagBag from /home/alan/repos/pipeline_airflow/pipeline-airflow-venv/lib/python3.11/site-packages/airflow/example_dags/example_dynamic_task_mapping.py
[2023-08-15T19:09:35.355-0300] {processor.py:836} INFO - DAG(s) dict_keys(['example_dynamic_task_mapping']) retrieved from /home/alan/repos/pipeline_airflow/pipeline-airflow-venv/lib/python3.11/site-packages/airflow/example_dags/example_dynamic_task_mapping.py
[2023-08-15T19:09:35.388-0300] {logging_mixin.py:150} INFO - [2023-08-15T19:09:35.388-0300] {dag.py:2742} INFO - Sync 1 DAGs
[2023-08-15T19:09:35.428-0300] {logging_mixin.py:150} INFO - [2023-08-15T19:09:35.428-0300] {dag.py:3504} INFO - Setting next_dagrun for example_dynamic_task_mapping to 2022-03-04T00:00:00+00:00, run_after=2022-03-05T00:00:00+00:00
[2023-08-15T19:09:35.548-0300] {processor.py:179} INFO - Processing /home/alan/repos/pipeline_airflow/pipeline-airflow-venv/lib/python3.11/site-packages/airflow/example_dags/example_dynamic_task_mapping.py took 0.234 seconds
[2023-08-15T19:10:34.941-0300] {processor.py:157} INFO - Started process (PID=29531) to work on /home/alan/repos/pipeline_airflow/pipeline-airflow-venv/lib/python3.11/site-packages/airflow/example_dags/example_dynamic_task_mapping.py
[2023-08-15T19:10:34.957-0300] {processor.py:826} INFO - Processing file /home/alan/repos/pipeline_airflow/pipeline-airflow-venv/lib/python3.11/site-packages/airflow/example_dags/example_dynamic_task_mapping.py for tasks to queue
[2023-08-15T19:10:34.958-0300] {logging_mixin.py:150} INFO - [2023-08-15T19:10:34.958-0300] {dagbag.py:541} INFO - Filling up the DagBag from /home/alan/repos/pipeline_airflow/pipeline-airflow-venv/lib/python3.11/site-packages/airflow/example_dags/example_dynamic_task_mapping.py
[2023-08-15T19:10:35.026-0300] {processor.py:836} INFO - DAG(s) dict_keys(['example_dynamic_task_mapping']) retrieved from /home/alan/repos/pipeline_airflow/pipeline-airflow-venv/lib/python3.11/site-packages/airflow/example_dags/example_dynamic_task_mapping.py
[2023-08-15T19:10:35.081-0300] {logging_mixin.py:150} INFO - [2023-08-15T19:10:35.080-0300] {dag.py:2742} INFO - Sync 1 DAGs
[2023-08-15T19:10:35.125-0300] {logging_mixin.py:150} INFO - [2023-08-15T19:10:35.125-0300] {dag.py:3504} INFO - Setting next_dagrun for example_dynamic_task_mapping to 2022-03-04T00:00:00+00:00, run_after=2022-03-05T00:00:00+00:00
[2023-08-15T19:10:35.242-0300] {processor.py:179} INFO - Processing /home/alan/repos/pipeline_airflow/pipeline-airflow-venv/lib/python3.11/site-packages/airflow/example_dags/example_dynamic_task_mapping.py took 0.307 seconds
[2023-08-15T19:11:36.342-0300] {processor.py:157} INFO - Started process (PID=29759) to work on /home/alan/repos/pipeline_airflow/pipeline-airflow-venv/lib/python3.11/site-packages/airflow/example_dags/example_dynamic_task_mapping.py
[2023-08-15T19:11:36.352-0300] {processor.py:826} INFO - Processing file /home/alan/repos/pipeline_airflow/pipeline-airflow-venv/lib/python3.11/site-packages/airflow/example_dags/example_dynamic_task_mapping.py for tasks to queue
[2023-08-15T19:11:36.353-0300] {logging_mixin.py:150} INFO - [2023-08-15T19:11:36.353-0300] {dagbag.py:541} INFO - Filling up the DagBag from /home/alan/repos/pipeline_airflow/pipeline-airflow-venv/lib/python3.11/site-packages/airflow/example_dags/example_dynamic_task_mapping.py
[2023-08-15T19:11:36.370-0300] {processor.py:836} INFO - DAG(s) dict_keys(['example_dynamic_task_mapping']) retrieved from /home/alan/repos/pipeline_airflow/pipeline-airflow-venv/lib/python3.11/site-packages/airflow/example_dags/example_dynamic_task_mapping.py
[2023-08-15T19:11:36.402-0300] {logging_mixin.py:150} INFO - [2023-08-15T19:11:36.401-0300] {dag.py:2742} INFO - Sync 1 DAGs
[2023-08-15T19:11:36.436-0300] {logging_mixin.py:150} INFO - [2023-08-15T19:11:36.436-0300] {dag.py:3504} INFO - Setting next_dagrun for example_dynamic_task_mapping to 2022-03-04T00:00:00+00:00, run_after=2022-03-05T00:00:00+00:00
[2023-08-15T19:11:36.551-0300] {processor.py:179} INFO - Processing /home/alan/repos/pipeline_airflow/pipeline-airflow-venv/lib/python3.11/site-packages/airflow/example_dags/example_dynamic_task_mapping.py took 0.216 seconds
[2023-08-15T19:12:41.620-0300] {processor.py:157} INFO - Started process (PID=29961) to work on /home/alan/repos/pipeline_airflow/pipeline-airflow-venv/lib/python3.11/site-packages/airflow/example_dags/example_dynamic_task_mapping.py
[2023-08-15T19:12:41.631-0300] {processor.py:826} INFO - Processing file /home/alan/repos/pipeline_airflow/pipeline-airflow-venv/lib/python3.11/site-packages/airflow/example_dags/example_dynamic_task_mapping.py for tasks to queue
[2023-08-15T19:12:41.633-0300] {logging_mixin.py:150} INFO - [2023-08-15T19:12:41.632-0300] {dagbag.py:541} INFO - Filling up the DagBag from /home/alan/repos/pipeline_airflow/pipeline-airflow-venv/lib/python3.11/site-packages/airflow/example_dags/example_dynamic_task_mapping.py
[2023-08-15T19:12:41.650-0300] {processor.py:836} INFO - DAG(s) dict_keys(['example_dynamic_task_mapping']) retrieved from /home/alan/repos/pipeline_airflow/pipeline-airflow-venv/lib/python3.11/site-packages/airflow/example_dags/example_dynamic_task_mapping.py
[2023-08-15T19:12:41.679-0300] {logging_mixin.py:150} INFO - [2023-08-15T19:12:41.679-0300] {dag.py:2742} INFO - Sync 1 DAGs
[2023-08-15T19:12:41.723-0300] {logging_mixin.py:150} INFO - [2023-08-15T19:12:41.722-0300] {dag.py:3504} INFO - Setting next_dagrun for example_dynamic_task_mapping to 2022-03-04T00:00:00+00:00, run_after=2022-03-05T00:00:00+00:00
[2023-08-15T19:12:41.846-0300] {processor.py:179} INFO - Processing /home/alan/repos/pipeline_airflow/pipeline-airflow-venv/lib/python3.11/site-packages/airflow/example_dags/example_dynamic_task_mapping.py took 0.231 seconds
[2023-08-15T19:13:42.066-0300] {processor.py:157} INFO - Started process (PID=30121) to work on /home/alan/repos/pipeline_airflow/pipeline-airflow-venv/lib/python3.11/site-packages/airflow/example_dags/example_dynamic_task_mapping.py
[2023-08-15T19:13:42.084-0300] {processor.py:826} INFO - Processing file /home/alan/repos/pipeline_airflow/pipeline-airflow-venv/lib/python3.11/site-packages/airflow/example_dags/example_dynamic_task_mapping.py for tasks to queue
[2023-08-15T19:13:42.087-0300] {logging_mixin.py:150} INFO - [2023-08-15T19:13:42.086-0300] {dagbag.py:541} INFO - Filling up the DagBag from /home/alan/repos/pipeline_airflow/pipeline-airflow-venv/lib/python3.11/site-packages/airflow/example_dags/example_dynamic_task_mapping.py
[2023-08-15T19:13:42.110-0300] {processor.py:836} INFO - DAG(s) dict_keys(['example_dynamic_task_mapping']) retrieved from /home/alan/repos/pipeline_airflow/pipeline-airflow-venv/lib/python3.11/site-packages/airflow/example_dags/example_dynamic_task_mapping.py
[2023-08-15T19:13:42.147-0300] {logging_mixin.py:150} INFO - [2023-08-15T19:13:42.147-0300] {dag.py:2742} INFO - Sync 1 DAGs
[2023-08-15T19:13:42.191-0300] {logging_mixin.py:150} INFO - [2023-08-15T19:13:42.191-0300] {dag.py:3504} INFO - Setting next_dagrun for example_dynamic_task_mapping to 2022-03-04T00:00:00+00:00, run_after=2022-03-05T00:00:00+00:00
[2023-08-15T19:13:42.324-0300] {processor.py:179} INFO - Processing /home/alan/repos/pipeline_airflow/pipeline-airflow-venv/lib/python3.11/site-packages/airflow/example_dags/example_dynamic_task_mapping.py took 0.267 seconds
[2023-08-15T19:14:41.724-0300] {processor.py:157} INFO - Started process (PID=30276) to work on /home/alan/repos/pipeline_airflow/pipeline-airflow-venv/lib/python3.11/site-packages/airflow/example_dags/example_dynamic_task_mapping.py
[2023-08-15T19:14:41.732-0300] {processor.py:826} INFO - Processing file /home/alan/repos/pipeline_airflow/pipeline-airflow-venv/lib/python3.11/site-packages/airflow/example_dags/example_dynamic_task_mapping.py for tasks to queue
[2023-08-15T19:14:41.734-0300] {logging_mixin.py:150} INFO - [2023-08-15T19:14:41.733-0300] {dagbag.py:541} INFO - Filling up the DagBag from /home/alan/repos/pipeline_airflow/pipeline-airflow-venv/lib/python3.11/site-packages/airflow/example_dags/example_dynamic_task_mapping.py
[2023-08-15T19:14:41.753-0300] {processor.py:836} INFO - DAG(s) dict_keys(['example_dynamic_task_mapping']) retrieved from /home/alan/repos/pipeline_airflow/pipeline-airflow-venv/lib/python3.11/site-packages/airflow/example_dags/example_dynamic_task_mapping.py
[2023-08-15T19:14:41.786-0300] {logging_mixin.py:150} INFO - [2023-08-15T19:14:41.786-0300] {dag.py:2742} INFO - Sync 1 DAGs
[2023-08-15T19:14:41.852-0300] {logging_mixin.py:150} INFO - [2023-08-15T19:14:41.852-0300] {dag.py:3504} INFO - Setting next_dagrun for example_dynamic_task_mapping to 2022-03-04T00:00:00+00:00, run_after=2022-03-05T00:00:00+00:00
[2023-08-15T19:14:41.992-0300] {processor.py:179} INFO - Processing /home/alan/repos/pipeline_airflow/pipeline-airflow-venv/lib/python3.11/site-packages/airflow/example_dags/example_dynamic_task_mapping.py took 0.273 seconds
[2023-08-15T19:15:37.877-0300] {processor.py:157} INFO - Started process (PID=30422) to work on /home/alan/repos/pipeline_airflow/pipeline-airflow-venv/lib/python3.11/site-packages/airflow/example_dags/example_dynamic_task_mapping.py
[2023-08-15T19:15:37.890-0300] {processor.py:826} INFO - Processing file /home/alan/repos/pipeline_airflow/pipeline-airflow-venv/lib/python3.11/site-packages/airflow/example_dags/example_dynamic_task_mapping.py for tasks to queue
[2023-08-15T19:15:37.893-0300] {logging_mixin.py:150} INFO - [2023-08-15T19:15:37.891-0300] {dagbag.py:541} INFO - Filling up the DagBag from /home/alan/repos/pipeline_airflow/pipeline-airflow-venv/lib/python3.11/site-packages/airflow/example_dags/example_dynamic_task_mapping.py
[2023-08-15T19:15:37.907-0300] {processor.py:836} INFO - DAG(s) dict_keys(['example_dynamic_task_mapping']) retrieved from /home/alan/repos/pipeline_airflow/pipeline-airflow-venv/lib/python3.11/site-packages/airflow/example_dags/example_dynamic_task_mapping.py
[2023-08-15T19:15:37.938-0300] {logging_mixin.py:150} INFO - [2023-08-15T19:15:37.937-0300] {dag.py:2742} INFO - Sync 1 DAGs
[2023-08-15T19:15:37.977-0300] {logging_mixin.py:150} INFO - [2023-08-15T19:15:37.976-0300] {dag.py:3504} INFO - Setting next_dagrun for example_dynamic_task_mapping to 2022-03-04T00:00:00+00:00, run_after=2022-03-05T00:00:00+00:00
[2023-08-15T19:15:38.089-0300] {processor.py:179} INFO - Processing /home/alan/repos/pipeline_airflow/pipeline-airflow-venv/lib/python3.11/site-packages/airflow/example_dags/example_dynamic_task_mapping.py took 0.218 seconds
[2023-08-15T19:16:37.019-0300] {processor.py:157} INFO - Started process (PID=30578) to work on /home/alan/repos/pipeline_airflow/pipeline-airflow-venv/lib/python3.11/site-packages/airflow/example_dags/example_dynamic_task_mapping.py
[2023-08-15T19:16:37.021-0300] {processor.py:826} INFO - Processing file /home/alan/repos/pipeline_airflow/pipeline-airflow-venv/lib/python3.11/site-packages/airflow/example_dags/example_dynamic_task_mapping.py for tasks to queue
[2023-08-15T19:16:37.022-0300] {logging_mixin.py:150} INFO - [2023-08-15T19:16:37.022-0300] {dagbag.py:541} INFO - Filling up the DagBag from /home/alan/repos/pipeline_airflow/pipeline-airflow-venv/lib/python3.11/site-packages/airflow/example_dags/example_dynamic_task_mapping.py
[2023-08-15T19:16:37.038-0300] {processor.py:836} INFO - DAG(s) dict_keys(['example_dynamic_task_mapping']) retrieved from /home/alan/repos/pipeline_airflow/pipeline-airflow-venv/lib/python3.11/site-packages/airflow/example_dags/example_dynamic_task_mapping.py
[2023-08-15T19:16:37.067-0300] {logging_mixin.py:150} INFO - [2023-08-15T19:16:37.066-0300] {dag.py:2742} INFO - Sync 1 DAGs
[2023-08-15T19:16:37.102-0300] {logging_mixin.py:150} INFO - [2023-08-15T19:16:37.101-0300] {dag.py:3504} INFO - Setting next_dagrun for example_dynamic_task_mapping to 2022-03-04T00:00:00+00:00, run_after=2022-03-05T00:00:00+00:00
[2023-08-15T19:16:37.223-0300] {processor.py:179} INFO - Processing /home/alan/repos/pipeline_airflow/pipeline-airflow-venv/lib/python3.11/site-packages/airflow/example_dags/example_dynamic_task_mapping.py took 0.211 seconds
[2023-08-15T19:17:38.588-0300] {processor.py:157} INFO - Started process (PID=30740) to work on /home/alan/repos/pipeline_airflow/pipeline-airflow-venv/lib/python3.11/site-packages/airflow/example_dags/example_dynamic_task_mapping.py
[2023-08-15T19:17:38.590-0300] {processor.py:826} INFO - Processing file /home/alan/repos/pipeline_airflow/pipeline-airflow-venv/lib/python3.11/site-packages/airflow/example_dags/example_dynamic_task_mapping.py for tasks to queue
[2023-08-15T19:17:38.591-0300] {logging_mixin.py:150} INFO - [2023-08-15T19:17:38.591-0300] {dagbag.py:541} INFO - Filling up the DagBag from /home/alan/repos/pipeline_airflow/pipeline-airflow-venv/lib/python3.11/site-packages/airflow/example_dags/example_dynamic_task_mapping.py
[2023-08-15T19:17:38.607-0300] {processor.py:836} INFO - DAG(s) dict_keys(['example_dynamic_task_mapping']) retrieved from /home/alan/repos/pipeline_airflow/pipeline-airflow-venv/lib/python3.11/site-packages/airflow/example_dags/example_dynamic_task_mapping.py
[2023-08-15T19:17:38.635-0300] {logging_mixin.py:150} INFO - [2023-08-15T19:17:38.635-0300] {dag.py:2742} INFO - Sync 1 DAGs
[2023-08-15T19:17:38.671-0300] {logging_mixin.py:150} INFO - [2023-08-15T19:17:38.671-0300] {dag.py:3504} INFO - Setting next_dagrun for example_dynamic_task_mapping to 2022-03-04T00:00:00+00:00, run_after=2022-03-05T00:00:00+00:00
[2023-08-15T19:17:38.766-0300] {processor.py:179} INFO - Processing /home/alan/repos/pipeline_airflow/pipeline-airflow-venv/lib/python3.11/site-packages/airflow/example_dags/example_dynamic_task_mapping.py took 0.185 seconds
[2023-08-15T19:18:35.529-0300] {processor.py:157} INFO - Started process (PID=30890) to work on /home/alan/repos/pipeline_airflow/pipeline-airflow-venv/lib/python3.11/site-packages/airflow/example_dags/example_dynamic_task_mapping.py
[2023-08-15T19:18:35.530-0300] {processor.py:826} INFO - Processing file /home/alan/repos/pipeline_airflow/pipeline-airflow-venv/lib/python3.11/site-packages/airflow/example_dags/example_dynamic_task_mapping.py for tasks to queue
[2023-08-15T19:18:35.532-0300] {logging_mixin.py:150} INFO - [2023-08-15T19:18:35.531-0300] {dagbag.py:541} INFO - Filling up the DagBag from /home/alan/repos/pipeline_airflow/pipeline-airflow-venv/lib/python3.11/site-packages/airflow/example_dags/example_dynamic_task_mapping.py
[2023-08-15T19:18:35.547-0300] {processor.py:836} INFO - DAG(s) dict_keys(['example_dynamic_task_mapping']) retrieved from /home/alan/repos/pipeline_airflow/pipeline-airflow-venv/lib/python3.11/site-packages/airflow/example_dags/example_dynamic_task_mapping.py
[2023-08-15T19:18:35.574-0300] {logging_mixin.py:150} INFO - [2023-08-15T19:18:35.573-0300] {dag.py:2742} INFO - Sync 1 DAGs
[2023-08-15T19:18:35.608-0300] {logging_mixin.py:150} INFO - [2023-08-15T19:18:35.608-0300] {dag.py:3504} INFO - Setting next_dagrun for example_dynamic_task_mapping to 2022-03-04T00:00:00+00:00, run_after=2022-03-05T00:00:00+00:00
[2023-08-15T19:18:35.705-0300] {processor.py:179} INFO - Processing /home/alan/repos/pipeline_airflow/pipeline-airflow-venv/lib/python3.11/site-packages/airflow/example_dags/example_dynamic_task_mapping.py took 0.182 seconds
[2023-08-15T19:19:33.711-0300] {processor.py:157} INFO - Started process (PID=31033) to work on /home/alan/repos/pipeline_airflow/pipeline-airflow-venv/lib/python3.11/site-packages/airflow/example_dags/example_dynamic_task_mapping.py
[2023-08-15T19:19:33.723-0300] {processor.py:826} INFO - Processing file /home/alan/repos/pipeline_airflow/pipeline-airflow-venv/lib/python3.11/site-packages/airflow/example_dags/example_dynamic_task_mapping.py for tasks to queue
[2023-08-15T19:19:33.725-0300] {logging_mixin.py:150} INFO - [2023-08-15T19:19:33.724-0300] {dagbag.py:541} INFO - Filling up the DagBag from /home/alan/repos/pipeline_airflow/pipeline-airflow-venv/lib/python3.11/site-packages/airflow/example_dags/example_dynamic_task_mapping.py
[2023-08-15T19:19:33.740-0300] {processor.py:836} INFO - DAG(s) dict_keys(['example_dynamic_task_mapping']) retrieved from /home/alan/repos/pipeline_airflow/pipeline-airflow-venv/lib/python3.11/site-packages/airflow/example_dags/example_dynamic_task_mapping.py
[2023-08-15T19:19:33.772-0300] {logging_mixin.py:150} INFO - [2023-08-15T19:19:33.772-0300] {dag.py:2742} INFO - Sync 1 DAGs
[2023-08-15T19:19:33.819-0300] {logging_mixin.py:150} INFO - [2023-08-15T19:19:33.819-0300] {dag.py:3504} INFO - Setting next_dagrun for example_dynamic_task_mapping to 2022-03-04T00:00:00+00:00, run_after=2022-03-05T00:00:00+00:00
[2023-08-15T19:19:33.950-0300] {processor.py:179} INFO - Processing /home/alan/repos/pipeline_airflow/pipeline-airflow-venv/lib/python3.11/site-packages/airflow/example_dags/example_dynamic_task_mapping.py took 0.244 seconds
[2023-08-15T19:20:36.141-0300] {processor.py:157} INFO - Started process (PID=31256) to work on /home/alan/repos/pipeline_airflow/pipeline-airflow-venv/lib/python3.11/site-packages/airflow/example_dags/example_dynamic_task_mapping.py
[2023-08-15T19:20:36.158-0300] {processor.py:826} INFO - Processing file /home/alan/repos/pipeline_airflow/pipeline-airflow-venv/lib/python3.11/site-packages/airflow/example_dags/example_dynamic_task_mapping.py for tasks to queue
[2023-08-15T19:20:36.159-0300] {logging_mixin.py:150} INFO - [2023-08-15T19:20:36.159-0300] {dagbag.py:541} INFO - Filling up the DagBag from /home/alan/repos/pipeline_airflow/pipeline-airflow-venv/lib/python3.11/site-packages/airflow/example_dags/example_dynamic_task_mapping.py
[2023-08-15T19:20:36.180-0300] {processor.py:836} INFO - DAG(s) dict_keys(['example_dynamic_task_mapping']) retrieved from /home/alan/repos/pipeline_airflow/pipeline-airflow-venv/lib/python3.11/site-packages/airflow/example_dags/example_dynamic_task_mapping.py
[2023-08-15T19:20:36.214-0300] {logging_mixin.py:150} INFO - [2023-08-15T19:20:36.214-0300] {dag.py:2742} INFO - Sync 1 DAGs
[2023-08-15T19:20:36.253-0300] {logging_mixin.py:150} INFO - [2023-08-15T19:20:36.252-0300] {dag.py:3504} INFO - Setting next_dagrun for example_dynamic_task_mapping to 2022-03-04T00:00:00+00:00, run_after=2022-03-05T00:00:00+00:00
[2023-08-15T19:20:36.356-0300] {processor.py:179} INFO - Processing /home/alan/repos/pipeline_airflow/pipeline-airflow-venv/lib/python3.11/site-packages/airflow/example_dags/example_dynamic_task_mapping.py took 0.223 seconds
[2023-08-15T19:21:50.514-0300] {processor.py:157} INFO - Started process (PID=31594) to work on /home/alan/repos/pipeline_airflow/pipeline-airflow-venv/lib/python3.11/site-packages/airflow/example_dags/example_dynamic_task_mapping.py
[2023-08-15T19:21:50.526-0300] {processor.py:826} INFO - Processing file /home/alan/repos/pipeline_airflow/pipeline-airflow-venv/lib/python3.11/site-packages/airflow/example_dags/example_dynamic_task_mapping.py for tasks to queue
[2023-08-15T19:21:50.528-0300] {logging_mixin.py:150} INFO - [2023-08-15T19:21:50.527-0300] {dagbag.py:541} INFO - Filling up the DagBag from /home/alan/repos/pipeline_airflow/pipeline-airflow-venv/lib/python3.11/site-packages/airflow/example_dags/example_dynamic_task_mapping.py
[2023-08-15T19:21:50.544-0300] {processor.py:836} INFO - DAG(s) dict_keys(['example_dynamic_task_mapping']) retrieved from /home/alan/repos/pipeline_airflow/pipeline-airflow-venv/lib/python3.11/site-packages/airflow/example_dags/example_dynamic_task_mapping.py
[2023-08-15T19:21:50.572-0300] {logging_mixin.py:150} INFO - [2023-08-15T19:21:50.572-0300] {dag.py:2742} INFO - Sync 1 DAGs
[2023-08-15T19:21:50.609-0300] {logging_mixin.py:150} INFO - [2023-08-15T19:21:50.609-0300] {dag.py:3504} INFO - Setting next_dagrun for example_dynamic_task_mapping to 2022-03-04T00:00:00+00:00, run_after=2022-03-05T00:00:00+00:00
[2023-08-15T19:21:50.712-0300] {processor.py:179} INFO - Processing /home/alan/repos/pipeline_airflow/pipeline-airflow-venv/lib/python3.11/site-packages/airflow/example_dags/example_dynamic_task_mapping.py took 0.205 seconds
