[2023-08-15T18:18:55.680-0300] {processor.py:157} INFO - Started process (PID=17798) to work on /home/alan/repos/pipeline_airflow/pipeline-airflow-venv/lib/python3.11/site-packages/airflow/example_dags/example_xcom.py
[2023-08-15T18:18:55.681-0300] {processor.py:826} INFO - Processing file /home/alan/repos/pipeline_airflow/pipeline-airflow-venv/lib/python3.11/site-packages/airflow/example_dags/example_xcom.py for tasks to queue
[2023-08-15T18:18:55.682-0300] {logging_mixin.py:150} INFO - [2023-08-15T18:18:55.682-0300] {dagbag.py:541} INFO - Filling up the DagBag from /home/alan/repos/pipeline_airflow/pipeline-airflow-venv/lib/python3.11/site-packages/airflow/example_dags/example_xcom.py
[2023-08-15T18:18:55.699-0300] {processor.py:836} INFO - DAG(s) dict_keys(['example_xcom']) retrieved from /home/alan/repos/pipeline_airflow/pipeline-airflow-venv/lib/python3.11/site-packages/airflow/example_dags/example_xcom.py
[2023-08-15T18:18:56.499-0300] {logging_mixin.py:150} INFO - [2023-08-15T18:18:56.498-0300] {manager.py:504} INFO - Created Permission View: can delete on DAG:example_xcom
[2023-08-15T18:18:56.699-0300] {logging_mixin.py:150} INFO - [2023-08-15T18:18:56.699-0300] {manager.py:504} INFO - Created Permission View: can edit on DAG:example_xcom
[2023-08-15T18:18:56.909-0300] {logging_mixin.py:150} INFO - [2023-08-15T18:18:56.908-0300] {manager.py:504} INFO - Created Permission View: can read on DAG:example_xcom
[2023-08-15T18:18:57.110-0300] {logging_mixin.py:150} INFO - [2023-08-15T18:18:57.109-0300] {dag.py:2742} INFO - Sync 1 DAGs
[2023-08-15T18:18:58.968-0300] {logging_mixin.py:150} INFO - [2023-08-15T18:18:58.967-0300] {dag.py:2763} INFO - Creating ORM DAG for example_xcom
[2023-08-15T18:18:59.002-0300] {logging_mixin.py:150} INFO - [2023-08-15T18:18:59.001-0300] {dag.py:3504} INFO - Setting next_dagrun for example_xcom to 2021-01-01T00:00:00+00:00, run_after=2021-01-01T00:00:00+00:00
[2023-08-15T18:19:00.850-0300] {processor.py:179} INFO - Processing /home/alan/repos/pipeline_airflow/pipeline-airflow-venv/lib/python3.11/site-packages/airflow/example_dags/example_xcom.py took 5.175 seconds
[2023-08-15T18:20:44.060-0300] {processor.py:157} INFO - Started process (PID=18760) to work on /home/alan/repos/pipeline_airflow/pipeline-airflow-venv/lib/python3.11/site-packages/airflow/example_dags/example_xcom.py
[2023-08-15T18:20:44.062-0300] {processor.py:826} INFO - Processing file /home/alan/repos/pipeline_airflow/pipeline-airflow-venv/lib/python3.11/site-packages/airflow/example_dags/example_xcom.py for tasks to queue
[2023-08-15T18:20:44.064-0300] {logging_mixin.py:150} INFO - [2023-08-15T18:20:44.063-0300] {dagbag.py:541} INFO - Filling up the DagBag from /home/alan/repos/pipeline_airflow/pipeline-airflow-venv/lib/python3.11/site-packages/airflow/example_dags/example_xcom.py
[2023-08-15T18:20:44.081-0300] {processor.py:836} INFO - DAG(s) dict_keys(['example_xcom']) retrieved from /home/alan/repos/pipeline_airflow/pipeline-airflow-venv/lib/python3.11/site-packages/airflow/example_dags/example_xcom.py
[2023-08-15T18:20:44.111-0300] {logging_mixin.py:150} INFO - [2023-08-15T18:20:44.111-0300] {dag.py:2742} INFO - Sync 1 DAGs
[2023-08-15T18:20:44.145-0300] {logging_mixin.py:150} INFO - [2023-08-15T18:20:44.145-0300] {dag.py:3504} INFO - Setting next_dagrun for example_xcom to 2021-01-01T00:00:00+00:00, run_after=2021-01-01T00:00:00+00:00
[2023-08-15T18:20:44.307-0300] {processor.py:179} INFO - Processing /home/alan/repos/pipeline_airflow/pipeline-airflow-venv/lib/python3.11/site-packages/airflow/example_dags/example_xcom.py took 0.253 seconds
[2023-08-15T18:21:24.808-0300] {processor.py:157} INFO - Started process (PID=18900) to work on /home/alan/repos/pipeline_airflow/pipeline-airflow-venv/lib/python3.11/site-packages/airflow/example_dags/example_xcom.py
[2023-08-15T18:21:24.810-0300] {processor.py:826} INFO - Processing file /home/alan/repos/pipeline_airflow/pipeline-airflow-venv/lib/python3.11/site-packages/airflow/example_dags/example_xcom.py for tasks to queue
[2023-08-15T18:21:24.812-0300] {logging_mixin.py:150} INFO - [2023-08-15T18:21:24.811-0300] {dagbag.py:541} INFO - Filling up the DagBag from /home/alan/repos/pipeline_airflow/pipeline-airflow-venv/lib/python3.11/site-packages/airflow/example_dags/example_xcom.py
[2023-08-15T18:21:24.827-0300] {processor.py:836} INFO - DAG(s) dict_keys(['example_xcom']) retrieved from /home/alan/repos/pipeline_airflow/pipeline-airflow-venv/lib/python3.11/site-packages/airflow/example_dags/example_xcom.py
[2023-08-15T18:21:24.858-0300] {logging_mixin.py:150} INFO - [2023-08-15T18:21:24.858-0300] {dag.py:2742} INFO - Sync 1 DAGs
[2023-08-15T18:21:24.895-0300] {logging_mixin.py:150} INFO - [2023-08-15T18:21:24.895-0300] {dag.py:3504} INFO - Setting next_dagrun for example_xcom to 2021-01-01T00:00:00+00:00, run_after=2021-01-01T00:00:00+00:00
[2023-08-15T18:21:25.004-0300] {processor.py:179} INFO - Processing /home/alan/repos/pipeline_airflow/pipeline-airflow-venv/lib/python3.11/site-packages/airflow/example_dags/example_xcom.py took 0.202 seconds
[2023-08-15T18:22:17.303-0300] {processor.py:157} INFO - Started process (PID=19092) to work on /home/alan/repos/pipeline_airflow/pipeline-airflow-venv/lib/python3.11/site-packages/airflow/example_dags/example_xcom.py
[2023-08-15T18:22:17.306-0300] {processor.py:826} INFO - Processing file /home/alan/repos/pipeline_airflow/pipeline-airflow-venv/lib/python3.11/site-packages/airflow/example_dags/example_xcom.py for tasks to queue
[2023-08-15T18:22:17.308-0300] {logging_mixin.py:150} INFO - [2023-08-15T18:22:17.307-0300] {dagbag.py:541} INFO - Filling up the DagBag from /home/alan/repos/pipeline_airflow/pipeline-airflow-venv/lib/python3.11/site-packages/airflow/example_dags/example_xcom.py
[2023-08-15T18:22:17.323-0300] {processor.py:836} INFO - DAG(s) dict_keys(['example_xcom']) retrieved from /home/alan/repos/pipeline_airflow/pipeline-airflow-venv/lib/python3.11/site-packages/airflow/example_dags/example_xcom.py
[2023-08-15T18:22:17.374-0300] {logging_mixin.py:150} INFO - [2023-08-15T18:22:17.374-0300] {dag.py:2742} INFO - Sync 1 DAGs
[2023-08-15T18:22:17.411-0300] {logging_mixin.py:150} INFO - [2023-08-15T18:22:17.411-0300] {dag.py:3504} INFO - Setting next_dagrun for example_xcom to 2021-01-01T00:00:00+00:00, run_after=2021-01-01T00:00:00+00:00
[2023-08-15T18:22:17.528-0300] {processor.py:179} INFO - Processing /home/alan/repos/pipeline_airflow/pipeline-airflow-venv/lib/python3.11/site-packages/airflow/example_dags/example_xcom.py took 0.230 seconds
[2023-08-15T18:23:11.949-0300] {processor.py:157} INFO - Started process (PID=19286) to work on /home/alan/repos/pipeline_airflow/pipeline-airflow-venv/lib/python3.11/site-packages/airflow/example_dags/example_xcom.py
[2023-08-15T18:23:11.958-0300] {processor.py:826} INFO - Processing file /home/alan/repos/pipeline_airflow/pipeline-airflow-venv/lib/python3.11/site-packages/airflow/example_dags/example_xcom.py for tasks to queue
[2023-08-15T18:23:11.959-0300] {logging_mixin.py:150} INFO - [2023-08-15T18:23:11.959-0300] {dagbag.py:541} INFO - Filling up the DagBag from /home/alan/repos/pipeline_airflow/pipeline-airflow-venv/lib/python3.11/site-packages/airflow/example_dags/example_xcom.py
[2023-08-15T18:23:11.977-0300] {processor.py:836} INFO - DAG(s) dict_keys(['example_xcom']) retrieved from /home/alan/repos/pipeline_airflow/pipeline-airflow-venv/lib/python3.11/site-packages/airflow/example_dags/example_xcom.py
[2023-08-15T18:23:12.023-0300] {logging_mixin.py:150} INFO - [2023-08-15T18:23:12.023-0300] {dag.py:2742} INFO - Sync 1 DAGs
[2023-08-15T18:23:12.086-0300] {logging_mixin.py:150} INFO - [2023-08-15T18:23:12.085-0300] {dag.py:3504} INFO - Setting next_dagrun for example_xcom to 2021-01-01T00:00:00+00:00, run_after=2021-01-01T00:00:00+00:00
[2023-08-15T18:23:12.401-0300] {processor.py:179} INFO - Processing /home/alan/repos/pipeline_airflow/pipeline-airflow-venv/lib/python3.11/site-packages/airflow/example_dags/example_xcom.py took 0.457 seconds
[2023-08-15T18:24:14.793-0300] {processor.py:157} INFO - Started process (PID=19538) to work on /home/alan/repos/pipeline_airflow/pipeline-airflow-venv/lib/python3.11/site-packages/airflow/example_dags/example_xcom.py
[2023-08-15T18:24:14.820-0300] {processor.py:826} INFO - Processing file /home/alan/repos/pipeline_airflow/pipeline-airflow-venv/lib/python3.11/site-packages/airflow/example_dags/example_xcom.py for tasks to queue
[2023-08-15T18:24:14.822-0300] {logging_mixin.py:150} INFO - [2023-08-15T18:24:14.822-0300] {dagbag.py:541} INFO - Filling up the DagBag from /home/alan/repos/pipeline_airflow/pipeline-airflow-venv/lib/python3.11/site-packages/airflow/example_dags/example_xcom.py
[2023-08-15T18:24:14.840-0300] {processor.py:836} INFO - DAG(s) dict_keys(['example_xcom']) retrieved from /home/alan/repos/pipeline_airflow/pipeline-airflow-venv/lib/python3.11/site-packages/airflow/example_dags/example_xcom.py
[2023-08-15T18:24:14.877-0300] {logging_mixin.py:150} INFO - [2023-08-15T18:24:14.876-0300] {dag.py:2742} INFO - Sync 1 DAGs
[2023-08-15T18:24:15.089-0300] {logging_mixin.py:150} INFO - [2023-08-15T18:24:15.088-0300] {dag.py:3504} INFO - Setting next_dagrun for example_xcom to 2021-01-01T00:00:00+00:00, run_after=2021-01-01T00:00:00+00:00
[2023-08-15T18:24:15.786-0300] {processor.py:179} INFO - Processing /home/alan/repos/pipeline_airflow/pipeline-airflow-venv/lib/python3.11/site-packages/airflow/example_dags/example_xcom.py took 1.002 seconds
[2023-08-15T18:24:52.854-0300] {processor.py:157} INFO - Started process (PID=19832) to work on /home/alan/repos/pipeline_airflow/pipeline-airflow-venv/lib/python3.11/site-packages/airflow/example_dags/example_xcom.py
[2023-08-15T18:24:52.878-0300] {processor.py:826} INFO - Processing file /home/alan/repos/pipeline_airflow/pipeline-airflow-venv/lib/python3.11/site-packages/airflow/example_dags/example_xcom.py for tasks to queue
[2023-08-15T18:24:52.879-0300] {logging_mixin.py:150} INFO - [2023-08-15T18:24:52.879-0300] {dagbag.py:541} INFO - Filling up the DagBag from /home/alan/repos/pipeline_airflow/pipeline-airflow-venv/lib/python3.11/site-packages/airflow/example_dags/example_xcom.py
[2023-08-15T18:24:52.896-0300] {processor.py:836} INFO - DAG(s) dict_keys(['example_xcom']) retrieved from /home/alan/repos/pipeline_airflow/pipeline-airflow-venv/lib/python3.11/site-packages/airflow/example_dags/example_xcom.py
[2023-08-15T18:24:52.929-0300] {logging_mixin.py:150} INFO - [2023-08-15T18:24:52.929-0300] {dag.py:2742} INFO - Sync 1 DAGs
[2023-08-15T18:24:52.970-0300] {logging_mixin.py:150} INFO - [2023-08-15T18:24:52.970-0300] {dag.py:3504} INFO - Setting next_dagrun for example_xcom to 2021-01-01T00:00:00+00:00, run_after=2021-01-01T00:00:00+00:00
[2023-08-15T18:24:53.127-0300] {processor.py:179} INFO - Processing /home/alan/repos/pipeline_airflow/pipeline-airflow-venv/lib/python3.11/site-packages/airflow/example_dags/example_xcom.py took 0.279 seconds
[2023-08-15T18:26:14.312-0300] {processor.py:157} INFO - Started process (PID=20668) to work on /home/alan/repos/pipeline_airflow/pipeline-airflow-venv/lib/python3.11/site-packages/airflow/example_dags/example_xcom.py
[2023-08-15T18:26:14.341-0300] {processor.py:826} INFO - Processing file /home/alan/repos/pipeline_airflow/pipeline-airflow-venv/lib/python3.11/site-packages/airflow/example_dags/example_xcom.py for tasks to queue
[2023-08-15T18:26:14.343-0300] {logging_mixin.py:150} INFO - [2023-08-15T18:26:14.343-0300] {dagbag.py:541} INFO - Filling up the DagBag from /home/alan/repos/pipeline_airflow/pipeline-airflow-venv/lib/python3.11/site-packages/airflow/example_dags/example_xcom.py
[2023-08-15T18:26:14.362-0300] {processor.py:836} INFO - DAG(s) dict_keys(['example_xcom']) retrieved from /home/alan/repos/pipeline_airflow/pipeline-airflow-venv/lib/python3.11/site-packages/airflow/example_dags/example_xcom.py
[2023-08-15T18:26:14.397-0300] {logging_mixin.py:150} INFO - [2023-08-15T18:26:14.397-0300] {dag.py:2742} INFO - Sync 1 DAGs
[2023-08-15T18:26:14.441-0300] {logging_mixin.py:150} INFO - [2023-08-15T18:26:14.441-0300] {dag.py:3504} INFO - Setting next_dagrun for example_xcom to 2021-01-01T00:00:00+00:00, run_after=2021-01-01T00:00:00+00:00
[2023-08-15T18:26:14.578-0300] {processor.py:179} INFO - Processing /home/alan/repos/pipeline_airflow/pipeline-airflow-venv/lib/python3.11/site-packages/airflow/example_dags/example_xcom.py took 0.289 seconds
[2023-08-15T18:27:01.732-0300] {processor.py:157} INFO - Started process (PID=20847) to work on /home/alan/repos/pipeline_airflow/pipeline-airflow-venv/lib/python3.11/site-packages/airflow/example_dags/example_xcom.py
[2023-08-15T18:27:01.742-0300] {processor.py:826} INFO - Processing file /home/alan/repos/pipeline_airflow/pipeline-airflow-venv/lib/python3.11/site-packages/airflow/example_dags/example_xcom.py for tasks to queue
[2023-08-15T18:27:01.743-0300] {logging_mixin.py:150} INFO - [2023-08-15T18:27:01.743-0300] {dagbag.py:541} INFO - Filling up the DagBag from /home/alan/repos/pipeline_airflow/pipeline-airflow-venv/lib/python3.11/site-packages/airflow/example_dags/example_xcom.py
[2023-08-15T18:27:01.760-0300] {processor.py:836} INFO - DAG(s) dict_keys(['example_xcom']) retrieved from /home/alan/repos/pipeline_airflow/pipeline-airflow-venv/lib/python3.11/site-packages/airflow/example_dags/example_xcom.py
[2023-08-15T18:27:01.800-0300] {logging_mixin.py:150} INFO - [2023-08-15T18:27:01.800-0300] {dag.py:2742} INFO - Sync 1 DAGs
[2023-08-15T18:27:01.857-0300] {logging_mixin.py:150} INFO - [2023-08-15T18:27:01.857-0300] {dag.py:3504} INFO - Setting next_dagrun for example_xcom to 2021-01-01T00:00:00+00:00, run_after=2021-01-01T00:00:00+00:00
[2023-08-15T18:27:02.047-0300] {processor.py:179} INFO - Processing /home/alan/repos/pipeline_airflow/pipeline-airflow-venv/lib/python3.11/site-packages/airflow/example_dags/example_xcom.py took 0.322 seconds
[2023-08-15T18:28:03.082-0300] {processor.py:157} INFO - Started process (PID=21066) to work on /home/alan/repos/pipeline_airflow/pipeline-airflow-venv/lib/python3.11/site-packages/airflow/example_dags/example_xcom.py
[2023-08-15T18:28:03.083-0300] {processor.py:826} INFO - Processing file /home/alan/repos/pipeline_airflow/pipeline-airflow-venv/lib/python3.11/site-packages/airflow/example_dags/example_xcom.py for tasks to queue
[2023-08-15T18:28:03.085-0300] {logging_mixin.py:150} INFO - [2023-08-15T18:28:03.084-0300] {dagbag.py:541} INFO - Filling up the DagBag from /home/alan/repos/pipeline_airflow/pipeline-airflow-venv/lib/python3.11/site-packages/airflow/example_dags/example_xcom.py
[2023-08-15T18:28:03.101-0300] {processor.py:836} INFO - DAG(s) dict_keys(['example_xcom']) retrieved from /home/alan/repos/pipeline_airflow/pipeline-airflow-venv/lib/python3.11/site-packages/airflow/example_dags/example_xcom.py
[2023-08-15T18:28:03.133-0300] {logging_mixin.py:150} INFO - [2023-08-15T18:28:03.133-0300] {dag.py:2742} INFO - Sync 1 DAGs
[2023-08-15T18:28:03.168-0300] {logging_mixin.py:150} INFO - [2023-08-15T18:28:03.168-0300] {dag.py:3504} INFO - Setting next_dagrun for example_xcom to 2021-01-01T00:00:00+00:00, run_after=2021-01-01T00:00:00+00:00
[2023-08-15T18:28:03.289-0300] {processor.py:179} INFO - Processing /home/alan/repos/pipeline_airflow/pipeline-airflow-venv/lib/python3.11/site-packages/airflow/example_dags/example_xcom.py took 0.214 seconds
[2023-08-15T18:28:58.925-0300] {processor.py:157} INFO - Started process (PID=21307) to work on /home/alan/repos/pipeline_airflow/pipeline-airflow-venv/lib/python3.11/site-packages/airflow/example_dags/example_xcom.py
[2023-08-15T18:28:58.927-0300] {processor.py:826} INFO - Processing file /home/alan/repos/pipeline_airflow/pipeline-airflow-venv/lib/python3.11/site-packages/airflow/example_dags/example_xcom.py for tasks to queue
[2023-08-15T18:28:58.929-0300] {logging_mixin.py:150} INFO - [2023-08-15T18:28:58.928-0300] {dagbag.py:541} INFO - Filling up the DagBag from /home/alan/repos/pipeline_airflow/pipeline-airflow-venv/lib/python3.11/site-packages/airflow/example_dags/example_xcom.py
[2023-08-15T18:28:58.951-0300] {processor.py:836} INFO - DAG(s) dict_keys(['example_xcom']) retrieved from /home/alan/repos/pipeline_airflow/pipeline-airflow-venv/lib/python3.11/site-packages/airflow/example_dags/example_xcom.py
[2023-08-15T18:28:58.992-0300] {logging_mixin.py:150} INFO - [2023-08-15T18:28:58.992-0300] {dag.py:2742} INFO - Sync 1 DAGs
[2023-08-15T18:28:59.043-0300] {logging_mixin.py:150} INFO - [2023-08-15T18:28:59.042-0300] {dag.py:3504} INFO - Setting next_dagrun for example_xcom to 2021-01-01T00:00:00+00:00, run_after=2021-01-01T00:00:00+00:00
[2023-08-15T18:28:59.160-0300] {processor.py:179} INFO - Processing /home/alan/repos/pipeline_airflow/pipeline-airflow-venv/lib/python3.11/site-packages/airflow/example_dags/example_xcom.py took 0.245 seconds
[2023-08-15T18:29:57.677-0300] {processor.py:157} INFO - Started process (PID=21527) to work on /home/alan/repos/pipeline_airflow/pipeline-airflow-venv/lib/python3.11/site-packages/airflow/example_dags/example_xcom.py
[2023-08-15T18:29:57.686-0300] {processor.py:826} INFO - Processing file /home/alan/repos/pipeline_airflow/pipeline-airflow-venv/lib/python3.11/site-packages/airflow/example_dags/example_xcom.py for tasks to queue
[2023-08-15T18:29:57.687-0300] {logging_mixin.py:150} INFO - [2023-08-15T18:29:57.686-0300] {dagbag.py:541} INFO - Filling up the DagBag from /home/alan/repos/pipeline_airflow/pipeline-airflow-venv/lib/python3.11/site-packages/airflow/example_dags/example_xcom.py
[2023-08-15T18:29:57.701-0300] {processor.py:836} INFO - DAG(s) dict_keys(['example_xcom']) retrieved from /home/alan/repos/pipeline_airflow/pipeline-airflow-venv/lib/python3.11/site-packages/airflow/example_dags/example_xcom.py
[2023-08-15T18:29:57.730-0300] {logging_mixin.py:150} INFO - [2023-08-15T18:29:57.730-0300] {dag.py:2742} INFO - Sync 1 DAGs
[2023-08-15T18:29:57.764-0300] {logging_mixin.py:150} INFO - [2023-08-15T18:29:57.764-0300] {dag.py:3504} INFO - Setting next_dagrun for example_xcom to 2021-01-01T00:00:00+00:00, run_after=2021-01-01T00:00:00+00:00
[2023-08-15T18:29:57.879-0300] {processor.py:179} INFO - Processing /home/alan/repos/pipeline_airflow/pipeline-airflow-venv/lib/python3.11/site-packages/airflow/example_dags/example_xcom.py took 0.207 seconds
[2023-08-15T18:30:52.001-0300] {processor.py:157} INFO - Started process (PID=21729) to work on /home/alan/repos/pipeline_airflow/pipeline-airflow-venv/lib/python3.11/site-packages/airflow/example_dags/example_xcom.py
[2023-08-15T18:30:52.017-0300] {processor.py:826} INFO - Processing file /home/alan/repos/pipeline_airflow/pipeline-airflow-venv/lib/python3.11/site-packages/airflow/example_dags/example_xcom.py for tasks to queue
[2023-08-15T18:30:52.019-0300] {logging_mixin.py:150} INFO - [2023-08-15T18:30:52.018-0300] {dagbag.py:541} INFO - Filling up the DagBag from /home/alan/repos/pipeline_airflow/pipeline-airflow-venv/lib/python3.11/site-packages/airflow/example_dags/example_xcom.py
[2023-08-15T18:30:52.038-0300] {processor.py:836} INFO - DAG(s) dict_keys(['example_xcom']) retrieved from /home/alan/repos/pipeline_airflow/pipeline-airflow-venv/lib/python3.11/site-packages/airflow/example_dags/example_xcom.py
[2023-08-15T18:30:52.071-0300] {logging_mixin.py:150} INFO - [2023-08-15T18:30:52.070-0300] {dag.py:2742} INFO - Sync 1 DAGs
[2023-08-15T18:30:52.107-0300] {logging_mixin.py:150} INFO - [2023-08-15T18:30:52.107-0300] {dag.py:3504} INFO - Setting next_dagrun for example_xcom to 2021-01-01T00:00:00+00:00, run_after=2021-01-01T00:00:00+00:00
[2023-08-15T18:30:52.234-0300] {processor.py:179} INFO - Processing /home/alan/repos/pipeline_airflow/pipeline-airflow-venv/lib/python3.11/site-packages/airflow/example_dags/example_xcom.py took 0.239 seconds
[2023-08-15T18:31:49.607-0300] {processor.py:157} INFO - Started process (PID=21933) to work on /home/alan/repos/pipeline_airflow/pipeline-airflow-venv/lib/python3.11/site-packages/airflow/example_dags/example_xcom.py
[2023-08-15T18:31:49.613-0300] {processor.py:826} INFO - Processing file /home/alan/repos/pipeline_airflow/pipeline-airflow-venv/lib/python3.11/site-packages/airflow/example_dags/example_xcom.py for tasks to queue
[2023-08-15T18:31:49.615-0300] {logging_mixin.py:150} INFO - [2023-08-15T18:31:49.614-0300] {dagbag.py:541} INFO - Filling up the DagBag from /home/alan/repos/pipeline_airflow/pipeline-airflow-venv/lib/python3.11/site-packages/airflow/example_dags/example_xcom.py
[2023-08-15T18:31:49.633-0300] {processor.py:836} INFO - DAG(s) dict_keys(['example_xcom']) retrieved from /home/alan/repos/pipeline_airflow/pipeline-airflow-venv/lib/python3.11/site-packages/airflow/example_dags/example_xcom.py
[2023-08-15T18:31:49.664-0300] {logging_mixin.py:150} INFO - [2023-08-15T18:31:49.664-0300] {dag.py:2742} INFO - Sync 1 DAGs
[2023-08-15T18:31:49.702-0300] {logging_mixin.py:150} INFO - [2023-08-15T18:31:49.701-0300] {dag.py:3504} INFO - Setting next_dagrun for example_xcom to 2021-01-01T00:00:00+00:00, run_after=2021-01-01T00:00:00+00:00
[2023-08-15T18:31:49.809-0300] {processor.py:179} INFO - Processing /home/alan/repos/pipeline_airflow/pipeline-airflow-venv/lib/python3.11/site-packages/airflow/example_dags/example_xcom.py took 0.206 seconds
[2023-08-15T18:32:43.731-0300] {processor.py:157} INFO - Started process (PID=22137) to work on /home/alan/repos/pipeline_airflow/pipeline-airflow-venv/lib/python3.11/site-packages/airflow/example_dags/example_xcom.py
[2023-08-15T18:32:43.746-0300] {processor.py:826} INFO - Processing file /home/alan/repos/pipeline_airflow/pipeline-airflow-venv/lib/python3.11/site-packages/airflow/example_dags/example_xcom.py for tasks to queue
[2023-08-15T18:32:43.748-0300] {logging_mixin.py:150} INFO - [2023-08-15T18:32:43.747-0300] {dagbag.py:541} INFO - Filling up the DagBag from /home/alan/repos/pipeline_airflow/pipeline-airflow-venv/lib/python3.11/site-packages/airflow/example_dags/example_xcom.py
[2023-08-15T18:32:43.764-0300] {processor.py:836} INFO - DAG(s) dict_keys(['example_xcom']) retrieved from /home/alan/repos/pipeline_airflow/pipeline-airflow-venv/lib/python3.11/site-packages/airflow/example_dags/example_xcom.py
[2023-08-15T18:32:43.798-0300] {logging_mixin.py:150} INFO - [2023-08-15T18:32:43.798-0300] {dag.py:2742} INFO - Sync 1 DAGs
[2023-08-15T18:32:43.833-0300] {logging_mixin.py:150} INFO - [2023-08-15T18:32:43.833-0300] {dag.py:3504} INFO - Setting next_dagrun for example_xcom to 2021-01-01T00:00:00+00:00, run_after=2021-01-01T00:00:00+00:00
[2023-08-15T18:32:43.943-0300] {processor.py:179} INFO - Processing /home/alan/repos/pipeline_airflow/pipeline-airflow-venv/lib/python3.11/site-packages/airflow/example_dags/example_xcom.py took 0.218 seconds
[2023-08-15T18:33:43.249-0300] {processor.py:157} INFO - Started process (PID=22369) to work on /home/alan/repos/pipeline_airflow/pipeline-airflow-venv/lib/python3.11/site-packages/airflow/example_dags/example_xcom.py
[2023-08-15T18:33:43.259-0300] {processor.py:826} INFO - Processing file /home/alan/repos/pipeline_airflow/pipeline-airflow-venv/lib/python3.11/site-packages/airflow/example_dags/example_xcom.py for tasks to queue
[2023-08-15T18:33:43.260-0300] {logging_mixin.py:150} INFO - [2023-08-15T18:33:43.259-0300] {dagbag.py:541} INFO - Filling up the DagBag from /home/alan/repos/pipeline_airflow/pipeline-airflow-venv/lib/python3.11/site-packages/airflow/example_dags/example_xcom.py
[2023-08-15T18:33:43.276-0300] {processor.py:836} INFO - DAG(s) dict_keys(['example_xcom']) retrieved from /home/alan/repos/pipeline_airflow/pipeline-airflow-venv/lib/python3.11/site-packages/airflow/example_dags/example_xcom.py
[2023-08-15T18:33:43.313-0300] {logging_mixin.py:150} INFO - [2023-08-15T18:33:43.313-0300] {dag.py:2742} INFO - Sync 1 DAGs
[2023-08-15T18:33:43.371-0300] {logging_mixin.py:150} INFO - [2023-08-15T18:33:43.371-0300] {dag.py:3504} INFO - Setting next_dagrun for example_xcom to 2021-01-01T00:00:00+00:00, run_after=2021-01-01T00:00:00+00:00
[2023-08-15T18:33:43.481-0300] {processor.py:179} INFO - Processing /home/alan/repos/pipeline_airflow/pipeline-airflow-venv/lib/python3.11/site-packages/airflow/example_dags/example_xcom.py took 0.239 seconds
[2023-08-15T18:34:37.014-0300] {processor.py:157} INFO - Started process (PID=22556) to work on /home/alan/repos/pipeline_airflow/pipeline-airflow-venv/lib/python3.11/site-packages/airflow/example_dags/example_xcom.py
[2023-08-15T18:34:37.017-0300] {processor.py:826} INFO - Processing file /home/alan/repos/pipeline_airflow/pipeline-airflow-venv/lib/python3.11/site-packages/airflow/example_dags/example_xcom.py for tasks to queue
[2023-08-15T18:34:37.018-0300] {logging_mixin.py:150} INFO - [2023-08-15T18:34:37.018-0300] {dagbag.py:541} INFO - Filling up the DagBag from /home/alan/repos/pipeline_airflow/pipeline-airflow-venv/lib/python3.11/site-packages/airflow/example_dags/example_xcom.py
[2023-08-15T18:34:37.051-0300] {processor.py:836} INFO - DAG(s) dict_keys(['example_xcom']) retrieved from /home/alan/repos/pipeline_airflow/pipeline-airflow-venv/lib/python3.11/site-packages/airflow/example_dags/example_xcom.py
[2023-08-15T18:34:37.096-0300] {logging_mixin.py:150} INFO - [2023-08-15T18:34:37.096-0300] {dag.py:2742} INFO - Sync 1 DAGs
[2023-08-15T18:34:37.155-0300] {logging_mixin.py:150} INFO - [2023-08-15T18:34:37.155-0300] {dag.py:3504} INFO - Setting next_dagrun for example_xcom to 2021-01-01T00:00:00+00:00, run_after=2021-01-01T00:00:00+00:00
[2023-08-15T18:34:37.305-0300] {processor.py:179} INFO - Processing /home/alan/repos/pipeline_airflow/pipeline-airflow-venv/lib/python3.11/site-packages/airflow/example_dags/example_xcom.py took 0.305 seconds
[2023-08-15T18:35:31.917-0300] {processor.py:157} INFO - Started process (PID=22751) to work on /home/alan/repos/pipeline_airflow/pipeline-airflow-venv/lib/python3.11/site-packages/airflow/example_dags/example_xcom.py
[2023-08-15T18:35:31.932-0300] {processor.py:826} INFO - Processing file /home/alan/repos/pipeline_airflow/pipeline-airflow-venv/lib/python3.11/site-packages/airflow/example_dags/example_xcom.py for tasks to queue
[2023-08-15T18:35:31.934-0300] {logging_mixin.py:150} INFO - [2023-08-15T18:35:31.933-0300] {dagbag.py:541} INFO - Filling up the DagBag from /home/alan/repos/pipeline_airflow/pipeline-airflow-venv/lib/python3.11/site-packages/airflow/example_dags/example_xcom.py
[2023-08-15T18:35:31.948-0300] {processor.py:836} INFO - DAG(s) dict_keys(['example_xcom']) retrieved from /home/alan/repos/pipeline_airflow/pipeline-airflow-venv/lib/python3.11/site-packages/airflow/example_dags/example_xcom.py
[2023-08-15T18:35:31.982-0300] {logging_mixin.py:150} INFO - [2023-08-15T18:35:31.982-0300] {dag.py:2742} INFO - Sync 1 DAGs
[2023-08-15T18:35:32.023-0300] {logging_mixin.py:150} INFO - [2023-08-15T18:35:32.023-0300] {dag.py:3504} INFO - Setting next_dagrun for example_xcom to 2021-01-01T00:00:00+00:00, run_after=2021-01-01T00:00:00+00:00
[2023-08-15T18:35:32.127-0300] {processor.py:179} INFO - Processing /home/alan/repos/pipeline_airflow/pipeline-airflow-venv/lib/python3.11/site-packages/airflow/example_dags/example_xcom.py took 0.216 seconds
[2023-08-15T18:36:31.686-0300] {processor.py:157} INFO - Started process (PID=22966) to work on /home/alan/repos/pipeline_airflow/pipeline-airflow-venv/lib/python3.11/site-packages/airflow/example_dags/example_xcom.py
[2023-08-15T18:36:31.687-0300] {processor.py:826} INFO - Processing file /home/alan/repos/pipeline_airflow/pipeline-airflow-venv/lib/python3.11/site-packages/airflow/example_dags/example_xcom.py for tasks to queue
[2023-08-15T18:36:31.689-0300] {logging_mixin.py:150} INFO - [2023-08-15T18:36:31.688-0300] {dagbag.py:541} INFO - Filling up the DagBag from /home/alan/repos/pipeline_airflow/pipeline-airflow-venv/lib/python3.11/site-packages/airflow/example_dags/example_xcom.py
[2023-08-15T18:36:31.707-0300] {processor.py:836} INFO - DAG(s) dict_keys(['example_xcom']) retrieved from /home/alan/repos/pipeline_airflow/pipeline-airflow-venv/lib/python3.11/site-packages/airflow/example_dags/example_xcom.py
[2023-08-15T18:36:31.760-0300] {logging_mixin.py:150} INFO - [2023-08-15T18:36:31.752-0300] {dag.py:2742} INFO - Sync 1 DAGs
[2023-08-15T18:36:31.819-0300] {logging_mixin.py:150} INFO - [2023-08-15T18:36:31.819-0300] {dag.py:3504} INFO - Setting next_dagrun for example_xcom to 2021-01-01T00:00:00+00:00, run_after=2021-01-01T00:00:00+00:00
[2023-08-15T18:36:31.973-0300] {processor.py:179} INFO - Processing /home/alan/repos/pipeline_airflow/pipeline-airflow-venv/lib/python3.11/site-packages/airflow/example_dags/example_xcom.py took 0.298 seconds
[2023-08-15T18:37:45.801-0300] {processor.py:157} INFO - Started process (PID=23273) to work on /home/alan/repos/pipeline_airflow/pipeline-airflow-venv/lib/python3.11/site-packages/airflow/example_dags/example_xcom.py
[2023-08-15T18:37:45.810-0300] {processor.py:826} INFO - Processing file /home/alan/repos/pipeline_airflow/pipeline-airflow-venv/lib/python3.11/site-packages/airflow/example_dags/example_xcom.py for tasks to queue
[2023-08-15T18:37:45.811-0300] {logging_mixin.py:150} INFO - [2023-08-15T18:37:45.811-0300] {dagbag.py:541} INFO - Filling up the DagBag from /home/alan/repos/pipeline_airflow/pipeline-airflow-venv/lib/python3.11/site-packages/airflow/example_dags/example_xcom.py
[2023-08-15T18:37:45.827-0300] {processor.py:836} INFO - DAG(s) dict_keys(['example_xcom']) retrieved from /home/alan/repos/pipeline_airflow/pipeline-airflow-venv/lib/python3.11/site-packages/airflow/example_dags/example_xcom.py
[2023-08-15T18:37:45.859-0300] {logging_mixin.py:150} INFO - [2023-08-15T18:37:45.859-0300] {dag.py:2742} INFO - Sync 1 DAGs
[2023-08-15T18:37:45.895-0300] {logging_mixin.py:150} INFO - [2023-08-15T18:37:45.894-0300] {dag.py:3504} INFO - Setting next_dagrun for example_xcom to 2021-01-01T00:00:00+00:00, run_after=2021-01-01T00:00:00+00:00
[2023-08-15T18:37:46.035-0300] {processor.py:179} INFO - Processing /home/alan/repos/pipeline_airflow/pipeline-airflow-venv/lib/python3.11/site-packages/airflow/example_dags/example_xcom.py took 0.240 seconds
[2023-08-15T18:38:28.381-0300] {processor.py:157} INFO - Started process (PID=23429) to work on /home/alan/repos/pipeline_airflow/pipeline-airflow-venv/lib/python3.11/site-packages/airflow/example_dags/example_xcom.py
[2023-08-15T18:38:28.382-0300] {processor.py:826} INFO - Processing file /home/alan/repos/pipeline_airflow/pipeline-airflow-venv/lib/python3.11/site-packages/airflow/example_dags/example_xcom.py for tasks to queue
[2023-08-15T18:38:28.384-0300] {logging_mixin.py:150} INFO - [2023-08-15T18:38:28.383-0300] {dagbag.py:541} INFO - Filling up the DagBag from /home/alan/repos/pipeline_airflow/pipeline-airflow-venv/lib/python3.11/site-packages/airflow/example_dags/example_xcom.py
[2023-08-15T18:38:28.401-0300] {processor.py:836} INFO - DAG(s) dict_keys(['example_xcom']) retrieved from /home/alan/repos/pipeline_airflow/pipeline-airflow-venv/lib/python3.11/site-packages/airflow/example_dags/example_xcom.py
[2023-08-15T18:38:28.432-0300] {logging_mixin.py:150} INFO - [2023-08-15T18:38:28.432-0300] {dag.py:2742} INFO - Sync 1 DAGs
[2023-08-15T18:38:28.467-0300] {logging_mixin.py:150} INFO - [2023-08-15T18:38:28.467-0300] {dag.py:3504} INFO - Setting next_dagrun for example_xcom to 2021-01-01T00:00:00+00:00, run_after=2021-01-01T00:00:00+00:00
[2023-08-15T18:38:28.579-0300] {processor.py:179} INFO - Processing /home/alan/repos/pipeline_airflow/pipeline-airflow-venv/lib/python3.11/site-packages/airflow/example_dags/example_xcom.py took 0.205 seconds
[2023-08-15T18:43:23.090-0300] {processor.py:157} INFO - Started process (PID=23562) to work on /home/alan/repos/pipeline_airflow/pipeline-airflow-venv/lib/python3.11/site-packages/airflow/example_dags/example_xcom.py
[2023-08-15T18:43:23.100-0300] {processor.py:826} INFO - Processing file /home/alan/repos/pipeline_airflow/pipeline-airflow-venv/lib/python3.11/site-packages/airflow/example_dags/example_xcom.py for tasks to queue
[2023-08-15T18:43:23.102-0300] {logging_mixin.py:150} INFO - [2023-08-15T18:43:23.101-0300] {dagbag.py:541} INFO - Filling up the DagBag from /home/alan/repos/pipeline_airflow/pipeline-airflow-venv/lib/python3.11/site-packages/airflow/example_dags/example_xcom.py
[2023-08-15T18:43:23.120-0300] {processor.py:836} INFO - DAG(s) dict_keys(['example_xcom']) retrieved from /home/alan/repos/pipeline_airflow/pipeline-airflow-venv/lib/python3.11/site-packages/airflow/example_dags/example_xcom.py
[2023-08-15T18:43:23.134-0300] {logging_mixin.py:150} INFO - [2023-08-15T18:43:23.134-0300] {dag.py:2742} INFO - Sync 1 DAGs
[2023-08-15T18:43:23.171-0300] {logging_mixin.py:150} INFO - [2023-08-15T18:43:23.171-0300] {dag.py:3504} INFO - Setting next_dagrun for example_xcom to 2021-01-01T00:00:00+00:00, run_after=2021-01-01T00:00:00+00:00
[2023-08-15T18:43:23.307-0300] {processor.py:179} INFO - Processing /home/alan/repos/pipeline_airflow/pipeline-airflow-venv/lib/python3.11/site-packages/airflow/example_dags/example_xcom.py took 0.231 seconds
[2023-08-15T18:44:03.410-0300] {processor.py:157} INFO - Started process (PID=23663) to work on /home/alan/repos/pipeline_airflow/pipeline-airflow-venv/lib/python3.11/site-packages/airflow/example_dags/example_xcom.py
[2023-08-15T18:44:03.415-0300] {processor.py:826} INFO - Processing file /home/alan/repos/pipeline_airflow/pipeline-airflow-venv/lib/python3.11/site-packages/airflow/example_dags/example_xcom.py for tasks to queue
[2023-08-15T18:44:03.417-0300] {logging_mixin.py:150} INFO - [2023-08-15T18:44:03.416-0300] {dagbag.py:541} INFO - Filling up the DagBag from /home/alan/repos/pipeline_airflow/pipeline-airflow-venv/lib/python3.11/site-packages/airflow/example_dags/example_xcom.py
[2023-08-15T18:44:03.434-0300] {processor.py:836} INFO - DAG(s) dict_keys(['example_xcom']) retrieved from /home/alan/repos/pipeline_airflow/pipeline-airflow-venv/lib/python3.11/site-packages/airflow/example_dags/example_xcom.py
[2023-08-15T18:44:03.448-0300] {logging_mixin.py:150} INFO - [2023-08-15T18:44:03.448-0300] {dag.py:2742} INFO - Sync 1 DAGs
[2023-08-15T18:44:03.489-0300] {logging_mixin.py:150} INFO - [2023-08-15T18:44:03.489-0300] {dag.py:3504} INFO - Setting next_dagrun for example_xcom to 2021-01-01T00:00:00+00:00, run_after=2021-01-01T00:00:00+00:00
[2023-08-15T18:44:03.605-0300] {processor.py:179} INFO - Processing /home/alan/repos/pipeline_airflow/pipeline-airflow-venv/lib/python3.11/site-packages/airflow/example_dags/example_xcom.py took 0.202 seconds
[2023-08-15T18:45:09.980-0300] {processor.py:157} INFO - Started process (PID=23986) to work on /home/alan/repos/pipeline_airflow/pipeline-airflow-venv/lib/python3.11/site-packages/airflow/example_dags/example_xcom.py
[2023-08-15T18:45:09.982-0300] {processor.py:826} INFO - Processing file /home/alan/repos/pipeline_airflow/pipeline-airflow-venv/lib/python3.11/site-packages/airflow/example_dags/example_xcom.py for tasks to queue
[2023-08-15T18:45:09.984-0300] {logging_mixin.py:150} INFO - [2023-08-15T18:45:09.983-0300] {dagbag.py:541} INFO - Filling up the DagBag from /home/alan/repos/pipeline_airflow/pipeline-airflow-venv/lib/python3.11/site-packages/airflow/example_dags/example_xcom.py
[2023-08-15T18:45:09.999-0300] {processor.py:836} INFO - DAG(s) dict_keys(['example_xcom']) retrieved from /home/alan/repos/pipeline_airflow/pipeline-airflow-venv/lib/python3.11/site-packages/airflow/example_dags/example_xcom.py
[2023-08-15T18:45:10.030-0300] {logging_mixin.py:150} INFO - [2023-08-15T18:45:10.030-0300] {dag.py:2742} INFO - Sync 1 DAGs
[2023-08-15T18:45:10.065-0300] {logging_mixin.py:150} INFO - [2023-08-15T18:45:10.065-0300] {dag.py:3504} INFO - Setting next_dagrun for example_xcom to 2021-01-01T00:00:00+00:00, run_after=2021-01-01T00:00:00+00:00
[2023-08-15T18:45:10.165-0300] {processor.py:179} INFO - Processing /home/alan/repos/pipeline_airflow/pipeline-airflow-venv/lib/python3.11/site-packages/airflow/example_dags/example_xcom.py took 0.191 seconds
[2023-08-15T18:45:55.474-0300] {processor.py:157} INFO - Started process (PID=24182) to work on /home/alan/repos/pipeline_airflow/pipeline-airflow-venv/lib/python3.11/site-packages/airflow/example_dags/example_xcom.py
[2023-08-15T18:45:55.476-0300] {processor.py:826} INFO - Processing file /home/alan/repos/pipeline_airflow/pipeline-airflow-venv/lib/python3.11/site-packages/airflow/example_dags/example_xcom.py for tasks to queue
[2023-08-15T18:45:55.477-0300] {logging_mixin.py:150} INFO - [2023-08-15T18:45:55.477-0300] {dagbag.py:541} INFO - Filling up the DagBag from /home/alan/repos/pipeline_airflow/pipeline-airflow-venv/lib/python3.11/site-packages/airflow/example_dags/example_xcom.py
[2023-08-15T18:45:55.493-0300] {processor.py:836} INFO - DAG(s) dict_keys(['example_xcom']) retrieved from /home/alan/repos/pipeline_airflow/pipeline-airflow-venv/lib/python3.11/site-packages/airflow/example_dags/example_xcom.py
[2023-08-15T18:45:55.525-0300] {logging_mixin.py:150} INFO - [2023-08-15T18:45:55.525-0300] {dag.py:2742} INFO - Sync 1 DAGs
[2023-08-15T18:45:55.563-0300] {logging_mixin.py:150} INFO - [2023-08-15T18:45:55.562-0300] {dag.py:3504} INFO - Setting next_dagrun for example_xcom to 2021-01-01T00:00:00+00:00, run_after=2021-01-01T00:00:00+00:00
[2023-08-15T18:45:55.677-0300] {processor.py:179} INFO - Processing /home/alan/repos/pipeline_airflow/pipeline-airflow-venv/lib/python3.11/site-packages/airflow/example_dags/example_xcom.py took 0.209 seconds
[2023-08-15T18:46:30.594-0300] {processor.py:157} INFO - Started process (PID=24310) to work on /home/alan/repos/pipeline_airflow/pipeline-airflow-venv/lib/python3.11/site-packages/airflow/example_dags/example_xcom.py
[2023-08-15T18:46:30.609-0300] {processor.py:826} INFO - Processing file /home/alan/repos/pipeline_airflow/pipeline-airflow-venv/lib/python3.11/site-packages/airflow/example_dags/example_xcom.py for tasks to queue
[2023-08-15T18:46:30.611-0300] {logging_mixin.py:150} INFO - [2023-08-15T18:46:30.610-0300] {dagbag.py:541} INFO - Filling up the DagBag from /home/alan/repos/pipeline_airflow/pipeline-airflow-venv/lib/python3.11/site-packages/airflow/example_dags/example_xcom.py
[2023-08-15T18:46:30.630-0300] {processor.py:836} INFO - DAG(s) dict_keys(['example_xcom']) retrieved from /home/alan/repos/pipeline_airflow/pipeline-airflow-venv/lib/python3.11/site-packages/airflow/example_dags/example_xcom.py
[2023-08-15T18:46:30.674-0300] {logging_mixin.py:150} INFO - [2023-08-15T18:46:30.673-0300] {dag.py:2742} INFO - Sync 1 DAGs
[2023-08-15T18:46:30.738-0300] {logging_mixin.py:150} INFO - [2023-08-15T18:46:30.737-0300] {dag.py:3504} INFO - Setting next_dagrun for example_xcom to 2021-01-01T00:00:00+00:00, run_after=2021-01-01T00:00:00+00:00
[2023-08-15T18:46:30.886-0300] {processor.py:179} INFO - Processing /home/alan/repos/pipeline_airflow/pipeline-airflow-venv/lib/python3.11/site-packages/airflow/example_dags/example_xcom.py took 0.305 seconds
[2023-08-15T18:47:36.016-0300] {processor.py:157} INFO - Started process (PID=24537) to work on /home/alan/repos/pipeline_airflow/pipeline-airflow-venv/lib/python3.11/site-packages/airflow/example_dags/example_xcom.py
[2023-08-15T18:47:36.017-0300] {processor.py:826} INFO - Processing file /home/alan/repos/pipeline_airflow/pipeline-airflow-venv/lib/python3.11/site-packages/airflow/example_dags/example_xcom.py for tasks to queue
[2023-08-15T18:47:36.019-0300] {logging_mixin.py:150} INFO - [2023-08-15T18:47:36.018-0300] {dagbag.py:541} INFO - Filling up the DagBag from /home/alan/repos/pipeline_airflow/pipeline-airflow-venv/lib/python3.11/site-packages/airflow/example_dags/example_xcom.py
[2023-08-15T18:47:36.038-0300] {processor.py:836} INFO - DAG(s) dict_keys(['example_xcom']) retrieved from /home/alan/repos/pipeline_airflow/pipeline-airflow-venv/lib/python3.11/site-packages/airflow/example_dags/example_xcom.py
[2023-08-15T18:47:36.085-0300] {logging_mixin.py:150} INFO - [2023-08-15T18:47:36.085-0300] {dag.py:2742} INFO - Sync 1 DAGs
[2023-08-15T18:47:36.132-0300] {logging_mixin.py:150} INFO - [2023-08-15T18:47:36.131-0300] {dag.py:3504} INFO - Setting next_dagrun for example_xcom to 2021-01-01T00:00:00+00:00, run_after=2021-01-01T00:00:00+00:00
[2023-08-15T18:47:36.236-0300] {processor.py:179} INFO - Processing /home/alan/repos/pipeline_airflow/pipeline-airflow-venv/lib/python3.11/site-packages/airflow/example_dags/example_xcom.py took 0.232 seconds
[2023-08-15T18:48:40.690-0300] {processor.py:157} INFO - Started process (PID=24754) to work on /home/alan/repos/pipeline_airflow/pipeline-airflow-venv/lib/python3.11/site-packages/airflow/example_dags/example_xcom.py
[2023-08-15T18:48:40.703-0300] {processor.py:826} INFO - Processing file /home/alan/repos/pipeline_airflow/pipeline-airflow-venv/lib/python3.11/site-packages/airflow/example_dags/example_xcom.py for tasks to queue
[2023-08-15T18:48:40.705-0300] {logging_mixin.py:150} INFO - [2023-08-15T18:48:40.704-0300] {dagbag.py:541} INFO - Filling up the DagBag from /home/alan/repos/pipeline_airflow/pipeline-airflow-venv/lib/python3.11/site-packages/airflow/example_dags/example_xcom.py
[2023-08-15T18:48:40.720-0300] {processor.py:836} INFO - DAG(s) dict_keys(['example_xcom']) retrieved from /home/alan/repos/pipeline_airflow/pipeline-airflow-venv/lib/python3.11/site-packages/airflow/example_dags/example_xcom.py
[2023-08-15T18:48:40.752-0300] {logging_mixin.py:150} INFO - [2023-08-15T18:48:40.752-0300] {dag.py:2742} INFO - Sync 1 DAGs
[2023-08-15T18:48:41.058-0300] {logging_mixin.py:150} INFO - [2023-08-15T18:48:41.057-0300] {dag.py:3504} INFO - Setting next_dagrun for example_xcom to 2021-01-01T00:00:00+00:00, run_after=2021-01-01T00:00:00+00:00
[2023-08-15T18:48:41.200-0300] {processor.py:179} INFO - Processing /home/alan/repos/pipeline_airflow/pipeline-airflow-venv/lib/python3.11/site-packages/airflow/example_dags/example_xcom.py took 0.514 seconds
[2023-08-15T18:49:45.439-0300] {processor.py:157} INFO - Started process (PID=24975) to work on /home/alan/repos/pipeline_airflow/pipeline-airflow-venv/lib/python3.11/site-packages/airflow/example_dags/example_xcom.py
[2023-08-15T18:49:45.446-0300] {processor.py:826} INFO - Processing file /home/alan/repos/pipeline_airflow/pipeline-airflow-venv/lib/python3.11/site-packages/airflow/example_dags/example_xcom.py for tasks to queue
[2023-08-15T18:49:45.447-0300] {logging_mixin.py:150} INFO - [2023-08-15T18:49:45.447-0300] {dagbag.py:541} INFO - Filling up the DagBag from /home/alan/repos/pipeline_airflow/pipeline-airflow-venv/lib/python3.11/site-packages/airflow/example_dags/example_xcom.py
[2023-08-15T18:49:45.462-0300] {processor.py:836} INFO - DAG(s) dict_keys(['example_xcom']) retrieved from /home/alan/repos/pipeline_airflow/pipeline-airflow-venv/lib/python3.11/site-packages/airflow/example_dags/example_xcom.py
[2023-08-15T18:49:45.496-0300] {logging_mixin.py:150} INFO - [2023-08-15T18:49:45.496-0300] {dag.py:2742} INFO - Sync 1 DAGs
[2023-08-15T18:49:45.542-0300] {logging_mixin.py:150} INFO - [2023-08-15T18:49:45.541-0300] {dag.py:3504} INFO - Setting next_dagrun for example_xcom to 2021-01-01T00:00:00+00:00, run_after=2021-01-01T00:00:00+00:00
[2023-08-15T18:49:45.667-0300] {processor.py:179} INFO - Processing /home/alan/repos/pipeline_airflow/pipeline-airflow-venv/lib/python3.11/site-packages/airflow/example_dags/example_xcom.py took 0.235 seconds
[2023-08-15T18:50:47.897-0300] {processor.py:157} INFO - Started process (PID=25235) to work on /home/alan/repos/pipeline_airflow/pipeline-airflow-venv/lib/python3.11/site-packages/airflow/example_dags/example_xcom.py
[2023-08-15T18:50:47.936-0300] {processor.py:826} INFO - Processing file /home/alan/repos/pipeline_airflow/pipeline-airflow-venv/lib/python3.11/site-packages/airflow/example_dags/example_xcom.py for tasks to queue
[2023-08-15T18:50:47.937-0300] {logging_mixin.py:150} INFO - [2023-08-15T18:50:47.937-0300] {dagbag.py:541} INFO - Filling up the DagBag from /home/alan/repos/pipeline_airflow/pipeline-airflow-venv/lib/python3.11/site-packages/airflow/example_dags/example_xcom.py
[2023-08-15T18:50:47.963-0300] {processor.py:836} INFO - DAG(s) dict_keys(['example_xcom']) retrieved from /home/alan/repos/pipeline_airflow/pipeline-airflow-venv/lib/python3.11/site-packages/airflow/example_dags/example_xcom.py
[2023-08-15T18:50:48.055-0300] {logging_mixin.py:150} INFO - [2023-08-15T18:50:48.054-0300] {dag.py:2742} INFO - Sync 1 DAGs
[2023-08-15T18:50:48.199-0300] {logging_mixin.py:150} INFO - [2023-08-15T18:50:48.199-0300] {dag.py:3504} INFO - Setting next_dagrun for example_xcom to 2021-01-01T00:00:00+00:00, run_after=2021-01-01T00:00:00+00:00
[2023-08-15T18:50:48.339-0300] {processor.py:179} INFO - Processing /home/alan/repos/pipeline_airflow/pipeline-airflow-venv/lib/python3.11/site-packages/airflow/example_dags/example_xcom.py took 0.459 seconds
[2023-08-15T18:52:00.581-0300] {processor.py:157} INFO - Started process (PID=25596) to work on /home/alan/repos/pipeline_airflow/pipeline-airflow-venv/lib/python3.11/site-packages/airflow/example_dags/example_xcom.py
[2023-08-15T18:52:00.599-0300] {processor.py:826} INFO - Processing file /home/alan/repos/pipeline_airflow/pipeline-airflow-venv/lib/python3.11/site-packages/airflow/example_dags/example_xcom.py for tasks to queue
[2023-08-15T18:52:00.600-0300] {logging_mixin.py:150} INFO - [2023-08-15T18:52:00.600-0300] {dagbag.py:541} INFO - Filling up the DagBag from /home/alan/repos/pipeline_airflow/pipeline-airflow-venv/lib/python3.11/site-packages/airflow/example_dags/example_xcom.py
[2023-08-15T18:52:00.614-0300] {processor.py:836} INFO - DAG(s) dict_keys(['example_xcom']) retrieved from /home/alan/repos/pipeline_airflow/pipeline-airflow-venv/lib/python3.11/site-packages/airflow/example_dags/example_xcom.py
[2023-08-15T18:52:00.644-0300] {logging_mixin.py:150} INFO - [2023-08-15T18:52:00.644-0300] {dag.py:2742} INFO - Sync 1 DAGs
[2023-08-15T18:52:00.679-0300] {logging_mixin.py:150} INFO - [2023-08-15T18:52:00.679-0300] {dag.py:3504} INFO - Setting next_dagrun for example_xcom to 2021-01-01T00:00:00+00:00, run_after=2021-01-01T00:00:00+00:00
[2023-08-15T18:52:00.782-0300] {processor.py:179} INFO - Processing /home/alan/repos/pipeline_airflow/pipeline-airflow-venv/lib/python3.11/site-packages/airflow/example_dags/example_xcom.py took 0.206 seconds
[2023-08-15T18:52:37.692-0300] {processor.py:157} INFO - Started process (PID=25764) to work on /home/alan/repos/pipeline_airflow/pipeline-airflow-venv/lib/python3.11/site-packages/airflow/example_dags/example_xcom.py
[2023-08-15T18:52:37.721-0300] {processor.py:826} INFO - Processing file /home/alan/repos/pipeline_airflow/pipeline-airflow-venv/lib/python3.11/site-packages/airflow/example_dags/example_xcom.py for tasks to queue
[2023-08-15T18:52:37.724-0300] {logging_mixin.py:150} INFO - [2023-08-15T18:52:37.723-0300] {dagbag.py:541} INFO - Filling up the DagBag from /home/alan/repos/pipeline_airflow/pipeline-airflow-venv/lib/python3.11/site-packages/airflow/example_dags/example_xcom.py
[2023-08-15T18:52:37.744-0300] {processor.py:836} INFO - DAG(s) dict_keys(['example_xcom']) retrieved from /home/alan/repos/pipeline_airflow/pipeline-airflow-venv/lib/python3.11/site-packages/airflow/example_dags/example_xcom.py
[2023-08-15T18:52:37.841-0300] {logging_mixin.py:150} INFO - [2023-08-15T18:52:37.838-0300] {dag.py:2742} INFO - Sync 1 DAGs
[2023-08-15T18:52:37.885-0300] {logging_mixin.py:150} INFO - [2023-08-15T18:52:37.884-0300] {dag.py:3504} INFO - Setting next_dagrun for example_xcom to 2021-01-01T00:00:00+00:00, run_after=2021-01-01T00:00:00+00:00
[2023-08-15T18:52:37.999-0300] {processor.py:179} INFO - Processing /home/alan/repos/pipeline_airflow/pipeline-airflow-venv/lib/python3.11/site-packages/airflow/example_dags/example_xcom.py took 0.312 seconds
[2023-08-15T18:53:36.437-0300] {processor.py:157} INFO - Started process (PID=25978) to work on /home/alan/repos/pipeline_airflow/pipeline-airflow-venv/lib/python3.11/site-packages/airflow/example_dags/example_xcom.py
[2023-08-15T18:53:36.439-0300] {processor.py:826} INFO - Processing file /home/alan/repos/pipeline_airflow/pipeline-airflow-venv/lib/python3.11/site-packages/airflow/example_dags/example_xcom.py for tasks to queue
[2023-08-15T18:53:36.441-0300] {logging_mixin.py:150} INFO - [2023-08-15T18:53:36.440-0300] {dagbag.py:541} INFO - Filling up the DagBag from /home/alan/repos/pipeline_airflow/pipeline-airflow-venv/lib/python3.11/site-packages/airflow/example_dags/example_xcom.py
[2023-08-15T18:53:36.456-0300] {processor.py:836} INFO - DAG(s) dict_keys(['example_xcom']) retrieved from /home/alan/repos/pipeline_airflow/pipeline-airflow-venv/lib/python3.11/site-packages/airflow/example_dags/example_xcom.py
[2023-08-15T18:53:36.489-0300] {logging_mixin.py:150} INFO - [2023-08-15T18:53:36.489-0300] {dag.py:2742} INFO - Sync 1 DAGs
[2023-08-15T18:53:36.532-0300] {logging_mixin.py:150} INFO - [2023-08-15T18:53:36.532-0300] {dag.py:3504} INFO - Setting next_dagrun for example_xcom to 2021-01-01T00:00:00+00:00, run_after=2021-01-01T00:00:00+00:00
[2023-08-15T18:53:36.646-0300] {processor.py:179} INFO - Processing /home/alan/repos/pipeline_airflow/pipeline-airflow-venv/lib/python3.11/site-packages/airflow/example_dags/example_xcom.py took 0.214 seconds
[2023-08-15T18:54:30.206-0300] {processor.py:157} INFO - Started process (PID=26203) to work on /home/alan/repos/pipeline_airflow/pipeline-airflow-venv/lib/python3.11/site-packages/airflow/example_dags/example_xcom.py
[2023-08-15T18:54:30.213-0300] {processor.py:826} INFO - Processing file /home/alan/repos/pipeline_airflow/pipeline-airflow-venv/lib/python3.11/site-packages/airflow/example_dags/example_xcom.py for tasks to queue
[2023-08-15T18:54:30.214-0300] {logging_mixin.py:150} INFO - [2023-08-15T18:54:30.214-0300] {dagbag.py:541} INFO - Filling up the DagBag from /home/alan/repos/pipeline_airflow/pipeline-airflow-venv/lib/python3.11/site-packages/airflow/example_dags/example_xcom.py
[2023-08-15T18:54:30.230-0300] {processor.py:836} INFO - DAG(s) dict_keys(['example_xcom']) retrieved from /home/alan/repos/pipeline_airflow/pipeline-airflow-venv/lib/python3.11/site-packages/airflow/example_dags/example_xcom.py
[2023-08-15T18:54:30.263-0300] {logging_mixin.py:150} INFO - [2023-08-15T18:54:30.263-0300] {dag.py:2742} INFO - Sync 1 DAGs
[2023-08-15T18:54:30.302-0300] {logging_mixin.py:150} INFO - [2023-08-15T18:54:30.302-0300] {dag.py:3504} INFO - Setting next_dagrun for example_xcom to 2021-01-01T00:00:00+00:00, run_after=2021-01-01T00:00:00+00:00
[2023-08-15T18:54:30.427-0300] {processor.py:179} INFO - Processing /home/alan/repos/pipeline_airflow/pipeline-airflow-venv/lib/python3.11/site-packages/airflow/example_dags/example_xcom.py took 0.227 seconds
[2023-08-15T18:55:23.157-0300] {processor.py:157} INFO - Started process (PID=26596) to work on /home/alan/repos/pipeline_airflow/pipeline-airflow-venv/lib/python3.11/site-packages/airflow/example_dags/example_xcom.py
[2023-08-15T18:55:23.205-0300] {processor.py:826} INFO - Processing file /home/alan/repos/pipeline_airflow/pipeline-airflow-venv/lib/python3.11/site-packages/airflow/example_dags/example_xcom.py for tasks to queue
[2023-08-15T18:55:23.206-0300] {logging_mixin.py:150} INFO - [2023-08-15T18:55:23.206-0300] {dagbag.py:541} INFO - Filling up the DagBag from /home/alan/repos/pipeline_airflow/pipeline-airflow-venv/lib/python3.11/site-packages/airflow/example_dags/example_xcom.py
[2023-08-15T18:55:23.234-0300] {processor.py:836} INFO - DAG(s) dict_keys(['example_xcom']) retrieved from /home/alan/repos/pipeline_airflow/pipeline-airflow-venv/lib/python3.11/site-packages/airflow/example_dags/example_xcom.py
[2023-08-15T18:55:23.383-0300] {logging_mixin.py:150} INFO - [2023-08-15T18:55:23.382-0300] {dag.py:2742} INFO - Sync 1 DAGs
[2023-08-15T18:55:23.433-0300] {logging_mixin.py:150} INFO - [2023-08-15T18:55:23.433-0300] {dag.py:3504} INFO - Setting next_dagrun for example_xcom to 2021-01-01T00:00:00+00:00, run_after=2021-01-01T00:00:00+00:00
[2023-08-15T18:55:23.741-0300] {processor.py:179} INFO - Processing /home/alan/repos/pipeline_airflow/pipeline-airflow-venv/lib/python3.11/site-packages/airflow/example_dags/example_xcom.py took 0.595 seconds
[2023-08-15T18:57:38.830-0300] {processor.py:157} INFO - Started process (PID=27005) to work on /home/alan/repos/pipeline_airflow/pipeline-airflow-venv/lib/python3.11/site-packages/airflow/example_dags/example_xcom.py
[2023-08-15T18:57:38.978-0300] {processor.py:826} INFO - Processing file /home/alan/repos/pipeline_airflow/pipeline-airflow-venv/lib/python3.11/site-packages/airflow/example_dags/example_xcom.py for tasks to queue
[2023-08-15T18:57:38.981-0300] {logging_mixin.py:150} INFO - [2023-08-15T18:57:38.980-0300] {dagbag.py:541} INFO - Filling up the DagBag from /home/alan/repos/pipeline_airflow/pipeline-airflow-venv/lib/python3.11/site-packages/airflow/example_dags/example_xcom.py
[2023-08-15T18:57:39.042-0300] {processor.py:836} INFO - DAG(s) dict_keys(['example_xcom']) retrieved from /home/alan/repos/pipeline_airflow/pipeline-airflow-venv/lib/python3.11/site-packages/airflow/example_dags/example_xcom.py
[2023-08-15T18:57:39.129-0300] {logging_mixin.py:150} INFO - [2023-08-15T18:57:39.129-0300] {dag.py:2742} INFO - Sync 1 DAGs
[2023-08-15T18:57:39.174-0300] {logging_mixin.py:150} INFO - [2023-08-15T18:57:39.173-0300] {dag.py:3504} INFO - Setting next_dagrun for example_xcom to 2021-01-01T00:00:00+00:00, run_after=2021-01-01T00:00:00+00:00
[2023-08-15T18:57:40.133-0300] {processor.py:179} INFO - Processing /home/alan/repos/pipeline_airflow/pipeline-airflow-venv/lib/python3.11/site-packages/airflow/example_dags/example_xcom.py took 1.307 seconds
[2023-08-15T19:01:04.186-0300] {processor.py:157} INFO - Started process (PID=27463) to work on /home/alan/repos/pipeline_airflow/pipeline-airflow-venv/lib/python3.11/site-packages/airflow/example_dags/example_xcom.py
[2023-08-15T19:01:04.253-0300] {processor.py:826} INFO - Processing file /home/alan/repos/pipeline_airflow/pipeline-airflow-venv/lib/python3.11/site-packages/airflow/example_dags/example_xcom.py for tasks to queue
[2023-08-15T19:01:04.256-0300] {logging_mixin.py:150} INFO - [2023-08-15T19:01:04.255-0300] {dagbag.py:541} INFO - Filling up the DagBag from /home/alan/repos/pipeline_airflow/pipeline-airflow-venv/lib/python3.11/site-packages/airflow/example_dags/example_xcom.py
[2023-08-15T19:01:04.343-0300] {processor.py:836} INFO - DAG(s) dict_keys(['example_xcom']) retrieved from /home/alan/repos/pipeline_airflow/pipeline-airflow-venv/lib/python3.11/site-packages/airflow/example_dags/example_xcom.py
[2023-08-15T19:01:04.537-0300] {logging_mixin.py:150} INFO - [2023-08-15T19:01:04.537-0300] {dag.py:2742} INFO - Sync 1 DAGs
[2023-08-15T19:01:04.577-0300] {logging_mixin.py:150} INFO - [2023-08-15T19:01:04.576-0300] {dag.py:3504} INFO - Setting next_dagrun for example_xcom to 2021-01-01T00:00:00+00:00, run_after=2021-01-01T00:00:00+00:00
[2023-08-15T19:01:05.548-0300] {processor.py:179} INFO - Processing /home/alan/repos/pipeline_airflow/pipeline-airflow-venv/lib/python3.11/site-packages/airflow/example_dags/example_xcom.py took 1.368 seconds
[2023-08-15T19:02:35.077-0300] {processor.py:157} INFO - Started process (PID=27733) to work on /home/alan/repos/pipeline_airflow/pipeline-airflow-venv/lib/python3.11/site-packages/airflow/example_dags/example_xcom.py
[2023-08-15T19:02:35.091-0300] {processor.py:826} INFO - Processing file /home/alan/repos/pipeline_airflow/pipeline-airflow-venv/lib/python3.11/site-packages/airflow/example_dags/example_xcom.py for tasks to queue
[2023-08-15T19:02:35.093-0300] {logging_mixin.py:150} INFO - [2023-08-15T19:02:35.092-0300] {dagbag.py:541} INFO - Filling up the DagBag from /home/alan/repos/pipeline_airflow/pipeline-airflow-venv/lib/python3.11/site-packages/airflow/example_dags/example_xcom.py
[2023-08-15T19:02:35.109-0300] {processor.py:836} INFO - DAG(s) dict_keys(['example_xcom']) retrieved from /home/alan/repos/pipeline_airflow/pipeline-airflow-venv/lib/python3.11/site-packages/airflow/example_dags/example_xcom.py
[2023-08-15T19:02:35.144-0300] {logging_mixin.py:150} INFO - [2023-08-15T19:02:35.144-0300] {dag.py:2742} INFO - Sync 1 DAGs
[2023-08-15T19:02:35.178-0300] {logging_mixin.py:150} INFO - [2023-08-15T19:02:35.177-0300] {dag.py:3504} INFO - Setting next_dagrun for example_xcom to 2021-01-01T00:00:00+00:00, run_after=2021-01-01T00:00:00+00:00
[2023-08-15T19:02:35.346-0300] {processor.py:179} INFO - Processing /home/alan/repos/pipeline_airflow/pipeline-airflow-venv/lib/python3.11/site-packages/airflow/example_dags/example_xcom.py took 0.275 seconds
[2023-08-15T19:03:55.074-0300] {processor.py:157} INFO - Started process (PID=28175) to work on /home/alan/repos/pipeline_airflow/pipeline-airflow-venv/lib/python3.11/site-packages/airflow/example_dags/example_xcom.py
[2023-08-15T19:03:55.084-0300] {processor.py:826} INFO - Processing file /home/alan/repos/pipeline_airflow/pipeline-airflow-venv/lib/python3.11/site-packages/airflow/example_dags/example_xcom.py for tasks to queue
[2023-08-15T19:03:55.086-0300] {logging_mixin.py:150} INFO - [2023-08-15T19:03:55.085-0300] {dagbag.py:541} INFO - Filling up the DagBag from /home/alan/repos/pipeline_airflow/pipeline-airflow-venv/lib/python3.11/site-packages/airflow/example_dags/example_xcom.py
[2023-08-15T19:03:55.105-0300] {processor.py:836} INFO - DAG(s) dict_keys(['example_xcom']) retrieved from /home/alan/repos/pipeline_airflow/pipeline-airflow-venv/lib/python3.11/site-packages/airflow/example_dags/example_xcom.py
[2023-08-15T19:03:55.148-0300] {logging_mixin.py:150} INFO - [2023-08-15T19:03:55.148-0300] {dag.py:2742} INFO - Sync 1 DAGs
[2023-08-15T19:03:55.192-0300] {logging_mixin.py:150} INFO - [2023-08-15T19:03:55.191-0300] {dag.py:3504} INFO - Setting next_dagrun for example_xcom to 2021-01-01T00:00:00+00:00, run_after=2021-01-01T00:00:00+00:00
[2023-08-15T19:03:55.342-0300] {processor.py:179} INFO - Processing /home/alan/repos/pipeline_airflow/pipeline-airflow-venv/lib/python3.11/site-packages/airflow/example_dags/example_xcom.py took 0.274 seconds
[2023-08-15T19:04:48.638-0300] {processor.py:157} INFO - Started process (PID=28434) to work on /home/alan/repos/pipeline_airflow/pipeline-airflow-venv/lib/python3.11/site-packages/airflow/example_dags/example_xcom.py
[2023-08-15T19:04:48.640-0300] {processor.py:826} INFO - Processing file /home/alan/repos/pipeline_airflow/pipeline-airflow-venv/lib/python3.11/site-packages/airflow/example_dags/example_xcom.py for tasks to queue
[2023-08-15T19:04:48.641-0300] {logging_mixin.py:150} INFO - [2023-08-15T19:04:48.641-0300] {dagbag.py:541} INFO - Filling up the DagBag from /home/alan/repos/pipeline_airflow/pipeline-airflow-venv/lib/python3.11/site-packages/airflow/example_dags/example_xcom.py
[2023-08-15T19:04:48.656-0300] {processor.py:836} INFO - DAG(s) dict_keys(['example_xcom']) retrieved from /home/alan/repos/pipeline_airflow/pipeline-airflow-venv/lib/python3.11/site-packages/airflow/example_dags/example_xcom.py
[2023-08-15T19:04:48.691-0300] {logging_mixin.py:150} INFO - [2023-08-15T19:04:48.690-0300] {dag.py:2742} INFO - Sync 1 DAGs
[2023-08-15T19:04:48.734-0300] {logging_mixin.py:150} INFO - [2023-08-15T19:04:48.734-0300] {dag.py:3504} INFO - Setting next_dagrun for example_xcom to 2021-01-01T00:00:00+00:00, run_after=2021-01-01T00:00:00+00:00
[2023-08-15T19:04:48.948-0300] {processor.py:179} INFO - Processing /home/alan/repos/pipeline_airflow/pipeline-airflow-venv/lib/python3.11/site-packages/airflow/example_dags/example_xcom.py took 0.315 seconds
[2023-08-15T19:05:27.802-0300] {processor.py:157} INFO - Started process (PID=28591) to work on /home/alan/repos/pipeline_airflow/pipeline-airflow-venv/lib/python3.11/site-packages/airflow/example_dags/example_xcom.py
[2023-08-15T19:05:27.844-0300] {processor.py:826} INFO - Processing file /home/alan/repos/pipeline_airflow/pipeline-airflow-venv/lib/python3.11/site-packages/airflow/example_dags/example_xcom.py for tasks to queue
[2023-08-15T19:05:27.846-0300] {logging_mixin.py:150} INFO - [2023-08-15T19:05:27.845-0300] {dagbag.py:541} INFO - Filling up the DagBag from /home/alan/repos/pipeline_airflow/pipeline-airflow-venv/lib/python3.11/site-packages/airflow/example_dags/example_xcom.py
[2023-08-15T19:05:27.862-0300] {processor.py:836} INFO - DAG(s) dict_keys(['example_xcom']) retrieved from /home/alan/repos/pipeline_airflow/pipeline-airflow-venv/lib/python3.11/site-packages/airflow/example_dags/example_xcom.py
[2023-08-15T19:05:28.017-0300] {logging_mixin.py:150} INFO - [2023-08-15T19:05:28.017-0300] {dag.py:2742} INFO - Sync 1 DAGs
[2023-08-15T19:05:28.491-0300] {logging_mixin.py:150} INFO - [2023-08-15T19:05:28.491-0300] {dag.py:3504} INFO - Setting next_dagrun for example_xcom to 2021-01-01T00:00:00+00:00, run_after=2021-01-01T00:00:00+00:00
[2023-08-15T19:05:29.796-0300] {processor.py:179} INFO - Processing /home/alan/repos/pipeline_airflow/pipeline-airflow-venv/lib/python3.11/site-packages/airflow/example_dags/example_xcom.py took 2.000 seconds
[2023-08-15T19:06:07.190-0300] {processor.py:157} INFO - Started process (PID=28729) to work on /home/alan/repos/pipeline_airflow/pipeline-airflow-venv/lib/python3.11/site-packages/airflow/example_dags/example_xcom.py
[2023-08-15T19:06:07.194-0300] {processor.py:826} INFO - Processing file /home/alan/repos/pipeline_airflow/pipeline-airflow-venv/lib/python3.11/site-packages/airflow/example_dags/example_xcom.py for tasks to queue
[2023-08-15T19:06:07.198-0300] {logging_mixin.py:150} INFO - [2023-08-15T19:06:07.195-0300] {dagbag.py:541} INFO - Filling up the DagBag from /home/alan/repos/pipeline_airflow/pipeline-airflow-venv/lib/python3.11/site-packages/airflow/example_dags/example_xcom.py
[2023-08-15T19:06:07.218-0300] {processor.py:836} INFO - DAG(s) dict_keys(['example_xcom']) retrieved from /home/alan/repos/pipeline_airflow/pipeline-airflow-venv/lib/python3.11/site-packages/airflow/example_dags/example_xcom.py
[2023-08-15T19:06:07.252-0300] {logging_mixin.py:150} INFO - [2023-08-15T19:06:07.252-0300] {dag.py:2742} INFO - Sync 1 DAGs
[2023-08-15T19:06:07.290-0300] {logging_mixin.py:150} INFO - [2023-08-15T19:06:07.290-0300] {dag.py:3504} INFO - Setting next_dagrun for example_xcom to 2021-01-01T00:00:00+00:00, run_after=2021-01-01T00:00:00+00:00
[2023-08-15T19:06:07.423-0300] {processor.py:179} INFO - Processing /home/alan/repos/pipeline_airflow/pipeline-airflow-venv/lib/python3.11/site-packages/airflow/example_dags/example_xcom.py took 0.238 seconds
[2023-08-15T19:07:07.072-0300] {processor.py:157} INFO - Started process (PID=28887) to work on /home/alan/repos/pipeline_airflow/pipeline-airflow-venv/lib/python3.11/site-packages/airflow/example_dags/example_xcom.py
[2023-08-15T19:07:07.082-0300] {processor.py:826} INFO - Processing file /home/alan/repos/pipeline_airflow/pipeline-airflow-venv/lib/python3.11/site-packages/airflow/example_dags/example_xcom.py for tasks to queue
[2023-08-15T19:07:07.084-0300] {logging_mixin.py:150} INFO - [2023-08-15T19:07:07.083-0300] {dagbag.py:541} INFO - Filling up the DagBag from /home/alan/repos/pipeline_airflow/pipeline-airflow-venv/lib/python3.11/site-packages/airflow/example_dags/example_xcom.py
[2023-08-15T19:07:07.101-0300] {processor.py:836} INFO - DAG(s) dict_keys(['example_xcom']) retrieved from /home/alan/repos/pipeline_airflow/pipeline-airflow-venv/lib/python3.11/site-packages/airflow/example_dags/example_xcom.py
[2023-08-15T19:07:07.133-0300] {logging_mixin.py:150} INFO - [2023-08-15T19:07:07.133-0300] {dag.py:2742} INFO - Sync 1 DAGs
[2023-08-15T19:07:07.169-0300] {logging_mixin.py:150} INFO - [2023-08-15T19:07:07.169-0300] {dag.py:3504} INFO - Setting next_dagrun for example_xcom to 2021-01-01T00:00:00+00:00, run_after=2021-01-01T00:00:00+00:00
[2023-08-15T19:07:07.261-0300] {processor.py:179} INFO - Processing /home/alan/repos/pipeline_airflow/pipeline-airflow-venv/lib/python3.11/site-packages/airflow/example_dags/example_xcom.py took 0.195 seconds
[2023-08-15T19:08:13.808-0300] {processor.py:157} INFO - Started process (PID=29162) to work on /home/alan/repos/pipeline_airflow/pipeline-airflow-venv/lib/python3.11/site-packages/airflow/example_dags/example_xcom.py
[2023-08-15T19:08:13.823-0300] {processor.py:826} INFO - Processing file /home/alan/repos/pipeline_airflow/pipeline-airflow-venv/lib/python3.11/site-packages/airflow/example_dags/example_xcom.py for tasks to queue
[2023-08-15T19:08:13.825-0300] {logging_mixin.py:150} INFO - [2023-08-15T19:08:13.824-0300] {dagbag.py:541} INFO - Filling up the DagBag from /home/alan/repos/pipeline_airflow/pipeline-airflow-venv/lib/python3.11/site-packages/airflow/example_dags/example_xcom.py
[2023-08-15T19:08:13.841-0300] {processor.py:836} INFO - DAG(s) dict_keys(['example_xcom']) retrieved from /home/alan/repos/pipeline_airflow/pipeline-airflow-venv/lib/python3.11/site-packages/airflow/example_dags/example_xcom.py
[2023-08-15T19:08:13.871-0300] {logging_mixin.py:150} INFO - [2023-08-15T19:08:13.871-0300] {dag.py:2742} INFO - Sync 1 DAGs
[2023-08-15T19:08:13.907-0300] {logging_mixin.py:150} INFO - [2023-08-15T19:08:13.906-0300] {dag.py:3504} INFO - Setting next_dagrun for example_xcom to 2021-01-01T00:00:00+00:00, run_after=2021-01-01T00:00:00+00:00
[2023-08-15T19:08:14.018-0300] {processor.py:179} INFO - Processing /home/alan/repos/pipeline_airflow/pipeline-airflow-venv/lib/python3.11/site-packages/airflow/example_dags/example_xcom.py took 0.216 seconds
[2023-08-15T19:09:16.123-0300] {processor.py:157} INFO - Started process (PID=29325) to work on /home/alan/repos/pipeline_airflow/pipeline-airflow-venv/lib/python3.11/site-packages/airflow/example_dags/example_xcom.py
[2023-08-15T19:09:16.138-0300] {processor.py:826} INFO - Processing file /home/alan/repos/pipeline_airflow/pipeline-airflow-venv/lib/python3.11/site-packages/airflow/example_dags/example_xcom.py for tasks to queue
[2023-08-15T19:09:16.140-0300] {logging_mixin.py:150} INFO - [2023-08-15T19:09:16.139-0300] {dagbag.py:541} INFO - Filling up the DagBag from /home/alan/repos/pipeline_airflow/pipeline-airflow-venv/lib/python3.11/site-packages/airflow/example_dags/example_xcom.py
[2023-08-15T19:09:16.154-0300] {processor.py:836} INFO - DAG(s) dict_keys(['example_xcom']) retrieved from /home/alan/repos/pipeline_airflow/pipeline-airflow-venv/lib/python3.11/site-packages/airflow/example_dags/example_xcom.py
[2023-08-15T19:09:16.190-0300] {logging_mixin.py:150} INFO - [2023-08-15T19:09:16.190-0300] {dag.py:2742} INFO - Sync 1 DAGs
[2023-08-15T19:09:16.230-0300] {logging_mixin.py:150} INFO - [2023-08-15T19:09:16.230-0300] {dag.py:3504} INFO - Setting next_dagrun for example_xcom to 2021-01-01T00:00:00+00:00, run_after=2021-01-01T00:00:00+00:00
[2023-08-15T19:09:16.357-0300] {processor.py:179} INFO - Processing /home/alan/repos/pipeline_airflow/pipeline-airflow-venv/lib/python3.11/site-packages/airflow/example_dags/example_xcom.py took 0.240 seconds
[2023-08-15T19:10:15.482-0300] {processor.py:157} INFO - Started process (PID=29482) to work on /home/alan/repos/pipeline_airflow/pipeline-airflow-venv/lib/python3.11/site-packages/airflow/example_dags/example_xcom.py
[2023-08-15T19:10:15.496-0300] {processor.py:826} INFO - Processing file /home/alan/repos/pipeline_airflow/pipeline-airflow-venv/lib/python3.11/site-packages/airflow/example_dags/example_xcom.py for tasks to queue
[2023-08-15T19:10:15.498-0300] {logging_mixin.py:150} INFO - [2023-08-15T19:10:15.497-0300] {dagbag.py:541} INFO - Filling up the DagBag from /home/alan/repos/pipeline_airflow/pipeline-airflow-venv/lib/python3.11/site-packages/airflow/example_dags/example_xcom.py
[2023-08-15T19:10:15.513-0300] {processor.py:836} INFO - DAG(s) dict_keys(['example_xcom']) retrieved from /home/alan/repos/pipeline_airflow/pipeline-airflow-venv/lib/python3.11/site-packages/airflow/example_dags/example_xcom.py
[2023-08-15T19:10:15.543-0300] {logging_mixin.py:150} INFO - [2023-08-15T19:10:15.543-0300] {dag.py:2742} INFO - Sync 1 DAGs
[2023-08-15T19:10:15.578-0300] {logging_mixin.py:150} INFO - [2023-08-15T19:10:15.577-0300] {dag.py:3504} INFO - Setting next_dagrun for example_xcom to 2021-01-01T00:00:00+00:00, run_after=2021-01-01T00:00:00+00:00
[2023-08-15T19:10:15.686-0300] {processor.py:179} INFO - Processing /home/alan/repos/pipeline_airflow/pipeline-airflow-venv/lib/python3.11/site-packages/airflow/example_dags/example_xcom.py took 0.209 seconds
[2023-08-15T19:11:13.520-0300] {processor.py:157} INFO - Started process (PID=29704) to work on /home/alan/repos/pipeline_airflow/pipeline-airflow-venv/lib/python3.11/site-packages/airflow/example_dags/example_xcom.py
[2023-08-15T19:11:13.535-0300] {processor.py:826} INFO - Processing file /home/alan/repos/pipeline_airflow/pipeline-airflow-venv/lib/python3.11/site-packages/airflow/example_dags/example_xcom.py for tasks to queue
[2023-08-15T19:11:13.536-0300] {logging_mixin.py:150} INFO - [2023-08-15T19:11:13.536-0300] {dagbag.py:541} INFO - Filling up the DagBag from /home/alan/repos/pipeline_airflow/pipeline-airflow-venv/lib/python3.11/site-packages/airflow/example_dags/example_xcom.py
[2023-08-15T19:11:13.574-0300] {processor.py:836} INFO - DAG(s) dict_keys(['example_xcom']) retrieved from /home/alan/repos/pipeline_airflow/pipeline-airflow-venv/lib/python3.11/site-packages/airflow/example_dags/example_xcom.py
[2023-08-15T19:11:13.699-0300] {logging_mixin.py:150} INFO - [2023-08-15T19:11:13.695-0300] {dag.py:2742} INFO - Sync 1 DAGs
[2023-08-15T19:11:13.925-0300] {logging_mixin.py:150} INFO - [2023-08-15T19:11:13.925-0300] {dag.py:3504} INFO - Setting next_dagrun for example_xcom to 2021-01-01T00:00:00+00:00, run_after=2021-01-01T00:00:00+00:00
[2023-08-15T19:11:14.289-0300] {processor.py:179} INFO - Processing /home/alan/repos/pipeline_airflow/pipeline-airflow-venv/lib/python3.11/site-packages/airflow/example_dags/example_xcom.py took 0.814 seconds
[2023-08-15T19:12:22.403-0300] {processor.py:157} INFO - Started process (PID=29909) to work on /home/alan/repos/pipeline_airflow/pipeline-airflow-venv/lib/python3.11/site-packages/airflow/example_dags/example_xcom.py
[2023-08-15T19:12:22.405-0300] {processor.py:826} INFO - Processing file /home/alan/repos/pipeline_airflow/pipeline-airflow-venv/lib/python3.11/site-packages/airflow/example_dags/example_xcom.py for tasks to queue
[2023-08-15T19:12:22.406-0300] {logging_mixin.py:150} INFO - [2023-08-15T19:12:22.406-0300] {dagbag.py:541} INFO - Filling up the DagBag from /home/alan/repos/pipeline_airflow/pipeline-airflow-venv/lib/python3.11/site-packages/airflow/example_dags/example_xcom.py
[2023-08-15T19:12:22.420-0300] {processor.py:836} INFO - DAG(s) dict_keys(['example_xcom']) retrieved from /home/alan/repos/pipeline_airflow/pipeline-airflow-venv/lib/python3.11/site-packages/airflow/example_dags/example_xcom.py
[2023-08-15T19:12:22.452-0300] {logging_mixin.py:150} INFO - [2023-08-15T19:12:22.452-0300] {dag.py:2742} INFO - Sync 1 DAGs
[2023-08-15T19:12:22.491-0300] {logging_mixin.py:150} INFO - [2023-08-15T19:12:22.490-0300] {dag.py:3504} INFO - Setting next_dagrun for example_xcom to 2021-01-01T00:00:00+00:00, run_after=2021-01-01T00:00:00+00:00
[2023-08-15T19:12:22.588-0300] {processor.py:179} INFO - Processing /home/alan/repos/pipeline_airflow/pipeline-airflow-venv/lib/python3.11/site-packages/airflow/example_dags/example_xcom.py took 0.190 seconds
[2023-08-15T19:13:21.610-0300] {processor.py:157} INFO - Started process (PID=30074) to work on /home/alan/repos/pipeline_airflow/pipeline-airflow-venv/lib/python3.11/site-packages/airflow/example_dags/example_xcom.py
[2023-08-15T19:13:21.612-0300] {processor.py:826} INFO - Processing file /home/alan/repos/pipeline_airflow/pipeline-airflow-venv/lib/python3.11/site-packages/airflow/example_dags/example_xcom.py for tasks to queue
[2023-08-15T19:13:21.614-0300] {logging_mixin.py:150} INFO - [2023-08-15T19:13:21.613-0300] {dagbag.py:541} INFO - Filling up the DagBag from /home/alan/repos/pipeline_airflow/pipeline-airflow-venv/lib/python3.11/site-packages/airflow/example_dags/example_xcom.py
[2023-08-15T19:13:21.629-0300] {processor.py:836} INFO - DAG(s) dict_keys(['example_xcom']) retrieved from /home/alan/repos/pipeline_airflow/pipeline-airflow-venv/lib/python3.11/site-packages/airflow/example_dags/example_xcom.py
[2023-08-15T19:13:21.664-0300] {logging_mixin.py:150} INFO - [2023-08-15T19:13:21.664-0300] {dag.py:2742} INFO - Sync 1 DAGs
[2023-08-15T19:13:21.712-0300] {logging_mixin.py:150} INFO - [2023-08-15T19:13:21.711-0300] {dag.py:3504} INFO - Setting next_dagrun for example_xcom to 2021-01-01T00:00:00+00:00, run_after=2021-01-01T00:00:00+00:00
[2023-08-15T19:13:21.830-0300] {processor.py:179} INFO - Processing /home/alan/repos/pipeline_airflow/pipeline-airflow-venv/lib/python3.11/site-packages/airflow/example_dags/example_xcom.py took 0.227 seconds
[2023-08-15T19:14:24.458-0300] {processor.py:157} INFO - Started process (PID=30228) to work on /home/alan/repos/pipeline_airflow/pipeline-airflow-venv/lib/python3.11/site-packages/airflow/example_dags/example_xcom.py
[2023-08-15T19:14:24.460-0300] {processor.py:826} INFO - Processing file /home/alan/repos/pipeline_airflow/pipeline-airflow-venv/lib/python3.11/site-packages/airflow/example_dags/example_xcom.py for tasks to queue
[2023-08-15T19:14:24.462-0300] {logging_mixin.py:150} INFO - [2023-08-15T19:14:24.461-0300] {dagbag.py:541} INFO - Filling up the DagBag from /home/alan/repos/pipeline_airflow/pipeline-airflow-venv/lib/python3.11/site-packages/airflow/example_dags/example_xcom.py
[2023-08-15T19:14:24.481-0300] {processor.py:836} INFO - DAG(s) dict_keys(['example_xcom']) retrieved from /home/alan/repos/pipeline_airflow/pipeline-airflow-venv/lib/python3.11/site-packages/airflow/example_dags/example_xcom.py
[2023-08-15T19:14:24.514-0300] {logging_mixin.py:150} INFO - [2023-08-15T19:14:24.514-0300] {dag.py:2742} INFO - Sync 1 DAGs
[2023-08-15T19:14:24.553-0300] {logging_mixin.py:150} INFO - [2023-08-15T19:14:24.553-0300] {dag.py:3504} INFO - Setting next_dagrun for example_xcom to 2021-01-01T00:00:00+00:00, run_after=2021-01-01T00:00:00+00:00
[2023-08-15T19:14:24.665-0300] {processor.py:179} INFO - Processing /home/alan/repos/pipeline_airflow/pipeline-airflow-venv/lib/python3.11/site-packages/airflow/example_dags/example_xcom.py took 0.216 seconds
[2023-08-15T19:15:18.366-0300] {processor.py:157} INFO - Started process (PID=30373) to work on /home/alan/repos/pipeline_airflow/pipeline-airflow-venv/lib/python3.11/site-packages/airflow/example_dags/example_xcom.py
[2023-08-15T19:15:18.368-0300] {processor.py:826} INFO - Processing file /home/alan/repos/pipeline_airflow/pipeline-airflow-venv/lib/python3.11/site-packages/airflow/example_dags/example_xcom.py for tasks to queue
[2023-08-15T19:15:18.370-0300] {logging_mixin.py:150} INFO - [2023-08-15T19:15:18.369-0300] {dagbag.py:541} INFO - Filling up the DagBag from /home/alan/repos/pipeline_airflow/pipeline-airflow-venv/lib/python3.11/site-packages/airflow/example_dags/example_xcom.py
[2023-08-15T19:15:18.384-0300] {processor.py:836} INFO - DAG(s) dict_keys(['example_xcom']) retrieved from /home/alan/repos/pipeline_airflow/pipeline-airflow-venv/lib/python3.11/site-packages/airflow/example_dags/example_xcom.py
[2023-08-15T19:15:18.416-0300] {logging_mixin.py:150} INFO - [2023-08-15T19:15:18.416-0300] {dag.py:2742} INFO - Sync 1 DAGs
[2023-08-15T19:15:18.450-0300] {logging_mixin.py:150} INFO - [2023-08-15T19:15:18.450-0300] {dag.py:3504} INFO - Setting next_dagrun for example_xcom to 2021-01-01T00:00:00+00:00, run_after=2021-01-01T00:00:00+00:00
[2023-08-15T19:15:18.580-0300] {processor.py:179} INFO - Processing /home/alan/repos/pipeline_airflow/pipeline-airflow-venv/lib/python3.11/site-packages/airflow/example_dags/example_xcom.py took 0.225 seconds
[2023-08-15T19:16:17.052-0300] {processor.py:157} INFO - Started process (PID=30521) to work on /home/alan/repos/pipeline_airflow/pipeline-airflow-venv/lib/python3.11/site-packages/airflow/example_dags/example_xcom.py
[2023-08-15T19:16:17.053-0300] {processor.py:826} INFO - Processing file /home/alan/repos/pipeline_airflow/pipeline-airflow-venv/lib/python3.11/site-packages/airflow/example_dags/example_xcom.py for tasks to queue
[2023-08-15T19:16:17.055-0300] {logging_mixin.py:150} INFO - [2023-08-15T19:16:17.054-0300] {dagbag.py:541} INFO - Filling up the DagBag from /home/alan/repos/pipeline_airflow/pipeline-airflow-venv/lib/python3.11/site-packages/airflow/example_dags/example_xcom.py
[2023-08-15T19:16:17.070-0300] {processor.py:836} INFO - DAG(s) dict_keys(['example_xcom']) retrieved from /home/alan/repos/pipeline_airflow/pipeline-airflow-venv/lib/python3.11/site-packages/airflow/example_dags/example_xcom.py
[2023-08-15T19:16:17.102-0300] {logging_mixin.py:150} INFO - [2023-08-15T19:16:17.102-0300] {dag.py:2742} INFO - Sync 1 DAGs
[2023-08-15T19:16:17.140-0300] {logging_mixin.py:150} INFO - [2023-08-15T19:16:17.140-0300] {dag.py:3504} INFO - Setting next_dagrun for example_xcom to 2021-01-01T00:00:00+00:00, run_after=2021-01-01T00:00:00+00:00
[2023-08-15T19:16:17.269-0300] {processor.py:179} INFO - Processing /home/alan/repos/pipeline_airflow/pipeline-airflow-venv/lib/python3.11/site-packages/airflow/example_dags/example_xcom.py took 0.222 seconds
[2023-08-15T19:17:17.355-0300] {processor.py:157} INFO - Started process (PID=30688) to work on /home/alan/repos/pipeline_airflow/pipeline-airflow-venv/lib/python3.11/site-packages/airflow/example_dags/example_xcom.py
[2023-08-15T19:17:17.357-0300] {processor.py:826} INFO - Processing file /home/alan/repos/pipeline_airflow/pipeline-airflow-venv/lib/python3.11/site-packages/airflow/example_dags/example_xcom.py for tasks to queue
[2023-08-15T19:17:17.358-0300] {logging_mixin.py:150} INFO - [2023-08-15T19:17:17.358-0300] {dagbag.py:541} INFO - Filling up the DagBag from /home/alan/repos/pipeline_airflow/pipeline-airflow-venv/lib/python3.11/site-packages/airflow/example_dags/example_xcom.py
[2023-08-15T19:17:17.374-0300] {processor.py:836} INFO - DAG(s) dict_keys(['example_xcom']) retrieved from /home/alan/repos/pipeline_airflow/pipeline-airflow-venv/lib/python3.11/site-packages/airflow/example_dags/example_xcom.py
[2023-08-15T19:17:17.405-0300] {logging_mixin.py:150} INFO - [2023-08-15T19:17:17.404-0300] {dag.py:2742} INFO - Sync 1 DAGs
[2023-08-15T19:17:17.441-0300] {logging_mixin.py:150} INFO - [2023-08-15T19:17:17.440-0300] {dag.py:3504} INFO - Setting next_dagrun for example_xcom to 2021-01-01T00:00:00+00:00, run_after=2021-01-01T00:00:00+00:00
[2023-08-15T19:17:17.547-0300] {processor.py:179} INFO - Processing /home/alan/repos/pipeline_airflow/pipeline-airflow-venv/lib/python3.11/site-packages/airflow/example_dags/example_xcom.py took 0.198 seconds
[2023-08-15T19:18:18.088-0300] {processor.py:157} INFO - Started process (PID=30840) to work on /home/alan/repos/pipeline_airflow/pipeline-airflow-venv/lib/python3.11/site-packages/airflow/example_dags/example_xcom.py
[2023-08-15T19:18:18.091-0300] {processor.py:826} INFO - Processing file /home/alan/repos/pipeline_airflow/pipeline-airflow-venv/lib/python3.11/site-packages/airflow/example_dags/example_xcom.py for tasks to queue
[2023-08-15T19:18:18.093-0300] {logging_mixin.py:150} INFO - [2023-08-15T19:18:18.092-0300] {dagbag.py:541} INFO - Filling up the DagBag from /home/alan/repos/pipeline_airflow/pipeline-airflow-venv/lib/python3.11/site-packages/airflow/example_dags/example_xcom.py
[2023-08-15T19:18:18.108-0300] {processor.py:836} INFO - DAG(s) dict_keys(['example_xcom']) retrieved from /home/alan/repos/pipeline_airflow/pipeline-airflow-venv/lib/python3.11/site-packages/airflow/example_dags/example_xcom.py
[2023-08-15T19:18:18.138-0300] {logging_mixin.py:150} INFO - [2023-08-15T19:18:18.138-0300] {dag.py:2742} INFO - Sync 1 DAGs
[2023-08-15T19:18:18.173-0300] {logging_mixin.py:150} INFO - [2023-08-15T19:18:18.173-0300] {dag.py:3504} INFO - Setting next_dagrun for example_xcom to 2021-01-01T00:00:00+00:00, run_after=2021-01-01T00:00:00+00:00
[2023-08-15T19:18:18.297-0300] {processor.py:179} INFO - Processing /home/alan/repos/pipeline_airflow/pipeline-airflow-venv/lib/python3.11/site-packages/airflow/example_dags/example_xcom.py took 0.216 seconds
[2023-08-15T19:19:13.376-0300] {processor.py:157} INFO - Started process (PID=30981) to work on /home/alan/repos/pipeline_airflow/pipeline-airflow-venv/lib/python3.11/site-packages/airflow/example_dags/example_xcom.py
[2023-08-15T19:19:13.378-0300] {processor.py:826} INFO - Processing file /home/alan/repos/pipeline_airflow/pipeline-airflow-venv/lib/python3.11/site-packages/airflow/example_dags/example_xcom.py for tasks to queue
[2023-08-15T19:19:13.379-0300] {logging_mixin.py:150} INFO - [2023-08-15T19:19:13.379-0300] {dagbag.py:541} INFO - Filling up the DagBag from /home/alan/repos/pipeline_airflow/pipeline-airflow-venv/lib/python3.11/site-packages/airflow/example_dags/example_xcom.py
[2023-08-15T19:19:13.394-0300] {processor.py:836} INFO - DAG(s) dict_keys(['example_xcom']) retrieved from /home/alan/repos/pipeline_airflow/pipeline-airflow-venv/lib/python3.11/site-packages/airflow/example_dags/example_xcom.py
[2023-08-15T19:19:13.427-0300] {logging_mixin.py:150} INFO - [2023-08-15T19:19:13.427-0300] {dag.py:2742} INFO - Sync 1 DAGs
[2023-08-15T19:19:13.466-0300] {logging_mixin.py:150} INFO - [2023-08-15T19:19:13.466-0300] {dag.py:3504} INFO - Setting next_dagrun for example_xcom to 2021-01-01T00:00:00+00:00, run_after=2021-01-01T00:00:00+00:00
[2023-08-15T19:19:13.578-0300] {processor.py:179} INFO - Processing /home/alan/repos/pipeline_airflow/pipeline-airflow-venv/lib/python3.11/site-packages/airflow/example_dags/example_xcom.py took 0.207 seconds
[2023-08-15T19:20:11.521-0300] {processor.py:157} INFO - Started process (PID=31134) to work on /home/alan/repos/pipeline_airflow/pipeline-airflow-venv/lib/python3.11/site-packages/airflow/example_dags/example_xcom.py
[2023-08-15T19:20:11.535-0300] {processor.py:826} INFO - Processing file /home/alan/repos/pipeline_airflow/pipeline-airflow-venv/lib/python3.11/site-packages/airflow/example_dags/example_xcom.py for tasks to queue
[2023-08-15T19:20:11.537-0300] {logging_mixin.py:150} INFO - [2023-08-15T19:20:11.536-0300] {dagbag.py:541} INFO - Filling up the DagBag from /home/alan/repos/pipeline_airflow/pipeline-airflow-venv/lib/python3.11/site-packages/airflow/example_dags/example_xcom.py
[2023-08-15T19:20:11.554-0300] {processor.py:836} INFO - DAG(s) dict_keys(['example_xcom']) retrieved from /home/alan/repos/pipeline_airflow/pipeline-airflow-venv/lib/python3.11/site-packages/airflow/example_dags/example_xcom.py
[2023-08-15T19:20:11.594-0300] {logging_mixin.py:150} INFO - [2023-08-15T19:20:11.593-0300] {dag.py:2742} INFO - Sync 1 DAGs
[2023-08-15T19:20:11.636-0300] {logging_mixin.py:150} INFO - [2023-08-15T19:20:11.636-0300] {dag.py:3504} INFO - Setting next_dagrun for example_xcom to 2021-01-01T00:00:00+00:00, run_after=2021-01-01T00:00:00+00:00
[2023-08-15T19:20:11.753-0300] {processor.py:179} INFO - Processing /home/alan/repos/pipeline_airflow/pipeline-airflow-venv/lib/python3.11/site-packages/airflow/example_dags/example_xcom.py took 0.239 seconds
[2023-08-15T19:21:23.079-0300] {processor.py:157} INFO - Started process (PID=31485) to work on /home/alan/repos/pipeline_airflow/pipeline-airflow-venv/lib/python3.11/site-packages/airflow/example_dags/example_xcom.py
[2023-08-15T19:21:23.096-0300] {processor.py:826} INFO - Processing file /home/alan/repos/pipeline_airflow/pipeline-airflow-venv/lib/python3.11/site-packages/airflow/example_dags/example_xcom.py for tasks to queue
[2023-08-15T19:21:23.098-0300] {logging_mixin.py:150} INFO - [2023-08-15T19:21:23.098-0300] {dagbag.py:541} INFO - Filling up the DagBag from /home/alan/repos/pipeline_airflow/pipeline-airflow-venv/lib/python3.11/site-packages/airflow/example_dags/example_xcom.py
[2023-08-15T19:21:23.115-0300] {processor.py:836} INFO - DAG(s) dict_keys(['example_xcom']) retrieved from /home/alan/repos/pipeline_airflow/pipeline-airflow-venv/lib/python3.11/site-packages/airflow/example_dags/example_xcom.py
[2023-08-15T19:21:23.150-0300] {logging_mixin.py:150} INFO - [2023-08-15T19:21:23.150-0300] {dag.py:2742} INFO - Sync 1 DAGs
[2023-08-15T19:21:23.190-0300] {logging_mixin.py:150} INFO - [2023-08-15T19:21:23.190-0300] {dag.py:3504} INFO - Setting next_dagrun for example_xcom to 2021-01-01T00:00:00+00:00, run_after=2021-01-01T00:00:00+00:00
[2023-08-15T19:21:23.307-0300] {processor.py:179} INFO - Processing /home/alan/repos/pipeline_airflow/pipeline-airflow-venv/lib/python3.11/site-packages/airflow/example_dags/example_xcom.py took 0.234 seconds
