[2023-08-15T18:20:30.379-0300] {processor.py:157} INFO - Started process (PID=18681) to work on /home/alan/repos/pipeline_airflow/pipeline-airflow-venv/lib/python3.11/site-packages/airflow/example_dags/example_complex.py
[2023-08-15T18:20:30.380-0300] {processor.py:826} INFO - Processing file /home/alan/repos/pipeline_airflow/pipeline-airflow-venv/lib/python3.11/site-packages/airflow/example_dags/example_complex.py for tasks to queue
[2023-08-15T18:20:30.382-0300] {logging_mixin.py:150} INFO - [2023-08-15T18:20:30.381-0300] {dagbag.py:541} INFO - Filling up the DagBag from /home/alan/repos/pipeline_airflow/pipeline-airflow-venv/lib/python3.11/site-packages/airflow/example_dags/example_complex.py
[2023-08-15T18:20:30.403-0300] {processor.py:836} INFO - DAG(s) dict_keys(['example_complex']) retrieved from /home/alan/repos/pipeline_airflow/pipeline-airflow-venv/lib/python3.11/site-packages/airflow/example_dags/example_complex.py
[2023-08-15T18:20:30.847-0300] {logging_mixin.py:150} INFO - [2023-08-15T18:20:30.847-0300] {manager.py:504} INFO - Created Permission View: can delete on DAG:example_complex
[2023-08-15T18:20:30.936-0300] {logging_mixin.py:150} INFO - [2023-08-15T18:20:30.935-0300] {manager.py:504} INFO - Created Permission View: can edit on DAG:example_complex
[2023-08-15T18:20:31.026-0300] {logging_mixin.py:150} INFO - [2023-08-15T18:20:31.025-0300] {manager.py:504} INFO - Created Permission View: can read on DAG:example_complex
[2023-08-15T18:20:31.051-0300] {logging_mixin.py:150} INFO - [2023-08-15T18:20:31.050-0300] {dag.py:2742} INFO - Sync 1 DAGs
[2023-08-15T18:20:31.068-0300] {logging_mixin.py:150} INFO - [2023-08-15T18:20:31.068-0300] {dag.py:2763} INFO - Creating ORM DAG for example_complex
[2023-08-15T18:20:31.086-0300] {logging_mixin.py:150} INFO - [2023-08-15T18:20:31.086-0300] {dag.py:3504} INFO - Setting next_dagrun for example_complex to None, run_after=None
[2023-08-15T18:20:31.236-0300] {processor.py:179} INFO - Processing /home/alan/repos/pipeline_airflow/pipeline-airflow-venv/lib/python3.11/site-packages/airflow/example_dags/example_complex.py took 0.862 seconds
[2023-08-15T18:21:41.044-0300] {processor.py:157} INFO - Started process (PID=18962) to work on /home/alan/repos/pipeline_airflow/pipeline-airflow-venv/lib/python3.11/site-packages/airflow/example_dags/example_complex.py
[2023-08-15T18:21:41.045-0300] {processor.py:826} INFO - Processing file /home/alan/repos/pipeline_airflow/pipeline-airflow-venv/lib/python3.11/site-packages/airflow/example_dags/example_complex.py for tasks to queue
[2023-08-15T18:21:41.047-0300] {logging_mixin.py:150} INFO - [2023-08-15T18:21:41.046-0300] {dagbag.py:541} INFO - Filling up the DagBag from /home/alan/repos/pipeline_airflow/pipeline-airflow-venv/lib/python3.11/site-packages/airflow/example_dags/example_complex.py
[2023-08-15T18:21:41.066-0300] {processor.py:836} INFO - DAG(s) dict_keys(['example_complex']) retrieved from /home/alan/repos/pipeline_airflow/pipeline-airflow-venv/lib/python3.11/site-packages/airflow/example_dags/example_complex.py
[2023-08-15T18:21:41.113-0300] {logging_mixin.py:150} INFO - [2023-08-15T18:21:41.113-0300] {dag.py:2742} INFO - Sync 1 DAGs
[2023-08-15T18:21:41.152-0300] {logging_mixin.py:150} INFO - [2023-08-15T18:21:41.151-0300] {dag.py:3504} INFO - Setting next_dagrun for example_complex to None, run_after=None
[2023-08-15T18:21:41.282-0300] {processor.py:179} INFO - Processing /home/alan/repos/pipeline_airflow/pipeline-airflow-venv/lib/python3.11/site-packages/airflow/example_dags/example_complex.py took 0.244 seconds
[2023-08-15T18:22:37.667-0300] {processor.py:157} INFO - Started process (PID=19164) to work on /home/alan/repos/pipeline_airflow/pipeline-airflow-venv/lib/python3.11/site-packages/airflow/example_dags/example_complex.py
[2023-08-15T18:22:37.669-0300] {processor.py:826} INFO - Processing file /home/alan/repos/pipeline_airflow/pipeline-airflow-venv/lib/python3.11/site-packages/airflow/example_dags/example_complex.py for tasks to queue
[2023-08-15T18:22:37.670-0300] {logging_mixin.py:150} INFO - [2023-08-15T18:22:37.670-0300] {dagbag.py:541} INFO - Filling up the DagBag from /home/alan/repos/pipeline_airflow/pipeline-airflow-venv/lib/python3.11/site-packages/airflow/example_dags/example_complex.py
[2023-08-15T18:22:37.692-0300] {processor.py:836} INFO - DAG(s) dict_keys(['example_complex']) retrieved from /home/alan/repos/pipeline_airflow/pipeline-airflow-venv/lib/python3.11/site-packages/airflow/example_dags/example_complex.py
[2023-08-15T18:22:37.750-0300] {logging_mixin.py:150} INFO - [2023-08-15T18:22:37.749-0300] {dag.py:2742} INFO - Sync 1 DAGs
[2023-08-15T18:22:37.867-0300] {logging_mixin.py:150} INFO - [2023-08-15T18:22:37.866-0300] {dag.py:3504} INFO - Setting next_dagrun for example_complex to None, run_after=None
[2023-08-15T18:22:37.999-0300] {processor.py:179} INFO - Processing /home/alan/repos/pipeline_airflow/pipeline-airflow-venv/lib/python3.11/site-packages/airflow/example_dags/example_complex.py took 0.337 seconds
[2023-08-15T18:23:36.664-0300] {processor.py:157} INFO - Started process (PID=19368) to work on /home/alan/repos/pipeline_airflow/pipeline-airflow-venv/lib/python3.11/site-packages/airflow/example_dags/example_complex.py
[2023-08-15T18:23:36.665-0300] {processor.py:826} INFO - Processing file /home/alan/repos/pipeline_airflow/pipeline-airflow-venv/lib/python3.11/site-packages/airflow/example_dags/example_complex.py for tasks to queue
[2023-08-15T18:23:36.667-0300] {logging_mixin.py:150} INFO - [2023-08-15T18:23:36.666-0300] {dagbag.py:541} INFO - Filling up the DagBag from /home/alan/repos/pipeline_airflow/pipeline-airflow-venv/lib/python3.11/site-packages/airflow/example_dags/example_complex.py
[2023-08-15T18:23:36.685-0300] {processor.py:836} INFO - DAG(s) dict_keys(['example_complex']) retrieved from /home/alan/repos/pipeline_airflow/pipeline-airflow-venv/lib/python3.11/site-packages/airflow/example_dags/example_complex.py
[2023-08-15T18:23:36.729-0300] {logging_mixin.py:150} INFO - [2023-08-15T18:23:36.729-0300] {dag.py:2742} INFO - Sync 1 DAGs
[2023-08-15T18:23:36.902-0300] {logging_mixin.py:150} INFO - [2023-08-15T18:23:36.902-0300] {dag.py:3504} INFO - Setting next_dagrun for example_complex to None, run_after=None
[2023-08-15T18:23:37.014-0300] {processor.py:179} INFO - Processing /home/alan/repos/pipeline_airflow/pipeline-airflow-venv/lib/python3.11/site-packages/airflow/example_dags/example_complex.py took 0.355 seconds
[2023-08-15T18:24:48.614-0300] {processor.py:157} INFO - Started process (PID=19814) to work on /home/alan/repos/pipeline_airflow/pipeline-airflow-venv/lib/python3.11/site-packages/airflow/example_dags/example_complex.py
[2023-08-15T18:24:48.616-0300] {processor.py:826} INFO - Processing file /home/alan/repos/pipeline_airflow/pipeline-airflow-venv/lib/python3.11/site-packages/airflow/example_dags/example_complex.py for tasks to queue
[2023-08-15T18:24:48.618-0300] {logging_mixin.py:150} INFO - [2023-08-15T18:24:48.617-0300] {dagbag.py:541} INFO - Filling up the DagBag from /home/alan/repos/pipeline_airflow/pipeline-airflow-venv/lib/python3.11/site-packages/airflow/example_dags/example_complex.py
[2023-08-15T18:24:48.639-0300] {processor.py:836} INFO - DAG(s) dict_keys(['example_complex']) retrieved from /home/alan/repos/pipeline_airflow/pipeline-airflow-venv/lib/python3.11/site-packages/airflow/example_dags/example_complex.py
[2023-08-15T18:24:48.684-0300] {logging_mixin.py:150} INFO - [2023-08-15T18:24:48.684-0300] {dag.py:2742} INFO - Sync 1 DAGs
[2023-08-15T18:24:48.718-0300] {logging_mixin.py:150} INFO - [2023-08-15T18:24:48.718-0300] {dag.py:3504} INFO - Setting next_dagrun for example_complex to None, run_after=None
[2023-08-15T18:24:48.856-0300] {processor.py:179} INFO - Processing /home/alan/repos/pipeline_airflow/pipeline-airflow-venv/lib/python3.11/site-packages/airflow/example_dags/example_complex.py took 0.253 seconds
[2023-08-15T18:26:55.800-0300] {processor.py:157} INFO - Started process (PID=20829) to work on /home/alan/repos/pipeline_airflow/pipeline-airflow-venv/lib/python3.11/site-packages/airflow/example_dags/example_complex.py
[2023-08-15T18:26:55.853-0300] {processor.py:826} INFO - Processing file /home/alan/repos/pipeline_airflow/pipeline-airflow-venv/lib/python3.11/site-packages/airflow/example_dags/example_complex.py for tasks to queue
[2023-08-15T18:26:55.855-0300] {logging_mixin.py:150} INFO - [2023-08-15T18:26:55.854-0300] {dagbag.py:541} INFO - Filling up the DagBag from /home/alan/repos/pipeline_airflow/pipeline-airflow-venv/lib/python3.11/site-packages/airflow/example_dags/example_complex.py
[2023-08-15T18:26:55.890-0300] {processor.py:836} INFO - DAG(s) dict_keys(['example_complex']) retrieved from /home/alan/repos/pipeline_airflow/pipeline-airflow-venv/lib/python3.11/site-packages/airflow/example_dags/example_complex.py
[2023-08-15T18:26:55.961-0300] {logging_mixin.py:150} INFO - [2023-08-15T18:26:55.961-0300] {dag.py:2742} INFO - Sync 1 DAGs
[2023-08-15T18:26:56.013-0300] {logging_mixin.py:150} INFO - [2023-08-15T18:26:56.013-0300] {dag.py:3504} INFO - Setting next_dagrun for example_complex to None, run_after=None
[2023-08-15T18:26:56.335-0300] {processor.py:179} INFO - Processing /home/alan/repos/pipeline_airflow/pipeline-airflow-venv/lib/python3.11/site-packages/airflow/example_dags/example_complex.py took 0.547 seconds
[2023-08-15T18:27:59.004-0300] {processor.py:157} INFO - Started process (PID=21055) to work on /home/alan/repos/pipeline_airflow/pipeline-airflow-venv/lib/python3.11/site-packages/airflow/example_dags/example_complex.py
[2023-08-15T18:27:59.017-0300] {processor.py:826} INFO - Processing file /home/alan/repos/pipeline_airflow/pipeline-airflow-venv/lib/python3.11/site-packages/airflow/example_dags/example_complex.py for tasks to queue
[2023-08-15T18:27:59.019-0300] {logging_mixin.py:150} INFO - [2023-08-15T18:27:59.018-0300] {dagbag.py:541} INFO - Filling up the DagBag from /home/alan/repos/pipeline_airflow/pipeline-airflow-venv/lib/python3.11/site-packages/airflow/example_dags/example_complex.py
[2023-08-15T18:27:59.044-0300] {processor.py:836} INFO - DAG(s) dict_keys(['example_complex']) retrieved from /home/alan/repos/pipeline_airflow/pipeline-airflow-venv/lib/python3.11/site-packages/airflow/example_dags/example_complex.py
[2023-08-15T18:27:59.099-0300] {logging_mixin.py:150} INFO - [2023-08-15T18:27:59.098-0300] {dag.py:2742} INFO - Sync 1 DAGs
[2023-08-15T18:27:59.138-0300] {logging_mixin.py:150} INFO - [2023-08-15T18:27:59.138-0300] {dag.py:3504} INFO - Setting next_dagrun for example_complex to None, run_after=None
[2023-08-15T18:27:59.291-0300] {processor.py:179} INFO - Processing /home/alan/repos/pipeline_airflow/pipeline-airflow-venv/lib/python3.11/site-packages/airflow/example_dags/example_complex.py took 0.292 seconds
[2023-08-15T18:29:22.537-0300] {processor.py:157} INFO - Started process (PID=21386) to work on /home/alan/repos/pipeline_airflow/pipeline-airflow-venv/lib/python3.11/site-packages/airflow/example_dags/example_complex.py
[2023-08-15T18:29:22.550-0300] {processor.py:826} INFO - Processing file /home/alan/repos/pipeline_airflow/pipeline-airflow-venv/lib/python3.11/site-packages/airflow/example_dags/example_complex.py for tasks to queue
[2023-08-15T18:29:22.551-0300] {logging_mixin.py:150} INFO - [2023-08-15T18:29:22.551-0300] {dagbag.py:541} INFO - Filling up the DagBag from /home/alan/repos/pipeline_airflow/pipeline-airflow-venv/lib/python3.11/site-packages/airflow/example_dags/example_complex.py
[2023-08-15T18:29:22.586-0300] {processor.py:836} INFO - DAG(s) dict_keys(['example_complex']) retrieved from /home/alan/repos/pipeline_airflow/pipeline-airflow-venv/lib/python3.11/site-packages/airflow/example_dags/example_complex.py
[2023-08-15T18:29:22.671-0300] {logging_mixin.py:150} INFO - [2023-08-15T18:29:22.670-0300] {dag.py:2742} INFO - Sync 1 DAGs
[2023-08-15T18:29:22.722-0300] {logging_mixin.py:150} INFO - [2023-08-15T18:29:22.722-0300] {dag.py:3504} INFO - Setting next_dagrun for example_complex to None, run_after=None
[2023-08-15T18:29:22.854-0300] {processor.py:179} INFO - Processing /home/alan/repos/pipeline_airflow/pipeline-airflow-venv/lib/python3.11/site-packages/airflow/example_dags/example_complex.py took 0.324 seconds
[2023-08-15T18:30:19.755-0300] {processor.py:157} INFO - Started process (PID=21607) to work on /home/alan/repos/pipeline_airflow/pipeline-airflow-venv/lib/python3.11/site-packages/airflow/example_dags/example_complex.py
[2023-08-15T18:30:19.757-0300] {processor.py:826} INFO - Processing file /home/alan/repos/pipeline_airflow/pipeline-airflow-venv/lib/python3.11/site-packages/airflow/example_dags/example_complex.py for tasks to queue
[2023-08-15T18:30:19.758-0300] {logging_mixin.py:150} INFO - [2023-08-15T18:30:19.757-0300] {dagbag.py:541} INFO - Filling up the DagBag from /home/alan/repos/pipeline_airflow/pipeline-airflow-venv/lib/python3.11/site-packages/airflow/example_dags/example_complex.py
[2023-08-15T18:30:19.778-0300] {processor.py:836} INFO - DAG(s) dict_keys(['example_complex']) retrieved from /home/alan/repos/pipeline_airflow/pipeline-airflow-venv/lib/python3.11/site-packages/airflow/example_dags/example_complex.py
[2023-08-15T18:30:19.826-0300] {logging_mixin.py:150} INFO - [2023-08-15T18:30:19.822-0300] {dag.py:2742} INFO - Sync 1 DAGs
[2023-08-15T18:30:19.864-0300] {logging_mixin.py:150} INFO - [2023-08-15T18:30:19.863-0300] {dag.py:3504} INFO - Setting next_dagrun for example_complex to None, run_after=None
[2023-08-15T18:30:19.962-0300] {processor.py:179} INFO - Processing /home/alan/repos/pipeline_airflow/pipeline-airflow-venv/lib/python3.11/site-packages/airflow/example_dags/example_complex.py took 0.212 seconds
[2023-08-15T18:31:17.168-0300] {processor.py:157} INFO - Started process (PID=21814) to work on /home/alan/repos/pipeline_airflow/pipeline-airflow-venv/lib/python3.11/site-packages/airflow/example_dags/example_complex.py
[2023-08-15T18:31:17.170-0300] {processor.py:826} INFO - Processing file /home/alan/repos/pipeline_airflow/pipeline-airflow-venv/lib/python3.11/site-packages/airflow/example_dags/example_complex.py for tasks to queue
[2023-08-15T18:31:17.172-0300] {logging_mixin.py:150} INFO - [2023-08-15T18:31:17.171-0300] {dagbag.py:541} INFO - Filling up the DagBag from /home/alan/repos/pipeline_airflow/pipeline-airflow-venv/lib/python3.11/site-packages/airflow/example_dags/example_complex.py
[2023-08-15T18:31:17.200-0300] {processor.py:836} INFO - DAG(s) dict_keys(['example_complex']) retrieved from /home/alan/repos/pipeline_airflow/pipeline-airflow-venv/lib/python3.11/site-packages/airflow/example_dags/example_complex.py
[2023-08-15T18:31:17.267-0300] {logging_mixin.py:150} INFO - [2023-08-15T18:31:17.266-0300] {dag.py:2742} INFO - Sync 1 DAGs
[2023-08-15T18:31:17.329-0300] {logging_mixin.py:150} INFO - [2023-08-15T18:31:17.328-0300] {dag.py:3504} INFO - Setting next_dagrun for example_complex to None, run_after=None
[2023-08-15T18:31:17.470-0300] {processor.py:179} INFO - Processing /home/alan/repos/pipeline_airflow/pipeline-airflow-venv/lib/python3.11/site-packages/airflow/example_dags/example_complex.py took 0.308 seconds
[2023-08-15T18:32:13.940-0300] {processor.py:157} INFO - Started process (PID=22033) to work on /home/alan/repos/pipeline_airflow/pipeline-airflow-venv/lib/python3.11/site-packages/airflow/example_dags/example_complex.py
[2023-08-15T18:32:13.949-0300] {processor.py:826} INFO - Processing file /home/alan/repos/pipeline_airflow/pipeline-airflow-venv/lib/python3.11/site-packages/airflow/example_dags/example_complex.py for tasks to queue
[2023-08-15T18:32:13.951-0300] {logging_mixin.py:150} INFO - [2023-08-15T18:32:13.950-0300] {dagbag.py:541} INFO - Filling up the DagBag from /home/alan/repos/pipeline_airflow/pipeline-airflow-venv/lib/python3.11/site-packages/airflow/example_dags/example_complex.py
[2023-08-15T18:32:13.980-0300] {processor.py:836} INFO - DAG(s) dict_keys(['example_complex']) retrieved from /home/alan/repos/pipeline_airflow/pipeline-airflow-venv/lib/python3.11/site-packages/airflow/example_dags/example_complex.py
[2023-08-15T18:32:14.048-0300] {logging_mixin.py:150} INFO - [2023-08-15T18:32:14.043-0300] {dag.py:2742} INFO - Sync 1 DAGs
[2023-08-15T18:32:14.096-0300] {logging_mixin.py:150} INFO - [2023-08-15T18:32:14.095-0300] {dag.py:3504} INFO - Setting next_dagrun for example_complex to None, run_after=None
[2023-08-15T18:32:14.211-0300] {processor.py:179} INFO - Processing /home/alan/repos/pipeline_airflow/pipeline-airflow-venv/lib/python3.11/site-packages/airflow/example_dags/example_complex.py took 0.284 seconds
[2023-08-15T18:33:39.928-0300] {processor.py:157} INFO - Started process (PID=22351) to work on /home/alan/repos/pipeline_airflow/pipeline-airflow-venv/lib/python3.11/site-packages/airflow/example_dags/example_complex.py
[2023-08-15T18:33:39.936-0300] {processor.py:826} INFO - Processing file /home/alan/repos/pipeline_airflow/pipeline-airflow-venv/lib/python3.11/site-packages/airflow/example_dags/example_complex.py for tasks to queue
[2023-08-15T18:33:39.938-0300] {logging_mixin.py:150} INFO - [2023-08-15T18:33:39.937-0300] {dagbag.py:541} INFO - Filling up the DagBag from /home/alan/repos/pipeline_airflow/pipeline-airflow-venv/lib/python3.11/site-packages/airflow/example_dags/example_complex.py
[2023-08-15T18:33:39.961-0300] {processor.py:836} INFO - DAG(s) dict_keys(['example_complex']) retrieved from /home/alan/repos/pipeline_airflow/pipeline-airflow-venv/lib/python3.11/site-packages/airflow/example_dags/example_complex.py
[2023-08-15T18:33:40.007-0300] {logging_mixin.py:150} INFO - [2023-08-15T18:33:40.007-0300] {dag.py:2742} INFO - Sync 1 DAGs
[2023-08-15T18:33:40.041-0300] {logging_mixin.py:150} INFO - [2023-08-15T18:33:40.041-0300] {dag.py:3504} INFO - Setting next_dagrun for example_complex to None, run_after=None
[2023-08-15T18:33:40.176-0300] {processor.py:179} INFO - Processing /home/alan/repos/pipeline_airflow/pipeline-airflow-venv/lib/python3.11/site-packages/airflow/example_dags/example_complex.py took 0.255 seconds
[2023-08-15T18:34:35.972-0300] {processor.py:157} INFO - Started process (PID=22547) to work on /home/alan/repos/pipeline_airflow/pipeline-airflow-venv/lib/python3.11/site-packages/airflow/example_dags/example_complex.py
[2023-08-15T18:34:35.984-0300] {processor.py:826} INFO - Processing file /home/alan/repos/pipeline_airflow/pipeline-airflow-venv/lib/python3.11/site-packages/airflow/example_dags/example_complex.py for tasks to queue
[2023-08-15T18:34:35.986-0300] {logging_mixin.py:150} INFO - [2023-08-15T18:34:35.985-0300] {dagbag.py:541} INFO - Filling up the DagBag from /home/alan/repos/pipeline_airflow/pipeline-airflow-venv/lib/python3.11/site-packages/airflow/example_dags/example_complex.py
[2023-08-15T18:34:36.009-0300] {processor.py:836} INFO - DAG(s) dict_keys(['example_complex']) retrieved from /home/alan/repos/pipeline_airflow/pipeline-airflow-venv/lib/python3.11/site-packages/airflow/example_dags/example_complex.py
[2023-08-15T18:34:36.068-0300] {logging_mixin.py:150} INFO - [2023-08-15T18:34:36.067-0300] {dag.py:2742} INFO - Sync 1 DAGs
[2023-08-15T18:34:36.107-0300] {logging_mixin.py:150} INFO - [2023-08-15T18:34:36.107-0300] {dag.py:3504} INFO - Setting next_dagrun for example_complex to None, run_after=None
[2023-08-15T18:34:36.221-0300] {processor.py:179} INFO - Processing /home/alan/repos/pipeline_airflow/pipeline-airflow-venv/lib/python3.11/site-packages/airflow/example_dags/example_complex.py took 0.254 seconds
[2023-08-15T18:35:59.002-0300] {processor.py:157} INFO - Started process (PID=22848) to work on /home/alan/repos/pipeline_airflow/pipeline-airflow-venv/lib/python3.11/site-packages/airflow/example_dags/example_complex.py
[2023-08-15T18:35:59.018-0300] {processor.py:826} INFO - Processing file /home/alan/repos/pipeline_airflow/pipeline-airflow-venv/lib/python3.11/site-packages/airflow/example_dags/example_complex.py for tasks to queue
[2023-08-15T18:35:59.020-0300] {logging_mixin.py:150} INFO - [2023-08-15T18:35:59.019-0300] {dagbag.py:541} INFO - Filling up the DagBag from /home/alan/repos/pipeline_airflow/pipeline-airflow-venv/lib/python3.11/site-packages/airflow/example_dags/example_complex.py
[2023-08-15T18:35:59.044-0300] {processor.py:836} INFO - DAG(s) dict_keys(['example_complex']) retrieved from /home/alan/repos/pipeline_airflow/pipeline-airflow-venv/lib/python3.11/site-packages/airflow/example_dags/example_complex.py
[2023-08-15T18:35:59.093-0300] {logging_mixin.py:150} INFO - [2023-08-15T18:35:59.093-0300] {dag.py:2742} INFO - Sync 1 DAGs
[2023-08-15T18:35:59.133-0300] {logging_mixin.py:150} INFO - [2023-08-15T18:35:59.132-0300] {dag.py:3504} INFO - Setting next_dagrun for example_complex to None, run_after=None
[2023-08-15T18:35:59.249-0300] {processor.py:179} INFO - Processing /home/alan/repos/pipeline_airflow/pipeline-airflow-venv/lib/python3.11/site-packages/airflow/example_dags/example_complex.py took 0.254 seconds
[2023-08-15T18:36:56.945-0300] {processor.py:157} INFO - Started process (PID=23067) to work on /home/alan/repos/pipeline_airflow/pipeline-airflow-venv/lib/python3.11/site-packages/airflow/example_dags/example_complex.py
[2023-08-15T18:36:56.947-0300] {processor.py:826} INFO - Processing file /home/alan/repos/pipeline_airflow/pipeline-airflow-venv/lib/python3.11/site-packages/airflow/example_dags/example_complex.py for tasks to queue
[2023-08-15T18:36:56.949-0300] {logging_mixin.py:150} INFO - [2023-08-15T18:36:56.948-0300] {dagbag.py:541} INFO - Filling up the DagBag from /home/alan/repos/pipeline_airflow/pipeline-airflow-venv/lib/python3.11/site-packages/airflow/example_dags/example_complex.py
[2023-08-15T18:36:56.972-0300] {processor.py:836} INFO - DAG(s) dict_keys(['example_complex']) retrieved from /home/alan/repos/pipeline_airflow/pipeline-airflow-venv/lib/python3.11/site-packages/airflow/example_dags/example_complex.py
[2023-08-15T18:36:57.021-0300] {logging_mixin.py:150} INFO - [2023-08-15T18:36:57.021-0300] {dag.py:2742} INFO - Sync 1 DAGs
[2023-08-15T18:36:57.055-0300] {logging_mixin.py:150} INFO - [2023-08-15T18:36:57.055-0300] {dag.py:3504} INFO - Setting next_dagrun for example_complex to None, run_after=None
[2023-08-15T18:36:57.151-0300] {processor.py:179} INFO - Processing /home/alan/repos/pipeline_airflow/pipeline-airflow-venv/lib/python3.11/site-packages/airflow/example_dags/example_complex.py took 0.213 seconds
[2023-08-15T18:38:18.644-0300] {processor.py:157} INFO - Started process (PID=23393) to work on /home/alan/repos/pipeline_airflow/pipeline-airflow-venv/lib/python3.11/site-packages/airflow/example_dags/example_complex.py
[2023-08-15T18:38:18.653-0300] {processor.py:826} INFO - Processing file /home/alan/repos/pipeline_airflow/pipeline-airflow-venv/lib/python3.11/site-packages/airflow/example_dags/example_complex.py for tasks to queue
[2023-08-15T18:38:18.654-0300] {logging_mixin.py:150} INFO - [2023-08-15T18:38:18.654-0300] {dagbag.py:541} INFO - Filling up the DagBag from /home/alan/repos/pipeline_airflow/pipeline-airflow-venv/lib/python3.11/site-packages/airflow/example_dags/example_complex.py
[2023-08-15T18:38:18.688-0300] {processor.py:836} INFO - DAG(s) dict_keys(['example_complex']) retrieved from /home/alan/repos/pipeline_airflow/pipeline-airflow-venv/lib/python3.11/site-packages/airflow/example_dags/example_complex.py
[2023-08-15T18:38:18.783-0300] {logging_mixin.py:150} INFO - [2023-08-15T18:38:18.783-0300] {dag.py:2742} INFO - Sync 1 DAGs
[2023-08-15T18:38:18.871-0300] {logging_mixin.py:150} INFO - [2023-08-15T18:38:18.868-0300] {dag.py:3504} INFO - Setting next_dagrun for example_complex to None, run_after=None
[2023-08-15T18:38:19.054-0300] {processor.py:179} INFO - Processing /home/alan/repos/pipeline_airflow/pipeline-airflow-venv/lib/python3.11/site-packages/airflow/example_dags/example_complex.py took 0.428 seconds
[2023-08-15T18:44:58.387-0300] {processor.py:157} INFO - Started process (PID=23934) to work on /home/alan/repos/pipeline_airflow/pipeline-airflow-venv/lib/python3.11/site-packages/airflow/example_dags/example_complex.py
[2023-08-15T18:44:58.390-0300] {processor.py:826} INFO - Processing file /home/alan/repos/pipeline_airflow/pipeline-airflow-venv/lib/python3.11/site-packages/airflow/example_dags/example_complex.py for tasks to queue
[2023-08-15T18:44:58.392-0300] {logging_mixin.py:150} INFO - [2023-08-15T18:44:58.391-0300] {dagbag.py:541} INFO - Filling up the DagBag from /home/alan/repos/pipeline_airflow/pipeline-airflow-venv/lib/python3.11/site-packages/airflow/example_dags/example_complex.py
[2023-08-15T18:44:58.417-0300] {processor.py:836} INFO - DAG(s) dict_keys(['example_complex']) retrieved from /home/alan/repos/pipeline_airflow/pipeline-airflow-venv/lib/python3.11/site-packages/airflow/example_dags/example_complex.py
[2023-08-15T18:44:58.471-0300] {logging_mixin.py:150} INFO - [2023-08-15T18:44:58.471-0300] {dag.py:2742} INFO - Sync 1 DAGs
[2023-08-15T18:44:58.514-0300] {logging_mixin.py:150} INFO - [2023-08-15T18:44:58.514-0300] {dag.py:3504} INFO - Setting next_dagrun for example_complex to None, run_after=None
[2023-08-15T18:44:58.638-0300] {processor.py:179} INFO - Processing /home/alan/repos/pipeline_airflow/pipeline-airflow-venv/lib/python3.11/site-packages/airflow/example_dags/example_complex.py took 0.256 seconds
[2023-08-15T18:46:19.931-0300] {processor.py:157} INFO - Started process (PID=24273) to work on /home/alan/repos/pipeline_airflow/pipeline-airflow-venv/lib/python3.11/site-packages/airflow/example_dags/example_complex.py
[2023-08-15T18:46:19.939-0300] {processor.py:826} INFO - Processing file /home/alan/repos/pipeline_airflow/pipeline-airflow-venv/lib/python3.11/site-packages/airflow/example_dags/example_complex.py for tasks to queue
[2023-08-15T18:46:19.940-0300] {logging_mixin.py:150} INFO - [2023-08-15T18:46:19.940-0300] {dagbag.py:541} INFO - Filling up the DagBag from /home/alan/repos/pipeline_airflow/pipeline-airflow-venv/lib/python3.11/site-packages/airflow/example_dags/example_complex.py
[2023-08-15T18:46:19.971-0300] {processor.py:836} INFO - DAG(s) dict_keys(['example_complex']) retrieved from /home/alan/repos/pipeline_airflow/pipeline-airflow-venv/lib/python3.11/site-packages/airflow/example_dags/example_complex.py
[2023-08-15T18:46:20.040-0300] {logging_mixin.py:150} INFO - [2023-08-15T18:46:20.040-0300] {dag.py:2742} INFO - Sync 1 DAGs
[2023-08-15T18:46:20.088-0300] {logging_mixin.py:150} INFO - [2023-08-15T18:46:20.088-0300] {dag.py:3504} INFO - Setting next_dagrun for example_complex to None, run_after=None
[2023-08-15T18:46:20.218-0300] {processor.py:179} INFO - Processing /home/alan/repos/pipeline_airflow/pipeline-airflow-venv/lib/python3.11/site-packages/airflow/example_dags/example_complex.py took 0.296 seconds
[2023-08-15T18:47:22.989-0300] {processor.py:157} INFO - Started process (PID=24498) to work on /home/alan/repos/pipeline_airflow/pipeline-airflow-venv/lib/python3.11/site-packages/airflow/example_dags/example_complex.py
[2023-08-15T18:47:22.996-0300] {processor.py:826} INFO - Processing file /home/alan/repos/pipeline_airflow/pipeline-airflow-venv/lib/python3.11/site-packages/airflow/example_dags/example_complex.py for tasks to queue
[2023-08-15T18:47:22.999-0300] {logging_mixin.py:150} INFO - [2023-08-15T18:47:22.997-0300] {dagbag.py:541} INFO - Filling up the DagBag from /home/alan/repos/pipeline_airflow/pipeline-airflow-venv/lib/python3.11/site-packages/airflow/example_dags/example_complex.py
[2023-08-15T18:47:23.023-0300] {processor.py:836} INFO - DAG(s) dict_keys(['example_complex']) retrieved from /home/alan/repos/pipeline_airflow/pipeline-airflow-venv/lib/python3.11/site-packages/airflow/example_dags/example_complex.py
[2023-08-15T18:47:23.072-0300] {logging_mixin.py:150} INFO - [2023-08-15T18:47:23.072-0300] {dag.py:2742} INFO - Sync 1 DAGs
[2023-08-15T18:47:23.111-0300] {logging_mixin.py:150} INFO - [2023-08-15T18:47:23.111-0300] {dag.py:3504} INFO - Setting next_dagrun for example_complex to None, run_after=None
[2023-08-15T18:47:23.283-0300] {processor.py:179} INFO - Processing /home/alan/repos/pipeline_airflow/pipeline-airflow-venv/lib/python3.11/site-packages/airflow/example_dags/example_complex.py took 0.304 seconds
[2023-08-15T18:48:27.855-0300] {processor.py:157} INFO - Started process (PID=24716) to work on /home/alan/repos/pipeline_airflow/pipeline-airflow-venv/lib/python3.11/site-packages/airflow/example_dags/example_complex.py
[2023-08-15T18:48:27.857-0300] {processor.py:826} INFO - Processing file /home/alan/repos/pipeline_airflow/pipeline-airflow-venv/lib/python3.11/site-packages/airflow/example_dags/example_complex.py for tasks to queue
[2023-08-15T18:48:27.859-0300] {logging_mixin.py:150} INFO - [2023-08-15T18:48:27.858-0300] {dagbag.py:541} INFO - Filling up the DagBag from /home/alan/repos/pipeline_airflow/pipeline-airflow-venv/lib/python3.11/site-packages/airflow/example_dags/example_complex.py
[2023-08-15T18:48:27.886-0300] {processor.py:836} INFO - DAG(s) dict_keys(['example_complex']) retrieved from /home/alan/repos/pipeline_airflow/pipeline-airflow-venv/lib/python3.11/site-packages/airflow/example_dags/example_complex.py
[2023-08-15T18:48:27.938-0300] {logging_mixin.py:150} INFO - [2023-08-15T18:48:27.937-0300] {dag.py:2742} INFO - Sync 1 DAGs
[2023-08-15T18:48:28.131-0300] {logging_mixin.py:150} INFO - [2023-08-15T18:48:28.131-0300] {dag.py:3504} INFO - Setting next_dagrun for example_complex to None, run_after=None
[2023-08-15T18:48:28.247-0300] {processor.py:179} INFO - Processing /home/alan/repos/pipeline_airflow/pipeline-airflow-venv/lib/python3.11/site-packages/airflow/example_dags/example_complex.py took 0.398 seconds
[2023-08-15T18:49:35.763-0300] {processor.py:157} INFO - Started process (PID=24943) to work on /home/alan/repos/pipeline_airflow/pipeline-airflow-venv/lib/python3.11/site-packages/airflow/example_dags/example_complex.py
[2023-08-15T18:49:35.768-0300] {processor.py:826} INFO - Processing file /home/alan/repos/pipeline_airflow/pipeline-airflow-venv/lib/python3.11/site-packages/airflow/example_dags/example_complex.py for tasks to queue
[2023-08-15T18:49:35.770-0300] {logging_mixin.py:150} INFO - [2023-08-15T18:49:35.769-0300] {dagbag.py:541} INFO - Filling up the DagBag from /home/alan/repos/pipeline_airflow/pipeline-airflow-venv/lib/python3.11/site-packages/airflow/example_dags/example_complex.py
[2023-08-15T18:49:35.793-0300] {processor.py:836} INFO - DAG(s) dict_keys(['example_complex']) retrieved from /home/alan/repos/pipeline_airflow/pipeline-airflow-venv/lib/python3.11/site-packages/airflow/example_dags/example_complex.py
[2023-08-15T18:49:35.850-0300] {logging_mixin.py:150} INFO - [2023-08-15T18:49:35.850-0300] {dag.py:2742} INFO - Sync 1 DAGs
[2023-08-15T18:49:35.888-0300] {logging_mixin.py:150} INFO - [2023-08-15T18:49:35.887-0300] {dag.py:3504} INFO - Setting next_dagrun for example_complex to None, run_after=None
[2023-08-15T18:49:36.115-0300] {processor.py:179} INFO - Processing /home/alan/repos/pipeline_airflow/pipeline-airflow-venv/lib/python3.11/site-packages/airflow/example_dags/example_complex.py took 0.357 seconds
[2023-08-15T18:50:34.414-0300] {processor.py:157} INFO - Started process (PID=25157) to work on /home/alan/repos/pipeline_airflow/pipeline-airflow-venv/lib/python3.11/site-packages/airflow/example_dags/example_complex.py
[2023-08-15T18:50:34.416-0300] {processor.py:826} INFO - Processing file /home/alan/repos/pipeline_airflow/pipeline-airflow-venv/lib/python3.11/site-packages/airflow/example_dags/example_complex.py for tasks to queue
[2023-08-15T18:50:34.418-0300] {logging_mixin.py:150} INFO - [2023-08-15T18:50:34.417-0300] {dagbag.py:541} INFO - Filling up the DagBag from /home/alan/repos/pipeline_airflow/pipeline-airflow-venv/lib/python3.11/site-packages/airflow/example_dags/example_complex.py
[2023-08-15T18:50:34.439-0300] {processor.py:836} INFO - DAG(s) dict_keys(['example_complex']) retrieved from /home/alan/repos/pipeline_airflow/pipeline-airflow-venv/lib/python3.11/site-packages/airflow/example_dags/example_complex.py
[2023-08-15T18:50:34.489-0300] {logging_mixin.py:150} INFO - [2023-08-15T18:50:34.489-0300] {dag.py:2742} INFO - Sync 1 DAGs
[2023-08-15T18:50:34.526-0300] {logging_mixin.py:150} INFO - [2023-08-15T18:50:34.526-0300] {dag.py:3504} INFO - Setting next_dagrun for example_complex to None, run_after=None
[2023-08-15T18:50:34.627-0300] {processor.py:179} INFO - Processing /home/alan/repos/pipeline_airflow/pipeline-airflow-venv/lib/python3.11/site-packages/airflow/example_dags/example_complex.py took 0.218 seconds
[2023-08-15T18:51:50.821-0300] {processor.py:157} INFO - Started process (PID=25550) to work on /home/alan/repos/pipeline_airflow/pipeline-airflow-venv/lib/python3.11/site-packages/airflow/example_dags/example_complex.py
[2023-08-15T18:51:50.834-0300] {processor.py:826} INFO - Processing file /home/alan/repos/pipeline_airflow/pipeline-airflow-venv/lib/python3.11/site-packages/airflow/example_dags/example_complex.py for tasks to queue
[2023-08-15T18:51:50.836-0300] {logging_mixin.py:150} INFO - [2023-08-15T18:51:50.835-0300] {dagbag.py:541} INFO - Filling up the DagBag from /home/alan/repos/pipeline_airflow/pipeline-airflow-venv/lib/python3.11/site-packages/airflow/example_dags/example_complex.py
[2023-08-15T18:51:50.880-0300] {processor.py:836} INFO - DAG(s) dict_keys(['example_complex']) retrieved from /home/alan/repos/pipeline_airflow/pipeline-airflow-venv/lib/python3.11/site-packages/airflow/example_dags/example_complex.py
[2023-08-15T18:51:50.969-0300] {logging_mixin.py:150} INFO - [2023-08-15T18:51:50.969-0300] {dag.py:2742} INFO - Sync 1 DAGs
[2023-08-15T18:51:51.033-0300] {logging_mixin.py:150} INFO - [2023-08-15T18:51:51.033-0300] {dag.py:3504} INFO - Setting next_dagrun for example_complex to None, run_after=None
[2023-08-15T18:51:51.163-0300] {processor.py:179} INFO - Processing /home/alan/repos/pipeline_airflow/pipeline-airflow-venv/lib/python3.11/site-packages/airflow/example_dags/example_complex.py took 0.359 seconds
[2023-08-15T18:52:57.956-0300] {processor.py:157} INFO - Started process (PID=25836) to work on /home/alan/repos/pipeline_airflow/pipeline-airflow-venv/lib/python3.11/site-packages/airflow/example_dags/example_complex.py
[2023-08-15T18:52:57.968-0300] {processor.py:826} INFO - Processing file /home/alan/repos/pipeline_airflow/pipeline-airflow-venv/lib/python3.11/site-packages/airflow/example_dags/example_complex.py for tasks to queue
[2023-08-15T18:52:57.970-0300] {logging_mixin.py:150} INFO - [2023-08-15T18:52:57.969-0300] {dagbag.py:541} INFO - Filling up the DagBag from /home/alan/repos/pipeline_airflow/pipeline-airflow-venv/lib/python3.11/site-packages/airflow/example_dags/example_complex.py
[2023-08-15T18:52:57.994-0300] {processor.py:836} INFO - DAG(s) dict_keys(['example_complex']) retrieved from /home/alan/repos/pipeline_airflow/pipeline-airflow-venv/lib/python3.11/site-packages/airflow/example_dags/example_complex.py
[2023-08-15T18:52:58.041-0300] {logging_mixin.py:150} INFO - [2023-08-15T18:52:58.040-0300] {dag.py:2742} INFO - Sync 1 DAGs
[2023-08-15T18:52:58.082-0300] {logging_mixin.py:150} INFO - [2023-08-15T18:52:58.081-0300] {dag.py:3504} INFO - Setting next_dagrun for example_complex to None, run_after=None
[2023-08-15T18:52:58.270-0300] {processor.py:179} INFO - Processing /home/alan/repos/pipeline_airflow/pipeline-airflow-venv/lib/python3.11/site-packages/airflow/example_dags/example_complex.py took 0.320 seconds
[2023-08-15T18:53:53.980-0300] {processor.py:157} INFO - Started process (PID=26051) to work on /home/alan/repos/pipeline_airflow/pipeline-airflow-venv/lib/python3.11/site-packages/airflow/example_dags/example_complex.py
[2023-08-15T18:53:53.982-0300] {processor.py:826} INFO - Processing file /home/alan/repos/pipeline_airflow/pipeline-airflow-venv/lib/python3.11/site-packages/airflow/example_dags/example_complex.py for tasks to queue
[2023-08-15T18:53:53.983-0300] {logging_mixin.py:150} INFO - [2023-08-15T18:53:53.982-0300] {dagbag.py:541} INFO - Filling up the DagBag from /home/alan/repos/pipeline_airflow/pipeline-airflow-venv/lib/python3.11/site-packages/airflow/example_dags/example_complex.py
[2023-08-15T18:53:54.003-0300] {processor.py:836} INFO - DAG(s) dict_keys(['example_complex']) retrieved from /home/alan/repos/pipeline_airflow/pipeline-airflow-venv/lib/python3.11/site-packages/airflow/example_dags/example_complex.py
[2023-08-15T18:53:54.050-0300] {logging_mixin.py:150} INFO - [2023-08-15T18:53:54.050-0300] {dag.py:2742} INFO - Sync 1 DAGs
[2023-08-15T18:53:54.084-0300] {logging_mixin.py:150} INFO - [2023-08-15T18:53:54.084-0300] {dag.py:3504} INFO - Setting next_dagrun for example_complex to None, run_after=None
[2023-08-15T18:53:54.196-0300] {processor.py:179} INFO - Processing /home/alan/repos/pipeline_airflow/pipeline-airflow-venv/lib/python3.11/site-packages/airflow/example_dags/example_complex.py took 0.222 seconds
[2023-08-15T18:55:03.148-0300] {processor.py:157} INFO - Started process (PID=26376) to work on /home/alan/repos/pipeline_airflow/pipeline-airflow-venv/lib/python3.11/site-packages/airflow/example_dags/example_complex.py
[2023-08-15T18:55:03.448-0300] {processor.py:826} INFO - Processing file /home/alan/repos/pipeline_airflow/pipeline-airflow-venv/lib/python3.11/site-packages/airflow/example_dags/example_complex.py for tasks to queue
[2023-08-15T18:55:03.450-0300] {logging_mixin.py:150} INFO - [2023-08-15T18:55:03.449-0300] {dagbag.py:541} INFO - Filling up the DagBag from /home/alan/repos/pipeline_airflow/pipeline-airflow-venv/lib/python3.11/site-packages/airflow/example_dags/example_complex.py
[2023-08-15T18:55:03.476-0300] {processor.py:836} INFO - DAG(s) dict_keys(['example_complex']) retrieved from /home/alan/repos/pipeline_airflow/pipeline-airflow-venv/lib/python3.11/site-packages/airflow/example_dags/example_complex.py
[2023-08-15T18:55:04.383-0300] {logging_mixin.py:150} INFO - [2023-08-15T18:55:04.382-0300] {dag.py:2742} INFO - Sync 1 DAGs
[2023-08-15T18:55:04.433-0300] {logging_mixin.py:150} INFO - [2023-08-15T18:55:04.433-0300] {dag.py:3504} INFO - Setting next_dagrun for example_complex to None, run_after=None
[2023-08-15T18:55:05.058-0300] {processor.py:179} INFO - Processing /home/alan/repos/pipeline_airflow/pipeline-airflow-venv/lib/python3.11/site-packages/airflow/example_dags/example_complex.py took 1.916 seconds
[2023-08-15T19:00:39.123-0300] {processor.py:157} INFO - Started process (PID=27393) to work on /home/alan/repos/pipeline_airflow/pipeline-airflow-venv/lib/python3.11/site-packages/airflow/example_dags/example_complex.py
[2023-08-15T19:00:39.223-0300] {processor.py:826} INFO - Processing file /home/alan/repos/pipeline_airflow/pipeline-airflow-venv/lib/python3.11/site-packages/airflow/example_dags/example_complex.py for tasks to queue
[2023-08-15T19:00:39.225-0300] {logging_mixin.py:150} INFO - [2023-08-15T19:00:39.224-0300] {dagbag.py:541} INFO - Filling up the DagBag from /home/alan/repos/pipeline_airflow/pipeline-airflow-venv/lib/python3.11/site-packages/airflow/example_dags/example_complex.py
[2023-08-15T19:00:39.405-0300] {processor.py:836} INFO - DAG(s) dict_keys(['example_complex']) retrieved from /home/alan/repos/pipeline_airflow/pipeline-airflow-venv/lib/python3.11/site-packages/airflow/example_dags/example_complex.py
[2023-08-15T19:00:41.647-0300] {logging_mixin.py:150} INFO - [2023-08-15T19:00:41.647-0300] {dag.py:2742} INFO - Sync 1 DAGs
[2023-08-15T19:00:41.703-0300] {logging_mixin.py:150} INFO - [2023-08-15T19:00:41.703-0300] {dag.py:3504} INFO - Setting next_dagrun for example_complex to None, run_after=None
[2023-08-15T19:00:42.407-0300] {processor.py:179} INFO - Processing /home/alan/repos/pipeline_airflow/pipeline-airflow-venv/lib/python3.11/site-packages/airflow/example_dags/example_complex.py took 3.289 seconds
[2023-08-15T19:03:42.841-0300] {processor.py:157} INFO - Started process (PID=28106) to work on /home/alan/repos/pipeline_airflow/pipeline-airflow-venv/lib/python3.11/site-packages/airflow/example_dags/example_complex.py
[2023-08-15T19:03:42.884-0300] {processor.py:826} INFO - Processing file /home/alan/repos/pipeline_airflow/pipeline-airflow-venv/lib/python3.11/site-packages/airflow/example_dags/example_complex.py for tasks to queue
[2023-08-15T19:03:42.885-0300] {logging_mixin.py:150} INFO - [2023-08-15T19:03:42.884-0300] {dagbag.py:541} INFO - Filling up the DagBag from /home/alan/repos/pipeline_airflow/pipeline-airflow-venv/lib/python3.11/site-packages/airflow/example_dags/example_complex.py
[2023-08-15T19:03:42.921-0300] {processor.py:836} INFO - DAG(s) dict_keys(['example_complex']) retrieved from /home/alan/repos/pipeline_airflow/pipeline-airflow-venv/lib/python3.11/site-packages/airflow/example_dags/example_complex.py
[2023-08-15T19:03:43.005-0300] {logging_mixin.py:150} INFO - [2023-08-15T19:03:43.005-0300] {dag.py:2742} INFO - Sync 1 DAGs
[2023-08-15T19:03:43.076-0300] {logging_mixin.py:150} INFO - [2023-08-15T19:03:43.075-0300] {dag.py:3504} INFO - Setting next_dagrun for example_complex to None, run_after=None
[2023-08-15T19:03:43.492-0300] {processor.py:179} INFO - Processing /home/alan/repos/pipeline_airflow/pipeline-airflow-venv/lib/python3.11/site-packages/airflow/example_dags/example_complex.py took 0.662 seconds
[2023-08-15T19:05:18.095-0300] {processor.py:157} INFO - Started process (PID=28555) to work on /home/alan/repos/pipeline_airflow/pipeline-airflow-venv/lib/python3.11/site-packages/airflow/example_dags/example_complex.py
[2023-08-15T19:05:18.097-0300] {processor.py:826} INFO - Processing file /home/alan/repos/pipeline_airflow/pipeline-airflow-venv/lib/python3.11/site-packages/airflow/example_dags/example_complex.py for tasks to queue
[2023-08-15T19:05:18.098-0300] {logging_mixin.py:150} INFO - [2023-08-15T19:05:18.098-0300] {dagbag.py:541} INFO - Filling up the DagBag from /home/alan/repos/pipeline_airflow/pipeline-airflow-venv/lib/python3.11/site-packages/airflow/example_dags/example_complex.py
[2023-08-15T19:05:18.117-0300] {processor.py:836} INFO - DAG(s) dict_keys(['example_complex']) retrieved from /home/alan/repos/pipeline_airflow/pipeline-airflow-venv/lib/python3.11/site-packages/airflow/example_dags/example_complex.py
[2023-08-15T19:05:18.161-0300] {logging_mixin.py:150} INFO - [2023-08-15T19:05:18.161-0300] {dag.py:2742} INFO - Sync 1 DAGs
[2023-08-15T19:05:18.197-0300] {logging_mixin.py:150} INFO - [2023-08-15T19:05:18.197-0300] {dag.py:3504} INFO - Setting next_dagrun for example_complex to None, run_after=None
[2023-08-15T19:05:18.319-0300] {processor.py:179} INFO - Processing /home/alan/repos/pipeline_airflow/pipeline-airflow-venv/lib/python3.11/site-packages/airflow/example_dags/example_complex.py took 0.230 seconds
[2023-08-15T19:06:29.349-0300] {processor.py:157} INFO - Started process (PID=28783) to work on /home/alan/repos/pipeline_airflow/pipeline-airflow-venv/lib/python3.11/site-packages/airflow/example_dags/example_complex.py
[2023-08-15T19:06:29.351-0300] {processor.py:826} INFO - Processing file /home/alan/repos/pipeline_airflow/pipeline-airflow-venv/lib/python3.11/site-packages/airflow/example_dags/example_complex.py for tasks to queue
[2023-08-15T19:06:29.353-0300] {logging_mixin.py:150} INFO - [2023-08-15T19:06:29.352-0300] {dagbag.py:541} INFO - Filling up the DagBag from /home/alan/repos/pipeline_airflow/pipeline-airflow-venv/lib/python3.11/site-packages/airflow/example_dags/example_complex.py
[2023-08-15T19:06:29.375-0300] {processor.py:836} INFO - DAG(s) dict_keys(['example_complex']) retrieved from /home/alan/repos/pipeline_airflow/pipeline-airflow-venv/lib/python3.11/site-packages/airflow/example_dags/example_complex.py
[2023-08-15T19:06:29.421-0300] {logging_mixin.py:150} INFO - [2023-08-15T19:06:29.420-0300] {dag.py:2742} INFO - Sync 1 DAGs
[2023-08-15T19:06:29.455-0300] {logging_mixin.py:150} INFO - [2023-08-15T19:06:29.455-0300] {dag.py:3504} INFO - Setting next_dagrun for example_complex to None, run_after=None
[2023-08-15T19:06:29.577-0300] {processor.py:179} INFO - Processing /home/alan/repos/pipeline_airflow/pipeline-airflow-venv/lib/python3.11/site-packages/airflow/example_dags/example_complex.py took 0.235 seconds
[2023-08-15T19:07:29.601-0300] {processor.py:157} INFO - Started process (PID=28950) to work on /home/alan/repos/pipeline_airflow/pipeline-airflow-venv/lib/python3.11/site-packages/airflow/example_dags/example_complex.py
[2023-08-15T19:07:29.619-0300] {processor.py:826} INFO - Processing file /home/alan/repos/pipeline_airflow/pipeline-airflow-venv/lib/python3.11/site-packages/airflow/example_dags/example_complex.py for tasks to queue
[2023-08-15T19:07:29.623-0300] {logging_mixin.py:150} INFO - [2023-08-15T19:07:29.621-0300] {dagbag.py:541} INFO - Filling up the DagBag from /home/alan/repos/pipeline_airflow/pipeline-airflow-venv/lib/python3.11/site-packages/airflow/example_dags/example_complex.py
[2023-08-15T19:07:29.649-0300] {processor.py:836} INFO - DAG(s) dict_keys(['example_complex']) retrieved from /home/alan/repos/pipeline_airflow/pipeline-airflow-venv/lib/python3.11/site-packages/airflow/example_dags/example_complex.py
[2023-08-15T19:07:29.699-0300] {logging_mixin.py:150} INFO - [2023-08-15T19:07:29.698-0300] {dag.py:2742} INFO - Sync 1 DAGs
[2023-08-15T19:07:29.738-0300] {logging_mixin.py:150} INFO - [2023-08-15T19:07:29.738-0300] {dag.py:3504} INFO - Setting next_dagrun for example_complex to None, run_after=None
[2023-08-15T19:07:29.926-0300] {processor.py:179} INFO - Processing /home/alan/repos/pipeline_airflow/pipeline-airflow-venv/lib/python3.11/site-packages/airflow/example_dags/example_complex.py took 0.331 seconds
[2023-08-15T19:08:37.162-0300] {processor.py:157} INFO - Started process (PID=29226) to work on /home/alan/repos/pipeline_airflow/pipeline-airflow-venv/lib/python3.11/site-packages/airflow/example_dags/example_complex.py
[2023-08-15T19:08:37.178-0300] {processor.py:826} INFO - Processing file /home/alan/repos/pipeline_airflow/pipeline-airflow-venv/lib/python3.11/site-packages/airflow/example_dags/example_complex.py for tasks to queue
[2023-08-15T19:08:37.180-0300] {logging_mixin.py:150} INFO - [2023-08-15T19:08:37.179-0300] {dagbag.py:541} INFO - Filling up the DagBag from /home/alan/repos/pipeline_airflow/pipeline-airflow-venv/lib/python3.11/site-packages/airflow/example_dags/example_complex.py
[2023-08-15T19:08:37.201-0300] {processor.py:836} INFO - DAG(s) dict_keys(['example_complex']) retrieved from /home/alan/repos/pipeline_airflow/pipeline-airflow-venv/lib/python3.11/site-packages/airflow/example_dags/example_complex.py
[2023-08-15T19:08:37.267-0300] {logging_mixin.py:150} INFO - [2023-08-15T19:08:37.267-0300] {dag.py:2742} INFO - Sync 1 DAGs
[2023-08-15T19:08:37.306-0300] {logging_mixin.py:150} INFO - [2023-08-15T19:08:37.305-0300] {dag.py:3504} INFO - Setting next_dagrun for example_complex to None, run_after=None
[2023-08-15T19:08:37.415-0300] {processor.py:179} INFO - Processing /home/alan/repos/pipeline_airflow/pipeline-airflow-venv/lib/python3.11/site-packages/airflow/example_dags/example_complex.py took 0.259 seconds
[2023-08-15T19:09:38.380-0300] {processor.py:157} INFO - Started process (PID=29383) to work on /home/alan/repos/pipeline_airflow/pipeline-airflow-venv/lib/python3.11/site-packages/airflow/example_dags/example_complex.py
[2023-08-15T19:09:38.381-0300] {processor.py:826} INFO - Processing file /home/alan/repos/pipeline_airflow/pipeline-airflow-venv/lib/python3.11/site-packages/airflow/example_dags/example_complex.py for tasks to queue
[2023-08-15T19:09:38.383-0300] {logging_mixin.py:150} INFO - [2023-08-15T19:09:38.382-0300] {dagbag.py:541} INFO - Filling up the DagBag from /home/alan/repos/pipeline_airflow/pipeline-airflow-venv/lib/python3.11/site-packages/airflow/example_dags/example_complex.py
[2023-08-15T19:09:38.402-0300] {processor.py:836} INFO - DAG(s) dict_keys(['example_complex']) retrieved from /home/alan/repos/pipeline_airflow/pipeline-airflow-venv/lib/python3.11/site-packages/airflow/example_dags/example_complex.py
[2023-08-15T19:09:38.448-0300] {logging_mixin.py:150} INFO - [2023-08-15T19:09:38.447-0300] {dag.py:2742} INFO - Sync 1 DAGs
[2023-08-15T19:09:38.485-0300] {logging_mixin.py:150} INFO - [2023-08-15T19:09:38.485-0300] {dag.py:3504} INFO - Setting next_dagrun for example_complex to None, run_after=None
[2023-08-15T19:09:38.592-0300] {processor.py:179} INFO - Processing /home/alan/repos/pipeline_airflow/pipeline-airflow-venv/lib/python3.11/site-packages/airflow/example_dags/example_complex.py took 0.217 seconds
[2023-08-15T19:10:37.627-0300] {processor.py:157} INFO - Started process (PID=29543) to work on /home/alan/repos/pipeline_airflow/pipeline-airflow-venv/lib/python3.11/site-packages/airflow/example_dags/example_complex.py
[2023-08-15T19:10:37.641-0300] {processor.py:826} INFO - Processing file /home/alan/repos/pipeline_airflow/pipeline-airflow-venv/lib/python3.11/site-packages/airflow/example_dags/example_complex.py for tasks to queue
[2023-08-15T19:10:37.643-0300] {logging_mixin.py:150} INFO - [2023-08-15T19:10:37.642-0300] {dagbag.py:541} INFO - Filling up the DagBag from /home/alan/repos/pipeline_airflow/pipeline-airflow-venv/lib/python3.11/site-packages/airflow/example_dags/example_complex.py
[2023-08-15T19:10:37.664-0300] {processor.py:836} INFO - DAG(s) dict_keys(['example_complex']) retrieved from /home/alan/repos/pipeline_airflow/pipeline-airflow-venv/lib/python3.11/site-packages/airflow/example_dags/example_complex.py
[2023-08-15T19:10:37.714-0300] {logging_mixin.py:150} INFO - [2023-08-15T19:10:37.714-0300] {dag.py:2742} INFO - Sync 1 DAGs
[2023-08-15T19:10:37.790-0300] {logging_mixin.py:150} INFO - [2023-08-15T19:10:37.789-0300] {dag.py:3504} INFO - Setting next_dagrun for example_complex to None, run_after=None
[2023-08-15T19:10:38.043-0300] {processor.py:179} INFO - Processing /home/alan/repos/pipeline_airflow/pipeline-airflow-venv/lib/python3.11/site-packages/airflow/example_dags/example_complex.py took 0.421 seconds
[2023-08-15T19:11:39.924-0300] {processor.py:157} INFO - Started process (PID=29770) to work on /home/alan/repos/pipeline_airflow/pipeline-airflow-venv/lib/python3.11/site-packages/airflow/example_dags/example_complex.py
[2023-08-15T19:11:39.926-0300] {processor.py:826} INFO - Processing file /home/alan/repos/pipeline_airflow/pipeline-airflow-venv/lib/python3.11/site-packages/airflow/example_dags/example_complex.py for tasks to queue
[2023-08-15T19:11:39.928-0300] {logging_mixin.py:150} INFO - [2023-08-15T19:11:39.927-0300] {dagbag.py:541} INFO - Filling up the DagBag from /home/alan/repos/pipeline_airflow/pipeline-airflow-venv/lib/python3.11/site-packages/airflow/example_dags/example_complex.py
[2023-08-15T19:11:39.949-0300] {processor.py:836} INFO - DAG(s) dict_keys(['example_complex']) retrieved from /home/alan/repos/pipeline_airflow/pipeline-airflow-venv/lib/python3.11/site-packages/airflow/example_dags/example_complex.py
[2023-08-15T19:11:39.994-0300] {logging_mixin.py:150} INFO - [2023-08-15T19:11:39.994-0300] {dag.py:2742} INFO - Sync 1 DAGs
[2023-08-15T19:11:40.030-0300] {logging_mixin.py:150} INFO - [2023-08-15T19:11:40.029-0300] {dag.py:3504} INFO - Setting next_dagrun for example_complex to None, run_after=None
[2023-08-15T19:11:40.145-0300] {processor.py:179} INFO - Processing /home/alan/repos/pipeline_airflow/pipeline-airflow-venv/lib/python3.11/site-packages/airflow/example_dags/example_complex.py took 0.226 seconds
[2023-08-15T19:12:45.188-0300] {processor.py:157} INFO - Started process (PID=29972) to work on /home/alan/repos/pipeline_airflow/pipeline-airflow-venv/lib/python3.11/site-packages/airflow/example_dags/example_complex.py
[2023-08-15T19:12:45.190-0300] {processor.py:826} INFO - Processing file /home/alan/repos/pipeline_airflow/pipeline-airflow-venv/lib/python3.11/site-packages/airflow/example_dags/example_complex.py for tasks to queue
[2023-08-15T19:12:45.193-0300] {logging_mixin.py:150} INFO - [2023-08-15T19:12:45.192-0300] {dagbag.py:541} INFO - Filling up the DagBag from /home/alan/repos/pipeline_airflow/pipeline-airflow-venv/lib/python3.11/site-packages/airflow/example_dags/example_complex.py
[2023-08-15T19:12:45.213-0300] {processor.py:836} INFO - DAG(s) dict_keys(['example_complex']) retrieved from /home/alan/repos/pipeline_airflow/pipeline-airflow-venv/lib/python3.11/site-packages/airflow/example_dags/example_complex.py
[2023-08-15T19:12:45.261-0300] {logging_mixin.py:150} INFO - [2023-08-15T19:12:45.261-0300] {dag.py:2742} INFO - Sync 1 DAGs
[2023-08-15T19:12:45.306-0300] {logging_mixin.py:150} INFO - [2023-08-15T19:12:45.306-0300] {dag.py:3504} INFO - Setting next_dagrun for example_complex to None, run_after=None
[2023-08-15T19:12:45.420-0300] {processor.py:179} INFO - Processing /home/alan/repos/pipeline_airflow/pipeline-airflow-venv/lib/python3.11/site-packages/airflow/example_dags/example_complex.py took 0.237 seconds
[2023-08-15T19:13:44.904-0300] {processor.py:157} INFO - Started process (PID=30132) to work on /home/alan/repos/pipeline_airflow/pipeline-airflow-venv/lib/python3.11/site-packages/airflow/example_dags/example_complex.py
[2023-08-15T19:13:44.918-0300] {processor.py:826} INFO - Processing file /home/alan/repos/pipeline_airflow/pipeline-airflow-venv/lib/python3.11/site-packages/airflow/example_dags/example_complex.py for tasks to queue
[2023-08-15T19:13:44.920-0300] {logging_mixin.py:150} INFO - [2023-08-15T19:13:44.919-0300] {dagbag.py:541} INFO - Filling up the DagBag from /home/alan/repos/pipeline_airflow/pipeline-airflow-venv/lib/python3.11/site-packages/airflow/example_dags/example_complex.py
[2023-08-15T19:13:44.943-0300] {processor.py:836} INFO - DAG(s) dict_keys(['example_complex']) retrieved from /home/alan/repos/pipeline_airflow/pipeline-airflow-venv/lib/python3.11/site-packages/airflow/example_dags/example_complex.py
[2023-08-15T19:13:44.993-0300] {logging_mixin.py:150} INFO - [2023-08-15T19:13:44.992-0300] {dag.py:2742} INFO - Sync 1 DAGs
[2023-08-15T19:13:45.035-0300] {logging_mixin.py:150} INFO - [2023-08-15T19:13:45.035-0300] {dag.py:3504} INFO - Setting next_dagrun for example_complex to None, run_after=None
[2023-08-15T19:13:45.153-0300] {processor.py:179} INFO - Processing /home/alan/repos/pipeline_airflow/pipeline-airflow-venv/lib/python3.11/site-packages/airflow/example_dags/example_complex.py took 0.255 seconds
[2023-08-15T19:14:45.730-0300] {processor.py:157} INFO - Started process (PID=30286) to work on /home/alan/repos/pipeline_airflow/pipeline-airflow-venv/lib/python3.11/site-packages/airflow/example_dags/example_complex.py
[2023-08-15T19:14:45.732-0300] {processor.py:826} INFO - Processing file /home/alan/repos/pipeline_airflow/pipeline-airflow-venv/lib/python3.11/site-packages/airflow/example_dags/example_complex.py for tasks to queue
[2023-08-15T19:14:45.734-0300] {logging_mixin.py:150} INFO - [2023-08-15T19:14:45.733-0300] {dagbag.py:541} INFO - Filling up the DagBag from /home/alan/repos/pipeline_airflow/pipeline-airflow-venv/lib/python3.11/site-packages/airflow/example_dags/example_complex.py
[2023-08-15T19:14:45.756-0300] {processor.py:836} INFO - DAG(s) dict_keys(['example_complex']) retrieved from /home/alan/repos/pipeline_airflow/pipeline-airflow-venv/lib/python3.11/site-packages/airflow/example_dags/example_complex.py
[2023-08-15T19:14:45.805-0300] {logging_mixin.py:150} INFO - [2023-08-15T19:14:45.805-0300] {dag.py:2742} INFO - Sync 1 DAGs
[2023-08-15T19:14:45.852-0300] {logging_mixin.py:150} INFO - [2023-08-15T19:14:45.852-0300] {dag.py:3504} INFO - Setting next_dagrun for example_complex to None, run_after=None
[2023-08-15T19:14:45.981-0300] {processor.py:179} INFO - Processing /home/alan/repos/pipeline_airflow/pipeline-airflow-venv/lib/python3.11/site-packages/airflow/example_dags/example_complex.py took 0.256 seconds
[2023-08-15T19:16:07.608-0300] {processor.py:157} INFO - Started process (PID=30499) to work on /home/alan/repos/pipeline_airflow/pipeline-airflow-venv/lib/python3.11/site-packages/airflow/example_dags/example_complex.py
[2023-08-15T19:16:07.610-0300] {processor.py:826} INFO - Processing file /home/alan/repos/pipeline_airflow/pipeline-airflow-venv/lib/python3.11/site-packages/airflow/example_dags/example_complex.py for tasks to queue
[2023-08-15T19:16:07.612-0300] {logging_mixin.py:150} INFO - [2023-08-15T19:16:07.611-0300] {dagbag.py:541} INFO - Filling up the DagBag from /home/alan/repos/pipeline_airflow/pipeline-airflow-venv/lib/python3.11/site-packages/airflow/example_dags/example_complex.py
[2023-08-15T19:16:07.635-0300] {processor.py:836} INFO - DAG(s) dict_keys(['example_complex']) retrieved from /home/alan/repos/pipeline_airflow/pipeline-airflow-venv/lib/python3.11/site-packages/airflow/example_dags/example_complex.py
[2023-08-15T19:16:07.683-0300] {logging_mixin.py:150} INFO - [2023-08-15T19:16:07.683-0300] {dag.py:2742} INFO - Sync 1 DAGs
[2023-08-15T19:16:07.718-0300] {logging_mixin.py:150} INFO - [2023-08-15T19:16:07.718-0300] {dag.py:3504} INFO - Setting next_dagrun for example_complex to None, run_after=None
[2023-08-15T19:16:07.820-0300] {processor.py:179} INFO - Processing /home/alan/repos/pipeline_airflow/pipeline-airflow-venv/lib/python3.11/site-packages/airflow/example_dags/example_complex.py took 0.219 seconds
[2023-08-15T19:17:06.798-0300] {processor.py:157} INFO - Started process (PID=30664) to work on /home/alan/repos/pipeline_airflow/pipeline-airflow-venv/lib/python3.11/site-packages/airflow/example_dags/example_complex.py
[2023-08-15T19:17:06.812-0300] {processor.py:826} INFO - Processing file /home/alan/repos/pipeline_airflow/pipeline-airflow-venv/lib/python3.11/site-packages/airflow/example_dags/example_complex.py for tasks to queue
[2023-08-15T19:17:06.814-0300] {logging_mixin.py:150} INFO - [2023-08-15T19:17:06.813-0300] {dagbag.py:541} INFO - Filling up the DagBag from /home/alan/repos/pipeline_airflow/pipeline-airflow-venv/lib/python3.11/site-packages/airflow/example_dags/example_complex.py
[2023-08-15T19:17:06.836-0300] {processor.py:836} INFO - DAG(s) dict_keys(['example_complex']) retrieved from /home/alan/repos/pipeline_airflow/pipeline-airflow-venv/lib/python3.11/site-packages/airflow/example_dags/example_complex.py
[2023-08-15T19:17:06.883-0300] {logging_mixin.py:150} INFO - [2023-08-15T19:17:06.883-0300] {dag.py:2742} INFO - Sync 1 DAGs
[2023-08-15T19:17:06.920-0300] {logging_mixin.py:150} INFO - [2023-08-15T19:17:06.919-0300] {dag.py:3504} INFO - Setting next_dagrun for example_complex to None, run_after=None
[2023-08-15T19:17:07.023-0300] {processor.py:179} INFO - Processing /home/alan/repos/pipeline_airflow/pipeline-airflow-venv/lib/python3.11/site-packages/airflow/example_dags/example_complex.py took 0.230 seconds
[2023-08-15T19:18:08.756-0300] {processor.py:157} INFO - Started process (PID=30816) to work on /home/alan/repos/pipeline_airflow/pipeline-airflow-venv/lib/python3.11/site-packages/airflow/example_dags/example_complex.py
[2023-08-15T19:18:08.758-0300] {processor.py:826} INFO - Processing file /home/alan/repos/pipeline_airflow/pipeline-airflow-venv/lib/python3.11/site-packages/airflow/example_dags/example_complex.py for tasks to queue
[2023-08-15T19:18:08.759-0300] {logging_mixin.py:150} INFO - [2023-08-15T19:18:08.759-0300] {dagbag.py:541} INFO - Filling up the DagBag from /home/alan/repos/pipeline_airflow/pipeline-airflow-venv/lib/python3.11/site-packages/airflow/example_dags/example_complex.py
[2023-08-15T19:18:08.782-0300] {processor.py:836} INFO - DAG(s) dict_keys(['example_complex']) retrieved from /home/alan/repos/pipeline_airflow/pipeline-airflow-venv/lib/python3.11/site-packages/airflow/example_dags/example_complex.py
[2023-08-15T19:18:08.827-0300] {logging_mixin.py:150} INFO - [2023-08-15T19:18:08.827-0300] {dag.py:2742} INFO - Sync 1 DAGs
[2023-08-15T19:18:08.862-0300] {logging_mixin.py:150} INFO - [2023-08-15T19:18:08.862-0300] {dag.py:3504} INFO - Setting next_dagrun for example_complex to None, run_after=None
[2023-08-15T19:18:08.979-0300] {processor.py:179} INFO - Processing /home/alan/repos/pipeline_airflow/pipeline-airflow-venv/lib/python3.11/site-packages/airflow/example_dags/example_complex.py took 0.230 seconds
[2023-08-15T19:19:05.529-0300] {processor.py:157} INFO - Started process (PID=30965) to work on /home/alan/repos/pipeline_airflow/pipeline-airflow-venv/lib/python3.11/site-packages/airflow/example_dags/example_complex.py
[2023-08-15T19:19:05.537-0300] {processor.py:826} INFO - Processing file /home/alan/repos/pipeline_airflow/pipeline-airflow-venv/lib/python3.11/site-packages/airflow/example_dags/example_complex.py for tasks to queue
[2023-08-15T19:19:05.539-0300] {logging_mixin.py:150} INFO - [2023-08-15T19:19:05.538-0300] {dagbag.py:541} INFO - Filling up the DagBag from /home/alan/repos/pipeline_airflow/pipeline-airflow-venv/lib/python3.11/site-packages/airflow/example_dags/example_complex.py
[2023-08-15T19:19:05.562-0300] {processor.py:836} INFO - DAG(s) dict_keys(['example_complex']) retrieved from /home/alan/repos/pipeline_airflow/pipeline-airflow-venv/lib/python3.11/site-packages/airflow/example_dags/example_complex.py
[2023-08-15T19:19:05.620-0300] {logging_mixin.py:150} INFO - [2023-08-15T19:19:05.620-0300] {dag.py:2742} INFO - Sync 1 DAGs
[2023-08-15T19:19:05.661-0300] {logging_mixin.py:150} INFO - [2023-08-15T19:19:05.661-0300] {dag.py:3504} INFO - Setting next_dagrun for example_complex to None, run_after=None
[2023-08-15T19:19:05.770-0300] {processor.py:179} INFO - Processing /home/alan/repos/pipeline_airflow/pipeline-airflow-venv/lib/python3.11/site-packages/airflow/example_dags/example_complex.py took 0.249 seconds
[2023-08-15T19:20:01.501-0300] {processor.py:157} INFO - Started process (PID=31106) to work on /home/alan/repos/pipeline_airflow/pipeline-airflow-venv/lib/python3.11/site-packages/airflow/example_dags/example_complex.py
[2023-08-15T19:20:01.520-0300] {processor.py:826} INFO - Processing file /home/alan/repos/pipeline_airflow/pipeline-airflow-venv/lib/python3.11/site-packages/airflow/example_dags/example_complex.py for tasks to queue
[2023-08-15T19:20:01.522-0300] {logging_mixin.py:150} INFO - [2023-08-15T19:20:01.521-0300] {dagbag.py:541} INFO - Filling up the DagBag from /home/alan/repos/pipeline_airflow/pipeline-airflow-venv/lib/python3.11/site-packages/airflow/example_dags/example_complex.py
[2023-08-15T19:20:01.546-0300] {processor.py:836} INFO - DAG(s) dict_keys(['example_complex']) retrieved from /home/alan/repos/pipeline_airflow/pipeline-airflow-venv/lib/python3.11/site-packages/airflow/example_dags/example_complex.py
[2023-08-15T19:20:01.608-0300] {logging_mixin.py:150} INFO - [2023-08-15T19:20:01.608-0300] {dag.py:2742} INFO - Sync 1 DAGs
[2023-08-15T19:20:01.647-0300] {logging_mixin.py:150} INFO - [2023-08-15T19:20:01.647-0300] {dag.py:3504} INFO - Setting next_dagrun for example_complex to None, run_after=None
[2023-08-15T19:20:01.769-0300] {processor.py:179} INFO - Processing /home/alan/repos/pipeline_airflow/pipeline-airflow-venv/lib/python3.11/site-packages/airflow/example_dags/example_complex.py took 0.274 seconds
[2023-08-15T19:21:12.172-0300] {processor.py:157} INFO - Started process (PID=31455) to work on /home/alan/repos/pipeline_airflow/pipeline-airflow-venv/lib/python3.11/site-packages/airflow/example_dags/example_complex.py
[2023-08-15T19:21:12.180-0300] {processor.py:826} INFO - Processing file /home/alan/repos/pipeline_airflow/pipeline-airflow-venv/lib/python3.11/site-packages/airflow/example_dags/example_complex.py for tasks to queue
[2023-08-15T19:21:12.182-0300] {logging_mixin.py:150} INFO - [2023-08-15T19:21:12.181-0300] {dagbag.py:541} INFO - Filling up the DagBag from /home/alan/repos/pipeline_airflow/pipeline-airflow-venv/lib/python3.11/site-packages/airflow/example_dags/example_complex.py
[2023-08-15T19:21:12.202-0300] {processor.py:836} INFO - DAG(s) dict_keys(['example_complex']) retrieved from /home/alan/repos/pipeline_airflow/pipeline-airflow-venv/lib/python3.11/site-packages/airflow/example_dags/example_complex.py
[2023-08-15T19:21:12.255-0300] {logging_mixin.py:150} INFO - [2023-08-15T19:21:12.254-0300] {dag.py:2742} INFO - Sync 1 DAGs
[2023-08-15T19:21:12.310-0300] {logging_mixin.py:150} INFO - [2023-08-15T19:21:12.309-0300] {dag.py:3504} INFO - Setting next_dagrun for example_complex to None, run_after=None
[2023-08-15T19:21:12.422-0300] {processor.py:179} INFO - Processing /home/alan/repos/pipeline_airflow/pipeline-airflow-venv/lib/python3.11/site-packages/airflow/example_dags/example_complex.py took 0.256 seconds
