[2023-08-15T18:19:59.519-0300] {processor.py:157} INFO - Started process (PID=18397) to work on /home/alan/repos/pipeline_airflow/pipeline-airflow-venv/lib/python3.11/site-packages/airflow/example_dags/example_python_operator.py
[2023-08-15T18:19:59.521-0300] {processor.py:826} INFO - Processing file /home/alan/repos/pipeline_airflow/pipeline-airflow-venv/lib/python3.11/site-packages/airflow/example_dags/example_python_operator.py for tasks to queue
[2023-08-15T18:19:59.522-0300] {logging_mixin.py:150} INFO - [2023-08-15T18:19:59.522-0300] {dagbag.py:541} INFO - Filling up the DagBag from /home/alan/repos/pipeline_airflow/pipeline-airflow-venv/lib/python3.11/site-packages/airflow/example_dags/example_python_operator.py
[2023-08-15T18:19:59.538-0300] {logging_mixin.py:150} INFO - [2023-08-15T18:19:59.538-0300] {example_python_operator.py:90} WARNING - The virtalenv_python example task requires virtualenv, please install it.
[2023-08-15T18:19:59.539-0300] {processor.py:836} INFO - DAG(s) dict_keys(['example_python_operator']) retrieved from /home/alan/repos/pipeline_airflow/pipeline-airflow-venv/lib/python3.11/site-packages/airflow/example_dags/example_python_operator.py
[2023-08-15T18:19:59.919-0300] {logging_mixin.py:150} INFO - [2023-08-15T18:19:59.918-0300] {manager.py:504} INFO - Created Permission View: can delete on DAG:example_python_operator
[2023-08-15T18:20:00.007-0300] {logging_mixin.py:150} INFO - [2023-08-15T18:20:00.007-0300] {manager.py:504} INFO - Created Permission View: can edit on DAG:example_python_operator
[2023-08-15T18:20:00.174-0300] {logging_mixin.py:150} INFO - [2023-08-15T18:20:00.173-0300] {manager.py:504} INFO - Created Permission View: can read on DAG:example_python_operator
[2023-08-15T18:20:00.217-0300] {logging_mixin.py:150} INFO - [2023-08-15T18:20:00.217-0300] {dag.py:2742} INFO - Sync 1 DAGs
[2023-08-15T18:20:00.241-0300] {logging_mixin.py:150} INFO - [2023-08-15T18:20:00.240-0300] {dag.py:2763} INFO - Creating ORM DAG for example_python_operator
[2023-08-15T18:20:00.260-0300] {logging_mixin.py:150} INFO - [2023-08-15T18:20:00.260-0300] {dag.py:3504} INFO - Setting next_dagrun for example_python_operator to None, run_after=None
[2023-08-15T18:20:00.424-0300] {processor.py:179} INFO - Processing /home/alan/repos/pipeline_airflow/pipeline-airflow-venv/lib/python3.11/site-packages/airflow/example_dags/example_python_operator.py took 0.910 seconds
[2023-08-15T18:21:15.106-0300] {processor.py:157} INFO - Started process (PID=18871) to work on /home/alan/repos/pipeline_airflow/pipeline-airflow-venv/lib/python3.11/site-packages/airflow/example_dags/example_python_operator.py
[2023-08-15T18:21:15.108-0300] {processor.py:826} INFO - Processing file /home/alan/repos/pipeline_airflow/pipeline-airflow-venv/lib/python3.11/site-packages/airflow/example_dags/example_python_operator.py for tasks to queue
[2023-08-15T18:21:15.109-0300] {logging_mixin.py:150} INFO - [2023-08-15T18:21:15.109-0300] {dagbag.py:541} INFO - Filling up the DagBag from /home/alan/repos/pipeline_airflow/pipeline-airflow-venv/lib/python3.11/site-packages/airflow/example_dags/example_python_operator.py
[2023-08-15T18:21:15.124-0300] {logging_mixin.py:150} INFO - [2023-08-15T18:21:15.124-0300] {example_python_operator.py:90} WARNING - The virtalenv_python example task requires virtualenv, please install it.
[2023-08-15T18:21:15.125-0300] {processor.py:836} INFO - DAG(s) dict_keys(['example_python_operator']) retrieved from /home/alan/repos/pipeline_airflow/pipeline-airflow-venv/lib/python3.11/site-packages/airflow/example_dags/example_python_operator.py
[2023-08-15T18:21:15.155-0300] {logging_mixin.py:150} INFO - [2023-08-15T18:21:15.155-0300] {dag.py:2742} INFO - Sync 1 DAGs
[2023-08-15T18:21:15.189-0300] {logging_mixin.py:150} INFO - [2023-08-15T18:21:15.189-0300] {dag.py:3504} INFO - Setting next_dagrun for example_python_operator to None, run_after=None
[2023-08-15T18:21:15.298-0300] {processor.py:179} INFO - Processing /home/alan/repos/pipeline_airflow/pipeline-airflow-venv/lib/python3.11/site-packages/airflow/example_dags/example_python_operator.py took 0.197 seconds
[2023-08-15T18:22:11.482-0300] {processor.py:157} INFO - Started process (PID=19074) to work on /home/alan/repos/pipeline_airflow/pipeline-airflow-venv/lib/python3.11/site-packages/airflow/example_dags/example_python_operator.py
[2023-08-15T18:22:11.483-0300] {processor.py:826} INFO - Processing file /home/alan/repos/pipeline_airflow/pipeline-airflow-venv/lib/python3.11/site-packages/airflow/example_dags/example_python_operator.py for tasks to queue
[2023-08-15T18:22:11.485-0300] {logging_mixin.py:150} INFO - [2023-08-15T18:22:11.484-0300] {dagbag.py:541} INFO - Filling up the DagBag from /home/alan/repos/pipeline_airflow/pipeline-airflow-venv/lib/python3.11/site-packages/airflow/example_dags/example_python_operator.py
[2023-08-15T18:22:11.500-0300] {logging_mixin.py:150} INFO - [2023-08-15T18:22:11.500-0300] {example_python_operator.py:90} WARNING - The virtalenv_python example task requires virtualenv, please install it.
[2023-08-15T18:22:11.501-0300] {processor.py:836} INFO - DAG(s) dict_keys(['example_python_operator']) retrieved from /home/alan/repos/pipeline_airflow/pipeline-airflow-venv/lib/python3.11/site-packages/airflow/example_dags/example_python_operator.py
[2023-08-15T18:22:11.534-0300] {logging_mixin.py:150} INFO - [2023-08-15T18:22:11.533-0300] {dag.py:2742} INFO - Sync 1 DAGs
[2023-08-15T18:22:11.571-0300] {logging_mixin.py:150} INFO - [2023-08-15T18:22:11.570-0300] {dag.py:3504} INFO - Setting next_dagrun for example_python_operator to None, run_after=None
[2023-08-15T18:22:11.705-0300] {processor.py:179} INFO - Processing /home/alan/repos/pipeline_airflow/pipeline-airflow-venv/lib/python3.11/site-packages/airflow/example_dags/example_python_operator.py took 0.228 seconds
[2023-08-15T18:23:19.579-0300] {processor.py:157} INFO - Started process (PID=19308) to work on /home/alan/repos/pipeline_airflow/pipeline-airflow-venv/lib/python3.11/site-packages/airflow/example_dags/example_python_operator.py
[2023-08-15T18:23:19.592-0300] {processor.py:826} INFO - Processing file /home/alan/repos/pipeline_airflow/pipeline-airflow-venv/lib/python3.11/site-packages/airflow/example_dags/example_python_operator.py for tasks to queue
[2023-08-15T18:23:19.593-0300] {logging_mixin.py:150} INFO - [2023-08-15T18:23:19.593-0300] {dagbag.py:541} INFO - Filling up the DagBag from /home/alan/repos/pipeline_airflow/pipeline-airflow-venv/lib/python3.11/site-packages/airflow/example_dags/example_python_operator.py
[2023-08-15T18:23:19.610-0300] {logging_mixin.py:150} INFO - [2023-08-15T18:23:19.610-0300] {example_python_operator.py:90} WARNING - The virtalenv_python example task requires virtualenv, please install it.
[2023-08-15T18:23:19.611-0300] {processor.py:836} INFO - DAG(s) dict_keys(['example_python_operator']) retrieved from /home/alan/repos/pipeline_airflow/pipeline-airflow-venv/lib/python3.11/site-packages/airflow/example_dags/example_python_operator.py
[2023-08-15T18:23:19.644-0300] {logging_mixin.py:150} INFO - [2023-08-15T18:23:19.644-0300] {dag.py:2742} INFO - Sync 1 DAGs
[2023-08-15T18:23:19.678-0300] {logging_mixin.py:150} INFO - [2023-08-15T18:23:19.678-0300] {dag.py:3504} INFO - Setting next_dagrun for example_python_operator to None, run_after=None
[2023-08-15T18:23:19.949-0300] {processor.py:179} INFO - Processing /home/alan/repos/pipeline_airflow/pipeline-airflow-venv/lib/python3.11/site-packages/airflow/example_dags/example_python_operator.py took 0.376 seconds
[2023-08-15T18:24:27.146-0300] {processor.py:157} INFO - Started process (PID=19595) to work on /home/alan/repos/pipeline_airflow/pipeline-airflow-venv/lib/python3.11/site-packages/airflow/example_dags/example_python_operator.py
[2023-08-15T18:24:27.162-0300] {processor.py:826} INFO - Processing file /home/alan/repos/pipeline_airflow/pipeline-airflow-venv/lib/python3.11/site-packages/airflow/example_dags/example_python_operator.py for tasks to queue
[2023-08-15T18:24:27.163-0300] {logging_mixin.py:150} INFO - [2023-08-15T18:24:27.163-0300] {dagbag.py:541} INFO - Filling up the DagBag from /home/alan/repos/pipeline_airflow/pipeline-airflow-venv/lib/python3.11/site-packages/airflow/example_dags/example_python_operator.py
[2023-08-15T18:24:27.211-0300] {logging_mixin.py:150} INFO - [2023-08-15T18:24:27.211-0300] {example_python_operator.py:90} WARNING - The virtalenv_python example task requires virtualenv, please install it.
[2023-08-15T18:24:27.212-0300] {processor.py:836} INFO - DAG(s) dict_keys(['example_python_operator']) retrieved from /home/alan/repos/pipeline_airflow/pipeline-airflow-venv/lib/python3.11/site-packages/airflow/example_dags/example_python_operator.py
[2023-08-15T18:24:27.477-0300] {logging_mixin.py:150} INFO - [2023-08-15T18:24:27.477-0300] {dag.py:2742} INFO - Sync 1 DAGs
[2023-08-15T18:24:27.512-0300] {logging_mixin.py:150} INFO - [2023-08-15T18:24:27.511-0300] {dag.py:3504} INFO - Setting next_dagrun for example_python_operator to None, run_after=None
[2023-08-15T18:24:28.003-0300] {processor.py:179} INFO - Processing /home/alan/repos/pipeline_airflow/pipeline-airflow-venv/lib/python3.11/site-packages/airflow/example_dags/example_python_operator.py took 0.868 seconds
[2023-08-15T18:26:39.463-0300] {processor.py:157} INFO - Started process (PID=20767) to work on /home/alan/repos/pipeline_airflow/pipeline-airflow-venv/lib/python3.11/site-packages/airflow/example_dags/example_python_operator.py
[2023-08-15T18:26:39.475-0300] {processor.py:826} INFO - Processing file /home/alan/repos/pipeline_airflow/pipeline-airflow-venv/lib/python3.11/site-packages/airflow/example_dags/example_python_operator.py for tasks to queue
[2023-08-15T18:26:39.477-0300] {logging_mixin.py:150} INFO - [2023-08-15T18:26:39.476-0300] {dagbag.py:541} INFO - Filling up the DagBag from /home/alan/repos/pipeline_airflow/pipeline-airflow-venv/lib/python3.11/site-packages/airflow/example_dags/example_python_operator.py
[2023-08-15T18:26:39.503-0300] {logging_mixin.py:150} INFO - [2023-08-15T18:26:39.502-0300] {example_python_operator.py:90} WARNING - The virtalenv_python example task requires virtualenv, please install it.
[2023-08-15T18:26:39.504-0300] {processor.py:836} INFO - DAG(s) dict_keys(['example_python_operator']) retrieved from /home/alan/repos/pipeline_airflow/pipeline-airflow-venv/lib/python3.11/site-packages/airflow/example_dags/example_python_operator.py
[2023-08-15T18:26:39.537-0300] {logging_mixin.py:150} INFO - [2023-08-15T18:26:39.537-0300] {dag.py:2742} INFO - Sync 1 DAGs
[2023-08-15T18:26:39.573-0300] {logging_mixin.py:150} INFO - [2023-08-15T18:26:39.573-0300] {dag.py:3504} INFO - Setting next_dagrun for example_python_operator to None, run_after=None
[2023-08-15T18:26:39.704-0300] {processor.py:179} INFO - Processing /home/alan/repos/pipeline_airflow/pipeline-airflow-venv/lib/python3.11/site-packages/airflow/example_dags/example_python_operator.py took 0.246 seconds
[2023-08-15T18:27:42.831-0300] {processor.py:157} INFO - Started process (PID=20998) to work on /home/alan/repos/pipeline_airflow/pipeline-airflow-venv/lib/python3.11/site-packages/airflow/example_dags/example_python_operator.py
[2023-08-15T18:27:42.872-0300] {processor.py:826} INFO - Processing file /home/alan/repos/pipeline_airflow/pipeline-airflow-venv/lib/python3.11/site-packages/airflow/example_dags/example_python_operator.py for tasks to queue
[2023-08-15T18:27:42.874-0300] {logging_mixin.py:150} INFO - [2023-08-15T18:27:42.873-0300] {dagbag.py:541} INFO - Filling up the DagBag from /home/alan/repos/pipeline_airflow/pipeline-airflow-venv/lib/python3.11/site-packages/airflow/example_dags/example_python_operator.py
[2023-08-15T18:27:42.892-0300] {logging_mixin.py:150} INFO - [2023-08-15T18:27:42.892-0300] {example_python_operator.py:90} WARNING - The virtalenv_python example task requires virtualenv, please install it.
[2023-08-15T18:27:42.894-0300] {processor.py:836} INFO - DAG(s) dict_keys(['example_python_operator']) retrieved from /home/alan/repos/pipeline_airflow/pipeline-airflow-venv/lib/python3.11/site-packages/airflow/example_dags/example_python_operator.py
[2023-08-15T18:27:42.930-0300] {logging_mixin.py:150} INFO - [2023-08-15T18:27:42.930-0300] {dag.py:2742} INFO - Sync 1 DAGs
[2023-08-15T18:27:42.979-0300] {logging_mixin.py:150} INFO - [2023-08-15T18:27:42.979-0300] {dag.py:3504} INFO - Setting next_dagrun for example_python_operator to None, run_after=None
[2023-08-15T18:27:43.125-0300] {processor.py:179} INFO - Processing /home/alan/repos/pipeline_airflow/pipeline-airflow-venv/lib/python3.11/site-packages/airflow/example_dags/example_python_operator.py took 0.299 seconds
[2023-08-15T18:28:41.782-0300] {processor.py:157} INFO - Started process (PID=21242) to work on /home/alan/repos/pipeline_airflow/pipeline-airflow-venv/lib/python3.11/site-packages/airflow/example_dags/example_python_operator.py
[2023-08-15T18:28:41.786-0300] {processor.py:826} INFO - Processing file /home/alan/repos/pipeline_airflow/pipeline-airflow-venv/lib/python3.11/site-packages/airflow/example_dags/example_python_operator.py for tasks to queue
[2023-08-15T18:28:41.788-0300] {logging_mixin.py:150} INFO - [2023-08-15T18:28:41.787-0300] {dagbag.py:541} INFO - Filling up the DagBag from /home/alan/repos/pipeline_airflow/pipeline-airflow-venv/lib/python3.11/site-packages/airflow/example_dags/example_python_operator.py
[2023-08-15T18:28:41.809-0300] {logging_mixin.py:150} INFO - [2023-08-15T18:28:41.808-0300] {example_python_operator.py:90} WARNING - The virtalenv_python example task requires virtualenv, please install it.
[2023-08-15T18:28:41.810-0300] {processor.py:836} INFO - DAG(s) dict_keys(['example_python_operator']) retrieved from /home/alan/repos/pipeline_airflow/pipeline-airflow-venv/lib/python3.11/site-packages/airflow/example_dags/example_python_operator.py
[2023-08-15T18:28:41.854-0300] {logging_mixin.py:150} INFO - [2023-08-15T18:28:41.854-0300] {dag.py:2742} INFO - Sync 1 DAGs
[2023-08-15T18:28:41.935-0300] {logging_mixin.py:150} INFO - [2023-08-15T18:28:41.935-0300] {dag.py:3504} INFO - Setting next_dagrun for example_python_operator to None, run_after=None
[2023-08-15T18:28:42.226-0300] {processor.py:179} INFO - Processing /home/alan/repos/pipeline_airflow/pipeline-airflow-venv/lib/python3.11/site-packages/airflow/example_dags/example_python_operator.py took 0.451 seconds
[2023-08-15T18:29:43.965-0300] {processor.py:157} INFO - Started process (PID=21468) to work on /home/alan/repos/pipeline_airflow/pipeline-airflow-venv/lib/python3.11/site-packages/airflow/example_dags/example_python_operator.py
[2023-08-15T18:29:43.967-0300] {processor.py:826} INFO - Processing file /home/alan/repos/pipeline_airflow/pipeline-airflow-venv/lib/python3.11/site-packages/airflow/example_dags/example_python_operator.py for tasks to queue
[2023-08-15T18:29:43.968-0300] {logging_mixin.py:150} INFO - [2023-08-15T18:29:43.967-0300] {dagbag.py:541} INFO - Filling up the DagBag from /home/alan/repos/pipeline_airflow/pipeline-airflow-venv/lib/python3.11/site-packages/airflow/example_dags/example_python_operator.py
[2023-08-15T18:29:43.985-0300] {logging_mixin.py:150} INFO - [2023-08-15T18:29:43.985-0300] {example_python_operator.py:90} WARNING - The virtalenv_python example task requires virtualenv, please install it.
[2023-08-15T18:29:43.986-0300] {processor.py:836} INFO - DAG(s) dict_keys(['example_python_operator']) retrieved from /home/alan/repos/pipeline_airflow/pipeline-airflow-venv/lib/python3.11/site-packages/airflow/example_dags/example_python_operator.py
[2023-08-15T18:29:44.017-0300] {logging_mixin.py:150} INFO - [2023-08-15T18:29:44.017-0300] {dag.py:2742} INFO - Sync 1 DAGs
[2023-08-15T18:29:44.051-0300] {logging_mixin.py:150} INFO - [2023-08-15T18:29:44.051-0300] {dag.py:3504} INFO - Setting next_dagrun for example_python_operator to None, run_after=None
[2023-08-15T18:29:44.246-0300] {processor.py:179} INFO - Processing /home/alan/repos/pipeline_airflow/pipeline-airflow-venv/lib/python3.11/site-packages/airflow/example_dags/example_python_operator.py took 0.287 seconds
[2023-08-15T18:30:40.545-0300] {processor.py:157} INFO - Started process (PID=21687) to work on /home/alan/repos/pipeline_airflow/pipeline-airflow-venv/lib/python3.11/site-packages/airflow/example_dags/example_python_operator.py
[2023-08-15T18:30:40.547-0300] {processor.py:826} INFO - Processing file /home/alan/repos/pipeline_airflow/pipeline-airflow-venv/lib/python3.11/site-packages/airflow/example_dags/example_python_operator.py for tasks to queue
[2023-08-15T18:30:40.548-0300] {logging_mixin.py:150} INFO - [2023-08-15T18:30:40.548-0300] {dagbag.py:541} INFO - Filling up the DagBag from /home/alan/repos/pipeline_airflow/pipeline-airflow-venv/lib/python3.11/site-packages/airflow/example_dags/example_python_operator.py
[2023-08-15T18:30:40.565-0300] {logging_mixin.py:150} INFO - [2023-08-15T18:30:40.565-0300] {example_python_operator.py:90} WARNING - The virtalenv_python example task requires virtualenv, please install it.
[2023-08-15T18:30:40.566-0300] {processor.py:836} INFO - DAG(s) dict_keys(['example_python_operator']) retrieved from /home/alan/repos/pipeline_airflow/pipeline-airflow-venv/lib/python3.11/site-packages/airflow/example_dags/example_python_operator.py
[2023-08-15T18:30:40.598-0300] {logging_mixin.py:150} INFO - [2023-08-15T18:30:40.598-0300] {dag.py:2742} INFO - Sync 1 DAGs
[2023-08-15T18:30:40.634-0300] {logging_mixin.py:150} INFO - [2023-08-15T18:30:40.633-0300] {dag.py:3504} INFO - Setting next_dagrun for example_python_operator to None, run_after=None
[2023-08-15T18:30:40.743-0300] {processor.py:179} INFO - Processing /home/alan/repos/pipeline_airflow/pipeline-airflow-venv/lib/python3.11/site-packages/airflow/example_dags/example_python_operator.py took 0.204 seconds
[2023-08-15T18:31:36.543-0300] {processor.py:157} INFO - Started process (PID=21877) to work on /home/alan/repos/pipeline_airflow/pipeline-airflow-venv/lib/python3.11/site-packages/airflow/example_dags/example_python_operator.py
[2023-08-15T18:31:36.547-0300] {processor.py:826} INFO - Processing file /home/alan/repos/pipeline_airflow/pipeline-airflow-venv/lib/python3.11/site-packages/airflow/example_dags/example_python_operator.py for tasks to queue
[2023-08-15T18:31:36.549-0300] {logging_mixin.py:150} INFO - [2023-08-15T18:31:36.548-0300] {dagbag.py:541} INFO - Filling up the DagBag from /home/alan/repos/pipeline_airflow/pipeline-airflow-venv/lib/python3.11/site-packages/airflow/example_dags/example_python_operator.py
[2023-08-15T18:31:36.585-0300] {logging_mixin.py:150} INFO - [2023-08-15T18:31:36.585-0300] {example_python_operator.py:90} WARNING - The virtalenv_python example task requires virtualenv, please install it.
[2023-08-15T18:31:36.586-0300] {processor.py:836} INFO - DAG(s) dict_keys(['example_python_operator']) retrieved from /home/alan/repos/pipeline_airflow/pipeline-airflow-venv/lib/python3.11/site-packages/airflow/example_dags/example_python_operator.py
[2023-08-15T18:31:36.648-0300] {logging_mixin.py:150} INFO - [2023-08-15T18:31:36.648-0300] {dag.py:2742} INFO - Sync 1 DAGs
[2023-08-15T18:31:36.699-0300] {logging_mixin.py:150} INFO - [2023-08-15T18:31:36.698-0300] {dag.py:3504} INFO - Setting next_dagrun for example_python_operator to None, run_after=None
[2023-08-15T18:31:36.851-0300] {processor.py:179} INFO - Processing /home/alan/repos/pipeline_airflow/pipeline-airflow-venv/lib/python3.11/site-packages/airflow/example_dags/example_python_operator.py took 0.318 seconds
[2023-08-15T18:32:32.879-0300] {processor.py:157} INFO - Started process (PID=22097) to work on /home/alan/repos/pipeline_airflow/pipeline-airflow-venv/lib/python3.11/site-packages/airflow/example_dags/example_python_operator.py
[2023-08-15T18:32:32.888-0300] {processor.py:826} INFO - Processing file /home/alan/repos/pipeline_airflow/pipeline-airflow-venv/lib/python3.11/site-packages/airflow/example_dags/example_python_operator.py for tasks to queue
[2023-08-15T18:32:32.890-0300] {logging_mixin.py:150} INFO - [2023-08-15T18:32:32.889-0300] {dagbag.py:541} INFO - Filling up the DagBag from /home/alan/repos/pipeline_airflow/pipeline-airflow-venv/lib/python3.11/site-packages/airflow/example_dags/example_python_operator.py
[2023-08-15T18:32:32.919-0300] {logging_mixin.py:150} INFO - [2023-08-15T18:32:32.919-0300] {example_python_operator.py:90} WARNING - The virtalenv_python example task requires virtualenv, please install it.
[2023-08-15T18:32:32.922-0300] {processor.py:836} INFO - DAG(s) dict_keys(['example_python_operator']) retrieved from /home/alan/repos/pipeline_airflow/pipeline-airflow-venv/lib/python3.11/site-packages/airflow/example_dags/example_python_operator.py
[2023-08-15T18:32:32.958-0300] {logging_mixin.py:150} INFO - [2023-08-15T18:32:32.957-0300] {dag.py:2742} INFO - Sync 1 DAGs
[2023-08-15T18:32:33.003-0300] {logging_mixin.py:150} INFO - [2023-08-15T18:32:33.003-0300] {dag.py:3504} INFO - Setting next_dagrun for example_python_operator to None, run_after=None
[2023-08-15T18:32:33.120-0300] {processor.py:179} INFO - Processing /home/alan/repos/pipeline_airflow/pipeline-airflow-venv/lib/python3.11/site-packages/airflow/example_dags/example_python_operator.py took 0.246 seconds
[2023-08-15T18:33:29.453-0300] {processor.py:157} INFO - Started process (PID=22313) to work on /home/alan/repos/pipeline_airflow/pipeline-airflow-venv/lib/python3.11/site-packages/airflow/example_dags/example_python_operator.py
[2023-08-15T18:33:29.456-0300] {processor.py:826} INFO - Processing file /home/alan/repos/pipeline_airflow/pipeline-airflow-venv/lib/python3.11/site-packages/airflow/example_dags/example_python_operator.py for tasks to queue
[2023-08-15T18:33:29.458-0300] {logging_mixin.py:150} INFO - [2023-08-15T18:33:29.457-0300] {dagbag.py:541} INFO - Filling up the DagBag from /home/alan/repos/pipeline_airflow/pipeline-airflow-venv/lib/python3.11/site-packages/airflow/example_dags/example_python_operator.py
[2023-08-15T18:33:29.475-0300] {logging_mixin.py:150} INFO - [2023-08-15T18:33:29.474-0300] {example_python_operator.py:90} WARNING - The virtalenv_python example task requires virtualenv, please install it.
[2023-08-15T18:33:29.476-0300] {processor.py:836} INFO - DAG(s) dict_keys(['example_python_operator']) retrieved from /home/alan/repos/pipeline_airflow/pipeline-airflow-venv/lib/python3.11/site-packages/airflow/example_dags/example_python_operator.py
[2023-08-15T18:33:29.510-0300] {logging_mixin.py:150} INFO - [2023-08-15T18:33:29.510-0300] {dag.py:2742} INFO - Sync 1 DAGs
[2023-08-15T18:33:29.553-0300] {logging_mixin.py:150} INFO - [2023-08-15T18:33:29.553-0300] {dag.py:3504} INFO - Setting next_dagrun for example_python_operator to None, run_after=None
[2023-08-15T18:33:29.706-0300] {processor.py:179} INFO - Processing /home/alan/repos/pipeline_airflow/pipeline-airflow-venv/lib/python3.11/site-packages/airflow/example_dags/example_python_operator.py took 0.259 seconds
[2023-08-15T18:34:25.954-0300] {processor.py:157} INFO - Started process (PID=22517) to work on /home/alan/repos/pipeline_airflow/pipeline-airflow-venv/lib/python3.11/site-packages/airflow/example_dags/example_python_operator.py
[2023-08-15T18:34:25.956-0300] {processor.py:826} INFO - Processing file /home/alan/repos/pipeline_airflow/pipeline-airflow-venv/lib/python3.11/site-packages/airflow/example_dags/example_python_operator.py for tasks to queue
[2023-08-15T18:34:25.957-0300] {logging_mixin.py:150} INFO - [2023-08-15T18:34:25.957-0300] {dagbag.py:541} INFO - Filling up the DagBag from /home/alan/repos/pipeline_airflow/pipeline-airflow-venv/lib/python3.11/site-packages/airflow/example_dags/example_python_operator.py
[2023-08-15T18:34:25.973-0300] {logging_mixin.py:150} INFO - [2023-08-15T18:34:25.972-0300] {example_python_operator.py:90} WARNING - The virtalenv_python example task requires virtualenv, please install it.
[2023-08-15T18:34:25.974-0300] {processor.py:836} INFO - DAG(s) dict_keys(['example_python_operator']) retrieved from /home/alan/repos/pipeline_airflow/pipeline-airflow-venv/lib/python3.11/site-packages/airflow/example_dags/example_python_operator.py
[2023-08-15T18:34:26.007-0300] {logging_mixin.py:150} INFO - [2023-08-15T18:34:26.006-0300] {dag.py:2742} INFO - Sync 1 DAGs
[2023-08-15T18:34:26.044-0300] {logging_mixin.py:150} INFO - [2023-08-15T18:34:26.044-0300] {dag.py:3504} INFO - Setting next_dagrun for example_python_operator to None, run_after=None
[2023-08-15T18:34:26.146-0300] {processor.py:179} INFO - Processing /home/alan/repos/pipeline_airflow/pipeline-airflow-venv/lib/python3.11/site-packages/airflow/example_dags/example_python_operator.py took 0.197 seconds
[2023-08-15T18:35:19.556-0300] {processor.py:157} INFO - Started process (PID=22705) to work on /home/alan/repos/pipeline_airflow/pipeline-airflow-venv/lib/python3.11/site-packages/airflow/example_dags/example_python_operator.py
[2023-08-15T18:35:19.572-0300] {processor.py:826} INFO - Processing file /home/alan/repos/pipeline_airflow/pipeline-airflow-venv/lib/python3.11/site-packages/airflow/example_dags/example_python_operator.py for tasks to queue
[2023-08-15T18:35:19.573-0300] {logging_mixin.py:150} INFO - [2023-08-15T18:35:19.573-0300] {dagbag.py:541} INFO - Filling up the DagBag from /home/alan/repos/pipeline_airflow/pipeline-airflow-venv/lib/python3.11/site-packages/airflow/example_dags/example_python_operator.py
[2023-08-15T18:35:19.588-0300] {logging_mixin.py:150} INFO - [2023-08-15T18:35:19.587-0300] {example_python_operator.py:90} WARNING - The virtalenv_python example task requires virtualenv, please install it.
[2023-08-15T18:35:19.589-0300] {processor.py:836} INFO - DAG(s) dict_keys(['example_python_operator']) retrieved from /home/alan/repos/pipeline_airflow/pipeline-airflow-venv/lib/python3.11/site-packages/airflow/example_dags/example_python_operator.py
[2023-08-15T18:35:19.619-0300] {logging_mixin.py:150} INFO - [2023-08-15T18:35:19.619-0300] {dag.py:2742} INFO - Sync 1 DAGs
[2023-08-15T18:35:19.655-0300] {logging_mixin.py:150} INFO - [2023-08-15T18:35:19.654-0300] {dag.py:3504} INFO - Setting next_dagrun for example_python_operator to None, run_after=None
[2023-08-15T18:35:19.746-0300] {processor.py:179} INFO - Processing /home/alan/repos/pipeline_airflow/pipeline-airflow-venv/lib/python3.11/site-packages/airflow/example_dags/example_python_operator.py took 0.195 seconds
[2023-08-15T18:36:16.583-0300] {processor.py:157} INFO - Started process (PID=22906) to work on /home/alan/repos/pipeline_airflow/pipeline-airflow-venv/lib/python3.11/site-packages/airflow/example_dags/example_python_operator.py
[2023-08-15T18:36:16.593-0300] {processor.py:826} INFO - Processing file /home/alan/repos/pipeline_airflow/pipeline-airflow-venv/lib/python3.11/site-packages/airflow/example_dags/example_python_operator.py for tasks to queue
[2023-08-15T18:36:16.595-0300] {logging_mixin.py:150} INFO - [2023-08-15T18:36:16.594-0300] {dagbag.py:541} INFO - Filling up the DagBag from /home/alan/repos/pipeline_airflow/pipeline-airflow-venv/lib/python3.11/site-packages/airflow/example_dags/example_python_operator.py
[2023-08-15T18:36:16.612-0300] {logging_mixin.py:150} INFO - [2023-08-15T18:36:16.612-0300] {example_python_operator.py:90} WARNING - The virtalenv_python example task requires virtualenv, please install it.
[2023-08-15T18:36:16.613-0300] {processor.py:836} INFO - DAG(s) dict_keys(['example_python_operator']) retrieved from /home/alan/repos/pipeline_airflow/pipeline-airflow-venv/lib/python3.11/site-packages/airflow/example_dags/example_python_operator.py
[2023-08-15T18:36:16.672-0300] {logging_mixin.py:150} INFO - [2023-08-15T18:36:16.672-0300] {dag.py:2742} INFO - Sync 1 DAGs
[2023-08-15T18:36:16.735-0300] {logging_mixin.py:150} INFO - [2023-08-15T18:36:16.730-0300] {dag.py:3504} INFO - Setting next_dagrun for example_python_operator to None, run_after=None
[2023-08-15T18:36:16.852-0300] {processor.py:179} INFO - Processing /home/alan/repos/pipeline_airflow/pipeline-airflow-venv/lib/python3.11/site-packages/airflow/example_dags/example_python_operator.py took 0.275 seconds
[2023-08-15T18:37:18.779-0300] {processor.py:157} INFO - Started process (PID=23143) to work on /home/alan/repos/pipeline_airflow/pipeline-airflow-venv/lib/python3.11/site-packages/airflow/example_dags/example_python_operator.py
[2023-08-15T18:37:18.862-0300] {processor.py:826} INFO - Processing file /home/alan/repos/pipeline_airflow/pipeline-airflow-venv/lib/python3.11/site-packages/airflow/example_dags/example_python_operator.py for tasks to queue
[2023-08-15T18:37:18.864-0300] {logging_mixin.py:150} INFO - [2023-08-15T18:37:18.863-0300] {dagbag.py:541} INFO - Filling up the DagBag from /home/alan/repos/pipeline_airflow/pipeline-airflow-venv/lib/python3.11/site-packages/airflow/example_dags/example_python_operator.py
[2023-08-15T18:37:18.887-0300] {logging_mixin.py:150} INFO - [2023-08-15T18:37:18.887-0300] {example_python_operator.py:90} WARNING - The virtalenv_python example task requires virtualenv, please install it.
[2023-08-15T18:37:18.888-0300] {processor.py:836} INFO - DAG(s) dict_keys(['example_python_operator']) retrieved from /home/alan/repos/pipeline_airflow/pipeline-airflow-venv/lib/python3.11/site-packages/airflow/example_dags/example_python_operator.py
[2023-08-15T18:37:20.597-0300] {logging_mixin.py:150} INFO - [2023-08-15T18:37:20.596-0300] {dag.py:2742} INFO - Sync 1 DAGs
[2023-08-15T18:37:21.232-0300] {logging_mixin.py:150} INFO - [2023-08-15T18:37:21.232-0300] {dag.py:3504} INFO - Setting next_dagrun for example_python_operator to None, run_after=None
[2023-08-15T18:37:22.250-0300] {processor.py:179} INFO - Processing /home/alan/repos/pipeline_airflow/pipeline-airflow-venv/lib/python3.11/site-packages/airflow/example_dags/example_python_operator.py took 3.477 seconds
[2023-08-15T18:44:39.308-0300] {processor.py:157} INFO - Started process (PID=23824) to work on /home/alan/repos/pipeline_airflow/pipeline-airflow-venv/lib/python3.11/site-packages/airflow/example_dags/example_python_operator.py
[2023-08-15T18:44:39.322-0300] {processor.py:826} INFO - Processing file /home/alan/repos/pipeline_airflow/pipeline-airflow-venv/lib/python3.11/site-packages/airflow/example_dags/example_python_operator.py for tasks to queue
[2023-08-15T18:44:39.324-0300] {logging_mixin.py:150} INFO - [2023-08-15T18:44:39.323-0300] {dagbag.py:541} INFO - Filling up the DagBag from /home/alan/repos/pipeline_airflow/pipeline-airflow-venv/lib/python3.11/site-packages/airflow/example_dags/example_python_operator.py
[2023-08-15T18:44:39.341-0300] {logging_mixin.py:150} INFO - [2023-08-15T18:44:39.341-0300] {example_python_operator.py:90} WARNING - The virtalenv_python example task requires virtualenv, please install it.
[2023-08-15T18:44:39.342-0300] {processor.py:836} INFO - DAG(s) dict_keys(['example_python_operator']) retrieved from /home/alan/repos/pipeline_airflow/pipeline-airflow-venv/lib/python3.11/site-packages/airflow/example_dags/example_python_operator.py
[2023-08-15T18:44:39.376-0300] {logging_mixin.py:150} INFO - [2023-08-15T18:44:39.376-0300] {dag.py:2742} INFO - Sync 1 DAGs
[2023-08-15T18:44:39.415-0300] {logging_mixin.py:150} INFO - [2023-08-15T18:44:39.415-0300] {dag.py:3504} INFO - Setting next_dagrun for example_python_operator to None, run_after=None
[2023-08-15T18:44:39.528-0300] {processor.py:179} INFO - Processing /home/alan/repos/pipeline_airflow/pipeline-airflow-venv/lib/python3.11/site-packages/airflow/example_dags/example_python_operator.py took 0.226 seconds
[2023-08-15T18:46:03.616-0300] {processor.py:157} INFO - Started process (PID=24209) to work on /home/alan/repos/pipeline_airflow/pipeline-airflow-venv/lib/python3.11/site-packages/airflow/example_dags/example_python_operator.py
[2023-08-15T18:46:03.619-0300] {processor.py:826} INFO - Processing file /home/alan/repos/pipeline_airflow/pipeline-airflow-venv/lib/python3.11/site-packages/airflow/example_dags/example_python_operator.py for tasks to queue
[2023-08-15T18:46:03.620-0300] {logging_mixin.py:150} INFO - [2023-08-15T18:46:03.620-0300] {dagbag.py:541} INFO - Filling up the DagBag from /home/alan/repos/pipeline_airflow/pipeline-airflow-venv/lib/python3.11/site-packages/airflow/example_dags/example_python_operator.py
[2023-08-15T18:46:03.635-0300] {logging_mixin.py:150} INFO - [2023-08-15T18:46:03.635-0300] {example_python_operator.py:90} WARNING - The virtalenv_python example task requires virtualenv, please install it.
[2023-08-15T18:46:03.636-0300] {processor.py:836} INFO - DAG(s) dict_keys(['example_python_operator']) retrieved from /home/alan/repos/pipeline_airflow/pipeline-airflow-venv/lib/python3.11/site-packages/airflow/example_dags/example_python_operator.py
[2023-08-15T18:46:03.668-0300] {logging_mixin.py:150} INFO - [2023-08-15T18:46:03.668-0300] {dag.py:2742} INFO - Sync 1 DAGs
[2023-08-15T18:46:03.705-0300] {logging_mixin.py:150} INFO - [2023-08-15T18:46:03.705-0300] {dag.py:3504} INFO - Setting next_dagrun for example_python_operator to None, run_after=None
[2023-08-15T18:46:03.818-0300] {processor.py:179} INFO - Processing /home/alan/repos/pipeline_airflow/pipeline-airflow-venv/lib/python3.11/site-packages/airflow/example_dags/example_python_operator.py took 0.209 seconds
[2023-08-15T18:47:07.266-0300] {processor.py:157} INFO - Started process (PID=24433) to work on /home/alan/repos/pipeline_airflow/pipeline-airflow-venv/lib/python3.11/site-packages/airflow/example_dags/example_python_operator.py
[2023-08-15T18:47:07.274-0300] {processor.py:826} INFO - Processing file /home/alan/repos/pipeline_airflow/pipeline-airflow-venv/lib/python3.11/site-packages/airflow/example_dags/example_python_operator.py for tasks to queue
[2023-08-15T18:47:07.276-0300] {logging_mixin.py:150} INFO - [2023-08-15T18:47:07.275-0300] {dagbag.py:541} INFO - Filling up the DagBag from /home/alan/repos/pipeline_airflow/pipeline-airflow-venv/lib/python3.11/site-packages/airflow/example_dags/example_python_operator.py
[2023-08-15T18:47:07.292-0300] {logging_mixin.py:150} INFO - [2023-08-15T18:47:07.292-0300] {example_python_operator.py:90} WARNING - The virtalenv_python example task requires virtualenv, please install it.
[2023-08-15T18:47:07.293-0300] {processor.py:836} INFO - DAG(s) dict_keys(['example_python_operator']) retrieved from /home/alan/repos/pipeline_airflow/pipeline-airflow-venv/lib/python3.11/site-packages/airflow/example_dags/example_python_operator.py
[2023-08-15T18:47:07.329-0300] {logging_mixin.py:150} INFO - [2023-08-15T18:47:07.329-0300] {dag.py:2742} INFO - Sync 1 DAGs
[2023-08-15T18:47:07.371-0300] {logging_mixin.py:150} INFO - [2023-08-15T18:47:07.371-0300] {dag.py:3504} INFO - Setting next_dagrun for example_python_operator to None, run_after=None
[2023-08-15T18:47:07.473-0300] {processor.py:179} INFO - Processing /home/alan/repos/pipeline_airflow/pipeline-airflow-venv/lib/python3.11/site-packages/airflow/example_dags/example_python_operator.py took 0.211 seconds
[2023-08-15T18:48:11.040-0300] {processor.py:157} INFO - Started process (PID=24658) to work on /home/alan/repos/pipeline_airflow/pipeline-airflow-venv/lib/python3.11/site-packages/airflow/example_dags/example_python_operator.py
[2023-08-15T18:48:11.059-0300] {processor.py:826} INFO - Processing file /home/alan/repos/pipeline_airflow/pipeline-airflow-venv/lib/python3.11/site-packages/airflow/example_dags/example_python_operator.py for tasks to queue
[2023-08-15T18:48:11.061-0300] {logging_mixin.py:150} INFO - [2023-08-15T18:48:11.060-0300] {dagbag.py:541} INFO - Filling up the DagBag from /home/alan/repos/pipeline_airflow/pipeline-airflow-venv/lib/python3.11/site-packages/airflow/example_dags/example_python_operator.py
[2023-08-15T18:48:11.082-0300] {logging_mixin.py:150} INFO - [2023-08-15T18:48:11.082-0300] {example_python_operator.py:90} WARNING - The virtalenv_python example task requires virtualenv, please install it.
[2023-08-15T18:48:11.083-0300] {processor.py:836} INFO - DAG(s) dict_keys(['example_python_operator']) retrieved from /home/alan/repos/pipeline_airflow/pipeline-airflow-venv/lib/python3.11/site-packages/airflow/example_dags/example_python_operator.py
[2023-08-15T18:48:11.127-0300] {logging_mixin.py:150} INFO - [2023-08-15T18:48:11.127-0300] {dag.py:2742} INFO - Sync 1 DAGs
[2023-08-15T18:48:11.167-0300] {logging_mixin.py:150} INFO - [2023-08-15T18:48:11.167-0300] {dag.py:3504} INFO - Setting next_dagrun for example_python_operator to None, run_after=None
[2023-08-15T18:48:11.440-0300] {processor.py:179} INFO - Processing /home/alan/repos/pipeline_airflow/pipeline-airflow-venv/lib/python3.11/site-packages/airflow/example_dags/example_python_operator.py took 0.407 seconds
[2023-08-15T18:49:20.139-0300] {processor.py:157} INFO - Started process (PID=24883) to work on /home/alan/repos/pipeline_airflow/pipeline-airflow-venv/lib/python3.11/site-packages/airflow/example_dags/example_python_operator.py
[2023-08-15T18:49:20.147-0300] {processor.py:826} INFO - Processing file /home/alan/repos/pipeline_airflow/pipeline-airflow-venv/lib/python3.11/site-packages/airflow/example_dags/example_python_operator.py for tasks to queue
[2023-08-15T18:49:20.148-0300] {logging_mixin.py:150} INFO - [2023-08-15T18:49:20.148-0300] {dagbag.py:541} INFO - Filling up the DagBag from /home/alan/repos/pipeline_airflow/pipeline-airflow-venv/lib/python3.11/site-packages/airflow/example_dags/example_python_operator.py
[2023-08-15T18:49:20.164-0300] {logging_mixin.py:150} INFO - [2023-08-15T18:49:20.163-0300] {example_python_operator.py:90} WARNING - The virtalenv_python example task requires virtualenv, please install it.
[2023-08-15T18:49:20.165-0300] {processor.py:836} INFO - DAG(s) dict_keys(['example_python_operator']) retrieved from /home/alan/repos/pipeline_airflow/pipeline-airflow-venv/lib/python3.11/site-packages/airflow/example_dags/example_python_operator.py
[2023-08-15T18:49:20.198-0300] {logging_mixin.py:150} INFO - [2023-08-15T18:49:20.198-0300] {dag.py:2742} INFO - Sync 1 DAGs
[2023-08-15T18:49:20.238-0300] {logging_mixin.py:150} INFO - [2023-08-15T18:49:20.238-0300] {dag.py:3504} INFO - Setting next_dagrun for example_python_operator to None, run_after=None
[2023-08-15T18:49:20.392-0300] {processor.py:179} INFO - Processing /home/alan/repos/pipeline_airflow/pipeline-airflow-venv/lib/python3.11/site-packages/airflow/example_dags/example_python_operator.py took 0.258 seconds
[2023-08-15T18:50:18.527-0300] {processor.py:157} INFO - Started process (PID=25094) to work on /home/alan/repos/pipeline_airflow/pipeline-airflow-venv/lib/python3.11/site-packages/airflow/example_dags/example_python_operator.py
[2023-08-15T18:50:18.539-0300] {processor.py:826} INFO - Processing file /home/alan/repos/pipeline_airflow/pipeline-airflow-venv/lib/python3.11/site-packages/airflow/example_dags/example_python_operator.py for tasks to queue
[2023-08-15T18:50:18.541-0300] {logging_mixin.py:150} INFO - [2023-08-15T18:50:18.540-0300] {dagbag.py:541} INFO - Filling up the DagBag from /home/alan/repos/pipeline_airflow/pipeline-airflow-venv/lib/python3.11/site-packages/airflow/example_dags/example_python_operator.py
[2023-08-15T18:50:18.558-0300] {logging_mixin.py:150} INFO - [2023-08-15T18:50:18.557-0300] {example_python_operator.py:90} WARNING - The virtalenv_python example task requires virtualenv, please install it.
[2023-08-15T18:50:18.559-0300] {processor.py:836} INFO - DAG(s) dict_keys(['example_python_operator']) retrieved from /home/alan/repos/pipeline_airflow/pipeline-airflow-venv/lib/python3.11/site-packages/airflow/example_dags/example_python_operator.py
[2023-08-15T18:50:18.611-0300] {logging_mixin.py:150} INFO - [2023-08-15T18:50:18.610-0300] {dag.py:2742} INFO - Sync 1 DAGs
[2023-08-15T18:50:18.657-0300] {logging_mixin.py:150} INFO - [2023-08-15T18:50:18.657-0300] {dag.py:3504} INFO - Setting next_dagrun for example_python_operator to None, run_after=None
[2023-08-15T18:50:18.795-0300] {processor.py:179} INFO - Processing /home/alan/repos/pipeline_airflow/pipeline-airflow-venv/lib/python3.11/site-packages/airflow/example_dags/example_python_operator.py took 0.273 seconds
[2023-08-15T18:51:27.484-0300] {processor.py:157} INFO - Started process (PID=25385) to work on /home/alan/repos/pipeline_airflow/pipeline-airflow-venv/lib/python3.11/site-packages/airflow/example_dags/example_python_operator.py
[2023-08-15T18:51:27.495-0300] {processor.py:826} INFO - Processing file /home/alan/repos/pipeline_airflow/pipeline-airflow-venv/lib/python3.11/site-packages/airflow/example_dags/example_python_operator.py for tasks to queue
[2023-08-15T18:51:27.497-0300] {logging_mixin.py:150} INFO - [2023-08-15T18:51:27.496-0300] {dagbag.py:541} INFO - Filling up the DagBag from /home/alan/repos/pipeline_airflow/pipeline-airflow-venv/lib/python3.11/site-packages/airflow/example_dags/example_python_operator.py
[2023-08-15T18:51:27.515-0300] {logging_mixin.py:150} INFO - [2023-08-15T18:51:27.515-0300] {example_python_operator.py:90} WARNING - The virtalenv_python example task requires virtualenv, please install it.
[2023-08-15T18:51:27.516-0300] {processor.py:836} INFO - DAG(s) dict_keys(['example_python_operator']) retrieved from /home/alan/repos/pipeline_airflow/pipeline-airflow-venv/lib/python3.11/site-packages/airflow/example_dags/example_python_operator.py
[2023-08-15T18:51:27.550-0300] {logging_mixin.py:150} INFO - [2023-08-15T18:51:27.550-0300] {dag.py:2742} INFO - Sync 1 DAGs
[2023-08-15T18:51:27.587-0300] {logging_mixin.py:150} INFO - [2023-08-15T18:51:27.586-0300] {dag.py:3504} INFO - Setting next_dagrun for example_python_operator to None, run_after=None
[2023-08-15T18:51:27.693-0300] {processor.py:179} INFO - Processing /home/alan/repos/pipeline_airflow/pipeline-airflow-venv/lib/python3.11/site-packages/airflow/example_dags/example_python_operator.py took 0.215 seconds
[2023-08-15T18:52:42.077-0300] {processor.py:157} INFO - Started process (PID=25780) to work on /home/alan/repos/pipeline_airflow/pipeline-airflow-venv/lib/python3.11/site-packages/airflow/example_dags/example_python_operator.py
[2023-08-15T18:52:42.080-0300] {processor.py:826} INFO - Processing file /home/alan/repos/pipeline_airflow/pipeline-airflow-venv/lib/python3.11/site-packages/airflow/example_dags/example_python_operator.py for tasks to queue
[2023-08-15T18:52:42.081-0300] {logging_mixin.py:150} INFO - [2023-08-15T18:52:42.081-0300] {dagbag.py:541} INFO - Filling up the DagBag from /home/alan/repos/pipeline_airflow/pipeline-airflow-venv/lib/python3.11/site-packages/airflow/example_dags/example_python_operator.py
[2023-08-15T18:52:42.125-0300] {logging_mixin.py:150} INFO - [2023-08-15T18:52:42.124-0300] {example_python_operator.py:90} WARNING - The virtalenv_python example task requires virtualenv, please install it.
[2023-08-15T18:52:42.126-0300] {processor.py:836} INFO - DAG(s) dict_keys(['example_python_operator']) retrieved from /home/alan/repos/pipeline_airflow/pipeline-airflow-venv/lib/python3.11/site-packages/airflow/example_dags/example_python_operator.py
[2023-08-15T18:52:42.161-0300] {logging_mixin.py:150} INFO - [2023-08-15T18:52:42.161-0300] {dag.py:2742} INFO - Sync 1 DAGs
[2023-08-15T18:52:42.197-0300] {logging_mixin.py:150} INFO - [2023-08-15T18:52:42.196-0300] {dag.py:3504} INFO - Setting next_dagrun for example_python_operator to None, run_after=None
[2023-08-15T18:52:42.292-0300] {processor.py:179} INFO - Processing /home/alan/repos/pipeline_airflow/pipeline-airflow-venv/lib/python3.11/site-packages/airflow/example_dags/example_python_operator.py took 0.222 seconds
[2023-08-15T18:53:39.905-0300] {processor.py:157} INFO - Started process (PID=25992) to work on /home/alan/repos/pipeline_airflow/pipeline-airflow-venv/lib/python3.11/site-packages/airflow/example_dags/example_python_operator.py
[2023-08-15T18:53:39.917-0300] {processor.py:826} INFO - Processing file /home/alan/repos/pipeline_airflow/pipeline-airflow-venv/lib/python3.11/site-packages/airflow/example_dags/example_python_operator.py for tasks to queue
[2023-08-15T18:53:39.919-0300] {logging_mixin.py:150} INFO - [2023-08-15T18:53:39.919-0300] {dagbag.py:541} INFO - Filling up the DagBag from /home/alan/repos/pipeline_airflow/pipeline-airflow-venv/lib/python3.11/site-packages/airflow/example_dags/example_python_operator.py
[2023-08-15T18:53:39.937-0300] {logging_mixin.py:150} INFO - [2023-08-15T18:53:39.937-0300] {example_python_operator.py:90} WARNING - The virtalenv_python example task requires virtualenv, please install it.
[2023-08-15T18:53:39.939-0300] {processor.py:836} INFO - DAG(s) dict_keys(['example_python_operator']) retrieved from /home/alan/repos/pipeline_airflow/pipeline-airflow-venv/lib/python3.11/site-packages/airflow/example_dags/example_python_operator.py
[2023-08-15T18:53:39.973-0300] {logging_mixin.py:150} INFO - [2023-08-15T18:53:39.973-0300] {dag.py:2742} INFO - Sync 1 DAGs
[2023-08-15T18:53:40.011-0300] {logging_mixin.py:150} INFO - [2023-08-15T18:53:40.010-0300] {dag.py:3504} INFO - Setting next_dagrun for example_python_operator to None, run_after=None
[2023-08-15T18:53:40.121-0300] {processor.py:179} INFO - Processing /home/alan/repos/pipeline_airflow/pipeline-airflow-venv/lib/python3.11/site-packages/airflow/example_dags/example_python_operator.py took 0.223 seconds
[2023-08-15T18:54:38.348-0300] {processor.py:157} INFO - Started process (PID=26241) to work on /home/alan/repos/pipeline_airflow/pipeline-airflow-venv/lib/python3.11/site-packages/airflow/example_dags/example_python_operator.py
[2023-08-15T18:54:38.383-0300] {processor.py:826} INFO - Processing file /home/alan/repos/pipeline_airflow/pipeline-airflow-venv/lib/python3.11/site-packages/airflow/example_dags/example_python_operator.py for tasks to queue
[2023-08-15T18:54:38.385-0300] {logging_mixin.py:150} INFO - [2023-08-15T18:54:38.384-0300] {dagbag.py:541} INFO - Filling up the DagBag from /home/alan/repos/pipeline_airflow/pipeline-airflow-venv/lib/python3.11/site-packages/airflow/example_dags/example_python_operator.py
[2023-08-15T18:54:38.405-0300] {logging_mixin.py:150} INFO - [2023-08-15T18:54:38.405-0300] {example_python_operator.py:90} WARNING - The virtalenv_python example task requires virtualenv, please install it.
[2023-08-15T18:54:38.406-0300] {processor.py:836} INFO - DAG(s) dict_keys(['example_python_operator']) retrieved from /home/alan/repos/pipeline_airflow/pipeline-airflow-venv/lib/python3.11/site-packages/airflow/example_dags/example_python_operator.py
[2023-08-15T18:54:38.440-0300] {logging_mixin.py:150} INFO - [2023-08-15T18:54:38.440-0300] {dag.py:2742} INFO - Sync 1 DAGs
[2023-08-15T18:54:38.476-0300] {logging_mixin.py:150} INFO - [2023-08-15T18:54:38.476-0300] {dag.py:3504} INFO - Setting next_dagrun for example_python_operator to None, run_after=None
[2023-08-15T18:54:38.831-0300] {processor.py:179} INFO - Processing /home/alan/repos/pipeline_airflow/pipeline-airflow-venv/lib/python3.11/site-packages/airflow/example_dags/example_python_operator.py took 0.489 seconds
[2023-08-15T18:56:54.396-0300] {processor.py:157} INFO - Started process (PID=26905) to work on /home/alan/repos/pipeline_airflow/pipeline-airflow-venv/lib/python3.11/site-packages/airflow/example_dags/example_python_operator.py
[2023-08-15T18:56:54.422-0300] {processor.py:826} INFO - Processing file /home/alan/repos/pipeline_airflow/pipeline-airflow-venv/lib/python3.11/site-packages/airflow/example_dags/example_python_operator.py for tasks to queue
[2023-08-15T18:56:54.423-0300] {logging_mixin.py:150} INFO - [2023-08-15T18:56:54.423-0300] {dagbag.py:541} INFO - Filling up the DagBag from /home/alan/repos/pipeline_airflow/pipeline-airflow-venv/lib/python3.11/site-packages/airflow/example_dags/example_python_operator.py
[2023-08-15T18:56:55.301-0300] {logging_mixin.py:150} INFO - [2023-08-15T18:56:55.300-0300] {example_python_operator.py:90} WARNING - The virtalenv_python example task requires virtualenv, please install it.
[2023-08-15T18:56:55.303-0300] {processor.py:836} INFO - DAG(s) dict_keys(['example_python_operator']) retrieved from /home/alan/repos/pipeline_airflow/pipeline-airflow-venv/lib/python3.11/site-packages/airflow/example_dags/example_python_operator.py
[2023-08-15T18:56:56.230-0300] {logging_mixin.py:150} INFO - [2023-08-15T18:56:56.230-0300] {dag.py:2742} INFO - Sync 1 DAGs
[2023-08-15T18:56:56.285-0300] {logging_mixin.py:150} INFO - [2023-08-15T18:56:56.284-0300] {dag.py:3504} INFO - Setting next_dagrun for example_python_operator to None, run_after=None
[2023-08-15T18:56:56.936-0300] {processor.py:179} INFO - Processing /home/alan/repos/pipeline_airflow/pipeline-airflow-venv/lib/python3.11/site-packages/airflow/example_dags/example_python_operator.py took 2.546 seconds
[2023-08-15T19:01:54.410-0300] {processor.py:157} INFO - Started process (PID=27631) to work on /home/alan/repos/pipeline_airflow/pipeline-airflow-venv/lib/python3.11/site-packages/airflow/example_dags/example_python_operator.py
[2023-08-15T19:01:54.484-0300] {processor.py:826} INFO - Processing file /home/alan/repos/pipeline_airflow/pipeline-airflow-venv/lib/python3.11/site-packages/airflow/example_dags/example_python_operator.py for tasks to queue
[2023-08-15T19:01:54.486-0300] {logging_mixin.py:150} INFO - [2023-08-15T19:01:54.485-0300] {dagbag.py:541} INFO - Filling up the DagBag from /home/alan/repos/pipeline_airflow/pipeline-airflow-venv/lib/python3.11/site-packages/airflow/example_dags/example_python_operator.py
[2023-08-15T19:01:54.559-0300] {logging_mixin.py:150} INFO - [2023-08-15T19:01:54.558-0300] {example_python_operator.py:90} WARNING - The virtalenv_python example task requires virtualenv, please install it.
[2023-08-15T19:01:54.563-0300] {processor.py:836} INFO - DAG(s) dict_keys(['example_python_operator']) retrieved from /home/alan/repos/pipeline_airflow/pipeline-airflow-venv/lib/python3.11/site-packages/airflow/example_dags/example_python_operator.py
[2023-08-15T19:01:54.640-0300] {logging_mixin.py:150} INFO - [2023-08-15T19:01:54.640-0300] {dag.py:2742} INFO - Sync 1 DAGs
[2023-08-15T19:01:54.683-0300] {logging_mixin.py:150} INFO - [2023-08-15T19:01:54.682-0300] {dag.py:3504} INFO - Setting next_dagrun for example_python_operator to None, run_after=None
[2023-08-15T19:01:54.784-0300] {processor.py:179} INFO - Processing /home/alan/repos/pipeline_airflow/pipeline-airflow-venv/lib/python3.11/site-packages/airflow/example_dags/example_python_operator.py took 0.379 seconds
[2023-08-15T19:03:36.412-0300] {processor.py:157} INFO - Started process (PID=28080) to work on /home/alan/repos/pipeline_airflow/pipeline-airflow-venv/lib/python3.11/site-packages/airflow/example_dags/example_python_operator.py
[2023-08-15T19:03:36.419-0300] {processor.py:826} INFO - Processing file /home/alan/repos/pipeline_airflow/pipeline-airflow-venv/lib/python3.11/site-packages/airflow/example_dags/example_python_operator.py for tasks to queue
[2023-08-15T19:03:36.421-0300] {logging_mixin.py:150} INFO - [2023-08-15T19:03:36.420-0300] {dagbag.py:541} INFO - Filling up the DagBag from /home/alan/repos/pipeline_airflow/pipeline-airflow-venv/lib/python3.11/site-packages/airflow/example_dags/example_python_operator.py
[2023-08-15T19:03:36.452-0300] {logging_mixin.py:150} INFO - [2023-08-15T19:03:36.451-0300] {example_python_operator.py:90} WARNING - The virtalenv_python example task requires virtualenv, please install it.
[2023-08-15T19:03:36.453-0300] {processor.py:836} INFO - DAG(s) dict_keys(['example_python_operator']) retrieved from /home/alan/repos/pipeline_airflow/pipeline-airflow-venv/lib/python3.11/site-packages/airflow/example_dags/example_python_operator.py
[2023-08-15T19:03:36.516-0300] {logging_mixin.py:150} INFO - [2023-08-15T19:03:36.515-0300] {dag.py:2742} INFO - Sync 1 DAGs
[2023-08-15T19:03:36.589-0300] {logging_mixin.py:150} INFO - [2023-08-15T19:03:36.589-0300] {dag.py:3504} INFO - Setting next_dagrun for example_python_operator to None, run_after=None
[2023-08-15T19:03:36.759-0300] {processor.py:179} INFO - Processing /home/alan/repos/pipeline_airflow/pipeline-airflow-venv/lib/python3.11/site-packages/airflow/example_dags/example_python_operator.py took 0.356 seconds
[2023-08-15T19:05:11.182-0300] {processor.py:157} INFO - Started process (PID=28536) to work on /home/alan/repos/pipeline_airflow/pipeline-airflow-venv/lib/python3.11/site-packages/airflow/example_dags/example_python_operator.py
[2023-08-15T19:05:11.201-0300] {processor.py:826} INFO - Processing file /home/alan/repos/pipeline_airflow/pipeline-airflow-venv/lib/python3.11/site-packages/airflow/example_dags/example_python_operator.py for tasks to queue
[2023-08-15T19:05:11.202-0300] {logging_mixin.py:150} INFO - [2023-08-15T19:05:11.202-0300] {dagbag.py:541} INFO - Filling up the DagBag from /home/alan/repos/pipeline_airflow/pipeline-airflow-venv/lib/python3.11/site-packages/airflow/example_dags/example_python_operator.py
[2023-08-15T19:05:11.220-0300] {logging_mixin.py:150} INFO - [2023-08-15T19:05:11.220-0300] {example_python_operator.py:90} WARNING - The virtalenv_python example task requires virtualenv, please install it.
[2023-08-15T19:05:11.222-0300] {processor.py:836} INFO - DAG(s) dict_keys(['example_python_operator']) retrieved from /home/alan/repos/pipeline_airflow/pipeline-airflow-venv/lib/python3.11/site-packages/airflow/example_dags/example_python_operator.py
[2023-08-15T19:05:11.257-0300] {logging_mixin.py:150} INFO - [2023-08-15T19:05:11.256-0300] {dag.py:2742} INFO - Sync 1 DAGs
[2023-08-15T19:05:11.292-0300] {logging_mixin.py:150} INFO - [2023-08-15T19:05:11.291-0300] {dag.py:3504} INFO - Setting next_dagrun for example_python_operator to None, run_after=None
[2023-08-15T19:05:11.395-0300] {processor.py:179} INFO - Processing /home/alan/repos/pipeline_airflow/pipeline-airflow-venv/lib/python3.11/site-packages/airflow/example_dags/example_python_operator.py took 0.220 seconds
[2023-08-15T19:06:22.286-0300] {processor.py:157} INFO - Started process (PID=28766) to work on /home/alan/repos/pipeline_airflow/pipeline-airflow-venv/lib/python3.11/site-packages/airflow/example_dags/example_python_operator.py
[2023-08-15T19:06:22.296-0300] {processor.py:826} INFO - Processing file /home/alan/repos/pipeline_airflow/pipeline-airflow-venv/lib/python3.11/site-packages/airflow/example_dags/example_python_operator.py for tasks to queue
[2023-08-15T19:06:22.298-0300] {logging_mixin.py:150} INFO - [2023-08-15T19:06:22.298-0300] {dagbag.py:541} INFO - Filling up the DagBag from /home/alan/repos/pipeline_airflow/pipeline-airflow-venv/lib/python3.11/site-packages/airflow/example_dags/example_python_operator.py
[2023-08-15T19:06:22.316-0300] {logging_mixin.py:150} INFO - [2023-08-15T19:06:22.316-0300] {example_python_operator.py:90} WARNING - The virtalenv_python example task requires virtualenv, please install it.
[2023-08-15T19:06:22.317-0300] {processor.py:836} INFO - DAG(s) dict_keys(['example_python_operator']) retrieved from /home/alan/repos/pipeline_airflow/pipeline-airflow-venv/lib/python3.11/site-packages/airflow/example_dags/example_python_operator.py
[2023-08-15T19:06:22.349-0300] {logging_mixin.py:150} INFO - [2023-08-15T19:06:22.349-0300] {dag.py:2742} INFO - Sync 1 DAGs
[2023-08-15T19:06:22.385-0300] {logging_mixin.py:150} INFO - [2023-08-15T19:06:22.385-0300] {dag.py:3504} INFO - Setting next_dagrun for example_python_operator to None, run_after=None
[2023-08-15T19:06:22.487-0300] {processor.py:179} INFO - Processing /home/alan/repos/pipeline_airflow/pipeline-airflow-venv/lib/python3.11/site-packages/airflow/example_dags/example_python_operator.py took 0.207 seconds
[2023-08-15T19:07:23.185-0300] {processor.py:157} INFO - Started process (PID=28930) to work on /home/alan/repos/pipeline_airflow/pipeline-airflow-venv/lib/python3.11/site-packages/airflow/example_dags/example_python_operator.py
[2023-08-15T19:07:23.192-0300] {processor.py:826} INFO - Processing file /home/alan/repos/pipeline_airflow/pipeline-airflow-venv/lib/python3.11/site-packages/airflow/example_dags/example_python_operator.py for tasks to queue
[2023-08-15T19:07:23.197-0300] {logging_mixin.py:150} INFO - [2023-08-15T19:07:23.196-0300] {dagbag.py:541} INFO - Filling up the DagBag from /home/alan/repos/pipeline_airflow/pipeline-airflow-venv/lib/python3.11/site-packages/airflow/example_dags/example_python_operator.py
[2023-08-15T19:07:23.215-0300] {logging_mixin.py:150} INFO - [2023-08-15T19:07:23.214-0300] {example_python_operator.py:90} WARNING - The virtalenv_python example task requires virtualenv, please install it.
[2023-08-15T19:07:23.216-0300] {processor.py:836} INFO - DAG(s) dict_keys(['example_python_operator']) retrieved from /home/alan/repos/pipeline_airflow/pipeline-airflow-venv/lib/python3.11/site-packages/airflow/example_dags/example_python_operator.py
[2023-08-15T19:07:23.247-0300] {logging_mixin.py:150} INFO - [2023-08-15T19:07:23.246-0300] {dag.py:2742} INFO - Sync 1 DAGs
[2023-08-15T19:07:23.281-0300] {logging_mixin.py:150} INFO - [2023-08-15T19:07:23.281-0300] {dag.py:3504} INFO - Setting next_dagrun for example_python_operator to None, run_after=None
[2023-08-15T19:07:23.370-0300] {processor.py:179} INFO - Processing /home/alan/repos/pipeline_airflow/pipeline-airflow-venv/lib/python3.11/site-packages/airflow/example_dags/example_python_operator.py took 0.191 seconds
[2023-08-15T19:08:31.475-0300] {processor.py:157} INFO - Started process (PID=29208) to work on /home/alan/repos/pipeline_airflow/pipeline-airflow-venv/lib/python3.11/site-packages/airflow/example_dags/example_python_operator.py
[2023-08-15T19:08:31.477-0300] {processor.py:826} INFO - Processing file /home/alan/repos/pipeline_airflow/pipeline-airflow-venv/lib/python3.11/site-packages/airflow/example_dags/example_python_operator.py for tasks to queue
[2023-08-15T19:08:31.479-0300] {logging_mixin.py:150} INFO - [2023-08-15T19:08:31.478-0300] {dagbag.py:541} INFO - Filling up the DagBag from /home/alan/repos/pipeline_airflow/pipeline-airflow-venv/lib/python3.11/site-packages/airflow/example_dags/example_python_operator.py
[2023-08-15T19:08:31.494-0300] {logging_mixin.py:150} INFO - [2023-08-15T19:08:31.494-0300] {example_python_operator.py:90} WARNING - The virtalenv_python example task requires virtualenv, please install it.
[2023-08-15T19:08:31.495-0300] {processor.py:836} INFO - DAG(s) dict_keys(['example_python_operator']) retrieved from /home/alan/repos/pipeline_airflow/pipeline-airflow-venv/lib/python3.11/site-packages/airflow/example_dags/example_python_operator.py
[2023-08-15T19:08:31.527-0300] {logging_mixin.py:150} INFO - [2023-08-15T19:08:31.526-0300] {dag.py:2742} INFO - Sync 1 DAGs
[2023-08-15T19:08:31.561-0300] {logging_mixin.py:150} INFO - [2023-08-15T19:08:31.561-0300] {dag.py:3504} INFO - Setting next_dagrun for example_python_operator to None, run_after=None
[2023-08-15T19:08:31.673-0300] {processor.py:179} INFO - Processing /home/alan/repos/pipeline_airflow/pipeline-airflow-venv/lib/python3.11/site-packages/airflow/example_dags/example_python_operator.py took 0.203 seconds
[2023-08-15T19:09:33.038-0300] {processor.py:157} INFO - Started process (PID=29366) to work on /home/alan/repos/pipeline_airflow/pipeline-airflow-venv/lib/python3.11/site-packages/airflow/example_dags/example_python_operator.py
[2023-08-15T19:09:33.045-0300] {processor.py:826} INFO - Processing file /home/alan/repos/pipeline_airflow/pipeline-airflow-venv/lib/python3.11/site-packages/airflow/example_dags/example_python_operator.py for tasks to queue
[2023-08-15T19:09:33.047-0300] {logging_mixin.py:150} INFO - [2023-08-15T19:09:33.046-0300] {dagbag.py:541} INFO - Filling up the DagBag from /home/alan/repos/pipeline_airflow/pipeline-airflow-venv/lib/python3.11/site-packages/airflow/example_dags/example_python_operator.py
[2023-08-15T19:09:33.063-0300] {logging_mixin.py:150} INFO - [2023-08-15T19:09:33.063-0300] {example_python_operator.py:90} WARNING - The virtalenv_python example task requires virtualenv, please install it.
[2023-08-15T19:09:33.064-0300] {processor.py:836} INFO - DAG(s) dict_keys(['example_python_operator']) retrieved from /home/alan/repos/pipeline_airflow/pipeline-airflow-venv/lib/python3.11/site-packages/airflow/example_dags/example_python_operator.py
[2023-08-15T19:09:33.096-0300] {logging_mixin.py:150} INFO - [2023-08-15T19:09:33.096-0300] {dag.py:2742} INFO - Sync 1 DAGs
[2023-08-15T19:09:33.135-0300] {logging_mixin.py:150} INFO - [2023-08-15T19:09:33.134-0300] {dag.py:3504} INFO - Setting next_dagrun for example_python_operator to None, run_after=None
[2023-08-15T19:09:33.257-0300] {processor.py:179} INFO - Processing /home/alan/repos/pipeline_airflow/pipeline-airflow-venv/lib/python3.11/site-packages/airflow/example_dags/example_python_operator.py took 0.226 seconds
[2023-08-15T19:10:32.047-0300] {processor.py:157} INFO - Started process (PID=29524) to work on /home/alan/repos/pipeline_airflow/pipeline-airflow-venv/lib/python3.11/site-packages/airflow/example_dags/example_python_operator.py
[2023-08-15T19:10:32.059-0300] {processor.py:826} INFO - Processing file /home/alan/repos/pipeline_airflow/pipeline-airflow-venv/lib/python3.11/site-packages/airflow/example_dags/example_python_operator.py for tasks to queue
[2023-08-15T19:10:32.061-0300] {logging_mixin.py:150} INFO - [2023-08-15T19:10:32.060-0300] {dagbag.py:541} INFO - Filling up the DagBag from /home/alan/repos/pipeline_airflow/pipeline-airflow-venv/lib/python3.11/site-packages/airflow/example_dags/example_python_operator.py
[2023-08-15T19:10:32.077-0300] {logging_mixin.py:150} INFO - [2023-08-15T19:10:32.077-0300] {example_python_operator.py:90} WARNING - The virtalenv_python example task requires virtualenv, please install it.
[2023-08-15T19:10:32.078-0300] {processor.py:836} INFO - DAG(s) dict_keys(['example_python_operator']) retrieved from /home/alan/repos/pipeline_airflow/pipeline-airflow-venv/lib/python3.11/site-packages/airflow/example_dags/example_python_operator.py
[2023-08-15T19:10:32.113-0300] {logging_mixin.py:150} INFO - [2023-08-15T19:10:32.113-0300] {dag.py:2742} INFO - Sync 1 DAGs
[2023-08-15T19:10:32.148-0300] {logging_mixin.py:150} INFO - [2023-08-15T19:10:32.148-0300] {dag.py:3504} INFO - Setting next_dagrun for example_python_operator to None, run_after=None
[2023-08-15T19:10:32.272-0300] {processor.py:179} INFO - Processing /home/alan/repos/pipeline_airflow/pipeline-airflow-venv/lib/python3.11/site-packages/airflow/example_dags/example_python_operator.py took 0.232 seconds
[2023-08-15T19:11:33.548-0300] {processor.py:157} INFO - Started process (PID=29753) to work on /home/alan/repos/pipeline_airflow/pipeline-airflow-venv/lib/python3.11/site-packages/airflow/example_dags/example_python_operator.py
[2023-08-15T19:11:33.569-0300] {processor.py:826} INFO - Processing file /home/alan/repos/pipeline_airflow/pipeline-airflow-venv/lib/python3.11/site-packages/airflow/example_dags/example_python_operator.py for tasks to queue
[2023-08-15T19:11:33.571-0300] {logging_mixin.py:150} INFO - [2023-08-15T19:11:33.570-0300] {dagbag.py:541} INFO - Filling up the DagBag from /home/alan/repos/pipeline_airflow/pipeline-airflow-venv/lib/python3.11/site-packages/airflow/example_dags/example_python_operator.py
[2023-08-15T19:11:33.589-0300] {logging_mixin.py:150} INFO - [2023-08-15T19:11:33.589-0300] {example_python_operator.py:90} WARNING - The virtalenv_python example task requires virtualenv, please install it.
[2023-08-15T19:11:33.591-0300] {processor.py:836} INFO - DAG(s) dict_keys(['example_python_operator']) retrieved from /home/alan/repos/pipeline_airflow/pipeline-airflow-venv/lib/python3.11/site-packages/airflow/example_dags/example_python_operator.py
[2023-08-15T19:11:33.626-0300] {logging_mixin.py:150} INFO - [2023-08-15T19:11:33.625-0300] {dag.py:2742} INFO - Sync 1 DAGs
[2023-08-15T19:11:33.661-0300] {logging_mixin.py:150} INFO - [2023-08-15T19:11:33.661-0300] {dag.py:3504} INFO - Setting next_dagrun for example_python_operator to None, run_after=None
[2023-08-15T19:11:33.766-0300] {processor.py:179} INFO - Processing /home/alan/repos/pipeline_airflow/pipeline-airflow-venv/lib/python3.11/site-packages/airflow/example_dags/example_python_operator.py took 0.224 seconds
[2023-08-15T19:12:39.491-0300] {processor.py:157} INFO - Started process (PID=29955) to work on /home/alan/repos/pipeline_airflow/pipeline-airflow-venv/lib/python3.11/site-packages/airflow/example_dags/example_python_operator.py
[2023-08-15T19:12:39.493-0300] {processor.py:826} INFO - Processing file /home/alan/repos/pipeline_airflow/pipeline-airflow-venv/lib/python3.11/site-packages/airflow/example_dags/example_python_operator.py for tasks to queue
[2023-08-15T19:12:39.495-0300] {logging_mixin.py:150} INFO - [2023-08-15T19:12:39.494-0300] {dagbag.py:541} INFO - Filling up the DagBag from /home/alan/repos/pipeline_airflow/pipeline-airflow-venv/lib/python3.11/site-packages/airflow/example_dags/example_python_operator.py
[2023-08-15T19:12:39.511-0300] {logging_mixin.py:150} INFO - [2023-08-15T19:12:39.510-0300] {example_python_operator.py:90} WARNING - The virtalenv_python example task requires virtualenv, please install it.
[2023-08-15T19:12:39.512-0300] {processor.py:836} INFO - DAG(s) dict_keys(['example_python_operator']) retrieved from /home/alan/repos/pipeline_airflow/pipeline-airflow-venv/lib/python3.11/site-packages/airflow/example_dags/example_python_operator.py
[2023-08-15T19:12:39.544-0300] {logging_mixin.py:150} INFO - [2023-08-15T19:12:39.544-0300] {dag.py:2742} INFO - Sync 1 DAGs
[2023-08-15T19:12:39.579-0300] {logging_mixin.py:150} INFO - [2023-08-15T19:12:39.578-0300] {dag.py:3504} INFO - Setting next_dagrun for example_python_operator to None, run_after=None
[2023-08-15T19:12:39.696-0300] {processor.py:179} INFO - Processing /home/alan/repos/pipeline_airflow/pipeline-airflow-venv/lib/python3.11/site-packages/airflow/example_dags/example_python_operator.py took 0.210 seconds
[2023-08-15T19:13:39.312-0300] {processor.py:157} INFO - Started process (PID=30115) to work on /home/alan/repos/pipeline_airflow/pipeline-airflow-venv/lib/python3.11/site-packages/airflow/example_dags/example_python_operator.py
[2023-08-15T19:13:39.322-0300] {processor.py:826} INFO - Processing file /home/alan/repos/pipeline_airflow/pipeline-airflow-venv/lib/python3.11/site-packages/airflow/example_dags/example_python_operator.py for tasks to queue
[2023-08-15T19:13:39.323-0300] {logging_mixin.py:150} INFO - [2023-08-15T19:13:39.323-0300] {dagbag.py:541} INFO - Filling up the DagBag from /home/alan/repos/pipeline_airflow/pipeline-airflow-venv/lib/python3.11/site-packages/airflow/example_dags/example_python_operator.py
[2023-08-15T19:13:39.360-0300] {logging_mixin.py:150} INFO - [2023-08-15T19:13:39.359-0300] {example_python_operator.py:90} WARNING - The virtalenv_python example task requires virtualenv, please install it.
[2023-08-15T19:13:39.361-0300] {processor.py:836} INFO - DAG(s) dict_keys(['example_python_operator']) retrieved from /home/alan/repos/pipeline_airflow/pipeline-airflow-venv/lib/python3.11/site-packages/airflow/example_dags/example_python_operator.py
[2023-08-15T19:13:39.418-0300] {logging_mixin.py:150} INFO - [2023-08-15T19:13:39.418-0300] {dag.py:2742} INFO - Sync 1 DAGs
[2023-08-15T19:13:39.483-0300] {logging_mixin.py:150} INFO - [2023-08-15T19:13:39.482-0300] {dag.py:3504} INFO - Setting next_dagrun for example_python_operator to None, run_after=None
[2023-08-15T19:13:39.597-0300] {processor.py:179} INFO - Processing /home/alan/repos/pipeline_airflow/pipeline-airflow-venv/lib/python3.11/site-packages/airflow/example_dags/example_python_operator.py took 0.290 seconds
[2023-08-15T19:14:39.783-0300] {processor.py:157} INFO - Started process (PID=30268) to work on /home/alan/repos/pipeline_airflow/pipeline-airflow-venv/lib/python3.11/site-packages/airflow/example_dags/example_python_operator.py
[2023-08-15T19:14:39.786-0300] {processor.py:826} INFO - Processing file /home/alan/repos/pipeline_airflow/pipeline-airflow-venv/lib/python3.11/site-packages/airflow/example_dags/example_python_operator.py for tasks to queue
[2023-08-15T19:14:39.787-0300] {logging_mixin.py:150} INFO - [2023-08-15T19:14:39.787-0300] {dagbag.py:541} INFO - Filling up the DagBag from /home/alan/repos/pipeline_airflow/pipeline-airflow-venv/lib/python3.11/site-packages/airflow/example_dags/example_python_operator.py
[2023-08-15T19:14:39.803-0300] {logging_mixin.py:150} INFO - [2023-08-15T19:14:39.802-0300] {example_python_operator.py:90} WARNING - The virtalenv_python example task requires virtualenv, please install it.
[2023-08-15T19:14:39.803-0300] {processor.py:836} INFO - DAG(s) dict_keys(['example_python_operator']) retrieved from /home/alan/repos/pipeline_airflow/pipeline-airflow-venv/lib/python3.11/site-packages/airflow/example_dags/example_python_operator.py
[2023-08-15T19:14:39.834-0300] {logging_mixin.py:150} INFO - [2023-08-15T19:14:39.834-0300] {dag.py:2742} INFO - Sync 1 DAGs
[2023-08-15T19:14:39.868-0300] {logging_mixin.py:150} INFO - [2023-08-15T19:14:39.868-0300] {dag.py:3504} INFO - Setting next_dagrun for example_python_operator to None, run_after=None
[2023-08-15T19:14:39.993-0300] {processor.py:179} INFO - Processing /home/alan/repos/pipeline_airflow/pipeline-airflow-venv/lib/python3.11/site-packages/airflow/example_dags/example_python_operator.py took 0.215 seconds
[2023-08-15T19:15:35.637-0300] {processor.py:157} INFO - Started process (PID=30416) to work on /home/alan/repos/pipeline_airflow/pipeline-airflow-venv/lib/python3.11/site-packages/airflow/example_dags/example_python_operator.py
[2023-08-15T19:15:35.646-0300] {processor.py:826} INFO - Processing file /home/alan/repos/pipeline_airflow/pipeline-airflow-venv/lib/python3.11/site-packages/airflow/example_dags/example_python_operator.py for tasks to queue
[2023-08-15T19:15:35.647-0300] {logging_mixin.py:150} INFO - [2023-08-15T19:15:35.647-0300] {dagbag.py:541} INFO - Filling up the DagBag from /home/alan/repos/pipeline_airflow/pipeline-airflow-venv/lib/python3.11/site-packages/airflow/example_dags/example_python_operator.py
[2023-08-15T19:15:35.684-0300] {logging_mixin.py:150} INFO - [2023-08-15T19:15:35.684-0300] {example_python_operator.py:90} WARNING - The virtalenv_python example task requires virtualenv, please install it.
[2023-08-15T19:15:35.685-0300] {processor.py:836} INFO - DAG(s) dict_keys(['example_python_operator']) retrieved from /home/alan/repos/pipeline_airflow/pipeline-airflow-venv/lib/python3.11/site-packages/airflow/example_dags/example_python_operator.py
[2023-08-15T19:15:35.735-0300] {logging_mixin.py:150} INFO - [2023-08-15T19:15:35.734-0300] {dag.py:2742} INFO - Sync 1 DAGs
[2023-08-15T19:15:35.786-0300] {logging_mixin.py:150} INFO - [2023-08-15T19:15:35.786-0300] {dag.py:3504} INFO - Setting next_dagrun for example_python_operator to None, run_after=None
[2023-08-15T19:15:35.906-0300] {processor.py:179} INFO - Processing /home/alan/repos/pipeline_airflow/pipeline-airflow-venv/lib/python3.11/site-packages/airflow/example_dags/example_python_operator.py took 0.274 seconds
[2023-08-15T19:16:34.197-0300] {processor.py:157} INFO - Started process (PID=30572) to work on /home/alan/repos/pipeline_airflow/pipeline-airflow-venv/lib/python3.11/site-packages/airflow/example_dags/example_python_operator.py
[2023-08-15T19:16:34.199-0300] {processor.py:826} INFO - Processing file /home/alan/repos/pipeline_airflow/pipeline-airflow-venv/lib/python3.11/site-packages/airflow/example_dags/example_python_operator.py for tasks to queue
[2023-08-15T19:16:34.200-0300] {logging_mixin.py:150} INFO - [2023-08-15T19:16:34.200-0300] {dagbag.py:541} INFO - Filling up the DagBag from /home/alan/repos/pipeline_airflow/pipeline-airflow-venv/lib/python3.11/site-packages/airflow/example_dags/example_python_operator.py
[2023-08-15T19:16:34.215-0300] {logging_mixin.py:150} INFO - [2023-08-15T19:16:34.215-0300] {example_python_operator.py:90} WARNING - The virtalenv_python example task requires virtualenv, please install it.
[2023-08-15T19:16:34.216-0300] {processor.py:836} INFO - DAG(s) dict_keys(['example_python_operator']) retrieved from /home/alan/repos/pipeline_airflow/pipeline-airflow-venv/lib/python3.11/site-packages/airflow/example_dags/example_python_operator.py
[2023-08-15T19:16:34.253-0300] {logging_mixin.py:150} INFO - [2023-08-15T19:16:34.253-0300] {dag.py:2742} INFO - Sync 1 DAGs
[2023-08-15T19:16:34.288-0300] {logging_mixin.py:150} INFO - [2023-08-15T19:16:34.288-0300] {dag.py:3504} INFO - Setting next_dagrun for example_python_operator to None, run_after=None
[2023-08-15T19:16:34.425-0300] {processor.py:179} INFO - Processing /home/alan/repos/pipeline_airflow/pipeline-airflow-venv/lib/python3.11/site-packages/airflow/example_dags/example_python_operator.py took 0.232 seconds
[2023-08-15T19:17:35.819-0300] {processor.py:157} INFO - Started process (PID=30732) to work on /home/alan/repos/pipeline_airflow/pipeline-airflow-venv/lib/python3.11/site-packages/airflow/example_dags/example_python_operator.py
[2023-08-15T19:17:35.821-0300] {processor.py:826} INFO - Processing file /home/alan/repos/pipeline_airflow/pipeline-airflow-venv/lib/python3.11/site-packages/airflow/example_dags/example_python_operator.py for tasks to queue
[2023-08-15T19:17:35.823-0300] {logging_mixin.py:150} INFO - [2023-08-15T19:17:35.822-0300] {dagbag.py:541} INFO - Filling up the DagBag from /home/alan/repos/pipeline_airflow/pipeline-airflow-venv/lib/python3.11/site-packages/airflow/example_dags/example_python_operator.py
[2023-08-15T19:17:35.839-0300] {logging_mixin.py:150} INFO - [2023-08-15T19:17:35.839-0300] {example_python_operator.py:90} WARNING - The virtalenv_python example task requires virtualenv, please install it.
[2023-08-15T19:17:35.840-0300] {processor.py:836} INFO - DAG(s) dict_keys(['example_python_operator']) retrieved from /home/alan/repos/pipeline_airflow/pipeline-airflow-venv/lib/python3.11/site-packages/airflow/example_dags/example_python_operator.py
[2023-08-15T19:17:35.872-0300] {logging_mixin.py:150} INFO - [2023-08-15T19:17:35.871-0300] {dag.py:2742} INFO - Sync 1 DAGs
[2023-08-15T19:17:35.907-0300] {logging_mixin.py:150} INFO - [2023-08-15T19:17:35.907-0300] {dag.py:3504} INFO - Setting next_dagrun for example_python_operator to None, run_after=None
[2023-08-15T19:17:36.002-0300] {processor.py:179} INFO - Processing /home/alan/repos/pipeline_airflow/pipeline-airflow-venv/lib/python3.11/site-packages/airflow/example_dags/example_python_operator.py took 0.190 seconds
[2023-08-15T19:18:34.349-0300] {processor.py:157} INFO - Started process (PID=30884) to work on /home/alan/repos/pipeline_airflow/pipeline-airflow-venv/lib/python3.11/site-packages/airflow/example_dags/example_python_operator.py
[2023-08-15T19:18:34.358-0300] {processor.py:826} INFO - Processing file /home/alan/repos/pipeline_airflow/pipeline-airflow-venv/lib/python3.11/site-packages/airflow/example_dags/example_python_operator.py for tasks to queue
[2023-08-15T19:18:34.360-0300] {logging_mixin.py:150} INFO - [2023-08-15T19:18:34.359-0300] {dagbag.py:541} INFO - Filling up the DagBag from /home/alan/repos/pipeline_airflow/pipeline-airflow-venv/lib/python3.11/site-packages/airflow/example_dags/example_python_operator.py
[2023-08-15T19:18:34.375-0300] {logging_mixin.py:150} INFO - [2023-08-15T19:18:34.375-0300] {example_python_operator.py:90} WARNING - The virtalenv_python example task requires virtualenv, please install it.
[2023-08-15T19:18:34.376-0300] {processor.py:836} INFO - DAG(s) dict_keys(['example_python_operator']) retrieved from /home/alan/repos/pipeline_airflow/pipeline-airflow-venv/lib/python3.11/site-packages/airflow/example_dags/example_python_operator.py
[2023-08-15T19:18:34.407-0300] {logging_mixin.py:150} INFO - [2023-08-15T19:18:34.407-0300] {dag.py:2742} INFO - Sync 1 DAGs
[2023-08-15T19:18:34.442-0300] {logging_mixin.py:150} INFO - [2023-08-15T19:18:34.441-0300] {dag.py:3504} INFO - Setting next_dagrun for example_python_operator to None, run_after=None
[2023-08-15T19:18:34.553-0300] {processor.py:179} INFO - Processing /home/alan/repos/pipeline_airflow/pipeline-airflow-venv/lib/python3.11/site-packages/airflow/example_dags/example_python_operator.py took 0.210 seconds
[2023-08-15T19:19:30.953-0300] {processor.py:157} INFO - Started process (PID=31027) to work on /home/alan/repos/pipeline_airflow/pipeline-airflow-venv/lib/python3.11/site-packages/airflow/example_dags/example_python_operator.py
[2023-08-15T19:19:30.970-0300] {processor.py:826} INFO - Processing file /home/alan/repos/pipeline_airflow/pipeline-airflow-venv/lib/python3.11/site-packages/airflow/example_dags/example_python_operator.py for tasks to queue
[2023-08-15T19:19:30.972-0300] {logging_mixin.py:150} INFO - [2023-08-15T19:19:30.971-0300] {dagbag.py:541} INFO - Filling up the DagBag from /home/alan/repos/pipeline_airflow/pipeline-airflow-venv/lib/python3.11/site-packages/airflow/example_dags/example_python_operator.py
[2023-08-15T19:19:30.992-0300] {logging_mixin.py:150} INFO - [2023-08-15T19:19:30.991-0300] {example_python_operator.py:90} WARNING - The virtalenv_python example task requires virtualenv, please install it.
[2023-08-15T19:19:30.993-0300] {processor.py:836} INFO - DAG(s) dict_keys(['example_python_operator']) retrieved from /home/alan/repos/pipeline_airflow/pipeline-airflow-venv/lib/python3.11/site-packages/airflow/example_dags/example_python_operator.py
[2023-08-15T19:19:31.028-0300] {logging_mixin.py:150} INFO - [2023-08-15T19:19:31.027-0300] {dag.py:2742} INFO - Sync 1 DAGs
[2023-08-15T19:19:31.064-0300] {logging_mixin.py:150} INFO - [2023-08-15T19:19:31.064-0300] {dag.py:3504} INFO - Setting next_dagrun for example_python_operator to None, run_after=None
[2023-08-15T19:19:31.190-0300] {processor.py:179} INFO - Processing /home/alan/repos/pipeline_airflow/pipeline-airflow-venv/lib/python3.11/site-packages/airflow/example_dags/example_python_operator.py took 0.242 seconds
[2023-08-15T19:20:34.155-0300] {processor.py:157} INFO - Started process (PID=31250) to work on /home/alan/repos/pipeline_airflow/pipeline-airflow-venv/lib/python3.11/site-packages/airflow/example_dags/example_python_operator.py
[2023-08-15T19:20:34.160-0300] {processor.py:826} INFO - Processing file /home/alan/repos/pipeline_airflow/pipeline-airflow-venv/lib/python3.11/site-packages/airflow/example_dags/example_python_operator.py for tasks to queue
[2023-08-15T19:20:34.162-0300] {logging_mixin.py:150} INFO - [2023-08-15T19:20:34.161-0300] {dagbag.py:541} INFO - Filling up the DagBag from /home/alan/repos/pipeline_airflow/pipeline-airflow-venv/lib/python3.11/site-packages/airflow/example_dags/example_python_operator.py
[2023-08-15T19:20:34.178-0300] {logging_mixin.py:150} INFO - [2023-08-15T19:20:34.177-0300] {example_python_operator.py:90} WARNING - The virtalenv_python example task requires virtualenv, please install it.
[2023-08-15T19:20:34.179-0300] {processor.py:836} INFO - DAG(s) dict_keys(['example_python_operator']) retrieved from /home/alan/repos/pipeline_airflow/pipeline-airflow-venv/lib/python3.11/site-packages/airflow/example_dags/example_python_operator.py
[2023-08-15T19:20:34.213-0300] {logging_mixin.py:150} INFO - [2023-08-15T19:20:34.212-0300] {dag.py:2742} INFO - Sync 1 DAGs
[2023-08-15T19:20:34.255-0300] {logging_mixin.py:150} INFO - [2023-08-15T19:20:34.254-0300] {dag.py:3504} INFO - Setting next_dagrun for example_python_operator to None, run_after=None
[2023-08-15T19:20:34.363-0300] {processor.py:179} INFO - Processing /home/alan/repos/pipeline_airflow/pipeline-airflow-venv/lib/python3.11/site-packages/airflow/example_dags/example_python_operator.py took 0.216 seconds
[2023-08-15T19:21:47.719-0300] {processor.py:157} INFO - Started process (PID=31588) to work on /home/alan/repos/pipeline_airflow/pipeline-airflow-venv/lib/python3.11/site-packages/airflow/example_dags/example_python_operator.py
[2023-08-15T19:21:47.722-0300] {processor.py:826} INFO - Processing file /home/alan/repos/pipeline_airflow/pipeline-airflow-venv/lib/python3.11/site-packages/airflow/example_dags/example_python_operator.py for tasks to queue
[2023-08-15T19:21:47.724-0300] {logging_mixin.py:150} INFO - [2023-08-15T19:21:47.723-0300] {dagbag.py:541} INFO - Filling up the DagBag from /home/alan/repos/pipeline_airflow/pipeline-airflow-venv/lib/python3.11/site-packages/airflow/example_dags/example_python_operator.py
[2023-08-15T19:21:47.740-0300] {logging_mixin.py:150} INFO - [2023-08-15T19:21:47.740-0300] {example_python_operator.py:90} WARNING - The virtalenv_python example task requires virtualenv, please install it.
[2023-08-15T19:21:47.741-0300] {processor.py:836} INFO - DAG(s) dict_keys(['example_python_operator']) retrieved from /home/alan/repos/pipeline_airflow/pipeline-airflow-venv/lib/python3.11/site-packages/airflow/example_dags/example_python_operator.py
[2023-08-15T19:21:47.776-0300] {logging_mixin.py:150} INFO - [2023-08-15T19:21:47.776-0300] {dag.py:2742} INFO - Sync 1 DAGs
[2023-08-15T19:21:47.813-0300] {logging_mixin.py:150} INFO - [2023-08-15T19:21:47.813-0300] {dag.py:3504} INFO - Setting next_dagrun for example_python_operator to None, run_after=None
[2023-08-15T19:21:47.913-0300] {processor.py:179} INFO - Processing /home/alan/repos/pipeline_airflow/pipeline-airflow-venv/lib/python3.11/site-packages/airflow/example_dags/example_python_operator.py took 0.201 seconds
