[2023-08-15T18:20:01.711-0300] {processor.py:157} INFO - Started process (PID=18409) to work on /home/alan/repos/pipeline_airflow/pipeline-airflow-venv/lib/python3.11/site-packages/airflow/example_dags/example_latest_only.py
[2023-08-15T18:20:01.713-0300] {processor.py:826} INFO - Processing file /home/alan/repos/pipeline_airflow/pipeline-airflow-venv/lib/python3.11/site-packages/airflow/example_dags/example_latest_only.py for tasks to queue
[2023-08-15T18:20:01.714-0300] {logging_mixin.py:150} INFO - [2023-08-15T18:20:01.714-0300] {dagbag.py:541} INFO - Filling up the DagBag from /home/alan/repos/pipeline_airflow/pipeline-airflow-venv/lib/python3.11/site-packages/airflow/example_dags/example_latest_only.py
[2023-08-15T18:20:01.727-0300] {processor.py:836} INFO - DAG(s) dict_keys(['latest_only']) retrieved from /home/alan/repos/pipeline_airflow/pipeline-airflow-venv/lib/python3.11/site-packages/airflow/example_dags/example_latest_only.py
[2023-08-15T18:20:02.066-0300] {logging_mixin.py:150} INFO - [2023-08-15T18:20:02.066-0300] {manager.py:504} INFO - Created Permission View: can delete on DAG:latest_only
[2023-08-15T18:20:02.166-0300] {logging_mixin.py:150} INFO - [2023-08-15T18:20:02.165-0300] {manager.py:504} INFO - Created Permission View: can edit on DAG:latest_only
[2023-08-15T18:20:02.254-0300] {logging_mixin.py:150} INFO - [2023-08-15T18:20:02.253-0300] {manager.py:504} INFO - Created Permission View: can read on DAG:latest_only
[2023-08-15T18:20:02.284-0300] {logging_mixin.py:150} INFO - [2023-08-15T18:20:02.284-0300] {dag.py:2742} INFO - Sync 1 DAGs
[2023-08-15T18:20:02.302-0300] {logging_mixin.py:150} INFO - [2023-08-15T18:20:02.302-0300] {dag.py:2763} INFO - Creating ORM DAG for latest_only
[2023-08-15T18:20:02.320-0300] {logging_mixin.py:150} INFO - [2023-08-15T18:20:02.319-0300] {dag.py:3504} INFO - Setting next_dagrun for latest_only to 2023-08-15T17:20:02.318736+00:00, run_after=2023-08-15T21:20:02.318736+00:00
[2023-08-15T18:20:02.464-0300] {processor.py:179} INFO - Processing /home/alan/repos/pipeline_airflow/pipeline-airflow-venv/lib/python3.11/site-packages/airflow/example_dags/example_latest_only.py took 0.758 seconds
[2023-08-15T18:21:16.498-0300] {processor.py:157} INFO - Started process (PID=18875) to work on /home/alan/repos/pipeline_airflow/pipeline-airflow-venv/lib/python3.11/site-packages/airflow/example_dags/example_latest_only.py
[2023-08-15T18:21:16.508-0300] {processor.py:826} INFO - Processing file /home/alan/repos/pipeline_airflow/pipeline-airflow-venv/lib/python3.11/site-packages/airflow/example_dags/example_latest_only.py for tasks to queue
[2023-08-15T18:21:16.510-0300] {logging_mixin.py:150} INFO - [2023-08-15T18:21:16.509-0300] {dagbag.py:541} INFO - Filling up the DagBag from /home/alan/repos/pipeline_airflow/pipeline-airflow-venv/lib/python3.11/site-packages/airflow/example_dags/example_latest_only.py
[2023-08-15T18:21:16.523-0300] {processor.py:836} INFO - DAG(s) dict_keys(['latest_only']) retrieved from /home/alan/repos/pipeline_airflow/pipeline-airflow-venv/lib/python3.11/site-packages/airflow/example_dags/example_latest_only.py
[2023-08-15T18:21:16.557-0300] {logging_mixin.py:150} INFO - [2023-08-15T18:21:16.557-0300] {dag.py:2742} INFO - Sync 1 DAGs
[2023-08-15T18:21:16.601-0300] {logging_mixin.py:150} INFO - [2023-08-15T18:21:16.600-0300] {dag.py:3504} INFO - Setting next_dagrun for latest_only to 2023-08-15T17:21:16.600370+00:00, run_after=2023-08-15T21:21:16.600370+00:00
[2023-08-15T18:21:16.757-0300] {processor.py:179} INFO - Processing /home/alan/repos/pipeline_airflow/pipeline-airflow-venv/lib/python3.11/site-packages/airflow/example_dags/example_latest_only.py took 0.264 seconds
[2023-08-15T18:22:12.015-0300] {processor.py:157} INFO - Started process (PID=19079) to work on /home/alan/repos/pipeline_airflow/pipeline-airflow-venv/lib/python3.11/site-packages/airflow/example_dags/example_latest_only.py
[2023-08-15T18:22:12.016-0300] {processor.py:826} INFO - Processing file /home/alan/repos/pipeline_airflow/pipeline-airflow-venv/lib/python3.11/site-packages/airflow/example_dags/example_latest_only.py for tasks to queue
[2023-08-15T18:22:12.018-0300] {logging_mixin.py:150} INFO - [2023-08-15T18:22:12.017-0300] {dagbag.py:541} INFO - Filling up the DagBag from /home/alan/repos/pipeline_airflow/pipeline-airflow-venv/lib/python3.11/site-packages/airflow/example_dags/example_latest_only.py
[2023-08-15T18:22:12.028-0300] {processor.py:836} INFO - DAG(s) dict_keys(['latest_only']) retrieved from /home/alan/repos/pipeline_airflow/pipeline-airflow-venv/lib/python3.11/site-packages/airflow/example_dags/example_latest_only.py
[2023-08-15T18:22:12.060-0300] {logging_mixin.py:150} INFO - [2023-08-15T18:22:12.059-0300] {dag.py:2742} INFO - Sync 1 DAGs
[2023-08-15T18:22:12.098-0300] {logging_mixin.py:150} INFO - [2023-08-15T18:22:12.097-0300] {dag.py:3504} INFO - Setting next_dagrun for latest_only to 2023-08-15T17:22:12.097534+00:00, run_after=2023-08-15T21:22:12.097534+00:00
[2023-08-15T18:22:12.257-0300] {processor.py:179} INFO - Processing /home/alan/repos/pipeline_airflow/pipeline-airflow-venv/lib/python3.11/site-packages/airflow/example_dags/example_latest_only.py took 0.248 seconds
[2023-08-15T18:23:21.047-0300] {processor.py:157} INFO - Started process (PID=19314) to work on /home/alan/repos/pipeline_airflow/pipeline-airflow-venv/lib/python3.11/site-packages/airflow/example_dags/example_latest_only.py
[2023-08-15T18:23:21.060-0300] {processor.py:826} INFO - Processing file /home/alan/repos/pipeline_airflow/pipeline-airflow-venv/lib/python3.11/site-packages/airflow/example_dags/example_latest_only.py for tasks to queue
[2023-08-15T18:23:21.062-0300] {logging_mixin.py:150} INFO - [2023-08-15T18:23:21.062-0300] {dagbag.py:541} INFO - Filling up the DagBag from /home/alan/repos/pipeline_airflow/pipeline-airflow-venv/lib/python3.11/site-packages/airflow/example_dags/example_latest_only.py
[2023-08-15T18:23:21.074-0300] {processor.py:836} INFO - DAG(s) dict_keys(['latest_only']) retrieved from /home/alan/repos/pipeline_airflow/pipeline-airflow-venv/lib/python3.11/site-packages/airflow/example_dags/example_latest_only.py
[2023-08-15T18:23:21.106-0300] {logging_mixin.py:150} INFO - [2023-08-15T18:23:21.106-0300] {dag.py:2742} INFO - Sync 1 DAGs
[2023-08-15T18:23:21.141-0300] {logging_mixin.py:150} INFO - [2023-08-15T18:23:21.140-0300] {dag.py:3504} INFO - Setting next_dagrun for latest_only to 2023-08-15T17:23:21.140411+00:00, run_after=2023-08-15T21:23:21.140411+00:00
[2023-08-15T18:23:21.407-0300] {processor.py:179} INFO - Processing /home/alan/repos/pipeline_airflow/pipeline-airflow-venv/lib/python3.11/site-packages/airflow/example_dags/example_latest_only.py took 0.366 seconds
[2023-08-15T18:24:29.106-0300] {processor.py:157} INFO - Started process (PID=19598) to work on /home/alan/repos/pipeline_airflow/pipeline-airflow-venv/lib/python3.11/site-packages/airflow/example_dags/example_latest_only.py
[2023-08-15T18:24:29.129-0300] {processor.py:826} INFO - Processing file /home/alan/repos/pipeline_airflow/pipeline-airflow-venv/lib/python3.11/site-packages/airflow/example_dags/example_latest_only.py for tasks to queue
[2023-08-15T18:24:29.131-0300] {logging_mixin.py:150} INFO - [2023-08-15T18:24:29.130-0300] {dagbag.py:541} INFO - Filling up the DagBag from /home/alan/repos/pipeline_airflow/pipeline-airflow-venv/lib/python3.11/site-packages/airflow/example_dags/example_latest_only.py
[2023-08-15T18:24:29.142-0300] {processor.py:836} INFO - DAG(s) dict_keys(['latest_only']) retrieved from /home/alan/repos/pipeline_airflow/pipeline-airflow-venv/lib/python3.11/site-packages/airflow/example_dags/example_latest_only.py
[2023-08-15T18:24:29.369-0300] {logging_mixin.py:150} INFO - [2023-08-15T18:24:29.368-0300] {dag.py:2742} INFO - Sync 1 DAGs
[2023-08-15T18:24:29.425-0300] {logging_mixin.py:150} INFO - [2023-08-15T18:24:29.425-0300] {dag.py:3504} INFO - Setting next_dagrun for latest_only to 2023-08-15T17:24:29.424967+00:00, run_after=2023-08-15T21:24:29.424967+00:00
[2023-08-15T18:24:29.617-0300] {processor.py:179} INFO - Processing /home/alan/repos/pipeline_airflow/pipeline-airflow-venv/lib/python3.11/site-packages/airflow/example_dags/example_latest_only.py took 0.519 seconds
[2023-08-15T18:26:40.975-0300] {processor.py:157} INFO - Started process (PID=20773) to work on /home/alan/repos/pipeline_airflow/pipeline-airflow-venv/lib/python3.11/site-packages/airflow/example_dags/example_latest_only.py
[2023-08-15T18:26:41.013-0300] {processor.py:826} INFO - Processing file /home/alan/repos/pipeline_airflow/pipeline-airflow-venv/lib/python3.11/site-packages/airflow/example_dags/example_latest_only.py for tasks to queue
[2023-08-15T18:26:41.014-0300] {logging_mixin.py:150} INFO - [2023-08-15T18:26:41.014-0300] {dagbag.py:541} INFO - Filling up the DagBag from /home/alan/repos/pipeline_airflow/pipeline-airflow-venv/lib/python3.11/site-packages/airflow/example_dags/example_latest_only.py
[2023-08-15T18:26:41.090-0300] {processor.py:836} INFO - DAG(s) dict_keys(['latest_only']) retrieved from /home/alan/repos/pipeline_airflow/pipeline-airflow-venv/lib/python3.11/site-packages/airflow/example_dags/example_latest_only.py
[2023-08-15T18:26:41.147-0300] {logging_mixin.py:150} INFO - [2023-08-15T18:26:41.147-0300] {dag.py:2742} INFO - Sync 1 DAGs
[2023-08-15T18:26:41.211-0300] {logging_mixin.py:150} INFO - [2023-08-15T18:26:41.211-0300] {dag.py:3504} INFO - Setting next_dagrun for latest_only to 2023-08-15T17:26:41.210936+00:00, run_after=2023-08-15T21:26:41.210936+00:00
[2023-08-15T18:26:41.319-0300] {processor.py:179} INFO - Processing /home/alan/repos/pipeline_airflow/pipeline-airflow-venv/lib/python3.11/site-packages/airflow/example_dags/example_latest_only.py took 0.354 seconds
[2023-08-15T18:27:44.328-0300] {processor.py:157} INFO - Started process (PID=21002) to work on /home/alan/repos/pipeline_airflow/pipeline-airflow-venv/lib/python3.11/site-packages/airflow/example_dags/example_latest_only.py
[2023-08-15T18:27:44.344-0300] {processor.py:826} INFO - Processing file /home/alan/repos/pipeline_airflow/pipeline-airflow-venv/lib/python3.11/site-packages/airflow/example_dags/example_latest_only.py for tasks to queue
[2023-08-15T18:27:44.346-0300] {logging_mixin.py:150} INFO - [2023-08-15T18:27:44.345-0300] {dagbag.py:541} INFO - Filling up the DagBag from /home/alan/repos/pipeline_airflow/pipeline-airflow-venv/lib/python3.11/site-packages/airflow/example_dags/example_latest_only.py
[2023-08-15T18:27:44.361-0300] {processor.py:836} INFO - DAG(s) dict_keys(['latest_only']) retrieved from /home/alan/repos/pipeline_airflow/pipeline-airflow-venv/lib/python3.11/site-packages/airflow/example_dags/example_latest_only.py
[2023-08-15T18:27:44.390-0300] {logging_mixin.py:150} INFO - [2023-08-15T18:27:44.390-0300] {dag.py:2742} INFO - Sync 1 DAGs
[2023-08-15T18:27:44.436-0300] {logging_mixin.py:150} INFO - [2023-08-15T18:27:44.436-0300] {dag.py:3504} INFO - Setting next_dagrun for latest_only to 2023-08-15T17:27:44.436000+00:00, run_after=2023-08-15T21:27:44.436000+00:00
[2023-08-15T18:27:44.572-0300] {processor.py:179} INFO - Processing /home/alan/repos/pipeline_airflow/pipeline-airflow-venv/lib/python3.11/site-packages/airflow/example_dags/example_latest_only.py took 0.256 seconds
[2023-08-15T18:28:43.378-0300] {processor.py:157} INFO - Started process (PID=21246) to work on /home/alan/repos/pipeline_airflow/pipeline-airflow-venv/lib/python3.11/site-packages/airflow/example_dags/example_latest_only.py
[2023-08-15T18:28:43.391-0300] {processor.py:826} INFO - Processing file /home/alan/repos/pipeline_airflow/pipeline-airflow-venv/lib/python3.11/site-packages/airflow/example_dags/example_latest_only.py for tasks to queue
[2023-08-15T18:28:43.394-0300] {logging_mixin.py:150} INFO - [2023-08-15T18:28:43.393-0300] {dagbag.py:541} INFO - Filling up the DagBag from /home/alan/repos/pipeline_airflow/pipeline-airflow-venv/lib/python3.11/site-packages/airflow/example_dags/example_latest_only.py
[2023-08-15T18:28:43.406-0300] {processor.py:836} INFO - DAG(s) dict_keys(['latest_only']) retrieved from /home/alan/repos/pipeline_airflow/pipeline-airflow-venv/lib/python3.11/site-packages/airflow/example_dags/example_latest_only.py
[2023-08-15T18:28:43.439-0300] {logging_mixin.py:150} INFO - [2023-08-15T18:28:43.438-0300] {dag.py:2742} INFO - Sync 1 DAGs
[2023-08-15T18:28:43.475-0300] {logging_mixin.py:150} INFO - [2023-08-15T18:28:43.475-0300] {dag.py:3504} INFO - Setting next_dagrun for latest_only to 2023-08-15T17:28:43.474712+00:00, run_after=2023-08-15T21:28:43.474712+00:00
[2023-08-15T18:28:43.620-0300] {processor.py:179} INFO - Processing /home/alan/repos/pipeline_airflow/pipeline-airflow-venv/lib/python3.11/site-packages/airflow/example_dags/example_latest_only.py took 0.248 seconds
[2023-08-15T18:29:45.426-0300] {processor.py:157} INFO - Started process (PID=21476) to work on /home/alan/repos/pipeline_airflow/pipeline-airflow-venv/lib/python3.11/site-packages/airflow/example_dags/example_latest_only.py
[2023-08-15T18:29:45.436-0300] {processor.py:826} INFO - Processing file /home/alan/repos/pipeline_airflow/pipeline-airflow-venv/lib/python3.11/site-packages/airflow/example_dags/example_latest_only.py for tasks to queue
[2023-08-15T18:29:45.437-0300] {logging_mixin.py:150} INFO - [2023-08-15T18:29:45.437-0300] {dagbag.py:541} INFO - Filling up the DagBag from /home/alan/repos/pipeline_airflow/pipeline-airflow-venv/lib/python3.11/site-packages/airflow/example_dags/example_latest_only.py
[2023-08-15T18:29:45.447-0300] {processor.py:836} INFO - DAG(s) dict_keys(['latest_only']) retrieved from /home/alan/repos/pipeline_airflow/pipeline-airflow-venv/lib/python3.11/site-packages/airflow/example_dags/example_latest_only.py
[2023-08-15T18:29:45.475-0300] {logging_mixin.py:150} INFO - [2023-08-15T18:29:45.474-0300] {dag.py:2742} INFO - Sync 1 DAGs
[2023-08-15T18:29:45.509-0300] {logging_mixin.py:150} INFO - [2023-08-15T18:29:45.509-0300] {dag.py:3504} INFO - Setting next_dagrun for latest_only to 2023-08-15T17:29:45.508914+00:00, run_after=2023-08-15T21:29:45.508914+00:00
[2023-08-15T18:29:45.650-0300] {processor.py:179} INFO - Processing /home/alan/repos/pipeline_airflow/pipeline-airflow-venv/lib/python3.11/site-packages/airflow/example_dags/example_latest_only.py took 0.229 seconds
[2023-08-15T18:30:41.949-0300] {processor.py:157} INFO - Started process (PID=21691) to work on /home/alan/repos/pipeline_airflow/pipeline-airflow-venv/lib/python3.11/site-packages/airflow/example_dags/example_latest_only.py
[2023-08-15T18:30:41.959-0300] {processor.py:826} INFO - Processing file /home/alan/repos/pipeline_airflow/pipeline-airflow-venv/lib/python3.11/site-packages/airflow/example_dags/example_latest_only.py for tasks to queue
[2023-08-15T18:30:41.961-0300] {logging_mixin.py:150} INFO - [2023-08-15T18:30:41.960-0300] {dagbag.py:541} INFO - Filling up the DagBag from /home/alan/repos/pipeline_airflow/pipeline-airflow-venv/lib/python3.11/site-packages/airflow/example_dags/example_latest_only.py
[2023-08-15T18:30:41.978-0300] {processor.py:836} INFO - DAG(s) dict_keys(['latest_only']) retrieved from /home/alan/repos/pipeline_airflow/pipeline-airflow-venv/lib/python3.11/site-packages/airflow/example_dags/example_latest_only.py
[2023-08-15T18:30:42.019-0300] {logging_mixin.py:150} INFO - [2023-08-15T18:30:42.019-0300] {dag.py:2742} INFO - Sync 1 DAGs
[2023-08-15T18:30:42.088-0300] {logging_mixin.py:150} INFO - [2023-08-15T18:30:42.085-0300] {dag.py:3504} INFO - Setting next_dagrun for latest_only to 2023-08-15T17:30:42.084786+00:00, run_after=2023-08-15T21:30:42.084786+00:00
[2023-08-15T18:30:42.234-0300] {processor.py:179} INFO - Processing /home/alan/repos/pipeline_airflow/pipeline-airflow-venv/lib/python3.11/site-packages/airflow/example_dags/example_latest_only.py took 0.291 seconds
[2023-08-15T18:31:37.235-0300] {processor.py:157} INFO - Started process (PID=21882) to work on /home/alan/repos/pipeline_airflow/pipeline-airflow-venv/lib/python3.11/site-packages/airflow/example_dags/example_latest_only.py
[2023-08-15T18:31:37.242-0300] {processor.py:826} INFO - Processing file /home/alan/repos/pipeline_airflow/pipeline-airflow-venv/lib/python3.11/site-packages/airflow/example_dags/example_latest_only.py for tasks to queue
[2023-08-15T18:31:37.245-0300] {logging_mixin.py:150} INFO - [2023-08-15T18:31:37.244-0300] {dagbag.py:541} INFO - Filling up the DagBag from /home/alan/repos/pipeline_airflow/pipeline-airflow-venv/lib/python3.11/site-packages/airflow/example_dags/example_latest_only.py
[2023-08-15T18:31:37.258-0300] {processor.py:836} INFO - DAG(s) dict_keys(['latest_only']) retrieved from /home/alan/repos/pipeline_airflow/pipeline-airflow-venv/lib/python3.11/site-packages/airflow/example_dags/example_latest_only.py
[2023-08-15T18:31:37.292-0300] {logging_mixin.py:150} INFO - [2023-08-15T18:31:37.291-0300] {dag.py:2742} INFO - Sync 1 DAGs
[2023-08-15T18:31:37.336-0300] {logging_mixin.py:150} INFO - [2023-08-15T18:31:37.336-0300] {dag.py:3504} INFO - Setting next_dagrun for latest_only to 2023-08-15T17:31:37.335565+00:00, run_after=2023-08-15T21:31:37.335565+00:00
[2023-08-15T18:31:37.584-0300] {processor.py:179} INFO - Processing /home/alan/repos/pipeline_airflow/pipeline-airflow-venv/lib/python3.11/site-packages/airflow/example_dags/example_latest_only.py took 0.363 seconds
[2023-08-15T18:32:33.327-0300] {processor.py:157} INFO - Started process (PID=22101) to work on /home/alan/repos/pipeline_airflow/pipeline-airflow-venv/lib/python3.11/site-packages/airflow/example_dags/example_latest_only.py
[2023-08-15T18:32:33.371-0300] {processor.py:826} INFO - Processing file /home/alan/repos/pipeline_airflow/pipeline-airflow-venv/lib/python3.11/site-packages/airflow/example_dags/example_latest_only.py for tasks to queue
[2023-08-15T18:32:33.373-0300] {logging_mixin.py:150} INFO - [2023-08-15T18:32:33.372-0300] {dagbag.py:541} INFO - Filling up the DagBag from /home/alan/repos/pipeline_airflow/pipeline-airflow-venv/lib/python3.11/site-packages/airflow/example_dags/example_latest_only.py
[2023-08-15T18:32:33.385-0300] {processor.py:836} INFO - DAG(s) dict_keys(['latest_only']) retrieved from /home/alan/repos/pipeline_airflow/pipeline-airflow-venv/lib/python3.11/site-packages/airflow/example_dags/example_latest_only.py
[2023-08-15T18:32:33.415-0300] {logging_mixin.py:150} INFO - [2023-08-15T18:32:33.415-0300] {dag.py:2742} INFO - Sync 1 DAGs
[2023-08-15T18:32:33.456-0300] {logging_mixin.py:150} INFO - [2023-08-15T18:32:33.455-0300] {dag.py:3504} INFO - Setting next_dagrun for latest_only to 2023-08-15T17:32:33.455282+00:00, run_after=2023-08-15T21:32:33.455282+00:00
[2023-08-15T18:32:33.591-0300] {processor.py:179} INFO - Processing /home/alan/repos/pipeline_airflow/pipeline-airflow-venv/lib/python3.11/site-packages/airflow/example_dags/example_latest_only.py took 0.269 seconds
[2023-08-15T18:33:30.682-0300] {processor.py:157} INFO - Started process (PID=22317) to work on /home/alan/repos/pipeline_airflow/pipeline-airflow-venv/lib/python3.11/site-packages/airflow/example_dags/example_latest_only.py
[2023-08-15T18:33:30.691-0300] {processor.py:826} INFO - Processing file /home/alan/repos/pipeline_airflow/pipeline-airflow-venv/lib/python3.11/site-packages/airflow/example_dags/example_latest_only.py for tasks to queue
[2023-08-15T18:33:30.693-0300] {logging_mixin.py:150} INFO - [2023-08-15T18:33:30.692-0300] {dagbag.py:541} INFO - Filling up the DagBag from /home/alan/repos/pipeline_airflow/pipeline-airflow-venv/lib/python3.11/site-packages/airflow/example_dags/example_latest_only.py
[2023-08-15T18:33:30.713-0300] {processor.py:836} INFO - DAG(s) dict_keys(['latest_only']) retrieved from /home/alan/repos/pipeline_airflow/pipeline-airflow-venv/lib/python3.11/site-packages/airflow/example_dags/example_latest_only.py
[2023-08-15T18:33:30.781-0300] {logging_mixin.py:150} INFO - [2023-08-15T18:33:30.781-0300] {dag.py:2742} INFO - Sync 1 DAGs
[2023-08-15T18:33:30.846-0300] {logging_mixin.py:150} INFO - [2023-08-15T18:33:30.846-0300] {dag.py:3504} INFO - Setting next_dagrun for latest_only to 2023-08-15T17:33:30.846257+00:00, run_after=2023-08-15T21:33:30.846257+00:00
[2023-08-15T18:33:30.983-0300] {processor.py:179} INFO - Processing /home/alan/repos/pipeline_airflow/pipeline-airflow-venv/lib/python3.11/site-packages/airflow/example_dags/example_latest_only.py took 0.316 seconds
[2023-08-15T18:34:26.600-0300] {processor.py:157} INFO - Started process (PID=22520) to work on /home/alan/repos/pipeline_airflow/pipeline-airflow-venv/lib/python3.11/site-packages/airflow/example_dags/example_latest_only.py
[2023-08-15T18:34:26.606-0300] {processor.py:826} INFO - Processing file /home/alan/repos/pipeline_airflow/pipeline-airflow-venv/lib/python3.11/site-packages/airflow/example_dags/example_latest_only.py for tasks to queue
[2023-08-15T18:34:26.608-0300] {logging_mixin.py:150} INFO - [2023-08-15T18:34:26.607-0300] {dagbag.py:541} INFO - Filling up the DagBag from /home/alan/repos/pipeline_airflow/pipeline-airflow-venv/lib/python3.11/site-packages/airflow/example_dags/example_latest_only.py
[2023-08-15T18:34:26.619-0300] {processor.py:836} INFO - DAG(s) dict_keys(['latest_only']) retrieved from /home/alan/repos/pipeline_airflow/pipeline-airflow-venv/lib/python3.11/site-packages/airflow/example_dags/example_latest_only.py
[2023-08-15T18:34:26.646-0300] {logging_mixin.py:150} INFO - [2023-08-15T18:34:26.646-0300] {dag.py:2742} INFO - Sync 1 DAGs
[2023-08-15T18:34:26.682-0300] {logging_mixin.py:150} INFO - [2023-08-15T18:34:26.681-0300] {dag.py:3504} INFO - Setting next_dagrun for latest_only to 2023-08-15T17:34:26.681400+00:00, run_after=2023-08-15T21:34:26.681400+00:00
[2023-08-15T18:34:26.805-0300] {processor.py:179} INFO - Processing /home/alan/repos/pipeline_airflow/pipeline-airflow-venv/lib/python3.11/site-packages/airflow/example_dags/example_latest_only.py took 0.211 seconds
[2023-08-15T18:35:20.935-0300] {processor.py:157} INFO - Started process (PID=22711) to work on /home/alan/repos/pipeline_airflow/pipeline-airflow-venv/lib/python3.11/site-packages/airflow/example_dags/example_latest_only.py
[2023-08-15T18:35:20.957-0300] {processor.py:826} INFO - Processing file /home/alan/repos/pipeline_airflow/pipeline-airflow-venv/lib/python3.11/site-packages/airflow/example_dags/example_latest_only.py for tasks to queue
[2023-08-15T18:35:20.959-0300] {logging_mixin.py:150} INFO - [2023-08-15T18:35:20.958-0300] {dagbag.py:541} INFO - Filling up the DagBag from /home/alan/repos/pipeline_airflow/pipeline-airflow-venv/lib/python3.11/site-packages/airflow/example_dags/example_latest_only.py
[2023-08-15T18:35:20.973-0300] {processor.py:836} INFO - DAG(s) dict_keys(['latest_only']) retrieved from /home/alan/repos/pipeline_airflow/pipeline-airflow-venv/lib/python3.11/site-packages/airflow/example_dags/example_latest_only.py
[2023-08-15T18:35:21.006-0300] {logging_mixin.py:150} INFO - [2023-08-15T18:35:21.006-0300] {dag.py:2742} INFO - Sync 1 DAGs
[2023-08-15T18:35:21.041-0300] {logging_mixin.py:150} INFO - [2023-08-15T18:35:21.041-0300] {dag.py:3504} INFO - Setting next_dagrun for latest_only to 2023-08-15T17:35:21.040683+00:00, run_after=2023-08-15T21:35:21.040683+00:00
[2023-08-15T18:35:21.178-0300] {processor.py:179} INFO - Processing /home/alan/repos/pipeline_airflow/pipeline-airflow-venv/lib/python3.11/site-packages/airflow/example_dags/example_latest_only.py took 0.249 seconds
[2023-08-15T18:36:17.949-0300] {processor.py:157} INFO - Started process (PID=22912) to work on /home/alan/repos/pipeline_airflow/pipeline-airflow-venv/lib/python3.11/site-packages/airflow/example_dags/example_latest_only.py
[2023-08-15T18:36:17.952-0300] {processor.py:826} INFO - Processing file /home/alan/repos/pipeline_airflow/pipeline-airflow-venv/lib/python3.11/site-packages/airflow/example_dags/example_latest_only.py for tasks to queue
[2023-08-15T18:36:17.954-0300] {logging_mixin.py:150} INFO - [2023-08-15T18:36:17.953-0300] {dagbag.py:541} INFO - Filling up the DagBag from /home/alan/repos/pipeline_airflow/pipeline-airflow-venv/lib/python3.11/site-packages/airflow/example_dags/example_latest_only.py
[2023-08-15T18:36:17.977-0300] {processor.py:836} INFO - DAG(s) dict_keys(['latest_only']) retrieved from /home/alan/repos/pipeline_airflow/pipeline-airflow-venv/lib/python3.11/site-packages/airflow/example_dags/example_latest_only.py
[2023-08-15T18:36:18.037-0300] {logging_mixin.py:150} INFO - [2023-08-15T18:36:18.037-0300] {dag.py:2742} INFO - Sync 1 DAGs
[2023-08-15T18:36:18.149-0300] {logging_mixin.py:150} INFO - [2023-08-15T18:36:18.148-0300] {dag.py:3504} INFO - Setting next_dagrun for latest_only to 2023-08-15T17:36:18.148289+00:00, run_after=2023-08-15T21:36:18.148289+00:00
[2023-08-15T18:36:18.320-0300] {processor.py:179} INFO - Processing /home/alan/repos/pipeline_airflow/pipeline-airflow-venv/lib/python3.11/site-packages/airflow/example_dags/example_latest_only.py took 0.380 seconds
[2023-08-15T18:37:29.287-0300] {processor.py:157} INFO - Started process (PID=23208) to work on /home/alan/repos/pipeline_airflow/pipeline-airflow-venv/lib/python3.11/site-packages/airflow/example_dags/example_latest_only.py
[2023-08-15T18:37:29.303-0300] {processor.py:826} INFO - Processing file /home/alan/repos/pipeline_airflow/pipeline-airflow-venv/lib/python3.11/site-packages/airflow/example_dags/example_latest_only.py for tasks to queue
[2023-08-15T18:37:29.305-0300] {logging_mixin.py:150} INFO - [2023-08-15T18:37:29.304-0300] {dagbag.py:541} INFO - Filling up the DagBag from /home/alan/repos/pipeline_airflow/pipeline-airflow-venv/lib/python3.11/site-packages/airflow/example_dags/example_latest_only.py
[2023-08-15T18:37:29.316-0300] {processor.py:836} INFO - DAG(s) dict_keys(['latest_only']) retrieved from /home/alan/repos/pipeline_airflow/pipeline-airflow-venv/lib/python3.11/site-packages/airflow/example_dags/example_latest_only.py
[2023-08-15T18:37:29.355-0300] {logging_mixin.py:150} INFO - [2023-08-15T18:37:29.355-0300] {dag.py:2742} INFO - Sync 1 DAGs
[2023-08-15T18:37:29.396-0300] {logging_mixin.py:150} INFO - [2023-08-15T18:37:29.395-0300] {dag.py:3504} INFO - Setting next_dagrun for latest_only to 2023-08-15T17:37:29.394290+00:00, run_after=2023-08-15T21:37:29.394290+00:00
[2023-08-15T18:37:29.949-0300] {processor.py:179} INFO - Processing /home/alan/repos/pipeline_airflow/pipeline-airflow-venv/lib/python3.11/site-packages/airflow/example_dags/example_latest_only.py took 0.667 seconds
[2023-08-15T18:44:39.993-0300] {processor.py:157} INFO - Started process (PID=23828) to work on /home/alan/repos/pipeline_airflow/pipeline-airflow-venv/lib/python3.11/site-packages/airflow/example_dags/example_latest_only.py
[2023-08-15T18:44:40.012-0300] {processor.py:826} INFO - Processing file /home/alan/repos/pipeline_airflow/pipeline-airflow-venv/lib/python3.11/site-packages/airflow/example_dags/example_latest_only.py for tasks to queue
[2023-08-15T18:44:40.014-0300] {logging_mixin.py:150} INFO - [2023-08-15T18:44:40.014-0300] {dagbag.py:541} INFO - Filling up the DagBag from /home/alan/repos/pipeline_airflow/pipeline-airflow-venv/lib/python3.11/site-packages/airflow/example_dags/example_latest_only.py
[2023-08-15T18:44:40.027-0300] {processor.py:836} INFO - DAG(s) dict_keys(['latest_only']) retrieved from /home/alan/repos/pipeline_airflow/pipeline-airflow-venv/lib/python3.11/site-packages/airflow/example_dags/example_latest_only.py
[2023-08-15T18:44:40.056-0300] {logging_mixin.py:150} INFO - [2023-08-15T18:44:40.055-0300] {dag.py:2742} INFO - Sync 1 DAGs
[2023-08-15T18:44:40.092-0300] {logging_mixin.py:150} INFO - [2023-08-15T18:44:40.092-0300] {dag.py:3504} INFO - Setting next_dagrun for latest_only to 2023-08-15T17:44:40.091681+00:00, run_after=2023-08-15T21:44:40.091681+00:00
[2023-08-15T18:44:40.213-0300] {processor.py:179} INFO - Processing /home/alan/repos/pipeline_airflow/pipeline-airflow-venv/lib/python3.11/site-packages/airflow/example_dags/example_latest_only.py took 0.224 seconds
[2023-08-15T18:46:04.763-0300] {processor.py:157} INFO - Started process (PID=24214) to work on /home/alan/repos/pipeline_airflow/pipeline-airflow-venv/lib/python3.11/site-packages/airflow/example_dags/example_latest_only.py
[2023-08-15T18:46:04.775-0300] {processor.py:826} INFO - Processing file /home/alan/repos/pipeline_airflow/pipeline-airflow-venv/lib/python3.11/site-packages/airflow/example_dags/example_latest_only.py for tasks to queue
[2023-08-15T18:46:04.776-0300] {logging_mixin.py:150} INFO - [2023-08-15T18:46:04.776-0300] {dagbag.py:541} INFO - Filling up the DagBag from /home/alan/repos/pipeline_airflow/pipeline-airflow-venv/lib/python3.11/site-packages/airflow/example_dags/example_latest_only.py
[2023-08-15T18:46:04.790-0300] {processor.py:836} INFO - DAG(s) dict_keys(['latest_only']) retrieved from /home/alan/repos/pipeline_airflow/pipeline-airflow-venv/lib/python3.11/site-packages/airflow/example_dags/example_latest_only.py
[2023-08-15T18:46:04.821-0300] {logging_mixin.py:150} INFO - [2023-08-15T18:46:04.821-0300] {dag.py:2742} INFO - Sync 1 DAGs
[2023-08-15T18:46:04.859-0300] {logging_mixin.py:150} INFO - [2023-08-15T18:46:04.859-0300] {dag.py:3504} INFO - Setting next_dagrun for latest_only to 2023-08-15T17:46:04.859112+00:00, run_after=2023-08-15T21:46:04.859112+00:00
[2023-08-15T18:46:05.001-0300] {processor.py:179} INFO - Processing /home/alan/repos/pipeline_airflow/pipeline-airflow-venv/lib/python3.11/site-packages/airflow/example_dags/example_latest_only.py took 0.244 seconds
[2023-08-15T18:47:08.644-0300] {processor.py:157} INFO - Started process (PID=24437) to work on /home/alan/repos/pipeline_airflow/pipeline-airflow-venv/lib/python3.11/site-packages/airflow/example_dags/example_latest_only.py
[2023-08-15T18:47:08.658-0300] {processor.py:826} INFO - Processing file /home/alan/repos/pipeline_airflow/pipeline-airflow-venv/lib/python3.11/site-packages/airflow/example_dags/example_latest_only.py for tasks to queue
[2023-08-15T18:47:08.660-0300] {logging_mixin.py:150} INFO - [2023-08-15T18:47:08.659-0300] {dagbag.py:541} INFO - Filling up the DagBag from /home/alan/repos/pipeline_airflow/pipeline-airflow-venv/lib/python3.11/site-packages/airflow/example_dags/example_latest_only.py
[2023-08-15T18:47:08.674-0300] {processor.py:836} INFO - DAG(s) dict_keys(['latest_only']) retrieved from /home/alan/repos/pipeline_airflow/pipeline-airflow-venv/lib/python3.11/site-packages/airflow/example_dags/example_latest_only.py
[2023-08-15T18:47:08.708-0300] {logging_mixin.py:150} INFO - [2023-08-15T18:47:08.708-0300] {dag.py:2742} INFO - Sync 1 DAGs
[2023-08-15T18:47:08.750-0300] {logging_mixin.py:150} INFO - [2023-08-15T18:47:08.749-0300] {dag.py:3504} INFO - Setting next_dagrun for latest_only to 2023-08-15T17:47:08.749601+00:00, run_after=2023-08-15T21:47:08.749601+00:00
[2023-08-15T18:47:08.866-0300] {processor.py:179} INFO - Processing /home/alan/repos/pipeline_airflow/pipeline-airflow-venv/lib/python3.11/site-packages/airflow/example_dags/example_latest_only.py took 0.229 seconds
[2023-08-15T18:48:12.705-0300] {processor.py:157} INFO - Started process (PID=24664) to work on /home/alan/repos/pipeline_airflow/pipeline-airflow-venv/lib/python3.11/site-packages/airflow/example_dags/example_latest_only.py
[2023-08-15T18:48:12.706-0300] {processor.py:826} INFO - Processing file /home/alan/repos/pipeline_airflow/pipeline-airflow-venv/lib/python3.11/site-packages/airflow/example_dags/example_latest_only.py for tasks to queue
[2023-08-15T18:48:12.709-0300] {logging_mixin.py:150} INFO - [2023-08-15T18:48:12.708-0300] {dagbag.py:541} INFO - Filling up the DagBag from /home/alan/repos/pipeline_airflow/pipeline-airflow-venv/lib/python3.11/site-packages/airflow/example_dags/example_latest_only.py
[2023-08-15T18:48:12.720-0300] {processor.py:836} INFO - DAG(s) dict_keys(['latest_only']) retrieved from /home/alan/repos/pipeline_airflow/pipeline-airflow-venv/lib/python3.11/site-packages/airflow/example_dags/example_latest_only.py
[2023-08-15T18:48:12.754-0300] {logging_mixin.py:150} INFO - [2023-08-15T18:48:12.754-0300] {dag.py:2742} INFO - Sync 1 DAGs
[2023-08-15T18:48:12.947-0300] {logging_mixin.py:150} INFO - [2023-08-15T18:48:12.946-0300] {dag.py:3504} INFO - Setting next_dagrun for latest_only to 2023-08-15T17:48:12.946440+00:00, run_after=2023-08-15T21:48:12.946440+00:00
[2023-08-15T18:48:13.058-0300] {processor.py:179} INFO - Processing /home/alan/repos/pipeline_airflow/pipeline-airflow-venv/lib/python3.11/site-packages/airflow/example_dags/example_latest_only.py took 0.359 seconds
[2023-08-15T18:49:21.512-0300] {processor.py:157} INFO - Started process (PID=24886) to work on /home/alan/repos/pipeline_airflow/pipeline-airflow-venv/lib/python3.11/site-packages/airflow/example_dags/example_latest_only.py
[2023-08-15T18:49:21.519-0300] {processor.py:826} INFO - Processing file /home/alan/repos/pipeline_airflow/pipeline-airflow-venv/lib/python3.11/site-packages/airflow/example_dags/example_latest_only.py for tasks to queue
[2023-08-15T18:49:21.521-0300] {logging_mixin.py:150} INFO - [2023-08-15T18:49:21.520-0300] {dagbag.py:541} INFO - Filling up the DagBag from /home/alan/repos/pipeline_airflow/pipeline-airflow-venv/lib/python3.11/site-packages/airflow/example_dags/example_latest_only.py
[2023-08-15T18:49:21.542-0300] {processor.py:836} INFO - DAG(s) dict_keys(['latest_only']) retrieved from /home/alan/repos/pipeline_airflow/pipeline-airflow-venv/lib/python3.11/site-packages/airflow/example_dags/example_latest_only.py
[2023-08-15T18:49:21.589-0300] {logging_mixin.py:150} INFO - [2023-08-15T18:49:21.589-0300] {dag.py:2742} INFO - Sync 1 DAGs
[2023-08-15T18:49:21.631-0300] {logging_mixin.py:150} INFO - [2023-08-15T18:49:21.631-0300] {dag.py:3504} INFO - Setting next_dagrun for latest_only to 2023-08-15T17:49:21.630867+00:00, run_after=2023-08-15T21:49:21.630867+00:00
[2023-08-15T18:49:21.762-0300] {processor.py:179} INFO - Processing /home/alan/repos/pipeline_airflow/pipeline-airflow-venv/lib/python3.11/site-packages/airflow/example_dags/example_latest_only.py took 0.255 seconds
[2023-08-15T18:50:19.981-0300] {processor.py:157} INFO - Started process (PID=25100) to work on /home/alan/repos/pipeline_airflow/pipeline-airflow-venv/lib/python3.11/site-packages/airflow/example_dags/example_latest_only.py
[2023-08-15T18:50:19.986-0300] {processor.py:826} INFO - Processing file /home/alan/repos/pipeline_airflow/pipeline-airflow-venv/lib/python3.11/site-packages/airflow/example_dags/example_latest_only.py for tasks to queue
[2023-08-15T18:50:19.993-0300] {logging_mixin.py:150} INFO - [2023-08-15T18:50:19.992-0300] {dagbag.py:541} INFO - Filling up the DagBag from /home/alan/repos/pipeline_airflow/pipeline-airflow-venv/lib/python3.11/site-packages/airflow/example_dags/example_latest_only.py
[2023-08-15T18:50:20.006-0300] {processor.py:836} INFO - DAG(s) dict_keys(['latest_only']) retrieved from /home/alan/repos/pipeline_airflow/pipeline-airflow-venv/lib/python3.11/site-packages/airflow/example_dags/example_latest_only.py
[2023-08-15T18:50:20.041-0300] {logging_mixin.py:150} INFO - [2023-08-15T18:50:20.041-0300] {dag.py:2742} INFO - Sync 1 DAGs
[2023-08-15T18:50:20.083-0300] {logging_mixin.py:150} INFO - [2023-08-15T18:50:20.083-0300] {dag.py:3504} INFO - Setting next_dagrun for latest_only to 2023-08-15T17:50:20.082927+00:00, run_after=2023-08-15T21:50:20.082927+00:00
[2023-08-15T18:50:20.199-0300] {processor.py:179} INFO - Processing /home/alan/repos/pipeline_airflow/pipeline-airflow-venv/lib/python3.11/site-packages/airflow/example_dags/example_latest_only.py took 0.227 seconds
[2023-08-15T18:51:28.854-0300] {processor.py:157} INFO - Started process (PID=25388) to work on /home/alan/repos/pipeline_airflow/pipeline-airflow-venv/lib/python3.11/site-packages/airflow/example_dags/example_latest_only.py
[2023-08-15T18:51:28.868-0300] {processor.py:826} INFO - Processing file /home/alan/repos/pipeline_airflow/pipeline-airflow-venv/lib/python3.11/site-packages/airflow/example_dags/example_latest_only.py for tasks to queue
[2023-08-15T18:51:28.870-0300] {logging_mixin.py:150} INFO - [2023-08-15T18:51:28.869-0300] {dagbag.py:541} INFO - Filling up the DagBag from /home/alan/repos/pipeline_airflow/pipeline-airflow-venv/lib/python3.11/site-packages/airflow/example_dags/example_latest_only.py
[2023-08-15T18:51:28.883-0300] {processor.py:836} INFO - DAG(s) dict_keys(['latest_only']) retrieved from /home/alan/repos/pipeline_airflow/pipeline-airflow-venv/lib/python3.11/site-packages/airflow/example_dags/example_latest_only.py
[2023-08-15T18:51:28.916-0300] {logging_mixin.py:150} INFO - [2023-08-15T18:51:28.915-0300] {dag.py:2742} INFO - Sync 1 DAGs
[2023-08-15T18:51:28.953-0300] {logging_mixin.py:150} INFO - [2023-08-15T18:51:28.953-0300] {dag.py:3504} INFO - Setting next_dagrun for latest_only to 2023-08-15T17:51:28.952698+00:00, run_after=2023-08-15T21:51:28.952698+00:00
[2023-08-15T18:51:29.070-0300] {processor.py:179} INFO - Processing /home/alan/repos/pipeline_airflow/pipeline-airflow-venv/lib/python3.11/site-packages/airflow/example_dags/example_latest_only.py took 0.222 seconds
[2023-08-15T18:52:43.054-0300] {processor.py:157} INFO - Started process (PID=25786) to work on /home/alan/repos/pipeline_airflow/pipeline-airflow-venv/lib/python3.11/site-packages/airflow/example_dags/example_latest_only.py
[2023-08-15T18:52:43.055-0300] {processor.py:826} INFO - Processing file /home/alan/repos/pipeline_airflow/pipeline-airflow-venv/lib/python3.11/site-packages/airflow/example_dags/example_latest_only.py for tasks to queue
[2023-08-15T18:52:43.057-0300] {logging_mixin.py:150} INFO - [2023-08-15T18:52:43.056-0300] {dagbag.py:541} INFO - Filling up the DagBag from /home/alan/repos/pipeline_airflow/pipeline-airflow-venv/lib/python3.11/site-packages/airflow/example_dags/example_latest_only.py
[2023-08-15T18:52:43.067-0300] {processor.py:836} INFO - DAG(s) dict_keys(['latest_only']) retrieved from /home/alan/repos/pipeline_airflow/pipeline-airflow-venv/lib/python3.11/site-packages/airflow/example_dags/example_latest_only.py
[2023-08-15T18:52:43.098-0300] {logging_mixin.py:150} INFO - [2023-08-15T18:52:43.098-0300] {dag.py:2742} INFO - Sync 1 DAGs
[2023-08-15T18:52:43.138-0300] {logging_mixin.py:150} INFO - [2023-08-15T18:52:43.138-0300] {dag.py:3504} INFO - Setting next_dagrun for latest_only to 2023-08-15T17:52:43.138159+00:00, run_after=2023-08-15T21:52:43.138159+00:00
[2023-08-15T18:52:43.246-0300] {processor.py:179} INFO - Processing /home/alan/repos/pipeline_airflow/pipeline-airflow-venv/lib/python3.11/site-packages/airflow/example_dags/example_latest_only.py took 0.197 seconds
[2023-08-15T18:53:41.304-0300] {processor.py:157} INFO - Started process (PID=25999) to work on /home/alan/repos/pipeline_airflow/pipeline-airflow-venv/lib/python3.11/site-packages/airflow/example_dags/example_latest_only.py
[2023-08-15T18:53:41.305-0300] {processor.py:826} INFO - Processing file /home/alan/repos/pipeline_airflow/pipeline-airflow-venv/lib/python3.11/site-packages/airflow/example_dags/example_latest_only.py for tasks to queue
[2023-08-15T18:53:41.307-0300] {logging_mixin.py:150} INFO - [2023-08-15T18:53:41.306-0300] {dagbag.py:541} INFO - Filling up the DagBag from /home/alan/repos/pipeline_airflow/pipeline-airflow-venv/lib/python3.11/site-packages/airflow/example_dags/example_latest_only.py
[2023-08-15T18:53:41.319-0300] {processor.py:836} INFO - DAG(s) dict_keys(['latest_only']) retrieved from /home/alan/repos/pipeline_airflow/pipeline-airflow-venv/lib/python3.11/site-packages/airflow/example_dags/example_latest_only.py
[2023-08-15T18:53:41.349-0300] {logging_mixin.py:150} INFO - [2023-08-15T18:53:41.349-0300] {dag.py:2742} INFO - Sync 1 DAGs
[2023-08-15T18:53:41.384-0300] {logging_mixin.py:150} INFO - [2023-08-15T18:53:41.383-0300] {dag.py:3504} INFO - Setting next_dagrun for latest_only to 2023-08-15T17:53:41.383419+00:00, run_after=2023-08-15T21:53:41.383419+00:00
[2023-08-15T18:53:41.521-0300] {processor.py:179} INFO - Processing /home/alan/repos/pipeline_airflow/pipeline-airflow-venv/lib/python3.11/site-packages/airflow/example_dags/example_latest_only.py took 0.224 seconds
[2023-08-15T18:54:41.157-0300] {processor.py:157} INFO - Started process (PID=26254) to work on /home/alan/repos/pipeline_airflow/pipeline-airflow-venv/lib/python3.11/site-packages/airflow/example_dags/example_latest_only.py
[2023-08-15T18:54:41.168-0300] {processor.py:826} INFO - Processing file /home/alan/repos/pipeline_airflow/pipeline-airflow-venv/lib/python3.11/site-packages/airflow/example_dags/example_latest_only.py for tasks to queue
[2023-08-15T18:54:41.169-0300] {logging_mixin.py:150} INFO - [2023-08-15T18:54:41.168-0300] {dagbag.py:541} INFO - Filling up the DagBag from /home/alan/repos/pipeline_airflow/pipeline-airflow-venv/lib/python3.11/site-packages/airflow/example_dags/example_latest_only.py
[2023-08-15T18:54:41.181-0300] {processor.py:836} INFO - DAG(s) dict_keys(['latest_only']) retrieved from /home/alan/repos/pipeline_airflow/pipeline-airflow-venv/lib/python3.11/site-packages/airflow/example_dags/example_latest_only.py
[2023-08-15T18:54:41.211-0300] {logging_mixin.py:150} INFO - [2023-08-15T18:54:41.211-0300] {dag.py:2742} INFO - Sync 1 DAGs
[2023-08-15T18:54:41.247-0300] {logging_mixin.py:150} INFO - [2023-08-15T18:54:41.246-0300] {dag.py:3504} INFO - Setting next_dagrun for latest_only to 2023-08-15T17:54:41.246483+00:00, run_after=2023-08-15T21:54:41.246483+00:00
[2023-08-15T18:54:41.484-0300] {processor.py:179} INFO - Processing /home/alan/repos/pipeline_airflow/pipeline-airflow-venv/lib/python3.11/site-packages/airflow/example_dags/example_latest_only.py took 0.332 seconds
[2023-08-15T18:59:15.780-0300] {processor.py:157} INFO - Started process (PID=27194) to work on /home/alan/repos/pipeline_airflow/pipeline-airflow-venv/lib/python3.11/site-packages/airflow/example_dags/example_latest_only.py
[2023-08-15T18:59:16.107-0300] {processor.py:826} INFO - Processing file /home/alan/repos/pipeline_airflow/pipeline-airflow-venv/lib/python3.11/site-packages/airflow/example_dags/example_latest_only.py for tasks to queue
[2023-08-15T18:59:16.110-0300] {logging_mixin.py:150} INFO - [2023-08-15T18:59:16.109-0300] {dagbag.py:541} INFO - Filling up the DagBag from /home/alan/repos/pipeline_airflow/pipeline-airflow-venv/lib/python3.11/site-packages/airflow/example_dags/example_latest_only.py
[2023-08-15T18:59:18.989-0300] {processor.py:836} INFO - DAG(s) dict_keys(['latest_only']) retrieved from /home/alan/repos/pipeline_airflow/pipeline-airflow-venv/lib/python3.11/site-packages/airflow/example_dags/example_latest_only.py
[2023-08-15T18:59:20.598-0300] {logging_mixin.py:150} INFO - [2023-08-15T18:59:20.597-0300] {dag.py:2742} INFO - Sync 1 DAGs
[2023-08-15T18:59:22.045-0300] {logging_mixin.py:150} INFO - [2023-08-15T18:59:22.044-0300] {dag.py:3504} INFO - Setting next_dagrun for latest_only to 2023-08-15T17:59:22.040257+00:00, run_after=2023-08-15T21:59:22.040257+00:00
[2023-08-15T18:59:23.141-0300] {processor.py:179} INFO - Processing /home/alan/repos/pipeline_airflow/pipeline-airflow-venv/lib/python3.11/site-packages/airflow/example_dags/example_latest_only.py took 7.765 seconds
[2023-08-15T19:01:55.907-0300] {processor.py:157} INFO - Started process (PID=27637) to work on /home/alan/repos/pipeline_airflow/pipeline-airflow-venv/lib/python3.11/site-packages/airflow/example_dags/example_latest_only.py
[2023-08-15T19:01:55.923-0300] {processor.py:826} INFO - Processing file /home/alan/repos/pipeline_airflow/pipeline-airflow-venv/lib/python3.11/site-packages/airflow/example_dags/example_latest_only.py for tasks to queue
[2023-08-15T19:01:55.925-0300] {logging_mixin.py:150} INFO - [2023-08-15T19:01:55.925-0300] {dagbag.py:541} INFO - Filling up the DagBag from /home/alan/repos/pipeline_airflow/pipeline-airflow-venv/lib/python3.11/site-packages/airflow/example_dags/example_latest_only.py
[2023-08-15T19:01:55.948-0300] {processor.py:836} INFO - DAG(s) dict_keys(['latest_only']) retrieved from /home/alan/repos/pipeline_airflow/pipeline-airflow-venv/lib/python3.11/site-packages/airflow/example_dags/example_latest_only.py
[2023-08-15T19:01:55.979-0300] {logging_mixin.py:150} INFO - [2023-08-15T19:01:55.979-0300] {dag.py:2742} INFO - Sync 1 DAGs
[2023-08-15T19:01:56.015-0300] {logging_mixin.py:150} INFO - [2023-08-15T19:01:56.014-0300] {dag.py:3504} INFO - Setting next_dagrun for latest_only to 2023-08-15T18:01:56.014607+00:00, run_after=2023-08-15T22:01:56.014607+00:00
[2023-08-15T19:01:56.144-0300] {processor.py:179} INFO - Processing /home/alan/repos/pipeline_airflow/pipeline-airflow-venv/lib/python3.11/site-packages/airflow/example_dags/example_latest_only.py took 0.243 seconds
[2023-08-15T19:03:37.124-0300] {processor.py:157} INFO - Started process (PID=28084) to work on /home/alan/repos/pipeline_airflow/pipeline-airflow-venv/lib/python3.11/site-packages/airflow/example_dags/example_latest_only.py
[2023-08-15T19:03:37.147-0300] {processor.py:826} INFO - Processing file /home/alan/repos/pipeline_airflow/pipeline-airflow-venv/lib/python3.11/site-packages/airflow/example_dags/example_latest_only.py for tasks to queue
[2023-08-15T19:03:37.148-0300] {logging_mixin.py:150} INFO - [2023-08-15T19:03:37.147-0300] {dagbag.py:541} INFO - Filling up the DagBag from /home/alan/repos/pipeline_airflow/pipeline-airflow-venv/lib/python3.11/site-packages/airflow/example_dags/example_latest_only.py
[2023-08-15T19:03:37.162-0300] {processor.py:836} INFO - DAG(s) dict_keys(['latest_only']) retrieved from /home/alan/repos/pipeline_airflow/pipeline-airflow-venv/lib/python3.11/site-packages/airflow/example_dags/example_latest_only.py
[2023-08-15T19:03:37.204-0300] {logging_mixin.py:150} INFO - [2023-08-15T19:03:37.203-0300] {dag.py:2742} INFO - Sync 1 DAGs
[2023-08-15T19:03:37.249-0300] {logging_mixin.py:150} INFO - [2023-08-15T19:03:37.247-0300] {dag.py:3504} INFO - Setting next_dagrun for latest_only to 2023-08-15T18:03:37.247613+00:00, run_after=2023-08-15T22:03:37.247613+00:00
[2023-08-15T19:03:37.521-0300] {processor.py:179} INFO - Processing /home/alan/repos/pipeline_airflow/pipeline-airflow-venv/lib/python3.11/site-packages/airflow/example_dags/example_latest_only.py took 0.405 seconds
[2023-08-15T19:05:12.595-0300] {processor.py:157} INFO - Started process (PID=28539) to work on /home/alan/repos/pipeline_airflow/pipeline-airflow-venv/lib/python3.11/site-packages/airflow/example_dags/example_latest_only.py
[2023-08-15T19:05:12.598-0300] {processor.py:826} INFO - Processing file /home/alan/repos/pipeline_airflow/pipeline-airflow-venv/lib/python3.11/site-packages/airflow/example_dags/example_latest_only.py for tasks to queue
[2023-08-15T19:05:12.599-0300] {logging_mixin.py:150} INFO - [2023-08-15T19:05:12.599-0300] {dagbag.py:541} INFO - Filling up the DagBag from /home/alan/repos/pipeline_airflow/pipeline-airflow-venv/lib/python3.11/site-packages/airflow/example_dags/example_latest_only.py
[2023-08-15T19:05:12.610-0300] {processor.py:836} INFO - DAG(s) dict_keys(['latest_only']) retrieved from /home/alan/repos/pipeline_airflow/pipeline-airflow-venv/lib/python3.11/site-packages/airflow/example_dags/example_latest_only.py
[2023-08-15T19:05:12.639-0300] {logging_mixin.py:150} INFO - [2023-08-15T19:05:12.639-0300] {dag.py:2742} INFO - Sync 1 DAGs
[2023-08-15T19:05:12.674-0300] {logging_mixin.py:150} INFO - [2023-08-15T19:05:12.674-0300] {dag.py:3504} INFO - Setting next_dagrun for latest_only to 2023-08-15T18:05:12.673663+00:00, run_after=2023-08-15T22:05:12.673663+00:00
[2023-08-15T19:05:12.790-0300] {processor.py:179} INFO - Processing /home/alan/repos/pipeline_airflow/pipeline-airflow-venv/lib/python3.11/site-packages/airflow/example_dags/example_latest_only.py took 0.200 seconds
[2023-08-15T19:06:23.669-0300] {processor.py:157} INFO - Started process (PID=28769) to work on /home/alan/repos/pipeline_airflow/pipeline-airflow-venv/lib/python3.11/site-packages/airflow/example_dags/example_latest_only.py
[2023-08-15T19:06:23.671-0300] {processor.py:826} INFO - Processing file /home/alan/repos/pipeline_airflow/pipeline-airflow-venv/lib/python3.11/site-packages/airflow/example_dags/example_latest_only.py for tasks to queue
[2023-08-15T19:06:23.673-0300] {logging_mixin.py:150} INFO - [2023-08-15T19:06:23.672-0300] {dagbag.py:541} INFO - Filling up the DagBag from /home/alan/repos/pipeline_airflow/pipeline-airflow-venv/lib/python3.11/site-packages/airflow/example_dags/example_latest_only.py
[2023-08-15T19:06:23.685-0300] {processor.py:836} INFO - DAG(s) dict_keys(['latest_only']) retrieved from /home/alan/repos/pipeline_airflow/pipeline-airflow-venv/lib/python3.11/site-packages/airflow/example_dags/example_latest_only.py
[2023-08-15T19:06:23.715-0300] {logging_mixin.py:150} INFO - [2023-08-15T19:06:23.715-0300] {dag.py:2742} INFO - Sync 1 DAGs
[2023-08-15T19:06:23.750-0300] {logging_mixin.py:150} INFO - [2023-08-15T19:06:23.750-0300] {dag.py:3504} INFO - Setting next_dagrun for latest_only to 2023-08-15T18:06:23.750205+00:00, run_after=2023-08-15T22:06:23.750205+00:00
[2023-08-15T19:06:23.874-0300] {processor.py:179} INFO - Processing /home/alan/repos/pipeline_airflow/pipeline-airflow-venv/lib/python3.11/site-packages/airflow/example_dags/example_latest_only.py took 0.212 seconds
[2023-08-15T19:07:24.463-0300] {processor.py:157} INFO - Started process (PID=28933) to work on /home/alan/repos/pipeline_airflow/pipeline-airflow-venv/lib/python3.11/site-packages/airflow/example_dags/example_latest_only.py
[2023-08-15T19:07:24.472-0300] {processor.py:826} INFO - Processing file /home/alan/repos/pipeline_airflow/pipeline-airflow-venv/lib/python3.11/site-packages/airflow/example_dags/example_latest_only.py for tasks to queue
[2023-08-15T19:07:24.474-0300] {logging_mixin.py:150} INFO - [2023-08-15T19:07:24.473-0300] {dagbag.py:541} INFO - Filling up the DagBag from /home/alan/repos/pipeline_airflow/pipeline-airflow-venv/lib/python3.11/site-packages/airflow/example_dags/example_latest_only.py
[2023-08-15T19:07:24.484-0300] {processor.py:836} INFO - DAG(s) dict_keys(['latest_only']) retrieved from /home/alan/repos/pipeline_airflow/pipeline-airflow-venv/lib/python3.11/site-packages/airflow/example_dags/example_latest_only.py
[2023-08-15T19:07:24.513-0300] {logging_mixin.py:150} INFO - [2023-08-15T19:07:24.512-0300] {dag.py:2742} INFO - Sync 1 DAGs
[2023-08-15T19:07:24.548-0300] {logging_mixin.py:150} INFO - [2023-08-15T19:07:24.547-0300] {dag.py:3504} INFO - Setting next_dagrun for latest_only to 2023-08-15T18:07:24.547340+00:00, run_after=2023-08-15T22:07:24.547340+00:00
[2023-08-15T19:07:24.670-0300] {processor.py:179} INFO - Processing /home/alan/repos/pipeline_airflow/pipeline-airflow-venv/lib/python3.11/site-packages/airflow/example_dags/example_latest_only.py took 0.213 seconds
[2023-08-15T19:08:31.971-0300] {processor.py:157} INFO - Started process (PID=29211) to work on /home/alan/repos/pipeline_airflow/pipeline-airflow-venv/lib/python3.11/site-packages/airflow/example_dags/example_latest_only.py
[2023-08-15T19:08:31.988-0300] {processor.py:826} INFO - Processing file /home/alan/repos/pipeline_airflow/pipeline-airflow-venv/lib/python3.11/site-packages/airflow/example_dags/example_latest_only.py for tasks to queue
[2023-08-15T19:08:31.989-0300] {logging_mixin.py:150} INFO - [2023-08-15T19:08:31.989-0300] {dagbag.py:541} INFO - Filling up the DagBag from /home/alan/repos/pipeline_airflow/pipeline-airflow-venv/lib/python3.11/site-packages/airflow/example_dags/example_latest_only.py
[2023-08-15T19:08:32.001-0300] {processor.py:836} INFO - DAG(s) dict_keys(['latest_only']) retrieved from /home/alan/repos/pipeline_airflow/pipeline-airflow-venv/lib/python3.11/site-packages/airflow/example_dags/example_latest_only.py
[2023-08-15T19:08:32.032-0300] {logging_mixin.py:150} INFO - [2023-08-15T19:08:32.032-0300] {dag.py:2742} INFO - Sync 1 DAGs
[2023-08-15T19:08:32.068-0300] {logging_mixin.py:150} INFO - [2023-08-15T19:08:32.067-0300] {dag.py:3504} INFO - Setting next_dagrun for latest_only to 2023-08-15T18:08:32.067396+00:00, run_after=2023-08-15T22:08:32.067396+00:00
[2023-08-15T19:08:32.194-0300] {processor.py:179} INFO - Processing /home/alan/repos/pipeline_airflow/pipeline-airflow-venv/lib/python3.11/site-packages/airflow/example_dags/example_latest_only.py took 0.229 seconds
[2023-08-15T19:09:33.803-0300] {processor.py:157} INFO - Started process (PID=29369) to work on /home/alan/repos/pipeline_airflow/pipeline-airflow-venv/lib/python3.11/site-packages/airflow/example_dags/example_latest_only.py
[2023-08-15T19:09:33.813-0300] {processor.py:826} INFO - Processing file /home/alan/repos/pipeline_airflow/pipeline-airflow-venv/lib/python3.11/site-packages/airflow/example_dags/example_latest_only.py for tasks to queue
[2023-08-15T19:09:33.814-0300] {logging_mixin.py:150} INFO - [2023-08-15T19:09:33.814-0300] {dagbag.py:541} INFO - Filling up the DagBag from /home/alan/repos/pipeline_airflow/pipeline-airflow-venv/lib/python3.11/site-packages/airflow/example_dags/example_latest_only.py
[2023-08-15T19:09:33.825-0300] {processor.py:836} INFO - DAG(s) dict_keys(['latest_only']) retrieved from /home/alan/repos/pipeline_airflow/pipeline-airflow-venv/lib/python3.11/site-packages/airflow/example_dags/example_latest_only.py
[2023-08-15T19:09:33.861-0300] {logging_mixin.py:150} INFO - [2023-08-15T19:09:33.861-0300] {dag.py:2742} INFO - Sync 1 DAGs
[2023-08-15T19:09:33.919-0300] {logging_mixin.py:150} INFO - [2023-08-15T19:09:33.919-0300] {dag.py:3504} INFO - Setting next_dagrun for latest_only to 2023-08-15T18:09:33.918809+00:00, run_after=2023-08-15T22:09:33.918809+00:00
[2023-08-15T19:09:34.113-0300] {processor.py:179} INFO - Processing /home/alan/repos/pipeline_airflow/pipeline-airflow-venv/lib/python3.11/site-packages/airflow/example_dags/example_latest_only.py took 0.314 seconds
[2023-08-15T19:10:33.433-0300] {processor.py:157} INFO - Started process (PID=29527) to work on /home/alan/repos/pipeline_airflow/pipeline-airflow-venv/lib/python3.11/site-packages/airflow/example_dags/example_latest_only.py
[2023-08-15T19:10:33.434-0300] {processor.py:826} INFO - Processing file /home/alan/repos/pipeline_airflow/pipeline-airflow-venv/lib/python3.11/site-packages/airflow/example_dags/example_latest_only.py for tasks to queue
[2023-08-15T19:10:33.436-0300] {logging_mixin.py:150} INFO - [2023-08-15T19:10:33.435-0300] {dagbag.py:541} INFO - Filling up the DagBag from /home/alan/repos/pipeline_airflow/pipeline-airflow-venv/lib/python3.11/site-packages/airflow/example_dags/example_latest_only.py
[2023-08-15T19:10:33.446-0300] {processor.py:836} INFO - DAG(s) dict_keys(['latest_only']) retrieved from /home/alan/repos/pipeline_airflow/pipeline-airflow-venv/lib/python3.11/site-packages/airflow/example_dags/example_latest_only.py
[2023-08-15T19:10:33.480-0300] {logging_mixin.py:150} INFO - [2023-08-15T19:10:33.480-0300] {dag.py:2742} INFO - Sync 1 DAGs
[2023-08-15T19:10:33.539-0300] {logging_mixin.py:150} INFO - [2023-08-15T19:10:33.538-0300] {dag.py:3504} INFO - Setting next_dagrun for latest_only to 2023-08-15T18:10:33.526851+00:00, run_after=2023-08-15T22:10:33.526851+00:00
[2023-08-15T19:10:33.795-0300] {processor.py:179} INFO - Processing /home/alan/repos/pipeline_airflow/pipeline-airflow-venv/lib/python3.11/site-packages/airflow/example_dags/example_latest_only.py took 0.367 seconds
[2023-08-15T19:11:34.945-0300] {processor.py:157} INFO - Started process (PID=29756) to work on /home/alan/repos/pipeline_airflow/pipeline-airflow-venv/lib/python3.11/site-packages/airflow/example_dags/example_latest_only.py
[2023-08-15T19:11:34.955-0300] {processor.py:826} INFO - Processing file /home/alan/repos/pipeline_airflow/pipeline-airflow-venv/lib/python3.11/site-packages/airflow/example_dags/example_latest_only.py for tasks to queue
[2023-08-15T19:11:34.957-0300] {logging_mixin.py:150} INFO - [2023-08-15T19:11:34.956-0300] {dagbag.py:541} INFO - Filling up the DagBag from /home/alan/repos/pipeline_airflow/pipeline-airflow-venv/lib/python3.11/site-packages/airflow/example_dags/example_latest_only.py
[2023-08-15T19:11:34.969-0300] {processor.py:836} INFO - DAG(s) dict_keys(['latest_only']) retrieved from /home/alan/repos/pipeline_airflow/pipeline-airflow-venv/lib/python3.11/site-packages/airflow/example_dags/example_latest_only.py
[2023-08-15T19:11:35.001-0300] {logging_mixin.py:150} INFO - [2023-08-15T19:11:35.000-0300] {dag.py:2742} INFO - Sync 1 DAGs
[2023-08-15T19:11:35.036-0300] {logging_mixin.py:150} INFO - [2023-08-15T19:11:35.036-0300] {dag.py:3504} INFO - Setting next_dagrun for latest_only to 2023-08-15T18:11:35.036141+00:00, run_after=2023-08-15T22:11:35.036141+00:00
[2023-08-15T19:11:35.144-0300] {processor.py:179} INFO - Processing /home/alan/repos/pipeline_airflow/pipeline-airflow-venv/lib/python3.11/site-packages/airflow/example_dags/example_latest_only.py took 0.206 seconds
[2023-08-15T19:12:40.865-0300] {processor.py:157} INFO - Started process (PID=29958) to work on /home/alan/repos/pipeline_airflow/pipeline-airflow-venv/lib/python3.11/site-packages/airflow/example_dags/example_latest_only.py
[2023-08-15T19:12:40.876-0300] {processor.py:826} INFO - Processing file /home/alan/repos/pipeline_airflow/pipeline-airflow-venv/lib/python3.11/site-packages/airflow/example_dags/example_latest_only.py for tasks to queue
[2023-08-15T19:12:40.878-0300] {logging_mixin.py:150} INFO - [2023-08-15T19:12:40.877-0300] {dagbag.py:541} INFO - Filling up the DagBag from /home/alan/repos/pipeline_airflow/pipeline-airflow-venv/lib/python3.11/site-packages/airflow/example_dags/example_latest_only.py
[2023-08-15T19:12:40.891-0300] {processor.py:836} INFO - DAG(s) dict_keys(['latest_only']) retrieved from /home/alan/repos/pipeline_airflow/pipeline-airflow-venv/lib/python3.11/site-packages/airflow/example_dags/example_latest_only.py
[2023-08-15T19:12:40.921-0300] {logging_mixin.py:150} INFO - [2023-08-15T19:12:40.921-0300] {dag.py:2742} INFO - Sync 1 DAGs
[2023-08-15T19:12:40.957-0300] {logging_mixin.py:150} INFO - [2023-08-15T19:12:40.957-0300] {dag.py:3504} INFO - Setting next_dagrun for latest_only to 2023-08-15T18:12:40.956810+00:00, run_after=2023-08-15T22:12:40.956810+00:00
[2023-08-15T19:12:41.070-0300] {processor.py:179} INFO - Processing /home/alan/repos/pipeline_airflow/pipeline-airflow-venv/lib/python3.11/site-packages/airflow/example_dags/example_latest_only.py took 0.211 seconds
[2023-08-15T19:13:40.691-0300] {processor.py:157} INFO - Started process (PID=30118) to work on /home/alan/repos/pipeline_airflow/pipeline-airflow-venv/lib/python3.11/site-packages/airflow/example_dags/example_latest_only.py
[2023-08-15T19:13:40.707-0300] {processor.py:826} INFO - Processing file /home/alan/repos/pipeline_airflow/pipeline-airflow-venv/lib/python3.11/site-packages/airflow/example_dags/example_latest_only.py for tasks to queue
[2023-08-15T19:13:40.708-0300] {logging_mixin.py:150} INFO - [2023-08-15T19:13:40.708-0300] {dagbag.py:541} INFO - Filling up the DagBag from /home/alan/repos/pipeline_airflow/pipeline-airflow-venv/lib/python3.11/site-packages/airflow/example_dags/example_latest_only.py
[2023-08-15T19:13:40.720-0300] {processor.py:836} INFO - DAG(s) dict_keys(['latest_only']) retrieved from /home/alan/repos/pipeline_airflow/pipeline-airflow-venv/lib/python3.11/site-packages/airflow/example_dags/example_latest_only.py
[2023-08-15T19:13:40.761-0300] {logging_mixin.py:150} INFO - [2023-08-15T19:13:40.760-0300] {dag.py:2742} INFO - Sync 1 DAGs
[2023-08-15T19:13:40.863-0300] {logging_mixin.py:150} INFO - [2023-08-15T19:13:40.862-0300] {dag.py:3504} INFO - Setting next_dagrun for latest_only to 2023-08-15T18:13:40.862364+00:00, run_after=2023-08-15T22:13:40.862364+00:00
[2023-08-15T19:13:41.001-0300] {processor.py:179} INFO - Processing /home/alan/repos/pipeline_airflow/pipeline-airflow-venv/lib/python3.11/site-packages/airflow/example_dags/example_latest_only.py took 0.320 seconds
[2023-08-15T19:14:40.259-0300] {processor.py:157} INFO - Started process (PID=30271) to work on /home/alan/repos/pipeline_airflow/pipeline-airflow-venv/lib/python3.11/site-packages/airflow/example_dags/example_latest_only.py
[2023-08-15T19:14:40.274-0300] {processor.py:826} INFO - Processing file /home/alan/repos/pipeline_airflow/pipeline-airflow-venv/lib/python3.11/site-packages/airflow/example_dags/example_latest_only.py for tasks to queue
[2023-08-15T19:14:40.276-0300] {logging_mixin.py:150} INFO - [2023-08-15T19:14:40.275-0300] {dagbag.py:541} INFO - Filling up the DagBag from /home/alan/repos/pipeline_airflow/pipeline-airflow-venv/lib/python3.11/site-packages/airflow/example_dags/example_latest_only.py
[2023-08-15T19:14:40.288-0300] {processor.py:836} INFO - DAG(s) dict_keys(['latest_only']) retrieved from /home/alan/repos/pipeline_airflow/pipeline-airflow-venv/lib/python3.11/site-packages/airflow/example_dags/example_latest_only.py
[2023-08-15T19:14:40.321-0300] {logging_mixin.py:150} INFO - [2023-08-15T19:14:40.320-0300] {dag.py:2742} INFO - Sync 1 DAGs
[2023-08-15T19:14:40.366-0300] {logging_mixin.py:150} INFO - [2023-08-15T19:14:40.365-0300] {dag.py:3504} INFO - Setting next_dagrun for latest_only to 2023-08-15T18:14:40.365494+00:00, run_after=2023-08-15T22:14:40.365494+00:00
[2023-08-15T19:14:40.500-0300] {processor.py:179} INFO - Processing /home/alan/repos/pipeline_airflow/pipeline-airflow-venv/lib/python3.11/site-packages/airflow/example_dags/example_latest_only.py took 0.247 seconds
[2023-08-15T19:15:37.022-0300] {processor.py:157} INFO - Started process (PID=30419) to work on /home/alan/repos/pipeline_airflow/pipeline-airflow-venv/lib/python3.11/site-packages/airflow/example_dags/example_latest_only.py
[2023-08-15T19:15:37.036-0300] {processor.py:826} INFO - Processing file /home/alan/repos/pipeline_airflow/pipeline-airflow-venv/lib/python3.11/site-packages/airflow/example_dags/example_latest_only.py for tasks to queue
[2023-08-15T19:15:37.037-0300] {logging_mixin.py:150} INFO - [2023-08-15T19:15:37.037-0300] {dagbag.py:541} INFO - Filling up the DagBag from /home/alan/repos/pipeline_airflow/pipeline-airflow-venv/lib/python3.11/site-packages/airflow/example_dags/example_latest_only.py
[2023-08-15T19:15:37.049-0300] {processor.py:836} INFO - DAG(s) dict_keys(['latest_only']) retrieved from /home/alan/repos/pipeline_airflow/pipeline-airflow-venv/lib/python3.11/site-packages/airflow/example_dags/example_latest_only.py
[2023-08-15T19:15:37.080-0300] {logging_mixin.py:150} INFO - [2023-08-15T19:15:37.080-0300] {dag.py:2742} INFO - Sync 1 DAGs
[2023-08-15T19:15:37.118-0300] {logging_mixin.py:150} INFO - [2023-08-15T19:15:37.118-0300] {dag.py:3504} INFO - Setting next_dagrun for latest_only to 2023-08-15T18:15:37.118234+00:00, run_after=2023-08-15T22:15:37.118234+00:00
[2023-08-15T19:15:37.237-0300] {processor.py:179} INFO - Processing /home/alan/repos/pipeline_airflow/pipeline-airflow-venv/lib/python3.11/site-packages/airflow/example_dags/example_latest_only.py took 0.220 seconds
[2023-08-15T19:16:35.624-0300] {processor.py:157} INFO - Started process (PID=30575) to work on /home/alan/repos/pipeline_airflow/pipeline-airflow-venv/lib/python3.11/site-packages/airflow/example_dags/example_latest_only.py
[2023-08-15T19:16:35.640-0300] {processor.py:826} INFO - Processing file /home/alan/repos/pipeline_airflow/pipeline-airflow-venv/lib/python3.11/site-packages/airflow/example_dags/example_latest_only.py for tasks to queue
[2023-08-15T19:16:35.642-0300] {logging_mixin.py:150} INFO - [2023-08-15T19:16:35.641-0300] {dagbag.py:541} INFO - Filling up the DagBag from /home/alan/repos/pipeline_airflow/pipeline-airflow-venv/lib/python3.11/site-packages/airflow/example_dags/example_latest_only.py
[2023-08-15T19:16:35.659-0300] {processor.py:836} INFO - DAG(s) dict_keys(['latest_only']) retrieved from /home/alan/repos/pipeline_airflow/pipeline-airflow-venv/lib/python3.11/site-packages/airflow/example_dags/example_latest_only.py
[2023-08-15T19:16:35.694-0300] {logging_mixin.py:150} INFO - [2023-08-15T19:16:35.694-0300] {dag.py:2742} INFO - Sync 1 DAGs
[2023-08-15T19:16:35.729-0300] {logging_mixin.py:150} INFO - [2023-08-15T19:16:35.729-0300] {dag.py:3504} INFO - Setting next_dagrun for latest_only to 2023-08-15T18:16:35.729254+00:00, run_after=2023-08-15T22:16:35.729254+00:00
[2023-08-15T19:16:35.837-0300] {processor.py:179} INFO - Processing /home/alan/repos/pipeline_airflow/pipeline-airflow-venv/lib/python3.11/site-packages/airflow/example_dags/example_latest_only.py took 0.220 seconds
[2023-08-15T19:17:37.097-0300] {processor.py:157} INFO - Started process (PID=30735) to work on /home/alan/repos/pipeline_airflow/pipeline-airflow-venv/lib/python3.11/site-packages/airflow/example_dags/example_latest_only.py
[2023-08-15T19:17:37.112-0300] {processor.py:826} INFO - Processing file /home/alan/repos/pipeline_airflow/pipeline-airflow-venv/lib/python3.11/site-packages/airflow/example_dags/example_latest_only.py for tasks to queue
[2023-08-15T19:17:37.114-0300] {logging_mixin.py:150} INFO - [2023-08-15T19:17:37.113-0300] {dagbag.py:541} INFO - Filling up the DagBag from /home/alan/repos/pipeline_airflow/pipeline-airflow-venv/lib/python3.11/site-packages/airflow/example_dags/example_latest_only.py
[2023-08-15T19:17:37.126-0300] {processor.py:836} INFO - DAG(s) dict_keys(['latest_only']) retrieved from /home/alan/repos/pipeline_airflow/pipeline-airflow-venv/lib/python3.11/site-packages/airflow/example_dags/example_latest_only.py
[2023-08-15T19:17:37.158-0300] {logging_mixin.py:150} INFO - [2023-08-15T19:17:37.158-0300] {dag.py:2742} INFO - Sync 1 DAGs
[2023-08-15T19:17:37.194-0300] {logging_mixin.py:150} INFO - [2023-08-15T19:17:37.193-0300] {dag.py:3504} INFO - Setting next_dagrun for latest_only to 2023-08-15T18:17:37.193304+00:00, run_after=2023-08-15T22:17:37.193304+00:00
[2023-08-15T19:17:37.299-0300] {processor.py:179} INFO - Processing /home/alan/repos/pipeline_airflow/pipeline-airflow-venv/lib/python3.11/site-packages/airflow/example_dags/example_latest_only.py took 0.208 seconds
[2023-08-15T19:18:34.825-0300] {processor.py:157} INFO - Started process (PID=30887) to work on /home/alan/repos/pipeline_airflow/pipeline-airflow-venv/lib/python3.11/site-packages/airflow/example_dags/example_latest_only.py
[2023-08-15T19:18:34.835-0300] {processor.py:826} INFO - Processing file /home/alan/repos/pipeline_airflow/pipeline-airflow-venv/lib/python3.11/site-packages/airflow/example_dags/example_latest_only.py for tasks to queue
[2023-08-15T19:18:34.837-0300] {logging_mixin.py:150} INFO - [2023-08-15T19:18:34.836-0300] {dagbag.py:541} INFO - Filling up the DagBag from /home/alan/repos/pipeline_airflow/pipeline-airflow-venv/lib/python3.11/site-packages/airflow/example_dags/example_latest_only.py
[2023-08-15T19:18:34.848-0300] {processor.py:836} INFO - DAG(s) dict_keys(['latest_only']) retrieved from /home/alan/repos/pipeline_airflow/pipeline-airflow-venv/lib/python3.11/site-packages/airflow/example_dags/example_latest_only.py
[2023-08-15T19:18:34.877-0300] {logging_mixin.py:150} INFO - [2023-08-15T19:18:34.876-0300] {dag.py:2742} INFO - Sync 1 DAGs
[2023-08-15T19:18:34.911-0300] {logging_mixin.py:150} INFO - [2023-08-15T19:18:34.911-0300] {dag.py:3504} INFO - Setting next_dagrun for latest_only to 2023-08-15T18:18:34.911223+00:00, run_after=2023-08-15T22:18:34.911223+00:00
[2023-08-15T19:18:35.045-0300] {processor.py:179} INFO - Processing /home/alan/repos/pipeline_airflow/pipeline-airflow-venv/lib/python3.11/site-packages/airflow/example_dags/example_latest_only.py took 0.225 seconds
[2023-08-15T19:19:32.327-0300] {processor.py:157} INFO - Started process (PID=31030) to work on /home/alan/repos/pipeline_airflow/pipeline-airflow-venv/lib/python3.11/site-packages/airflow/example_dags/example_latest_only.py
[2023-08-15T19:19:32.344-0300] {processor.py:826} INFO - Processing file /home/alan/repos/pipeline_airflow/pipeline-airflow-venv/lib/python3.11/site-packages/airflow/example_dags/example_latest_only.py for tasks to queue
[2023-08-15T19:19:32.346-0300] {logging_mixin.py:150} INFO - [2023-08-15T19:19:32.345-0300] {dagbag.py:541} INFO - Filling up the DagBag from /home/alan/repos/pipeline_airflow/pipeline-airflow-venv/lib/python3.11/site-packages/airflow/example_dags/example_latest_only.py
[2023-08-15T19:19:32.358-0300] {processor.py:836} INFO - DAG(s) dict_keys(['latest_only']) retrieved from /home/alan/repos/pipeline_airflow/pipeline-airflow-venv/lib/python3.11/site-packages/airflow/example_dags/example_latest_only.py
[2023-08-15T19:19:32.391-0300] {logging_mixin.py:150} INFO - [2023-08-15T19:19:32.391-0300] {dag.py:2742} INFO - Sync 1 DAGs
[2023-08-15T19:19:32.426-0300] {logging_mixin.py:150} INFO - [2023-08-15T19:19:32.426-0300] {dag.py:3504} INFO - Setting next_dagrun for latest_only to 2023-08-15T18:19:32.426119+00:00, run_after=2023-08-15T22:19:32.426119+00:00
[2023-08-15T19:19:32.552-0300] {processor.py:179} INFO - Processing /home/alan/repos/pipeline_airflow/pipeline-airflow-venv/lib/python3.11/site-packages/airflow/example_dags/example_latest_only.py took 0.230 seconds
[2023-08-15T19:20:35.519-0300] {processor.py:157} INFO - Started process (PID=31253) to work on /home/alan/repos/pipeline_airflow/pipeline-airflow-venv/lib/python3.11/site-packages/airflow/example_dags/example_latest_only.py
[2023-08-15T19:20:35.531-0300] {processor.py:826} INFO - Processing file /home/alan/repos/pipeline_airflow/pipeline-airflow-venv/lib/python3.11/site-packages/airflow/example_dags/example_latest_only.py for tasks to queue
[2023-08-15T19:20:35.534-0300] {logging_mixin.py:150} INFO - [2023-08-15T19:20:35.533-0300] {dagbag.py:541} INFO - Filling up the DagBag from /home/alan/repos/pipeline_airflow/pipeline-airflow-venv/lib/python3.11/site-packages/airflow/example_dags/example_latest_only.py
[2023-08-15T19:20:35.547-0300] {processor.py:836} INFO - DAG(s) dict_keys(['latest_only']) retrieved from /home/alan/repos/pipeline_airflow/pipeline-airflow-venv/lib/python3.11/site-packages/airflow/example_dags/example_latest_only.py
[2023-08-15T19:20:35.580-0300] {logging_mixin.py:150} INFO - [2023-08-15T19:20:35.579-0300] {dag.py:2742} INFO - Sync 1 DAGs
[2023-08-15T19:20:35.623-0300] {logging_mixin.py:150} INFO - [2023-08-15T19:20:35.623-0300] {dag.py:3504} INFO - Setting next_dagrun for latest_only to 2023-08-15T18:20:35.622745+00:00, run_after=2023-08-15T22:20:35.622745+00:00
[2023-08-15T19:20:35.736-0300] {processor.py:179} INFO - Processing /home/alan/repos/pipeline_airflow/pipeline-airflow-venv/lib/python3.11/site-packages/airflow/example_dags/example_latest_only.py took 0.223 seconds
[2023-08-15T19:21:49.138-0300] {processor.py:157} INFO - Started process (PID=31591) to work on /home/alan/repos/pipeline_airflow/pipeline-airflow-venv/lib/python3.11/site-packages/airflow/example_dags/example_latest_only.py
[2023-08-15T19:21:49.151-0300] {processor.py:826} INFO - Processing file /home/alan/repos/pipeline_airflow/pipeline-airflow-venv/lib/python3.11/site-packages/airflow/example_dags/example_latest_only.py for tasks to queue
[2023-08-15T19:21:49.153-0300] {logging_mixin.py:150} INFO - [2023-08-15T19:21:49.152-0300] {dagbag.py:541} INFO - Filling up the DagBag from /home/alan/repos/pipeline_airflow/pipeline-airflow-venv/lib/python3.11/site-packages/airflow/example_dags/example_latest_only.py
[2023-08-15T19:21:49.182-0300] {processor.py:836} INFO - DAG(s) dict_keys(['latest_only']) retrieved from /home/alan/repos/pipeline_airflow/pipeline-airflow-venv/lib/python3.11/site-packages/airflow/example_dags/example_latest_only.py
[2023-08-15T19:21:49.246-0300] {logging_mixin.py:150} INFO - [2023-08-15T19:21:49.246-0300] {dag.py:2742} INFO - Sync 1 DAGs
[2023-08-15T19:21:49.308-0300] {logging_mixin.py:150} INFO - [2023-08-15T19:21:49.307-0300] {dag.py:3504} INFO - Setting next_dagrun for latest_only to 2023-08-15T18:21:49.307515+00:00, run_after=2023-08-15T22:21:49.307515+00:00
[2023-08-15T19:21:49.460-0300] {processor.py:179} INFO - Processing /home/alan/repos/pipeline_airflow/pipeline-airflow-venv/lib/python3.11/site-packages/airflow/example_dags/example_latest_only.py took 0.334 seconds
