[2023-08-15T18:19:49.935-0300] {processor.py:157} INFO - Started process (PID=18337) to work on /home/alan/repos/pipeline_airflow/pipeline-airflow-venv/lib/python3.11/site-packages/airflow/example_dags/example_params_trigger_ui.py
[2023-08-15T18:19:49.936-0300] {processor.py:826} INFO - Processing file /home/alan/repos/pipeline_airflow/pipeline-airflow-venv/lib/python3.11/site-packages/airflow/example_dags/example_params_trigger_ui.py for tasks to queue
[2023-08-15T18:19:49.938-0300] {logging_mixin.py:150} INFO - [2023-08-15T18:19:49.937-0300] {dagbag.py:541} INFO - Filling up the DagBag from /home/alan/repos/pipeline_airflow/pipeline-airflow-venv/lib/python3.11/site-packages/airflow/example_dags/example_params_trigger_ui.py
[2023-08-15T18:19:49.970-0300] {processor.py:836} INFO - DAG(s) dict_keys(['example_params_trigger_ui']) retrieved from /home/alan/repos/pipeline_airflow/pipeline-airflow-venv/lib/python3.11/site-packages/airflow/example_dags/example_params_trigger_ui.py
[2023-08-15T18:19:50.366-0300] {logging_mixin.py:150} INFO - [2023-08-15T18:19:50.365-0300] {manager.py:504} INFO - Created Permission View: can delete on DAG:example_params_trigger_ui
[2023-08-15T18:19:50.465-0300] {logging_mixin.py:150} INFO - [2023-08-15T18:19:50.464-0300] {manager.py:504} INFO - Created Permission View: can edit on DAG:example_params_trigger_ui
[2023-08-15T18:19:50.564-0300] {logging_mixin.py:150} INFO - [2023-08-15T18:19:50.563-0300] {manager.py:504} INFO - Created Permission View: can read on DAG:example_params_trigger_ui
[2023-08-15T18:19:50.586-0300] {logging_mixin.py:150} INFO - [2023-08-15T18:19:50.585-0300] {dag.py:2742} INFO - Sync 1 DAGs
[2023-08-15T18:19:50.605-0300] {logging_mixin.py:150} INFO - [2023-08-15T18:19:50.604-0300] {dag.py:2763} INFO - Creating ORM DAG for example_params_trigger_ui
[2023-08-15T18:19:50.628-0300] {logging_mixin.py:150} INFO - [2023-08-15T18:19:50.627-0300] {dag.py:3504} INFO - Setting next_dagrun for example_params_trigger_ui to None, run_after=None
[2023-08-15T18:19:50.806-0300] {processor.py:179} INFO - Processing /home/alan/repos/pipeline_airflow/pipeline-airflow-venv/lib/python3.11/site-packages/airflow/example_dags/example_params_trigger_ui.py took 0.877 seconds
[2023-08-15T18:21:09.806-0300] {processor.py:157} INFO - Started process (PID=18850) to work on /home/alan/repos/pipeline_airflow/pipeline-airflow-venv/lib/python3.11/site-packages/airflow/example_dags/example_params_trigger_ui.py
[2023-08-15T18:21:09.808-0300] {processor.py:826} INFO - Processing file /home/alan/repos/pipeline_airflow/pipeline-airflow-venv/lib/python3.11/site-packages/airflow/example_dags/example_params_trigger_ui.py for tasks to queue
[2023-08-15T18:21:09.810-0300] {logging_mixin.py:150} INFO - [2023-08-15T18:21:09.809-0300] {dagbag.py:541} INFO - Filling up the DagBag from /home/alan/repos/pipeline_airflow/pipeline-airflow-venv/lib/python3.11/site-packages/airflow/example_dags/example_params_trigger_ui.py
[2023-08-15T18:21:09.841-0300] {processor.py:836} INFO - DAG(s) dict_keys(['example_params_trigger_ui']) retrieved from /home/alan/repos/pipeline_airflow/pipeline-airflow-venv/lib/python3.11/site-packages/airflow/example_dags/example_params_trigger_ui.py
[2023-08-15T18:21:09.911-0300] {logging_mixin.py:150} INFO - [2023-08-15T18:21:09.910-0300] {dag.py:2742} INFO - Sync 1 DAGs
[2023-08-15T18:21:09.944-0300] {logging_mixin.py:150} INFO - [2023-08-15T18:21:09.944-0300] {dag.py:3504} INFO - Setting next_dagrun for example_params_trigger_ui to None, run_after=None
[2023-08-15T18:21:10.053-0300] {processor.py:179} INFO - Processing /home/alan/repos/pipeline_airflow/pipeline-airflow-venv/lib/python3.11/site-packages/airflow/example_dags/example_params_trigger_ui.py took 0.252 seconds
[2023-08-15T18:22:05.195-0300] {processor.py:157} INFO - Started process (PID=19052) to work on /home/alan/repos/pipeline_airflow/pipeline-airflow-venv/lib/python3.11/site-packages/airflow/example_dags/example_params_trigger_ui.py
[2023-08-15T18:22:05.202-0300] {processor.py:826} INFO - Processing file /home/alan/repos/pipeline_airflow/pipeline-airflow-venv/lib/python3.11/site-packages/airflow/example_dags/example_params_trigger_ui.py for tasks to queue
[2023-08-15T18:22:05.203-0300] {logging_mixin.py:150} INFO - [2023-08-15T18:22:05.203-0300] {dagbag.py:541} INFO - Filling up the DagBag from /home/alan/repos/pipeline_airflow/pipeline-airflow-venv/lib/python3.11/site-packages/airflow/example_dags/example_params_trigger_ui.py
[2023-08-15T18:22:05.237-0300] {processor.py:836} INFO - DAG(s) dict_keys(['example_params_trigger_ui']) retrieved from /home/alan/repos/pipeline_airflow/pipeline-airflow-venv/lib/python3.11/site-packages/airflow/example_dags/example_params_trigger_ui.py
[2023-08-15T18:22:05.321-0300] {logging_mixin.py:150} INFO - [2023-08-15T18:22:05.321-0300] {dag.py:2742} INFO - Sync 1 DAGs
[2023-08-15T18:22:05.361-0300] {logging_mixin.py:150} INFO - [2023-08-15T18:22:05.360-0300] {dag.py:3504} INFO - Setting next_dagrun for example_params_trigger_ui to None, run_after=None
[2023-08-15T18:22:05.469-0300] {processor.py:179} INFO - Processing /home/alan/repos/pipeline_airflow/pipeline-airflow-venv/lib/python3.11/site-packages/airflow/example_dags/example_params_trigger_ui.py took 0.281 seconds
[2023-08-15T18:22:57.351-0300] {processor.py:157} INFO - Started process (PID=19241) to work on /home/alan/repos/pipeline_airflow/pipeline-airflow-venv/lib/python3.11/site-packages/airflow/example_dags/example_params_trigger_ui.py
[2023-08-15T18:22:57.353-0300] {processor.py:826} INFO - Processing file /home/alan/repos/pipeline_airflow/pipeline-airflow-venv/lib/python3.11/site-packages/airflow/example_dags/example_params_trigger_ui.py for tasks to queue
[2023-08-15T18:22:57.355-0300] {logging_mixin.py:150} INFO - [2023-08-15T18:22:57.354-0300] {dagbag.py:541} INFO - Filling up the DagBag from /home/alan/repos/pipeline_airflow/pipeline-airflow-venv/lib/python3.11/site-packages/airflow/example_dags/example_params_trigger_ui.py
[2023-08-15T18:22:57.387-0300] {processor.py:836} INFO - DAG(s) dict_keys(['example_params_trigger_ui']) retrieved from /home/alan/repos/pipeline_airflow/pipeline-airflow-venv/lib/python3.11/site-packages/airflow/example_dags/example_params_trigger_ui.py
[2023-08-15T18:22:57.460-0300] {logging_mixin.py:150} INFO - [2023-08-15T18:22:57.460-0300] {dag.py:2742} INFO - Sync 1 DAGs
[2023-08-15T18:22:57.493-0300] {logging_mixin.py:150} INFO - [2023-08-15T18:22:57.493-0300] {dag.py:3504} INFO - Setting next_dagrun for example_params_trigger_ui to None, run_after=None
[2023-08-15T18:22:57.727-0300] {processor.py:179} INFO - Processing /home/alan/repos/pipeline_airflow/pipeline-airflow-venv/lib/python3.11/site-packages/airflow/example_dags/example_params_trigger_ui.py took 0.382 seconds
[2023-08-15T18:23:57.751-0300] {processor.py:157} INFO - Started process (PID=19468) to work on /home/alan/repos/pipeline_airflow/pipeline-airflow-venv/lib/python3.11/site-packages/airflow/example_dags/example_params_trigger_ui.py
[2023-08-15T18:23:57.757-0300] {processor.py:826} INFO - Processing file /home/alan/repos/pipeline_airflow/pipeline-airflow-venv/lib/python3.11/site-packages/airflow/example_dags/example_params_trigger_ui.py for tasks to queue
[2023-08-15T18:23:57.759-0300] {logging_mixin.py:150} INFO - [2023-08-15T18:23:57.758-0300] {dagbag.py:541} INFO - Filling up the DagBag from /home/alan/repos/pipeline_airflow/pipeline-airflow-venv/lib/python3.11/site-packages/airflow/example_dags/example_params_trigger_ui.py
[2023-08-15T18:23:57.791-0300] {processor.py:836} INFO - DAG(s) dict_keys(['example_params_trigger_ui']) retrieved from /home/alan/repos/pipeline_airflow/pipeline-airflow-venv/lib/python3.11/site-packages/airflow/example_dags/example_params_trigger_ui.py
[2023-08-15T18:23:58.015-0300] {logging_mixin.py:150} INFO - [2023-08-15T18:23:58.014-0300] {dag.py:2742} INFO - Sync 1 DAGs
[2023-08-15T18:23:58.049-0300] {logging_mixin.py:150} INFO - [2023-08-15T18:23:58.049-0300] {dag.py:3504} INFO - Setting next_dagrun for example_params_trigger_ui to None, run_after=None
[2023-08-15T18:23:58.164-0300] {processor.py:179} INFO - Processing /home/alan/repos/pipeline_airflow/pipeline-airflow-venv/lib/python3.11/site-packages/airflow/example_dags/example_params_trigger_ui.py took 0.419 seconds
[2023-08-15T18:25:51.471-0300] {processor.py:157} INFO - Started process (PID=20392) to work on /home/alan/repos/pipeline_airflow/pipeline-airflow-venv/lib/python3.11/site-packages/airflow/example_dags/example_params_trigger_ui.py
[2023-08-15T18:25:51.549-0300] {processor.py:826} INFO - Processing file /home/alan/repos/pipeline_airflow/pipeline-airflow-venv/lib/python3.11/site-packages/airflow/example_dags/example_params_trigger_ui.py for tasks to queue
[2023-08-15T18:25:51.551-0300] {logging_mixin.py:150} INFO - [2023-08-15T18:25:51.550-0300] {dagbag.py:541} INFO - Filling up the DagBag from /home/alan/repos/pipeline_airflow/pipeline-airflow-venv/lib/python3.11/site-packages/airflow/example_dags/example_params_trigger_ui.py
[2023-08-15T18:25:51.614-0300] {processor.py:836} INFO - DAG(s) dict_keys(['example_params_trigger_ui']) retrieved from /home/alan/repos/pipeline_airflow/pipeline-airflow-venv/lib/python3.11/site-packages/airflow/example_dags/example_params_trigger_ui.py
[2023-08-15T18:25:51.721-0300] {logging_mixin.py:150} INFO - [2023-08-15T18:25:51.721-0300] {dag.py:2742} INFO - Sync 1 DAGs
[2023-08-15T18:25:51.765-0300] {logging_mixin.py:150} INFO - [2023-08-15T18:25:51.765-0300] {dag.py:3504} INFO - Setting next_dagrun for example_params_trigger_ui to None, run_after=None
[2023-08-15T18:25:52.280-0300] {processor.py:179} INFO - Processing /home/alan/repos/pipeline_airflow/pipeline-airflow-venv/lib/python3.11/site-packages/airflow/example_dags/example_params_trigger_ui.py took 0.815 seconds
[2023-08-15T18:27:17.087-0300] {processor.py:157} INFO - Started process (PID=20909) to work on /home/alan/repos/pipeline_airflow/pipeline-airflow-venv/lib/python3.11/site-packages/airflow/example_dags/example_params_trigger_ui.py
[2023-08-15T18:27:17.088-0300] {processor.py:826} INFO - Processing file /home/alan/repos/pipeline_airflow/pipeline-airflow-venv/lib/python3.11/site-packages/airflow/example_dags/example_params_trigger_ui.py for tasks to queue
[2023-08-15T18:27:17.090-0300] {logging_mixin.py:150} INFO - [2023-08-15T18:27:17.089-0300] {dagbag.py:541} INFO - Filling up the DagBag from /home/alan/repos/pipeline_airflow/pipeline-airflow-venv/lib/python3.11/site-packages/airflow/example_dags/example_params_trigger_ui.py
[2023-08-15T18:27:17.122-0300] {processor.py:836} INFO - DAG(s) dict_keys(['example_params_trigger_ui']) retrieved from /home/alan/repos/pipeline_airflow/pipeline-airflow-venv/lib/python3.11/site-packages/airflow/example_dags/example_params_trigger_ui.py
[2023-08-15T18:27:17.258-0300] {logging_mixin.py:150} INFO - [2023-08-15T18:27:17.258-0300] {dag.py:2742} INFO - Sync 1 DAGs
[2023-08-15T18:27:17.304-0300] {logging_mixin.py:150} INFO - [2023-08-15T18:27:17.303-0300] {dag.py:3504} INFO - Setting next_dagrun for example_params_trigger_ui to None, run_after=None
[2023-08-15T18:27:17.423-0300] {processor.py:179} INFO - Processing /home/alan/repos/pipeline_airflow/pipeline-airflow-venv/lib/python3.11/site-packages/airflow/example_dags/example_params_trigger_ui.py took 0.342 seconds
[2023-08-15T18:28:16.899-0300] {processor.py:157} INFO - Started process (PID=21122) to work on /home/alan/repos/pipeline_airflow/pipeline-airflow-venv/lib/python3.11/site-packages/airflow/example_dags/example_params_trigger_ui.py
[2023-08-15T18:28:16.902-0300] {processor.py:826} INFO - Processing file /home/alan/repos/pipeline_airflow/pipeline-airflow-venv/lib/python3.11/site-packages/airflow/example_dags/example_params_trigger_ui.py for tasks to queue
[2023-08-15T18:28:16.904-0300] {logging_mixin.py:150} INFO - [2023-08-15T18:28:16.903-0300] {dagbag.py:541} INFO - Filling up the DagBag from /home/alan/repos/pipeline_airflow/pipeline-airflow-venv/lib/python3.11/site-packages/airflow/example_dags/example_params_trigger_ui.py
[2023-08-15T18:28:16.935-0300] {processor.py:836} INFO - DAG(s) dict_keys(['example_params_trigger_ui']) retrieved from /home/alan/repos/pipeline_airflow/pipeline-airflow-venv/lib/python3.11/site-packages/airflow/example_dags/example_params_trigger_ui.py
[2023-08-15T18:28:17.020-0300] {logging_mixin.py:150} INFO - [2023-08-15T18:28:17.020-0300] {dag.py:2742} INFO - Sync 1 DAGs
[2023-08-15T18:28:17.075-0300] {logging_mixin.py:150} INFO - [2023-08-15T18:28:17.075-0300] {dag.py:3504} INFO - Setting next_dagrun for example_params_trigger_ui to None, run_after=None
[2023-08-15T18:28:17.250-0300] {processor.py:179} INFO - Processing /home/alan/repos/pipeline_airflow/pipeline-airflow-venv/lib/python3.11/site-packages/airflow/example_dags/example_params_trigger_ui.py took 0.356 seconds
[2023-08-15T18:29:15.338-0300] {processor.py:157} INFO - Started process (PID=21361) to work on /home/alan/repos/pipeline_airflow/pipeline-airflow-venv/lib/python3.11/site-packages/airflow/example_dags/example_params_trigger_ui.py
[2023-08-15T18:29:15.360-0300] {processor.py:826} INFO - Processing file /home/alan/repos/pipeline_airflow/pipeline-airflow-venv/lib/python3.11/site-packages/airflow/example_dags/example_params_trigger_ui.py for tasks to queue
[2023-08-15T18:29:15.362-0300] {logging_mixin.py:150} INFO - [2023-08-15T18:29:15.361-0300] {dagbag.py:541} INFO - Filling up the DagBag from /home/alan/repos/pipeline_airflow/pipeline-airflow-venv/lib/python3.11/site-packages/airflow/example_dags/example_params_trigger_ui.py
[2023-08-15T18:29:15.407-0300] {processor.py:836} INFO - DAG(s) dict_keys(['example_params_trigger_ui']) retrieved from /home/alan/repos/pipeline_airflow/pipeline-airflow-venv/lib/python3.11/site-packages/airflow/example_dags/example_params_trigger_ui.py
[2023-08-15T18:29:15.529-0300] {logging_mixin.py:150} INFO - [2023-08-15T18:29:15.529-0300] {dag.py:2742} INFO - Sync 1 DAGs
[2023-08-15T18:29:15.575-0300] {logging_mixin.py:150} INFO - [2023-08-15T18:29:15.575-0300] {dag.py:3504} INFO - Setting next_dagrun for example_params_trigger_ui to None, run_after=None
[2023-08-15T18:29:15.683-0300] {processor.py:179} INFO - Processing /home/alan/repos/pipeline_airflow/pipeline-airflow-venv/lib/python3.11/site-packages/airflow/example_dags/example_params_trigger_ui.py took 0.349 seconds
[2023-08-15T18:30:11.348-0300] {processor.py:157} INFO - Started process (PID=21579) to work on /home/alan/repos/pipeline_airflow/pipeline-airflow-venv/lib/python3.11/site-packages/airflow/example_dags/example_params_trigger_ui.py
[2023-08-15T18:30:11.357-0300] {processor.py:826} INFO - Processing file /home/alan/repos/pipeline_airflow/pipeline-airflow-venv/lib/python3.11/site-packages/airflow/example_dags/example_params_trigger_ui.py for tasks to queue
[2023-08-15T18:30:11.359-0300] {logging_mixin.py:150} INFO - [2023-08-15T18:30:11.358-0300] {dagbag.py:541} INFO - Filling up the DagBag from /home/alan/repos/pipeline_airflow/pipeline-airflow-venv/lib/python3.11/site-packages/airflow/example_dags/example_params_trigger_ui.py
[2023-08-15T18:30:11.459-0300] {processor.py:836} INFO - DAG(s) dict_keys(['example_params_trigger_ui']) retrieved from /home/alan/repos/pipeline_airflow/pipeline-airflow-venv/lib/python3.11/site-packages/airflow/example_dags/example_params_trigger_ui.py
[2023-08-15T18:30:11.677-0300] {logging_mixin.py:150} INFO - [2023-08-15T18:30:11.677-0300] {dag.py:2742} INFO - Sync 1 DAGs
[2023-08-15T18:30:11.727-0300] {logging_mixin.py:150} INFO - [2023-08-15T18:30:11.727-0300] {dag.py:3504} INFO - Setting next_dagrun for example_params_trigger_ui to None, run_after=None
[2023-08-15T18:30:11.841-0300] {processor.py:179} INFO - Processing /home/alan/repos/pipeline_airflow/pipeline-airflow-venv/lib/python3.11/site-packages/airflow/example_dags/example_params_trigger_ui.py took 0.505 seconds
[2023-08-15T18:31:08.034-0300] {processor.py:157} INFO - Started process (PID=21782) to work on /home/alan/repos/pipeline_airflow/pipeline-airflow-venv/lib/python3.11/site-packages/airflow/example_dags/example_params_trigger_ui.py
[2023-08-15T18:31:08.035-0300] {processor.py:826} INFO - Processing file /home/alan/repos/pipeline_airflow/pipeline-airflow-venv/lib/python3.11/site-packages/airflow/example_dags/example_params_trigger_ui.py for tasks to queue
[2023-08-15T18:31:08.037-0300] {logging_mixin.py:150} INFO - [2023-08-15T18:31:08.036-0300] {dagbag.py:541} INFO - Filling up the DagBag from /home/alan/repos/pipeline_airflow/pipeline-airflow-venv/lib/python3.11/site-packages/airflow/example_dags/example_params_trigger_ui.py
[2023-08-15T18:31:08.070-0300] {processor.py:836} INFO - DAG(s) dict_keys(['example_params_trigger_ui']) retrieved from /home/alan/repos/pipeline_airflow/pipeline-airflow-venv/lib/python3.11/site-packages/airflow/example_dags/example_params_trigger_ui.py
[2023-08-15T18:31:08.142-0300] {logging_mixin.py:150} INFO - [2023-08-15T18:31:08.142-0300] {dag.py:2742} INFO - Sync 1 DAGs
[2023-08-15T18:31:08.175-0300] {logging_mixin.py:150} INFO - [2023-08-15T18:31:08.175-0300] {dag.py:3504} INFO - Setting next_dagrun for example_params_trigger_ui to None, run_after=None
[2023-08-15T18:31:08.284-0300] {processor.py:179} INFO - Processing /home/alan/repos/pipeline_airflow/pipeline-airflow-venv/lib/python3.11/site-packages/airflow/example_dags/example_params_trigger_ui.py took 0.257 seconds
[2023-08-15T18:32:03.441-0300] {processor.py:157} INFO - Started process (PID=21981) to work on /home/alan/repos/pipeline_airflow/pipeline-airflow-venv/lib/python3.11/site-packages/airflow/example_dags/example_params_trigger_ui.py
[2023-08-15T18:32:03.456-0300] {processor.py:826} INFO - Processing file /home/alan/repos/pipeline_airflow/pipeline-airflow-venv/lib/python3.11/site-packages/airflow/example_dags/example_params_trigger_ui.py for tasks to queue
[2023-08-15T18:32:03.457-0300] {logging_mixin.py:150} INFO - [2023-08-15T18:32:03.457-0300] {dagbag.py:541} INFO - Filling up the DagBag from /home/alan/repos/pipeline_airflow/pipeline-airflow-venv/lib/python3.11/site-packages/airflow/example_dags/example_params_trigger_ui.py
[2023-08-15T18:32:03.486-0300] {processor.py:836} INFO - DAG(s) dict_keys(['example_params_trigger_ui']) retrieved from /home/alan/repos/pipeline_airflow/pipeline-airflow-venv/lib/python3.11/site-packages/airflow/example_dags/example_params_trigger_ui.py
[2023-08-15T18:32:03.565-0300] {logging_mixin.py:150} INFO - [2023-08-15T18:32:03.565-0300] {dag.py:2742} INFO - Sync 1 DAGs
[2023-08-15T18:32:03.599-0300] {logging_mixin.py:150} INFO - [2023-08-15T18:32:03.599-0300] {dag.py:3504} INFO - Setting next_dagrun for example_params_trigger_ui to None, run_after=None
[2023-08-15T18:32:03.728-0300] {processor.py:179} INFO - Processing /home/alan/repos/pipeline_airflow/pipeline-airflow-venv/lib/python3.11/site-packages/airflow/example_dags/example_params_trigger_ui.py took 0.291 seconds
[2023-08-15T18:32:59.470-0300] {processor.py:157} INFO - Started process (PID=22197) to work on /home/alan/repos/pipeline_airflow/pipeline-airflow-venv/lib/python3.11/site-packages/airflow/example_dags/example_params_trigger_ui.py
[2023-08-15T18:32:59.471-0300] {processor.py:826} INFO - Processing file /home/alan/repos/pipeline_airflow/pipeline-airflow-venv/lib/python3.11/site-packages/airflow/example_dags/example_params_trigger_ui.py for tasks to queue
[2023-08-15T18:32:59.473-0300] {logging_mixin.py:150} INFO - [2023-08-15T18:32:59.472-0300] {dagbag.py:541} INFO - Filling up the DagBag from /home/alan/repos/pipeline_airflow/pipeline-airflow-venv/lib/python3.11/site-packages/airflow/example_dags/example_params_trigger_ui.py
[2023-08-15T18:32:59.508-0300] {processor.py:836} INFO - DAG(s) dict_keys(['example_params_trigger_ui']) retrieved from /home/alan/repos/pipeline_airflow/pipeline-airflow-venv/lib/python3.11/site-packages/airflow/example_dags/example_params_trigger_ui.py
[2023-08-15T18:32:59.600-0300] {logging_mixin.py:150} INFO - [2023-08-15T18:32:59.599-0300] {dag.py:2742} INFO - Sync 1 DAGs
[2023-08-15T18:32:59.641-0300] {logging_mixin.py:150} INFO - [2023-08-15T18:32:59.641-0300] {dag.py:3504} INFO - Setting next_dagrun for example_params_trigger_ui to None, run_after=None
[2023-08-15T18:32:59.782-0300] {processor.py:179} INFO - Processing /home/alan/repos/pipeline_airflow/pipeline-airflow-venv/lib/python3.11/site-packages/airflow/example_dags/example_params_trigger_ui.py took 0.318 seconds
[2023-08-15T18:33:56.685-0300] {processor.py:157} INFO - Started process (PID=22415) to work on /home/alan/repos/pipeline_airflow/pipeline-airflow-venv/lib/python3.11/site-packages/airflow/example_dags/example_params_trigger_ui.py
[2023-08-15T18:33:56.687-0300] {processor.py:826} INFO - Processing file /home/alan/repos/pipeline_airflow/pipeline-airflow-venv/lib/python3.11/site-packages/airflow/example_dags/example_params_trigger_ui.py for tasks to queue
[2023-08-15T18:33:56.689-0300] {logging_mixin.py:150} INFO - [2023-08-15T18:33:56.688-0300] {dagbag.py:541} INFO - Filling up the DagBag from /home/alan/repos/pipeline_airflow/pipeline-airflow-venv/lib/python3.11/site-packages/airflow/example_dags/example_params_trigger_ui.py
[2023-08-15T18:33:56.723-0300] {processor.py:836} INFO - DAG(s) dict_keys(['example_params_trigger_ui']) retrieved from /home/alan/repos/pipeline_airflow/pipeline-airflow-venv/lib/python3.11/site-packages/airflow/example_dags/example_params_trigger_ui.py
[2023-08-15T18:33:56.797-0300] {logging_mixin.py:150} INFO - [2023-08-15T18:33:56.796-0300] {dag.py:2742} INFO - Sync 1 DAGs
[2023-08-15T18:33:56.830-0300] {logging_mixin.py:150} INFO - [2023-08-15T18:33:56.829-0300] {dag.py:3504} INFO - Setting next_dagrun for example_params_trigger_ui to None, run_after=None
[2023-08-15T18:33:56.929-0300] {processor.py:179} INFO - Processing /home/alan/repos/pipeline_airflow/pipeline-airflow-venv/lib/python3.11/site-packages/airflow/example_dags/example_params_trigger_ui.py took 0.251 seconds
[2023-08-15T18:34:51.753-0300] {processor.py:157} INFO - Started process (PID=22605) to work on /home/alan/repos/pipeline_airflow/pipeline-airflow-venv/lib/python3.11/site-packages/airflow/example_dags/example_params_trigger_ui.py
[2023-08-15T18:34:51.769-0300] {processor.py:826} INFO - Processing file /home/alan/repos/pipeline_airflow/pipeline-airflow-venv/lib/python3.11/site-packages/airflow/example_dags/example_params_trigger_ui.py for tasks to queue
[2023-08-15T18:34:51.771-0300] {logging_mixin.py:150} INFO - [2023-08-15T18:34:51.770-0300] {dagbag.py:541} INFO - Filling up the DagBag from /home/alan/repos/pipeline_airflow/pipeline-airflow-venv/lib/python3.11/site-packages/airflow/example_dags/example_params_trigger_ui.py
[2023-08-15T18:34:51.806-0300] {processor.py:836} INFO - DAG(s) dict_keys(['example_params_trigger_ui']) retrieved from /home/alan/repos/pipeline_airflow/pipeline-airflow-venv/lib/python3.11/site-packages/airflow/example_dags/example_params_trigger_ui.py
[2023-08-15T18:34:51.878-0300] {logging_mixin.py:150} INFO - [2023-08-15T18:34:51.877-0300] {dag.py:2742} INFO - Sync 1 DAGs
[2023-08-15T18:34:51.911-0300] {logging_mixin.py:150} INFO - [2023-08-15T18:34:51.910-0300] {dag.py:3504} INFO - Setting next_dagrun for example_params_trigger_ui to None, run_after=None
[2023-08-15T18:34:52.012-0300] {processor.py:179} INFO - Processing /home/alan/repos/pipeline_airflow/pipeline-airflow-venv/lib/python3.11/site-packages/airflow/example_dags/example_params_trigger_ui.py took 0.266 seconds
[2023-08-15T18:35:46.411-0300] {processor.py:157} INFO - Started process (PID=22802) to work on /home/alan/repos/pipeline_airflow/pipeline-airflow-venv/lib/python3.11/site-packages/airflow/example_dags/example_params_trigger_ui.py
[2023-08-15T18:35:46.413-0300] {processor.py:826} INFO - Processing file /home/alan/repos/pipeline_airflow/pipeline-airflow-venv/lib/python3.11/site-packages/airflow/example_dags/example_params_trigger_ui.py for tasks to queue
[2023-08-15T18:35:46.415-0300] {logging_mixin.py:150} INFO - [2023-08-15T18:35:46.415-0300] {dagbag.py:541} INFO - Filling up the DagBag from /home/alan/repos/pipeline_airflow/pipeline-airflow-venv/lib/python3.11/site-packages/airflow/example_dags/example_params_trigger_ui.py
[2023-08-15T18:35:46.452-0300] {processor.py:836} INFO - DAG(s) dict_keys(['example_params_trigger_ui']) retrieved from /home/alan/repos/pipeline_airflow/pipeline-airflow-venv/lib/python3.11/site-packages/airflow/example_dags/example_params_trigger_ui.py
[2023-08-15T18:35:46.546-0300] {logging_mixin.py:150} INFO - [2023-08-15T18:35:46.546-0300] {dag.py:2742} INFO - Sync 1 DAGs
[2023-08-15T18:35:46.580-0300] {logging_mixin.py:150} INFO - [2023-08-15T18:35:46.579-0300] {dag.py:3504} INFO - Setting next_dagrun for example_params_trigger_ui to None, run_after=None
[2023-08-15T18:35:46.720-0300] {processor.py:179} INFO - Processing /home/alan/repos/pipeline_airflow/pipeline-airflow-venv/lib/python3.11/site-packages/airflow/example_dags/example_params_trigger_ui.py took 0.315 seconds
[2023-08-15T18:36:45.996-0300] {processor.py:157} INFO - Started process (PID=23022) to work on /home/alan/repos/pipeline_airflow/pipeline-airflow-venv/lib/python3.11/site-packages/airflow/example_dags/example_params_trigger_ui.py
[2023-08-15T18:36:46.006-0300] {processor.py:826} INFO - Processing file /home/alan/repos/pipeline_airflow/pipeline-airflow-venv/lib/python3.11/site-packages/airflow/example_dags/example_params_trigger_ui.py for tasks to queue
[2023-08-15T18:36:46.007-0300] {logging_mixin.py:150} INFO - [2023-08-15T18:36:46.007-0300] {dagbag.py:541} INFO - Filling up the DagBag from /home/alan/repos/pipeline_airflow/pipeline-airflow-venv/lib/python3.11/site-packages/airflow/example_dags/example_params_trigger_ui.py
[2023-08-15T18:36:46.049-0300] {processor.py:836} INFO - DAG(s) dict_keys(['example_params_trigger_ui']) retrieved from /home/alan/repos/pipeline_airflow/pipeline-airflow-venv/lib/python3.11/site-packages/airflow/example_dags/example_params_trigger_ui.py
[2023-08-15T18:36:46.156-0300] {logging_mixin.py:150} INFO - [2023-08-15T18:36:46.155-0300] {dag.py:2742} INFO - Sync 1 DAGs
[2023-08-15T18:36:46.197-0300] {logging_mixin.py:150} INFO - [2023-08-15T18:36:46.197-0300] {dag.py:3504} INFO - Setting next_dagrun for example_params_trigger_ui to None, run_after=None
[2023-08-15T18:36:46.326-0300] {processor.py:179} INFO - Processing /home/alan/repos/pipeline_airflow/pipeline-airflow-venv/lib/python3.11/site-packages/airflow/example_dags/example_params_trigger_ui.py took 0.339 seconds
[2023-08-15T18:38:07.309-0300] {processor.py:157} INFO - Started process (PID=23348) to work on /home/alan/repos/pipeline_airflow/pipeline-airflow-venv/lib/python3.11/site-packages/airflow/example_dags/example_params_trigger_ui.py
[2023-08-15T18:38:07.324-0300] {processor.py:826} INFO - Processing file /home/alan/repos/pipeline_airflow/pipeline-airflow-venv/lib/python3.11/site-packages/airflow/example_dags/example_params_trigger_ui.py for tasks to queue
[2023-08-15T18:38:07.326-0300] {logging_mixin.py:150} INFO - [2023-08-15T18:38:07.325-0300] {dagbag.py:541} INFO - Filling up the DagBag from /home/alan/repos/pipeline_airflow/pipeline-airflow-venv/lib/python3.11/site-packages/airflow/example_dags/example_params_trigger_ui.py
[2023-08-15T18:38:07.381-0300] {processor.py:836} INFO - DAG(s) dict_keys(['example_params_trigger_ui']) retrieved from /home/alan/repos/pipeline_airflow/pipeline-airflow-venv/lib/python3.11/site-packages/airflow/example_dags/example_params_trigger_ui.py
[2023-08-15T18:38:07.567-0300] {logging_mixin.py:150} INFO - [2023-08-15T18:38:07.567-0300] {dag.py:2742} INFO - Sync 1 DAGs
[2023-08-15T18:38:07.641-0300] {logging_mixin.py:150} INFO - [2023-08-15T18:38:07.641-0300] {dag.py:3504} INFO - Setting next_dagrun for example_params_trigger_ui to None, run_after=None
[2023-08-15T18:38:07.768-0300] {processor.py:179} INFO - Processing /home/alan/repos/pipeline_airflow/pipeline-airflow-venv/lib/python3.11/site-packages/airflow/example_dags/example_params_trigger_ui.py took 0.471 seconds
[2023-08-15T18:44:32.377-0300] {processor.py:157} INFO - Started process (PID=23802) to work on /home/alan/repos/pipeline_airflow/pipeline-airflow-venv/lib/python3.11/site-packages/airflow/example_dags/example_params_trigger_ui.py
[2023-08-15T18:44:32.378-0300] {processor.py:826} INFO - Processing file /home/alan/repos/pipeline_airflow/pipeline-airflow-venv/lib/python3.11/site-packages/airflow/example_dags/example_params_trigger_ui.py for tasks to queue
[2023-08-15T18:44:32.380-0300] {logging_mixin.py:150} INFO - [2023-08-15T18:44:32.379-0300] {dagbag.py:541} INFO - Filling up the DagBag from /home/alan/repos/pipeline_airflow/pipeline-airflow-venv/lib/python3.11/site-packages/airflow/example_dags/example_params_trigger_ui.py
[2023-08-15T18:44:32.412-0300] {processor.py:836} INFO - DAG(s) dict_keys(['example_params_trigger_ui']) retrieved from /home/alan/repos/pipeline_airflow/pipeline-airflow-venv/lib/python3.11/site-packages/airflow/example_dags/example_params_trigger_ui.py
[2023-08-15T18:44:32.488-0300] {logging_mixin.py:150} INFO - [2023-08-15T18:44:32.488-0300] {dag.py:2742} INFO - Sync 1 DAGs
[2023-08-15T18:44:32.525-0300] {logging_mixin.py:150} INFO - [2023-08-15T18:44:32.525-0300] {dag.py:3504} INFO - Setting next_dagrun for example_params_trigger_ui to None, run_after=None
[2023-08-15T18:44:32.656-0300] {processor.py:179} INFO - Processing /home/alan/repos/pipeline_airflow/pipeline-airflow-venv/lib/python3.11/site-packages/airflow/example_dags/example_params_trigger_ui.py took 0.284 seconds
[2023-08-15T18:45:49.902-0300] {processor.py:157} INFO - Started process (PID=24161) to work on /home/alan/repos/pipeline_airflow/pipeline-airflow-venv/lib/python3.11/site-packages/airflow/example_dags/example_params_trigger_ui.py
[2023-08-15T18:45:49.904-0300] {processor.py:826} INFO - Processing file /home/alan/repos/pipeline_airflow/pipeline-airflow-venv/lib/python3.11/site-packages/airflow/example_dags/example_params_trigger_ui.py for tasks to queue
[2023-08-15T18:45:49.905-0300] {logging_mixin.py:150} INFO - [2023-08-15T18:45:49.905-0300] {dagbag.py:541} INFO - Filling up the DagBag from /home/alan/repos/pipeline_airflow/pipeline-airflow-venv/lib/python3.11/site-packages/airflow/example_dags/example_params_trigger_ui.py
[2023-08-15T18:45:49.935-0300] {processor.py:836} INFO - DAG(s) dict_keys(['example_params_trigger_ui']) retrieved from /home/alan/repos/pipeline_airflow/pipeline-airflow-venv/lib/python3.11/site-packages/airflow/example_dags/example_params_trigger_ui.py
[2023-08-15T18:45:50.013-0300] {logging_mixin.py:150} INFO - [2023-08-15T18:45:50.013-0300] {dag.py:2742} INFO - Sync 1 DAGs
[2023-08-15T18:45:50.057-0300] {logging_mixin.py:150} INFO - [2023-08-15T18:45:50.057-0300] {dag.py:3504} INFO - Setting next_dagrun for example_params_trigger_ui to None, run_after=None
[2023-08-15T18:45:50.267-0300] {processor.py:179} INFO - Processing /home/alan/repos/pipeline_airflow/pipeline-airflow-venv/lib/python3.11/site-packages/airflow/example_dags/example_params_trigger_ui.py took 0.371 seconds
[2023-08-15T18:46:56.574-0300] {processor.py:157} INFO - Started process (PID=24398) to work on /home/alan/repos/pipeline_airflow/pipeline-airflow-venv/lib/python3.11/site-packages/airflow/example_dags/example_params_trigger_ui.py
[2023-08-15T18:46:56.578-0300] {processor.py:826} INFO - Processing file /home/alan/repos/pipeline_airflow/pipeline-airflow-venv/lib/python3.11/site-packages/airflow/example_dags/example_params_trigger_ui.py for tasks to queue
[2023-08-15T18:46:56.579-0300] {logging_mixin.py:150} INFO - [2023-08-15T18:46:56.579-0300] {dagbag.py:541} INFO - Filling up the DagBag from /home/alan/repos/pipeline_airflow/pipeline-airflow-venv/lib/python3.11/site-packages/airflow/example_dags/example_params_trigger_ui.py
[2023-08-15T18:46:56.615-0300] {processor.py:836} INFO - DAG(s) dict_keys(['example_params_trigger_ui']) retrieved from /home/alan/repos/pipeline_airflow/pipeline-airflow-venv/lib/python3.11/site-packages/airflow/example_dags/example_params_trigger_ui.py
[2023-08-15T18:46:56.714-0300] {logging_mixin.py:150} INFO - [2023-08-15T18:46:56.714-0300] {dag.py:2742} INFO - Sync 1 DAGs
[2023-08-15T18:46:56.767-0300] {logging_mixin.py:150} INFO - [2023-08-15T18:46:56.766-0300] {dag.py:3504} INFO - Setting next_dagrun for example_params_trigger_ui to None, run_after=None
[2023-08-15T18:46:57.121-0300] {processor.py:179} INFO - Processing /home/alan/repos/pipeline_airflow/pipeline-airflow-venv/lib/python3.11/site-packages/airflow/example_dags/example_params_trigger_ui.py took 0.552 seconds
[2023-08-15T18:48:00.141-0300] {processor.py:157} INFO - Started process (PID=24624) to work on /home/alan/repos/pipeline_airflow/pipeline-airflow-venv/lib/python3.11/site-packages/airflow/example_dags/example_params_trigger_ui.py
[2023-08-15T18:48:00.164-0300] {processor.py:826} INFO - Processing file /home/alan/repos/pipeline_airflow/pipeline-airflow-venv/lib/python3.11/site-packages/airflow/example_dags/example_params_trigger_ui.py for tasks to queue
[2023-08-15T18:48:00.166-0300] {logging_mixin.py:150} INFO - [2023-08-15T18:48:00.165-0300] {dagbag.py:541} INFO - Filling up the DagBag from /home/alan/repos/pipeline_airflow/pipeline-airflow-venv/lib/python3.11/site-packages/airflow/example_dags/example_params_trigger_ui.py
[2023-08-15T18:48:00.222-0300] {processor.py:836} INFO - DAG(s) dict_keys(['example_params_trigger_ui']) retrieved from /home/alan/repos/pipeline_airflow/pipeline-airflow-venv/lib/python3.11/site-packages/airflow/example_dags/example_params_trigger_ui.py
[2023-08-15T18:48:00.302-0300] {logging_mixin.py:150} INFO - [2023-08-15T18:48:00.302-0300] {dag.py:2742} INFO - Sync 1 DAGs
[2023-08-15T18:48:00.342-0300] {logging_mixin.py:150} INFO - [2023-08-15T18:48:00.341-0300] {dag.py:3504} INFO - Setting next_dagrun for example_params_trigger_ui to None, run_after=None
[2023-08-15T18:48:00.618-0300] {processor.py:179} INFO - Processing /home/alan/repos/pipeline_airflow/pipeline-airflow-venv/lib/python3.11/site-packages/airflow/example_dags/example_params_trigger_ui.py took 0.484 seconds
[2023-08-15T18:49:08.922-0300] {processor.py:157} INFO - Started process (PID=24846) to work on /home/alan/repos/pipeline_airflow/pipeline-airflow-venv/lib/python3.11/site-packages/airflow/example_dags/example_params_trigger_ui.py
[2023-08-15T18:49:08.937-0300] {processor.py:826} INFO - Processing file /home/alan/repos/pipeline_airflow/pipeline-airflow-venv/lib/python3.11/site-packages/airflow/example_dags/example_params_trigger_ui.py for tasks to queue
[2023-08-15T18:49:08.941-0300] {logging_mixin.py:150} INFO - [2023-08-15T18:49:08.939-0300] {dagbag.py:541} INFO - Filling up the DagBag from /home/alan/repos/pipeline_airflow/pipeline-airflow-venv/lib/python3.11/site-packages/airflow/example_dags/example_params_trigger_ui.py
[2023-08-15T18:49:08.972-0300] {processor.py:836} INFO - DAG(s) dict_keys(['example_params_trigger_ui']) retrieved from /home/alan/repos/pipeline_airflow/pipeline-airflow-venv/lib/python3.11/site-packages/airflow/example_dags/example_params_trigger_ui.py
[2023-08-15T18:49:09.205-0300] {logging_mixin.py:150} INFO - [2023-08-15T18:49:09.205-0300] {dag.py:2742} INFO - Sync 1 DAGs
[2023-08-15T18:49:09.251-0300] {logging_mixin.py:150} INFO - [2023-08-15T18:49:09.250-0300] {dag.py:3504} INFO - Setting next_dagrun for example_params_trigger_ui to None, run_after=None
[2023-08-15T18:49:09.382-0300] {processor.py:179} INFO - Processing /home/alan/repos/pipeline_airflow/pipeline-airflow-venv/lib/python3.11/site-packages/airflow/example_dags/example_params_trigger_ui.py took 0.471 seconds
[2023-08-15T18:50:11.806-0300] {processor.py:157} INFO - Started process (PID=25069) to work on /home/alan/repos/pipeline_airflow/pipeline-airflow-venv/lib/python3.11/site-packages/airflow/example_dags/example_params_trigger_ui.py
[2023-08-15T18:50:11.808-0300] {processor.py:826} INFO - Processing file /home/alan/repos/pipeline_airflow/pipeline-airflow-venv/lib/python3.11/site-packages/airflow/example_dags/example_params_trigger_ui.py for tasks to queue
[2023-08-15T18:50:11.809-0300] {logging_mixin.py:150} INFO - [2023-08-15T18:50:11.809-0300] {dagbag.py:541} INFO - Filling up the DagBag from /home/alan/repos/pipeline_airflow/pipeline-airflow-venv/lib/python3.11/site-packages/airflow/example_dags/example_params_trigger_ui.py
[2023-08-15T18:50:11.849-0300] {processor.py:836} INFO - DAG(s) dict_keys(['example_params_trigger_ui']) retrieved from /home/alan/repos/pipeline_airflow/pipeline-airflow-venv/lib/python3.11/site-packages/airflow/example_dags/example_params_trigger_ui.py
[2023-08-15T18:50:11.939-0300] {logging_mixin.py:150} INFO - [2023-08-15T18:50:11.938-0300] {dag.py:2742} INFO - Sync 1 DAGs
[2023-08-15T18:50:11.984-0300] {logging_mixin.py:150} INFO - [2023-08-15T18:50:11.983-0300] {dag.py:3504} INFO - Setting next_dagrun for example_params_trigger_ui to None, run_after=None
[2023-08-15T18:50:12.087-0300] {processor.py:179} INFO - Processing /home/alan/repos/pipeline_airflow/pipeline-airflow-venv/lib/python3.11/site-packages/airflow/example_dags/example_params_trigger_ui.py took 0.286 seconds
[2023-08-15T18:51:20.946-0300] {processor.py:157} INFO - Started process (PID=25364) to work on /home/alan/repos/pipeline_airflow/pipeline-airflow-venv/lib/python3.11/site-packages/airflow/example_dags/example_params_trigger_ui.py
[2023-08-15T18:51:20.972-0300] {processor.py:826} INFO - Processing file /home/alan/repos/pipeline_airflow/pipeline-airflow-venv/lib/python3.11/site-packages/airflow/example_dags/example_params_trigger_ui.py for tasks to queue
[2023-08-15T18:51:20.974-0300] {logging_mixin.py:150} INFO - [2023-08-15T18:51:20.973-0300] {dagbag.py:541} INFO - Filling up the DagBag from /home/alan/repos/pipeline_airflow/pipeline-airflow-venv/lib/python3.11/site-packages/airflow/example_dags/example_params_trigger_ui.py
[2023-08-15T18:51:21.009-0300] {processor.py:836} INFO - DAG(s) dict_keys(['example_params_trigger_ui']) retrieved from /home/alan/repos/pipeline_airflow/pipeline-airflow-venv/lib/python3.11/site-packages/airflow/example_dags/example_params_trigger_ui.py
[2023-08-15T18:51:21.082-0300] {logging_mixin.py:150} INFO - [2023-08-15T18:51:21.081-0300] {dag.py:2742} INFO - Sync 1 DAGs
[2023-08-15T18:51:21.117-0300] {logging_mixin.py:150} INFO - [2023-08-15T18:51:21.116-0300] {dag.py:3504} INFO - Setting next_dagrun for example_params_trigger_ui to None, run_after=None
[2023-08-15T18:51:21.242-0300] {processor.py:179} INFO - Processing /home/alan/repos/pipeline_airflow/pipeline-airflow-venv/lib/python3.11/site-packages/airflow/example_dags/example_params_trigger_ui.py took 0.302 seconds
[2023-08-15T18:52:28.148-0300] {processor.py:157} INFO - Started process (PID=25715) to work on /home/alan/repos/pipeline_airflow/pipeline-airflow-venv/lib/python3.11/site-packages/airflow/example_dags/example_params_trigger_ui.py
[2023-08-15T18:52:28.151-0300] {processor.py:826} INFO - Processing file /home/alan/repos/pipeline_airflow/pipeline-airflow-venv/lib/python3.11/site-packages/airflow/example_dags/example_params_trigger_ui.py for tasks to queue
[2023-08-15T18:52:28.152-0300] {logging_mixin.py:150} INFO - [2023-08-15T18:52:28.152-0300] {dagbag.py:541} INFO - Filling up the DagBag from /home/alan/repos/pipeline_airflow/pipeline-airflow-venv/lib/python3.11/site-packages/airflow/example_dags/example_params_trigger_ui.py
[2023-08-15T18:52:28.190-0300] {processor.py:836} INFO - DAG(s) dict_keys(['example_params_trigger_ui']) retrieved from /home/alan/repos/pipeline_airflow/pipeline-airflow-venv/lib/python3.11/site-packages/airflow/example_dags/example_params_trigger_ui.py
[2023-08-15T18:52:28.269-0300] {logging_mixin.py:150} INFO - [2023-08-15T18:52:28.269-0300] {dag.py:2742} INFO - Sync 1 DAGs
[2023-08-15T18:52:28.310-0300] {logging_mixin.py:150} INFO - [2023-08-15T18:52:28.310-0300] {dag.py:3504} INFO - Setting next_dagrun for example_params_trigger_ui to None, run_after=None
[2023-08-15T18:52:28.438-0300] {processor.py:179} INFO - Processing /home/alan/repos/pipeline_airflow/pipeline-airflow-venv/lib/python3.11/site-packages/airflow/example_dags/example_params_trigger_ui.py took 0.295 seconds
[2023-08-15T18:53:24.872-0300] {processor.py:157} INFO - Started process (PID=25941) to work on /home/alan/repos/pipeline_airflow/pipeline-airflow-venv/lib/python3.11/site-packages/airflow/example_dags/example_params_trigger_ui.py
[2023-08-15T18:53:24.873-0300] {processor.py:826} INFO - Processing file /home/alan/repos/pipeline_airflow/pipeline-airflow-venv/lib/python3.11/site-packages/airflow/example_dags/example_params_trigger_ui.py for tasks to queue
[2023-08-15T18:53:24.875-0300] {logging_mixin.py:150} INFO - [2023-08-15T18:53:24.874-0300] {dagbag.py:541} INFO - Filling up the DagBag from /home/alan/repos/pipeline_airflow/pipeline-airflow-venv/lib/python3.11/site-packages/airflow/example_dags/example_params_trigger_ui.py
[2023-08-15T18:53:24.904-0300] {processor.py:836} INFO - DAG(s) dict_keys(['example_params_trigger_ui']) retrieved from /home/alan/repos/pipeline_airflow/pipeline-airflow-venv/lib/python3.11/site-packages/airflow/example_dags/example_params_trigger_ui.py
[2023-08-15T18:53:24.975-0300] {logging_mixin.py:150} INFO - [2023-08-15T18:53:24.975-0300] {dag.py:2742} INFO - Sync 1 DAGs
[2023-08-15T18:53:25.014-0300] {logging_mixin.py:150} INFO - [2023-08-15T18:53:25.014-0300] {dag.py:3504} INFO - Setting next_dagrun for example_params_trigger_ui to None, run_after=None
[2023-08-15T18:53:25.125-0300] {processor.py:179} INFO - Processing /home/alan/repos/pipeline_airflow/pipeline-airflow-venv/lib/python3.11/site-packages/airflow/example_dags/example_params_trigger_ui.py took 0.259 seconds
[2023-08-15T18:54:20.951-0300] {processor.py:157} INFO - Started process (PID=26164) to work on /home/alan/repos/pipeline_airflow/pipeline-airflow-venv/lib/python3.11/site-packages/airflow/example_dags/example_params_trigger_ui.py
[2023-08-15T18:54:20.977-0300] {processor.py:826} INFO - Processing file /home/alan/repos/pipeline_airflow/pipeline-airflow-venv/lib/python3.11/site-packages/airflow/example_dags/example_params_trigger_ui.py for tasks to queue
[2023-08-15T18:54:20.979-0300] {logging_mixin.py:150} INFO - [2023-08-15T18:54:20.978-0300] {dagbag.py:541} INFO - Filling up the DagBag from /home/alan/repos/pipeline_airflow/pipeline-airflow-venv/lib/python3.11/site-packages/airflow/example_dags/example_params_trigger_ui.py
[2023-08-15T18:54:21.012-0300] {processor.py:836} INFO - DAG(s) dict_keys(['example_params_trigger_ui']) retrieved from /home/alan/repos/pipeline_airflow/pipeline-airflow-venv/lib/python3.11/site-packages/airflow/example_dags/example_params_trigger_ui.py
[2023-08-15T18:54:21.144-0300] {logging_mixin.py:150} INFO - [2023-08-15T18:54:21.143-0300] {dag.py:2742} INFO - Sync 1 DAGs
[2023-08-15T18:54:21.190-0300] {logging_mixin.py:150} INFO - [2023-08-15T18:54:21.190-0300] {dag.py:3504} INFO - Setting next_dagrun for example_params_trigger_ui to None, run_after=None
[2023-08-15T18:54:21.329-0300] {processor.py:179} INFO - Processing /home/alan/repos/pipeline_airflow/pipeline-airflow-venv/lib/python3.11/site-packages/airflow/example_dags/example_params_trigger_ui.py took 0.383 seconds
[2023-08-15T18:56:41.332-0300] {processor.py:157} INFO - Started process (PID=26878) to work on /home/alan/repos/pipeline_airflow/pipeline-airflow-venv/lib/python3.11/site-packages/airflow/example_dags/example_params_trigger_ui.py
[2023-08-15T18:56:41.355-0300] {processor.py:826} INFO - Processing file /home/alan/repos/pipeline_airflow/pipeline-airflow-venv/lib/python3.11/site-packages/airflow/example_dags/example_params_trigger_ui.py for tasks to queue
[2023-08-15T18:56:41.357-0300] {logging_mixin.py:150} INFO - [2023-08-15T18:56:41.356-0300] {dagbag.py:541} INFO - Filling up the DagBag from /home/alan/repos/pipeline_airflow/pipeline-airflow-venv/lib/python3.11/site-packages/airflow/example_dags/example_params_trigger_ui.py
[2023-08-15T18:56:41.617-0300] {processor.py:836} INFO - DAG(s) dict_keys(['example_params_trigger_ui']) retrieved from /home/alan/repos/pipeline_airflow/pipeline-airflow-venv/lib/python3.11/site-packages/airflow/example_dags/example_params_trigger_ui.py
[2023-08-15T18:56:41.890-0300] {logging_mixin.py:150} INFO - [2023-08-15T18:56:41.890-0300] {dag.py:2742} INFO - Sync 1 DAGs
[2023-08-15T18:56:41.925-0300] {logging_mixin.py:150} INFO - [2023-08-15T18:56:41.925-0300] {dag.py:3504} INFO - Setting next_dagrun for example_params_trigger_ui to None, run_after=None
[2023-08-15T18:56:42.582-0300] {processor.py:179} INFO - Processing /home/alan/repos/pipeline_airflow/pipeline-airflow-venv/lib/python3.11/site-packages/airflow/example_dags/example_params_trigger_ui.py took 1.255 seconds
[2023-08-15T18:58:44.123-0300] {processor.py:157} INFO - Started process (PID=27133) to work on /home/alan/repos/pipeline_airflow/pipeline-airflow-venv/lib/python3.11/site-packages/airflow/example_dags/example_params_trigger_ui.py
[2023-08-15T18:58:44.701-0300] {processor.py:826} INFO - Processing file /home/alan/repos/pipeline_airflow/pipeline-airflow-venv/lib/python3.11/site-packages/airflow/example_dags/example_params_trigger_ui.py for tasks to queue
[2023-08-15T18:58:44.704-0300] {logging_mixin.py:150} INFO - [2023-08-15T18:58:44.703-0300] {dagbag.py:541} INFO - Filling up the DagBag from /home/alan/repos/pipeline_airflow/pipeline-airflow-venv/lib/python3.11/site-packages/airflow/example_dags/example_params_trigger_ui.py
[2023-08-15T18:58:45.340-0300] {processor.py:836} INFO - DAG(s) dict_keys(['example_params_trigger_ui']) retrieved from /home/alan/repos/pipeline_airflow/pipeline-airflow-venv/lib/python3.11/site-packages/airflow/example_dags/example_params_trigger_ui.py
[2023-08-15T18:58:49.226-0300] {logging_mixin.py:150} INFO - [2023-08-15T18:58:49.226-0300] {dag.py:2742} INFO - Sync 1 DAGs
[2023-08-15T18:58:49.422-0300] {logging_mixin.py:150} INFO - [2023-08-15T18:58:49.421-0300] {dag.py:3504} INFO - Setting next_dagrun for example_params_trigger_ui to None, run_after=None
[2023-08-15T18:58:50.925-0300] {processor.py:179} INFO - Processing /home/alan/repos/pipeline_airflow/pipeline-airflow-venv/lib/python3.11/site-packages/airflow/example_dags/example_params_trigger_ui.py took 6.809 seconds
[2023-08-15T19:01:45.151-0300] {processor.py:157} INFO - Started process (PID=27597) to work on /home/alan/repos/pipeline_airflow/pipeline-airflow-venv/lib/python3.11/site-packages/airflow/example_dags/example_params_trigger_ui.py
[2023-08-15T19:01:45.203-0300] {processor.py:826} INFO - Processing file /home/alan/repos/pipeline_airflow/pipeline-airflow-venv/lib/python3.11/site-packages/airflow/example_dags/example_params_trigger_ui.py for tasks to queue
[2023-08-15T19:01:45.204-0300] {logging_mixin.py:150} INFO - [2023-08-15T19:01:45.203-0300] {dagbag.py:541} INFO - Filling up the DagBag from /home/alan/repos/pipeline_airflow/pipeline-airflow-venv/lib/python3.11/site-packages/airflow/example_dags/example_params_trigger_ui.py
[2023-08-15T19:01:45.281-0300] {processor.py:836} INFO - DAG(s) dict_keys(['example_params_trigger_ui']) retrieved from /home/alan/repos/pipeline_airflow/pipeline-airflow-venv/lib/python3.11/site-packages/airflow/example_dags/example_params_trigger_ui.py
[2023-08-15T19:01:45.496-0300] {logging_mixin.py:150} INFO - [2023-08-15T19:01:45.496-0300] {dag.py:2742} INFO - Sync 1 DAGs
[2023-08-15T19:01:45.534-0300] {logging_mixin.py:150} INFO - [2023-08-15T19:01:45.534-0300] {dag.py:3504} INFO - Setting next_dagrun for example_params_trigger_ui to None, run_after=None
[2023-08-15T19:01:46.352-0300] {processor.py:179} INFO - Processing /home/alan/repos/pipeline_airflow/pipeline-airflow-venv/lib/python3.11/site-packages/airflow/example_dags/example_params_trigger_ui.py took 1.206 seconds
[2023-08-15T19:03:27.219-0300] {processor.py:157} INFO - Started process (PID=28020) to work on /home/alan/repos/pipeline_airflow/pipeline-airflow-venv/lib/python3.11/site-packages/airflow/example_dags/example_params_trigger_ui.py
[2023-08-15T19:03:27.270-0300] {processor.py:826} INFO - Processing file /home/alan/repos/pipeline_airflow/pipeline-airflow-venv/lib/python3.11/site-packages/airflow/example_dags/example_params_trigger_ui.py for tasks to queue
[2023-08-15T19:03:27.272-0300] {logging_mixin.py:150} INFO - [2023-08-15T19:03:27.271-0300] {dagbag.py:541} INFO - Filling up the DagBag from /home/alan/repos/pipeline_airflow/pipeline-airflow-venv/lib/python3.11/site-packages/airflow/example_dags/example_params_trigger_ui.py
[2023-08-15T19:03:27.508-0300] {processor.py:836} INFO - DAG(s) dict_keys(['example_params_trigger_ui']) retrieved from /home/alan/repos/pipeline_airflow/pipeline-airflow-venv/lib/python3.11/site-packages/airflow/example_dags/example_params_trigger_ui.py
[2023-08-15T19:03:28.150-0300] {logging_mixin.py:150} INFO - [2023-08-15T19:03:28.150-0300] {dag.py:2742} INFO - Sync 1 DAGs
[2023-08-15T19:03:28.263-0300] {logging_mixin.py:150} INFO - [2023-08-15T19:03:28.263-0300] {dag.py:3504} INFO - Setting next_dagrun for example_params_trigger_ui to None, run_after=None
[2023-08-15T19:03:28.456-0300] {processor.py:179} INFO - Processing /home/alan/repos/pipeline_airflow/pipeline-airflow-venv/lib/python3.11/site-packages/airflow/example_dags/example_params_trigger_ui.py took 1.264 seconds
[2023-08-15T19:05:04.425-0300] {processor.py:157} INFO - Started process (PID=28519) to work on /home/alan/repos/pipeline_airflow/pipeline-airflow-venv/lib/python3.11/site-packages/airflow/example_dags/example_params_trigger_ui.py
[2023-08-15T19:05:04.432-0300] {processor.py:826} INFO - Processing file /home/alan/repos/pipeline_airflow/pipeline-airflow-venv/lib/python3.11/site-packages/airflow/example_dags/example_params_trigger_ui.py for tasks to queue
[2023-08-15T19:05:04.433-0300] {logging_mixin.py:150} INFO - [2023-08-15T19:05:04.433-0300] {dagbag.py:541} INFO - Filling up the DagBag from /home/alan/repos/pipeline_airflow/pipeline-airflow-venv/lib/python3.11/site-packages/airflow/example_dags/example_params_trigger_ui.py
[2023-08-15T19:05:04.468-0300] {processor.py:836} INFO - DAG(s) dict_keys(['example_params_trigger_ui']) retrieved from /home/alan/repos/pipeline_airflow/pipeline-airflow-venv/lib/python3.11/site-packages/airflow/example_dags/example_params_trigger_ui.py
[2023-08-15T19:05:04.547-0300] {logging_mixin.py:150} INFO - [2023-08-15T19:05:04.546-0300] {dag.py:2742} INFO - Sync 1 DAGs
[2023-08-15T19:05:04.582-0300] {logging_mixin.py:150} INFO - [2023-08-15T19:05:04.581-0300] {dag.py:3504} INFO - Setting next_dagrun for example_params_trigger_ui to None, run_after=None
[2023-08-15T19:05:04.699-0300] {processor.py:179} INFO - Processing /home/alan/repos/pipeline_airflow/pipeline-airflow-venv/lib/python3.11/site-packages/airflow/example_dags/example_params_trigger_ui.py took 0.281 seconds
[2023-08-15T19:06:16.200-0300] {processor.py:157} INFO - Started process (PID=28751) to work on /home/alan/repos/pipeline_airflow/pipeline-airflow-venv/lib/python3.11/site-packages/airflow/example_dags/example_params_trigger_ui.py
[2023-08-15T19:06:16.209-0300] {processor.py:826} INFO - Processing file /home/alan/repos/pipeline_airflow/pipeline-airflow-venv/lib/python3.11/site-packages/airflow/example_dags/example_params_trigger_ui.py for tasks to queue
[2023-08-15T19:06:16.211-0300] {logging_mixin.py:150} INFO - [2023-08-15T19:06:16.210-0300] {dagbag.py:541} INFO - Filling up the DagBag from /home/alan/repos/pipeline_airflow/pipeline-airflow-venv/lib/python3.11/site-packages/airflow/example_dags/example_params_trigger_ui.py
[2023-08-15T19:06:16.242-0300] {processor.py:836} INFO - DAG(s) dict_keys(['example_params_trigger_ui']) retrieved from /home/alan/repos/pipeline_airflow/pipeline-airflow-venv/lib/python3.11/site-packages/airflow/example_dags/example_params_trigger_ui.py
[2023-08-15T19:06:16.314-0300] {logging_mixin.py:150} INFO - [2023-08-15T19:06:16.313-0300] {dag.py:2742} INFO - Sync 1 DAGs
[2023-08-15T19:06:16.348-0300] {logging_mixin.py:150} INFO - [2023-08-15T19:06:16.347-0300] {dag.py:3504} INFO - Setting next_dagrun for example_params_trigger_ui to None, run_after=None
[2023-08-15T19:06:16.453-0300] {processor.py:179} INFO - Processing /home/alan/repos/pipeline_airflow/pipeline-airflow-venv/lib/python3.11/site-packages/airflow/example_dags/example_params_trigger_ui.py took 0.259 seconds
[2023-08-15T19:07:17.595-0300] {processor.py:157} INFO - Started process (PID=28909) to work on /home/alan/repos/pipeline_airflow/pipeline-airflow-venv/lib/python3.11/site-packages/airflow/example_dags/example_params_trigger_ui.py
[2023-08-15T19:07:17.604-0300] {processor.py:826} INFO - Processing file /home/alan/repos/pipeline_airflow/pipeline-airflow-venv/lib/python3.11/site-packages/airflow/example_dags/example_params_trigger_ui.py for tasks to queue
[2023-08-15T19:07:17.607-0300] {logging_mixin.py:150} INFO - [2023-08-15T19:07:17.606-0300] {dagbag.py:541} INFO - Filling up the DagBag from /home/alan/repos/pipeline_airflow/pipeline-airflow-venv/lib/python3.11/site-packages/airflow/example_dags/example_params_trigger_ui.py
[2023-08-15T19:07:17.649-0300] {processor.py:836} INFO - DAG(s) dict_keys(['example_params_trigger_ui']) retrieved from /home/alan/repos/pipeline_airflow/pipeline-airflow-venv/lib/python3.11/site-packages/airflow/example_dags/example_params_trigger_ui.py
[2023-08-15T19:07:17.787-0300] {logging_mixin.py:150} INFO - [2023-08-15T19:07:17.786-0300] {dag.py:2742} INFO - Sync 1 DAGs
[2023-08-15T19:07:17.830-0300] {logging_mixin.py:150} INFO - [2023-08-15T19:07:17.829-0300] {dag.py:3504} INFO - Setting next_dagrun for example_params_trigger_ui to None, run_after=None
[2023-08-15T19:07:17.932-0300] {processor.py:179} INFO - Processing /home/alan/repos/pipeline_airflow/pipeline-airflow-venv/lib/python3.11/site-packages/airflow/example_dags/example_params_trigger_ui.py took 0.342 seconds
[2023-08-15T19:08:25.564-0300] {processor.py:157} INFO - Started process (PID=29191) to work on /home/alan/repos/pipeline_airflow/pipeline-airflow-venv/lib/python3.11/site-packages/airflow/example_dags/example_params_trigger_ui.py
[2023-08-15T19:08:25.566-0300] {processor.py:826} INFO - Processing file /home/alan/repos/pipeline_airflow/pipeline-airflow-venv/lib/python3.11/site-packages/airflow/example_dags/example_params_trigger_ui.py for tasks to queue
[2023-08-15T19:08:25.568-0300] {logging_mixin.py:150} INFO - [2023-08-15T19:08:25.568-0300] {dagbag.py:541} INFO - Filling up the DagBag from /home/alan/repos/pipeline_airflow/pipeline-airflow-venv/lib/python3.11/site-packages/airflow/example_dags/example_params_trigger_ui.py
[2023-08-15T19:08:25.600-0300] {processor.py:836} INFO - DAG(s) dict_keys(['example_params_trigger_ui']) retrieved from /home/alan/repos/pipeline_airflow/pipeline-airflow-venv/lib/python3.11/site-packages/airflow/example_dags/example_params_trigger_ui.py
[2023-08-15T19:08:25.692-0300] {logging_mixin.py:150} INFO - [2023-08-15T19:08:25.692-0300] {dag.py:2742} INFO - Sync 1 DAGs
[2023-08-15T19:08:25.731-0300] {logging_mixin.py:150} INFO - [2023-08-15T19:08:25.731-0300] {dag.py:3504} INFO - Setting next_dagrun for example_params_trigger_ui to None, run_after=None
[2023-08-15T19:08:25.826-0300] {processor.py:179} INFO - Processing /home/alan/repos/pipeline_airflow/pipeline-airflow-venv/lib/python3.11/site-packages/airflow/example_dags/example_params_trigger_ui.py took 0.267 seconds
[2023-08-15T19:09:26.893-0300] {processor.py:157} INFO - Started process (PID=29351) to work on /home/alan/repos/pipeline_airflow/pipeline-airflow-venv/lib/python3.11/site-packages/airflow/example_dags/example_params_trigger_ui.py
[2023-08-15T19:09:26.895-0300] {processor.py:826} INFO - Processing file /home/alan/repos/pipeline_airflow/pipeline-airflow-venv/lib/python3.11/site-packages/airflow/example_dags/example_params_trigger_ui.py for tasks to queue
[2023-08-15T19:09:26.897-0300] {logging_mixin.py:150} INFO - [2023-08-15T19:09:26.896-0300] {dagbag.py:541} INFO - Filling up the DagBag from /home/alan/repos/pipeline_airflow/pipeline-airflow-venv/lib/python3.11/site-packages/airflow/example_dags/example_params_trigger_ui.py
[2023-08-15T19:09:26.932-0300] {processor.py:836} INFO - DAG(s) dict_keys(['example_params_trigger_ui']) retrieved from /home/alan/repos/pipeline_airflow/pipeline-airflow-venv/lib/python3.11/site-packages/airflow/example_dags/example_params_trigger_ui.py
[2023-08-15T19:09:27.016-0300] {logging_mixin.py:150} INFO - [2023-08-15T19:09:27.016-0300] {dag.py:2742} INFO - Sync 1 DAGs
[2023-08-15T19:09:27.056-0300] {logging_mixin.py:150} INFO - [2023-08-15T19:09:27.056-0300] {dag.py:3504} INFO - Setting next_dagrun for example_params_trigger_ui to None, run_after=None
[2023-08-15T19:09:27.217-0300] {processor.py:179} INFO - Processing /home/alan/repos/pipeline_airflow/pipeline-airflow-venv/lib/python3.11/site-packages/airflow/example_dags/example_params_trigger_ui.py took 0.329 seconds
[2023-08-15T19:10:25.887-0300] {processor.py:157} INFO - Started process (PID=29508) to work on /home/alan/repos/pipeline_airflow/pipeline-airflow-venv/lib/python3.11/site-packages/airflow/example_dags/example_params_trigger_ui.py
[2023-08-15T19:10:25.889-0300] {processor.py:826} INFO - Processing file /home/alan/repos/pipeline_airflow/pipeline-airflow-venv/lib/python3.11/site-packages/airflow/example_dags/example_params_trigger_ui.py for tasks to queue
[2023-08-15T19:10:25.891-0300] {logging_mixin.py:150} INFO - [2023-08-15T19:10:25.890-0300] {dagbag.py:541} INFO - Filling up the DagBag from /home/alan/repos/pipeline_airflow/pipeline-airflow-venv/lib/python3.11/site-packages/airflow/example_dags/example_params_trigger_ui.py
[2023-08-15T19:10:25.926-0300] {processor.py:836} INFO - DAG(s) dict_keys(['example_params_trigger_ui']) retrieved from /home/alan/repos/pipeline_airflow/pipeline-airflow-venv/lib/python3.11/site-packages/airflow/example_dags/example_params_trigger_ui.py
[2023-08-15T19:10:25.998-0300] {logging_mixin.py:150} INFO - [2023-08-15T19:10:25.998-0300] {dag.py:2742} INFO - Sync 1 DAGs
[2023-08-15T19:10:26.036-0300] {logging_mixin.py:150} INFO - [2023-08-15T19:10:26.035-0300] {dag.py:3504} INFO - Setting next_dagrun for example_params_trigger_ui to None, run_after=None
[2023-08-15T19:10:26.148-0300] {processor.py:179} INFO - Processing /home/alan/repos/pipeline_airflow/pipeline-airflow-venv/lib/python3.11/site-packages/airflow/example_dags/example_params_trigger_ui.py took 0.267 seconds
[2023-08-15T19:11:26.906-0300] {processor.py:157} INFO - Started process (PID=29737) to work on /home/alan/repos/pipeline_airflow/pipeline-airflow-venv/lib/python3.11/site-packages/airflow/example_dags/example_params_trigger_ui.py
[2023-08-15T19:11:26.907-0300] {processor.py:826} INFO - Processing file /home/alan/repos/pipeline_airflow/pipeline-airflow-venv/lib/python3.11/site-packages/airflow/example_dags/example_params_trigger_ui.py for tasks to queue
[2023-08-15T19:11:26.909-0300] {logging_mixin.py:150} INFO - [2023-08-15T19:11:26.908-0300] {dagbag.py:541} INFO - Filling up the DagBag from /home/alan/repos/pipeline_airflow/pipeline-airflow-venv/lib/python3.11/site-packages/airflow/example_dags/example_params_trigger_ui.py
[2023-08-15T19:11:27.153-0300] {processor.py:836} INFO - DAG(s) dict_keys(['example_params_trigger_ui']) retrieved from /home/alan/repos/pipeline_airflow/pipeline-airflow-venv/lib/python3.11/site-packages/airflow/example_dags/example_params_trigger_ui.py
[2023-08-15T19:11:27.291-0300] {logging_mixin.py:150} INFO - [2023-08-15T19:11:27.291-0300] {dag.py:2742} INFO - Sync 1 DAGs
[2023-08-15T19:11:27.325-0300] {logging_mixin.py:150} INFO - [2023-08-15T19:11:27.325-0300] {dag.py:3504} INFO - Setting next_dagrun for example_params_trigger_ui to None, run_after=None
[2023-08-15T19:11:27.434-0300] {processor.py:179} INFO - Processing /home/alan/repos/pipeline_airflow/pipeline-airflow-venv/lib/python3.11/site-packages/airflow/example_dags/example_params_trigger_ui.py took 0.533 seconds
[2023-08-15T19:12:32.552-0300] {processor.py:157} INFO - Started process (PID=29935) to work on /home/alan/repos/pipeline_airflow/pipeline-airflow-venv/lib/python3.11/site-packages/airflow/example_dags/example_params_trigger_ui.py
[2023-08-15T19:12:32.554-0300] {processor.py:826} INFO - Processing file /home/alan/repos/pipeline_airflow/pipeline-airflow-venv/lib/python3.11/site-packages/airflow/example_dags/example_params_trigger_ui.py for tasks to queue
[2023-08-15T19:12:32.555-0300] {logging_mixin.py:150} INFO - [2023-08-15T19:12:32.555-0300] {dagbag.py:541} INFO - Filling up the DagBag from /home/alan/repos/pipeline_airflow/pipeline-airflow-venv/lib/python3.11/site-packages/airflow/example_dags/example_params_trigger_ui.py
[2023-08-15T19:12:32.587-0300] {processor.py:836} INFO - DAG(s) dict_keys(['example_params_trigger_ui']) retrieved from /home/alan/repos/pipeline_airflow/pipeline-airflow-venv/lib/python3.11/site-packages/airflow/example_dags/example_params_trigger_ui.py
[2023-08-15T19:12:32.659-0300] {logging_mixin.py:150} INFO - [2023-08-15T19:12:32.658-0300] {dag.py:2742} INFO - Sync 1 DAGs
[2023-08-15T19:12:32.693-0300] {logging_mixin.py:150} INFO - [2023-08-15T19:12:32.692-0300] {dag.py:3504} INFO - Setting next_dagrun for example_params_trigger_ui to None, run_after=None
[2023-08-15T19:12:32.797-0300] {processor.py:179} INFO - Processing /home/alan/repos/pipeline_airflow/pipeline-airflow-venv/lib/python3.11/site-packages/airflow/example_dags/example_params_trigger_ui.py took 0.254 seconds
[2023-08-15T19:13:32.367-0300] {processor.py:157} INFO - Started process (PID=30099) to work on /home/alan/repos/pipeline_airflow/pipeline-airflow-venv/lib/python3.11/site-packages/airflow/example_dags/example_params_trigger_ui.py
[2023-08-15T19:13:32.381-0300] {processor.py:826} INFO - Processing file /home/alan/repos/pipeline_airflow/pipeline-airflow-venv/lib/python3.11/site-packages/airflow/example_dags/example_params_trigger_ui.py for tasks to queue
[2023-08-15T19:13:32.382-0300] {logging_mixin.py:150} INFO - [2023-08-15T19:13:32.381-0300] {dagbag.py:541} INFO - Filling up the DagBag from /home/alan/repos/pipeline_airflow/pipeline-airflow-venv/lib/python3.11/site-packages/airflow/example_dags/example_params_trigger_ui.py
[2023-08-15T19:13:32.424-0300] {processor.py:836} INFO - DAG(s) dict_keys(['example_params_trigger_ui']) retrieved from /home/alan/repos/pipeline_airflow/pipeline-airflow-venv/lib/python3.11/site-packages/airflow/example_dags/example_params_trigger_ui.py
[2023-08-15T19:13:32.523-0300] {logging_mixin.py:150} INFO - [2023-08-15T19:13:32.523-0300] {dag.py:2742} INFO - Sync 1 DAGs
[2023-08-15T19:13:32.564-0300] {logging_mixin.py:150} INFO - [2023-08-15T19:13:32.564-0300] {dag.py:3504} INFO - Setting next_dagrun for example_params_trigger_ui to None, run_after=None
[2023-08-15T19:13:32.697-0300] {processor.py:179} INFO - Processing /home/alan/repos/pipeline_airflow/pipeline-airflow-venv/lib/python3.11/site-packages/airflow/example_dags/example_params_trigger_ui.py took 0.339 seconds
[2023-08-15T19:14:33.396-0300] {processor.py:157} INFO - Started process (PID=30253) to work on /home/alan/repos/pipeline_airflow/pipeline-airflow-venv/lib/python3.11/site-packages/airflow/example_dags/example_params_trigger_ui.py
[2023-08-15T19:14:33.398-0300] {processor.py:826} INFO - Processing file /home/alan/repos/pipeline_airflow/pipeline-airflow-venv/lib/python3.11/site-packages/airflow/example_dags/example_params_trigger_ui.py for tasks to queue
[2023-08-15T19:14:33.401-0300] {logging_mixin.py:150} INFO - [2023-08-15T19:14:33.400-0300] {dagbag.py:541} INFO - Filling up the DagBag from /home/alan/repos/pipeline_airflow/pipeline-airflow-venv/lib/python3.11/site-packages/airflow/example_dags/example_params_trigger_ui.py
[2023-08-15T19:14:33.433-0300] {processor.py:836} INFO - DAG(s) dict_keys(['example_params_trigger_ui']) retrieved from /home/alan/repos/pipeline_airflow/pipeline-airflow-venv/lib/python3.11/site-packages/airflow/example_dags/example_params_trigger_ui.py
[2023-08-15T19:14:33.517-0300] {logging_mixin.py:150} INFO - [2023-08-15T19:14:33.517-0300] {dag.py:2742} INFO - Sync 1 DAGs
[2023-08-15T19:14:33.557-0300] {logging_mixin.py:150} INFO - [2023-08-15T19:14:33.556-0300] {dag.py:3504} INFO - Setting next_dagrun for example_params_trigger_ui to None, run_after=None
[2023-08-15T19:14:33.685-0300] {processor.py:179} INFO - Processing /home/alan/repos/pipeline_airflow/pipeline-airflow-venv/lib/python3.11/site-packages/airflow/example_dags/example_params_trigger_ui.py took 0.295 seconds
[2023-08-15T19:15:30.378-0300] {processor.py:157} INFO - Started process (PID=30400) to work on /home/alan/repos/pipeline_airflow/pipeline-airflow-venv/lib/python3.11/site-packages/airflow/example_dags/example_params_trigger_ui.py
[2023-08-15T19:15:30.382-0300] {processor.py:826} INFO - Processing file /home/alan/repos/pipeline_airflow/pipeline-airflow-venv/lib/python3.11/site-packages/airflow/example_dags/example_params_trigger_ui.py for tasks to queue
[2023-08-15T19:15:30.389-0300] {logging_mixin.py:150} INFO - [2023-08-15T19:15:30.389-0300] {dagbag.py:541} INFO - Filling up the DagBag from /home/alan/repos/pipeline_airflow/pipeline-airflow-venv/lib/python3.11/site-packages/airflow/example_dags/example_params_trigger_ui.py
[2023-08-15T19:15:30.426-0300] {processor.py:836} INFO - DAG(s) dict_keys(['example_params_trigger_ui']) retrieved from /home/alan/repos/pipeline_airflow/pipeline-airflow-venv/lib/python3.11/site-packages/airflow/example_dags/example_params_trigger_ui.py
[2023-08-15T19:15:30.527-0300] {logging_mixin.py:150} INFO - [2023-08-15T19:15:30.527-0300] {dag.py:2742} INFO - Sync 1 DAGs
[2023-08-15T19:15:30.568-0300] {logging_mixin.py:150} INFO - [2023-08-15T19:15:30.568-0300] {dag.py:3504} INFO - Setting next_dagrun for example_params_trigger_ui to None, run_after=None
[2023-08-15T19:15:30.720-0300] {processor.py:179} INFO - Processing /home/alan/repos/pipeline_airflow/pipeline-airflow-venv/lib/python3.11/site-packages/airflow/example_dags/example_params_trigger_ui.py took 0.347 seconds
[2023-08-15T19:16:29.122-0300] {processor.py:157} INFO - Started process (PID=30557) to work on /home/alan/repos/pipeline_airflow/pipeline-airflow-venv/lib/python3.11/site-packages/airflow/example_dags/example_params_trigger_ui.py
[2023-08-15T19:16:29.140-0300] {processor.py:826} INFO - Processing file /home/alan/repos/pipeline_airflow/pipeline-airflow-venv/lib/python3.11/site-packages/airflow/example_dags/example_params_trigger_ui.py for tasks to queue
[2023-08-15T19:16:29.141-0300] {logging_mixin.py:150} INFO - [2023-08-15T19:16:29.141-0300] {dagbag.py:541} INFO - Filling up the DagBag from /home/alan/repos/pipeline_airflow/pipeline-airflow-venv/lib/python3.11/site-packages/airflow/example_dags/example_params_trigger_ui.py
[2023-08-15T19:16:29.180-0300] {processor.py:836} INFO - DAG(s) dict_keys(['example_params_trigger_ui']) retrieved from /home/alan/repos/pipeline_airflow/pipeline-airflow-venv/lib/python3.11/site-packages/airflow/example_dags/example_params_trigger_ui.py
[2023-08-15T19:16:29.274-0300] {logging_mixin.py:150} INFO - [2023-08-15T19:16:29.273-0300] {dag.py:2742} INFO - Sync 1 DAGs
[2023-08-15T19:16:29.311-0300] {logging_mixin.py:150} INFO - [2023-08-15T19:16:29.311-0300] {dag.py:3504} INFO - Setting next_dagrun for example_params_trigger_ui to None, run_after=None
[2023-08-15T19:16:29.440-0300] {processor.py:179} INFO - Processing /home/alan/repos/pipeline_airflow/pipeline-airflow-venv/lib/python3.11/site-packages/airflow/example_dags/example_params_trigger_ui.py took 0.327 seconds
[2023-08-15T19:17:30.781-0300] {processor.py:157} INFO - Started process (PID=30717) to work on /home/alan/repos/pipeline_airflow/pipeline-airflow-venv/lib/python3.11/site-packages/airflow/example_dags/example_params_trigger_ui.py
[2023-08-15T19:17:30.800-0300] {processor.py:826} INFO - Processing file /home/alan/repos/pipeline_airflow/pipeline-airflow-venv/lib/python3.11/site-packages/airflow/example_dags/example_params_trigger_ui.py for tasks to queue
[2023-08-15T19:17:30.802-0300] {logging_mixin.py:150} INFO - [2023-08-15T19:17:30.801-0300] {dagbag.py:541} INFO - Filling up the DagBag from /home/alan/repos/pipeline_airflow/pipeline-airflow-venv/lib/python3.11/site-packages/airflow/example_dags/example_params_trigger_ui.py
[2023-08-15T19:17:30.838-0300] {processor.py:836} INFO - DAG(s) dict_keys(['example_params_trigger_ui']) retrieved from /home/alan/repos/pipeline_airflow/pipeline-airflow-venv/lib/python3.11/site-packages/airflow/example_dags/example_params_trigger_ui.py
[2023-08-15T19:17:30.910-0300] {logging_mixin.py:150} INFO - [2023-08-15T19:17:30.910-0300] {dag.py:2742} INFO - Sync 1 DAGs
[2023-08-15T19:17:30.945-0300] {logging_mixin.py:150} INFO - [2023-08-15T19:17:30.945-0300] {dag.py:3504} INFO - Setting next_dagrun for example_params_trigger_ui to None, run_after=None
[2023-08-15T19:17:31.074-0300] {processor.py:179} INFO - Processing /home/alan/repos/pipeline_airflow/pipeline-airflow-venv/lib/python3.11/site-packages/airflow/example_dags/example_params_trigger_ui.py took 0.298 seconds
[2023-08-15T19:18:28.697-0300] {processor.py:157} INFO - Started process (PID=30868) to work on /home/alan/repos/pipeline_airflow/pipeline-airflow-venv/lib/python3.11/site-packages/airflow/example_dags/example_params_trigger_ui.py
[2023-08-15T19:18:28.707-0300] {processor.py:826} INFO - Processing file /home/alan/repos/pipeline_airflow/pipeline-airflow-venv/lib/python3.11/site-packages/airflow/example_dags/example_params_trigger_ui.py for tasks to queue
[2023-08-15T19:18:28.709-0300] {logging_mixin.py:150} INFO - [2023-08-15T19:18:28.708-0300] {dagbag.py:541} INFO - Filling up the DagBag from /home/alan/repos/pipeline_airflow/pipeline-airflow-venv/lib/python3.11/site-packages/airflow/example_dags/example_params_trigger_ui.py
[2023-08-15T19:18:28.740-0300] {processor.py:836} INFO - DAG(s) dict_keys(['example_params_trigger_ui']) retrieved from /home/alan/repos/pipeline_airflow/pipeline-airflow-venv/lib/python3.11/site-packages/airflow/example_dags/example_params_trigger_ui.py
[2023-08-15T19:18:28.813-0300] {logging_mixin.py:150} INFO - [2023-08-15T19:18:28.812-0300] {dag.py:2742} INFO - Sync 1 DAGs
[2023-08-15T19:18:28.847-0300] {logging_mixin.py:150} INFO - [2023-08-15T19:18:28.846-0300] {dag.py:3504} INFO - Setting next_dagrun for example_params_trigger_ui to None, run_after=None
[2023-08-15T19:18:28.952-0300] {processor.py:179} INFO - Processing /home/alan/repos/pipeline_airflow/pipeline-airflow-venv/lib/python3.11/site-packages/airflow/example_dags/example_params_trigger_ui.py took 0.260 seconds
[2023-08-15T19:19:25.712-0300] {processor.py:157} INFO - Started process (PID=31012) to work on /home/alan/repos/pipeline_airflow/pipeline-airflow-venv/lib/python3.11/site-packages/airflow/example_dags/example_params_trigger_ui.py
[2023-08-15T19:19:25.715-0300] {processor.py:826} INFO - Processing file /home/alan/repos/pipeline_airflow/pipeline-airflow-venv/lib/python3.11/site-packages/airflow/example_dags/example_params_trigger_ui.py for tasks to queue
[2023-08-15T19:19:25.717-0300] {logging_mixin.py:150} INFO - [2023-08-15T19:19:25.716-0300] {dagbag.py:541} INFO - Filling up the DagBag from /home/alan/repos/pipeline_airflow/pipeline-airflow-venv/lib/python3.11/site-packages/airflow/example_dags/example_params_trigger_ui.py
[2023-08-15T19:19:25.748-0300] {processor.py:836} INFO - DAG(s) dict_keys(['example_params_trigger_ui']) retrieved from /home/alan/repos/pipeline_airflow/pipeline-airflow-venv/lib/python3.11/site-packages/airflow/example_dags/example_params_trigger_ui.py
[2023-08-15T19:19:25.825-0300] {logging_mixin.py:150} INFO - [2023-08-15T19:19:25.824-0300] {dag.py:2742} INFO - Sync 1 DAGs
[2023-08-15T19:19:25.861-0300] {logging_mixin.py:150} INFO - [2023-08-15T19:19:25.860-0300] {dag.py:3504} INFO - Setting next_dagrun for example_params_trigger_ui to None, run_after=None
[2023-08-15T19:19:25.960-0300] {processor.py:179} INFO - Processing /home/alan/repos/pipeline_airflow/pipeline-airflow-venv/lib/python3.11/site-packages/airflow/example_dags/example_params_trigger_ui.py took 0.260 seconds
[2023-08-15T19:20:27.459-0300] {processor.py:157} INFO - Started process (PID=31227) to work on /home/alan/repos/pipeline_airflow/pipeline-airflow-venv/lib/python3.11/site-packages/airflow/example_dags/example_params_trigger_ui.py
[2023-08-15T19:20:27.498-0300] {processor.py:826} INFO - Processing file /home/alan/repos/pipeline_airflow/pipeline-airflow-venv/lib/python3.11/site-packages/airflow/example_dags/example_params_trigger_ui.py for tasks to queue
[2023-08-15T19:20:27.502-0300] {logging_mixin.py:150} INFO - [2023-08-15T19:20:27.499-0300] {dagbag.py:541} INFO - Filling up the DagBag from /home/alan/repos/pipeline_airflow/pipeline-airflow-venv/lib/python3.11/site-packages/airflow/example_dags/example_params_trigger_ui.py
[2023-08-15T19:20:27.535-0300] {processor.py:836} INFO - DAG(s) dict_keys(['example_params_trigger_ui']) retrieved from /home/alan/repos/pipeline_airflow/pipeline-airflow-venv/lib/python3.11/site-packages/airflow/example_dags/example_params_trigger_ui.py
[2023-08-15T19:20:27.636-0300] {logging_mixin.py:150} INFO - [2023-08-15T19:20:27.636-0300] {dag.py:2742} INFO - Sync 1 DAGs
[2023-08-15T19:20:27.674-0300] {logging_mixin.py:150} INFO - [2023-08-15T19:20:27.674-0300] {dag.py:3504} INFO - Setting next_dagrun for example_params_trigger_ui to None, run_after=None
[2023-08-15T19:20:27.798-0300] {processor.py:179} INFO - Processing /home/alan/repos/pipeline_airflow/pipeline-airflow-venv/lib/python3.11/site-packages/airflow/example_dags/example_params_trigger_ui.py took 0.347 seconds
[2023-08-15T19:21:41.448-0300] {processor.py:157} INFO - Started process (PID=31573) to work on /home/alan/repos/pipeline_airflow/pipeline-airflow-venv/lib/python3.11/site-packages/airflow/example_dags/example_params_trigger_ui.py
[2023-08-15T19:21:41.458-0300] {processor.py:826} INFO - Processing file /home/alan/repos/pipeline_airflow/pipeline-airflow-venv/lib/python3.11/site-packages/airflow/example_dags/example_params_trigger_ui.py for tasks to queue
[2023-08-15T19:21:41.460-0300] {logging_mixin.py:150} INFO - [2023-08-15T19:21:41.459-0300] {dagbag.py:541} INFO - Filling up the DagBag from /home/alan/repos/pipeline_airflow/pipeline-airflow-venv/lib/python3.11/site-packages/airflow/example_dags/example_params_trigger_ui.py
[2023-08-15T19:21:41.491-0300] {processor.py:836} INFO - DAG(s) dict_keys(['example_params_trigger_ui']) retrieved from /home/alan/repos/pipeline_airflow/pipeline-airflow-venv/lib/python3.11/site-packages/airflow/example_dags/example_params_trigger_ui.py
[2023-08-15T19:21:41.570-0300] {logging_mixin.py:150} INFO - [2023-08-15T19:21:41.569-0300] {dag.py:2742} INFO - Sync 1 DAGs
[2023-08-15T19:21:41.606-0300] {logging_mixin.py:150} INFO - [2023-08-15T19:21:41.606-0300] {dag.py:3504} INFO - Setting next_dagrun for example_params_trigger_ui to None, run_after=None
[2023-08-15T19:21:41.726-0300] {processor.py:179} INFO - Processing /home/alan/repos/pipeline_airflow/pipeline-airflow-venv/lib/python3.11/site-packages/airflow/example_dags/example_params_trigger_ui.py took 0.285 seconds
