[2023-08-15T18:20:14.284-0300] {processor.py:157} INFO - Started process (PID=18534) to work on /home/alan/repos/pipeline_airflow/pipeline-airflow-venv/lib/python3.11/site-packages/airflow/example_dags/example_dynamic_task_mapping_with_no_taskflow_operators.py
[2023-08-15T18:20:14.285-0300] {processor.py:826} INFO - Processing file /home/alan/repos/pipeline_airflow/pipeline-airflow-venv/lib/python3.11/site-packages/airflow/example_dags/example_dynamic_task_mapping_with_no_taskflow_operators.py for tasks to queue
[2023-08-15T18:20:14.287-0300] {logging_mixin.py:150} INFO - [2023-08-15T18:20:14.286-0300] {dagbag.py:541} INFO - Filling up the DagBag from /home/alan/repos/pipeline_airflow/pipeline-airflow-venv/lib/python3.11/site-packages/airflow/example_dags/example_dynamic_task_mapping_with_no_taskflow_operators.py
[2023-08-15T18:20:14.299-0300] {processor.py:836} INFO - DAG(s) dict_keys(['example_dynamic_task_mapping_with_no_taskflow_operators']) retrieved from /home/alan/repos/pipeline_airflow/pipeline-airflow-venv/lib/python3.11/site-packages/airflow/example_dags/example_dynamic_task_mapping_with_no_taskflow_operators.py
[2023-08-15T18:20:14.652-0300] {logging_mixin.py:150} INFO - [2023-08-15T18:20:14.651-0300] {manager.py:504} INFO - Created Permission View: can delete on DAG:example_dynamic_task_mapping_with_no_taskflow_operators
[2023-08-15T18:20:14.763-0300] {logging_mixin.py:150} INFO - [2023-08-15T18:20:14.762-0300] {manager.py:504} INFO - Created Permission View: can edit on DAG:example_dynamic_task_mapping_with_no_taskflow_operators
[2023-08-15T18:20:14.851-0300] {logging_mixin.py:150} INFO - [2023-08-15T18:20:14.851-0300] {manager.py:504} INFO - Created Permission View: can read on DAG:example_dynamic_task_mapping_with_no_taskflow_operators
[2023-08-15T18:20:14.981-0300] {logging_mixin.py:150} INFO - [2023-08-15T18:20:14.981-0300] {dag.py:2742} INFO - Sync 1 DAGs
[2023-08-15T18:20:14.998-0300] {logging_mixin.py:150} INFO - [2023-08-15T18:20:14.997-0300] {dag.py:2763} INFO - Creating ORM DAG for example_dynamic_task_mapping_with_no_taskflow_operators
[2023-08-15T18:20:15.014-0300] {logging_mixin.py:150} INFO - [2023-08-15T18:20:15.013-0300] {dag.py:3504} INFO - Setting next_dagrun for example_dynamic_task_mapping_with_no_taskflow_operators to 2023-08-14T21:20:15.013414+00:00, run_after=2023-08-15T21:20:15.013414+00:00
[2023-08-15T18:20:15.154-0300] {processor.py:179} INFO - Processing /home/alan/repos/pipeline_airflow/pipeline-airflow-venv/lib/python3.11/site-packages/airflow/example_dags/example_dynamic_task_mapping_with_no_taskflow_operators.py took 0.875 seconds
[2023-08-15T18:21:33.991-0300] {processor.py:157} INFO - Started process (PID=18928) to work on /home/alan/repos/pipeline_airflow/pipeline-airflow-venv/lib/python3.11/site-packages/airflow/example_dags/example_dynamic_task_mapping_with_no_taskflow_operators.py
[2023-08-15T18:21:34.004-0300] {processor.py:826} INFO - Processing file /home/alan/repos/pipeline_airflow/pipeline-airflow-venv/lib/python3.11/site-packages/airflow/example_dags/example_dynamic_task_mapping_with_no_taskflow_operators.py for tasks to queue
[2023-08-15T18:21:34.006-0300] {logging_mixin.py:150} INFO - [2023-08-15T18:21:34.005-0300] {dagbag.py:541} INFO - Filling up the DagBag from /home/alan/repos/pipeline_airflow/pipeline-airflow-venv/lib/python3.11/site-packages/airflow/example_dags/example_dynamic_task_mapping_with_no_taskflow_operators.py
[2023-08-15T18:21:34.021-0300] {processor.py:836} INFO - DAG(s) dict_keys(['example_dynamic_task_mapping_with_no_taskflow_operators']) retrieved from /home/alan/repos/pipeline_airflow/pipeline-airflow-venv/lib/python3.11/site-packages/airflow/example_dags/example_dynamic_task_mapping_with_no_taskflow_operators.py
[2023-08-15T18:21:34.048-0300] {logging_mixin.py:150} INFO - [2023-08-15T18:21:34.048-0300] {dag.py:2742} INFO - Sync 1 DAGs
[2023-08-15T18:21:34.084-0300] {logging_mixin.py:150} INFO - [2023-08-15T18:21:34.083-0300] {dag.py:3504} INFO - Setting next_dagrun for example_dynamic_task_mapping_with_no_taskflow_operators to 2023-08-14T21:21:34.083530+00:00, run_after=2023-08-15T21:21:34.083530+00:00
[2023-08-15T18:21:34.198-0300] {processor.py:179} INFO - Processing /home/alan/repos/pipeline_airflow/pipeline-airflow-venv/lib/python3.11/site-packages/airflow/example_dags/example_dynamic_task_mapping_with_no_taskflow_operators.py took 0.212 seconds
[2023-08-15T18:22:29.445-0300] {processor.py:157} INFO - Started process (PID=19134) to work on /home/alan/repos/pipeline_airflow/pipeline-airflow-venv/lib/python3.11/site-packages/airflow/example_dags/example_dynamic_task_mapping_with_no_taskflow_operators.py
[2023-08-15T18:22:29.446-0300] {processor.py:826} INFO - Processing file /home/alan/repos/pipeline_airflow/pipeline-airflow-venv/lib/python3.11/site-packages/airflow/example_dags/example_dynamic_task_mapping_with_no_taskflow_operators.py for tasks to queue
[2023-08-15T18:22:29.450-0300] {logging_mixin.py:150} INFO - [2023-08-15T18:22:29.447-0300] {dagbag.py:541} INFO - Filling up the DagBag from /home/alan/repos/pipeline_airflow/pipeline-airflow-venv/lib/python3.11/site-packages/airflow/example_dags/example_dynamic_task_mapping_with_no_taskflow_operators.py
[2023-08-15T18:22:29.464-0300] {processor.py:836} INFO - DAG(s) dict_keys(['example_dynamic_task_mapping_with_no_taskflow_operators']) retrieved from /home/alan/repos/pipeline_airflow/pipeline-airflow-venv/lib/python3.11/site-packages/airflow/example_dags/example_dynamic_task_mapping_with_no_taskflow_operators.py
[2023-08-15T18:22:29.505-0300] {logging_mixin.py:150} INFO - [2023-08-15T18:22:29.505-0300] {dag.py:2742} INFO - Sync 1 DAGs
[2023-08-15T18:22:29.546-0300] {logging_mixin.py:150} INFO - [2023-08-15T18:22:29.546-0300] {dag.py:3504} INFO - Setting next_dagrun for example_dynamic_task_mapping_with_no_taskflow_operators to 2023-08-14T21:22:29.545702+00:00, run_after=2023-08-15T21:22:29.545702+00:00
[2023-08-15T18:22:29.660-0300] {processor.py:179} INFO - Processing /home/alan/repos/pipeline_airflow/pipeline-airflow-venv/lib/python3.11/site-packages/airflow/example_dags/example_dynamic_task_mapping_with_no_taskflow_operators.py took 0.220 seconds
[2023-08-15T18:23:27.996-0300] {processor.py:157} INFO - Started process (PID=19335) to work on /home/alan/repos/pipeline_airflow/pipeline-airflow-venv/lib/python3.11/site-packages/airflow/example_dags/example_dynamic_task_mapping_with_no_taskflow_operators.py
[2023-08-15T18:23:28.013-0300] {processor.py:826} INFO - Processing file /home/alan/repos/pipeline_airflow/pipeline-airflow-venv/lib/python3.11/site-packages/airflow/example_dags/example_dynamic_task_mapping_with_no_taskflow_operators.py for tasks to queue
[2023-08-15T18:23:28.015-0300] {logging_mixin.py:150} INFO - [2023-08-15T18:23:28.014-0300] {dagbag.py:541} INFO - Filling up the DagBag from /home/alan/repos/pipeline_airflow/pipeline-airflow-venv/lib/python3.11/site-packages/airflow/example_dags/example_dynamic_task_mapping_with_no_taskflow_operators.py
[2023-08-15T18:23:28.030-0300] {processor.py:836} INFO - DAG(s) dict_keys(['example_dynamic_task_mapping_with_no_taskflow_operators']) retrieved from /home/alan/repos/pipeline_airflow/pipeline-airflow-venv/lib/python3.11/site-packages/airflow/example_dags/example_dynamic_task_mapping_with_no_taskflow_operators.py
[2023-08-15T18:23:28.060-0300] {logging_mixin.py:150} INFO - [2023-08-15T18:23:28.060-0300] {dag.py:2742} INFO - Sync 1 DAGs
[2023-08-15T18:23:28.233-0300] {logging_mixin.py:150} INFO - [2023-08-15T18:23:28.233-0300] {dag.py:3504} INFO - Setting next_dagrun for example_dynamic_task_mapping_with_no_taskflow_operators to 2023-08-14T21:23:28.232750+00:00, run_after=2023-08-15T21:23:28.232750+00:00
[2023-08-15T18:23:28.351-0300] {processor.py:179} INFO - Processing /home/alan/repos/pipeline_airflow/pipeline-airflow-venv/lib/python3.11/site-packages/airflow/example_dags/example_dynamic_task_mapping_with_no_taskflow_operators.py took 0.361 seconds
[2023-08-15T18:24:38.199-0300] {processor.py:157} INFO - Started process (PID=19754) to work on /home/alan/repos/pipeline_airflow/pipeline-airflow-venv/lib/python3.11/site-packages/airflow/example_dags/example_dynamic_task_mapping_with_no_taskflow_operators.py
[2023-08-15T18:24:38.218-0300] {processor.py:826} INFO - Processing file /home/alan/repos/pipeline_airflow/pipeline-airflow-venv/lib/python3.11/site-packages/airflow/example_dags/example_dynamic_task_mapping_with_no_taskflow_operators.py for tasks to queue
[2023-08-15T18:24:38.220-0300] {logging_mixin.py:150} INFO - [2023-08-15T18:24:38.219-0300] {dagbag.py:541} INFO - Filling up the DagBag from /home/alan/repos/pipeline_airflow/pipeline-airflow-venv/lib/python3.11/site-packages/airflow/example_dags/example_dynamic_task_mapping_with_no_taskflow_operators.py
[2023-08-15T18:24:38.514-0300] {processor.py:836} INFO - DAG(s) dict_keys(['example_dynamic_task_mapping_with_no_taskflow_operators']) retrieved from /home/alan/repos/pipeline_airflow/pipeline-airflow-venv/lib/python3.11/site-packages/airflow/example_dags/example_dynamic_task_mapping_with_no_taskflow_operators.py
[2023-08-15T18:24:38.534-0300] {logging_mixin.py:150} INFO - [2023-08-15T18:24:38.533-0300] {dag.py:2742} INFO - Sync 1 DAGs
[2023-08-15T18:24:38.582-0300] {logging_mixin.py:150} INFO - [2023-08-15T18:24:38.582-0300] {dag.py:3504} INFO - Setting next_dagrun for example_dynamic_task_mapping_with_no_taskflow_operators to 2023-08-14T21:24:38.582373+00:00, run_after=2023-08-15T21:24:38.582373+00:00
[2023-08-15T18:24:39.050-0300] {processor.py:179} INFO - Processing /home/alan/repos/pipeline_airflow/pipeline-airflow-venv/lib/python3.11/site-packages/airflow/example_dags/example_dynamic_task_mapping_with_no_taskflow_operators.py took 0.856 seconds
[2023-08-15T18:26:47.973-0300] {processor.py:157} INFO - Started process (PID=20794) to work on /home/alan/repos/pipeline_airflow/pipeline-airflow-venv/lib/python3.11/site-packages/airflow/example_dags/example_dynamic_task_mapping_with_no_taskflow_operators.py
[2023-08-15T18:26:47.976-0300] {processor.py:826} INFO - Processing file /home/alan/repos/pipeline_airflow/pipeline-airflow-venv/lib/python3.11/site-packages/airflow/example_dags/example_dynamic_task_mapping_with_no_taskflow_operators.py for tasks to queue
[2023-08-15T18:26:47.977-0300] {logging_mixin.py:150} INFO - [2023-08-15T18:26:47.977-0300] {dagbag.py:541} INFO - Filling up the DagBag from /home/alan/repos/pipeline_airflow/pipeline-airflow-venv/lib/python3.11/site-packages/airflow/example_dags/example_dynamic_task_mapping_with_no_taskflow_operators.py
[2023-08-15T18:26:48.001-0300] {processor.py:836} INFO - DAG(s) dict_keys(['example_dynamic_task_mapping_with_no_taskflow_operators']) retrieved from /home/alan/repos/pipeline_airflow/pipeline-airflow-venv/lib/python3.11/site-packages/airflow/example_dags/example_dynamic_task_mapping_with_no_taskflow_operators.py
[2023-08-15T18:26:48.035-0300] {logging_mixin.py:150} INFO - [2023-08-15T18:26:48.034-0300] {dag.py:2742} INFO - Sync 1 DAGs
[2023-08-15T18:26:48.099-0300] {logging_mixin.py:150} INFO - [2023-08-15T18:26:48.098-0300] {dag.py:3504} INFO - Setting next_dagrun for example_dynamic_task_mapping_with_no_taskflow_operators to 2023-08-14T21:26:48.098505+00:00, run_after=2023-08-15T21:26:48.098505+00:00
[2023-08-15T18:26:48.303-0300] {processor.py:179} INFO - Processing /home/alan/repos/pipeline_airflow/pipeline-airflow-venv/lib/python3.11/site-packages/airflow/example_dags/example_dynamic_task_mapping_with_no_taskflow_operators.py took 0.340 seconds
[2023-08-15T18:27:50.805-0300] {processor.py:157} INFO - Started process (PID=21024) to work on /home/alan/repos/pipeline_airflow/pipeline-airflow-venv/lib/python3.11/site-packages/airflow/example_dags/example_dynamic_task_mapping_with_no_taskflow_operators.py
[2023-08-15T18:27:50.835-0300] {processor.py:826} INFO - Processing file /home/alan/repos/pipeline_airflow/pipeline-airflow-venv/lib/python3.11/site-packages/airflow/example_dags/example_dynamic_task_mapping_with_no_taskflow_operators.py for tasks to queue
[2023-08-15T18:27:50.838-0300] {logging_mixin.py:150} INFO - [2023-08-15T18:27:50.837-0300] {dagbag.py:541} INFO - Filling up the DagBag from /home/alan/repos/pipeline_airflow/pipeline-airflow-venv/lib/python3.11/site-packages/airflow/example_dags/example_dynamic_task_mapping_with_no_taskflow_operators.py
[2023-08-15T18:27:50.856-0300] {processor.py:836} INFO - DAG(s) dict_keys(['example_dynamic_task_mapping_with_no_taskflow_operators']) retrieved from /home/alan/repos/pipeline_airflow/pipeline-airflow-venv/lib/python3.11/site-packages/airflow/example_dags/example_dynamic_task_mapping_with_no_taskflow_operators.py
[2023-08-15T18:27:50.890-0300] {logging_mixin.py:150} INFO - [2023-08-15T18:27:50.890-0300] {dag.py:2742} INFO - Sync 1 DAGs
[2023-08-15T18:27:50.931-0300] {logging_mixin.py:150} INFO - [2023-08-15T18:27:50.930-0300] {dag.py:3504} INFO - Setting next_dagrun for example_dynamic_task_mapping_with_no_taskflow_operators to 2023-08-14T21:27:50.930510+00:00, run_after=2023-08-15T21:27:50.930510+00:00
[2023-08-15T18:27:51.072-0300] {processor.py:179} INFO - Processing /home/alan/repos/pipeline_airflow/pipeline-airflow-venv/lib/python3.11/site-packages/airflow/example_dags/example_dynamic_task_mapping_with_no_taskflow_operators.py took 0.272 seconds
[2023-08-15T18:28:50.600-0300] {processor.py:157} INFO - Started process (PID=21276) to work on /home/alan/repos/pipeline_airflow/pipeline-airflow-venv/lib/python3.11/site-packages/airflow/example_dags/example_dynamic_task_mapping_with_no_taskflow_operators.py
[2023-08-15T18:28:50.628-0300] {processor.py:826} INFO - Processing file /home/alan/repos/pipeline_airflow/pipeline-airflow-venv/lib/python3.11/site-packages/airflow/example_dags/example_dynamic_task_mapping_with_no_taskflow_operators.py for tasks to queue
[2023-08-15T18:28:50.630-0300] {logging_mixin.py:150} INFO - [2023-08-15T18:28:50.629-0300] {dagbag.py:541} INFO - Filling up the DagBag from /home/alan/repos/pipeline_airflow/pipeline-airflow-venv/lib/python3.11/site-packages/airflow/example_dags/example_dynamic_task_mapping_with_no_taskflow_operators.py
[2023-08-15T18:28:50.647-0300] {processor.py:836} INFO - DAG(s) dict_keys(['example_dynamic_task_mapping_with_no_taskflow_operators']) retrieved from /home/alan/repos/pipeline_airflow/pipeline-airflow-venv/lib/python3.11/site-packages/airflow/example_dags/example_dynamic_task_mapping_with_no_taskflow_operators.py
[2023-08-15T18:28:50.685-0300] {logging_mixin.py:150} INFO - [2023-08-15T18:28:50.684-0300] {dag.py:2742} INFO - Sync 1 DAGs
[2023-08-15T18:28:50.749-0300] {logging_mixin.py:150} INFO - [2023-08-15T18:28:50.744-0300] {dag.py:3504} INFO - Setting next_dagrun for example_dynamic_task_mapping_with_no_taskflow_operators to 2023-08-14T21:28:50.743807+00:00, run_after=2023-08-15T21:28:50.743807+00:00
[2023-08-15T18:28:50.916-0300] {processor.py:179} INFO - Processing /home/alan/repos/pipeline_airflow/pipeline-airflow-venv/lib/python3.11/site-packages/airflow/example_dags/example_dynamic_task_mapping_with_no_taskflow_operators.py took 0.323 seconds
[2023-08-15T18:29:50.224-0300] {processor.py:157} INFO - Started process (PID=21499) to work on /home/alan/repos/pipeline_airflow/pipeline-airflow-venv/lib/python3.11/site-packages/airflow/example_dags/example_dynamic_task_mapping_with_no_taskflow_operators.py
[2023-08-15T18:29:50.240-0300] {processor.py:826} INFO - Processing file /home/alan/repos/pipeline_airflow/pipeline-airflow-venv/lib/python3.11/site-packages/airflow/example_dags/example_dynamic_task_mapping_with_no_taskflow_operators.py for tasks to queue
[2023-08-15T18:29:50.242-0300] {logging_mixin.py:150} INFO - [2023-08-15T18:29:50.241-0300] {dagbag.py:541} INFO - Filling up the DagBag from /home/alan/repos/pipeline_airflow/pipeline-airflow-venv/lib/python3.11/site-packages/airflow/example_dags/example_dynamic_task_mapping_with_no_taskflow_operators.py
[2023-08-15T18:29:50.258-0300] {processor.py:836} INFO - DAG(s) dict_keys(['example_dynamic_task_mapping_with_no_taskflow_operators']) retrieved from /home/alan/repos/pipeline_airflow/pipeline-airflow-venv/lib/python3.11/site-packages/airflow/example_dags/example_dynamic_task_mapping_with_no_taskflow_operators.py
[2023-08-15T18:29:50.299-0300] {logging_mixin.py:150} INFO - [2023-08-15T18:29:50.298-0300] {dag.py:2742} INFO - Sync 1 DAGs
[2023-08-15T18:29:50.336-0300] {logging_mixin.py:150} INFO - [2023-08-15T18:29:50.336-0300] {dag.py:3504} INFO - Setting next_dagrun for example_dynamic_task_mapping_with_no_taskflow_operators to 2023-08-14T21:29:50.335622+00:00, run_after=2023-08-15T21:29:50.335622+00:00
[2023-08-15T18:29:50.455-0300] {processor.py:179} INFO - Processing /home/alan/repos/pipeline_airflow/pipeline-airflow-venv/lib/python3.11/site-packages/airflow/example_dags/example_dynamic_task_mapping_with_no_taskflow_operators.py took 0.238 seconds
[2023-08-15T18:30:48.543-0300] {processor.py:157} INFO - Started process (PID=21711) to work on /home/alan/repos/pipeline_airflow/pipeline-airflow-venv/lib/python3.11/site-packages/airflow/example_dags/example_dynamic_task_mapping_with_no_taskflow_operators.py
[2023-08-15T18:30:48.558-0300] {processor.py:826} INFO - Processing file /home/alan/repos/pipeline_airflow/pipeline-airflow-venv/lib/python3.11/site-packages/airflow/example_dags/example_dynamic_task_mapping_with_no_taskflow_operators.py for tasks to queue
[2023-08-15T18:30:48.560-0300] {logging_mixin.py:150} INFO - [2023-08-15T18:30:48.559-0300] {dagbag.py:541} INFO - Filling up the DagBag from /home/alan/repos/pipeline_airflow/pipeline-airflow-venv/lib/python3.11/site-packages/airflow/example_dags/example_dynamic_task_mapping_with_no_taskflow_operators.py
[2023-08-15T18:30:48.595-0300] {processor.py:836} INFO - DAG(s) dict_keys(['example_dynamic_task_mapping_with_no_taskflow_operators']) retrieved from /home/alan/repos/pipeline_airflow/pipeline-airflow-venv/lib/python3.11/site-packages/airflow/example_dags/example_dynamic_task_mapping_with_no_taskflow_operators.py
[2023-08-15T18:30:48.680-0300] {logging_mixin.py:150} INFO - [2023-08-15T18:30:48.680-0300] {dag.py:2742} INFO - Sync 1 DAGs
[2023-08-15T18:30:48.779-0300] {logging_mixin.py:150} INFO - [2023-08-15T18:30:48.778-0300] {dag.py:3504} INFO - Setting next_dagrun for example_dynamic_task_mapping_with_no_taskflow_operators to 2023-08-14T21:30:48.778317+00:00, run_after=2023-08-15T21:30:48.778317+00:00
[2023-08-15T18:30:48.923-0300] {processor.py:179} INFO - Processing /home/alan/repos/pipeline_airflow/pipeline-airflow-venv/lib/python3.11/site-packages/airflow/example_dags/example_dynamic_task_mapping_with_no_taskflow_operators.py took 0.413 seconds
[2023-08-15T18:31:43.844-0300] {processor.py:157} INFO - Started process (PID=21913) to work on /home/alan/repos/pipeline_airflow/pipeline-airflow-venv/lib/python3.11/site-packages/airflow/example_dags/example_dynamic_task_mapping_with_no_taskflow_operators.py
[2023-08-15T18:31:43.857-0300] {processor.py:826} INFO - Processing file /home/alan/repos/pipeline_airflow/pipeline-airflow-venv/lib/python3.11/site-packages/airflow/example_dags/example_dynamic_task_mapping_with_no_taskflow_operators.py for tasks to queue
[2023-08-15T18:31:43.859-0300] {logging_mixin.py:150} INFO - [2023-08-15T18:31:43.858-0300] {dagbag.py:541} INFO - Filling up the DagBag from /home/alan/repos/pipeline_airflow/pipeline-airflow-venv/lib/python3.11/site-packages/airflow/example_dags/example_dynamic_task_mapping_with_no_taskflow_operators.py
[2023-08-15T18:31:43.889-0300] {processor.py:836} INFO - DAG(s) dict_keys(['example_dynamic_task_mapping_with_no_taskflow_operators']) retrieved from /home/alan/repos/pipeline_airflow/pipeline-airflow-venv/lib/python3.11/site-packages/airflow/example_dags/example_dynamic_task_mapping_with_no_taskflow_operators.py
[2023-08-15T18:31:43.927-0300] {logging_mixin.py:150} INFO - [2023-08-15T18:31:43.926-0300] {dag.py:2742} INFO - Sync 1 DAGs
[2023-08-15T18:31:43.967-0300] {logging_mixin.py:150} INFO - [2023-08-15T18:31:43.967-0300] {dag.py:3504} INFO - Setting next_dagrun for example_dynamic_task_mapping_with_no_taskflow_operators to 2023-08-14T21:31:43.966738+00:00, run_after=2023-08-15T21:31:43.966738+00:00
[2023-08-15T18:31:44.092-0300] {processor.py:179} INFO - Processing /home/alan/repos/pipeline_airflow/pipeline-airflow-venv/lib/python3.11/site-packages/airflow/example_dags/example_dynamic_task_mapping_with_no_taskflow_operators.py took 0.267 seconds
[2023-08-15T18:32:39.719-0300] {processor.py:157} INFO - Started process (PID=22121) to work on /home/alan/repos/pipeline_airflow/pipeline-airflow-venv/lib/python3.11/site-packages/airflow/example_dags/example_dynamic_task_mapping_with_no_taskflow_operators.py
[2023-08-15T18:32:39.721-0300] {processor.py:826} INFO - Processing file /home/alan/repos/pipeline_airflow/pipeline-airflow-venv/lib/python3.11/site-packages/airflow/example_dags/example_dynamic_task_mapping_with_no_taskflow_operators.py for tasks to queue
[2023-08-15T18:32:39.722-0300] {logging_mixin.py:150} INFO - [2023-08-15T18:32:39.722-0300] {dagbag.py:541} INFO - Filling up the DagBag from /home/alan/repos/pipeline_airflow/pipeline-airflow-venv/lib/python3.11/site-packages/airflow/example_dags/example_dynamic_task_mapping_with_no_taskflow_operators.py
[2023-08-15T18:32:39.735-0300] {processor.py:836} INFO - DAG(s) dict_keys(['example_dynamic_task_mapping_with_no_taskflow_operators']) retrieved from /home/alan/repos/pipeline_airflow/pipeline-airflow-venv/lib/python3.11/site-packages/airflow/example_dags/example_dynamic_task_mapping_with_no_taskflow_operators.py
[2023-08-15T18:32:39.761-0300] {logging_mixin.py:150} INFO - [2023-08-15T18:32:39.760-0300] {dag.py:2742} INFO - Sync 1 DAGs
[2023-08-15T18:32:39.795-0300] {logging_mixin.py:150} INFO - [2023-08-15T18:32:39.795-0300] {dag.py:3504} INFO - Setting next_dagrun for example_dynamic_task_mapping_with_no_taskflow_operators to 2023-08-14T21:32:39.795225+00:00, run_after=2023-08-15T21:32:39.795225+00:00
[2023-08-15T18:32:40.052-0300] {processor.py:179} INFO - Processing /home/alan/repos/pipeline_airflow/pipeline-airflow-venv/lib/python3.11/site-packages/airflow/example_dags/example_dynamic_task_mapping_with_no_taskflow_operators.py took 0.338 seconds
[2023-08-15T18:33:37.783-0300] {processor.py:157} INFO - Started process (PID=22339) to work on /home/alan/repos/pipeline_airflow/pipeline-airflow-venv/lib/python3.11/site-packages/airflow/example_dags/example_dynamic_task_mapping_with_no_taskflow_operators.py
[2023-08-15T18:33:37.785-0300] {processor.py:826} INFO - Processing file /home/alan/repos/pipeline_airflow/pipeline-airflow-venv/lib/python3.11/site-packages/airflow/example_dags/example_dynamic_task_mapping_with_no_taskflow_operators.py for tasks to queue
[2023-08-15T18:33:37.786-0300] {logging_mixin.py:150} INFO - [2023-08-15T18:33:37.786-0300] {dagbag.py:541} INFO - Filling up the DagBag from /home/alan/repos/pipeline_airflow/pipeline-airflow-venv/lib/python3.11/site-packages/airflow/example_dags/example_dynamic_task_mapping_with_no_taskflow_operators.py
[2023-08-15T18:33:37.802-0300] {processor.py:836} INFO - DAG(s) dict_keys(['example_dynamic_task_mapping_with_no_taskflow_operators']) retrieved from /home/alan/repos/pipeline_airflow/pipeline-airflow-venv/lib/python3.11/site-packages/airflow/example_dags/example_dynamic_task_mapping_with_no_taskflow_operators.py
[2023-08-15T18:33:37.831-0300] {logging_mixin.py:150} INFO - [2023-08-15T18:33:37.830-0300] {dag.py:2742} INFO - Sync 1 DAGs
[2023-08-15T18:33:37.866-0300] {logging_mixin.py:150} INFO - [2023-08-15T18:33:37.866-0300] {dag.py:3504} INFO - Setting next_dagrun for example_dynamic_task_mapping_with_no_taskflow_operators to 2023-08-14T21:33:37.865686+00:00, run_after=2023-08-15T21:33:37.865686+00:00
[2023-08-15T18:33:38.103-0300] {processor.py:179} INFO - Processing /home/alan/repos/pipeline_airflow/pipeline-airflow-venv/lib/python3.11/site-packages/airflow/example_dags/example_dynamic_task_mapping_with_no_taskflow_operators.py took 0.326 seconds
[2023-08-15T18:34:33.472-0300] {processor.py:157} INFO - Started process (PID=22540) to work on /home/alan/repos/pipeline_airflow/pipeline-airflow-venv/lib/python3.11/site-packages/airflow/example_dags/example_dynamic_task_mapping_with_no_taskflow_operators.py
[2023-08-15T18:34:33.474-0300] {processor.py:826} INFO - Processing file /home/alan/repos/pipeline_airflow/pipeline-airflow-venv/lib/python3.11/site-packages/airflow/example_dags/example_dynamic_task_mapping_with_no_taskflow_operators.py for tasks to queue
[2023-08-15T18:34:33.476-0300] {logging_mixin.py:150} INFO - [2023-08-15T18:34:33.475-0300] {dagbag.py:541} INFO - Filling up the DagBag from /home/alan/repos/pipeline_airflow/pipeline-airflow-venv/lib/python3.11/site-packages/airflow/example_dags/example_dynamic_task_mapping_with_no_taskflow_operators.py
[2023-08-15T18:34:33.493-0300] {processor.py:836} INFO - DAG(s) dict_keys(['example_dynamic_task_mapping_with_no_taskflow_operators']) retrieved from /home/alan/repos/pipeline_airflow/pipeline-airflow-venv/lib/python3.11/site-packages/airflow/example_dags/example_dynamic_task_mapping_with_no_taskflow_operators.py
[2023-08-15T18:34:33.522-0300] {logging_mixin.py:150} INFO - [2023-08-15T18:34:33.522-0300] {dag.py:2742} INFO - Sync 1 DAGs
[2023-08-15T18:34:33.557-0300] {logging_mixin.py:150} INFO - [2023-08-15T18:34:33.557-0300] {dag.py:3504} INFO - Setting next_dagrun for example_dynamic_task_mapping_with_no_taskflow_operators to 2023-08-14T21:34:33.556856+00:00, run_after=2023-08-15T21:34:33.556856+00:00
[2023-08-15T18:34:33.733-0300] {processor.py:179} INFO - Processing /home/alan/repos/pipeline_airflow/pipeline-airflow-venv/lib/python3.11/site-packages/airflow/example_dags/example_dynamic_task_mapping_with_no_taskflow_operators.py took 0.267 seconds
[2023-08-15T18:35:26.963-0300] {processor.py:157} INFO - Started process (PID=22733) to work on /home/alan/repos/pipeline_airflow/pipeline-airflow-venv/lib/python3.11/site-packages/airflow/example_dags/example_dynamic_task_mapping_with_no_taskflow_operators.py
[2023-08-15T18:35:26.965-0300] {processor.py:826} INFO - Processing file /home/alan/repos/pipeline_airflow/pipeline-airflow-venv/lib/python3.11/site-packages/airflow/example_dags/example_dynamic_task_mapping_with_no_taskflow_operators.py for tasks to queue
[2023-08-15T18:35:26.966-0300] {logging_mixin.py:150} INFO - [2023-08-15T18:35:26.966-0300] {dagbag.py:541} INFO - Filling up the DagBag from /home/alan/repos/pipeline_airflow/pipeline-airflow-venv/lib/python3.11/site-packages/airflow/example_dags/example_dynamic_task_mapping_with_no_taskflow_operators.py
[2023-08-15T18:35:26.979-0300] {processor.py:836} INFO - DAG(s) dict_keys(['example_dynamic_task_mapping_with_no_taskflow_operators']) retrieved from /home/alan/repos/pipeline_airflow/pipeline-airflow-venv/lib/python3.11/site-packages/airflow/example_dags/example_dynamic_task_mapping_with_no_taskflow_operators.py
[2023-08-15T18:35:27.005-0300] {logging_mixin.py:150} INFO - [2023-08-15T18:35:27.005-0300] {dag.py:2742} INFO - Sync 1 DAGs
[2023-08-15T18:35:27.039-0300] {logging_mixin.py:150} INFO - [2023-08-15T18:35:27.039-0300] {dag.py:3504} INFO - Setting next_dagrun for example_dynamic_task_mapping_with_no_taskflow_operators to 2023-08-14T21:35:27.039246+00:00, run_after=2023-08-15T21:35:27.039246+00:00
[2023-08-15T18:35:27.172-0300] {processor.py:179} INFO - Processing /home/alan/repos/pipeline_airflow/pipeline-airflow-venv/lib/python3.11/site-packages/airflow/example_dags/example_dynamic_task_mapping_with_no_taskflow_operators.py took 0.214 seconds
[2023-08-15T18:36:24.286-0300] {processor.py:157} INFO - Started process (PID=22934) to work on /home/alan/repos/pipeline_airflow/pipeline-airflow-venv/lib/python3.11/site-packages/airflow/example_dags/example_dynamic_task_mapping_with_no_taskflow_operators.py
[2023-08-15T18:36:24.297-0300] {processor.py:826} INFO - Processing file /home/alan/repos/pipeline_airflow/pipeline-airflow-venv/lib/python3.11/site-packages/airflow/example_dags/example_dynamic_task_mapping_with_no_taskflow_operators.py for tasks to queue
[2023-08-15T18:36:24.298-0300] {logging_mixin.py:150} INFO - [2023-08-15T18:36:24.298-0300] {dagbag.py:541} INFO - Filling up the DagBag from /home/alan/repos/pipeline_airflow/pipeline-airflow-venv/lib/python3.11/site-packages/airflow/example_dags/example_dynamic_task_mapping_with_no_taskflow_operators.py
[2023-08-15T18:36:24.336-0300] {processor.py:836} INFO - DAG(s) dict_keys(['example_dynamic_task_mapping_with_no_taskflow_operators']) retrieved from /home/alan/repos/pipeline_airflow/pipeline-airflow-venv/lib/python3.11/site-packages/airflow/example_dags/example_dynamic_task_mapping_with_no_taskflow_operators.py
[2023-08-15T18:36:24.389-0300] {logging_mixin.py:150} INFO - [2023-08-15T18:36:24.389-0300] {dag.py:2742} INFO - Sync 1 DAGs
[2023-08-15T18:36:24.484-0300] {logging_mixin.py:150} INFO - [2023-08-15T18:36:24.484-0300] {dag.py:3504} INFO - Setting next_dagrun for example_dynamic_task_mapping_with_no_taskflow_operators to 2023-08-14T21:36:24.484077+00:00, run_after=2023-08-15T21:36:24.484077+00:00
[2023-08-15T18:36:24.623-0300] {processor.py:179} INFO - Processing /home/alan/repos/pipeline_airflow/pipeline-airflow-venv/lib/python3.11/site-packages/airflow/example_dags/example_dynamic_task_mapping_with_no_taskflow_operators.py took 0.343 seconds
[2023-08-15T18:37:35.611-0300] {processor.py:157} INFO - Started process (PID=23235) to work on /home/alan/repos/pipeline_airflow/pipeline-airflow-venv/lib/python3.11/site-packages/airflow/example_dags/example_dynamic_task_mapping_with_no_taskflow_operators.py
[2023-08-15T18:37:35.625-0300] {processor.py:826} INFO - Processing file /home/alan/repos/pipeline_airflow/pipeline-airflow-venv/lib/python3.11/site-packages/airflow/example_dags/example_dynamic_task_mapping_with_no_taskflow_operators.py for tasks to queue
[2023-08-15T18:37:35.627-0300] {logging_mixin.py:150} INFO - [2023-08-15T18:37:35.626-0300] {dagbag.py:541} INFO - Filling up the DagBag from /home/alan/repos/pipeline_airflow/pipeline-airflow-venv/lib/python3.11/site-packages/airflow/example_dags/example_dynamic_task_mapping_with_no_taskflow_operators.py
[2023-08-15T18:37:35.642-0300] {processor.py:836} INFO - DAG(s) dict_keys(['example_dynamic_task_mapping_with_no_taskflow_operators']) retrieved from /home/alan/repos/pipeline_airflow/pipeline-airflow-venv/lib/python3.11/site-packages/airflow/example_dags/example_dynamic_task_mapping_with_no_taskflow_operators.py
[2023-08-15T18:37:35.675-0300] {logging_mixin.py:150} INFO - [2023-08-15T18:37:35.675-0300] {dag.py:2742} INFO - Sync 1 DAGs
[2023-08-15T18:37:35.709-0300] {logging_mixin.py:150} INFO - [2023-08-15T18:37:35.709-0300] {dag.py:3504} INFO - Setting next_dagrun for example_dynamic_task_mapping_with_no_taskflow_operators to 2023-08-14T21:37:35.708909+00:00, run_after=2023-08-15T21:37:35.708909+00:00
[2023-08-15T18:37:35.856-0300] {processor.py:179} INFO - Processing /home/alan/repos/pipeline_airflow/pipeline-airflow-venv/lib/python3.11/site-packages/airflow/example_dags/example_dynamic_task_mapping_with_no_taskflow_operators.py took 0.251 seconds
[2023-08-15T18:44:50.396-0300] {processor.py:157} INFO - Started process (PID=23902) to work on /home/alan/repos/pipeline_airflow/pipeline-airflow-venv/lib/python3.11/site-packages/airflow/example_dags/example_dynamic_task_mapping_with_no_taskflow_operators.py
[2023-08-15T18:44:50.408-0300] {processor.py:826} INFO - Processing file /home/alan/repos/pipeline_airflow/pipeline-airflow-venv/lib/python3.11/site-packages/airflow/example_dags/example_dynamic_task_mapping_with_no_taskflow_operators.py for tasks to queue
[2023-08-15T18:44:50.410-0300] {logging_mixin.py:150} INFO - [2023-08-15T18:44:50.409-0300] {dagbag.py:541} INFO - Filling up the DagBag from /home/alan/repos/pipeline_airflow/pipeline-airflow-venv/lib/python3.11/site-packages/airflow/example_dags/example_dynamic_task_mapping_with_no_taskflow_operators.py
[2023-08-15T18:44:50.427-0300] {processor.py:836} INFO - DAG(s) dict_keys(['example_dynamic_task_mapping_with_no_taskflow_operators']) retrieved from /home/alan/repos/pipeline_airflow/pipeline-airflow-venv/lib/python3.11/site-packages/airflow/example_dags/example_dynamic_task_mapping_with_no_taskflow_operators.py
[2023-08-15T18:44:50.460-0300] {logging_mixin.py:150} INFO - [2023-08-15T18:44:50.459-0300] {dag.py:2742} INFO - Sync 1 DAGs
[2023-08-15T18:44:50.495-0300] {logging_mixin.py:150} INFO - [2023-08-15T18:44:50.495-0300] {dag.py:3504} INFO - Setting next_dagrun for example_dynamic_task_mapping_with_no_taskflow_operators to 2023-08-14T21:44:50.494831+00:00, run_after=2023-08-15T21:44:50.494831+00:00
[2023-08-15T18:44:50.630-0300] {processor.py:179} INFO - Processing /home/alan/repos/pipeline_airflow/pipeline-airflow-venv/lib/python3.11/site-packages/airflow/example_dags/example_dynamic_task_mapping_with_no_taskflow_operators.py took 0.239 seconds
[2023-08-15T18:46:11.146-0300] {processor.py:157} INFO - Started process (PID=24232) to work on /home/alan/repos/pipeline_airflow/pipeline-airflow-venv/lib/python3.11/site-packages/airflow/example_dags/example_dynamic_task_mapping_with_no_taskflow_operators.py
[2023-08-15T18:46:11.159-0300] {processor.py:826} INFO - Processing file /home/alan/repos/pipeline_airflow/pipeline-airflow-venv/lib/python3.11/site-packages/airflow/example_dags/example_dynamic_task_mapping_with_no_taskflow_operators.py for tasks to queue
[2023-08-15T18:46:11.161-0300] {logging_mixin.py:150} INFO - [2023-08-15T18:46:11.160-0300] {dagbag.py:541} INFO - Filling up the DagBag from /home/alan/repos/pipeline_airflow/pipeline-airflow-venv/lib/python3.11/site-packages/airflow/example_dags/example_dynamic_task_mapping_with_no_taskflow_operators.py
[2023-08-15T18:46:11.179-0300] {processor.py:836} INFO - DAG(s) dict_keys(['example_dynamic_task_mapping_with_no_taskflow_operators']) retrieved from /home/alan/repos/pipeline_airflow/pipeline-airflow-venv/lib/python3.11/site-packages/airflow/example_dags/example_dynamic_task_mapping_with_no_taskflow_operators.py
[2023-08-15T18:46:11.290-0300] {logging_mixin.py:150} INFO - [2023-08-15T18:46:11.289-0300] {dag.py:2742} INFO - Sync 1 DAGs
[2023-08-15T18:46:11.330-0300] {logging_mixin.py:150} INFO - [2023-08-15T18:46:11.329-0300] {dag.py:3504} INFO - Setting next_dagrun for example_dynamic_task_mapping_with_no_taskflow_operators to 2023-08-14T21:46:11.329334+00:00, run_after=2023-08-15T21:46:11.329334+00:00
[2023-08-15T18:46:11.451-0300] {processor.py:179} INFO - Processing /home/alan/repos/pipeline_airflow/pipeline-airflow-venv/lib/python3.11/site-packages/airflow/example_dags/example_dynamic_task_mapping_with_no_taskflow_operators.py took 0.313 seconds
[2023-08-15T18:47:14.326-0300] {processor.py:157} INFO - Started process (PID=24462) to work on /home/alan/repos/pipeline_airflow/pipeline-airflow-venv/lib/python3.11/site-packages/airflow/example_dags/example_dynamic_task_mapping_with_no_taskflow_operators.py
[2023-08-15T18:47:14.346-0300] {processor.py:826} INFO - Processing file /home/alan/repos/pipeline_airflow/pipeline-airflow-venv/lib/python3.11/site-packages/airflow/example_dags/example_dynamic_task_mapping_with_no_taskflow_operators.py for tasks to queue
[2023-08-15T18:47:14.348-0300] {logging_mixin.py:150} INFO - [2023-08-15T18:47:14.347-0300] {dagbag.py:541} INFO - Filling up the DagBag from /home/alan/repos/pipeline_airflow/pipeline-airflow-venv/lib/python3.11/site-packages/airflow/example_dags/example_dynamic_task_mapping_with_no_taskflow_operators.py
[2023-08-15T18:47:14.364-0300] {processor.py:836} INFO - DAG(s) dict_keys(['example_dynamic_task_mapping_with_no_taskflow_operators']) retrieved from /home/alan/repos/pipeline_airflow/pipeline-airflow-venv/lib/python3.11/site-packages/airflow/example_dags/example_dynamic_task_mapping_with_no_taskflow_operators.py
[2023-08-15T18:47:14.392-0300] {logging_mixin.py:150} INFO - [2023-08-15T18:47:14.391-0300] {dag.py:2742} INFO - Sync 1 DAGs
[2023-08-15T18:47:14.430-0300] {logging_mixin.py:150} INFO - [2023-08-15T18:47:14.430-0300] {dag.py:3504} INFO - Setting next_dagrun for example_dynamic_task_mapping_with_no_taskflow_operators to 2023-08-14T21:47:14.429845+00:00, run_after=2023-08-15T21:47:14.429845+00:00
[2023-08-15T18:47:14.558-0300] {processor.py:179} INFO - Processing /home/alan/repos/pipeline_airflow/pipeline-airflow-venv/lib/python3.11/site-packages/airflow/example_dags/example_dynamic_task_mapping_with_no_taskflow_operators.py took 0.239 seconds
[2023-08-15T18:48:19.326-0300] {processor.py:157} INFO - Started process (PID=24685) to work on /home/alan/repos/pipeline_airflow/pipeline-airflow-venv/lib/python3.11/site-packages/airflow/example_dags/example_dynamic_task_mapping_with_no_taskflow_operators.py
[2023-08-15T18:48:19.338-0300] {processor.py:826} INFO - Processing file /home/alan/repos/pipeline_airflow/pipeline-airflow-venv/lib/python3.11/site-packages/airflow/example_dags/example_dynamic_task_mapping_with_no_taskflow_operators.py for tasks to queue
[2023-08-15T18:48:19.339-0300] {logging_mixin.py:150} INFO - [2023-08-15T18:48:19.339-0300] {dagbag.py:541} INFO - Filling up the DagBag from /home/alan/repos/pipeline_airflow/pipeline-airflow-venv/lib/python3.11/site-packages/airflow/example_dags/example_dynamic_task_mapping_with_no_taskflow_operators.py
[2023-08-15T18:48:19.362-0300] {processor.py:836} INFO - DAG(s) dict_keys(['example_dynamic_task_mapping_with_no_taskflow_operators']) retrieved from /home/alan/repos/pipeline_airflow/pipeline-airflow-venv/lib/python3.11/site-packages/airflow/example_dags/example_dynamic_task_mapping_with_no_taskflow_operators.py
[2023-08-15T18:48:19.417-0300] {logging_mixin.py:150} INFO - [2023-08-15T18:48:19.417-0300] {dag.py:2742} INFO - Sync 1 DAGs
[2023-08-15T18:48:19.815-0300] {logging_mixin.py:150} INFO - [2023-08-15T18:48:19.815-0300] {dag.py:3504} INFO - Setting next_dagrun for example_dynamic_task_mapping_with_no_taskflow_operators to 2023-08-14T21:48:19.813704+00:00, run_after=2023-08-15T21:48:19.813704+00:00
[2023-08-15T18:48:19.939-0300] {processor.py:179} INFO - Processing /home/alan/repos/pipeline_airflow/pipeline-airflow-venv/lib/python3.11/site-packages/airflow/example_dags/example_dynamic_task_mapping_with_no_taskflow_operators.py took 0.623 seconds
[2023-08-15T18:49:28.013-0300] {processor.py:157} INFO - Started process (PID=24910) to work on /home/alan/repos/pipeline_airflow/pipeline-airflow-venv/lib/python3.11/site-packages/airflow/example_dags/example_dynamic_task_mapping_with_no_taskflow_operators.py
[2023-08-15T18:49:28.015-0300] {processor.py:826} INFO - Processing file /home/alan/repos/pipeline_airflow/pipeline-airflow-venv/lib/python3.11/site-packages/airflow/example_dags/example_dynamic_task_mapping_with_no_taskflow_operators.py for tasks to queue
[2023-08-15T18:49:28.016-0300] {logging_mixin.py:150} INFO - [2023-08-15T18:49:28.015-0300] {dagbag.py:541} INFO - Filling up the DagBag from /home/alan/repos/pipeline_airflow/pipeline-airflow-venv/lib/python3.11/site-packages/airflow/example_dags/example_dynamic_task_mapping_with_no_taskflow_operators.py
[2023-08-15T18:49:28.030-0300] {processor.py:836} INFO - DAG(s) dict_keys(['example_dynamic_task_mapping_with_no_taskflow_operators']) retrieved from /home/alan/repos/pipeline_airflow/pipeline-airflow-venv/lib/python3.11/site-packages/airflow/example_dags/example_dynamic_task_mapping_with_no_taskflow_operators.py
[2023-08-15T18:49:28.058-0300] {logging_mixin.py:150} INFO - [2023-08-15T18:49:28.057-0300] {dag.py:2742} INFO - Sync 1 DAGs
[2023-08-15T18:49:28.096-0300] {logging_mixin.py:150} INFO - [2023-08-15T18:49:28.096-0300] {dag.py:3504} INFO - Setting next_dagrun for example_dynamic_task_mapping_with_no_taskflow_operators to 2023-08-14T21:49:28.096145+00:00, run_after=2023-08-15T21:49:28.096145+00:00
[2023-08-15T18:49:28.224-0300] {processor.py:179} INFO - Processing /home/alan/repos/pipeline_airflow/pipeline-airflow-venv/lib/python3.11/site-packages/airflow/example_dags/example_dynamic_task_mapping_with_no_taskflow_operators.py took 0.217 seconds
[2023-08-15T18:50:26.779-0300] {processor.py:157} INFO - Started process (PID=25122) to work on /home/alan/repos/pipeline_airflow/pipeline-airflow-venv/lib/python3.11/site-packages/airflow/example_dags/example_dynamic_task_mapping_with_no_taskflow_operators.py
[2023-08-15T18:50:26.780-0300] {processor.py:826} INFO - Processing file /home/alan/repos/pipeline_airflow/pipeline-airflow-venv/lib/python3.11/site-packages/airflow/example_dags/example_dynamic_task_mapping_with_no_taskflow_operators.py for tasks to queue
[2023-08-15T18:50:26.782-0300] {logging_mixin.py:150} INFO - [2023-08-15T18:50:26.781-0300] {dagbag.py:541} INFO - Filling up the DagBag from /home/alan/repos/pipeline_airflow/pipeline-airflow-venv/lib/python3.11/site-packages/airflow/example_dags/example_dynamic_task_mapping_with_no_taskflow_operators.py
[2023-08-15T18:50:26.798-0300] {processor.py:836} INFO - DAG(s) dict_keys(['example_dynamic_task_mapping_with_no_taskflow_operators']) retrieved from /home/alan/repos/pipeline_airflow/pipeline-airflow-venv/lib/python3.11/site-packages/airflow/example_dags/example_dynamic_task_mapping_with_no_taskflow_operators.py
[2023-08-15T18:50:26.832-0300] {logging_mixin.py:150} INFO - [2023-08-15T18:50:26.831-0300] {dag.py:2742} INFO - Sync 1 DAGs
[2023-08-15T18:50:26.918-0300] {logging_mixin.py:150} INFO - [2023-08-15T18:50:26.918-0300] {dag.py:3504} INFO - Setting next_dagrun for example_dynamic_task_mapping_with_no_taskflow_operators to 2023-08-14T21:50:26.917788+00:00, run_after=2023-08-15T21:50:26.917788+00:00
[2023-08-15T18:50:27.077-0300] {processor.py:179} INFO - Processing /home/alan/repos/pipeline_airflow/pipeline-airflow-venv/lib/python3.11/site-packages/airflow/example_dags/example_dynamic_task_mapping_with_no_taskflow_operators.py took 0.305 seconds
[2023-08-15T18:51:35.333-0300] {processor.py:157} INFO - Started process (PID=25411) to work on /home/alan/repos/pipeline_airflow/pipeline-airflow-venv/lib/python3.11/site-packages/airflow/example_dags/example_dynamic_task_mapping_with_no_taskflow_operators.py
[2023-08-15T18:51:35.336-0300] {processor.py:826} INFO - Processing file /home/alan/repos/pipeline_airflow/pipeline-airflow-venv/lib/python3.11/site-packages/airflow/example_dags/example_dynamic_task_mapping_with_no_taskflow_operators.py for tasks to queue
[2023-08-15T18:51:35.338-0300] {logging_mixin.py:150} INFO - [2023-08-15T18:51:35.337-0300] {dagbag.py:541} INFO - Filling up the DagBag from /home/alan/repos/pipeline_airflow/pipeline-airflow-venv/lib/python3.11/site-packages/airflow/example_dags/example_dynamic_task_mapping_with_no_taskflow_operators.py
[2023-08-15T18:51:35.350-0300] {processor.py:836} INFO - DAG(s) dict_keys(['example_dynamic_task_mapping_with_no_taskflow_operators']) retrieved from /home/alan/repos/pipeline_airflow/pipeline-airflow-venv/lib/python3.11/site-packages/airflow/example_dags/example_dynamic_task_mapping_with_no_taskflow_operators.py
[2023-08-15T18:51:35.377-0300] {logging_mixin.py:150} INFO - [2023-08-15T18:51:35.377-0300] {dag.py:2742} INFO - Sync 1 DAGs
[2023-08-15T18:51:35.412-0300] {logging_mixin.py:150} INFO - [2023-08-15T18:51:35.412-0300] {dag.py:3504} INFO - Setting next_dagrun for example_dynamic_task_mapping_with_no_taskflow_operators to 2023-08-14T21:51:35.412149+00:00, run_after=2023-08-15T21:51:35.412149+00:00
[2023-08-15T18:51:35.557-0300] {processor.py:179} INFO - Processing /home/alan/repos/pipeline_airflow/pipeline-airflow-venv/lib/python3.11/site-packages/airflow/example_dags/example_dynamic_task_mapping_with_no_taskflow_operators.py took 0.229 seconds
[2023-08-15T18:52:49.914-0300] {processor.py:157} INFO - Started process (PID=25809) to work on /home/alan/repos/pipeline_airflow/pipeline-airflow-venv/lib/python3.11/site-packages/airflow/example_dags/example_dynamic_task_mapping_with_no_taskflow_operators.py
[2023-08-15T18:52:49.915-0300] {processor.py:826} INFO - Processing file /home/alan/repos/pipeline_airflow/pipeline-airflow-venv/lib/python3.11/site-packages/airflow/example_dags/example_dynamic_task_mapping_with_no_taskflow_operators.py for tasks to queue
[2023-08-15T18:52:49.920-0300] {logging_mixin.py:150} INFO - [2023-08-15T18:52:49.916-0300] {dagbag.py:541} INFO - Filling up the DagBag from /home/alan/repos/pipeline_airflow/pipeline-airflow-venv/lib/python3.11/site-packages/airflow/example_dags/example_dynamic_task_mapping_with_no_taskflow_operators.py
[2023-08-15T18:52:49.935-0300] {processor.py:836} INFO - DAG(s) dict_keys(['example_dynamic_task_mapping_with_no_taskflow_operators']) retrieved from /home/alan/repos/pipeline_airflow/pipeline-airflow-venv/lib/python3.11/site-packages/airflow/example_dags/example_dynamic_task_mapping_with_no_taskflow_operators.py
[2023-08-15T18:52:49.961-0300] {logging_mixin.py:150} INFO - [2023-08-15T18:52:49.961-0300] {dag.py:2742} INFO - Sync 1 DAGs
[2023-08-15T18:52:49.996-0300] {logging_mixin.py:150} INFO - [2023-08-15T18:52:49.996-0300] {dag.py:3504} INFO - Setting next_dagrun for example_dynamic_task_mapping_with_no_taskflow_operators to 2023-08-14T21:52:49.995698+00:00, run_after=2023-08-15T21:52:49.995698+00:00
[2023-08-15T18:52:50.124-0300] {processor.py:179} INFO - Processing /home/alan/repos/pipeline_airflow/pipeline-airflow-venv/lib/python3.11/site-packages/airflow/example_dags/example_dynamic_task_mapping_with_no_taskflow_operators.py took 0.216 seconds
[2023-08-15T18:53:46.819-0300] {processor.py:157} INFO - Started process (PID=26023) to work on /home/alan/repos/pipeline_airflow/pipeline-airflow-venv/lib/python3.11/site-packages/airflow/example_dags/example_dynamic_task_mapping_with_no_taskflow_operators.py
[2023-08-15T18:53:46.826-0300] {processor.py:826} INFO - Processing file /home/alan/repos/pipeline_airflow/pipeline-airflow-venv/lib/python3.11/site-packages/airflow/example_dags/example_dynamic_task_mapping_with_no_taskflow_operators.py for tasks to queue
[2023-08-15T18:53:46.827-0300] {logging_mixin.py:150} INFO - [2023-08-15T18:53:46.827-0300] {dagbag.py:541} INFO - Filling up the DagBag from /home/alan/repos/pipeline_airflow/pipeline-airflow-venv/lib/python3.11/site-packages/airflow/example_dags/example_dynamic_task_mapping_with_no_taskflow_operators.py
[2023-08-15T18:53:46.841-0300] {processor.py:836} INFO - DAG(s) dict_keys(['example_dynamic_task_mapping_with_no_taskflow_operators']) retrieved from /home/alan/repos/pipeline_airflow/pipeline-airflow-venv/lib/python3.11/site-packages/airflow/example_dags/example_dynamic_task_mapping_with_no_taskflow_operators.py
[2023-08-15T18:53:46.868-0300] {logging_mixin.py:150} INFO - [2023-08-15T18:53:46.868-0300] {dag.py:2742} INFO - Sync 1 DAGs
[2023-08-15T18:53:46.903-0300] {logging_mixin.py:150} INFO - [2023-08-15T18:53:46.903-0300] {dag.py:3504} INFO - Setting next_dagrun for example_dynamic_task_mapping_with_no_taskflow_operators to 2023-08-14T21:53:46.902778+00:00, run_after=2023-08-15T21:53:46.902778+00:00
[2023-08-15T18:53:47.038-0300] {processor.py:179} INFO - Processing /home/alan/repos/pipeline_airflow/pipeline-airflow-venv/lib/python3.11/site-packages/airflow/example_dags/example_dynamic_task_mapping_with_no_taskflow_operators.py took 0.225 seconds
[2023-08-15T18:54:49.270-0300] {processor.py:157} INFO - Started process (PID=26316) to work on /home/alan/repos/pipeline_airflow/pipeline-airflow-venv/lib/python3.11/site-packages/airflow/example_dags/example_dynamic_task_mapping_with_no_taskflow_operators.py
[2023-08-15T18:54:49.438-0300] {processor.py:826} INFO - Processing file /home/alan/repos/pipeline_airflow/pipeline-airflow-venv/lib/python3.11/site-packages/airflow/example_dags/example_dynamic_task_mapping_with_no_taskflow_operators.py for tasks to queue
[2023-08-15T18:54:49.441-0300] {logging_mixin.py:150} INFO - [2023-08-15T18:54:49.440-0300] {dagbag.py:541} INFO - Filling up the DagBag from /home/alan/repos/pipeline_airflow/pipeline-airflow-venv/lib/python3.11/site-packages/airflow/example_dags/example_dynamic_task_mapping_with_no_taskflow_operators.py
[2023-08-15T18:54:49.463-0300] {processor.py:836} INFO - DAG(s) dict_keys(['example_dynamic_task_mapping_with_no_taskflow_operators']) retrieved from /home/alan/repos/pipeline_airflow/pipeline-airflow-venv/lib/python3.11/site-packages/airflow/example_dags/example_dynamic_task_mapping_with_no_taskflow_operators.py
[2023-08-15T18:54:49.491-0300] {logging_mixin.py:150} INFO - [2023-08-15T18:54:49.490-0300] {dag.py:2742} INFO - Sync 1 DAGs
[2023-08-15T18:54:49.533-0300] {logging_mixin.py:150} INFO - [2023-08-15T18:54:49.533-0300] {dag.py:3504} INFO - Setting next_dagrun for example_dynamic_task_mapping_with_no_taskflow_operators to 2023-08-14T21:54:49.532698+00:00, run_after=2023-08-15T21:54:49.532698+00:00
[2023-08-15T18:54:50.070-0300] {processor.py:179} INFO - Processing /home/alan/repos/pipeline_airflow/pipeline-airflow-venv/lib/python3.11/site-packages/airflow/example_dags/example_dynamic_task_mapping_with_no_taskflow_operators.py took 0.805 seconds
[2023-08-15T19:00:05.607-0300] {processor.py:157} INFO - Started process (PID=27307) to work on /home/alan/repos/pipeline_airflow/pipeline-airflow-venv/lib/python3.11/site-packages/airflow/example_dags/example_dynamic_task_mapping_with_no_taskflow_operators.py
[2023-08-15T19:00:06.078-0300] {processor.py:826} INFO - Processing file /home/alan/repos/pipeline_airflow/pipeline-airflow-venv/lib/python3.11/site-packages/airflow/example_dags/example_dynamic_task_mapping_with_no_taskflow_operators.py for tasks to queue
[2023-08-15T19:00:06.081-0300] {logging_mixin.py:150} INFO - [2023-08-15T19:00:06.080-0300] {dagbag.py:541} INFO - Filling up the DagBag from /home/alan/repos/pipeline_airflow/pipeline-airflow-venv/lib/python3.11/site-packages/airflow/example_dags/example_dynamic_task_mapping_with_no_taskflow_operators.py
[2023-08-15T19:00:06.169-0300] {processor.py:836} INFO - DAG(s) dict_keys(['example_dynamic_task_mapping_with_no_taskflow_operators']) retrieved from /home/alan/repos/pipeline_airflow/pipeline-airflow-venv/lib/python3.11/site-packages/airflow/example_dags/example_dynamic_task_mapping_with_no_taskflow_operators.py
[2023-08-15T19:00:06.281-0300] {logging_mixin.py:150} INFO - [2023-08-15T19:00:06.281-0300] {dag.py:2742} INFO - Sync 1 DAGs
[2023-08-15T19:00:06.337-0300] {logging_mixin.py:150} INFO - [2023-08-15T19:00:06.337-0300] {dag.py:3504} INFO - Setting next_dagrun for example_dynamic_task_mapping_with_no_taskflow_operators to 2023-08-14T22:00:06.337060+00:00, run_after=2023-08-15T22:00:06.337060+00:00
[2023-08-15T19:00:08.568-0300] {processor.py:179} INFO - Processing /home/alan/repos/pipeline_airflow/pipeline-airflow-venv/lib/python3.11/site-packages/airflow/example_dags/example_dynamic_task_mapping_with_no_taskflow_operators.py took 2.968 seconds
[2023-08-15T19:02:04.488-0300] {processor.py:157} INFO - Started process (PID=27666) to work on /home/alan/repos/pipeline_airflow/pipeline-airflow-venv/lib/python3.11/site-packages/airflow/example_dags/example_dynamic_task_mapping_with_no_taskflow_operators.py
[2023-08-15T19:02:04.515-0300] {processor.py:826} INFO - Processing file /home/alan/repos/pipeline_airflow/pipeline-airflow-venv/lib/python3.11/site-packages/airflow/example_dags/example_dynamic_task_mapping_with_no_taskflow_operators.py for tasks to queue
[2023-08-15T19:02:04.517-0300] {logging_mixin.py:150} INFO - [2023-08-15T19:02:04.516-0300] {dagbag.py:541} INFO - Filling up the DagBag from /home/alan/repos/pipeline_airflow/pipeline-airflow-venv/lib/python3.11/site-packages/airflow/example_dags/example_dynamic_task_mapping_with_no_taskflow_operators.py
[2023-08-15T19:02:04.535-0300] {processor.py:836} INFO - DAG(s) dict_keys(['example_dynamic_task_mapping_with_no_taskflow_operators']) retrieved from /home/alan/repos/pipeline_airflow/pipeline-airflow-venv/lib/python3.11/site-packages/airflow/example_dags/example_dynamic_task_mapping_with_no_taskflow_operators.py
[2023-08-15T19:02:04.575-0300] {logging_mixin.py:150} INFO - [2023-08-15T19:02:04.574-0300] {dag.py:2742} INFO - Sync 1 DAGs
[2023-08-15T19:02:04.612-0300] {logging_mixin.py:150} INFO - [2023-08-15T19:02:04.612-0300] {dag.py:3504} INFO - Setting next_dagrun for example_dynamic_task_mapping_with_no_taskflow_operators to 2023-08-14T22:02:04.611709+00:00, run_after=2023-08-15T22:02:04.611709+00:00
[2023-08-15T19:02:04.788-0300] {processor.py:179} INFO - Processing /home/alan/repos/pipeline_airflow/pipeline-airflow-venv/lib/python3.11/site-packages/airflow/example_dags/example_dynamic_task_mapping_with_no_taskflow_operators.py took 0.307 seconds
[2023-08-15T19:04:28.929-0300] {processor.py:157} INFO - Started process (PID=28308) to work on /home/alan/repos/pipeline_airflow/pipeline-airflow-venv/lib/python3.11/site-packages/airflow/example_dags/example_dynamic_task_mapping_with_no_taskflow_operators.py
[2023-08-15T19:04:28.945-0300] {processor.py:826} INFO - Processing file /home/alan/repos/pipeline_airflow/pipeline-airflow-venv/lib/python3.11/site-packages/airflow/example_dags/example_dynamic_task_mapping_with_no_taskflow_operators.py for tasks to queue
[2023-08-15T19:04:28.946-0300] {logging_mixin.py:150} INFO - [2023-08-15T19:04:28.946-0300] {dagbag.py:541} INFO - Filling up the DagBag from /home/alan/repos/pipeline_airflow/pipeline-airflow-venv/lib/python3.11/site-packages/airflow/example_dags/example_dynamic_task_mapping_with_no_taskflow_operators.py
[2023-08-15T19:04:28.962-0300] {processor.py:836} INFO - DAG(s) dict_keys(['example_dynamic_task_mapping_with_no_taskflow_operators']) retrieved from /home/alan/repos/pipeline_airflow/pipeline-airflow-venv/lib/python3.11/site-packages/airflow/example_dags/example_dynamic_task_mapping_with_no_taskflow_operators.py
[2023-08-15T19:04:28.993-0300] {logging_mixin.py:150} INFO - [2023-08-15T19:04:28.993-0300] {dag.py:2742} INFO - Sync 1 DAGs
[2023-08-15T19:04:29.029-0300] {logging_mixin.py:150} INFO - [2023-08-15T19:04:29.029-0300] {dag.py:3504} INFO - Setting next_dagrun for example_dynamic_task_mapping_with_no_taskflow_operators to 2023-08-14T22:04:29.029070+00:00, run_after=2023-08-15T22:04:29.029070+00:00
[2023-08-15T19:04:29.191-0300] {processor.py:179} INFO - Processing /home/alan/repos/pipeline_airflow/pipeline-airflow-venv/lib/python3.11/site-packages/airflow/example_dags/example_dynamic_task_mapping_with_no_taskflow_operators.py took 0.268 seconds
[2023-08-15T19:05:53.003-0300] {processor.py:157} INFO - Started process (PID=28691) to work on /home/alan/repos/pipeline_airflow/pipeline-airflow-venv/lib/python3.11/site-packages/airflow/example_dags/example_dynamic_task_mapping_with_no_taskflow_operators.py
[2023-08-15T19:05:53.005-0300] {processor.py:826} INFO - Processing file /home/alan/repos/pipeline_airflow/pipeline-airflow-venv/lib/python3.11/site-packages/airflow/example_dags/example_dynamic_task_mapping_with_no_taskflow_operators.py for tasks to queue
[2023-08-15T19:05:53.007-0300] {logging_mixin.py:150} INFO - [2023-08-15T19:05:53.006-0300] {dagbag.py:541} INFO - Filling up the DagBag from /home/alan/repos/pipeline_airflow/pipeline-airflow-venv/lib/python3.11/site-packages/airflow/example_dags/example_dynamic_task_mapping_with_no_taskflow_operators.py
[2023-08-15T19:05:53.022-0300] {processor.py:836} INFO - DAG(s) dict_keys(['example_dynamic_task_mapping_with_no_taskflow_operators']) retrieved from /home/alan/repos/pipeline_airflow/pipeline-airflow-venv/lib/python3.11/site-packages/airflow/example_dags/example_dynamic_task_mapping_with_no_taskflow_operators.py
[2023-08-15T19:05:53.051-0300] {logging_mixin.py:150} INFO - [2023-08-15T19:05:53.051-0300] {dag.py:2742} INFO - Sync 1 DAGs
[2023-08-15T19:05:53.090-0300] {logging_mixin.py:150} INFO - [2023-08-15T19:05:53.089-0300] {dag.py:3504} INFO - Setting next_dagrun for example_dynamic_task_mapping_with_no_taskflow_operators to 2023-08-14T22:05:53.089513+00:00, run_after=2023-08-15T22:05:53.089513+00:00
[2023-08-15T19:05:53.212-0300] {processor.py:179} INFO - Processing /home/alan/repos/pipeline_airflow/pipeline-airflow-venv/lib/python3.11/site-packages/airflow/example_dags/example_dynamic_task_mapping_with_no_taskflow_operators.py took 0.217 seconds
[2023-08-15T19:06:55.223-0300] {processor.py:157} INFO - Started process (PID=28851) to work on /home/alan/repos/pipeline_airflow/pipeline-airflow-venv/lib/python3.11/site-packages/airflow/example_dags/example_dynamic_task_mapping_with_no_taskflow_operators.py
[2023-08-15T19:06:55.231-0300] {processor.py:826} INFO - Processing file /home/alan/repos/pipeline_airflow/pipeline-airflow-venv/lib/python3.11/site-packages/airflow/example_dags/example_dynamic_task_mapping_with_no_taskflow_operators.py for tasks to queue
[2023-08-15T19:06:55.233-0300] {logging_mixin.py:150} INFO - [2023-08-15T19:06:55.232-0300] {dagbag.py:541} INFO - Filling up the DagBag from /home/alan/repos/pipeline_airflow/pipeline-airflow-venv/lib/python3.11/site-packages/airflow/example_dags/example_dynamic_task_mapping_with_no_taskflow_operators.py
[2023-08-15T19:06:55.249-0300] {processor.py:836} INFO - DAG(s) dict_keys(['example_dynamic_task_mapping_with_no_taskflow_operators']) retrieved from /home/alan/repos/pipeline_airflow/pipeline-airflow-venv/lib/python3.11/site-packages/airflow/example_dags/example_dynamic_task_mapping_with_no_taskflow_operators.py
[2023-08-15T19:06:55.278-0300] {logging_mixin.py:150} INFO - [2023-08-15T19:06:55.278-0300] {dag.py:2742} INFO - Sync 1 DAGs
[2023-08-15T19:06:55.314-0300] {logging_mixin.py:150} INFO - [2023-08-15T19:06:55.314-0300] {dag.py:3504} INFO - Setting next_dagrun for example_dynamic_task_mapping_with_no_taskflow_operators to 2023-08-14T22:06:55.313837+00:00, run_after=2023-08-15T22:06:55.313837+00:00
[2023-08-15T19:06:55.421-0300] {processor.py:179} INFO - Processing /home/alan/repos/pipeline_airflow/pipeline-airflow-venv/lib/python3.11/site-packages/airflow/example_dags/example_dynamic_task_mapping_with_no_taskflow_operators.py took 0.204 seconds
[2023-08-15T19:07:59.033-0300] {processor.py:157} INFO - Started process (PID=29126) to work on /home/alan/repos/pipeline_airflow/pipeline-airflow-venv/lib/python3.11/site-packages/airflow/example_dags/example_dynamic_task_mapping_with_no_taskflow_operators.py
[2023-08-15T19:07:59.048-0300] {processor.py:826} INFO - Processing file /home/alan/repos/pipeline_airflow/pipeline-airflow-venv/lib/python3.11/site-packages/airflow/example_dags/example_dynamic_task_mapping_with_no_taskflow_operators.py for tasks to queue
[2023-08-15T19:07:59.050-0300] {logging_mixin.py:150} INFO - [2023-08-15T19:07:59.049-0300] {dagbag.py:541} INFO - Filling up the DagBag from /home/alan/repos/pipeline_airflow/pipeline-airflow-venv/lib/python3.11/site-packages/airflow/example_dags/example_dynamic_task_mapping_with_no_taskflow_operators.py
[2023-08-15T19:07:59.066-0300] {processor.py:836} INFO - DAG(s) dict_keys(['example_dynamic_task_mapping_with_no_taskflow_operators']) retrieved from /home/alan/repos/pipeline_airflow/pipeline-airflow-venv/lib/python3.11/site-packages/airflow/example_dags/example_dynamic_task_mapping_with_no_taskflow_operators.py
[2023-08-15T19:07:59.096-0300] {logging_mixin.py:150} INFO - [2023-08-15T19:07:59.096-0300] {dag.py:2742} INFO - Sync 1 DAGs
[2023-08-15T19:07:59.134-0300] {logging_mixin.py:150} INFO - [2023-08-15T19:07:59.134-0300] {dag.py:3504} INFO - Setting next_dagrun for example_dynamic_task_mapping_with_no_taskflow_operators to 2023-08-14T22:07:59.133820+00:00, run_after=2023-08-15T22:07:59.133820+00:00
[2023-08-15T19:07:59.486-0300] {processor.py:179} INFO - Processing /home/alan/repos/pipeline_airflow/pipeline-airflow-venv/lib/python3.11/site-packages/airflow/example_dags/example_dynamic_task_mapping_with_no_taskflow_operators.py took 0.459 seconds
[2023-08-15T19:09:04.453-0300] {processor.py:157} INFO - Started process (PID=29291) to work on /home/alan/repos/pipeline_airflow/pipeline-airflow-venv/lib/python3.11/site-packages/airflow/example_dags/example_dynamic_task_mapping_with_no_taskflow_operators.py
[2023-08-15T19:09:04.459-0300] {processor.py:826} INFO - Processing file /home/alan/repos/pipeline_airflow/pipeline-airflow-venv/lib/python3.11/site-packages/airflow/example_dags/example_dynamic_task_mapping_with_no_taskflow_operators.py for tasks to queue
[2023-08-15T19:09:04.461-0300] {logging_mixin.py:150} INFO - [2023-08-15T19:09:04.460-0300] {dagbag.py:541} INFO - Filling up the DagBag from /home/alan/repos/pipeline_airflow/pipeline-airflow-venv/lib/python3.11/site-packages/airflow/example_dags/example_dynamic_task_mapping_with_no_taskflow_operators.py
[2023-08-15T19:09:04.475-0300] {processor.py:836} INFO - DAG(s) dict_keys(['example_dynamic_task_mapping_with_no_taskflow_operators']) retrieved from /home/alan/repos/pipeline_airflow/pipeline-airflow-venv/lib/python3.11/site-packages/airflow/example_dags/example_dynamic_task_mapping_with_no_taskflow_operators.py
[2023-08-15T19:09:04.502-0300] {logging_mixin.py:150} INFO - [2023-08-15T19:09:04.502-0300] {dag.py:2742} INFO - Sync 1 DAGs
[2023-08-15T19:09:04.538-0300] {logging_mixin.py:150} INFO - [2023-08-15T19:09:04.538-0300] {dag.py:3504} INFO - Setting next_dagrun for example_dynamic_task_mapping_with_no_taskflow_operators to 2023-08-14T22:09:04.538118+00:00, run_after=2023-08-15T22:09:04.538118+00:00
[2023-08-15T19:09:04.724-0300] {processor.py:179} INFO - Processing /home/alan/repos/pipeline_airflow/pipeline-airflow-venv/lib/python3.11/site-packages/airflow/example_dags/example_dynamic_task_mapping_with_no_taskflow_operators.py took 0.277 seconds
[2023-08-15T19:10:04.548-0300] {processor.py:157} INFO - Started process (PID=29449) to work on /home/alan/repos/pipeline_airflow/pipeline-airflow-venv/lib/python3.11/site-packages/airflow/example_dags/example_dynamic_task_mapping_with_no_taskflow_operators.py
[2023-08-15T19:10:04.564-0300] {processor.py:826} INFO - Processing file /home/alan/repos/pipeline_airflow/pipeline-airflow-venv/lib/python3.11/site-packages/airflow/example_dags/example_dynamic_task_mapping_with_no_taskflow_operators.py for tasks to queue
[2023-08-15T19:10:04.566-0300] {logging_mixin.py:150} INFO - [2023-08-15T19:10:04.565-0300] {dagbag.py:541} INFO - Filling up the DagBag from /home/alan/repos/pipeline_airflow/pipeline-airflow-venv/lib/python3.11/site-packages/airflow/example_dags/example_dynamic_task_mapping_with_no_taskflow_operators.py
[2023-08-15T19:10:04.582-0300] {processor.py:836} INFO - DAG(s) dict_keys(['example_dynamic_task_mapping_with_no_taskflow_operators']) retrieved from /home/alan/repos/pipeline_airflow/pipeline-airflow-venv/lib/python3.11/site-packages/airflow/example_dags/example_dynamic_task_mapping_with_no_taskflow_operators.py
[2023-08-15T19:10:04.611-0300] {logging_mixin.py:150} INFO - [2023-08-15T19:10:04.611-0300] {dag.py:2742} INFO - Sync 1 DAGs
[2023-08-15T19:10:04.652-0300] {logging_mixin.py:150} INFO - [2023-08-15T19:10:04.652-0300] {dag.py:3504} INFO - Setting next_dagrun for example_dynamic_task_mapping_with_no_taskflow_operators to 2023-08-14T22:10:04.651783+00:00, run_after=2023-08-15T22:10:04.651783+00:00
[2023-08-15T19:10:04.807-0300] {processor.py:179} INFO - Processing /home/alan/repos/pipeline_airflow/pipeline-airflow-venv/lib/python3.11/site-packages/airflow/example_dags/example_dynamic_task_mapping_with_no_taskflow_operators.py took 0.266 seconds
[2023-08-15T19:11:02.629-0300] {processor.py:157} INFO - Started process (PID=29633) to work on /home/alan/repos/pipeline_airflow/pipeline-airflow-venv/lib/python3.11/site-packages/airflow/example_dags/example_dynamic_task_mapping_with_no_taskflow_operators.py
[2023-08-15T19:11:02.648-0300] {processor.py:826} INFO - Processing file /home/alan/repos/pipeline_airflow/pipeline-airflow-venv/lib/python3.11/site-packages/airflow/example_dags/example_dynamic_task_mapping_with_no_taskflow_operators.py for tasks to queue
[2023-08-15T19:11:02.649-0300] {logging_mixin.py:150} INFO - [2023-08-15T19:11:02.648-0300] {dagbag.py:541} INFO - Filling up the DagBag from /home/alan/repos/pipeline_airflow/pipeline-airflow-venv/lib/python3.11/site-packages/airflow/example_dags/example_dynamic_task_mapping_with_no_taskflow_operators.py
[2023-08-15T19:11:02.704-0300] {processor.py:836} INFO - DAG(s) dict_keys(['example_dynamic_task_mapping_with_no_taskflow_operators']) retrieved from /home/alan/repos/pipeline_airflow/pipeline-airflow-venv/lib/python3.11/site-packages/airflow/example_dags/example_dynamic_task_mapping_with_no_taskflow_operators.py
[2023-08-15T19:11:02.794-0300] {logging_mixin.py:150} INFO - [2023-08-15T19:11:02.794-0300] {dag.py:2742} INFO - Sync 1 DAGs
[2023-08-15T19:11:02.888-0300] {logging_mixin.py:150} INFO - [2023-08-15T19:11:02.887-0300] {dag.py:3504} INFO - Setting next_dagrun for example_dynamic_task_mapping_with_no_taskflow_operators to 2023-08-14T22:11:02.883187+00:00, run_after=2023-08-15T22:11:02.883187+00:00
[2023-08-15T19:11:03.194-0300] {processor.py:179} INFO - Processing /home/alan/repos/pipeline_airflow/pipeline-airflow-venv/lib/python3.11/site-packages/airflow/example_dags/example_dynamic_task_mapping_with_no_taskflow_operators.py took 0.571 seconds
[2023-08-15T19:12:07.501-0300] {processor.py:157} INFO - Started process (PID=29863) to work on /home/alan/repos/pipeline_airflow/pipeline-airflow-venv/lib/python3.11/site-packages/airflow/example_dags/example_dynamic_task_mapping_with_no_taskflow_operators.py
[2023-08-15T19:12:07.518-0300] {processor.py:826} INFO - Processing file /home/alan/repos/pipeline_airflow/pipeline-airflow-venv/lib/python3.11/site-packages/airflow/example_dags/example_dynamic_task_mapping_with_no_taskflow_operators.py for tasks to queue
[2023-08-15T19:12:07.519-0300] {logging_mixin.py:150} INFO - [2023-08-15T19:12:07.519-0300] {dagbag.py:541} INFO - Filling up the DagBag from /home/alan/repos/pipeline_airflow/pipeline-airflow-venv/lib/python3.11/site-packages/airflow/example_dags/example_dynamic_task_mapping_with_no_taskflow_operators.py
[2023-08-15T19:12:07.534-0300] {processor.py:836} INFO - DAG(s) dict_keys(['example_dynamic_task_mapping_with_no_taskflow_operators']) retrieved from /home/alan/repos/pipeline_airflow/pipeline-airflow-venv/lib/python3.11/site-packages/airflow/example_dags/example_dynamic_task_mapping_with_no_taskflow_operators.py
[2023-08-15T19:12:07.562-0300] {logging_mixin.py:150} INFO - [2023-08-15T19:12:07.562-0300] {dag.py:2742} INFO - Sync 1 DAGs
[2023-08-15T19:12:07.606-0300] {logging_mixin.py:150} INFO - [2023-08-15T19:12:07.606-0300] {dag.py:3504} INFO - Setting next_dagrun for example_dynamic_task_mapping_with_no_taskflow_operators to 2023-08-14T22:12:07.605728+00:00, run_after=2023-08-15T22:12:07.605728+00:00
[2023-08-15T19:12:07.767-0300] {processor.py:179} INFO - Processing /home/alan/repos/pipeline_airflow/pipeline-airflow-venv/lib/python3.11/site-packages/airflow/example_dags/example_dynamic_task_mapping_with_no_taskflow_operators.py took 0.270 seconds
[2023-08-15T19:13:06.917-0300] {processor.py:157} INFO - Started process (PID=30033) to work on /home/alan/repos/pipeline_airflow/pipeline-airflow-venv/lib/python3.11/site-packages/airflow/example_dags/example_dynamic_task_mapping_with_no_taskflow_operators.py
[2023-08-15T19:13:06.924-0300] {processor.py:826} INFO - Processing file /home/alan/repos/pipeline_airflow/pipeline-airflow-venv/lib/python3.11/site-packages/airflow/example_dags/example_dynamic_task_mapping_with_no_taskflow_operators.py for tasks to queue
[2023-08-15T19:13:06.926-0300] {logging_mixin.py:150} INFO - [2023-08-15T19:13:06.925-0300] {dagbag.py:541} INFO - Filling up the DagBag from /home/alan/repos/pipeline_airflow/pipeline-airflow-venv/lib/python3.11/site-packages/airflow/example_dags/example_dynamic_task_mapping_with_no_taskflow_operators.py
[2023-08-15T19:13:06.939-0300] {processor.py:836} INFO - DAG(s) dict_keys(['example_dynamic_task_mapping_with_no_taskflow_operators']) retrieved from /home/alan/repos/pipeline_airflow/pipeline-airflow-venv/lib/python3.11/site-packages/airflow/example_dags/example_dynamic_task_mapping_with_no_taskflow_operators.py
[2023-08-15T19:13:06.966-0300] {logging_mixin.py:150} INFO - [2023-08-15T19:13:06.966-0300] {dag.py:2742} INFO - Sync 1 DAGs
[2023-08-15T19:13:07.002-0300] {logging_mixin.py:150} INFO - [2023-08-15T19:13:07.001-0300] {dag.py:3504} INFO - Setting next_dagrun for example_dynamic_task_mapping_with_no_taskflow_operators to 2023-08-14T22:13:07.001433+00:00, run_after=2023-08-15T22:13:07.001433+00:00
[2023-08-15T19:13:07.150-0300] {processor.py:179} INFO - Processing /home/alan/repos/pipeline_airflow/pipeline-airflow-venv/lib/python3.11/site-packages/airflow/example_dags/example_dynamic_task_mapping_with_no_taskflow_operators.py took 0.238 seconds
[2023-08-15T19:14:07.260-0300] {processor.py:157} INFO - Started process (PID=30186) to work on /home/alan/repos/pipeline_airflow/pipeline-airflow-venv/lib/python3.11/site-packages/airflow/example_dags/example_dynamic_task_mapping_with_no_taskflow_operators.py
[2023-08-15T19:14:07.276-0300] {processor.py:826} INFO - Processing file /home/alan/repos/pipeline_airflow/pipeline-airflow-venv/lib/python3.11/site-packages/airflow/example_dags/example_dynamic_task_mapping_with_no_taskflow_operators.py for tasks to queue
[2023-08-15T19:14:07.278-0300] {logging_mixin.py:150} INFO - [2023-08-15T19:14:07.277-0300] {dagbag.py:541} INFO - Filling up the DagBag from /home/alan/repos/pipeline_airflow/pipeline-airflow-venv/lib/python3.11/site-packages/airflow/example_dags/example_dynamic_task_mapping_with_no_taskflow_operators.py
[2023-08-15T19:14:07.293-0300] {processor.py:836} INFO - DAG(s) dict_keys(['example_dynamic_task_mapping_with_no_taskflow_operators']) retrieved from /home/alan/repos/pipeline_airflow/pipeline-airflow-venv/lib/python3.11/site-packages/airflow/example_dags/example_dynamic_task_mapping_with_no_taskflow_operators.py
[2023-08-15T19:14:07.323-0300] {logging_mixin.py:150} INFO - [2023-08-15T19:14:07.323-0300] {dag.py:2742} INFO - Sync 1 DAGs
[2023-08-15T19:14:07.366-0300] {logging_mixin.py:150} INFO - [2023-08-15T19:14:07.366-0300] {dag.py:3504} INFO - Setting next_dagrun for example_dynamic_task_mapping_with_no_taskflow_operators to 2023-08-14T22:14:07.365660+00:00, run_after=2023-08-15T22:14:07.365660+00:00
[2023-08-15T19:14:07.480-0300] {processor.py:179} INFO - Processing /home/alan/repos/pipeline_airflow/pipeline-airflow-venv/lib/python3.11/site-packages/airflow/example_dags/example_dynamic_task_mapping_with_no_taskflow_operators.py took 0.225 seconds
[2023-08-15T19:15:04.854-0300] {processor.py:157} INFO - Started process (PID=30336) to work on /home/alan/repos/pipeline_airflow/pipeline-airflow-venv/lib/python3.11/site-packages/airflow/example_dags/example_dynamic_task_mapping_with_no_taskflow_operators.py
[2023-08-15T19:15:04.869-0300] {processor.py:826} INFO - Processing file /home/alan/repos/pipeline_airflow/pipeline-airflow-venv/lib/python3.11/site-packages/airflow/example_dags/example_dynamic_task_mapping_with_no_taskflow_operators.py for tasks to queue
[2023-08-15T19:15:04.871-0300] {logging_mixin.py:150} INFO - [2023-08-15T19:15:04.870-0300] {dagbag.py:541} INFO - Filling up the DagBag from /home/alan/repos/pipeline_airflow/pipeline-airflow-venv/lib/python3.11/site-packages/airflow/example_dags/example_dynamic_task_mapping_with_no_taskflow_operators.py
[2023-08-15T19:15:04.885-0300] {processor.py:836} INFO - DAG(s) dict_keys(['example_dynamic_task_mapping_with_no_taskflow_operators']) retrieved from /home/alan/repos/pipeline_airflow/pipeline-airflow-venv/lib/python3.11/site-packages/airflow/example_dags/example_dynamic_task_mapping_with_no_taskflow_operators.py
[2023-08-15T19:15:04.914-0300] {logging_mixin.py:150} INFO - [2023-08-15T19:15:04.913-0300] {dag.py:2742} INFO - Sync 1 DAGs
[2023-08-15T19:15:04.949-0300] {logging_mixin.py:150} INFO - [2023-08-15T19:15:04.949-0300] {dag.py:3504} INFO - Setting next_dagrun for example_dynamic_task_mapping_with_no_taskflow_operators to 2023-08-14T22:15:04.948909+00:00, run_after=2023-08-15T22:15:04.948909+00:00
[2023-08-15T19:15:05.078-0300] {processor.py:179} INFO - Processing /home/alan/repos/pipeline_airflow/pipeline-airflow-venv/lib/python3.11/site-packages/airflow/example_dags/example_dynamic_task_mapping_with_no_taskflow_operators.py took 0.229 seconds
[2023-08-15T19:16:00.048-0300] {processor.py:157} INFO - Started process (PID=30475) to work on /home/alan/repos/pipeline_airflow/pipeline-airflow-venv/lib/python3.11/site-packages/airflow/example_dags/example_dynamic_task_mapping_with_no_taskflow_operators.py
[2023-08-15T19:16:00.064-0300] {processor.py:826} INFO - Processing file /home/alan/repos/pipeline_airflow/pipeline-airflow-venv/lib/python3.11/site-packages/airflow/example_dags/example_dynamic_task_mapping_with_no_taskflow_operators.py for tasks to queue
[2023-08-15T19:16:00.066-0300] {logging_mixin.py:150} INFO - [2023-08-15T19:16:00.065-0300] {dagbag.py:541} INFO - Filling up the DagBag from /home/alan/repos/pipeline_airflow/pipeline-airflow-venv/lib/python3.11/site-packages/airflow/example_dags/example_dynamic_task_mapping_with_no_taskflow_operators.py
[2023-08-15T19:16:00.083-0300] {processor.py:836} INFO - DAG(s) dict_keys(['example_dynamic_task_mapping_with_no_taskflow_operators']) retrieved from /home/alan/repos/pipeline_airflow/pipeline-airflow-venv/lib/python3.11/site-packages/airflow/example_dags/example_dynamic_task_mapping_with_no_taskflow_operators.py
[2023-08-15T19:16:00.114-0300] {logging_mixin.py:150} INFO - [2023-08-15T19:16:00.113-0300] {dag.py:2742} INFO - Sync 1 DAGs
[2023-08-15T19:16:00.149-0300] {logging_mixin.py:150} INFO - [2023-08-15T19:16:00.148-0300] {dag.py:3504} INFO - Setting next_dagrun for example_dynamic_task_mapping_with_no_taskflow_operators to 2023-08-14T22:16:00.148533+00:00, run_after=2023-08-15T22:16:00.148533+00:00
[2023-08-15T19:16:00.273-0300] {processor.py:179} INFO - Processing /home/alan/repos/pipeline_airflow/pipeline-airflow-venv/lib/python3.11/site-packages/airflow/example_dags/example_dynamic_task_mapping_with_no_taskflow_operators.py took 0.234 seconds
[2023-08-15T19:16:59.825-0300] {processor.py:157} INFO - Started process (PID=30638) to work on /home/alan/repos/pipeline_airflow/pipeline-airflow-venv/lib/python3.11/site-packages/airflow/example_dags/example_dynamic_task_mapping_with_no_taskflow_operators.py
[2023-08-15T19:16:59.837-0300] {processor.py:826} INFO - Processing file /home/alan/repos/pipeline_airflow/pipeline-airflow-venv/lib/python3.11/site-packages/airflow/example_dags/example_dynamic_task_mapping_with_no_taskflow_operators.py for tasks to queue
[2023-08-15T19:16:59.839-0300] {logging_mixin.py:150} INFO - [2023-08-15T19:16:59.838-0300] {dagbag.py:541} INFO - Filling up the DagBag from /home/alan/repos/pipeline_airflow/pipeline-airflow-venv/lib/python3.11/site-packages/airflow/example_dags/example_dynamic_task_mapping_with_no_taskflow_operators.py
[2023-08-15T19:16:59.854-0300] {processor.py:836} INFO - DAG(s) dict_keys(['example_dynamic_task_mapping_with_no_taskflow_operators']) retrieved from /home/alan/repos/pipeline_airflow/pipeline-airflow-venv/lib/python3.11/site-packages/airflow/example_dags/example_dynamic_task_mapping_with_no_taskflow_operators.py
[2023-08-15T19:16:59.884-0300] {logging_mixin.py:150} INFO - [2023-08-15T19:16:59.883-0300] {dag.py:2742} INFO - Sync 1 DAGs
[2023-08-15T19:16:59.922-0300] {logging_mixin.py:150} INFO - [2023-08-15T19:16:59.922-0300] {dag.py:3504} INFO - Setting next_dagrun for example_dynamic_task_mapping_with_no_taskflow_operators to 2023-08-14T22:16:59.922016+00:00, run_after=2023-08-15T22:16:59.922016+00:00
[2023-08-15T19:17:00.057-0300] {processor.py:179} INFO - Processing /home/alan/repos/pipeline_airflow/pipeline-airflow-venv/lib/python3.11/site-packages/airflow/example_dags/example_dynamic_task_mapping_with_no_taskflow_operators.py took 0.241 seconds
[2023-08-15T19:18:01.009-0300] {processor.py:157} INFO - Started process (PID=30796) to work on /home/alan/repos/pipeline_airflow/pipeline-airflow-venv/lib/python3.11/site-packages/airflow/example_dags/example_dynamic_task_mapping_with_no_taskflow_operators.py
[2023-08-15T19:18:01.021-0300] {processor.py:826} INFO - Processing file /home/alan/repos/pipeline_airflow/pipeline-airflow-venv/lib/python3.11/site-packages/airflow/example_dags/example_dynamic_task_mapping_with_no_taskflow_operators.py for tasks to queue
[2023-08-15T19:18:01.023-0300] {logging_mixin.py:150} INFO - [2023-08-15T19:18:01.022-0300] {dagbag.py:541} INFO - Filling up the DagBag from /home/alan/repos/pipeline_airflow/pipeline-airflow-venv/lib/python3.11/site-packages/airflow/example_dags/example_dynamic_task_mapping_with_no_taskflow_operators.py
[2023-08-15T19:18:01.044-0300] {processor.py:836} INFO - DAG(s) dict_keys(['example_dynamic_task_mapping_with_no_taskflow_operators']) retrieved from /home/alan/repos/pipeline_airflow/pipeline-airflow-venv/lib/python3.11/site-packages/airflow/example_dags/example_dynamic_task_mapping_with_no_taskflow_operators.py
[2023-08-15T19:18:01.085-0300] {logging_mixin.py:150} INFO - [2023-08-15T19:18:01.085-0300] {dag.py:2742} INFO - Sync 1 DAGs
[2023-08-15T19:18:01.134-0300] {logging_mixin.py:150} INFO - [2023-08-15T19:18:01.133-0300] {dag.py:3504} INFO - Setting next_dagrun for example_dynamic_task_mapping_with_no_taskflow_operators to 2023-08-14T22:18:01.133242+00:00, run_after=2023-08-15T22:18:01.133242+00:00
[2023-08-15T19:18:01.371-0300] {processor.py:179} INFO - Processing /home/alan/repos/pipeline_airflow/pipeline-airflow-venv/lib/python3.11/site-packages/airflow/example_dags/example_dynamic_task_mapping_with_no_taskflow_operators.py took 0.367 seconds
[2023-08-15T19:18:57.189-0300] {processor.py:157} INFO - Started process (PID=30943) to work on /home/alan/repos/pipeline_airflow/pipeline-airflow-venv/lib/python3.11/site-packages/airflow/example_dags/example_dynamic_task_mapping_with_no_taskflow_operators.py
[2023-08-15T19:18:57.201-0300] {processor.py:826} INFO - Processing file /home/alan/repos/pipeline_airflow/pipeline-airflow-venv/lib/python3.11/site-packages/airflow/example_dags/example_dynamic_task_mapping_with_no_taskflow_operators.py for tasks to queue
[2023-08-15T19:18:57.203-0300] {logging_mixin.py:150} INFO - [2023-08-15T19:18:57.202-0300] {dagbag.py:541} INFO - Filling up the DagBag from /home/alan/repos/pipeline_airflow/pipeline-airflow-venv/lib/python3.11/site-packages/airflow/example_dags/example_dynamic_task_mapping_with_no_taskflow_operators.py
[2023-08-15T19:18:57.219-0300] {processor.py:836} INFO - DAG(s) dict_keys(['example_dynamic_task_mapping_with_no_taskflow_operators']) retrieved from /home/alan/repos/pipeline_airflow/pipeline-airflow-venv/lib/python3.11/site-packages/airflow/example_dags/example_dynamic_task_mapping_with_no_taskflow_operators.py
[2023-08-15T19:18:57.251-0300] {logging_mixin.py:150} INFO - [2023-08-15T19:18:57.251-0300] {dag.py:2742} INFO - Sync 1 DAGs
[2023-08-15T19:18:57.288-0300] {logging_mixin.py:150} INFO - [2023-08-15T19:18:57.288-0300] {dag.py:3504} INFO - Setting next_dagrun for example_dynamic_task_mapping_with_no_taskflow_operators to 2023-08-14T22:18:57.287810+00:00, run_after=2023-08-15T22:18:57.287810+00:00
[2023-08-15T19:18:57.402-0300] {processor.py:179} INFO - Processing /home/alan/repos/pipeline_airflow/pipeline-airflow-venv/lib/python3.11/site-packages/airflow/example_dags/example_dynamic_task_mapping_with_no_taskflow_operators.py took 0.218 seconds
[2023-08-15T19:19:53.851-0300] {processor.py:157} INFO - Started process (PID=31086) to work on /home/alan/repos/pipeline_airflow/pipeline-airflow-venv/lib/python3.11/site-packages/airflow/example_dags/example_dynamic_task_mapping_with_no_taskflow_operators.py
[2023-08-15T19:19:53.859-0300] {processor.py:826} INFO - Processing file /home/alan/repos/pipeline_airflow/pipeline-airflow-venv/lib/python3.11/site-packages/airflow/example_dags/example_dynamic_task_mapping_with_no_taskflow_operators.py for tasks to queue
[2023-08-15T19:19:53.861-0300] {logging_mixin.py:150} INFO - [2023-08-15T19:19:53.860-0300] {dagbag.py:541} INFO - Filling up the DagBag from /home/alan/repos/pipeline_airflow/pipeline-airflow-venv/lib/python3.11/site-packages/airflow/example_dags/example_dynamic_task_mapping_with_no_taskflow_operators.py
[2023-08-15T19:19:53.875-0300] {processor.py:836} INFO - DAG(s) dict_keys(['example_dynamic_task_mapping_with_no_taskflow_operators']) retrieved from /home/alan/repos/pipeline_airflow/pipeline-airflow-venv/lib/python3.11/site-packages/airflow/example_dags/example_dynamic_task_mapping_with_no_taskflow_operators.py
[2023-08-15T19:19:53.901-0300] {logging_mixin.py:150} INFO - [2023-08-15T19:19:53.901-0300] {dag.py:2742} INFO - Sync 1 DAGs
[2023-08-15T19:19:53.936-0300] {logging_mixin.py:150} INFO - [2023-08-15T19:19:53.936-0300] {dag.py:3504} INFO - Setting next_dagrun for example_dynamic_task_mapping_with_no_taskflow_operators to 2023-08-14T22:19:53.935767+00:00, run_after=2023-08-15T22:19:53.935767+00:00
[2023-08-15T19:19:54.046-0300] {processor.py:179} INFO - Processing /home/alan/repos/pipeline_airflow/pipeline-airflow-venv/lib/python3.11/site-packages/airflow/example_dags/example_dynamic_task_mapping_with_no_taskflow_operators.py took 0.200 seconds
[2023-08-15T19:21:05.218-0300] {processor.py:157} INFO - Started process (PID=31433) to work on /home/alan/repos/pipeline_airflow/pipeline-airflow-venv/lib/python3.11/site-packages/airflow/example_dags/example_dynamic_task_mapping_with_no_taskflow_operators.py
[2023-08-15T19:21:05.220-0300] {processor.py:826} INFO - Processing file /home/alan/repos/pipeline_airflow/pipeline-airflow-venv/lib/python3.11/site-packages/airflow/example_dags/example_dynamic_task_mapping_with_no_taskflow_operators.py for tasks to queue
[2023-08-15T19:21:05.221-0300] {logging_mixin.py:150} INFO - [2023-08-15T19:21:05.221-0300] {dagbag.py:541} INFO - Filling up the DagBag from /home/alan/repos/pipeline_airflow/pipeline-airflow-venv/lib/python3.11/site-packages/airflow/example_dags/example_dynamic_task_mapping_with_no_taskflow_operators.py
[2023-08-15T19:21:05.236-0300] {processor.py:836} INFO - DAG(s) dict_keys(['example_dynamic_task_mapping_with_no_taskflow_operators']) retrieved from /home/alan/repos/pipeline_airflow/pipeline-airflow-venv/lib/python3.11/site-packages/airflow/example_dags/example_dynamic_task_mapping_with_no_taskflow_operators.py
[2023-08-15T19:21:05.268-0300] {logging_mixin.py:150} INFO - [2023-08-15T19:21:05.268-0300] {dag.py:2742} INFO - Sync 1 DAGs
[2023-08-15T19:21:05.310-0300] {logging_mixin.py:150} INFO - [2023-08-15T19:21:05.309-0300] {dag.py:3504} INFO - Setting next_dagrun for example_dynamic_task_mapping_with_no_taskflow_operators to 2023-08-14T22:21:05.309114+00:00, run_after=2023-08-15T22:21:05.309114+00:00
[2023-08-15T19:21:05.419-0300] {processor.py:179} INFO - Processing /home/alan/repos/pipeline_airflow/pipeline-airflow-venv/lib/python3.11/site-packages/airflow/example_dags/example_dynamic_task_mapping_with_no_taskflow_operators.py took 0.206 seconds
