[2023-08-15T18:20:38.947-0300] {processor.py:157} INFO - Started process (PID=18737) to work on /home/alan/repos/pipeline_airflow/pipeline-airflow-venv/lib/python3.11/site-packages/airflow/example_dags/example_branch_operator.py
[2023-08-15T18:20:38.948-0300] {processor.py:826} INFO - Processing file /home/alan/repos/pipeline_airflow/pipeline-airflow-venv/lib/python3.11/site-packages/airflow/example_dags/example_branch_operator.py for tasks to queue
[2023-08-15T18:20:38.950-0300] {logging_mixin.py:150} INFO - [2023-08-15T18:20:38.949-0300] {dagbag.py:541} INFO - Filling up the DagBag from /home/alan/repos/pipeline_airflow/pipeline-airflow-venv/lib/python3.11/site-packages/airflow/example_dags/example_branch_operator.py
[2023-08-15T18:20:38.968-0300] {processor.py:836} INFO - DAG(s) dict_keys(['example_branch_operator']) retrieved from /home/alan/repos/pipeline_airflow/pipeline-airflow-venv/lib/python3.11/site-packages/airflow/example_dags/example_branch_operator.py
[2023-08-15T18:20:39.350-0300] {logging_mixin.py:150} INFO - [2023-08-15T18:20:39.349-0300] {manager.py:504} INFO - Created Permission View: can delete on DAG:example_branch_operator
[2023-08-15T18:20:39.449-0300] {logging_mixin.py:150} INFO - [2023-08-15T18:20:39.449-0300] {manager.py:504} INFO - Created Permission View: can edit on DAG:example_branch_operator
[2023-08-15T18:20:39.538-0300] {logging_mixin.py:150} INFO - [2023-08-15T18:20:39.537-0300] {manager.py:504} INFO - Created Permission View: can read on DAG:example_branch_operator
[2023-08-15T18:20:39.577-0300] {logging_mixin.py:150} INFO - [2023-08-15T18:20:39.576-0300] {dag.py:2742} INFO - Sync 1 DAGs
[2023-08-15T18:20:39.603-0300] {logging_mixin.py:150} INFO - [2023-08-15T18:20:39.602-0300] {dag.py:2763} INFO - Creating ORM DAG for example_branch_operator
[2023-08-15T18:20:39.621-0300] {logging_mixin.py:150} INFO - [2023-08-15T18:20:39.621-0300] {dag.py:3504} INFO - Setting next_dagrun for example_branch_operator to 2023-08-14T00:00:00+00:00, run_after=2023-08-15T00:00:00+00:00
[2023-08-15T18:20:39.794-0300] {processor.py:179} INFO - Processing /home/alan/repos/pipeline_airflow/pipeline-airflow-venv/lib/python3.11/site-packages/airflow/example_dags/example_branch_operator.py took 0.853 seconds
[2023-08-15T18:21:46.333-0300] {processor.py:157} INFO - Started process (PID=18983) to work on /home/alan/repos/pipeline_airflow/pipeline-airflow-venv/lib/python3.11/site-packages/airflow/example_dags/example_branch_operator.py
[2023-08-15T18:21:46.334-0300] {processor.py:826} INFO - Processing file /home/alan/repos/pipeline_airflow/pipeline-airflow-venv/lib/python3.11/site-packages/airflow/example_dags/example_branch_operator.py for tasks to queue
[2023-08-15T18:21:46.336-0300] {logging_mixin.py:150} INFO - [2023-08-15T18:21:46.335-0300] {dagbag.py:541} INFO - Filling up the DagBag from /home/alan/repos/pipeline_airflow/pipeline-airflow-venv/lib/python3.11/site-packages/airflow/example_dags/example_branch_operator.py
[2023-08-15T18:21:46.357-0300] {processor.py:836} INFO - DAG(s) dict_keys(['example_branch_operator']) retrieved from /home/alan/repos/pipeline_airflow/pipeline-airflow-venv/lib/python3.11/site-packages/airflow/example_dags/example_branch_operator.py
[2023-08-15T18:21:46.390-0300] {logging_mixin.py:150} INFO - [2023-08-15T18:21:46.390-0300] {dag.py:2742} INFO - Sync 1 DAGs
[2023-08-15T18:21:46.429-0300] {logging_mixin.py:150} INFO - [2023-08-15T18:21:46.429-0300] {dag.py:3504} INFO - Setting next_dagrun for example_branch_operator to 2023-08-14T00:00:00+00:00, run_after=2023-08-15T00:00:00+00:00
[2023-08-15T18:21:46.547-0300] {processor.py:179} INFO - Processing /home/alan/repos/pipeline_airflow/pipeline-airflow-venv/lib/python3.11/site-packages/airflow/example_dags/example_branch_operator.py took 0.220 seconds
[2023-08-15T18:23:07.519-0300] {processor.py:157} INFO - Started process (PID=19272) to work on /home/alan/repos/pipeline_airflow/pipeline-airflow-venv/lib/python3.11/site-packages/airflow/example_dags/example_branch_operator.py
[2023-08-15T18:23:07.532-0300] {processor.py:826} INFO - Processing file /home/alan/repos/pipeline_airflow/pipeline-airflow-venv/lib/python3.11/site-packages/airflow/example_dags/example_branch_operator.py for tasks to queue
[2023-08-15T18:23:07.533-0300] {logging_mixin.py:150} INFO - [2023-08-15T18:23:07.533-0300] {dagbag.py:541} INFO - Filling up the DagBag from /home/alan/repos/pipeline_airflow/pipeline-airflow-venv/lib/python3.11/site-packages/airflow/example_dags/example_branch_operator.py
[2023-08-15T18:23:07.550-0300] {processor.py:836} INFO - DAG(s) dict_keys(['example_branch_operator']) retrieved from /home/alan/repos/pipeline_airflow/pipeline-airflow-venv/lib/python3.11/site-packages/airflow/example_dags/example_branch_operator.py
[2023-08-15T18:23:07.584-0300] {logging_mixin.py:150} INFO - [2023-08-15T18:23:07.583-0300] {dag.py:2742} INFO - Sync 1 DAGs
[2023-08-15T18:23:07.625-0300] {logging_mixin.py:150} INFO - [2023-08-15T18:23:07.625-0300] {dag.py:3504} INFO - Setting next_dagrun for example_branch_operator to 2023-08-14T00:00:00+00:00, run_after=2023-08-15T00:00:00+00:00
[2023-08-15T18:23:07.872-0300] {processor.py:179} INFO - Processing /home/alan/repos/pipeline_airflow/pipeline-airflow-venv/lib/python3.11/site-packages/airflow/example_dags/example_branch_operator.py took 0.358 seconds
[2023-08-15T18:24:09.005-0300] {processor.py:157} INFO - Started process (PID=19506) to work on /home/alan/repos/pipeline_airflow/pipeline-airflow-venv/lib/python3.11/site-packages/airflow/example_dags/example_branch_operator.py
[2023-08-15T18:24:09.007-0300] {processor.py:826} INFO - Processing file /home/alan/repos/pipeline_airflow/pipeline-airflow-venv/lib/python3.11/site-packages/airflow/example_dags/example_branch_operator.py for tasks to queue
[2023-08-15T18:24:09.009-0300] {logging_mixin.py:150} INFO - [2023-08-15T18:24:09.008-0300] {dagbag.py:541} INFO - Filling up the DagBag from /home/alan/repos/pipeline_airflow/pipeline-airflow-venv/lib/python3.11/site-packages/airflow/example_dags/example_branch_operator.py
[2023-08-15T18:24:09.031-0300] {processor.py:836} INFO - DAG(s) dict_keys(['example_branch_operator']) retrieved from /home/alan/repos/pipeline_airflow/pipeline-airflow-venv/lib/python3.11/site-packages/airflow/example_dags/example_branch_operator.py
[2023-08-15T18:24:09.074-0300] {logging_mixin.py:150} INFO - [2023-08-15T18:24:09.073-0300] {dag.py:2742} INFO - Sync 1 DAGs
[2023-08-15T18:24:09.332-0300] {logging_mixin.py:150} INFO - [2023-08-15T18:24:09.332-0300] {dag.py:3504} INFO - Setting next_dagrun for example_branch_operator to 2023-08-14T00:00:00+00:00, run_after=2023-08-15T00:00:00+00:00
[2023-08-15T18:24:09.442-0300] {processor.py:179} INFO - Processing /home/alan/repos/pipeline_airflow/pipeline-airflow-venv/lib/python3.11/site-packages/airflow/example_dags/example_branch_operator.py took 0.445 seconds
[2023-08-15T18:26:08.467-0300] {processor.py:157} INFO - Started process (PID=20652) to work on /home/alan/repos/pipeline_airflow/pipeline-airflow-venv/lib/python3.11/site-packages/airflow/example_dags/example_branch_operator.py
[2023-08-15T18:26:08.474-0300] {processor.py:826} INFO - Processing file /home/alan/repos/pipeline_airflow/pipeline-airflow-venv/lib/python3.11/site-packages/airflow/example_dags/example_branch_operator.py for tasks to queue
[2023-08-15T18:26:08.476-0300] {logging_mixin.py:150} INFO - [2023-08-15T18:26:08.475-0300] {dagbag.py:541} INFO - Filling up the DagBag from /home/alan/repos/pipeline_airflow/pipeline-airflow-venv/lib/python3.11/site-packages/airflow/example_dags/example_branch_operator.py
[2023-08-15T18:26:08.510-0300] {processor.py:836} INFO - DAG(s) dict_keys(['example_branch_operator']) retrieved from /home/alan/repos/pipeline_airflow/pipeline-airflow-venv/lib/python3.11/site-packages/airflow/example_dags/example_branch_operator.py
[2023-08-15T18:26:08.547-0300] {logging_mixin.py:150} INFO - [2023-08-15T18:26:08.547-0300] {dag.py:2742} INFO - Sync 1 DAGs
[2023-08-15T18:26:08.635-0300] {logging_mixin.py:150} INFO - [2023-08-15T18:26:08.635-0300] {dag.py:3504} INFO - Setting next_dagrun for example_branch_operator to 2023-08-14T00:00:00+00:00, run_after=2023-08-15T00:00:00+00:00
[2023-08-15T18:26:08.869-0300] {processor.py:179} INFO - Processing /home/alan/repos/pipeline_airflow/pipeline-airflow-venv/lib/python3.11/site-packages/airflow/example_dags/example_branch_operator.py took 0.411 seconds
[2023-08-15T18:27:28.293-0300] {processor.py:157} INFO - Started process (PID=20946) to work on /home/alan/repos/pipeline_airflow/pipeline-airflow-venv/lib/python3.11/site-packages/airflow/example_dags/example_branch_operator.py
[2023-08-15T18:27:28.307-0300] {processor.py:826} INFO - Processing file /home/alan/repos/pipeline_airflow/pipeline-airflow-venv/lib/python3.11/site-packages/airflow/example_dags/example_branch_operator.py for tasks to queue
[2023-08-15T18:27:28.309-0300] {logging_mixin.py:150} INFO - [2023-08-15T18:27:28.309-0300] {dagbag.py:541} INFO - Filling up the DagBag from /home/alan/repos/pipeline_airflow/pipeline-airflow-venv/lib/python3.11/site-packages/airflow/example_dags/example_branch_operator.py
[2023-08-15T18:27:28.330-0300] {processor.py:836} INFO - DAG(s) dict_keys(['example_branch_operator']) retrieved from /home/alan/repos/pipeline_airflow/pipeline-airflow-venv/lib/python3.11/site-packages/airflow/example_dags/example_branch_operator.py
[2023-08-15T18:27:28.369-0300] {logging_mixin.py:150} INFO - [2023-08-15T18:27:28.368-0300] {dag.py:2742} INFO - Sync 1 DAGs
[2023-08-15T18:27:28.413-0300] {logging_mixin.py:150} INFO - [2023-08-15T18:27:28.413-0300] {dag.py:3504} INFO - Setting next_dagrun for example_branch_operator to 2023-08-14T00:00:00+00:00, run_after=2023-08-15T00:00:00+00:00
[2023-08-15T18:27:28.524-0300] {processor.py:179} INFO - Processing /home/alan/repos/pipeline_airflow/pipeline-airflow-venv/lib/python3.11/site-packages/airflow/example_dags/example_branch_operator.py took 0.237 seconds
[2023-08-15T18:28:26.205-0300] {processor.py:157} INFO - Started process (PID=21178) to work on /home/alan/repos/pipeline_airflow/pipeline-airflow-venv/lib/python3.11/site-packages/airflow/example_dags/example_branch_operator.py
[2023-08-15T18:28:26.215-0300] {processor.py:826} INFO - Processing file /home/alan/repos/pipeline_airflow/pipeline-airflow-venv/lib/python3.11/site-packages/airflow/example_dags/example_branch_operator.py for tasks to queue
[2023-08-15T18:28:26.217-0300] {logging_mixin.py:150} INFO - [2023-08-15T18:28:26.216-0300] {dagbag.py:541} INFO - Filling up the DagBag from /home/alan/repos/pipeline_airflow/pipeline-airflow-venv/lib/python3.11/site-packages/airflow/example_dags/example_branch_operator.py
[2023-08-15T18:28:26.237-0300] {processor.py:836} INFO - DAG(s) dict_keys(['example_branch_operator']) retrieved from /home/alan/repos/pipeline_airflow/pipeline-airflow-venv/lib/python3.11/site-packages/airflow/example_dags/example_branch_operator.py
[2023-08-15T18:28:26.272-0300] {logging_mixin.py:150} INFO - [2023-08-15T18:28:26.272-0300] {dag.py:2742} INFO - Sync 1 DAGs
[2023-08-15T18:28:26.314-0300] {logging_mixin.py:150} INFO - [2023-08-15T18:28:26.314-0300] {dag.py:3504} INFO - Setting next_dagrun for example_branch_operator to 2023-08-14T00:00:00+00:00, run_after=2023-08-15T00:00:00+00:00
[2023-08-15T18:28:26.431-0300] {processor.py:179} INFO - Processing /home/alan/repos/pipeline_airflow/pipeline-airflow-venv/lib/python3.11/site-packages/airflow/example_dags/example_branch_operator.py took 0.231 seconds
[2023-08-15T18:29:56.589-0300] {processor.py:157} INFO - Started process (PID=21523) to work on /home/alan/repos/pipeline_airflow/pipeline-airflow-venv/lib/python3.11/site-packages/airflow/example_dags/example_branch_operator.py
[2023-08-15T18:29:56.601-0300] {processor.py:826} INFO - Processing file /home/alan/repos/pipeline_airflow/pipeline-airflow-venv/lib/python3.11/site-packages/airflow/example_dags/example_branch_operator.py for tasks to queue
[2023-08-15T18:29:56.603-0300] {logging_mixin.py:150} INFO - [2023-08-15T18:29:56.602-0300] {dagbag.py:541} INFO - Filling up the DagBag from /home/alan/repos/pipeline_airflow/pipeline-airflow-venv/lib/python3.11/site-packages/airflow/example_dags/example_branch_operator.py
[2023-08-15T18:29:56.637-0300] {processor.py:836} INFO - DAG(s) dict_keys(['example_branch_operator']) retrieved from /home/alan/repos/pipeline_airflow/pipeline-airflow-venv/lib/python3.11/site-packages/airflow/example_dags/example_branch_operator.py
[2023-08-15T18:29:56.670-0300] {logging_mixin.py:150} INFO - [2023-08-15T18:29:56.669-0300] {dag.py:2742} INFO - Sync 1 DAGs
[2023-08-15T18:29:56.707-0300] {logging_mixin.py:150} INFO - [2023-08-15T18:29:56.707-0300] {dag.py:3504} INFO - Setting next_dagrun for example_branch_operator to 2023-08-14T00:00:00+00:00, run_after=2023-08-15T00:00:00+00:00
[2023-08-15T18:29:56.831-0300] {processor.py:179} INFO - Processing /home/alan/repos/pipeline_airflow/pipeline-airflow-venv/lib/python3.11/site-packages/airflow/example_dags/example_branch_operator.py took 0.249 seconds
[2023-08-15T18:31:20.132-0300] {processor.py:157} INFO - Started process (PID=21821) to work on /home/alan/repos/pipeline_airflow/pipeline-airflow-venv/lib/python3.11/site-packages/airflow/example_dags/example_branch_operator.py
[2023-08-15T18:31:20.134-0300] {processor.py:826} INFO - Processing file /home/alan/repos/pipeline_airflow/pipeline-airflow-venv/lib/python3.11/site-packages/airflow/example_dags/example_branch_operator.py for tasks to queue
[2023-08-15T18:31:20.136-0300] {logging_mixin.py:150} INFO - [2023-08-15T18:31:20.135-0300] {dagbag.py:541} INFO - Filling up the DagBag from /home/alan/repos/pipeline_airflow/pipeline-airflow-venv/lib/python3.11/site-packages/airflow/example_dags/example_branch_operator.py
[2023-08-15T18:31:20.155-0300] {processor.py:836} INFO - DAG(s) dict_keys(['example_branch_operator']) retrieved from /home/alan/repos/pipeline_airflow/pipeline-airflow-venv/lib/python3.11/site-packages/airflow/example_dags/example_branch_operator.py
[2023-08-15T18:31:20.189-0300] {logging_mixin.py:150} INFO - [2023-08-15T18:31:20.189-0300] {dag.py:2742} INFO - Sync 1 DAGs
[2023-08-15T18:31:20.226-0300] {logging_mixin.py:150} INFO - [2023-08-15T18:31:20.226-0300] {dag.py:3504} INFO - Setting next_dagrun for example_branch_operator to 2023-08-14T00:00:00+00:00, run_after=2023-08-15T00:00:00+00:00
[2023-08-15T18:31:20.336-0300] {processor.py:179} INFO - Processing /home/alan/repos/pipeline_airflow/pipeline-airflow-venv/lib/python3.11/site-packages/airflow/example_dags/example_branch_operator.py took 0.211 seconds
[2023-08-15T18:32:42.422-0300] {processor.py:157} INFO - Started process (PID=22131) to work on /home/alan/repos/pipeline_airflow/pipeline-airflow-venv/lib/python3.11/site-packages/airflow/example_dags/example_branch_operator.py
[2023-08-15T18:32:42.423-0300] {processor.py:826} INFO - Processing file /home/alan/repos/pipeline_airflow/pipeline-airflow-venv/lib/python3.11/site-packages/airflow/example_dags/example_branch_operator.py for tasks to queue
[2023-08-15T18:32:42.425-0300] {logging_mixin.py:150} INFO - [2023-08-15T18:32:42.424-0300] {dagbag.py:541} INFO - Filling up the DagBag from /home/alan/repos/pipeline_airflow/pipeline-airflow-venv/lib/python3.11/site-packages/airflow/example_dags/example_branch_operator.py
[2023-08-15T18:32:42.445-0300] {processor.py:836} INFO - DAG(s) dict_keys(['example_branch_operator']) retrieved from /home/alan/repos/pipeline_airflow/pipeline-airflow-venv/lib/python3.11/site-packages/airflow/example_dags/example_branch_operator.py
[2023-08-15T18:32:42.479-0300] {logging_mixin.py:150} INFO - [2023-08-15T18:32:42.478-0300] {dag.py:2742} INFO - Sync 1 DAGs
[2023-08-15T18:32:42.520-0300] {logging_mixin.py:150} INFO - [2023-08-15T18:32:42.520-0300] {dag.py:3504} INFO - Setting next_dagrun for example_branch_operator to 2023-08-14T00:00:00+00:00, run_after=2023-08-15T00:00:00+00:00
[2023-08-15T18:32:42.636-0300] {processor.py:179} INFO - Processing /home/alan/repos/pipeline_airflow/pipeline-airflow-venv/lib/python3.11/site-packages/airflow/example_dags/example_branch_operator.py took 0.219 seconds
[2023-08-15T18:33:41.774-0300] {processor.py:157} INFO - Started process (PID=22358) to work on /home/alan/repos/pipeline_airflow/pipeline-airflow-venv/lib/python3.11/site-packages/airflow/example_dags/example_branch_operator.py
[2023-08-15T18:33:41.786-0300] {processor.py:826} INFO - Processing file /home/alan/repos/pipeline_airflow/pipeline-airflow-venv/lib/python3.11/site-packages/airflow/example_dags/example_branch_operator.py for tasks to queue
[2023-08-15T18:33:41.787-0300] {logging_mixin.py:150} INFO - [2023-08-15T18:33:41.786-0300] {dagbag.py:541} INFO - Filling up the DagBag from /home/alan/repos/pipeline_airflow/pipeline-airflow-venv/lib/python3.11/site-packages/airflow/example_dags/example_branch_operator.py
[2023-08-15T18:33:41.809-0300] {processor.py:836} INFO - DAG(s) dict_keys(['example_branch_operator']) retrieved from /home/alan/repos/pipeline_airflow/pipeline-airflow-venv/lib/python3.11/site-packages/airflow/example_dags/example_branch_operator.py
[2023-08-15T18:33:41.849-0300] {logging_mixin.py:150} INFO - [2023-08-15T18:33:41.847-0300] {dag.py:2742} INFO - Sync 1 DAGs
[2023-08-15T18:33:41.891-0300] {logging_mixin.py:150} INFO - [2023-08-15T18:33:41.891-0300] {dag.py:3504} INFO - Setting next_dagrun for example_branch_operator to 2023-08-14T00:00:00+00:00, run_after=2023-08-15T00:00:00+00:00
[2023-08-15T18:33:42.019-0300] {processor.py:179} INFO - Processing /home/alan/repos/pipeline_airflow/pipeline-airflow-venv/lib/python3.11/site-packages/airflow/example_dags/example_branch_operator.py took 0.249 seconds
[2023-08-15T18:35:02.906-0300] {processor.py:157} INFO - Started process (PID=22645) to work on /home/alan/repos/pipeline_airflow/pipeline-airflow-venv/lib/python3.11/site-packages/airflow/example_dags/example_branch_operator.py
[2023-08-15T18:35:02.922-0300] {processor.py:826} INFO - Processing file /home/alan/repos/pipeline_airflow/pipeline-airflow-venv/lib/python3.11/site-packages/airflow/example_dags/example_branch_operator.py for tasks to queue
[2023-08-15T18:35:02.924-0300] {logging_mixin.py:150} INFO - [2023-08-15T18:35:02.923-0300] {dagbag.py:541} INFO - Filling up the DagBag from /home/alan/repos/pipeline_airflow/pipeline-airflow-venv/lib/python3.11/site-packages/airflow/example_dags/example_branch_operator.py
[2023-08-15T18:35:02.942-0300] {processor.py:836} INFO - DAG(s) dict_keys(['example_branch_operator']) retrieved from /home/alan/repos/pipeline_airflow/pipeline-airflow-venv/lib/python3.11/site-packages/airflow/example_dags/example_branch_operator.py
[2023-08-15T18:35:03.059-0300] {logging_mixin.py:150} INFO - [2023-08-15T18:35:03.059-0300] {dag.py:2742} INFO - Sync 1 DAGs
[2023-08-15T18:35:03.102-0300] {logging_mixin.py:150} INFO - [2023-08-15T18:35:03.102-0300] {dag.py:3504} INFO - Setting next_dagrun for example_branch_operator to 2023-08-14T00:00:00+00:00, run_after=2023-08-15T00:00:00+00:00
[2023-08-15T18:35:03.211-0300] {processor.py:179} INFO - Processing /home/alan/repos/pipeline_airflow/pipeline-airflow-venv/lib/python3.11/site-packages/airflow/example_dags/example_branch_operator.py took 0.315 seconds
[2023-08-15T18:36:29.819-0300] {processor.py:157} INFO - Started process (PID=22957) to work on /home/alan/repos/pipeline_airflow/pipeline-airflow-venv/lib/python3.11/site-packages/airflow/example_dags/example_branch_operator.py
[2023-08-15T18:36:29.832-0300] {processor.py:826} INFO - Processing file /home/alan/repos/pipeline_airflow/pipeline-airflow-venv/lib/python3.11/site-packages/airflow/example_dags/example_branch_operator.py for tasks to queue
[2023-08-15T18:36:29.833-0300] {logging_mixin.py:150} INFO - [2023-08-15T18:36:29.833-0300] {dagbag.py:541} INFO - Filling up the DagBag from /home/alan/repos/pipeline_airflow/pipeline-airflow-venv/lib/python3.11/site-packages/airflow/example_dags/example_branch_operator.py
[2023-08-15T18:36:29.851-0300] {processor.py:836} INFO - DAG(s) dict_keys(['example_branch_operator']) retrieved from /home/alan/repos/pipeline_airflow/pipeline-airflow-venv/lib/python3.11/site-packages/airflow/example_dags/example_branch_operator.py
[2023-08-15T18:36:29.890-0300] {logging_mixin.py:150} INFO - [2023-08-15T18:36:29.889-0300] {dag.py:2742} INFO - Sync 1 DAGs
[2023-08-15T18:36:29.934-0300] {logging_mixin.py:150} INFO - [2023-08-15T18:36:29.933-0300] {dag.py:3504} INFO - Setting next_dagrun for example_branch_operator to 2023-08-14T00:00:00+00:00, run_after=2023-08-15T00:00:00+00:00
[2023-08-15T18:36:30.071-0300] {processor.py:179} INFO - Processing /home/alan/repos/pipeline_airflow/pipeline-airflow-venv/lib/python3.11/site-packages/airflow/example_dags/example_branch_operator.py took 0.257 seconds
[2023-08-15T18:38:21.872-0300] {processor.py:157} INFO - Started process (PID=23408) to work on /home/alan/repos/pipeline_airflow/pipeline-airflow-venv/lib/python3.11/site-packages/airflow/example_dags/example_branch_operator.py
[2023-08-15T18:38:21.887-0300] {processor.py:826} INFO - Processing file /home/alan/repos/pipeline_airflow/pipeline-airflow-venv/lib/python3.11/site-packages/airflow/example_dags/example_branch_operator.py for tasks to queue
[2023-08-15T18:38:21.889-0300] {logging_mixin.py:150} INFO - [2023-08-15T18:38:21.888-0300] {dagbag.py:541} INFO - Filling up the DagBag from /home/alan/repos/pipeline_airflow/pipeline-airflow-venv/lib/python3.11/site-packages/airflow/example_dags/example_branch_operator.py
[2023-08-15T18:38:21.909-0300] {processor.py:836} INFO - DAG(s) dict_keys(['example_branch_operator']) retrieved from /home/alan/repos/pipeline_airflow/pipeline-airflow-venv/lib/python3.11/site-packages/airflow/example_dags/example_branch_operator.py
[2023-08-15T18:38:21.945-0300] {logging_mixin.py:150} INFO - [2023-08-15T18:38:21.945-0300] {dag.py:2742} INFO - Sync 1 DAGs
[2023-08-15T18:38:21.983-0300] {logging_mixin.py:150} INFO - [2023-08-15T18:38:21.983-0300] {dag.py:3504} INFO - Setting next_dagrun for example_branch_operator to 2023-08-14T00:00:00+00:00, run_after=2023-08-15T00:00:00+00:00
[2023-08-15T18:38:22.109-0300] {processor.py:179} INFO - Processing /home/alan/repos/pipeline_airflow/pipeline-airflow-venv/lib/python3.11/site-packages/airflow/example_dags/example_branch_operator.py took 0.243 seconds
[2023-08-15T18:45:02.668-0300] {processor.py:157} INFO - Started process (PID=23953) to work on /home/alan/repos/pipeline_airflow/pipeline-airflow-venv/lib/python3.11/site-packages/airflow/example_dags/example_branch_operator.py
[2023-08-15T18:45:02.696-0300] {processor.py:826} INFO - Processing file /home/alan/repos/pipeline_airflow/pipeline-airflow-venv/lib/python3.11/site-packages/airflow/example_dags/example_branch_operator.py for tasks to queue
[2023-08-15T18:45:02.697-0300] {logging_mixin.py:150} INFO - [2023-08-15T18:45:02.697-0300] {dagbag.py:541} INFO - Filling up the DagBag from /home/alan/repos/pipeline_airflow/pipeline-airflow-venv/lib/python3.11/site-packages/airflow/example_dags/example_branch_operator.py
[2023-08-15T18:45:02.719-0300] {processor.py:836} INFO - DAG(s) dict_keys(['example_branch_operator']) retrieved from /home/alan/repos/pipeline_airflow/pipeline-airflow-venv/lib/python3.11/site-packages/airflow/example_dags/example_branch_operator.py
[2023-08-15T18:45:02.759-0300] {logging_mixin.py:150} INFO - [2023-08-15T18:45:02.758-0300] {dag.py:2742} INFO - Sync 1 DAGs
[2023-08-15T18:45:02.797-0300] {logging_mixin.py:150} INFO - [2023-08-15T18:45:02.797-0300] {dag.py:3504} INFO - Setting next_dagrun for example_branch_operator to 2023-08-14T00:00:00+00:00, run_after=2023-08-15T00:00:00+00:00
[2023-08-15T18:45:02.900-0300] {processor.py:179} INFO - Processing /home/alan/repos/pipeline_airflow/pipeline-airflow-venv/lib/python3.11/site-packages/airflow/example_dags/example_branch_operator.py took 0.238 seconds
[2023-08-15T18:46:25.152-0300] {processor.py:157} INFO - Started process (PID=24292) to work on /home/alan/repos/pipeline_airflow/pipeline-airflow-venv/lib/python3.11/site-packages/airflow/example_dags/example_branch_operator.py
[2023-08-15T18:46:25.167-0300] {processor.py:826} INFO - Processing file /home/alan/repos/pipeline_airflow/pipeline-airflow-venv/lib/python3.11/site-packages/airflow/example_dags/example_branch_operator.py for tasks to queue
[2023-08-15T18:46:25.168-0300] {logging_mixin.py:150} INFO - [2023-08-15T18:46:25.168-0300] {dagbag.py:541} INFO - Filling up the DagBag from /home/alan/repos/pipeline_airflow/pipeline-airflow-venv/lib/python3.11/site-packages/airflow/example_dags/example_branch_operator.py
[2023-08-15T18:46:25.192-0300] {processor.py:836} INFO - DAG(s) dict_keys(['example_branch_operator']) retrieved from /home/alan/repos/pipeline_airflow/pipeline-airflow-venv/lib/python3.11/site-packages/airflow/example_dags/example_branch_operator.py
[2023-08-15T18:46:25.242-0300] {logging_mixin.py:150} INFO - [2023-08-15T18:46:25.242-0300] {dag.py:2742} INFO - Sync 1 DAGs
[2023-08-15T18:46:25.307-0300] {logging_mixin.py:150} INFO - [2023-08-15T18:46:25.307-0300] {dag.py:3504} INFO - Setting next_dagrun for example_branch_operator to 2023-08-14T00:00:00+00:00, run_after=2023-08-15T00:00:00+00:00
[2023-08-15T18:46:25.462-0300] {processor.py:179} INFO - Processing /home/alan/repos/pipeline_airflow/pipeline-airflow-venv/lib/python3.11/site-packages/airflow/example_dags/example_branch_operator.py took 0.319 seconds
[2023-08-15T18:47:29.381-0300] {processor.py:157} INFO - Started process (PID=24517) to work on /home/alan/repos/pipeline_airflow/pipeline-airflow-venv/lib/python3.11/site-packages/airflow/example_dags/example_branch_operator.py
[2023-08-15T18:47:29.392-0300] {processor.py:826} INFO - Processing file /home/alan/repos/pipeline_airflow/pipeline-airflow-venv/lib/python3.11/site-packages/airflow/example_dags/example_branch_operator.py for tasks to queue
[2023-08-15T18:47:29.393-0300] {logging_mixin.py:150} INFO - [2023-08-15T18:47:29.392-0300] {dagbag.py:541} INFO - Filling up the DagBag from /home/alan/repos/pipeline_airflow/pipeline-airflow-venv/lib/python3.11/site-packages/airflow/example_dags/example_branch_operator.py
[2023-08-15T18:47:29.410-0300] {processor.py:836} INFO - DAG(s) dict_keys(['example_branch_operator']) retrieved from /home/alan/repos/pipeline_airflow/pipeline-airflow-venv/lib/python3.11/site-packages/airflow/example_dags/example_branch_operator.py
[2023-08-15T18:47:29.445-0300] {logging_mixin.py:150} INFO - [2023-08-15T18:47:29.444-0300] {dag.py:2742} INFO - Sync 1 DAGs
[2023-08-15T18:47:29.484-0300] {logging_mixin.py:150} INFO - [2023-08-15T18:47:29.484-0300] {dag.py:3504} INFO - Setting next_dagrun for example_branch_operator to 2023-08-14T00:00:00+00:00, run_after=2023-08-15T00:00:00+00:00
[2023-08-15T18:47:29.580-0300] {processor.py:179} INFO - Processing /home/alan/repos/pipeline_airflow/pipeline-airflow-venv/lib/python3.11/site-packages/airflow/example_dags/example_branch_operator.py took 0.204 seconds
[2023-08-15T18:48:33.550-0300] {processor.py:157} INFO - Started process (PID=24733) to work on /home/alan/repos/pipeline_airflow/pipeline-airflow-venv/lib/python3.11/site-packages/airflow/example_dags/example_branch_operator.py
[2023-08-15T18:48:33.559-0300] {processor.py:826} INFO - Processing file /home/alan/repos/pipeline_airflow/pipeline-airflow-venv/lib/python3.11/site-packages/airflow/example_dags/example_branch_operator.py for tasks to queue
[2023-08-15T18:48:33.576-0300] {logging_mixin.py:150} INFO - [2023-08-15T18:48:33.574-0300] {dagbag.py:541} INFO - Filling up the DagBag from /home/alan/repos/pipeline_airflow/pipeline-airflow-venv/lib/python3.11/site-packages/airflow/example_dags/example_branch_operator.py
[2023-08-15T18:48:33.623-0300] {processor.py:836} INFO - DAG(s) dict_keys(['example_branch_operator']) retrieved from /home/alan/repos/pipeline_airflow/pipeline-airflow-venv/lib/python3.11/site-packages/airflow/example_dags/example_branch_operator.py
[2023-08-15T18:48:33.678-0300] {logging_mixin.py:150} INFO - [2023-08-15T18:48:33.677-0300] {dag.py:2742} INFO - Sync 1 DAGs
[2023-08-15T18:48:33.952-0300] {logging_mixin.py:150} INFO - [2023-08-15T18:48:33.952-0300] {dag.py:3504} INFO - Setting next_dagrun for example_branch_operator to 2023-08-14T00:00:00+00:00, run_after=2023-08-15T00:00:00+00:00
[2023-08-15T18:48:34.075-0300] {processor.py:179} INFO - Processing /home/alan/repos/pipeline_airflow/pipeline-airflow-venv/lib/python3.11/site-packages/airflow/example_dags/example_branch_operator.py took 0.530 seconds
[2023-08-15T18:49:41.434-0300] {processor.py:157} INFO - Started process (PID=24962) to work on /home/alan/repos/pipeline_airflow/pipeline-airflow-venv/lib/python3.11/site-packages/airflow/example_dags/example_branch_operator.py
[2023-08-15T18:49:41.447-0300] {processor.py:826} INFO - Processing file /home/alan/repos/pipeline_airflow/pipeline-airflow-venv/lib/python3.11/site-packages/airflow/example_dags/example_branch_operator.py for tasks to queue
[2023-08-15T18:49:41.448-0300] {logging_mixin.py:150} INFO - [2023-08-15T18:49:41.448-0300] {dagbag.py:541} INFO - Filling up the DagBag from /home/alan/repos/pipeline_airflow/pipeline-airflow-venv/lib/python3.11/site-packages/airflow/example_dags/example_branch_operator.py
[2023-08-15T18:49:41.474-0300] {processor.py:836} INFO - DAG(s) dict_keys(['example_branch_operator']) retrieved from /home/alan/repos/pipeline_airflow/pipeline-airflow-venv/lib/python3.11/site-packages/airflow/example_dags/example_branch_operator.py
[2023-08-15T18:49:41.515-0300] {logging_mixin.py:150} INFO - [2023-08-15T18:49:41.514-0300] {dag.py:2742} INFO - Sync 1 DAGs
[2023-08-15T18:49:41.562-0300] {logging_mixin.py:150} INFO - [2023-08-15T18:49:41.561-0300] {dag.py:3504} INFO - Setting next_dagrun for example_branch_operator to 2023-08-14T00:00:00+00:00, run_after=2023-08-15T00:00:00+00:00
[2023-08-15T18:49:41.671-0300] {processor.py:179} INFO - Processing /home/alan/repos/pipeline_airflow/pipeline-airflow-venv/lib/python3.11/site-packages/airflow/example_dags/example_branch_operator.py took 0.243 seconds
[2023-08-15T18:50:39.362-0300] {processor.py:157} INFO - Started process (PID=25176) to work on /home/alan/repos/pipeline_airflow/pipeline-airflow-venv/lib/python3.11/site-packages/airflow/example_dags/example_branch_operator.py
[2023-08-15T18:50:39.375-0300] {processor.py:826} INFO - Processing file /home/alan/repos/pipeline_airflow/pipeline-airflow-venv/lib/python3.11/site-packages/airflow/example_dags/example_branch_operator.py for tasks to queue
[2023-08-15T18:50:39.377-0300] {logging_mixin.py:150} INFO - [2023-08-15T18:50:39.376-0300] {dagbag.py:541} INFO - Filling up the DagBag from /home/alan/repos/pipeline_airflow/pipeline-airflow-venv/lib/python3.11/site-packages/airflow/example_dags/example_branch_operator.py
[2023-08-15T18:50:39.397-0300] {processor.py:836} INFO - DAG(s) dict_keys(['example_branch_operator']) retrieved from /home/alan/repos/pipeline_airflow/pipeline-airflow-venv/lib/python3.11/site-packages/airflow/example_dags/example_branch_operator.py
[2023-08-15T18:50:39.434-0300] {logging_mixin.py:150} INFO - [2023-08-15T18:50:39.434-0300] {dag.py:2742} INFO - Sync 1 DAGs
[2023-08-15T18:50:39.482-0300] {logging_mixin.py:150} INFO - [2023-08-15T18:50:39.482-0300] {dag.py:3504} INFO - Setting next_dagrun for example_branch_operator to 2023-08-14T00:00:00+00:00, run_after=2023-08-15T00:00:00+00:00
[2023-08-15T18:50:39.595-0300] {processor.py:179} INFO - Processing /home/alan/repos/pipeline_airflow/pipeline-airflow-venv/lib/python3.11/site-packages/airflow/example_dags/example_branch_operator.py took 0.238 seconds
[2023-08-15T18:51:55.974-0300] {processor.py:157} INFO - Started process (PID=25578) to work on /home/alan/repos/pipeline_airflow/pipeline-airflow-venv/lib/python3.11/site-packages/airflow/example_dags/example_branch_operator.py
[2023-08-15T18:51:55.985-0300] {processor.py:826} INFO - Processing file /home/alan/repos/pipeline_airflow/pipeline-airflow-venv/lib/python3.11/site-packages/airflow/example_dags/example_branch_operator.py for tasks to queue
[2023-08-15T18:51:55.987-0300] {logging_mixin.py:150} INFO - [2023-08-15T18:51:55.986-0300] {dagbag.py:541} INFO - Filling up the DagBag from /home/alan/repos/pipeline_airflow/pipeline-airflow-venv/lib/python3.11/site-packages/airflow/example_dags/example_branch_operator.py
[2023-08-15T18:51:56.020-0300] {processor.py:836} INFO - DAG(s) dict_keys(['example_branch_operator']) retrieved from /home/alan/repos/pipeline_airflow/pipeline-airflow-venv/lib/python3.11/site-packages/airflow/example_dags/example_branch_operator.py
[2023-08-15T18:51:56.098-0300] {logging_mixin.py:150} INFO - [2023-08-15T18:51:56.097-0300] {dag.py:2742} INFO - Sync 1 DAGs
[2023-08-15T18:51:56.181-0300] {logging_mixin.py:150} INFO - [2023-08-15T18:51:56.180-0300] {dag.py:3504} INFO - Setting next_dagrun for example_branch_operator to 2023-08-14T00:00:00+00:00, run_after=2023-08-15T00:00:00+00:00
[2023-08-15T18:51:56.319-0300] {processor.py:179} INFO - Processing /home/alan/repos/pipeline_airflow/pipeline-airflow-venv/lib/python3.11/site-packages/airflow/example_dags/example_branch_operator.py took 0.350 seconds
[2023-08-15T18:53:03.496-0300] {processor.py:157} INFO - Started process (PID=25861) to work on /home/alan/repos/pipeline_airflow/pipeline-airflow-venv/lib/python3.11/site-packages/airflow/example_dags/example_branch_operator.py
[2023-08-15T18:53:03.503-0300] {processor.py:826} INFO - Processing file /home/alan/repos/pipeline_airflow/pipeline-airflow-venv/lib/python3.11/site-packages/airflow/example_dags/example_branch_operator.py for tasks to queue
[2023-08-15T18:53:03.505-0300] {logging_mixin.py:150} INFO - [2023-08-15T18:53:03.504-0300] {dagbag.py:541} INFO - Filling up the DagBag from /home/alan/repos/pipeline_airflow/pipeline-airflow-venv/lib/python3.11/site-packages/airflow/example_dags/example_branch_operator.py
[2023-08-15T18:53:03.522-0300] {processor.py:836} INFO - DAG(s) dict_keys(['example_branch_operator']) retrieved from /home/alan/repos/pipeline_airflow/pipeline-airflow-venv/lib/python3.11/site-packages/airflow/example_dags/example_branch_operator.py
[2023-08-15T18:53:03.555-0300] {logging_mixin.py:150} INFO - [2023-08-15T18:53:03.555-0300] {dag.py:2742} INFO - Sync 1 DAGs
[2023-08-15T18:53:03.593-0300] {logging_mixin.py:150} INFO - [2023-08-15T18:53:03.592-0300] {dag.py:3504} INFO - Setting next_dagrun for example_branch_operator to 2023-08-14T00:00:00+00:00, run_after=2023-08-15T00:00:00+00:00
[2023-08-15T18:53:03.701-0300] {processor.py:179} INFO - Processing /home/alan/repos/pipeline_airflow/pipeline-airflow-venv/lib/python3.11/site-packages/airflow/example_dags/example_branch_operator.py took 0.211 seconds
[2023-08-15T18:54:24.717-0300] {processor.py:157} INFO - Started process (PID=26186) to work on /home/alan/repos/pipeline_airflow/pipeline-airflow-venv/lib/python3.11/site-packages/airflow/example_dags/example_branch_operator.py
[2023-08-15T18:54:24.719-0300] {processor.py:826} INFO - Processing file /home/alan/repos/pipeline_airflow/pipeline-airflow-venv/lib/python3.11/site-packages/airflow/example_dags/example_branch_operator.py for tasks to queue
[2023-08-15T18:54:24.720-0300] {logging_mixin.py:150} INFO - [2023-08-15T18:54:24.720-0300] {dagbag.py:541} INFO - Filling up the DagBag from /home/alan/repos/pipeline_airflow/pipeline-airflow-venv/lib/python3.11/site-packages/airflow/example_dags/example_branch_operator.py
[2023-08-15T18:54:24.736-0300] {processor.py:836} INFO - DAG(s) dict_keys(['example_branch_operator']) retrieved from /home/alan/repos/pipeline_airflow/pipeline-airflow-venv/lib/python3.11/site-packages/airflow/example_dags/example_branch_operator.py
[2023-08-15T18:54:24.769-0300] {logging_mixin.py:150} INFO - [2023-08-15T18:54:24.769-0300] {dag.py:2742} INFO - Sync 1 DAGs
[2023-08-15T18:54:24.811-0300] {logging_mixin.py:150} INFO - [2023-08-15T18:54:24.810-0300] {dag.py:3504} INFO - Setting next_dagrun for example_branch_operator to 2023-08-14T00:00:00+00:00, run_after=2023-08-15T00:00:00+00:00
[2023-08-15T18:54:24.921-0300] {processor.py:179} INFO - Processing /home/alan/repos/pipeline_airflow/pipeline-airflow-venv/lib/python3.11/site-packages/airflow/example_dags/example_branch_operator.py took 0.209 seconds
[2023-08-15T18:57:11.076-0300] {processor.py:157} INFO - Started process (PID=26950) to work on /home/alan/repos/pipeline_airflow/pipeline-airflow-venv/lib/python3.11/site-packages/airflow/example_dags/example_branch_operator.py
[2023-08-15T18:57:11.270-0300] {processor.py:826} INFO - Processing file /home/alan/repos/pipeline_airflow/pipeline-airflow-venv/lib/python3.11/site-packages/airflow/example_dags/example_branch_operator.py for tasks to queue
[2023-08-15T18:57:11.272-0300] {logging_mixin.py:150} INFO - [2023-08-15T18:57:11.271-0300] {dagbag.py:541} INFO - Filling up the DagBag from /home/alan/repos/pipeline_airflow/pipeline-airflow-venv/lib/python3.11/site-packages/airflow/example_dags/example_branch_operator.py
[2023-08-15T18:57:11.541-0300] {processor.py:836} INFO - DAG(s) dict_keys(['example_branch_operator']) retrieved from /home/alan/repos/pipeline_airflow/pipeline-airflow-venv/lib/python3.11/site-packages/airflow/example_dags/example_branch_operator.py
[2023-08-15T18:57:13.016-0300] {logging_mixin.py:150} INFO - [2023-08-15T18:57:13.016-0300] {dag.py:2742} INFO - Sync 1 DAGs
[2023-08-15T18:57:13.062-0300] {logging_mixin.py:150} INFO - [2023-08-15T18:57:13.062-0300] {dag.py:3504} INFO - Setting next_dagrun for example_branch_operator to 2023-08-14T00:00:00+00:00, run_after=2023-08-15T00:00:00+00:00
[2023-08-15T18:57:14.610-0300] {processor.py:179} INFO - Processing /home/alan/repos/pipeline_airflow/pipeline-airflow-venv/lib/python3.11/site-packages/airflow/example_dags/example_branch_operator.py took 3.539 seconds
[2023-08-15T19:02:25.873-0300] {processor.py:157} INFO - Started process (PID=27701) to work on /home/alan/repos/pipeline_airflow/pipeline-airflow-venv/lib/python3.11/site-packages/airflow/example_dags/example_branch_operator.py
[2023-08-15T19:02:26.045-0300] {processor.py:826} INFO - Processing file /home/alan/repos/pipeline_airflow/pipeline-airflow-venv/lib/python3.11/site-packages/airflow/example_dags/example_branch_operator.py for tasks to queue
[2023-08-15T19:02:26.047-0300] {logging_mixin.py:150} INFO - [2023-08-15T19:02:26.046-0300] {dagbag.py:541} INFO - Filling up the DagBag from /home/alan/repos/pipeline_airflow/pipeline-airflow-venv/lib/python3.11/site-packages/airflow/example_dags/example_branch_operator.py
[2023-08-15T19:02:26.210-0300] {processor.py:836} INFO - DAG(s) dict_keys(['example_branch_operator']) retrieved from /home/alan/repos/pipeline_airflow/pipeline-airflow-venv/lib/python3.11/site-packages/airflow/example_dags/example_branch_operator.py
[2023-08-15T19:02:26.288-0300] {logging_mixin.py:150} INFO - [2023-08-15T19:02:26.287-0300] {dag.py:2742} INFO - Sync 1 DAGs
[2023-08-15T19:02:26.334-0300] {logging_mixin.py:150} INFO - [2023-08-15T19:02:26.334-0300] {dag.py:3504} INFO - Setting next_dagrun for example_branch_operator to 2023-08-14T00:00:00+00:00, run_after=2023-08-15T00:00:00+00:00
[2023-08-15T19:02:26.869-0300] {processor.py:179} INFO - Processing /home/alan/repos/pipeline_airflow/pipeline-airflow-venv/lib/python3.11/site-packages/airflow/example_dags/example_branch_operator.py took 1.002 seconds
[2023-08-15T19:04:35.298-0300] {processor.py:157} INFO - Started process (PID=28325) to work on /home/alan/repos/pipeline_airflow/pipeline-airflow-venv/lib/python3.11/site-packages/airflow/example_dags/example_branch_operator.py
[2023-08-15T19:04:35.300-0300] {processor.py:826} INFO - Processing file /home/alan/repos/pipeline_airflow/pipeline-airflow-venv/lib/python3.11/site-packages/airflow/example_dags/example_branch_operator.py for tasks to queue
[2023-08-15T19:04:35.301-0300] {logging_mixin.py:150} INFO - [2023-08-15T19:04:35.300-0300] {dagbag.py:541} INFO - Filling up the DagBag from /home/alan/repos/pipeline_airflow/pipeline-airflow-venv/lib/python3.11/site-packages/airflow/example_dags/example_branch_operator.py
[2023-08-15T19:04:35.319-0300] {processor.py:836} INFO - DAG(s) dict_keys(['example_branch_operator']) retrieved from /home/alan/repos/pipeline_airflow/pipeline-airflow-venv/lib/python3.11/site-packages/airflow/example_dags/example_branch_operator.py
[2023-08-15T19:04:35.352-0300] {logging_mixin.py:150} INFO - [2023-08-15T19:04:35.352-0300] {dag.py:2742} INFO - Sync 1 DAGs
[2023-08-15T19:04:35.391-0300] {logging_mixin.py:150} INFO - [2023-08-15T19:04:35.390-0300] {dag.py:3504} INFO - Setting next_dagrun for example_branch_operator to 2023-08-14T00:00:00+00:00, run_after=2023-08-15T00:00:00+00:00
[2023-08-15T19:04:35.505-0300] {processor.py:179} INFO - Processing /home/alan/repos/pipeline_airflow/pipeline-airflow-venv/lib/python3.11/site-packages/airflow/example_dags/example_branch_operator.py took 0.213 seconds
[2023-08-15T19:05:59.867-0300] {processor.py:157} INFO - Started process (PID=28710) to work on /home/alan/repos/pipeline_airflow/pipeline-airflow-venv/lib/python3.11/site-packages/airflow/example_dags/example_branch_operator.py
[2023-08-15T19:05:59.872-0300] {processor.py:826} INFO - Processing file /home/alan/repos/pipeline_airflow/pipeline-airflow-venv/lib/python3.11/site-packages/airflow/example_dags/example_branch_operator.py for tasks to queue
[2023-08-15T19:05:59.875-0300] {logging_mixin.py:150} INFO - [2023-08-15T19:05:59.874-0300] {dagbag.py:541} INFO - Filling up the DagBag from /home/alan/repos/pipeline_airflow/pipeline-airflow-venv/lib/python3.11/site-packages/airflow/example_dags/example_branch_operator.py
[2023-08-15T19:05:59.894-0300] {processor.py:836} INFO - DAG(s) dict_keys(['example_branch_operator']) retrieved from /home/alan/repos/pipeline_airflow/pipeline-airflow-venv/lib/python3.11/site-packages/airflow/example_dags/example_branch_operator.py
[2023-08-15T19:05:59.933-0300] {logging_mixin.py:150} INFO - [2023-08-15T19:05:59.932-0300] {dag.py:2742} INFO - Sync 1 DAGs
[2023-08-15T19:05:59.980-0300] {logging_mixin.py:150} INFO - [2023-08-15T19:05:59.980-0300] {dag.py:3504} INFO - Setting next_dagrun for example_branch_operator to 2023-08-14T00:00:00+00:00, run_after=2023-08-15T00:00:00+00:00
[2023-08-15T19:06:00.103-0300] {processor.py:179} INFO - Processing /home/alan/repos/pipeline_airflow/pipeline-airflow-venv/lib/python3.11/site-packages/airflow/example_dags/example_branch_operator.py took 0.242 seconds
[2023-08-15T19:07:02.528-0300] {processor.py:157} INFO - Started process (PID=28877) to work on /home/alan/repos/pipeline_airflow/pipeline-airflow-venv/lib/python3.11/site-packages/airflow/example_dags/example_branch_operator.py
[2023-08-15T19:07:02.539-0300] {processor.py:826} INFO - Processing file /home/alan/repos/pipeline_airflow/pipeline-airflow-venv/lib/python3.11/site-packages/airflow/example_dags/example_branch_operator.py for tasks to queue
[2023-08-15T19:07:02.541-0300] {logging_mixin.py:150} INFO - [2023-08-15T19:07:02.540-0300] {dagbag.py:541} INFO - Filling up the DagBag from /home/alan/repos/pipeline_airflow/pipeline-airflow-venv/lib/python3.11/site-packages/airflow/example_dags/example_branch_operator.py
[2023-08-15T19:07:02.559-0300] {processor.py:836} INFO - DAG(s) dict_keys(['example_branch_operator']) retrieved from /home/alan/repos/pipeline_airflow/pipeline-airflow-venv/lib/python3.11/site-packages/airflow/example_dags/example_branch_operator.py
[2023-08-15T19:07:02.597-0300] {logging_mixin.py:150} INFO - [2023-08-15T19:07:02.597-0300] {dag.py:2742} INFO - Sync 1 DAGs
[2023-08-15T19:07:02.642-0300] {logging_mixin.py:150} INFO - [2023-08-15T19:07:02.641-0300] {dag.py:3504} INFO - Setting next_dagrun for example_branch_operator to 2023-08-14T00:00:00+00:00, run_after=2023-08-15T00:00:00+00:00
[2023-08-15T19:07:02.923-0300] {processor.py:179} INFO - Processing /home/alan/repos/pipeline_airflow/pipeline-airflow-venv/lib/python3.11/site-packages/airflow/example_dags/example_branch_operator.py took 0.400 seconds
[2023-08-15T19:08:06.615-0300] {processor.py:157} INFO - Started process (PID=29144) to work on /home/alan/repos/pipeline_airflow/pipeline-airflow-venv/lib/python3.11/site-packages/airflow/example_dags/example_branch_operator.py
[2023-08-15T19:08:06.658-0300] {processor.py:826} INFO - Processing file /home/alan/repos/pipeline_airflow/pipeline-airflow-venv/lib/python3.11/site-packages/airflow/example_dags/example_branch_operator.py for tasks to queue
[2023-08-15T19:08:06.660-0300] {logging_mixin.py:150} INFO - [2023-08-15T19:08:06.659-0300] {dagbag.py:541} INFO - Filling up the DagBag from /home/alan/repos/pipeline_airflow/pipeline-airflow-venv/lib/python3.11/site-packages/airflow/example_dags/example_branch_operator.py
[2023-08-15T19:08:06.692-0300] {processor.py:836} INFO - DAG(s) dict_keys(['example_branch_operator']) retrieved from /home/alan/repos/pipeline_airflow/pipeline-airflow-venv/lib/python3.11/site-packages/airflow/example_dags/example_branch_operator.py
[2023-08-15T19:08:06.769-0300] {logging_mixin.py:150} INFO - [2023-08-15T19:08:06.769-0300] {dag.py:2742} INFO - Sync 1 DAGs
[2023-08-15T19:08:06.848-0300] {logging_mixin.py:150} INFO - [2023-08-15T19:08:06.847-0300] {dag.py:3504} INFO - Setting next_dagrun for example_branch_operator to 2023-08-14T00:00:00+00:00, run_after=2023-08-15T00:00:00+00:00
[2023-08-15T19:08:07.063-0300] {processor.py:179} INFO - Processing /home/alan/repos/pipeline_airflow/pipeline-airflow-venv/lib/python3.11/site-packages/airflow/example_dags/example_branch_operator.py took 0.454 seconds
[2023-08-15T19:09:11.021-0300] {processor.py:157} INFO - Started process (PID=29310) to work on /home/alan/repos/pipeline_airflow/pipeline-airflow-venv/lib/python3.11/site-packages/airflow/example_dags/example_branch_operator.py
[2023-08-15T19:09:11.023-0300] {processor.py:826} INFO - Processing file /home/alan/repos/pipeline_airflow/pipeline-airflow-venv/lib/python3.11/site-packages/airflow/example_dags/example_branch_operator.py for tasks to queue
[2023-08-15T19:09:11.025-0300] {logging_mixin.py:150} INFO - [2023-08-15T19:09:11.024-0300] {dagbag.py:541} INFO - Filling up the DagBag from /home/alan/repos/pipeline_airflow/pipeline-airflow-venv/lib/python3.11/site-packages/airflow/example_dags/example_branch_operator.py
[2023-08-15T19:09:11.043-0300] {processor.py:836} INFO - DAG(s) dict_keys(['example_branch_operator']) retrieved from /home/alan/repos/pipeline_airflow/pipeline-airflow-venv/lib/python3.11/site-packages/airflow/example_dags/example_branch_operator.py
[2023-08-15T19:09:11.080-0300] {logging_mixin.py:150} INFO - [2023-08-15T19:09:11.079-0300] {dag.py:2742} INFO - Sync 1 DAGs
[2023-08-15T19:09:11.123-0300] {logging_mixin.py:150} INFO - [2023-08-15T19:09:11.123-0300] {dag.py:3504} INFO - Setting next_dagrun for example_branch_operator to 2023-08-14T00:00:00+00:00, run_after=2023-08-15T00:00:00+00:00
[2023-08-15T19:09:11.213-0300] {processor.py:179} INFO - Processing /home/alan/repos/pipeline_airflow/pipeline-airflow-venv/lib/python3.11/site-packages/airflow/example_dags/example_branch_operator.py took 0.197 seconds
[2023-08-15T19:10:10.210-0300] {processor.py:157} INFO - Started process (PID=29469) to work on /home/alan/repos/pipeline_airflow/pipeline-airflow-venv/lib/python3.11/site-packages/airflow/example_dags/example_branch_operator.py
[2023-08-15T19:10:10.212-0300] {processor.py:826} INFO - Processing file /home/alan/repos/pipeline_airflow/pipeline-airflow-venv/lib/python3.11/site-packages/airflow/example_dags/example_branch_operator.py for tasks to queue
[2023-08-15T19:10:10.213-0300] {logging_mixin.py:150} INFO - [2023-08-15T19:10:10.213-0300] {dagbag.py:541} INFO - Filling up the DagBag from /home/alan/repos/pipeline_airflow/pipeline-airflow-venv/lib/python3.11/site-packages/airflow/example_dags/example_branch_operator.py
[2023-08-15T19:10:10.234-0300] {processor.py:836} INFO - DAG(s) dict_keys(['example_branch_operator']) retrieved from /home/alan/repos/pipeline_airflow/pipeline-airflow-venv/lib/python3.11/site-packages/airflow/example_dags/example_branch_operator.py
[2023-08-15T19:10:10.266-0300] {logging_mixin.py:150} INFO - [2023-08-15T19:10:10.266-0300] {dag.py:2742} INFO - Sync 1 DAGs
[2023-08-15T19:10:10.308-0300] {logging_mixin.py:150} INFO - [2023-08-15T19:10:10.308-0300] {dag.py:3504} INFO - Setting next_dagrun for example_branch_operator to 2023-08-14T00:00:00+00:00, run_after=2023-08-15T00:00:00+00:00
[2023-08-15T19:10:10.445-0300] {processor.py:179} INFO - Processing /home/alan/repos/pipeline_airflow/pipeline-airflow-venv/lib/python3.11/site-packages/airflow/example_dags/example_branch_operator.py took 0.241 seconds
[2023-08-15T19:11:08.421-0300] {processor.py:157} INFO - Started process (PID=29650) to work on /home/alan/repos/pipeline_airflow/pipeline-airflow-venv/lib/python3.11/site-packages/airflow/example_dags/example_branch_operator.py
[2023-08-15T19:11:08.435-0300] {processor.py:826} INFO - Processing file /home/alan/repos/pipeline_airflow/pipeline-airflow-venv/lib/python3.11/site-packages/airflow/example_dags/example_branch_operator.py for tasks to queue
[2023-08-15T19:11:08.437-0300] {logging_mixin.py:150} INFO - [2023-08-15T19:11:08.436-0300] {dagbag.py:541} INFO - Filling up the DagBag from /home/alan/repos/pipeline_airflow/pipeline-airflow-venv/lib/python3.11/site-packages/airflow/example_dags/example_branch_operator.py
[2023-08-15T19:11:08.458-0300] {processor.py:836} INFO - DAG(s) dict_keys(['example_branch_operator']) retrieved from /home/alan/repos/pipeline_airflow/pipeline-airflow-venv/lib/python3.11/site-packages/airflow/example_dags/example_branch_operator.py
[2023-08-15T19:11:08.493-0300] {logging_mixin.py:150} INFO - [2023-08-15T19:11:08.492-0300] {dag.py:2742} INFO - Sync 1 DAGs
[2023-08-15T19:11:08.530-0300] {logging_mixin.py:150} INFO - [2023-08-15T19:11:08.530-0300] {dag.py:3504} INFO - Setting next_dagrun for example_branch_operator to 2023-08-14T00:00:00+00:00, run_after=2023-08-15T00:00:00+00:00
[2023-08-15T19:11:08.621-0300] {processor.py:179} INFO - Processing /home/alan/repos/pipeline_airflow/pipeline-airflow-venv/lib/python3.11/site-packages/airflow/example_dags/example_branch_operator.py took 0.207 seconds
[2023-08-15T19:12:15.478-0300] {processor.py:157} INFO - Started process (PID=29884) to work on /home/alan/repos/pipeline_airflow/pipeline-airflow-venv/lib/python3.11/site-packages/airflow/example_dags/example_branch_operator.py
[2023-08-15T19:12:15.485-0300] {processor.py:826} INFO - Processing file /home/alan/repos/pipeline_airflow/pipeline-airflow-venv/lib/python3.11/site-packages/airflow/example_dags/example_branch_operator.py for tasks to queue
[2023-08-15T19:12:15.487-0300] {logging_mixin.py:150} INFO - [2023-08-15T19:12:15.486-0300] {dagbag.py:541} INFO - Filling up the DagBag from /home/alan/repos/pipeline_airflow/pipeline-airflow-venv/lib/python3.11/site-packages/airflow/example_dags/example_branch_operator.py
[2023-08-15T19:12:15.506-0300] {processor.py:836} INFO - DAG(s) dict_keys(['example_branch_operator']) retrieved from /home/alan/repos/pipeline_airflow/pipeline-airflow-venv/lib/python3.11/site-packages/airflow/example_dags/example_branch_operator.py
[2023-08-15T19:12:15.539-0300] {logging_mixin.py:150} INFO - [2023-08-15T19:12:15.539-0300] {dag.py:2742} INFO - Sync 1 DAGs
[2023-08-15T19:12:15.578-0300] {logging_mixin.py:150} INFO - [2023-08-15T19:12:15.578-0300] {dag.py:3504} INFO - Setting next_dagrun for example_branch_operator to 2023-08-14T00:00:00+00:00, run_after=2023-08-15T00:00:00+00:00
[2023-08-15T19:12:15.706-0300] {processor.py:179} INFO - Processing /home/alan/repos/pipeline_airflow/pipeline-airflow-venv/lib/python3.11/site-packages/airflow/example_dags/example_branch_operator.py took 0.233 seconds
[2023-08-15T19:13:15.027-0300] {processor.py:157} INFO - Started process (PID=30059) to work on /home/alan/repos/pipeline_airflow/pipeline-airflow-venv/lib/python3.11/site-packages/airflow/example_dags/example_branch_operator.py
[2023-08-15T19:13:15.041-0300] {processor.py:826} INFO - Processing file /home/alan/repos/pipeline_airflow/pipeline-airflow-venv/lib/python3.11/site-packages/airflow/example_dags/example_branch_operator.py for tasks to queue
[2023-08-15T19:13:15.043-0300] {logging_mixin.py:150} INFO - [2023-08-15T19:13:15.042-0300] {dagbag.py:541} INFO - Filling up the DagBag from /home/alan/repos/pipeline_airflow/pipeline-airflow-venv/lib/python3.11/site-packages/airflow/example_dags/example_branch_operator.py
[2023-08-15T19:13:15.061-0300] {processor.py:836} INFO - DAG(s) dict_keys(['example_branch_operator']) retrieved from /home/alan/repos/pipeline_airflow/pipeline-airflow-venv/lib/python3.11/site-packages/airflow/example_dags/example_branch_operator.py
[2023-08-15T19:13:15.099-0300] {logging_mixin.py:150} INFO - [2023-08-15T19:13:15.098-0300] {dag.py:2742} INFO - Sync 1 DAGs
[2023-08-15T19:13:15.162-0300] {logging_mixin.py:150} INFO - [2023-08-15T19:13:15.161-0300] {dag.py:3504} INFO - Setting next_dagrun for example_branch_operator to 2023-08-14T00:00:00+00:00, run_after=2023-08-15T00:00:00+00:00
[2023-08-15T19:13:15.303-0300] {processor.py:179} INFO - Processing /home/alan/repos/pipeline_airflow/pipeline-airflow-venv/lib/python3.11/site-packages/airflow/example_dags/example_branch_operator.py took 0.286 seconds
[2023-08-15T19:14:16.433-0300] {processor.py:157} INFO - Started process (PID=30211) to work on /home/alan/repos/pipeline_airflow/pipeline-airflow-venv/lib/python3.11/site-packages/airflow/example_dags/example_branch_operator.py
[2023-08-15T19:14:16.488-0300] {processor.py:826} INFO - Processing file /home/alan/repos/pipeline_airflow/pipeline-airflow-venv/lib/python3.11/site-packages/airflow/example_dags/example_branch_operator.py for tasks to queue
[2023-08-15T19:14:16.490-0300] {logging_mixin.py:150} INFO - [2023-08-15T19:14:16.489-0300] {dagbag.py:541} INFO - Filling up the DagBag from /home/alan/repos/pipeline_airflow/pipeline-airflow-venv/lib/python3.11/site-packages/airflow/example_dags/example_branch_operator.py
[2023-08-15T19:14:16.511-0300] {processor.py:836} INFO - DAG(s) dict_keys(['example_branch_operator']) retrieved from /home/alan/repos/pipeline_airflow/pipeline-airflow-venv/lib/python3.11/site-packages/airflow/example_dags/example_branch_operator.py
[2023-08-15T19:14:16.548-0300] {logging_mixin.py:150} INFO - [2023-08-15T19:14:16.548-0300] {dag.py:2742} INFO - Sync 1 DAGs
[2023-08-15T19:14:16.591-0300] {logging_mixin.py:150} INFO - [2023-08-15T19:14:16.590-0300] {dag.py:3504} INFO - Setting next_dagrun for example_branch_operator to 2023-08-14T00:00:00+00:00, run_after=2023-08-15T00:00:00+00:00
[2023-08-15T19:14:16.704-0300] {processor.py:179} INFO - Processing /home/alan/repos/pipeline_airflow/pipeline-airflow-venv/lib/python3.11/site-packages/airflow/example_dags/example_branch_operator.py took 0.277 seconds
[2023-08-15T19:15:39.280-0300] {processor.py:157} INFO - Started process (PID=30425) to work on /home/alan/repos/pipeline_airflow/pipeline-airflow-venv/lib/python3.11/site-packages/airflow/example_dags/example_branch_operator.py
[2023-08-15T19:15:39.292-0300] {processor.py:826} INFO - Processing file /home/alan/repos/pipeline_airflow/pipeline-airflow-venv/lib/python3.11/site-packages/airflow/example_dags/example_branch_operator.py for tasks to queue
[2023-08-15T19:15:39.294-0300] {logging_mixin.py:150} INFO - [2023-08-15T19:15:39.293-0300] {dagbag.py:541} INFO - Filling up the DagBag from /home/alan/repos/pipeline_airflow/pipeline-airflow-venv/lib/python3.11/site-packages/airflow/example_dags/example_branch_operator.py
[2023-08-15T19:15:39.315-0300] {processor.py:836} INFO - DAG(s) dict_keys(['example_branch_operator']) retrieved from /home/alan/repos/pipeline_airflow/pipeline-airflow-venv/lib/python3.11/site-packages/airflow/example_dags/example_branch_operator.py
[2023-08-15T19:15:39.351-0300] {logging_mixin.py:150} INFO - [2023-08-15T19:15:39.351-0300] {dag.py:2742} INFO - Sync 1 DAGs
[2023-08-15T19:15:39.392-0300] {logging_mixin.py:150} INFO - [2023-08-15T19:15:39.392-0300] {dag.py:3504} INFO - Setting next_dagrun for example_branch_operator to 2023-08-14T00:00:00+00:00, run_after=2023-08-15T00:00:00+00:00
[2023-08-15T19:15:39.515-0300] {processor.py:179} INFO - Processing /home/alan/repos/pipeline_airflow/pipeline-airflow-venv/lib/python3.11/site-packages/airflow/example_dags/example_branch_operator.py took 0.242 seconds
[2023-08-15T19:16:39.960-0300] {processor.py:157} INFO - Started process (PID=30587) to work on /home/alan/repos/pipeline_airflow/pipeline-airflow-venv/lib/python3.11/site-packages/airflow/example_dags/example_branch_operator.py
[2023-08-15T19:16:39.976-0300] {processor.py:826} INFO - Processing file /home/alan/repos/pipeline_airflow/pipeline-airflow-venv/lib/python3.11/site-packages/airflow/example_dags/example_branch_operator.py for tasks to queue
[2023-08-15T19:16:39.978-0300] {logging_mixin.py:150} INFO - [2023-08-15T19:16:39.977-0300] {dagbag.py:541} INFO - Filling up the DagBag from /home/alan/repos/pipeline_airflow/pipeline-airflow-venv/lib/python3.11/site-packages/airflow/example_dags/example_branch_operator.py
[2023-08-15T19:16:40.001-0300] {processor.py:836} INFO - DAG(s) dict_keys(['example_branch_operator']) retrieved from /home/alan/repos/pipeline_airflow/pipeline-airflow-venv/lib/python3.11/site-packages/airflow/example_dags/example_branch_operator.py
[2023-08-15T19:16:40.044-0300] {logging_mixin.py:150} INFO - [2023-08-15T19:16:40.044-0300] {dag.py:2742} INFO - Sync 1 DAGs
[2023-08-15T19:16:40.089-0300] {logging_mixin.py:150} INFO - [2023-08-15T19:16:40.089-0300] {dag.py:3504} INFO - Setting next_dagrun for example_branch_operator to 2023-08-14T00:00:00+00:00, run_after=2023-08-15T00:00:00+00:00
[2023-08-15T19:16:40.232-0300] {processor.py:179} INFO - Processing /home/alan/repos/pipeline_airflow/pipeline-airflow-venv/lib/python3.11/site-packages/airflow/example_dags/example_branch_operator.py took 0.277 seconds
[2023-08-15T19:17:41.336-0300] {processor.py:157} INFO - Started process (PID=30746) to work on /home/alan/repos/pipeline_airflow/pipeline-airflow-venv/lib/python3.11/site-packages/airflow/example_dags/example_branch_operator.py
[2023-08-15T19:17:41.343-0300] {processor.py:826} INFO - Processing file /home/alan/repos/pipeline_airflow/pipeline-airflow-venv/lib/python3.11/site-packages/airflow/example_dags/example_branch_operator.py for tasks to queue
[2023-08-15T19:17:41.345-0300] {logging_mixin.py:150} INFO - [2023-08-15T19:17:41.344-0300] {dagbag.py:541} INFO - Filling up the DagBag from /home/alan/repos/pipeline_airflow/pipeline-airflow-venv/lib/python3.11/site-packages/airflow/example_dags/example_branch_operator.py
[2023-08-15T19:17:41.366-0300] {processor.py:836} INFO - DAG(s) dict_keys(['example_branch_operator']) retrieved from /home/alan/repos/pipeline_airflow/pipeline-airflow-venv/lib/python3.11/site-packages/airflow/example_dags/example_branch_operator.py
[2023-08-15T19:17:41.402-0300] {logging_mixin.py:150} INFO - [2023-08-15T19:17:41.401-0300] {dag.py:2742} INFO - Sync 1 DAGs
[2023-08-15T19:17:41.440-0300] {logging_mixin.py:150} INFO - [2023-08-15T19:17:41.440-0300] {dag.py:3504} INFO - Setting next_dagrun for example_branch_operator to 2023-08-14T00:00:00+00:00, run_after=2023-08-15T00:00:00+00:00
[2023-08-15T19:17:41.549-0300] {processor.py:179} INFO - Processing /home/alan/repos/pipeline_airflow/pipeline-airflow-venv/lib/python3.11/site-packages/airflow/example_dags/example_branch_operator.py took 0.220 seconds
[2023-08-15T19:18:38.399-0300] {processor.py:157} INFO - Started process (PID=30898) to work on /home/alan/repos/pipeline_airflow/pipeline-airflow-venv/lib/python3.11/site-packages/airflow/example_dags/example_branch_operator.py
[2023-08-15T19:18:38.401-0300] {processor.py:826} INFO - Processing file /home/alan/repos/pipeline_airflow/pipeline-airflow-venv/lib/python3.11/site-packages/airflow/example_dags/example_branch_operator.py for tasks to queue
[2023-08-15T19:18:38.403-0300] {logging_mixin.py:150} INFO - [2023-08-15T19:18:38.402-0300] {dagbag.py:541} INFO - Filling up the DagBag from /home/alan/repos/pipeline_airflow/pipeline-airflow-venv/lib/python3.11/site-packages/airflow/example_dags/example_branch_operator.py
[2023-08-15T19:18:38.422-0300] {processor.py:836} INFO - DAG(s) dict_keys(['example_branch_operator']) retrieved from /home/alan/repos/pipeline_airflow/pipeline-airflow-venv/lib/python3.11/site-packages/airflow/example_dags/example_branch_operator.py
[2023-08-15T19:18:38.456-0300] {logging_mixin.py:150} INFO - [2023-08-15T19:18:38.455-0300] {dag.py:2742} INFO - Sync 1 DAGs
[2023-08-15T19:18:38.496-0300] {logging_mixin.py:150} INFO - [2023-08-15T19:18:38.496-0300] {dag.py:3504} INFO - Setting next_dagrun for example_branch_operator to 2023-08-14T00:00:00+00:00, run_after=2023-08-15T00:00:00+00:00
[2023-08-15T19:18:38.612-0300] {processor.py:179} INFO - Processing /home/alan/repos/pipeline_airflow/pipeline-airflow-venv/lib/python3.11/site-packages/airflow/example_dags/example_branch_operator.py took 0.219 seconds
[2023-08-15T19:20:04.541-0300] {processor.py:157} INFO - Started process (PID=31115) to work on /home/alan/repos/pipeline_airflow/pipeline-airflow-venv/lib/python3.11/site-packages/airflow/example_dags/example_branch_operator.py
[2023-08-15T19:20:04.543-0300] {processor.py:826} INFO - Processing file /home/alan/repos/pipeline_airflow/pipeline-airflow-venv/lib/python3.11/site-packages/airflow/example_dags/example_branch_operator.py for tasks to queue
[2023-08-15T19:20:04.545-0300] {logging_mixin.py:150} INFO - [2023-08-15T19:20:04.544-0300] {dagbag.py:541} INFO - Filling up the DagBag from /home/alan/repos/pipeline_airflow/pipeline-airflow-venv/lib/python3.11/site-packages/airflow/example_dags/example_branch_operator.py
[2023-08-15T19:20:04.561-0300] {processor.py:836} INFO - DAG(s) dict_keys(['example_branch_operator']) retrieved from /home/alan/repos/pipeline_airflow/pipeline-airflow-venv/lib/python3.11/site-packages/airflow/example_dags/example_branch_operator.py
[2023-08-15T19:20:04.594-0300] {logging_mixin.py:150} INFO - [2023-08-15T19:20:04.594-0300] {dag.py:2742} INFO - Sync 1 DAGs
[2023-08-15T19:20:04.633-0300] {logging_mixin.py:150} INFO - [2023-08-15T19:20:04.632-0300] {dag.py:3504} INFO - Setting next_dagrun for example_branch_operator to 2023-08-14T00:00:00+00:00, run_after=2023-08-15T00:00:00+00:00
[2023-08-15T19:20:04.742-0300] {processor.py:179} INFO - Processing /home/alan/repos/pipeline_airflow/pipeline-airflow-venv/lib/python3.11/site-packages/airflow/example_dags/example_branch_operator.py took 0.209 seconds
[2023-08-15T19:21:15.682-0300] {processor.py:157} INFO - Started process (PID=31464) to work on /home/alan/repos/pipeline_airflow/pipeline-airflow-venv/lib/python3.11/site-packages/airflow/example_dags/example_branch_operator.py
[2023-08-15T19:21:15.693-0300] {processor.py:826} INFO - Processing file /home/alan/repos/pipeline_airflow/pipeline-airflow-venv/lib/python3.11/site-packages/airflow/example_dags/example_branch_operator.py for tasks to queue
[2023-08-15T19:21:15.694-0300] {logging_mixin.py:150} INFO - [2023-08-15T19:21:15.694-0300] {dagbag.py:541} INFO - Filling up the DagBag from /home/alan/repos/pipeline_airflow/pipeline-airflow-venv/lib/python3.11/site-packages/airflow/example_dags/example_branch_operator.py
[2023-08-15T19:21:15.713-0300] {processor.py:836} INFO - DAG(s) dict_keys(['example_branch_operator']) retrieved from /home/alan/repos/pipeline_airflow/pipeline-airflow-venv/lib/python3.11/site-packages/airflow/example_dags/example_branch_operator.py
[2023-08-15T19:21:15.747-0300] {logging_mixin.py:150} INFO - [2023-08-15T19:21:15.747-0300] {dag.py:2742} INFO - Sync 1 DAGs
[2023-08-15T19:21:15.794-0300] {logging_mixin.py:150} INFO - [2023-08-15T19:21:15.794-0300] {dag.py:3504} INFO - Setting next_dagrun for example_branch_operator to 2023-08-14T00:00:00+00:00, run_after=2023-08-15T00:00:00+00:00
[2023-08-15T19:21:15.914-0300] {processor.py:179} INFO - Processing /home/alan/repos/pipeline_airflow/pipeline-airflow-venv/lib/python3.11/site-packages/airflow/example_dags/example_branch_operator.py took 0.237 seconds
