[2023-08-15T18:19:40.608-0300] {processor.py:157} INFO - Started process (PID=18274) to work on /home/alan/repos/pipeline_airflow/pipeline-airflow-venv/lib/python3.11/site-packages/airflow/example_dags/example_short_circuit_operator.py
[2023-08-15T18:19:40.610-0300] {processor.py:826} INFO - Processing file /home/alan/repos/pipeline_airflow/pipeline-airflow-venv/lib/python3.11/site-packages/airflow/example_dags/example_short_circuit_operator.py for tasks to queue
[2023-08-15T18:19:40.611-0300] {logging_mixin.py:150} INFO - [2023-08-15T18:19:40.610-0300] {dagbag.py:541} INFO - Filling up the DagBag from /home/alan/repos/pipeline_airflow/pipeline-airflow-venv/lib/python3.11/site-packages/airflow/example_dags/example_short_circuit_operator.py
[2023-08-15T18:19:40.627-0300] {processor.py:836} INFO - DAG(s) dict_keys(['example_short_circuit_operator']) retrieved from /home/alan/repos/pipeline_airflow/pipeline-airflow-venv/lib/python3.11/site-packages/airflow/example_dags/example_short_circuit_operator.py
[2023-08-15T18:19:41.001-0300] {logging_mixin.py:150} INFO - [2023-08-15T18:19:41.000-0300] {manager.py:504} INFO - Created Permission View: can delete on DAG:example_short_circuit_operator
[2023-08-15T18:19:41.110-0300] {logging_mixin.py:150} INFO - [2023-08-15T18:19:41.110-0300] {manager.py:504} INFO - Created Permission View: can edit on DAG:example_short_circuit_operator
[2023-08-15T18:19:41.202-0300] {logging_mixin.py:150} INFO - [2023-08-15T18:19:41.201-0300] {manager.py:504} INFO - Created Permission View: can read on DAG:example_short_circuit_operator
[2023-08-15T18:19:41.242-0300] {logging_mixin.py:150} INFO - [2023-08-15T18:19:41.242-0300] {dag.py:2742} INFO - Sync 1 DAGs
[2023-08-15T18:19:41.270-0300] {logging_mixin.py:150} INFO - [2023-08-15T18:19:41.269-0300] {dag.py:2763} INFO - Creating ORM DAG for example_short_circuit_operator
[2023-08-15T18:19:41.285-0300] {logging_mixin.py:150} INFO - [2023-08-15T18:19:41.285-0300] {dag.py:3504} INFO - Setting next_dagrun for example_short_circuit_operator to 2023-08-14T21:19:41.284707+00:00, run_after=2023-08-15T21:19:41.284707+00:00
[2023-08-15T18:19:41.503-0300] {processor.py:179} INFO - Processing /home/alan/repos/pipeline_airflow/pipeline-airflow-venv/lib/python3.11/site-packages/airflow/example_dags/example_short_circuit_operator.py took 0.901 seconds
[2023-08-15T18:21:02.927-0300] {processor.py:157} INFO - Started process (PID=18823) to work on /home/alan/repos/pipeline_airflow/pipeline-airflow-venv/lib/python3.11/site-packages/airflow/example_dags/example_short_circuit_operator.py
[2023-08-15T18:21:02.929-0300] {processor.py:826} INFO - Processing file /home/alan/repos/pipeline_airflow/pipeline-airflow-venv/lib/python3.11/site-packages/airflow/example_dags/example_short_circuit_operator.py for tasks to queue
[2023-08-15T18:21:02.931-0300] {logging_mixin.py:150} INFO - [2023-08-15T18:21:02.930-0300] {dagbag.py:541} INFO - Filling up the DagBag from /home/alan/repos/pipeline_airflow/pipeline-airflow-venv/lib/python3.11/site-packages/airflow/example_dags/example_short_circuit_operator.py
[2023-08-15T18:21:02.947-0300] {processor.py:836} INFO - DAG(s) dict_keys(['example_short_circuit_operator']) retrieved from /home/alan/repos/pipeline_airflow/pipeline-airflow-venv/lib/python3.11/site-packages/airflow/example_dags/example_short_circuit_operator.py
[2023-08-15T18:21:03.076-0300] {logging_mixin.py:150} INFO - [2023-08-15T18:21:03.075-0300] {dag.py:2742} INFO - Sync 1 DAGs
[2023-08-15T18:21:03.126-0300] {logging_mixin.py:150} INFO - [2023-08-15T18:21:03.125-0300] {dag.py:3504} INFO - Setting next_dagrun for example_short_circuit_operator to 2023-08-14T21:21:03.125398+00:00, run_after=2023-08-15T21:21:03.125398+00:00
[2023-08-15T18:21:03.256-0300] {processor.py:179} INFO - Processing /home/alan/repos/pipeline_airflow/pipeline-airflow-venv/lib/python3.11/site-packages/airflow/example_dags/example_short_circuit_operator.py took 0.335 seconds
[2023-08-15T18:21:59.172-0300] {processor.py:157} INFO - Started process (PID=19030) to work on /home/alan/repos/pipeline_airflow/pipeline-airflow-venv/lib/python3.11/site-packages/airflow/example_dags/example_short_circuit_operator.py
[2023-08-15T18:21:59.174-0300] {processor.py:826} INFO - Processing file /home/alan/repos/pipeline_airflow/pipeline-airflow-venv/lib/python3.11/site-packages/airflow/example_dags/example_short_circuit_operator.py for tasks to queue
[2023-08-15T18:21:59.176-0300] {logging_mixin.py:150} INFO - [2023-08-15T18:21:59.175-0300] {dagbag.py:541} INFO - Filling up the DagBag from /home/alan/repos/pipeline_airflow/pipeline-airflow-venv/lib/python3.11/site-packages/airflow/example_dags/example_short_circuit_operator.py
[2023-08-15T18:21:59.191-0300] {processor.py:836} INFO - DAG(s) dict_keys(['example_short_circuit_operator']) retrieved from /home/alan/repos/pipeline_airflow/pipeline-airflow-venv/lib/python3.11/site-packages/airflow/example_dags/example_short_circuit_operator.py
[2023-08-15T18:21:59.226-0300] {logging_mixin.py:150} INFO - [2023-08-15T18:21:59.226-0300] {dag.py:2742} INFO - Sync 1 DAGs
[2023-08-15T18:21:59.264-0300] {logging_mixin.py:150} INFO - [2023-08-15T18:21:59.263-0300] {dag.py:3504} INFO - Setting next_dagrun for example_short_circuit_operator to 2023-08-14T21:21:59.263565+00:00, run_after=2023-08-15T21:21:59.263565+00:00
[2023-08-15T18:21:59.370-0300] {processor.py:179} INFO - Processing /home/alan/repos/pipeline_airflow/pipeline-airflow-venv/lib/python3.11/site-packages/airflow/example_dags/example_short_circuit_operator.py took 0.202 seconds
[2023-08-15T18:22:51.160-0300] {processor.py:157} INFO - Started process (PID=19212) to work on /home/alan/repos/pipeline_airflow/pipeline-airflow-venv/lib/python3.11/site-packages/airflow/example_dags/example_short_circuit_operator.py
[2023-08-15T18:22:51.162-0300] {processor.py:826} INFO - Processing file /home/alan/repos/pipeline_airflow/pipeline-airflow-venv/lib/python3.11/site-packages/airflow/example_dags/example_short_circuit_operator.py for tasks to queue
[2023-08-15T18:22:51.163-0300] {logging_mixin.py:150} INFO - [2023-08-15T18:22:51.162-0300] {dagbag.py:541} INFO - Filling up the DagBag from /home/alan/repos/pipeline_airflow/pipeline-airflow-venv/lib/python3.11/site-packages/airflow/example_dags/example_short_circuit_operator.py
[2023-08-15T18:22:51.181-0300] {processor.py:836} INFO - DAG(s) dict_keys(['example_short_circuit_operator']) retrieved from /home/alan/repos/pipeline_airflow/pipeline-airflow-venv/lib/python3.11/site-packages/airflow/example_dags/example_short_circuit_operator.py
[2023-08-15T18:22:51.214-0300] {logging_mixin.py:150} INFO - [2023-08-15T18:22:51.213-0300] {dag.py:2742} INFO - Sync 1 DAGs
[2023-08-15T18:22:51.247-0300] {logging_mixin.py:150} INFO - [2023-08-15T18:22:51.247-0300] {dag.py:3504} INFO - Setting next_dagrun for example_short_circuit_operator to 2023-08-14T21:22:51.247237+00:00, run_after=2023-08-15T21:22:51.247237+00:00
[2023-08-15T18:22:51.359-0300] {processor.py:179} INFO - Processing /home/alan/repos/pipeline_airflow/pipeline-airflow-venv/lib/python3.11/site-packages/airflow/example_dags/example_short_circuit_operator.py took 0.205 seconds
[2023-08-15T18:23:50.426-0300] {processor.py:157} INFO - Started process (PID=19439) to work on /home/alan/repos/pipeline_airflow/pipeline-airflow-venv/lib/python3.11/site-packages/airflow/example_dags/example_short_circuit_operator.py
[2023-08-15T18:23:50.435-0300] {processor.py:826} INFO - Processing file /home/alan/repos/pipeline_airflow/pipeline-airflow-venv/lib/python3.11/site-packages/airflow/example_dags/example_short_circuit_operator.py for tasks to queue
[2023-08-15T18:23:50.437-0300] {logging_mixin.py:150} INFO - [2023-08-15T18:23:50.436-0300] {dagbag.py:541} INFO - Filling up the DagBag from /home/alan/repos/pipeline_airflow/pipeline-airflow-venv/lib/python3.11/site-packages/airflow/example_dags/example_short_circuit_operator.py
[2023-08-15T18:23:50.461-0300] {processor.py:836} INFO - DAG(s) dict_keys(['example_short_circuit_operator']) retrieved from /home/alan/repos/pipeline_airflow/pipeline-airflow-venv/lib/python3.11/site-packages/airflow/example_dags/example_short_circuit_operator.py
[2023-08-15T18:23:50.527-0300] {logging_mixin.py:150} INFO - [2023-08-15T18:23:50.526-0300] {dag.py:2742} INFO - Sync 1 DAGs
[2023-08-15T18:23:50.838-0300] {logging_mixin.py:150} INFO - [2023-08-15T18:23:50.838-0300] {dag.py:3504} INFO - Setting next_dagrun for example_short_circuit_operator to 2023-08-14T21:23:50.838282+00:00, run_after=2023-08-15T21:23:50.838282+00:00
[2023-08-15T18:23:50.992-0300] {processor.py:179} INFO - Processing /home/alan/repos/pipeline_airflow/pipeline-airflow-venv/lib/python3.11/site-packages/airflow/example_dags/example_short_circuit_operator.py took 0.574 seconds
[2023-08-15T18:25:26.410-0300] {processor.py:157} INFO - Started process (PID=19984) to work on /home/alan/repos/pipeline_airflow/pipeline-airflow-venv/lib/python3.11/site-packages/airflow/example_dags/example_short_circuit_operator.py
[2023-08-15T18:25:26.519-0300] {processor.py:826} INFO - Processing file /home/alan/repos/pipeline_airflow/pipeline-airflow-venv/lib/python3.11/site-packages/airflow/example_dags/example_short_circuit_operator.py for tasks to queue
[2023-08-15T18:25:26.521-0300] {logging_mixin.py:150} INFO - [2023-08-15T18:25:26.520-0300] {dagbag.py:541} INFO - Filling up the DagBag from /home/alan/repos/pipeline_airflow/pipeline-airflow-venv/lib/python3.11/site-packages/airflow/example_dags/example_short_circuit_operator.py
[2023-08-15T18:25:26.699-0300] {processor.py:836} INFO - DAG(s) dict_keys(['example_short_circuit_operator']) retrieved from /home/alan/repos/pipeline_airflow/pipeline-airflow-venv/lib/python3.11/site-packages/airflow/example_dags/example_short_circuit_operator.py
[2023-08-15T18:25:26.903-0300] {logging_mixin.py:150} INFO - [2023-08-15T18:25:26.902-0300] {dag.py:2742} INFO - Sync 1 DAGs
[2023-08-15T18:25:26.950-0300] {logging_mixin.py:150} INFO - [2023-08-15T18:25:26.950-0300] {dag.py:3504} INFO - Setting next_dagrun for example_short_circuit_operator to 2023-08-14T21:25:26.949466+00:00, run_after=2023-08-15T21:25:26.949466+00:00
[2023-08-15T18:25:27.874-0300] {processor.py:179} INFO - Processing /home/alan/repos/pipeline_airflow/pipeline-airflow-venv/lib/python3.11/site-packages/airflow/example_dags/example_short_circuit_operator.py took 1.469 seconds
[2023-08-15T18:26:35.430-0300] {processor.py:157} INFO - Started process (PID=20753) to work on /home/alan/repos/pipeline_airflow/pipeline-airflow-venv/lib/python3.11/site-packages/airflow/example_dags/example_short_circuit_operator.py
[2023-08-15T18:26:35.436-0300] {processor.py:826} INFO - Processing file /home/alan/repos/pipeline_airflow/pipeline-airflow-venv/lib/python3.11/site-packages/airflow/example_dags/example_short_circuit_operator.py for tasks to queue
[2023-08-15T18:26:35.438-0300] {logging_mixin.py:150} INFO - [2023-08-15T18:26:35.437-0300] {dagbag.py:541} INFO - Filling up the DagBag from /home/alan/repos/pipeline_airflow/pipeline-airflow-venv/lib/python3.11/site-packages/airflow/example_dags/example_short_circuit_operator.py
[2023-08-15T18:26:35.462-0300] {processor.py:836} INFO - DAG(s) dict_keys(['example_short_circuit_operator']) retrieved from /home/alan/repos/pipeline_airflow/pipeline-airflow-venv/lib/python3.11/site-packages/airflow/example_dags/example_short_circuit_operator.py
[2023-08-15T18:26:35.526-0300] {logging_mixin.py:150} INFO - [2023-08-15T18:26:35.525-0300] {dag.py:2742} INFO - Sync 1 DAGs
[2023-08-15T18:26:35.565-0300] {logging_mixin.py:150} INFO - [2023-08-15T18:26:35.565-0300] {dag.py:3504} INFO - Setting next_dagrun for example_short_circuit_operator to 2023-08-14T21:26:35.564814+00:00, run_after=2023-08-15T21:26:35.564814+00:00
[2023-08-15T18:26:35.720-0300] {processor.py:179} INFO - Processing /home/alan/repos/pipeline_airflow/pipeline-airflow-venv/lib/python3.11/site-packages/airflow/example_dags/example_short_circuit_operator.py took 0.295 seconds
[2023-08-15T18:27:38.720-0300] {processor.py:157} INFO - Started process (PID=20981) to work on /home/alan/repos/pipeline_airflow/pipeline-airflow-venv/lib/python3.11/site-packages/airflow/example_dags/example_short_circuit_operator.py
[2023-08-15T18:27:38.734-0300] {processor.py:826} INFO - Processing file /home/alan/repos/pipeline_airflow/pipeline-airflow-venv/lib/python3.11/site-packages/airflow/example_dags/example_short_circuit_operator.py for tasks to queue
[2023-08-15T18:27:38.736-0300] {logging_mixin.py:150} INFO - [2023-08-15T18:27:38.735-0300] {dagbag.py:541} INFO - Filling up the DagBag from /home/alan/repos/pipeline_airflow/pipeline-airflow-venv/lib/python3.11/site-packages/airflow/example_dags/example_short_circuit_operator.py
[2023-08-15T18:27:38.754-0300] {processor.py:836} INFO - DAG(s) dict_keys(['example_short_circuit_operator']) retrieved from /home/alan/repos/pipeline_airflow/pipeline-airflow-venv/lib/python3.11/site-packages/airflow/example_dags/example_short_circuit_operator.py
[2023-08-15T18:27:38.800-0300] {logging_mixin.py:150} INFO - [2023-08-15T18:27:38.799-0300] {dag.py:2742} INFO - Sync 1 DAGs
[2023-08-15T18:27:38.836-0300] {logging_mixin.py:150} INFO - [2023-08-15T18:27:38.836-0300] {dag.py:3504} INFO - Setting next_dagrun for example_short_circuit_operator to 2023-08-14T21:27:38.835721+00:00, run_after=2023-08-15T21:27:38.835721+00:00
[2023-08-15T18:27:38.944-0300] {processor.py:179} INFO - Processing /home/alan/repos/pipeline_airflow/pipeline-airflow-venv/lib/python3.11/site-packages/airflow/example_dags/example_short_circuit_operator.py took 0.230 seconds
[2023-08-15T18:28:37.860-0300] {processor.py:157} INFO - Started process (PID=21215) to work on /home/alan/repos/pipeline_airflow/pipeline-airflow-venv/lib/python3.11/site-packages/airflow/example_dags/example_short_circuit_operator.py
[2023-08-15T18:28:37.875-0300] {processor.py:826} INFO - Processing file /home/alan/repos/pipeline_airflow/pipeline-airflow-venv/lib/python3.11/site-packages/airflow/example_dags/example_short_circuit_operator.py for tasks to queue
[2023-08-15T18:28:37.876-0300] {logging_mixin.py:150} INFO - [2023-08-15T18:28:37.876-0300] {dagbag.py:541} INFO - Filling up the DagBag from /home/alan/repos/pipeline_airflow/pipeline-airflow-venv/lib/python3.11/site-packages/airflow/example_dags/example_short_circuit_operator.py
[2023-08-15T18:28:37.894-0300] {processor.py:836} INFO - DAG(s) dict_keys(['example_short_circuit_operator']) retrieved from /home/alan/repos/pipeline_airflow/pipeline-airflow-venv/lib/python3.11/site-packages/airflow/example_dags/example_short_circuit_operator.py
[2023-08-15T18:28:37.928-0300] {logging_mixin.py:150} INFO - [2023-08-15T18:28:37.928-0300] {dag.py:2742} INFO - Sync 1 DAGs
[2023-08-15T18:28:37.964-0300] {logging_mixin.py:150} INFO - [2023-08-15T18:28:37.963-0300] {dag.py:3504} INFO - Setting next_dagrun for example_short_circuit_operator to 2023-08-14T21:28:37.963603+00:00, run_after=2023-08-15T21:28:37.963603+00:00
[2023-08-15T18:28:38.087-0300] {processor.py:179} INFO - Processing /home/alan/repos/pipeline_airflow/pipeline-airflow-venv/lib/python3.11/site-packages/airflow/example_dags/example_short_circuit_operator.py took 0.232 seconds
[2023-08-15T18:29:39.980-0300] {processor.py:157} INFO - Started process (PID=21446) to work on /home/alan/repos/pipeline_airflow/pipeline-airflow-venv/lib/python3.11/site-packages/airflow/example_dags/example_short_circuit_operator.py
[2023-08-15T18:29:39.982-0300] {processor.py:826} INFO - Processing file /home/alan/repos/pipeline_airflow/pipeline-airflow-venv/lib/python3.11/site-packages/airflow/example_dags/example_short_circuit_operator.py for tasks to queue
[2023-08-15T18:29:39.984-0300] {logging_mixin.py:150} INFO - [2023-08-15T18:29:39.983-0300] {dagbag.py:541} INFO - Filling up the DagBag from /home/alan/repos/pipeline_airflow/pipeline-airflow-venv/lib/python3.11/site-packages/airflow/example_dags/example_short_circuit_operator.py
[2023-08-15T18:29:40.002-0300] {processor.py:836} INFO - DAG(s) dict_keys(['example_short_circuit_operator']) retrieved from /home/alan/repos/pipeline_airflow/pipeline-airflow-venv/lib/python3.11/site-packages/airflow/example_dags/example_short_circuit_operator.py
[2023-08-15T18:29:40.035-0300] {logging_mixin.py:150} INFO - [2023-08-15T18:29:40.035-0300] {dag.py:2742} INFO - Sync 1 DAGs
[2023-08-15T18:29:40.070-0300] {logging_mixin.py:150} INFO - [2023-08-15T18:29:40.069-0300] {dag.py:3504} INFO - Setting next_dagrun for example_short_circuit_operator to 2023-08-14T21:29:40.069600+00:00, run_after=2023-08-15T21:29:40.069600+00:00
[2023-08-15T18:29:40.164-0300] {processor.py:179} INFO - Processing /home/alan/repos/pipeline_airflow/pipeline-airflow-venv/lib/python3.11/site-packages/airflow/example_dags/example_short_circuit_operator.py took 0.191 seconds
[2023-08-15T18:30:37.552-0300] {processor.py:157} INFO - Started process (PID=21671) to work on /home/alan/repos/pipeline_airflow/pipeline-airflow-venv/lib/python3.11/site-packages/airflow/example_dags/example_short_circuit_operator.py
[2023-08-15T18:30:37.568-0300] {processor.py:826} INFO - Processing file /home/alan/repos/pipeline_airflow/pipeline-airflow-venv/lib/python3.11/site-packages/airflow/example_dags/example_short_circuit_operator.py for tasks to queue
[2023-08-15T18:30:37.570-0300] {logging_mixin.py:150} INFO - [2023-08-15T18:30:37.569-0300] {dagbag.py:541} INFO - Filling up the DagBag from /home/alan/repos/pipeline_airflow/pipeline-airflow-venv/lib/python3.11/site-packages/airflow/example_dags/example_short_circuit_operator.py
[2023-08-15T18:30:37.586-0300] {processor.py:836} INFO - DAG(s) dict_keys(['example_short_circuit_operator']) retrieved from /home/alan/repos/pipeline_airflow/pipeline-airflow-venv/lib/python3.11/site-packages/airflow/example_dags/example_short_circuit_operator.py
[2023-08-15T18:30:37.622-0300] {logging_mixin.py:150} INFO - [2023-08-15T18:30:37.621-0300] {dag.py:2742} INFO - Sync 1 DAGs
[2023-08-15T18:30:37.661-0300] {logging_mixin.py:150} INFO - [2023-08-15T18:30:37.661-0300] {dag.py:3504} INFO - Setting next_dagrun for example_short_circuit_operator to 2023-08-14T21:30:37.660687+00:00, run_after=2023-08-15T21:30:37.660687+00:00
[2023-08-15T18:30:37.769-0300] {processor.py:179} INFO - Processing /home/alan/repos/pipeline_airflow/pipeline-airflow-venv/lib/python3.11/site-packages/airflow/example_dags/example_short_circuit_operator.py took 0.222 seconds
[2023-08-15T18:31:32.533-0300] {processor.py:157} INFO - Started process (PID=21862) to work on /home/alan/repos/pipeline_airflow/pipeline-airflow-venv/lib/python3.11/site-packages/airflow/example_dags/example_short_circuit_operator.py
[2023-08-15T18:31:32.541-0300] {processor.py:826} INFO - Processing file /home/alan/repos/pipeline_airflow/pipeline-airflow-venv/lib/python3.11/site-packages/airflow/example_dags/example_short_circuit_operator.py for tasks to queue
[2023-08-15T18:31:32.543-0300] {logging_mixin.py:150} INFO - [2023-08-15T18:31:32.543-0300] {dagbag.py:541} INFO - Filling up the DagBag from /home/alan/repos/pipeline_airflow/pipeline-airflow-venv/lib/python3.11/site-packages/airflow/example_dags/example_short_circuit_operator.py
[2023-08-15T18:31:32.562-0300] {processor.py:836} INFO - DAG(s) dict_keys(['example_short_circuit_operator']) retrieved from /home/alan/repos/pipeline_airflow/pipeline-airflow-venv/lib/python3.11/site-packages/airflow/example_dags/example_short_circuit_operator.py
[2023-08-15T18:31:32.596-0300] {logging_mixin.py:150} INFO - [2023-08-15T18:31:32.596-0300] {dag.py:2742} INFO - Sync 1 DAGs
[2023-08-15T18:31:32.630-0300] {logging_mixin.py:150} INFO - [2023-08-15T18:31:32.630-0300] {dag.py:3504} INFO - Setting next_dagrun for example_short_circuit_operator to 2023-08-14T21:31:32.630159+00:00, run_after=2023-08-15T21:31:32.630159+00:00
[2023-08-15T18:31:32.750-0300] {processor.py:179} INFO - Processing /home/alan/repos/pipeline_airflow/pipeline-airflow-venv/lib/python3.11/site-packages/airflow/example_dags/example_short_circuit_operator.py took 0.224 seconds
[2023-08-15T18:32:28.813-0300] {processor.py:157} INFO - Started process (PID=22081) to work on /home/alan/repos/pipeline_airflow/pipeline-airflow-venv/lib/python3.11/site-packages/airflow/example_dags/example_short_circuit_operator.py
[2023-08-15T18:32:28.832-0300] {processor.py:826} INFO - Processing file /home/alan/repos/pipeline_airflow/pipeline-airflow-venv/lib/python3.11/site-packages/airflow/example_dags/example_short_circuit_operator.py for tasks to queue
[2023-08-15T18:32:28.834-0300] {logging_mixin.py:150} INFO - [2023-08-15T18:32:28.833-0300] {dagbag.py:541} INFO - Filling up the DagBag from /home/alan/repos/pipeline_airflow/pipeline-airflow-venv/lib/python3.11/site-packages/airflow/example_dags/example_short_circuit_operator.py
[2023-08-15T18:32:28.852-0300] {processor.py:836} INFO - DAG(s) dict_keys(['example_short_circuit_operator']) retrieved from /home/alan/repos/pipeline_airflow/pipeline-airflow-venv/lib/python3.11/site-packages/airflow/example_dags/example_short_circuit_operator.py
[2023-08-15T18:32:28.894-0300] {logging_mixin.py:150} INFO - [2023-08-15T18:32:28.893-0300] {dag.py:2742} INFO - Sync 1 DAGs
[2023-08-15T18:32:28.968-0300] {logging_mixin.py:150} INFO - [2023-08-15T18:32:28.963-0300] {dag.py:3504} INFO - Setting next_dagrun for example_short_circuit_operator to 2023-08-14T21:32:28.962817+00:00, run_after=2023-08-15T21:32:28.962817+00:00
[2023-08-15T18:32:29.096-0300] {processor.py:179} INFO - Processing /home/alan/repos/pipeline_airflow/pipeline-airflow-venv/lib/python3.11/site-packages/airflow/example_dags/example_short_circuit_operator.py took 0.287 seconds
[2023-08-15T18:33:25.228-0300] {processor.py:157} INFO - Started process (PID=22297) to work on /home/alan/repos/pipeline_airflow/pipeline-airflow-venv/lib/python3.11/site-packages/airflow/example_dags/example_short_circuit_operator.py
[2023-08-15T18:33:25.229-0300] {processor.py:826} INFO - Processing file /home/alan/repos/pipeline_airflow/pipeline-airflow-venv/lib/python3.11/site-packages/airflow/example_dags/example_short_circuit_operator.py for tasks to queue
[2023-08-15T18:33:25.231-0300] {logging_mixin.py:150} INFO - [2023-08-15T18:33:25.230-0300] {dagbag.py:541} INFO - Filling up the DagBag from /home/alan/repos/pipeline_airflow/pipeline-airflow-venv/lib/python3.11/site-packages/airflow/example_dags/example_short_circuit_operator.py
[2023-08-15T18:33:25.249-0300] {processor.py:836} INFO - DAG(s) dict_keys(['example_short_circuit_operator']) retrieved from /home/alan/repos/pipeline_airflow/pipeline-airflow-venv/lib/python3.11/site-packages/airflow/example_dags/example_short_circuit_operator.py
[2023-08-15T18:33:25.299-0300] {logging_mixin.py:150} INFO - [2023-08-15T18:33:25.299-0300] {dag.py:2742} INFO - Sync 1 DAGs
[2023-08-15T18:33:25.343-0300] {logging_mixin.py:150} INFO - [2023-08-15T18:33:25.343-0300] {dag.py:3504} INFO - Setting next_dagrun for example_short_circuit_operator to 2023-08-14T21:33:25.342495+00:00, run_after=2023-08-15T21:33:25.342495+00:00
[2023-08-15T18:33:25.455-0300] {processor.py:179} INFO - Processing /home/alan/repos/pipeline_airflow/pipeline-airflow-venv/lib/python3.11/site-packages/airflow/example_dags/example_short_circuit_operator.py took 0.234 seconds
[2023-08-15T18:34:22.721-0300] {processor.py:157} INFO - Started process (PID=22501) to work on /home/alan/repos/pipeline_airflow/pipeline-airflow-venv/lib/python3.11/site-packages/airflow/example_dags/example_short_circuit_operator.py
[2023-08-15T18:34:22.739-0300] {processor.py:826} INFO - Processing file /home/alan/repos/pipeline_airflow/pipeline-airflow-venv/lib/python3.11/site-packages/airflow/example_dags/example_short_circuit_operator.py for tasks to queue
[2023-08-15T18:34:22.741-0300] {logging_mixin.py:150} INFO - [2023-08-15T18:34:22.740-0300] {dagbag.py:541} INFO - Filling up the DagBag from /home/alan/repos/pipeline_airflow/pipeline-airflow-venv/lib/python3.11/site-packages/airflow/example_dags/example_short_circuit_operator.py
[2023-08-15T18:34:22.763-0300] {processor.py:836} INFO - DAG(s) dict_keys(['example_short_circuit_operator']) retrieved from /home/alan/repos/pipeline_airflow/pipeline-airflow-venv/lib/python3.11/site-packages/airflow/example_dags/example_short_circuit_operator.py
[2023-08-15T18:34:22.799-0300] {logging_mixin.py:150} INFO - [2023-08-15T18:34:22.798-0300] {dag.py:2742} INFO - Sync 1 DAGs
[2023-08-15T18:34:22.833-0300] {logging_mixin.py:150} INFO - [2023-08-15T18:34:22.833-0300] {dag.py:3504} INFO - Setting next_dagrun for example_short_circuit_operator to 2023-08-14T21:34:22.832681+00:00, run_after=2023-08-15T21:34:22.832681+00:00
[2023-08-15T18:34:22.943-0300] {processor.py:179} INFO - Processing /home/alan/repos/pipeline_airflow/pipeline-airflow-venv/lib/python3.11/site-packages/airflow/example_dags/example_short_circuit_operator.py took 0.228 seconds
[2023-08-15T18:35:15.573-0300] {processor.py:157} INFO - Started process (PID=22690) to work on /home/alan/repos/pipeline_airflow/pipeline-airflow-venv/lib/python3.11/site-packages/airflow/example_dags/example_short_circuit_operator.py
[2023-08-15T18:35:15.591-0300] {processor.py:826} INFO - Processing file /home/alan/repos/pipeline_airflow/pipeline-airflow-venv/lib/python3.11/site-packages/airflow/example_dags/example_short_circuit_operator.py for tasks to queue
[2023-08-15T18:35:15.593-0300] {logging_mixin.py:150} INFO - [2023-08-15T18:35:15.592-0300] {dagbag.py:541} INFO - Filling up the DagBag from /home/alan/repos/pipeline_airflow/pipeline-airflow-venv/lib/python3.11/site-packages/airflow/example_dags/example_short_circuit_operator.py
[2023-08-15T18:35:15.611-0300] {processor.py:836} INFO - DAG(s) dict_keys(['example_short_circuit_operator']) retrieved from /home/alan/repos/pipeline_airflow/pipeline-airflow-venv/lib/python3.11/site-packages/airflow/example_dags/example_short_circuit_operator.py
[2023-08-15T18:35:15.646-0300] {logging_mixin.py:150} INFO - [2023-08-15T18:35:15.645-0300] {dag.py:2742} INFO - Sync 1 DAGs
[2023-08-15T18:35:15.694-0300] {logging_mixin.py:150} INFO - [2023-08-15T18:35:15.693-0300] {dag.py:3504} INFO - Setting next_dagrun for example_short_circuit_operator to 2023-08-14T21:35:15.693367+00:00, run_after=2023-08-15T21:35:15.693367+00:00
[2023-08-15T18:35:15.796-0300] {processor.py:179} INFO - Processing /home/alan/repos/pipeline_airflow/pipeline-airflow-venv/lib/python3.11/site-packages/airflow/example_dags/example_short_circuit_operator.py took 0.239 seconds
[2023-08-15T18:36:12.831-0300] {processor.py:157} INFO - Started process (PID=22892) to work on /home/alan/repos/pipeline_airflow/pipeline-airflow-venv/lib/python3.11/site-packages/airflow/example_dags/example_short_circuit_operator.py
[2023-08-15T18:36:12.878-0300] {processor.py:826} INFO - Processing file /home/alan/repos/pipeline_airflow/pipeline-airflow-venv/lib/python3.11/site-packages/airflow/example_dags/example_short_circuit_operator.py for tasks to queue
[2023-08-15T18:36:12.880-0300] {logging_mixin.py:150} INFO - [2023-08-15T18:36:12.879-0300] {dagbag.py:541} INFO - Filling up the DagBag from /home/alan/repos/pipeline_airflow/pipeline-airflow-venv/lib/python3.11/site-packages/airflow/example_dags/example_short_circuit_operator.py
[2023-08-15T18:36:12.926-0300] {processor.py:836} INFO - DAG(s) dict_keys(['example_short_circuit_operator']) retrieved from /home/alan/repos/pipeline_airflow/pipeline-airflow-venv/lib/python3.11/site-packages/airflow/example_dags/example_short_circuit_operator.py
[2023-08-15T18:36:13.004-0300] {logging_mixin.py:150} INFO - [2023-08-15T18:36:13.003-0300] {dag.py:2742} INFO - Sync 1 DAGs
[2023-08-15T18:36:13.068-0300] {logging_mixin.py:150} INFO - [2023-08-15T18:36:13.068-0300] {dag.py:3504} INFO - Setting next_dagrun for example_short_circuit_operator to 2023-08-14T21:36:13.067915+00:00, run_after=2023-08-15T21:36:13.067915+00:00
[2023-08-15T18:36:13.233-0300] {processor.py:179} INFO - Processing /home/alan/repos/pipeline_airflow/pipeline-airflow-venv/lib/python3.11/site-packages/airflow/example_dags/example_short_circuit_operator.py took 0.421 seconds
[2023-08-15T18:37:11.353-0300] {processor.py:157} INFO - Started process (PID=23114) to work on /home/alan/repos/pipeline_airflow/pipeline-airflow-venv/lib/python3.11/site-packages/airflow/example_dags/example_short_circuit_operator.py
[2023-08-15T18:37:11.394-0300] {processor.py:826} INFO - Processing file /home/alan/repos/pipeline_airflow/pipeline-airflow-venv/lib/python3.11/site-packages/airflow/example_dags/example_short_circuit_operator.py for tasks to queue
[2023-08-15T18:37:11.395-0300] {logging_mixin.py:150} INFO - [2023-08-15T18:37:11.395-0300] {dagbag.py:541} INFO - Filling up the DagBag from /home/alan/repos/pipeline_airflow/pipeline-airflow-venv/lib/python3.11/site-packages/airflow/example_dags/example_short_circuit_operator.py
[2023-08-15T18:37:11.411-0300] {processor.py:836} INFO - DAG(s) dict_keys(['example_short_circuit_operator']) retrieved from /home/alan/repos/pipeline_airflow/pipeline-airflow-venv/lib/python3.11/site-packages/airflow/example_dags/example_short_circuit_operator.py
[2023-08-15T18:37:11.447-0300] {logging_mixin.py:150} INFO - [2023-08-15T18:37:11.446-0300] {dag.py:2742} INFO - Sync 1 DAGs
[2023-08-15T18:37:11.490-0300] {logging_mixin.py:150} INFO - [2023-08-15T18:37:11.490-0300] {dag.py:3504} INFO - Setting next_dagrun for example_short_circuit_operator to 2023-08-14T21:37:11.489922+00:00, run_after=2023-08-15T21:37:11.489922+00:00
[2023-08-15T18:37:11.825-0300] {processor.py:179} INFO - Processing /home/alan/repos/pipeline_airflow/pipeline-airflow-venv/lib/python3.11/site-packages/airflow/example_dags/example_short_circuit_operator.py took 0.475 seconds
[2023-08-15T18:44:21.994-0300] {processor.py:157} INFO - Started process (PID=23729) to work on /home/alan/repos/pipeline_airflow/pipeline-airflow-venv/lib/python3.11/site-packages/airflow/example_dags/example_short_circuit_operator.py
[2023-08-15T18:44:22.007-0300] {processor.py:826} INFO - Processing file /home/alan/repos/pipeline_airflow/pipeline-airflow-venv/lib/python3.11/site-packages/airflow/example_dags/example_short_circuit_operator.py for tasks to queue
[2023-08-15T18:44:22.009-0300] {logging_mixin.py:150} INFO - [2023-08-15T18:44:22.008-0300] {dagbag.py:541} INFO - Filling up the DagBag from /home/alan/repos/pipeline_airflow/pipeline-airflow-venv/lib/python3.11/site-packages/airflow/example_dags/example_short_circuit_operator.py
[2023-08-15T18:44:22.027-0300] {processor.py:836} INFO - DAG(s) dict_keys(['example_short_circuit_operator']) retrieved from /home/alan/repos/pipeline_airflow/pipeline-airflow-venv/lib/python3.11/site-packages/airflow/example_dags/example_short_circuit_operator.py
[2023-08-15T18:44:22.075-0300] {logging_mixin.py:150} INFO - [2023-08-15T18:44:22.075-0300] {dag.py:2742} INFO - Sync 1 DAGs
[2023-08-15T18:44:22.111-0300] {logging_mixin.py:150} INFO - [2023-08-15T18:44:22.111-0300] {dag.py:3504} INFO - Setting next_dagrun for example_short_circuit_operator to 2023-08-14T21:44:22.111007+00:00, run_after=2023-08-15T21:44:22.111007+00:00
[2023-08-15T18:44:22.206-0300] {processor.py:179} INFO - Processing /home/alan/repos/pipeline_airflow/pipeline-airflow-venv/lib/python3.11/site-packages/airflow/example_dags/example_short_circuit_operator.py took 0.218 seconds
[2023-08-15T18:45:43.120-0300] {processor.py:157} INFO - Started process (PID=24140) to work on /home/alan/repos/pipeline_airflow/pipeline-airflow-venv/lib/python3.11/site-packages/airflow/example_dags/example_short_circuit_operator.py
[2023-08-15T18:45:43.127-0300] {processor.py:826} INFO - Processing file /home/alan/repos/pipeline_airflow/pipeline-airflow-venv/lib/python3.11/site-packages/airflow/example_dags/example_short_circuit_operator.py for tasks to queue
[2023-08-15T18:45:43.129-0300] {logging_mixin.py:150} INFO - [2023-08-15T18:45:43.128-0300] {dagbag.py:541} INFO - Filling up the DagBag from /home/alan/repos/pipeline_airflow/pipeline-airflow-venv/lib/python3.11/site-packages/airflow/example_dags/example_short_circuit_operator.py
[2023-08-15T18:45:43.144-0300] {processor.py:836} INFO - DAG(s) dict_keys(['example_short_circuit_operator']) retrieved from /home/alan/repos/pipeline_airflow/pipeline-airflow-venv/lib/python3.11/site-packages/airflow/example_dags/example_short_circuit_operator.py
[2023-08-15T18:45:43.180-0300] {logging_mixin.py:150} INFO - [2023-08-15T18:45:43.180-0300] {dag.py:2742} INFO - Sync 1 DAGs
[2023-08-15T18:45:43.216-0300] {logging_mixin.py:150} INFO - [2023-08-15T18:45:43.215-0300] {dag.py:3504} INFO - Setting next_dagrun for example_short_circuit_operator to 2023-08-14T21:45:43.215583+00:00, run_after=2023-08-15T21:45:43.215583+00:00
[2023-08-15T18:45:43.334-0300] {processor.py:179} INFO - Processing /home/alan/repos/pipeline_airflow/pipeline-airflow-venv/lib/python3.11/site-packages/airflow/example_dags/example_short_circuit_operator.py took 0.218 seconds
[2023-08-15T18:46:50.513-0300] {processor.py:157} INFO - Started process (PID=24374) to work on /home/alan/repos/pipeline_airflow/pipeline-airflow-venv/lib/python3.11/site-packages/airflow/example_dags/example_short_circuit_operator.py
[2023-08-15T18:46:50.522-0300] {processor.py:826} INFO - Processing file /home/alan/repos/pipeline_airflow/pipeline-airflow-venv/lib/python3.11/site-packages/airflow/example_dags/example_short_circuit_operator.py for tasks to queue
[2023-08-15T18:46:50.524-0300] {logging_mixin.py:150} INFO - [2023-08-15T18:46:50.523-0300] {dagbag.py:541} INFO - Filling up the DagBag from /home/alan/repos/pipeline_airflow/pipeline-airflow-venv/lib/python3.11/site-packages/airflow/example_dags/example_short_circuit_operator.py
[2023-08-15T18:46:50.547-0300] {processor.py:836} INFO - DAG(s) dict_keys(['example_short_circuit_operator']) retrieved from /home/alan/repos/pipeline_airflow/pipeline-airflow-venv/lib/python3.11/site-packages/airflow/example_dags/example_short_circuit_operator.py
[2023-08-15T18:46:50.599-0300] {logging_mixin.py:150} INFO - [2023-08-15T18:46:50.599-0300] {dag.py:2742} INFO - Sync 1 DAGs
[2023-08-15T18:46:50.656-0300] {logging_mixin.py:150} INFO - [2023-08-15T18:46:50.655-0300] {dag.py:3504} INFO - Setting next_dagrun for example_short_circuit_operator to 2023-08-14T21:46:50.655301+00:00, run_after=2023-08-15T21:46:50.655301+00:00
[2023-08-15T18:46:50.761-0300] {processor.py:179} INFO - Processing /home/alan/repos/pipeline_airflow/pipeline-airflow-venv/lib/python3.11/site-packages/airflow/example_dags/example_short_circuit_operator.py took 0.256 seconds
[2023-08-15T18:47:53.994-0300] {processor.py:157} INFO - Started process (PID=24600) to work on /home/alan/repos/pipeline_airflow/pipeline-airflow-venv/lib/python3.11/site-packages/airflow/example_dags/example_short_circuit_operator.py
[2023-08-15T18:47:54.019-0300] {processor.py:826} INFO - Processing file /home/alan/repos/pipeline_airflow/pipeline-airflow-venv/lib/python3.11/site-packages/airflow/example_dags/example_short_circuit_operator.py for tasks to queue
[2023-08-15T18:47:54.021-0300] {logging_mixin.py:150} INFO - [2023-08-15T18:47:54.020-0300] {dagbag.py:541} INFO - Filling up the DagBag from /home/alan/repos/pipeline_airflow/pipeline-airflow-venv/lib/python3.11/site-packages/airflow/example_dags/example_short_circuit_operator.py
[2023-08-15T18:47:54.043-0300] {processor.py:836} INFO - DAG(s) dict_keys(['example_short_circuit_operator']) retrieved from /home/alan/repos/pipeline_airflow/pipeline-airflow-venv/lib/python3.11/site-packages/airflow/example_dags/example_short_circuit_operator.py
[2023-08-15T18:47:54.084-0300] {logging_mixin.py:150} INFO - [2023-08-15T18:47:54.084-0300] {dag.py:2742} INFO - Sync 1 DAGs
[2023-08-15T18:47:54.128-0300] {logging_mixin.py:150} INFO - [2023-08-15T18:47:54.127-0300] {dag.py:3504} INFO - Setting next_dagrun for example_short_circuit_operator to 2023-08-14T21:47:54.126906+00:00, run_after=2023-08-15T21:47:54.126906+00:00
[2023-08-15T18:47:54.260-0300] {processor.py:179} INFO - Processing /home/alan/repos/pipeline_airflow/pipeline-airflow-venv/lib/python3.11/site-packages/airflow/example_dags/example_short_circuit_operator.py took 0.276 seconds
[2023-08-15T18:49:01.573-0300] {processor.py:157} INFO - Started process (PID=24819) to work on /home/alan/repos/pipeline_airflow/pipeline-airflow-venv/lib/python3.11/site-packages/airflow/example_dags/example_short_circuit_operator.py
[2023-08-15T18:49:01.579-0300] {processor.py:826} INFO - Processing file /home/alan/repos/pipeline_airflow/pipeline-airflow-venv/lib/python3.11/site-packages/airflow/example_dags/example_short_circuit_operator.py for tasks to queue
[2023-08-15T18:49:01.580-0300] {logging_mixin.py:150} INFO - [2023-08-15T18:49:01.580-0300] {dagbag.py:541} INFO - Filling up the DagBag from /home/alan/repos/pipeline_airflow/pipeline-airflow-venv/lib/python3.11/site-packages/airflow/example_dags/example_short_circuit_operator.py
[2023-08-15T18:49:01.605-0300] {processor.py:836} INFO - DAG(s) dict_keys(['example_short_circuit_operator']) retrieved from /home/alan/repos/pipeline_airflow/pipeline-airflow-venv/lib/python3.11/site-packages/airflow/example_dags/example_short_circuit_operator.py
[2023-08-15T18:49:01.834-0300] {logging_mixin.py:150} INFO - [2023-08-15T18:49:01.834-0300] {dag.py:2742} INFO - Sync 1 DAGs
[2023-08-15T18:49:01.876-0300] {logging_mixin.py:150} INFO - [2023-08-15T18:49:01.876-0300] {dag.py:3504} INFO - Setting next_dagrun for example_short_circuit_operator to 2023-08-14T21:49:01.875640+00:00, run_after=2023-08-15T21:49:01.875640+00:00
[2023-08-15T18:49:02.015-0300] {processor.py:179} INFO - Processing /home/alan/repos/pipeline_airflow/pipeline-airflow-venv/lib/python3.11/site-packages/airflow/example_dags/example_short_circuit_operator.py took 0.448 seconds
[2023-08-15T18:50:04.919-0300] {processor.py:157} INFO - Started process (PID=25042) to work on /home/alan/repos/pipeline_airflow/pipeline-airflow-venv/lib/python3.11/site-packages/airflow/example_dags/example_short_circuit_operator.py
[2023-08-15T18:50:04.933-0300] {processor.py:826} INFO - Processing file /home/alan/repos/pipeline_airflow/pipeline-airflow-venv/lib/python3.11/site-packages/airflow/example_dags/example_short_circuit_operator.py for tasks to queue
[2023-08-15T18:50:04.935-0300] {logging_mixin.py:150} INFO - [2023-08-15T18:50:04.934-0300] {dagbag.py:541} INFO - Filling up the DagBag from /home/alan/repos/pipeline_airflow/pipeline-airflow-venv/lib/python3.11/site-packages/airflow/example_dags/example_short_circuit_operator.py
[2023-08-15T18:50:04.966-0300] {processor.py:836} INFO - DAG(s) dict_keys(['example_short_circuit_operator']) retrieved from /home/alan/repos/pipeline_airflow/pipeline-airflow-venv/lib/python3.11/site-packages/airflow/example_dags/example_short_circuit_operator.py
[2023-08-15T18:50:05.018-0300] {logging_mixin.py:150} INFO - [2023-08-15T18:50:05.017-0300] {dag.py:2742} INFO - Sync 1 DAGs
[2023-08-15T18:50:05.082-0300] {logging_mixin.py:150} INFO - [2023-08-15T18:50:05.082-0300] {dag.py:3504} INFO - Setting next_dagrun for example_short_circuit_operator to 2023-08-14T21:50:05.082221+00:00, run_after=2023-08-15T21:50:05.082221+00:00
[2023-08-15T18:50:05.226-0300] {processor.py:179} INFO - Processing /home/alan/repos/pipeline_airflow/pipeline-airflow-venv/lib/python3.11/site-packages/airflow/example_dags/example_short_circuit_operator.py took 0.311 seconds
[2023-08-15T18:51:09.999-0300] {processor.py:157} INFO - Started process (PID=25326) to work on /home/alan/repos/pipeline_airflow/pipeline-airflow-venv/lib/python3.11/site-packages/airflow/example_dags/example_short_circuit_operator.py
[2023-08-15T18:51:10.014-0300] {processor.py:826} INFO - Processing file /home/alan/repos/pipeline_airflow/pipeline-airflow-venv/lib/python3.11/site-packages/airflow/example_dags/example_short_circuit_operator.py for tasks to queue
[2023-08-15T18:51:10.016-0300] {logging_mixin.py:150} INFO - [2023-08-15T18:51:10.015-0300] {dagbag.py:541} INFO - Filling up the DagBag from /home/alan/repos/pipeline_airflow/pipeline-airflow-venv/lib/python3.11/site-packages/airflow/example_dags/example_short_circuit_operator.py
[2023-08-15T18:51:10.035-0300] {processor.py:836} INFO - DAG(s) dict_keys(['example_short_circuit_operator']) retrieved from /home/alan/repos/pipeline_airflow/pipeline-airflow-venv/lib/python3.11/site-packages/airflow/example_dags/example_short_circuit_operator.py
[2023-08-15T18:51:10.072-0300] {logging_mixin.py:150} INFO - [2023-08-15T18:51:10.071-0300] {dag.py:2742} INFO - Sync 1 DAGs
[2023-08-15T18:51:10.109-0300] {logging_mixin.py:150} INFO - [2023-08-15T18:51:10.109-0300] {dag.py:3504} INFO - Setting next_dagrun for example_short_circuit_operator to 2023-08-14T21:51:10.108720+00:00, run_after=2023-08-15T21:51:10.108720+00:00
[2023-08-15T18:51:10.225-0300] {processor.py:179} INFO - Processing /home/alan/repos/pipeline_airflow/pipeline-airflow-venv/lib/python3.11/site-packages/airflow/example_dags/example_short_circuit_operator.py took 0.234 seconds
[2023-08-15T18:52:21.422-0300] {processor.py:157} INFO - Started process (PID=25673) to work on /home/alan/repos/pipeline_airflow/pipeline-airflow-venv/lib/python3.11/site-packages/airflow/example_dags/example_short_circuit_operator.py
[2023-08-15T18:52:21.438-0300] {processor.py:826} INFO - Processing file /home/alan/repos/pipeline_airflow/pipeline-airflow-venv/lib/python3.11/site-packages/airflow/example_dags/example_short_circuit_operator.py for tasks to queue
[2023-08-15T18:52:21.440-0300] {logging_mixin.py:150} INFO - [2023-08-15T18:52:21.439-0300] {dagbag.py:541} INFO - Filling up the DagBag from /home/alan/repos/pipeline_airflow/pipeline-airflow-venv/lib/python3.11/site-packages/airflow/example_dags/example_short_circuit_operator.py
[2023-08-15T18:52:21.455-0300] {processor.py:836} INFO - DAG(s) dict_keys(['example_short_circuit_operator']) retrieved from /home/alan/repos/pipeline_airflow/pipeline-airflow-venv/lib/python3.11/site-packages/airflow/example_dags/example_short_circuit_operator.py
[2023-08-15T18:52:21.498-0300] {logging_mixin.py:150} INFO - [2023-08-15T18:52:21.498-0300] {dag.py:2742} INFO - Sync 1 DAGs
[2023-08-15T18:52:21.545-0300] {logging_mixin.py:150} INFO - [2023-08-15T18:52:21.545-0300] {dag.py:3504} INFO - Setting next_dagrun for example_short_circuit_operator to 2023-08-14T21:52:21.544948+00:00, run_after=2023-08-15T21:52:21.544948+00:00
[2023-08-15T18:52:21.681-0300] {processor.py:179} INFO - Processing /home/alan/repos/pipeline_airflow/pipeline-airflow-venv/lib/python3.11/site-packages/airflow/example_dags/example_short_circuit_operator.py took 0.264 seconds
[2023-08-15T18:53:19.119-0300] {processor.py:157} INFO - Started process (PID=25916) to work on /home/alan/repos/pipeline_airflow/pipeline-airflow-venv/lib/python3.11/site-packages/airflow/example_dags/example_short_circuit_operator.py
[2023-08-15T18:53:19.135-0300] {processor.py:826} INFO - Processing file /home/alan/repos/pipeline_airflow/pipeline-airflow-venv/lib/python3.11/site-packages/airflow/example_dags/example_short_circuit_operator.py for tasks to queue
[2023-08-15T18:53:19.136-0300] {logging_mixin.py:150} INFO - [2023-08-15T18:53:19.135-0300] {dagbag.py:541} INFO - Filling up the DagBag from /home/alan/repos/pipeline_airflow/pipeline-airflow-venv/lib/python3.11/site-packages/airflow/example_dags/example_short_circuit_operator.py
[2023-08-15T18:53:19.154-0300] {processor.py:836} INFO - DAG(s) dict_keys(['example_short_circuit_operator']) retrieved from /home/alan/repos/pipeline_airflow/pipeline-airflow-venv/lib/python3.11/site-packages/airflow/example_dags/example_short_circuit_operator.py
[2023-08-15T18:53:19.189-0300] {logging_mixin.py:150} INFO - [2023-08-15T18:53:19.189-0300] {dag.py:2742} INFO - Sync 1 DAGs
[2023-08-15T18:53:19.227-0300] {logging_mixin.py:150} INFO - [2023-08-15T18:53:19.226-0300] {dag.py:3504} INFO - Setting next_dagrun for example_short_circuit_operator to 2023-08-14T21:53:19.226112+00:00, run_after=2023-08-15T21:53:19.226112+00:00
[2023-08-15T18:53:19.336-0300] {processor.py:179} INFO - Processing /home/alan/repos/pipeline_airflow/pipeline-airflow-venv/lib/python3.11/site-packages/airflow/example_dags/example_short_circuit_operator.py took 0.222 seconds
[2023-08-15T18:54:14.196-0300] {processor.py:157} INFO - Started process (PID=26127) to work on /home/alan/repos/pipeline_airflow/pipeline-airflow-venv/lib/python3.11/site-packages/airflow/example_dags/example_short_circuit_operator.py
[2023-08-15T18:54:14.208-0300] {processor.py:826} INFO - Processing file /home/alan/repos/pipeline_airflow/pipeline-airflow-venv/lib/python3.11/site-packages/airflow/example_dags/example_short_circuit_operator.py for tasks to queue
[2023-08-15T18:54:14.210-0300] {logging_mixin.py:150} INFO - [2023-08-15T18:54:14.209-0300] {dagbag.py:541} INFO - Filling up the DagBag from /home/alan/repos/pipeline_airflow/pipeline-airflow-venv/lib/python3.11/site-packages/airflow/example_dags/example_short_circuit_operator.py
[2023-08-15T18:54:14.228-0300] {processor.py:836} INFO - DAG(s) dict_keys(['example_short_circuit_operator']) retrieved from /home/alan/repos/pipeline_airflow/pipeline-airflow-venv/lib/python3.11/site-packages/airflow/example_dags/example_short_circuit_operator.py
[2023-08-15T18:54:14.264-0300] {logging_mixin.py:150} INFO - [2023-08-15T18:54:14.264-0300] {dag.py:2742} INFO - Sync 1 DAGs
[2023-08-15T18:54:14.300-0300] {logging_mixin.py:150} INFO - [2023-08-15T18:54:14.300-0300] {dag.py:3504} INFO - Setting next_dagrun for example_short_circuit_operator to 2023-08-14T21:54:14.299633+00:00, run_after=2023-08-15T21:54:14.299633+00:00
[2023-08-15T18:54:14.436-0300] {processor.py:179} INFO - Processing /home/alan/repos/pipeline_airflow/pipeline-airflow-venv/lib/python3.11/site-packages/airflow/example_dags/example_short_circuit_operator.py took 0.247 seconds
[2023-08-15T18:56:24.486-0300] {processor.py:157} INFO - Started process (PID=26833) to work on /home/alan/repos/pipeline_airflow/pipeline-airflow-venv/lib/python3.11/site-packages/airflow/example_dags/example_short_circuit_operator.py
[2023-08-15T18:56:24.574-0300] {processor.py:826} INFO - Processing file /home/alan/repos/pipeline_airflow/pipeline-airflow-venv/lib/python3.11/site-packages/airflow/example_dags/example_short_circuit_operator.py for tasks to queue
[2023-08-15T18:56:24.577-0300] {logging_mixin.py:150} INFO - [2023-08-15T18:56:24.575-0300] {dagbag.py:541} INFO - Filling up the DagBag from /home/alan/repos/pipeline_airflow/pipeline-airflow-venv/lib/python3.11/site-packages/airflow/example_dags/example_short_circuit_operator.py
[2023-08-15T18:56:24.934-0300] {processor.py:836} INFO - DAG(s) dict_keys(['example_short_circuit_operator']) retrieved from /home/alan/repos/pipeline_airflow/pipeline-airflow-venv/lib/python3.11/site-packages/airflow/example_dags/example_short_circuit_operator.py
[2023-08-15T18:56:25.056-0300] {logging_mixin.py:150} INFO - [2023-08-15T18:56:25.056-0300] {dag.py:2742} INFO - Sync 1 DAGs
[2023-08-15T18:56:25.324-0300] {logging_mixin.py:150} INFO - [2023-08-15T18:56:25.323-0300] {dag.py:3504} INFO - Setting next_dagrun for example_short_circuit_operator to 2023-08-14T21:56:25.095240+00:00, run_after=2023-08-15T21:56:25.095240+00:00
[2023-08-15T18:56:26.120-0300] {processor.py:179} INFO - Processing /home/alan/repos/pipeline_airflow/pipeline-airflow-venv/lib/python3.11/site-packages/airflow/example_dags/example_short_circuit_operator.py took 1.640 seconds
[2023-08-15T18:58:23.612-0300] {processor.py:157} INFO - Started process (PID=27083) to work on /home/alan/repos/pipeline_airflow/pipeline-airflow-venv/lib/python3.11/site-packages/airflow/example_dags/example_short_circuit_operator.py
[2023-08-15T18:58:23.675-0300] {processor.py:826} INFO - Processing file /home/alan/repos/pipeline_airflow/pipeline-airflow-venv/lib/python3.11/site-packages/airflow/example_dags/example_short_circuit_operator.py for tasks to queue
[2023-08-15T18:58:23.678-0300] {logging_mixin.py:150} INFO - [2023-08-15T18:58:23.677-0300] {dagbag.py:541} INFO - Filling up the DagBag from /home/alan/repos/pipeline_airflow/pipeline-airflow-venv/lib/python3.11/site-packages/airflow/example_dags/example_short_circuit_operator.py
[2023-08-15T18:58:23.765-0300] {processor.py:836} INFO - DAG(s) dict_keys(['example_short_circuit_operator']) retrieved from /home/alan/repos/pipeline_airflow/pipeline-airflow-venv/lib/python3.11/site-packages/airflow/example_dags/example_short_circuit_operator.py
[2023-08-15T18:58:23.881-0300] {logging_mixin.py:150} INFO - [2023-08-15T18:58:23.880-0300] {dag.py:2742} INFO - Sync 1 DAGs
[2023-08-15T18:58:24.019-0300] {logging_mixin.py:150} INFO - [2023-08-15T18:58:24.019-0300] {dag.py:3504} INFO - Setting next_dagrun for example_short_circuit_operator to 2023-08-14T21:58:23.927494+00:00, run_after=2023-08-15T21:58:23.927494+00:00
[2023-08-15T18:58:24.847-0300] {processor.py:179} INFO - Processing /home/alan/repos/pipeline_airflow/pipeline-airflow-venv/lib/python3.11/site-packages/airflow/example_dags/example_short_circuit_operator.py took 1.241 seconds
[2023-08-15T19:01:37.717-0300] {processor.py:157} INFO - Started process (PID=27574) to work on /home/alan/repos/pipeline_airflow/pipeline-airflow-venv/lib/python3.11/site-packages/airflow/example_dags/example_short_circuit_operator.py
[2023-08-15T19:01:37.750-0300] {processor.py:826} INFO - Processing file /home/alan/repos/pipeline_airflow/pipeline-airflow-venv/lib/python3.11/site-packages/airflow/example_dags/example_short_circuit_operator.py for tasks to queue
[2023-08-15T19:01:37.751-0300] {logging_mixin.py:150} INFO - [2023-08-15T19:01:37.751-0300] {dagbag.py:541} INFO - Filling up the DagBag from /home/alan/repos/pipeline_airflow/pipeline-airflow-venv/lib/python3.11/site-packages/airflow/example_dags/example_short_circuit_operator.py
[2023-08-15T19:01:37.809-0300] {processor.py:836} INFO - DAG(s) dict_keys(['example_short_circuit_operator']) retrieved from /home/alan/repos/pipeline_airflow/pipeline-airflow-venv/lib/python3.11/site-packages/airflow/example_dags/example_short_circuit_operator.py
[2023-08-15T19:01:37.870-0300] {logging_mixin.py:150} INFO - [2023-08-15T19:01:37.870-0300] {dag.py:2742} INFO - Sync 1 DAGs
[2023-08-15T19:01:37.909-0300] {logging_mixin.py:150} INFO - [2023-08-15T19:01:37.908-0300] {dag.py:3504} INFO - Setting next_dagrun for example_short_circuit_operator to 2023-08-14T22:01:37.908518+00:00, run_after=2023-08-15T22:01:37.908518+00:00
[2023-08-15T19:01:38.088-0300] {processor.py:179} INFO - Processing /home/alan/repos/pipeline_airflow/pipeline-airflow-venv/lib/python3.11/site-packages/airflow/example_dags/example_short_circuit_operator.py took 0.377 seconds
[2023-08-15T19:02:58.473-0300] {processor.py:157} INFO - Started process (PID=27836) to work on /home/alan/repos/pipeline_airflow/pipeline-airflow-venv/lib/python3.11/site-packages/airflow/example_dags/example_short_circuit_operator.py
[2023-08-15T19:02:58.494-0300] {processor.py:826} INFO - Processing file /home/alan/repos/pipeline_airflow/pipeline-airflow-venv/lib/python3.11/site-packages/airflow/example_dags/example_short_circuit_operator.py for tasks to queue
[2023-08-15T19:02:58.496-0300] {logging_mixin.py:150} INFO - [2023-08-15T19:02:58.496-0300] {dagbag.py:541} INFO - Filling up the DagBag from /home/alan/repos/pipeline_airflow/pipeline-airflow-venv/lib/python3.11/site-packages/airflow/example_dags/example_short_circuit_operator.py
[2023-08-15T19:02:58.515-0300] {processor.py:836} INFO - DAG(s) dict_keys(['example_short_circuit_operator']) retrieved from /home/alan/repos/pipeline_airflow/pipeline-airflow-venv/lib/python3.11/site-packages/airflow/example_dags/example_short_circuit_operator.py
[2023-08-15T19:02:58.552-0300] {logging_mixin.py:150} INFO - [2023-08-15T19:02:58.552-0300] {dag.py:2742} INFO - Sync 1 DAGs
[2023-08-15T19:02:58.587-0300] {logging_mixin.py:150} INFO - [2023-08-15T19:02:58.587-0300] {dag.py:3504} INFO - Setting next_dagrun for example_short_circuit_operator to 2023-08-14T22:02:58.586684+00:00, run_after=2023-08-15T22:02:58.586684+00:00
[2023-08-15T19:02:59.240-0300] {processor.py:179} INFO - Processing /home/alan/repos/pipeline_airflow/pipeline-airflow-venv/lib/python3.11/site-packages/airflow/example_dags/example_short_circuit_operator.py took 0.774 seconds
[2023-08-15T19:04:16.047-0300] {processor.py:157} INFO - Started process (PID=28244) to work on /home/alan/repos/pipeline_airflow/pipeline-airflow-venv/lib/python3.11/site-packages/airflow/example_dags/example_short_circuit_operator.py
[2023-08-15T19:04:16.061-0300] {processor.py:826} INFO - Processing file /home/alan/repos/pipeline_airflow/pipeline-airflow-venv/lib/python3.11/site-packages/airflow/example_dags/example_short_circuit_operator.py for tasks to queue
[2023-08-15T19:04:16.063-0300] {logging_mixin.py:150} INFO - [2023-08-15T19:04:16.062-0300] {dagbag.py:541} INFO - Filling up the DagBag from /home/alan/repos/pipeline_airflow/pipeline-airflow-venv/lib/python3.11/site-packages/airflow/example_dags/example_short_circuit_operator.py
[2023-08-15T19:04:16.082-0300] {processor.py:836} INFO - DAG(s) dict_keys(['example_short_circuit_operator']) retrieved from /home/alan/repos/pipeline_airflow/pipeline-airflow-venv/lib/python3.11/site-packages/airflow/example_dags/example_short_circuit_operator.py
[2023-08-15T19:04:16.117-0300] {logging_mixin.py:150} INFO - [2023-08-15T19:04:16.117-0300] {dag.py:2742} INFO - Sync 1 DAGs
[2023-08-15T19:04:16.169-0300] {logging_mixin.py:150} INFO - [2023-08-15T19:04:16.169-0300] {dag.py:3504} INFO - Setting next_dagrun for example_short_circuit_operator to 2023-08-14T22:04:16.168754+00:00, run_after=2023-08-15T22:04:16.168754+00:00
[2023-08-15T19:04:16.784-0300] {processor.py:179} INFO - Processing /home/alan/repos/pipeline_airflow/pipeline-airflow-venv/lib/python3.11/site-packages/airflow/example_dags/example_short_circuit_operator.py took 0.750 seconds
[2023-08-15T19:05:42.410-0300] {processor.py:157} INFO - Started process (PID=28665) to work on /home/alan/repos/pipeline_airflow/pipeline-airflow-venv/lib/python3.11/site-packages/airflow/example_dags/example_short_circuit_operator.py
[2023-08-15T19:05:42.412-0300] {processor.py:826} INFO - Processing file /home/alan/repos/pipeline_airflow/pipeline-airflow-venv/lib/python3.11/site-packages/airflow/example_dags/example_short_circuit_operator.py for tasks to queue
[2023-08-15T19:05:42.413-0300] {logging_mixin.py:150} INFO - [2023-08-15T19:05:42.413-0300] {dagbag.py:541} INFO - Filling up the DagBag from /home/alan/repos/pipeline_airflow/pipeline-airflow-venv/lib/python3.11/site-packages/airflow/example_dags/example_short_circuit_operator.py
[2023-08-15T19:05:42.429-0300] {processor.py:836} INFO - DAG(s) dict_keys(['example_short_circuit_operator']) retrieved from /home/alan/repos/pipeline_airflow/pipeline-airflow-venv/lib/python3.11/site-packages/airflow/example_dags/example_short_circuit_operator.py
[2023-08-15T19:05:42.462-0300] {logging_mixin.py:150} INFO - [2023-08-15T19:05:42.462-0300] {dag.py:2742} INFO - Sync 1 DAGs
[2023-08-15T19:05:42.499-0300] {logging_mixin.py:150} INFO - [2023-08-15T19:05:42.499-0300] {dag.py:3504} INFO - Setting next_dagrun for example_short_circuit_operator to 2023-08-14T22:05:42.499046+00:00, run_after=2023-08-15T22:05:42.499046+00:00
[2023-08-15T19:05:42.629-0300] {processor.py:179} INFO - Processing /home/alan/repos/pipeline_airflow/pipeline-airflow-venv/lib/python3.11/site-packages/airflow/example_dags/example_short_circuit_operator.py took 0.226 seconds
[2023-08-15T19:06:45.654-0300] {processor.py:157} INFO - Started process (PID=28825) to work on /home/alan/repos/pipeline_airflow/pipeline-airflow-venv/lib/python3.11/site-packages/airflow/example_dags/example_short_circuit_operator.py
[2023-08-15T19:06:45.656-0300] {processor.py:826} INFO - Processing file /home/alan/repos/pipeline_airflow/pipeline-airflow-venv/lib/python3.11/site-packages/airflow/example_dags/example_short_circuit_operator.py for tasks to queue
[2023-08-15T19:06:45.657-0300] {logging_mixin.py:150} INFO - [2023-08-15T19:06:45.657-0300] {dagbag.py:541} INFO - Filling up the DagBag from /home/alan/repos/pipeline_airflow/pipeline-airflow-venv/lib/python3.11/site-packages/airflow/example_dags/example_short_circuit_operator.py
[2023-08-15T19:06:45.673-0300] {processor.py:836} INFO - DAG(s) dict_keys(['example_short_circuit_operator']) retrieved from /home/alan/repos/pipeline_airflow/pipeline-airflow-venv/lib/python3.11/site-packages/airflow/example_dags/example_short_circuit_operator.py
[2023-08-15T19:06:45.706-0300] {logging_mixin.py:150} INFO - [2023-08-15T19:06:45.705-0300] {dag.py:2742} INFO - Sync 1 DAGs
[2023-08-15T19:06:45.741-0300] {logging_mixin.py:150} INFO - [2023-08-15T19:06:45.741-0300] {dag.py:3504} INFO - Setting next_dagrun for example_short_circuit_operator to 2023-08-14T22:06:45.740817+00:00, run_after=2023-08-15T22:06:45.740817+00:00
[2023-08-15T19:06:45.860-0300] {processor.py:179} INFO - Processing /home/alan/repos/pipeline_airflow/pipeline-airflow-venv/lib/python3.11/site-packages/airflow/example_dags/example_short_circuit_operator.py took 0.211 seconds
[2023-08-15T19:07:48.607-0300] {processor.py:157} INFO - Started process (PID=29100) to work on /home/alan/repos/pipeline_airflow/pipeline-airflow-venv/lib/python3.11/site-packages/airflow/example_dags/example_short_circuit_operator.py
[2023-08-15T19:07:48.609-0300] {processor.py:826} INFO - Processing file /home/alan/repos/pipeline_airflow/pipeline-airflow-venv/lib/python3.11/site-packages/airflow/example_dags/example_short_circuit_operator.py for tasks to queue
[2023-08-15T19:07:48.610-0300] {logging_mixin.py:150} INFO - [2023-08-15T19:07:48.610-0300] {dagbag.py:541} INFO - Filling up the DagBag from /home/alan/repos/pipeline_airflow/pipeline-airflow-venv/lib/python3.11/site-packages/airflow/example_dags/example_short_circuit_operator.py
[2023-08-15T19:07:48.625-0300] {processor.py:836} INFO - DAG(s) dict_keys(['example_short_circuit_operator']) retrieved from /home/alan/repos/pipeline_airflow/pipeline-airflow-venv/lib/python3.11/site-packages/airflow/example_dags/example_short_circuit_operator.py
[2023-08-15T19:07:48.656-0300] {logging_mixin.py:150} INFO - [2023-08-15T19:07:48.656-0300] {dag.py:2742} INFO - Sync 1 DAGs
[2023-08-15T19:07:48.692-0300] {logging_mixin.py:150} INFO - [2023-08-15T19:07:48.692-0300] {dag.py:3504} INFO - Setting next_dagrun for example_short_circuit_operator to 2023-08-14T22:07:48.691782+00:00, run_after=2023-08-15T22:07:48.691782+00:00
[2023-08-15T19:07:48.800-0300] {processor.py:179} INFO - Processing /home/alan/repos/pipeline_airflow/pipeline-airflow-venv/lib/python3.11/site-packages/airflow/example_dags/example_short_circuit_operator.py took 0.199 seconds
[2023-08-15T19:08:53.952-0300] {processor.py:157} INFO - Started process (PID=29265) to work on /home/alan/repos/pipeline_airflow/pipeline-airflow-venv/lib/python3.11/site-packages/airflow/example_dags/example_short_circuit_operator.py
[2023-08-15T19:08:53.953-0300] {processor.py:826} INFO - Processing file /home/alan/repos/pipeline_airflow/pipeline-airflow-venv/lib/python3.11/site-packages/airflow/example_dags/example_short_circuit_operator.py for tasks to queue
[2023-08-15T19:08:53.955-0300] {logging_mixin.py:150} INFO - [2023-08-15T19:08:53.954-0300] {dagbag.py:541} INFO - Filling up the DagBag from /home/alan/repos/pipeline_airflow/pipeline-airflow-venv/lib/python3.11/site-packages/airflow/example_dags/example_short_circuit_operator.py
[2023-08-15T19:08:53.972-0300] {processor.py:836} INFO - DAG(s) dict_keys(['example_short_circuit_operator']) retrieved from /home/alan/repos/pipeline_airflow/pipeline-airflow-venv/lib/python3.11/site-packages/airflow/example_dags/example_short_circuit_operator.py
[2023-08-15T19:08:54.004-0300] {logging_mixin.py:150} INFO - [2023-08-15T19:08:54.004-0300] {dag.py:2742} INFO - Sync 1 DAGs
[2023-08-15T19:08:54.039-0300] {logging_mixin.py:150} INFO - [2023-08-15T19:08:54.038-0300] {dag.py:3504} INFO - Setting next_dagrun for example_short_circuit_operator to 2023-08-14T22:08:54.038324+00:00, run_after=2023-08-15T22:08:54.038324+00:00
[2023-08-15T19:08:54.171-0300] {processor.py:179} INFO - Processing /home/alan/repos/pipeline_airflow/pipeline-airflow-venv/lib/python3.11/site-packages/airflow/example_dags/example_short_circuit_operator.py took 0.225 seconds
[2023-08-15T19:09:53.858-0300] {processor.py:157} INFO - Started process (PID=29422) to work on /home/alan/repos/pipeline_airflow/pipeline-airflow-venv/lib/python3.11/site-packages/airflow/example_dags/example_short_circuit_operator.py
[2023-08-15T19:09:53.859-0300] {processor.py:826} INFO - Processing file /home/alan/repos/pipeline_airflow/pipeline-airflow-venv/lib/python3.11/site-packages/airflow/example_dags/example_short_circuit_operator.py for tasks to queue
[2023-08-15T19:09:53.861-0300] {logging_mixin.py:150} INFO - [2023-08-15T19:09:53.860-0300] {dagbag.py:541} INFO - Filling up the DagBag from /home/alan/repos/pipeline_airflow/pipeline-airflow-venv/lib/python3.11/site-packages/airflow/example_dags/example_short_circuit_operator.py
[2023-08-15T19:09:53.877-0300] {processor.py:836} INFO - DAG(s) dict_keys(['example_short_circuit_operator']) retrieved from /home/alan/repos/pipeline_airflow/pipeline-airflow-venv/lib/python3.11/site-packages/airflow/example_dags/example_short_circuit_operator.py
[2023-08-15T19:09:53.911-0300] {logging_mixin.py:150} INFO - [2023-08-15T19:09:53.911-0300] {dag.py:2742} INFO - Sync 1 DAGs
[2023-08-15T19:09:53.949-0300] {logging_mixin.py:150} INFO - [2023-08-15T19:09:53.949-0300] {dag.py:3504} INFO - Setting next_dagrun for example_short_circuit_operator to 2023-08-14T22:09:53.948812+00:00, run_after=2023-08-15T22:09:53.948812+00:00
[2023-08-15T19:09:54.059-0300] {processor.py:179} INFO - Processing /home/alan/repos/pipeline_airflow/pipeline-airflow-venv/lib/python3.11/site-packages/airflow/example_dags/example_short_circuit_operator.py took 0.207 seconds
[2023-08-15T19:10:53.340-0300] {processor.py:157} INFO - Started process (PID=29580) to work on /home/alan/repos/pipeline_airflow/pipeline-airflow-venv/lib/python3.11/site-packages/airflow/example_dags/example_short_circuit_operator.py
[2023-08-15T19:10:53.341-0300] {processor.py:826} INFO - Processing file /home/alan/repos/pipeline_airflow/pipeline-airflow-venv/lib/python3.11/site-packages/airflow/example_dags/example_short_circuit_operator.py for tasks to queue
[2023-08-15T19:10:53.343-0300] {logging_mixin.py:150} INFO - [2023-08-15T19:10:53.342-0300] {dagbag.py:541} INFO - Filling up the DagBag from /home/alan/repos/pipeline_airflow/pipeline-airflow-venv/lib/python3.11/site-packages/airflow/example_dags/example_short_circuit_operator.py
[2023-08-15T19:10:53.358-0300] {processor.py:836} INFO - DAG(s) dict_keys(['example_short_circuit_operator']) retrieved from /home/alan/repos/pipeline_airflow/pipeline-airflow-venv/lib/python3.11/site-packages/airflow/example_dags/example_short_circuit_operator.py
[2023-08-15T19:10:53.393-0300] {logging_mixin.py:150} INFO - [2023-08-15T19:10:53.393-0300] {dag.py:2742} INFO - Sync 1 DAGs
[2023-08-15T19:10:53.429-0300] {logging_mixin.py:150} INFO - [2023-08-15T19:10:53.428-0300] {dag.py:3504} INFO - Setting next_dagrun for example_short_circuit_operator to 2023-08-14T22:10:53.428251+00:00, run_after=2023-08-15T22:10:53.428251+00:00
[2023-08-15T19:10:53.533-0300] {processor.py:179} INFO - Processing /home/alan/repos/pipeline_airflow/pipeline-airflow-venv/lib/python3.11/site-packages/airflow/example_dags/example_short_circuit_operator.py took 0.199 seconds
[2023-08-15T19:11:55.331-0300] {processor.py:157} INFO - Started process (PID=29808) to work on /home/alan/repos/pipeline_airflow/pipeline-airflow-venv/lib/python3.11/site-packages/airflow/example_dags/example_short_circuit_operator.py
[2023-08-15T19:11:55.333-0300] {processor.py:826} INFO - Processing file /home/alan/repos/pipeline_airflow/pipeline-airflow-venv/lib/python3.11/site-packages/airflow/example_dags/example_short_circuit_operator.py for tasks to queue
[2023-08-15T19:11:55.335-0300] {logging_mixin.py:150} INFO - [2023-08-15T19:11:55.334-0300] {dagbag.py:541} INFO - Filling up the DagBag from /home/alan/repos/pipeline_airflow/pipeline-airflow-venv/lib/python3.11/site-packages/airflow/example_dags/example_short_circuit_operator.py
[2023-08-15T19:11:55.352-0300] {processor.py:836} INFO - DAG(s) dict_keys(['example_short_circuit_operator']) retrieved from /home/alan/repos/pipeline_airflow/pipeline-airflow-venv/lib/python3.11/site-packages/airflow/example_dags/example_short_circuit_operator.py
[2023-08-15T19:11:55.384-0300] {logging_mixin.py:150} INFO - [2023-08-15T19:11:55.384-0300] {dag.py:2742} INFO - Sync 1 DAGs
[2023-08-15T19:11:55.420-0300] {logging_mixin.py:150} INFO - [2023-08-15T19:11:55.420-0300] {dag.py:3504} INFO - Setting next_dagrun for example_short_circuit_operator to 2023-08-14T22:11:55.420012+00:00, run_after=2023-08-15T22:11:55.420012+00:00
[2023-08-15T19:11:55.539-0300] {processor.py:179} INFO - Processing /home/alan/repos/pipeline_airflow/pipeline-airflow-venv/lib/python3.11/site-packages/airflow/example_dags/example_short_circuit_operator.py took 0.213 seconds
[2023-08-15T19:12:57.027-0300] {processor.py:157} INFO - Started process (PID=30006) to work on /home/alan/repos/pipeline_airflow/pipeline-airflow-venv/lib/python3.11/site-packages/airflow/example_dags/example_short_circuit_operator.py
[2023-08-15T19:12:57.032-0300] {processor.py:826} INFO - Processing file /home/alan/repos/pipeline_airflow/pipeline-airflow-venv/lib/python3.11/site-packages/airflow/example_dags/example_short_circuit_operator.py for tasks to queue
[2023-08-15T19:12:57.034-0300] {logging_mixin.py:150} INFO - [2023-08-15T19:12:57.033-0300] {dagbag.py:541} INFO - Filling up the DagBag from /home/alan/repos/pipeline_airflow/pipeline-airflow-venv/lib/python3.11/site-packages/airflow/example_dags/example_short_circuit_operator.py
[2023-08-15T19:12:57.051-0300] {processor.py:836} INFO - DAG(s) dict_keys(['example_short_circuit_operator']) retrieved from /home/alan/repos/pipeline_airflow/pipeline-airflow-venv/lib/python3.11/site-packages/airflow/example_dags/example_short_circuit_operator.py
[2023-08-15T19:12:57.092-0300] {logging_mixin.py:150} INFO - [2023-08-15T19:12:57.091-0300] {dag.py:2742} INFO - Sync 1 DAGs
[2023-08-15T19:12:57.142-0300] {logging_mixin.py:150} INFO - [2023-08-15T19:12:57.142-0300] {dag.py:3504} INFO - Setting next_dagrun for example_short_circuit_operator to 2023-08-14T22:12:57.141904+00:00, run_after=2023-08-15T22:12:57.141904+00:00
[2023-08-15T19:12:57.400-0300] {processor.py:179} INFO - Processing /home/alan/repos/pipeline_airflow/pipeline-airflow-venv/lib/python3.11/site-packages/airflow/example_dags/example_short_circuit_operator.py took 0.382 seconds
[2023-08-15T19:13:56.785-0300] {processor.py:157} INFO - Started process (PID=30160) to work on /home/alan/repos/pipeline_airflow/pipeline-airflow-venv/lib/python3.11/site-packages/airflow/example_dags/example_short_circuit_operator.py
[2023-08-15T19:13:56.802-0300] {processor.py:826} INFO - Processing file /home/alan/repos/pipeline_airflow/pipeline-airflow-venv/lib/python3.11/site-packages/airflow/example_dags/example_short_circuit_operator.py for tasks to queue
[2023-08-15T19:13:56.804-0300] {logging_mixin.py:150} INFO - [2023-08-15T19:13:56.803-0300] {dagbag.py:541} INFO - Filling up the DagBag from /home/alan/repos/pipeline_airflow/pipeline-airflow-venv/lib/python3.11/site-packages/airflow/example_dags/example_short_circuit_operator.py
[2023-08-15T19:13:56.823-0300] {processor.py:836} INFO - DAG(s) dict_keys(['example_short_circuit_operator']) retrieved from /home/alan/repos/pipeline_airflow/pipeline-airflow-venv/lib/python3.11/site-packages/airflow/example_dags/example_short_circuit_operator.py
[2023-08-15T19:13:56.858-0300] {logging_mixin.py:150} INFO - [2023-08-15T19:13:56.858-0300] {dag.py:2742} INFO - Sync 1 DAGs
[2023-08-15T19:13:56.896-0300] {logging_mixin.py:150} INFO - [2023-08-15T19:13:56.896-0300] {dag.py:3504} INFO - Setting next_dagrun for example_short_circuit_operator to 2023-08-14T22:13:56.895912+00:00, run_after=2023-08-15T22:13:56.895912+00:00
[2023-08-15T19:13:57.022-0300] {processor.py:179} INFO - Processing /home/alan/repos/pipeline_airflow/pipeline-airflow-venv/lib/python3.11/site-packages/airflow/example_dags/example_short_circuit_operator.py took 0.242 seconds
[2023-08-15T19:14:55.290-0300] {processor.py:157} INFO - Started process (PID=30310) to work on /home/alan/repos/pipeline_airflow/pipeline-airflow-venv/lib/python3.11/site-packages/airflow/example_dags/example_short_circuit_operator.py
[2023-08-15T19:14:55.297-0300] {processor.py:826} INFO - Processing file /home/alan/repos/pipeline_airflow/pipeline-airflow-venv/lib/python3.11/site-packages/airflow/example_dags/example_short_circuit_operator.py for tasks to queue
[2023-08-15T19:14:55.298-0300] {logging_mixin.py:150} INFO - [2023-08-15T19:14:55.297-0300] {dagbag.py:541} INFO - Filling up the DagBag from /home/alan/repos/pipeline_airflow/pipeline-airflow-venv/lib/python3.11/site-packages/airflow/example_dags/example_short_circuit_operator.py
[2023-08-15T19:14:55.315-0300] {processor.py:836} INFO - DAG(s) dict_keys(['example_short_circuit_operator']) retrieved from /home/alan/repos/pipeline_airflow/pipeline-airflow-venv/lib/python3.11/site-packages/airflow/example_dags/example_short_circuit_operator.py
[2023-08-15T19:14:55.351-0300] {logging_mixin.py:150} INFO - [2023-08-15T19:14:55.351-0300] {dag.py:2742} INFO - Sync 1 DAGs
[2023-08-15T19:14:55.401-0300] {logging_mixin.py:150} INFO - [2023-08-15T19:14:55.400-0300] {dag.py:3504} INFO - Setting next_dagrun for example_short_circuit_operator to 2023-08-14T22:14:55.400295+00:00, run_after=2023-08-15T22:14:55.400295+00:00
[2023-08-15T19:14:55.528-0300] {processor.py:179} INFO - Processing /home/alan/repos/pipeline_airflow/pipeline-airflow-venv/lib/python3.11/site-packages/airflow/example_dags/example_short_circuit_operator.py took 0.250 seconds
[2023-08-15T19:15:49.658-0300] {processor.py:157} INFO - Started process (PID=30449) to work on /home/alan/repos/pipeline_airflow/pipeline-airflow-venv/lib/python3.11/site-packages/airflow/example_dags/example_short_circuit_operator.py
[2023-08-15T19:15:49.674-0300] {processor.py:826} INFO - Processing file /home/alan/repos/pipeline_airflow/pipeline-airflow-venv/lib/python3.11/site-packages/airflow/example_dags/example_short_circuit_operator.py for tasks to queue
[2023-08-15T19:15:49.677-0300] {logging_mixin.py:150} INFO - [2023-08-15T19:15:49.676-0300] {dagbag.py:541} INFO - Filling up the DagBag from /home/alan/repos/pipeline_airflow/pipeline-airflow-venv/lib/python3.11/site-packages/airflow/example_dags/example_short_circuit_operator.py
[2023-08-15T19:15:49.694-0300] {processor.py:836} INFO - DAG(s) dict_keys(['example_short_circuit_operator']) retrieved from /home/alan/repos/pipeline_airflow/pipeline-airflow-venv/lib/python3.11/site-packages/airflow/example_dags/example_short_circuit_operator.py
[2023-08-15T19:15:49.727-0300] {logging_mixin.py:150} INFO - [2023-08-15T19:15:49.727-0300] {dag.py:2742} INFO - Sync 1 DAGs
[2023-08-15T19:15:49.766-0300] {logging_mixin.py:150} INFO - [2023-08-15T19:15:49.766-0300] {dag.py:3504} INFO - Setting next_dagrun for example_short_circuit_operator to 2023-08-14T22:15:49.765957+00:00, run_after=2023-08-15T22:15:49.765957+00:00
[2023-08-15T19:15:49.931-0300] {processor.py:179} INFO - Processing /home/alan/repos/pipeline_airflow/pipeline-airflow-venv/lib/python3.11/site-packages/airflow/example_dags/example_short_circuit_operator.py took 0.281 seconds
[2023-08-15T19:16:49.251-0300] {processor.py:157} INFO - Started process (PID=30611) to work on /home/alan/repos/pipeline_airflow/pipeline-airflow-venv/lib/python3.11/site-packages/airflow/example_dags/example_short_circuit_operator.py
[2023-08-15T19:16:49.263-0300] {processor.py:826} INFO - Processing file /home/alan/repos/pipeline_airflow/pipeline-airflow-venv/lib/python3.11/site-packages/airflow/example_dags/example_short_circuit_operator.py for tasks to queue
[2023-08-15T19:16:49.264-0300] {logging_mixin.py:150} INFO - [2023-08-15T19:16:49.263-0300] {dagbag.py:541} INFO - Filling up the DagBag from /home/alan/repos/pipeline_airflow/pipeline-airflow-venv/lib/python3.11/site-packages/airflow/example_dags/example_short_circuit_operator.py
[2023-08-15T19:16:49.288-0300] {processor.py:836} INFO - DAG(s) dict_keys(['example_short_circuit_operator']) retrieved from /home/alan/repos/pipeline_airflow/pipeline-airflow-venv/lib/python3.11/site-packages/airflow/example_dags/example_short_circuit_operator.py
[2023-08-15T19:16:49.329-0300] {logging_mixin.py:150} INFO - [2023-08-15T19:16:49.329-0300] {dag.py:2742} INFO - Sync 1 DAGs
[2023-08-15T19:16:49.373-0300] {logging_mixin.py:150} INFO - [2023-08-15T19:16:49.373-0300] {dag.py:3504} INFO - Setting next_dagrun for example_short_circuit_operator to 2023-08-14T22:16:49.372757+00:00, run_after=2023-08-15T22:16:49.372757+00:00
[2023-08-15T19:16:49.497-0300] {processor.py:179} INFO - Processing /home/alan/repos/pipeline_airflow/pipeline-airflow-venv/lib/python3.11/site-packages/airflow/example_dags/example_short_circuit_operator.py took 0.255 seconds
[2023-08-15T19:17:50.967-0300] {processor.py:157} INFO - Started process (PID=30770) to work on /home/alan/repos/pipeline_airflow/pipeline-airflow-venv/lib/python3.11/site-packages/airflow/example_dags/example_short_circuit_operator.py
[2023-08-15T19:17:50.978-0300] {processor.py:826} INFO - Processing file /home/alan/repos/pipeline_airflow/pipeline-airflow-venv/lib/python3.11/site-packages/airflow/example_dags/example_short_circuit_operator.py for tasks to queue
[2023-08-15T19:17:50.980-0300] {logging_mixin.py:150} INFO - [2023-08-15T19:17:50.979-0300] {dagbag.py:541} INFO - Filling up the DagBag from /home/alan/repos/pipeline_airflow/pipeline-airflow-venv/lib/python3.11/site-packages/airflow/example_dags/example_short_circuit_operator.py
[2023-08-15T19:17:50.999-0300] {processor.py:836} INFO - DAG(s) dict_keys(['example_short_circuit_operator']) retrieved from /home/alan/repos/pipeline_airflow/pipeline-airflow-venv/lib/python3.11/site-packages/airflow/example_dags/example_short_circuit_operator.py
[2023-08-15T19:17:51.037-0300] {logging_mixin.py:150} INFO - [2023-08-15T19:17:51.037-0300] {dag.py:2742} INFO - Sync 1 DAGs
[2023-08-15T19:17:51.073-0300] {logging_mixin.py:150} INFO - [2023-08-15T19:17:51.073-0300] {dag.py:3504} INFO - Setting next_dagrun for example_short_circuit_operator to 2023-08-14T22:17:51.073172+00:00, run_after=2023-08-15T22:17:51.073172+00:00
[2023-08-15T19:17:51.193-0300] {processor.py:179} INFO - Processing /home/alan/repos/pipeline_airflow/pipeline-airflow-venv/lib/python3.11/site-packages/airflow/example_dags/example_short_circuit_operator.py took 0.232 seconds
[2023-08-15T19:18:47.606-0300] {processor.py:157} INFO - Started process (PID=30919) to work on /home/alan/repos/pipeline_airflow/pipeline-airflow-venv/lib/python3.11/site-packages/airflow/example_dags/example_short_circuit_operator.py
[2023-08-15T19:18:47.612-0300] {processor.py:826} INFO - Processing file /home/alan/repos/pipeline_airflow/pipeline-airflow-venv/lib/python3.11/site-packages/airflow/example_dags/example_short_circuit_operator.py for tasks to queue
[2023-08-15T19:18:47.614-0300] {logging_mixin.py:150} INFO - [2023-08-15T19:18:47.613-0300] {dagbag.py:541} INFO - Filling up the DagBag from /home/alan/repos/pipeline_airflow/pipeline-airflow-venv/lib/python3.11/site-packages/airflow/example_dags/example_short_circuit_operator.py
[2023-08-15T19:18:47.637-0300] {processor.py:836} INFO - DAG(s) dict_keys(['example_short_circuit_operator']) retrieved from /home/alan/repos/pipeline_airflow/pipeline-airflow-venv/lib/python3.11/site-packages/airflow/example_dags/example_short_circuit_operator.py
[2023-08-15T19:18:47.677-0300] {logging_mixin.py:150} INFO - [2023-08-15T19:18:47.677-0300] {dag.py:2742} INFO - Sync 1 DAGs
[2023-08-15T19:18:47.719-0300] {logging_mixin.py:150} INFO - [2023-08-15T19:18:47.719-0300] {dag.py:3504} INFO - Setting next_dagrun for example_short_circuit_operator to 2023-08-14T22:18:47.719004+00:00, run_after=2023-08-15T22:18:47.719004+00:00
[2023-08-15T19:18:47.846-0300] {processor.py:179} INFO - Processing /home/alan/repos/pipeline_airflow/pipeline-airflow-venv/lib/python3.11/site-packages/airflow/example_dags/example_short_circuit_operator.py took 0.249 seconds
[2023-08-15T19:19:44.316-0300] {processor.py:157} INFO - Started process (PID=31060) to work on /home/alan/repos/pipeline_airflow/pipeline-airflow-venv/lib/python3.11/site-packages/airflow/example_dags/example_short_circuit_operator.py
[2023-08-15T19:19:44.318-0300] {processor.py:826} INFO - Processing file /home/alan/repos/pipeline_airflow/pipeline-airflow-venv/lib/python3.11/site-packages/airflow/example_dags/example_short_circuit_operator.py for tasks to queue
[2023-08-15T19:19:44.320-0300] {logging_mixin.py:150} INFO - [2023-08-15T19:19:44.319-0300] {dagbag.py:541} INFO - Filling up the DagBag from /home/alan/repos/pipeline_airflow/pipeline-airflow-venv/lib/python3.11/site-packages/airflow/example_dags/example_short_circuit_operator.py
[2023-08-15T19:19:44.338-0300] {processor.py:836} INFO - DAG(s) dict_keys(['example_short_circuit_operator']) retrieved from /home/alan/repos/pipeline_airflow/pipeline-airflow-venv/lib/python3.11/site-packages/airflow/example_dags/example_short_circuit_operator.py
[2023-08-15T19:19:44.371-0300] {logging_mixin.py:150} INFO - [2023-08-15T19:19:44.371-0300] {dag.py:2742} INFO - Sync 1 DAGs
[2023-08-15T19:19:44.406-0300] {logging_mixin.py:150} INFO - [2023-08-15T19:19:44.406-0300] {dag.py:3504} INFO - Setting next_dagrun for example_short_circuit_operator to 2023-08-14T22:19:44.406083+00:00, run_after=2023-08-15T22:19:44.406083+00:00
[2023-08-15T19:19:44.516-0300] {processor.py:179} INFO - Processing /home/alan/repos/pipeline_airflow/pipeline-airflow-venv/lib/python3.11/site-packages/airflow/example_dags/example_short_circuit_operator.py took 0.207 seconds
[2023-08-15T19:20:54.370-0300] {processor.py:157} INFO - Started process (PID=31396) to work on /home/alan/repos/pipeline_airflow/pipeline-airflow-venv/lib/python3.11/site-packages/airflow/example_dags/example_short_circuit_operator.py
[2023-08-15T19:20:54.387-0300] {processor.py:826} INFO - Processing file /home/alan/repos/pipeline_airflow/pipeline-airflow-venv/lib/python3.11/site-packages/airflow/example_dags/example_short_circuit_operator.py for tasks to queue
[2023-08-15T19:20:54.388-0300] {logging_mixin.py:150} INFO - [2023-08-15T19:20:54.388-0300] {dagbag.py:541} INFO - Filling up the DagBag from /home/alan/repos/pipeline_airflow/pipeline-airflow-venv/lib/python3.11/site-packages/airflow/example_dags/example_short_circuit_operator.py
[2023-08-15T19:20:54.408-0300] {processor.py:836} INFO - DAG(s) dict_keys(['example_short_circuit_operator']) retrieved from /home/alan/repos/pipeline_airflow/pipeline-airflow-venv/lib/python3.11/site-packages/airflow/example_dags/example_short_circuit_operator.py
[2023-08-15T19:20:54.449-0300] {logging_mixin.py:150} INFO - [2023-08-15T19:20:54.449-0300] {dag.py:2742} INFO - Sync 1 DAGs
[2023-08-15T19:20:54.493-0300] {logging_mixin.py:150} INFO - [2023-08-15T19:20:54.493-0300] {dag.py:3504} INFO - Setting next_dagrun for example_short_circuit_operator to 2023-08-14T22:20:54.493177+00:00, run_after=2023-08-15T22:20:54.493177+00:00
[2023-08-15T19:20:54.609-0300] {processor.py:179} INFO - Processing /home/alan/repos/pipeline_airflow/pipeline-airflow-venv/lib/python3.11/site-packages/airflow/example_dags/example_short_circuit_operator.py took 0.247 seconds
[2023-08-15T19:22:04.381-0300] {processor.py:157} INFO - Started process (PID=31635) to work on /home/alan/repos/pipeline_airflow/pipeline-airflow-venv/lib/python3.11/site-packages/airflow/example_dags/example_short_circuit_operator.py
[2023-08-15T19:22:04.705-0300] {processor.py:826} INFO - Processing file /home/alan/repos/pipeline_airflow/pipeline-airflow-venv/lib/python3.11/site-packages/airflow/example_dags/example_short_circuit_operator.py for tasks to queue
[2023-08-15T19:22:04.708-0300] {logging_mixin.py:150} INFO - [2023-08-15T19:22:04.707-0300] {dagbag.py:541} INFO - Filling up the DagBag from /home/alan/repos/pipeline_airflow/pipeline-airflow-venv/lib/python3.11/site-packages/airflow/example_dags/example_short_circuit_operator.py
[2023-08-15T19:22:04.741-0300] {processor.py:836} INFO - DAG(s) dict_keys(['example_short_circuit_operator']) retrieved from /home/alan/repos/pipeline_airflow/pipeline-airflow-venv/lib/python3.11/site-packages/airflow/example_dags/example_short_circuit_operator.py
[2023-08-15T19:22:04.795-0300] {logging_mixin.py:150} INFO - [2023-08-15T19:22:04.795-0300] {dag.py:2742} INFO - Sync 1 DAGs
[2023-08-15T19:22:04.834-0300] {logging_mixin.py:150} INFO - [2023-08-15T19:22:04.833-0300] {dag.py:3504} INFO - Setting next_dagrun for example_short_circuit_operator to 2023-08-14T22:22:04.833430+00:00, run_after=2023-08-15T22:22:04.833430+00:00
[2023-08-15T19:22:06.183-0300] {processor.py:179} INFO - Processing /home/alan/repos/pipeline_airflow/pipeline-airflow-venv/lib/python3.11/site-packages/airflow/example_dags/example_short_circuit_operator.py took 1.809 seconds
