[2023-08-15T18:19:28.913-0300] {processor.py:157} INFO - Started process (PID=18206) to work on /home/alan/repos/pipeline_airflow/pipeline-airflow-venv/lib/python3.11/site-packages/airflow/example_dags/example_task_group.py
[2023-08-15T18:19:28.915-0300] {processor.py:826} INFO - Processing file /home/alan/repos/pipeline_airflow/pipeline-airflow-venv/lib/python3.11/site-packages/airflow/example_dags/example_task_group.py for tasks to queue
[2023-08-15T18:19:28.916-0300] {logging_mixin.py:150} INFO - [2023-08-15T18:19:28.915-0300] {dagbag.py:541} INFO - Filling up the DagBag from /home/alan/repos/pipeline_airflow/pipeline-airflow-venv/lib/python3.11/site-packages/airflow/example_dags/example_task_group.py
[2023-08-15T18:19:28.934-0300] {processor.py:836} INFO - DAG(s) dict_keys(['example_task_group']) retrieved from /home/alan/repos/pipeline_airflow/pipeline-airflow-venv/lib/python3.11/site-packages/airflow/example_dags/example_task_group.py
[2023-08-15T18:19:29.299-0300] {logging_mixin.py:150} INFO - [2023-08-15T18:19:29.298-0300] {manager.py:504} INFO - Created Permission View: can delete on DAG:example_task_group
[2023-08-15T18:19:29.387-0300] {logging_mixin.py:150} INFO - [2023-08-15T18:19:29.387-0300] {manager.py:504} INFO - Created Permission View: can edit on DAG:example_task_group
[2023-08-15T18:19:29.476-0300] {logging_mixin.py:150} INFO - [2023-08-15T18:19:29.475-0300] {manager.py:504} INFO - Created Permission View: can read on DAG:example_task_group
[2023-08-15T18:19:29.498-0300] {logging_mixin.py:150} INFO - [2023-08-15T18:19:29.498-0300] {dag.py:2742} INFO - Sync 1 DAGs
[2023-08-15T18:19:29.516-0300] {logging_mixin.py:150} INFO - [2023-08-15T18:19:29.516-0300] {dag.py:2763} INFO - Creating ORM DAG for example_task_group
[2023-08-15T18:19:29.537-0300] {logging_mixin.py:150} INFO - [2023-08-15T18:19:29.536-0300] {dag.py:3504} INFO - Setting next_dagrun for example_task_group to 2023-08-14T21:19:29.536456+00:00, run_after=2023-08-15T21:19:29.536456+00:00
[2023-08-15T18:19:29.677-0300] {processor.py:179} INFO - Processing /home/alan/repos/pipeline_airflow/pipeline-airflow-venv/lib/python3.11/site-packages/airflow/example_dags/example_task_group.py took 0.769 seconds
[2023-08-15T18:20:54.949-0300] {processor.py:157} INFO - Started process (PID=18794) to work on /home/alan/repos/pipeline_airflow/pipeline-airflow-venv/lib/python3.11/site-packages/airflow/example_dags/example_task_group.py
[2023-08-15T18:20:54.960-0300] {processor.py:826} INFO - Processing file /home/alan/repos/pipeline_airflow/pipeline-airflow-venv/lib/python3.11/site-packages/airflow/example_dags/example_task_group.py for tasks to queue
[2023-08-15T18:20:54.962-0300] {logging_mixin.py:150} INFO - [2023-08-15T18:20:54.961-0300] {dagbag.py:541} INFO - Filling up the DagBag from /home/alan/repos/pipeline_airflow/pipeline-airflow-venv/lib/python3.11/site-packages/airflow/example_dags/example_task_group.py
[2023-08-15T18:20:54.980-0300] {processor.py:836} INFO - DAG(s) dict_keys(['example_task_group']) retrieved from /home/alan/repos/pipeline_airflow/pipeline-airflow-venv/lib/python3.11/site-packages/airflow/example_dags/example_task_group.py
[2023-08-15T18:20:55.011-0300] {logging_mixin.py:150} INFO - [2023-08-15T18:20:55.011-0300] {dag.py:2742} INFO - Sync 1 DAGs
[2023-08-15T18:20:55.045-0300] {logging_mixin.py:150} INFO - [2023-08-15T18:20:55.045-0300] {dag.py:3504} INFO - Setting next_dagrun for example_task_group to 2023-08-14T21:20:55.044767+00:00, run_after=2023-08-15T21:20:55.044767+00:00
[2023-08-15T18:20:55.158-0300] {processor.py:179} INFO - Processing /home/alan/repos/pipeline_airflow/pipeline-airflow-venv/lib/python3.11/site-packages/airflow/example_dags/example_task_group.py took 0.215 seconds
[2023-08-15T18:21:50.415-0300] {processor.py:157} INFO - Started process (PID=18994) to work on /home/alan/repos/pipeline_airflow/pipeline-airflow-venv/lib/python3.11/site-packages/airflow/example_dags/example_task_group.py
[2023-08-15T18:21:50.417-0300] {processor.py:826} INFO - Processing file /home/alan/repos/pipeline_airflow/pipeline-airflow-venv/lib/python3.11/site-packages/airflow/example_dags/example_task_group.py for tasks to queue
[2023-08-15T18:21:50.418-0300] {logging_mixin.py:150} INFO - [2023-08-15T18:21:50.418-0300] {dagbag.py:541} INFO - Filling up the DagBag from /home/alan/repos/pipeline_airflow/pipeline-airflow-venv/lib/python3.11/site-packages/airflow/example_dags/example_task_group.py
[2023-08-15T18:21:50.433-0300] {processor.py:836} INFO - DAG(s) dict_keys(['example_task_group']) retrieved from /home/alan/repos/pipeline_airflow/pipeline-airflow-venv/lib/python3.11/site-packages/airflow/example_dags/example_task_group.py
[2023-08-15T18:21:50.462-0300] {logging_mixin.py:150} INFO - [2023-08-15T18:21:50.462-0300] {dag.py:2742} INFO - Sync 1 DAGs
[2023-08-15T18:21:50.497-0300] {logging_mixin.py:150} INFO - [2023-08-15T18:21:50.496-0300] {dag.py:3504} INFO - Setting next_dagrun for example_task_group to 2023-08-14T21:21:50.496440+00:00, run_after=2023-08-15T21:21:50.496440+00:00
[2023-08-15T18:21:50.604-0300] {processor.py:179} INFO - Processing /home/alan/repos/pipeline_airflow/pipeline-airflow-venv/lib/python3.11/site-packages/airflow/example_dags/example_task_group.py took 0.194 seconds
[2023-08-15T18:22:43.352-0300] {processor.py:157} INFO - Started process (PID=19184) to work on /home/alan/repos/pipeline_airflow/pipeline-airflow-venv/lib/python3.11/site-packages/airflow/example_dags/example_task_group.py
[2023-08-15T18:22:43.358-0300] {processor.py:826} INFO - Processing file /home/alan/repos/pipeline_airflow/pipeline-airflow-venv/lib/python3.11/site-packages/airflow/example_dags/example_task_group.py for tasks to queue
[2023-08-15T18:22:43.360-0300] {logging_mixin.py:150} INFO - [2023-08-15T18:22:43.359-0300] {dagbag.py:541} INFO - Filling up the DagBag from /home/alan/repos/pipeline_airflow/pipeline-airflow-venv/lib/python3.11/site-packages/airflow/example_dags/example_task_group.py
[2023-08-15T18:22:43.378-0300] {processor.py:836} INFO - DAG(s) dict_keys(['example_task_group']) retrieved from /home/alan/repos/pipeline_airflow/pipeline-airflow-venv/lib/python3.11/site-packages/airflow/example_dags/example_task_group.py
[2023-08-15T18:22:43.409-0300] {logging_mixin.py:150} INFO - [2023-08-15T18:22:43.409-0300] {dag.py:2742} INFO - Sync 1 DAGs
[2023-08-15T18:22:43.446-0300] {logging_mixin.py:150} INFO - [2023-08-15T18:22:43.446-0300] {dag.py:3504} INFO - Setting next_dagrun for example_task_group to 2023-08-14T21:22:43.445849+00:00, run_after=2023-08-15T21:22:43.445849+00:00
[2023-08-15T18:22:43.553-0300] {processor.py:179} INFO - Processing /home/alan/repos/pipeline_airflow/pipeline-airflow-venv/lib/python3.11/site-packages/airflow/example_dags/example_task_group.py took 0.208 seconds
[2023-08-15T18:23:42.113-0300] {processor.py:157} INFO - Started process (PID=19384) to work on /home/alan/repos/pipeline_airflow/pipeline-airflow-venv/lib/python3.11/site-packages/airflow/example_dags/example_task_group.py
[2023-08-15T18:23:42.128-0300] {processor.py:826} INFO - Processing file /home/alan/repos/pipeline_airflow/pipeline-airflow-venv/lib/python3.11/site-packages/airflow/example_dags/example_task_group.py for tasks to queue
[2023-08-15T18:23:42.129-0300] {logging_mixin.py:150} INFO - [2023-08-15T18:23:42.129-0300] {dagbag.py:541} INFO - Filling up the DagBag from /home/alan/repos/pipeline_airflow/pipeline-airflow-venv/lib/python3.11/site-packages/airflow/example_dags/example_task_group.py
[2023-08-15T18:23:42.155-0300] {processor.py:836} INFO - DAG(s) dict_keys(['example_task_group']) retrieved from /home/alan/repos/pipeline_airflow/pipeline-airflow-venv/lib/python3.11/site-packages/airflow/example_dags/example_task_group.py
[2023-08-15T18:23:42.219-0300] {logging_mixin.py:150} INFO - [2023-08-15T18:23:42.219-0300] {dag.py:2742} INFO - Sync 1 DAGs
[2023-08-15T18:23:42.568-0300] {logging_mixin.py:150} INFO - [2023-08-15T18:23:42.567-0300] {dag.py:3504} INFO - Setting next_dagrun for example_task_group to 2023-08-14T21:23:42.567365+00:00, run_after=2023-08-15T21:23:42.567365+00:00
[2023-08-15T18:23:42.840-0300] {processor.py:179} INFO - Processing /home/alan/repos/pipeline_airflow/pipeline-airflow-venv/lib/python3.11/site-packages/airflow/example_dags/example_task_group.py took 0.740 seconds
[2023-08-15T18:24:57.861-0300] {processor.py:157} INFO - Started process (PID=19868) to work on /home/alan/repos/pipeline_airflow/pipeline-airflow-venv/lib/python3.11/site-packages/airflow/example_dags/example_task_group.py
[2023-08-15T18:24:57.903-0300] {processor.py:826} INFO - Processing file /home/alan/repos/pipeline_airflow/pipeline-airflow-venv/lib/python3.11/site-packages/airflow/example_dags/example_task_group.py for tasks to queue
[2023-08-15T18:24:57.914-0300] {logging_mixin.py:150} INFO - [2023-08-15T18:24:57.913-0300] {dagbag.py:541} INFO - Filling up the DagBag from /home/alan/repos/pipeline_airflow/pipeline-airflow-venv/lib/python3.11/site-packages/airflow/example_dags/example_task_group.py
[2023-08-15T18:24:57.928-0300] {processor.py:836} INFO - DAG(s) dict_keys(['example_task_group']) retrieved from /home/alan/repos/pipeline_airflow/pipeline-airflow-venv/lib/python3.11/site-packages/airflow/example_dags/example_task_group.py
[2023-08-15T18:24:58.142-0300] {logging_mixin.py:150} INFO - [2023-08-15T18:24:58.142-0300] {dag.py:2742} INFO - Sync 1 DAGs
[2023-08-15T18:24:58.190-0300] {logging_mixin.py:150} INFO - [2023-08-15T18:24:58.190-0300] {dag.py:3504} INFO - Setting next_dagrun for example_task_group to 2023-08-14T21:24:58.190254+00:00, run_after=2023-08-15T21:24:58.190254+00:00
[2023-08-15T18:24:58.543-0300] {processor.py:179} INFO - Processing /home/alan/repos/pipeline_airflow/pipeline-airflow-venv/lib/python3.11/site-packages/airflow/example_dags/example_task_group.py took 0.687 seconds
[2023-08-15T18:26:26.210-0300] {processor.py:157} INFO - Started process (PID=20721) to work on /home/alan/repos/pipeline_airflow/pipeline-airflow-venv/lib/python3.11/site-packages/airflow/example_dags/example_task_group.py
[2023-08-15T18:26:26.218-0300] {processor.py:826} INFO - Processing file /home/alan/repos/pipeline_airflow/pipeline-airflow-venv/lib/python3.11/site-packages/airflow/example_dags/example_task_group.py for tasks to queue
[2023-08-15T18:26:26.219-0300] {logging_mixin.py:150} INFO - [2023-08-15T18:26:26.219-0300] {dagbag.py:541} INFO - Filling up the DagBag from /home/alan/repos/pipeline_airflow/pipeline-airflow-venv/lib/python3.11/site-packages/airflow/example_dags/example_task_group.py
[2023-08-15T18:26:26.234-0300] {processor.py:836} INFO - DAG(s) dict_keys(['example_task_group']) retrieved from /home/alan/repos/pipeline_airflow/pipeline-airflow-venv/lib/python3.11/site-packages/airflow/example_dags/example_task_group.py
[2023-08-15T18:26:26.264-0300] {logging_mixin.py:150} INFO - [2023-08-15T18:26:26.263-0300] {dag.py:2742} INFO - Sync 1 DAGs
[2023-08-15T18:26:26.298-0300] {logging_mixin.py:150} INFO - [2023-08-15T18:26:26.298-0300] {dag.py:3504} INFO - Setting next_dagrun for example_task_group to 2023-08-14T21:26:26.297816+00:00, run_after=2023-08-15T21:26:26.297816+00:00
[2023-08-15T18:26:26.415-0300] {processor.py:179} INFO - Processing /home/alan/repos/pipeline_airflow/pipeline-airflow-venv/lib/python3.11/site-packages/airflow/example_dags/example_task_group.py took 0.209 seconds
[2023-08-15T18:27:12.786-0300] {processor.py:157} INFO - Started process (PID=20893) to work on /home/alan/repos/pipeline_airflow/pipeline-airflow-venv/lib/python3.11/site-packages/airflow/example_dags/example_task_group.py
[2023-08-15T18:27:12.800-0300] {processor.py:826} INFO - Processing file /home/alan/repos/pipeline_airflow/pipeline-airflow-venv/lib/python3.11/site-packages/airflow/example_dags/example_task_group.py for tasks to queue
[2023-08-15T18:27:12.802-0300] {logging_mixin.py:150} INFO - [2023-08-15T18:27:12.801-0300] {dagbag.py:541} INFO - Filling up the DagBag from /home/alan/repos/pipeline_airflow/pipeline-airflow-venv/lib/python3.11/site-packages/airflow/example_dags/example_task_group.py
[2023-08-15T18:27:12.826-0300] {processor.py:836} INFO - DAG(s) dict_keys(['example_task_group']) retrieved from /home/alan/repos/pipeline_airflow/pipeline-airflow-venv/lib/python3.11/site-packages/airflow/example_dags/example_task_group.py
[2023-08-15T18:27:12.856-0300] {logging_mixin.py:150} INFO - [2023-08-15T18:27:12.856-0300] {dag.py:2742} INFO - Sync 1 DAGs
[2023-08-15T18:27:12.892-0300] {logging_mixin.py:150} INFO - [2023-08-15T18:27:12.892-0300] {dag.py:3504} INFO - Setting next_dagrun for example_task_group to 2023-08-14T21:27:12.892244+00:00, run_after=2023-08-15T21:27:12.892244+00:00
[2023-08-15T18:27:13.035-0300] {processor.py:179} INFO - Processing /home/alan/repos/pipeline_airflow/pipeline-airflow-venv/lib/python3.11/site-packages/airflow/example_dags/example_task_group.py took 0.254 seconds
[2023-08-15T18:28:13.658-0300] {processor.py:157} INFO - Started process (PID=21109) to work on /home/alan/repos/pipeline_airflow/pipeline-airflow-venv/lib/python3.11/site-packages/airflow/example_dags/example_task_group.py
[2023-08-15T18:28:13.660-0300] {processor.py:826} INFO - Processing file /home/alan/repos/pipeline_airflow/pipeline-airflow-venv/lib/python3.11/site-packages/airflow/example_dags/example_task_group.py for tasks to queue
[2023-08-15T18:28:13.661-0300] {logging_mixin.py:150} INFO - [2023-08-15T18:28:13.661-0300] {dagbag.py:541} INFO - Filling up the DagBag from /home/alan/repos/pipeline_airflow/pipeline-airflow-venv/lib/python3.11/site-packages/airflow/example_dags/example_task_group.py
[2023-08-15T18:28:13.677-0300] {processor.py:836} INFO - DAG(s) dict_keys(['example_task_group']) retrieved from /home/alan/repos/pipeline_airflow/pipeline-airflow-venv/lib/python3.11/site-packages/airflow/example_dags/example_task_group.py
[2023-08-15T18:28:13.710-0300] {logging_mixin.py:150} INFO - [2023-08-15T18:28:13.710-0300] {dag.py:2742} INFO - Sync 1 DAGs
[2023-08-15T18:28:13.750-0300] {logging_mixin.py:150} INFO - [2023-08-15T18:28:13.749-0300] {dag.py:3504} INFO - Setting next_dagrun for example_task_group to 2023-08-14T21:28:13.749505+00:00, run_after=2023-08-15T21:28:13.749505+00:00
[2023-08-15T18:28:13.854-0300] {processor.py:179} INFO - Processing /home/alan/repos/pipeline_airflow/pipeline-airflow-venv/lib/python3.11/site-packages/airflow/example_dags/example_task_group.py took 0.200 seconds
[2023-08-15T18:29:10.868-0300] {processor.py:157} INFO - Started process (PID=21343) to work on /home/alan/repos/pipeline_airflow/pipeline-airflow-venv/lib/python3.11/site-packages/airflow/example_dags/example_task_group.py
[2023-08-15T18:29:10.880-0300] {processor.py:826} INFO - Processing file /home/alan/repos/pipeline_airflow/pipeline-airflow-venv/lib/python3.11/site-packages/airflow/example_dags/example_task_group.py for tasks to queue
[2023-08-15T18:29:10.882-0300] {logging_mixin.py:150} INFO - [2023-08-15T18:29:10.881-0300] {dagbag.py:541} INFO - Filling up the DagBag from /home/alan/repos/pipeline_airflow/pipeline-airflow-venv/lib/python3.11/site-packages/airflow/example_dags/example_task_group.py
[2023-08-15T18:29:10.900-0300] {processor.py:836} INFO - DAG(s) dict_keys(['example_task_group']) retrieved from /home/alan/repos/pipeline_airflow/pipeline-airflow-venv/lib/python3.11/site-packages/airflow/example_dags/example_task_group.py
[2023-08-15T18:29:10.935-0300] {logging_mixin.py:150} INFO - [2023-08-15T18:29:10.935-0300] {dag.py:2742} INFO - Sync 1 DAGs
[2023-08-15T18:29:10.976-0300] {logging_mixin.py:150} INFO - [2023-08-15T18:29:10.976-0300] {dag.py:3504} INFO - Setting next_dagrun for example_task_group to 2023-08-14T21:29:10.975563+00:00, run_after=2023-08-15T21:29:10.975563+00:00
[2023-08-15T18:29:11.155-0300] {processor.py:179} INFO - Processing /home/alan/repos/pipeline_airflow/pipeline-airflow-venv/lib/python3.11/site-packages/airflow/example_dags/example_task_group.py took 0.298 seconds
[2023-08-15T18:30:08.079-0300] {processor.py:157} INFO - Started process (PID=21566) to work on /home/alan/repos/pipeline_airflow/pipeline-airflow-venv/lib/python3.11/site-packages/airflow/example_dags/example_task_group.py
[2023-08-15T18:30:08.081-0300] {processor.py:826} INFO - Processing file /home/alan/repos/pipeline_airflow/pipeline-airflow-venv/lib/python3.11/site-packages/airflow/example_dags/example_task_group.py for tasks to queue
[2023-08-15T18:30:08.083-0300] {logging_mixin.py:150} INFO - [2023-08-15T18:30:08.082-0300] {dagbag.py:541} INFO - Filling up the DagBag from /home/alan/repos/pipeline_airflow/pipeline-airflow-venv/lib/python3.11/site-packages/airflow/example_dags/example_task_group.py
[2023-08-15T18:30:08.098-0300] {processor.py:836} INFO - DAG(s) dict_keys(['example_task_group']) retrieved from /home/alan/repos/pipeline_airflow/pipeline-airflow-venv/lib/python3.11/site-packages/airflow/example_dags/example_task_group.py
[2023-08-15T18:30:08.129-0300] {logging_mixin.py:150} INFO - [2023-08-15T18:30:08.129-0300] {dag.py:2742} INFO - Sync 1 DAGs
[2023-08-15T18:30:08.164-0300] {logging_mixin.py:150} INFO - [2023-08-15T18:30:08.164-0300] {dag.py:3504} INFO - Setting next_dagrun for example_task_group to 2023-08-14T21:30:08.163803+00:00, run_after=2023-08-15T21:30:08.163803+00:00
[2023-08-15T18:30:08.278-0300] {processor.py:179} INFO - Processing /home/alan/repos/pipeline_airflow/pipeline-airflow-venv/lib/python3.11/site-packages/airflow/example_dags/example_task_group.py took 0.204 seconds
[2023-08-15T18:31:03.681-0300] {processor.py:157} INFO - Started process (PID=21765) to work on /home/alan/repos/pipeline_airflow/pipeline-airflow-venv/lib/python3.11/site-packages/airflow/example_dags/example_task_group.py
[2023-08-15T18:31:03.685-0300] {processor.py:826} INFO - Processing file /home/alan/repos/pipeline_airflow/pipeline-airflow-venv/lib/python3.11/site-packages/airflow/example_dags/example_task_group.py for tasks to queue
[2023-08-15T18:31:03.687-0300] {logging_mixin.py:150} INFO - [2023-08-15T18:31:03.686-0300] {dagbag.py:541} INFO - Filling up the DagBag from /home/alan/repos/pipeline_airflow/pipeline-airflow-venv/lib/python3.11/site-packages/airflow/example_dags/example_task_group.py
[2023-08-15T18:31:03.707-0300] {processor.py:836} INFO - DAG(s) dict_keys(['example_task_group']) retrieved from /home/alan/repos/pipeline_airflow/pipeline-airflow-venv/lib/python3.11/site-packages/airflow/example_dags/example_task_group.py
[2023-08-15T18:31:03.738-0300] {logging_mixin.py:150} INFO - [2023-08-15T18:31:03.737-0300] {dag.py:2742} INFO - Sync 1 DAGs
[2023-08-15T18:31:03.776-0300] {logging_mixin.py:150} INFO - [2023-08-15T18:31:03.776-0300] {dag.py:3504} INFO - Setting next_dagrun for example_task_group to 2023-08-14T21:31:03.775683+00:00, run_after=2023-08-15T21:31:03.775683+00:00
[2023-08-15T18:31:03.928-0300] {processor.py:179} INFO - Processing /home/alan/repos/pipeline_airflow/pipeline-airflow-venv/lib/python3.11/site-packages/airflow/example_dags/example_task_group.py took 0.256 seconds
[2023-08-15T18:32:00.169-0300] {processor.py:157} INFO - Started process (PID=21967) to work on /home/alan/repos/pipeline_airflow/pipeline-airflow-venv/lib/python3.11/site-packages/airflow/example_dags/example_task_group.py
[2023-08-15T18:32:00.171-0300] {processor.py:826} INFO - Processing file /home/alan/repos/pipeline_airflow/pipeline-airflow-venv/lib/python3.11/site-packages/airflow/example_dags/example_task_group.py for tasks to queue
[2023-08-15T18:32:00.173-0300] {logging_mixin.py:150} INFO - [2023-08-15T18:32:00.172-0300] {dagbag.py:541} INFO - Filling up the DagBag from /home/alan/repos/pipeline_airflow/pipeline-airflow-venv/lib/python3.11/site-packages/airflow/example_dags/example_task_group.py
[2023-08-15T18:32:00.188-0300] {processor.py:836} INFO - DAG(s) dict_keys(['example_task_group']) retrieved from /home/alan/repos/pipeline_airflow/pipeline-airflow-venv/lib/python3.11/site-packages/airflow/example_dags/example_task_group.py
[2023-08-15T18:32:00.221-0300] {logging_mixin.py:150} INFO - [2023-08-15T18:32:00.221-0300] {dag.py:2742} INFO - Sync 1 DAGs
[2023-08-15T18:32:00.261-0300] {logging_mixin.py:150} INFO - [2023-08-15T18:32:00.261-0300] {dag.py:3504} INFO - Setting next_dagrun for example_task_group to 2023-08-14T21:32:00.260683+00:00, run_after=2023-08-15T21:32:00.260683+00:00
[2023-08-15T18:32:00.378-0300] {processor.py:179} INFO - Processing /home/alan/repos/pipeline_airflow/pipeline-airflow-venv/lib/python3.11/site-packages/airflow/example_dags/example_task_group.py took 0.213 seconds
[2023-08-15T18:32:55.247-0300] {processor.py:157} INFO - Started process (PID=22181) to work on /home/alan/repos/pipeline_airflow/pipeline-airflow-venv/lib/python3.11/site-packages/airflow/example_dags/example_task_group.py
[2023-08-15T18:32:55.256-0300] {processor.py:826} INFO - Processing file /home/alan/repos/pipeline_airflow/pipeline-airflow-venv/lib/python3.11/site-packages/airflow/example_dags/example_task_group.py for tasks to queue
[2023-08-15T18:32:55.258-0300] {logging_mixin.py:150} INFO - [2023-08-15T18:32:55.257-0300] {dagbag.py:541} INFO - Filling up the DagBag from /home/alan/repos/pipeline_airflow/pipeline-airflow-venv/lib/python3.11/site-packages/airflow/example_dags/example_task_group.py
[2023-08-15T18:32:55.302-0300] {processor.py:836} INFO - DAG(s) dict_keys(['example_task_group']) retrieved from /home/alan/repos/pipeline_airflow/pipeline-airflow-venv/lib/python3.11/site-packages/airflow/example_dags/example_task_group.py
[2023-08-15T18:32:55.339-0300] {logging_mixin.py:150} INFO - [2023-08-15T18:32:55.339-0300] {dag.py:2742} INFO - Sync 1 DAGs
[2023-08-15T18:32:55.381-0300] {logging_mixin.py:150} INFO - [2023-08-15T18:32:55.381-0300] {dag.py:3504} INFO - Setting next_dagrun for example_task_group to 2023-08-14T21:32:55.381053+00:00, run_after=2023-08-15T21:32:55.381053+00:00
[2023-08-15T18:32:55.516-0300] {processor.py:179} INFO - Processing /home/alan/repos/pipeline_airflow/pipeline-airflow-venv/lib/python3.11/site-packages/airflow/example_dags/example_task_group.py took 0.274 seconds
[2023-08-15T18:33:52.755-0300] {processor.py:157} INFO - Started process (PID=22401) to work on /home/alan/repos/pipeline_airflow/pipeline-airflow-venv/lib/python3.11/site-packages/airflow/example_dags/example_task_group.py
[2023-08-15T18:33:52.772-0300] {processor.py:826} INFO - Processing file /home/alan/repos/pipeline_airflow/pipeline-airflow-venv/lib/python3.11/site-packages/airflow/example_dags/example_task_group.py for tasks to queue
[2023-08-15T18:33:52.774-0300] {logging_mixin.py:150} INFO - [2023-08-15T18:33:52.773-0300] {dagbag.py:541} INFO - Filling up the DagBag from /home/alan/repos/pipeline_airflow/pipeline-airflow-venv/lib/python3.11/site-packages/airflow/example_dags/example_task_group.py
[2023-08-15T18:33:52.789-0300] {processor.py:836} INFO - DAG(s) dict_keys(['example_task_group']) retrieved from /home/alan/repos/pipeline_airflow/pipeline-airflow-venv/lib/python3.11/site-packages/airflow/example_dags/example_task_group.py
[2023-08-15T18:33:52.823-0300] {logging_mixin.py:150} INFO - [2023-08-15T18:33:52.822-0300] {dag.py:2742} INFO - Sync 1 DAGs
[2023-08-15T18:33:52.859-0300] {logging_mixin.py:150} INFO - [2023-08-15T18:33:52.859-0300] {dag.py:3504} INFO - Setting next_dagrun for example_task_group to 2023-08-14T21:33:52.859090+00:00, run_after=2023-08-15T21:33:52.859090+00:00
[2023-08-15T18:33:52.966-0300] {processor.py:179} INFO - Processing /home/alan/repos/pipeline_airflow/pipeline-airflow-venv/lib/python3.11/site-packages/airflow/example_dags/example_task_group.py took 0.216 seconds
[2023-08-15T18:34:47.908-0300] {processor.py:157} INFO - Started process (PID=22595) to work on /home/alan/repos/pipeline_airflow/pipeline-airflow-venv/lib/python3.11/site-packages/airflow/example_dags/example_task_group.py
[2023-08-15T18:34:47.923-0300] {processor.py:826} INFO - Processing file /home/alan/repos/pipeline_airflow/pipeline-airflow-venv/lib/python3.11/site-packages/airflow/example_dags/example_task_group.py for tasks to queue
[2023-08-15T18:34:47.924-0300] {logging_mixin.py:150} INFO - [2023-08-15T18:34:47.924-0300] {dagbag.py:541} INFO - Filling up the DagBag from /home/alan/repos/pipeline_airflow/pipeline-airflow-venv/lib/python3.11/site-packages/airflow/example_dags/example_task_group.py
[2023-08-15T18:34:47.940-0300] {processor.py:836} INFO - DAG(s) dict_keys(['example_task_group']) retrieved from /home/alan/repos/pipeline_airflow/pipeline-airflow-venv/lib/python3.11/site-packages/airflow/example_dags/example_task_group.py
[2023-08-15T18:34:47.982-0300] {logging_mixin.py:150} INFO - [2023-08-15T18:34:47.982-0300] {dag.py:2742} INFO - Sync 1 DAGs
[2023-08-15T18:34:48.020-0300] {logging_mixin.py:150} INFO - [2023-08-15T18:34:48.019-0300] {dag.py:3504} INFO - Setting next_dagrun for example_task_group to 2023-08-14T21:34:48.019522+00:00, run_after=2023-08-15T21:34:48.019522+00:00
[2023-08-15T18:34:48.157-0300] {processor.py:179} INFO - Processing /home/alan/repos/pipeline_airflow/pipeline-airflow-venv/lib/python3.11/site-packages/airflow/example_dags/example_task_group.py took 0.255 seconds
[2023-08-15T18:35:42.352-0300] {processor.py:157} INFO - Started process (PID=22788) to work on /home/alan/repos/pipeline_airflow/pipeline-airflow-venv/lib/python3.11/site-packages/airflow/example_dags/example_task_group.py
[2023-08-15T18:35:42.361-0300] {processor.py:826} INFO - Processing file /home/alan/repos/pipeline_airflow/pipeline-airflow-venv/lib/python3.11/site-packages/airflow/example_dags/example_task_group.py for tasks to queue
[2023-08-15T18:35:42.363-0300] {logging_mixin.py:150} INFO - [2023-08-15T18:35:42.362-0300] {dagbag.py:541} INFO - Filling up the DagBag from /home/alan/repos/pipeline_airflow/pipeline-airflow-venv/lib/python3.11/site-packages/airflow/example_dags/example_task_group.py
[2023-08-15T18:35:42.392-0300] {processor.py:836} INFO - DAG(s) dict_keys(['example_task_group']) retrieved from /home/alan/repos/pipeline_airflow/pipeline-airflow-venv/lib/python3.11/site-packages/airflow/example_dags/example_task_group.py
[2023-08-15T18:35:42.429-0300] {logging_mixin.py:150} INFO - [2023-08-15T18:35:42.429-0300] {dag.py:2742} INFO - Sync 1 DAGs
[2023-08-15T18:35:42.469-0300] {logging_mixin.py:150} INFO - [2023-08-15T18:35:42.469-0300] {dag.py:3504} INFO - Setting next_dagrun for example_task_group to 2023-08-14T21:35:42.468628+00:00, run_after=2023-08-15T21:35:42.468628+00:00
[2023-08-15T18:35:42.585-0300] {processor.py:179} INFO - Processing /home/alan/repos/pipeline_airflow/pipeline-airflow-venv/lib/python3.11/site-packages/airflow/example_dags/example_task_group.py took 0.249 seconds
[2023-08-15T18:36:43.423-0300] {processor.py:157} INFO - Started process (PID=23010) to work on /home/alan/repos/pipeline_airflow/pipeline-airflow-venv/lib/python3.11/site-packages/airflow/example_dags/example_task_group.py
[2023-08-15T18:36:43.441-0300] {processor.py:826} INFO - Processing file /home/alan/repos/pipeline_airflow/pipeline-airflow-venv/lib/python3.11/site-packages/airflow/example_dags/example_task_group.py for tasks to queue
[2023-08-15T18:36:43.443-0300] {logging_mixin.py:150} INFO - [2023-08-15T18:36:43.442-0300] {dagbag.py:541} INFO - Filling up the DagBag from /home/alan/repos/pipeline_airflow/pipeline-airflow-venv/lib/python3.11/site-packages/airflow/example_dags/example_task_group.py
[2023-08-15T18:36:43.458-0300] {processor.py:836} INFO - DAG(s) dict_keys(['example_task_group']) retrieved from /home/alan/repos/pipeline_airflow/pipeline-airflow-venv/lib/python3.11/site-packages/airflow/example_dags/example_task_group.py
[2023-08-15T18:36:43.488-0300] {logging_mixin.py:150} INFO - [2023-08-15T18:36:43.488-0300] {dag.py:2742} INFO - Sync 1 DAGs
[2023-08-15T18:36:43.524-0300] {logging_mixin.py:150} INFO - [2023-08-15T18:36:43.524-0300] {dag.py:3504} INFO - Setting next_dagrun for example_task_group to 2023-08-14T21:36:43.523877+00:00, run_after=2023-08-15T21:36:43.523877+00:00
[2023-08-15T18:36:43.630-0300] {processor.py:179} INFO - Processing /home/alan/repos/pipeline_airflow/pipeline-airflow-venv/lib/python3.11/site-packages/airflow/example_dags/example_task_group.py took 0.212 seconds
[2023-08-15T18:37:57.015-0300] {processor.py:157} INFO - Started process (PID=23311) to work on /home/alan/repos/pipeline_airflow/pipeline-airflow-venv/lib/python3.11/site-packages/airflow/example_dags/example_task_group.py
[2023-08-15T18:37:57.017-0300] {processor.py:826} INFO - Processing file /home/alan/repos/pipeline_airflow/pipeline-airflow-venv/lib/python3.11/site-packages/airflow/example_dags/example_task_group.py for tasks to queue
[2023-08-15T18:37:57.019-0300] {logging_mixin.py:150} INFO - [2023-08-15T18:37:57.018-0300] {dagbag.py:541} INFO - Filling up the DagBag from /home/alan/repos/pipeline_airflow/pipeline-airflow-venv/lib/python3.11/site-packages/airflow/example_dags/example_task_group.py
[2023-08-15T18:37:57.038-0300] {processor.py:836} INFO - DAG(s) dict_keys(['example_task_group']) retrieved from /home/alan/repos/pipeline_airflow/pipeline-airflow-venv/lib/python3.11/site-packages/airflow/example_dags/example_task_group.py
[2023-08-15T18:37:57.071-0300] {logging_mixin.py:150} INFO - [2023-08-15T18:37:57.070-0300] {dag.py:2742} INFO - Sync 1 DAGs
[2023-08-15T18:37:57.106-0300] {logging_mixin.py:150} INFO - [2023-08-15T18:37:57.106-0300] {dag.py:3504} INFO - Setting next_dagrun for example_task_group to 2023-08-14T21:37:57.106064+00:00, run_after=2023-08-15T21:37:57.106064+00:00
[2023-08-15T18:37:57.210-0300] {processor.py:179} INFO - Processing /home/alan/repos/pipeline_airflow/pipeline-airflow-venv/lib/python3.11/site-packages/airflow/example_dags/example_task_group.py took 0.202 seconds
[2023-08-15T18:43:33.590-0300] {processor.py:157} INFO - Started process (PID=23598) to work on /home/alan/repos/pipeline_airflow/pipeline-airflow-venv/lib/python3.11/site-packages/airflow/example_dags/example_task_group.py
[2023-08-15T18:43:33.591-0300] {processor.py:826} INFO - Processing file /home/alan/repos/pipeline_airflow/pipeline-airflow-venv/lib/python3.11/site-packages/airflow/example_dags/example_task_group.py for tasks to queue
[2023-08-15T18:43:33.593-0300] {logging_mixin.py:150} INFO - [2023-08-15T18:43:33.592-0300] {dagbag.py:541} INFO - Filling up the DagBag from /home/alan/repos/pipeline_airflow/pipeline-airflow-venv/lib/python3.11/site-packages/airflow/example_dags/example_task_group.py
[2023-08-15T18:43:33.611-0300] {processor.py:836} INFO - DAG(s) dict_keys(['example_task_group']) retrieved from /home/alan/repos/pipeline_airflow/pipeline-airflow-venv/lib/python3.11/site-packages/airflow/example_dags/example_task_group.py
[2023-08-15T18:43:33.625-0300] {logging_mixin.py:150} INFO - [2023-08-15T18:43:33.624-0300] {dag.py:2742} INFO - Sync 1 DAGs
[2023-08-15T18:43:33.662-0300] {logging_mixin.py:150} INFO - [2023-08-15T18:43:33.662-0300] {dag.py:3504} INFO - Setting next_dagrun for example_task_group to 2023-08-14T21:43:33.661886+00:00, run_after=2023-08-15T21:43:33.661886+00:00
[2023-08-15T18:43:33.778-0300] {processor.py:179} INFO - Processing /home/alan/repos/pipeline_airflow/pipeline-airflow-venv/lib/python3.11/site-packages/airflow/example_dags/example_task_group.py took 0.192 seconds
[2023-08-15T18:44:13.807-0300] {processor.py:157} INFO - Started process (PID=23701) to work on /home/alan/repos/pipeline_airflow/pipeline-airflow-venv/lib/python3.11/site-packages/airflow/example_dags/example_task_group.py
[2023-08-15T18:44:13.810-0300] {processor.py:826} INFO - Processing file /home/alan/repos/pipeline_airflow/pipeline-airflow-venv/lib/python3.11/site-packages/airflow/example_dags/example_task_group.py for tasks to queue
[2023-08-15T18:44:13.812-0300] {logging_mixin.py:150} INFO - [2023-08-15T18:44:13.811-0300] {dagbag.py:541} INFO - Filling up the DagBag from /home/alan/repos/pipeline_airflow/pipeline-airflow-venv/lib/python3.11/site-packages/airflow/example_dags/example_task_group.py
[2023-08-15T18:44:13.833-0300] {processor.py:836} INFO - DAG(s) dict_keys(['example_task_group']) retrieved from /home/alan/repos/pipeline_airflow/pipeline-airflow-venv/lib/python3.11/site-packages/airflow/example_dags/example_task_group.py
[2023-08-15T18:44:13.849-0300] {logging_mixin.py:150} INFO - [2023-08-15T18:44:13.848-0300] {dag.py:2742} INFO - Sync 1 DAGs
[2023-08-15T18:44:13.883-0300] {logging_mixin.py:150} INFO - [2023-08-15T18:44:13.883-0300] {dag.py:3504} INFO - Setting next_dagrun for example_task_group to 2023-08-14T21:44:13.883260+00:00, run_after=2023-08-15T21:44:13.883260+00:00
[2023-08-15T18:44:13.986-0300] {processor.py:179} INFO - Processing /home/alan/repos/pipeline_airflow/pipeline-airflow-venv/lib/python3.11/site-packages/airflow/example_dags/example_task_group.py took 0.184 seconds
[2023-08-15T18:45:33.624-0300] {processor.py:157} INFO - Started process (PID=24108) to work on /home/alan/repos/pipeline_airflow/pipeline-airflow-venv/lib/python3.11/site-packages/airflow/example_dags/example_task_group.py
[2023-08-15T18:45:33.625-0300] {processor.py:826} INFO - Processing file /home/alan/repos/pipeline_airflow/pipeline-airflow-venv/lib/python3.11/site-packages/airflow/example_dags/example_task_group.py for tasks to queue
[2023-08-15T18:45:33.626-0300] {logging_mixin.py:150} INFO - [2023-08-15T18:45:33.626-0300] {dagbag.py:541} INFO - Filling up the DagBag from /home/alan/repos/pipeline_airflow/pipeline-airflow-venv/lib/python3.11/site-packages/airflow/example_dags/example_task_group.py
[2023-08-15T18:45:33.642-0300] {processor.py:836} INFO - DAG(s) dict_keys(['example_task_group']) retrieved from /home/alan/repos/pipeline_airflow/pipeline-airflow-venv/lib/python3.11/site-packages/airflow/example_dags/example_task_group.py
[2023-08-15T18:45:33.673-0300] {logging_mixin.py:150} INFO - [2023-08-15T18:45:33.673-0300] {dag.py:2742} INFO - Sync 1 DAGs
[2023-08-15T18:45:33.710-0300] {logging_mixin.py:150} INFO - [2023-08-15T18:45:33.710-0300] {dag.py:3504} INFO - Setting next_dagrun for example_task_group to 2023-08-14T21:45:33.709766+00:00, run_after=2023-08-15T21:45:33.709766+00:00
[2023-08-15T18:45:33.839-0300] {processor.py:179} INFO - Processing /home/alan/repos/pipeline_airflow/pipeline-airflow-venv/lib/python3.11/site-packages/airflow/example_dags/example_task_group.py took 0.222 seconds
[2023-08-15T18:46:40.622-0300] {processor.py:157} INFO - Started process (PID=24342) to work on /home/alan/repos/pipeline_airflow/pipeline-airflow-venv/lib/python3.11/site-packages/airflow/example_dags/example_task_group.py
[2023-08-15T18:46:40.635-0300] {processor.py:826} INFO - Processing file /home/alan/repos/pipeline_airflow/pipeline-airflow-venv/lib/python3.11/site-packages/airflow/example_dags/example_task_group.py for tasks to queue
[2023-08-15T18:46:40.637-0300] {logging_mixin.py:150} INFO - [2023-08-15T18:46:40.636-0300] {dagbag.py:541} INFO - Filling up the DagBag from /home/alan/repos/pipeline_airflow/pipeline-airflow-venv/lib/python3.11/site-packages/airflow/example_dags/example_task_group.py
[2023-08-15T18:46:40.655-0300] {processor.py:836} INFO - DAG(s) dict_keys(['example_task_group']) retrieved from /home/alan/repos/pipeline_airflow/pipeline-airflow-venv/lib/python3.11/site-packages/airflow/example_dags/example_task_group.py
[2023-08-15T18:46:40.697-0300] {logging_mixin.py:150} INFO - [2023-08-15T18:46:40.697-0300] {dag.py:2742} INFO - Sync 1 DAGs
[2023-08-15T18:46:40.738-0300] {logging_mixin.py:150} INFO - [2023-08-15T18:46:40.737-0300] {dag.py:3504} INFO - Setting next_dagrun for example_task_group to 2023-08-14T21:46:40.737492+00:00, run_after=2023-08-15T21:46:40.737492+00:00
[2023-08-15T18:46:40.866-0300] {processor.py:179} INFO - Processing /home/alan/repos/pipeline_airflow/pipeline-airflow-venv/lib/python3.11/site-packages/airflow/example_dags/example_task_group.py took 0.249 seconds
[2023-08-15T18:47:45.362-0300] {processor.py:157} INFO - Started process (PID=24572) to work on /home/alan/repos/pipeline_airflow/pipeline-airflow-venv/lib/python3.11/site-packages/airflow/example_dags/example_task_group.py
[2023-08-15T18:47:45.371-0300] {processor.py:826} INFO - Processing file /home/alan/repos/pipeline_airflow/pipeline-airflow-venv/lib/python3.11/site-packages/airflow/example_dags/example_task_group.py for tasks to queue
[2023-08-15T18:47:45.373-0300] {logging_mixin.py:150} INFO - [2023-08-15T18:47:45.372-0300] {dagbag.py:541} INFO - Filling up the DagBag from /home/alan/repos/pipeline_airflow/pipeline-airflow-venv/lib/python3.11/site-packages/airflow/example_dags/example_task_group.py
[2023-08-15T18:47:45.397-0300] {processor.py:836} INFO - DAG(s) dict_keys(['example_task_group']) retrieved from /home/alan/repos/pipeline_airflow/pipeline-airflow-venv/lib/python3.11/site-packages/airflow/example_dags/example_task_group.py
[2023-08-15T18:47:45.432-0300] {logging_mixin.py:150} INFO - [2023-08-15T18:47:45.432-0300] {dag.py:2742} INFO - Sync 1 DAGs
[2023-08-15T18:47:45.474-0300] {logging_mixin.py:150} INFO - [2023-08-15T18:47:45.474-0300] {dag.py:3504} INFO - Setting next_dagrun for example_task_group to 2023-08-14T21:47:45.473592+00:00, run_after=2023-08-15T21:47:45.473592+00:00
[2023-08-15T18:47:45.627-0300] {processor.py:179} INFO - Processing /home/alan/repos/pipeline_airflow/pipeline-airflow-venv/lib/python3.11/site-packages/airflow/example_dags/example_task_group.py took 0.271 seconds
[2023-08-15T18:48:52.897-0300] {processor.py:157} INFO - Started process (PID=24793) to work on /home/alan/repos/pipeline_airflow/pipeline-airflow-venv/lib/python3.11/site-packages/airflow/example_dags/example_task_group.py
[2023-08-15T18:48:52.898-0300] {processor.py:826} INFO - Processing file /home/alan/repos/pipeline_airflow/pipeline-airflow-venv/lib/python3.11/site-packages/airflow/example_dags/example_task_group.py for tasks to queue
[2023-08-15T18:48:52.899-0300] {logging_mixin.py:150} INFO - [2023-08-15T18:48:52.899-0300] {dagbag.py:541} INFO - Filling up the DagBag from /home/alan/repos/pipeline_airflow/pipeline-airflow-venv/lib/python3.11/site-packages/airflow/example_dags/example_task_group.py
[2023-08-15T18:48:52.915-0300] {processor.py:836} INFO - DAG(s) dict_keys(['example_task_group']) retrieved from /home/alan/repos/pipeline_airflow/pipeline-airflow-venv/lib/python3.11/site-packages/airflow/example_dags/example_task_group.py
[2023-08-15T18:48:52.946-0300] {logging_mixin.py:150} INFO - [2023-08-15T18:48:52.946-0300] {dag.py:2742} INFO - Sync 1 DAGs
[2023-08-15T18:48:53.134-0300] {logging_mixin.py:150} INFO - [2023-08-15T18:48:53.133-0300] {dag.py:3504} INFO - Setting next_dagrun for example_task_group to 2023-08-14T21:48:53.133395+00:00, run_after=2023-08-15T21:48:53.133395+00:00
[2023-08-15T18:48:53.262-0300] {processor.py:179} INFO - Processing /home/alan/repos/pipeline_airflow/pipeline-airflow-venv/lib/python3.11/site-packages/airflow/example_dags/example_task_group.py took 0.372 seconds
[2023-08-15T18:49:56.438-0300] {processor.py:157} INFO - Started process (PID=25011) to work on /home/alan/repos/pipeline_airflow/pipeline-airflow-venv/lib/python3.11/site-packages/airflow/example_dags/example_task_group.py
[2023-08-15T18:49:56.444-0300] {processor.py:826} INFO - Processing file /home/alan/repos/pipeline_airflow/pipeline-airflow-venv/lib/python3.11/site-packages/airflow/example_dags/example_task_group.py for tasks to queue
[2023-08-15T18:49:56.445-0300] {logging_mixin.py:150} INFO - [2023-08-15T18:49:56.445-0300] {dagbag.py:541} INFO - Filling up the DagBag from /home/alan/repos/pipeline_airflow/pipeline-airflow-venv/lib/python3.11/site-packages/airflow/example_dags/example_task_group.py
[2023-08-15T18:49:56.470-0300] {processor.py:836} INFO - DAG(s) dict_keys(['example_task_group']) retrieved from /home/alan/repos/pipeline_airflow/pipeline-airflow-venv/lib/python3.11/site-packages/airflow/example_dags/example_task_group.py
[2023-08-15T18:49:56.539-0300] {logging_mixin.py:150} INFO - [2023-08-15T18:49:56.538-0300] {dag.py:2742} INFO - Sync 1 DAGs
[2023-08-15T18:49:56.600-0300] {logging_mixin.py:150} INFO - [2023-08-15T18:49:56.599-0300] {dag.py:3504} INFO - Setting next_dagrun for example_task_group to 2023-08-14T21:49:56.599472+00:00, run_after=2023-08-15T21:49:56.599472+00:00
[2023-08-15T18:49:56.723-0300] {processor.py:179} INFO - Processing /home/alan/repos/pipeline_airflow/pipeline-airflow-venv/lib/python3.11/site-packages/airflow/example_dags/example_task_group.py took 0.298 seconds
[2023-08-15T18:51:00.110-0300] {processor.py:157} INFO - Started process (PID=25297) to work on /home/alan/repos/pipeline_airflow/pipeline-airflow-venv/lib/python3.11/site-packages/airflow/example_dags/example_task_group.py
[2023-08-15T18:51:00.112-0300] {processor.py:826} INFO - Processing file /home/alan/repos/pipeline_airflow/pipeline-airflow-venv/lib/python3.11/site-packages/airflow/example_dags/example_task_group.py for tasks to queue
[2023-08-15T18:51:00.114-0300] {logging_mixin.py:150} INFO - [2023-08-15T18:51:00.113-0300] {dagbag.py:541} INFO - Filling up the DagBag from /home/alan/repos/pipeline_airflow/pipeline-airflow-venv/lib/python3.11/site-packages/airflow/example_dags/example_task_group.py
[2023-08-15T18:51:00.132-0300] {processor.py:836} INFO - DAG(s) dict_keys(['example_task_group']) retrieved from /home/alan/repos/pipeline_airflow/pipeline-airflow-venv/lib/python3.11/site-packages/airflow/example_dags/example_task_group.py
[2023-08-15T18:51:00.258-0300] {logging_mixin.py:150} INFO - [2023-08-15T18:51:00.258-0300] {dag.py:2742} INFO - Sync 1 DAGs
[2023-08-15T18:51:00.322-0300] {logging_mixin.py:150} INFO - [2023-08-15T18:51:00.317-0300] {dag.py:3504} INFO - Setting next_dagrun for example_task_group to 2023-08-14T21:51:00.317147+00:00, run_after=2023-08-15T21:51:00.317147+00:00
[2023-08-15T18:51:00.446-0300] {processor.py:179} INFO - Processing /home/alan/repos/pipeline_airflow/pipeline-airflow-venv/lib/python3.11/site-packages/airflow/example_dags/example_task_group.py took 0.344 seconds
[2023-08-15T18:52:12.076-0300] {processor.py:157} INFO - Started process (PID=25626) to work on /home/alan/repos/pipeline_airflow/pipeline-airflow-venv/lib/python3.11/site-packages/airflow/example_dags/example_task_group.py
[2023-08-15T18:52:12.078-0300] {processor.py:826} INFO - Processing file /home/alan/repos/pipeline_airflow/pipeline-airflow-venv/lib/python3.11/site-packages/airflow/example_dags/example_task_group.py for tasks to queue
[2023-08-15T18:52:12.079-0300] {logging_mixin.py:150} INFO - [2023-08-15T18:52:12.078-0300] {dagbag.py:541} INFO - Filling up the DagBag from /home/alan/repos/pipeline_airflow/pipeline-airflow-venv/lib/python3.11/site-packages/airflow/example_dags/example_task_group.py
[2023-08-15T18:52:12.095-0300] {processor.py:836} INFO - DAG(s) dict_keys(['example_task_group']) retrieved from /home/alan/repos/pipeline_airflow/pipeline-airflow-venv/lib/python3.11/site-packages/airflow/example_dags/example_task_group.py
[2023-08-15T18:52:12.130-0300] {logging_mixin.py:150} INFO - [2023-08-15T18:52:12.129-0300] {dag.py:2742} INFO - Sync 1 DAGs
[2023-08-15T18:52:12.213-0300] {logging_mixin.py:150} INFO - [2023-08-15T18:52:12.213-0300] {dag.py:3504} INFO - Setting next_dagrun for example_task_group to 2023-08-14T21:52:12.213175+00:00, run_after=2023-08-15T21:52:12.213175+00:00
[2023-08-15T18:52:12.341-0300] {processor.py:179} INFO - Processing /home/alan/repos/pipeline_airflow/pipeline-airflow-venv/lib/python3.11/site-packages/airflow/example_dags/example_task_group.py took 0.272 seconds
[2023-08-15T18:53:11.049-0300] {processor.py:157} INFO - Started process (PID=25887) to work on /home/alan/repos/pipeline_airflow/pipeline-airflow-venv/lib/python3.11/site-packages/airflow/example_dags/example_task_group.py
[2023-08-15T18:53:11.050-0300] {processor.py:826} INFO - Processing file /home/alan/repos/pipeline_airflow/pipeline-airflow-venv/lib/python3.11/site-packages/airflow/example_dags/example_task_group.py for tasks to queue
[2023-08-15T18:53:11.052-0300] {logging_mixin.py:150} INFO - [2023-08-15T18:53:11.051-0300] {dagbag.py:541} INFO - Filling up the DagBag from /home/alan/repos/pipeline_airflow/pipeline-airflow-venv/lib/python3.11/site-packages/airflow/example_dags/example_task_group.py
[2023-08-15T18:53:11.070-0300] {processor.py:836} INFO - DAG(s) dict_keys(['example_task_group']) retrieved from /home/alan/repos/pipeline_airflow/pipeline-airflow-venv/lib/python3.11/site-packages/airflow/example_dags/example_task_group.py
[2023-08-15T18:53:11.100-0300] {logging_mixin.py:150} INFO - [2023-08-15T18:53:11.100-0300] {dag.py:2742} INFO - Sync 1 DAGs
[2023-08-15T18:53:11.134-0300] {logging_mixin.py:150} INFO - [2023-08-15T18:53:11.134-0300] {dag.py:3504} INFO - Setting next_dagrun for example_task_group to 2023-08-14T21:53:11.134228+00:00, run_after=2023-08-15T21:53:11.134228+00:00
[2023-08-15T18:53:11.240-0300] {processor.py:179} INFO - Processing /home/alan/repos/pipeline_airflow/pipeline-airflow-venv/lib/python3.11/site-packages/airflow/example_dags/example_task_group.py took 0.198 seconds
[2023-08-15T18:54:04.923-0300] {processor.py:157} INFO - Started process (PID=26098) to work on /home/alan/repos/pipeline_airflow/pipeline-airflow-venv/lib/python3.11/site-packages/airflow/example_dags/example_task_group.py
[2023-08-15T18:54:04.924-0300] {processor.py:826} INFO - Processing file /home/alan/repos/pipeline_airflow/pipeline-airflow-venv/lib/python3.11/site-packages/airflow/example_dags/example_task_group.py for tasks to queue
[2023-08-15T18:54:04.925-0300] {logging_mixin.py:150} INFO - [2023-08-15T18:54:04.925-0300] {dagbag.py:541} INFO - Filling up the DagBag from /home/alan/repos/pipeline_airflow/pipeline-airflow-venv/lib/python3.11/site-packages/airflow/example_dags/example_task_group.py
[2023-08-15T18:54:04.941-0300] {processor.py:836} INFO - DAG(s) dict_keys(['example_task_group']) retrieved from /home/alan/repos/pipeline_airflow/pipeline-airflow-venv/lib/python3.11/site-packages/airflow/example_dags/example_task_group.py
[2023-08-15T18:54:04.971-0300] {logging_mixin.py:150} INFO - [2023-08-15T18:54:04.971-0300] {dag.py:2742} INFO - Sync 1 DAGs
[2023-08-15T18:54:05.010-0300] {logging_mixin.py:150} INFO - [2023-08-15T18:54:05.009-0300] {dag.py:3504} INFO - Setting next_dagrun for example_task_group to 2023-08-14T21:54:05.009105+00:00, run_after=2023-08-15T21:54:05.009105+00:00
[2023-08-15T18:54:05.134-0300] {processor.py:179} INFO - Processing /home/alan/repos/pipeline_airflow/pipeline-airflow-venv/lib/python3.11/site-packages/airflow/example_dags/example_task_group.py took 0.217 seconds
[2023-08-15T18:55:40.494-0300] {processor.py:157} INFO - Started process (PID=26743) to work on /home/alan/repos/pipeline_airflow/pipeline-airflow-venv/lib/python3.11/site-packages/airflow/example_dags/example_task_group.py
[2023-08-15T18:55:40.526-0300] {processor.py:826} INFO - Processing file /home/alan/repos/pipeline_airflow/pipeline-airflow-venv/lib/python3.11/site-packages/airflow/example_dags/example_task_group.py for tasks to queue
[2023-08-15T18:55:40.528-0300] {logging_mixin.py:150} INFO - [2023-08-15T18:55:40.527-0300] {dagbag.py:541} INFO - Filling up the DagBag from /home/alan/repos/pipeline_airflow/pipeline-airflow-venv/lib/python3.11/site-packages/airflow/example_dags/example_task_group.py
[2023-08-15T18:55:40.569-0300] {processor.py:836} INFO - DAG(s) dict_keys(['example_task_group']) retrieved from /home/alan/repos/pipeline_airflow/pipeline-airflow-venv/lib/python3.11/site-packages/airflow/example_dags/example_task_group.py
[2023-08-15T18:55:40.677-0300] {logging_mixin.py:150} INFO - [2023-08-15T18:55:40.676-0300] {dag.py:2742} INFO - Sync 1 DAGs
[2023-08-15T18:55:40.753-0300] {logging_mixin.py:150} INFO - [2023-08-15T18:55:40.753-0300] {dag.py:3504} INFO - Setting next_dagrun for example_task_group to 2023-08-14T21:55:40.743220+00:00, run_after=2023-08-15T21:55:40.743220+00:00
[2023-08-15T18:55:41.177-0300] {processor.py:179} INFO - Processing /home/alan/repos/pipeline_airflow/pipeline-airflow-venv/lib/python3.11/site-packages/airflow/example_dags/example_task_group.py took 0.693 seconds
[2023-08-15T18:58:02.407-0300] {processor.py:157} INFO - Started process (PID=27049) to work on /home/alan/repos/pipeline_airflow/pipeline-airflow-venv/lib/python3.11/site-packages/airflow/example_dags/example_task_group.py
[2023-08-15T18:58:02.632-0300] {processor.py:826} INFO - Processing file /home/alan/repos/pipeline_airflow/pipeline-airflow-venv/lib/python3.11/site-packages/airflow/example_dags/example_task_group.py for tasks to queue
[2023-08-15T18:58:02.635-0300] {logging_mixin.py:150} INFO - [2023-08-15T18:58:02.634-0300] {dagbag.py:541} INFO - Filling up the DagBag from /home/alan/repos/pipeline_airflow/pipeline-airflow-venv/lib/python3.11/site-packages/airflow/example_dags/example_task_group.py
[2023-08-15T18:58:02.734-0300] {processor.py:836} INFO - DAG(s) dict_keys(['example_task_group']) retrieved from /home/alan/repos/pipeline_airflow/pipeline-airflow-venv/lib/python3.11/site-packages/airflow/example_dags/example_task_group.py
[2023-08-15T18:58:02.777-0300] {logging_mixin.py:150} INFO - [2023-08-15T18:58:02.777-0300] {dag.py:2742} INFO - Sync 1 DAGs
[2023-08-15T18:58:02.814-0300] {logging_mixin.py:150} INFO - [2023-08-15T18:58:02.814-0300] {dag.py:3504} INFO - Setting next_dagrun for example_task_group to 2023-08-14T21:58:02.814174+00:00, run_after=2023-08-15T21:58:02.814174+00:00
[2023-08-15T18:58:04.057-0300] {processor.py:179} INFO - Processing /home/alan/repos/pipeline_airflow/pipeline-airflow-venv/lib/python3.11/site-packages/airflow/example_dags/example_task_group.py took 1.656 seconds
[2023-08-15T19:01:28.355-0300] {processor.py:157} INFO - Started process (PID=27547) to work on /home/alan/repos/pipeline_airflow/pipeline-airflow-venv/lib/python3.11/site-packages/airflow/example_dags/example_task_group.py
[2023-08-15T19:01:28.413-0300] {processor.py:826} INFO - Processing file /home/alan/repos/pipeline_airflow/pipeline-airflow-venv/lib/python3.11/site-packages/airflow/example_dags/example_task_group.py for tasks to queue
[2023-08-15T19:01:28.414-0300] {logging_mixin.py:150} INFO - [2023-08-15T19:01:28.414-0300] {dagbag.py:541} INFO - Filling up the DagBag from /home/alan/repos/pipeline_airflow/pipeline-airflow-venv/lib/python3.11/site-packages/airflow/example_dags/example_task_group.py
[2023-08-15T19:01:28.449-0300] {processor.py:836} INFO - DAG(s) dict_keys(['example_task_group']) retrieved from /home/alan/repos/pipeline_airflow/pipeline-airflow-venv/lib/python3.11/site-packages/airflow/example_dags/example_task_group.py
[2023-08-15T19:01:28.543-0300] {logging_mixin.py:150} INFO - [2023-08-15T19:01:28.543-0300] {dag.py:2742} INFO - Sync 1 DAGs
[2023-08-15T19:01:28.598-0300] {logging_mixin.py:150} INFO - [2023-08-15T19:01:28.598-0300] {dag.py:3504} INFO - Setting next_dagrun for example_task_group to 2023-08-14T22:01:28.597706+00:00, run_after=2023-08-15T22:01:28.597706+00:00
[2023-08-15T19:01:28.738-0300] {processor.py:179} INFO - Processing /home/alan/repos/pipeline_airflow/pipeline-airflow-venv/lib/python3.11/site-packages/airflow/example_dags/example_task_group.py took 0.392 seconds
[2023-08-15T19:02:46.702-0300] {processor.py:157} INFO - Started process (PID=27793) to work on /home/alan/repos/pipeline_airflow/pipeline-airflow-venv/lib/python3.11/site-packages/airflow/example_dags/example_task_group.py
[2023-08-15T19:02:46.723-0300] {processor.py:826} INFO - Processing file /home/alan/repos/pipeline_airflow/pipeline-airflow-venv/lib/python3.11/site-packages/airflow/example_dags/example_task_group.py for tasks to queue
[2023-08-15T19:02:46.725-0300] {logging_mixin.py:150} INFO - [2023-08-15T19:02:46.724-0300] {dagbag.py:541} INFO - Filling up the DagBag from /home/alan/repos/pipeline_airflow/pipeline-airflow-venv/lib/python3.11/site-packages/airflow/example_dags/example_task_group.py
[2023-08-15T19:02:46.772-0300] {processor.py:836} INFO - DAG(s) dict_keys(['example_task_group']) retrieved from /home/alan/repos/pipeline_airflow/pipeline-airflow-venv/lib/python3.11/site-packages/airflow/example_dags/example_task_group.py
[2023-08-15T19:02:46.815-0300] {logging_mixin.py:150} INFO - [2023-08-15T19:02:46.814-0300] {dag.py:2742} INFO - Sync 1 DAGs
[2023-08-15T19:02:46.852-0300] {logging_mixin.py:150} INFO - [2023-08-15T19:02:46.851-0300] {dag.py:3504} INFO - Setting next_dagrun for example_task_group to 2023-08-14T22:02:46.851591+00:00, run_after=2023-08-15T22:02:46.851591+00:00
[2023-08-15T19:02:47.079-0300] {processor.py:179} INFO - Processing /home/alan/repos/pipeline_airflow/pipeline-airflow-venv/lib/python3.11/site-packages/airflow/example_dags/example_task_group.py took 0.385 seconds
[2023-08-15T19:04:06.935-0300] {processor.py:157} INFO - Started process (PID=28204) to work on /home/alan/repos/pipeline_airflow/pipeline-airflow-venv/lib/python3.11/site-packages/airflow/example_dags/example_task_group.py
[2023-08-15T19:04:06.946-0300] {processor.py:826} INFO - Processing file /home/alan/repos/pipeline_airflow/pipeline-airflow-venv/lib/python3.11/site-packages/airflow/example_dags/example_task_group.py for tasks to queue
[2023-08-15T19:04:06.947-0300] {logging_mixin.py:150} INFO - [2023-08-15T19:04:06.946-0300] {dagbag.py:541} INFO - Filling up the DagBag from /home/alan/repos/pipeline_airflow/pipeline-airflow-venv/lib/python3.11/site-packages/airflow/example_dags/example_task_group.py
[2023-08-15T19:04:06.972-0300] {processor.py:836} INFO - DAG(s) dict_keys(['example_task_group']) retrieved from /home/alan/repos/pipeline_airflow/pipeline-airflow-venv/lib/python3.11/site-packages/airflow/example_dags/example_task_group.py
[2023-08-15T19:04:07.021-0300] {logging_mixin.py:150} INFO - [2023-08-15T19:04:07.021-0300] {dag.py:2742} INFO - Sync 1 DAGs
[2023-08-15T19:04:07.090-0300] {logging_mixin.py:150} INFO - [2023-08-15T19:04:07.089-0300] {dag.py:3504} INFO - Setting next_dagrun for example_task_group to 2023-08-14T22:04:07.089439+00:00, run_after=2023-08-15T22:04:07.089439+00:00
[2023-08-15T19:04:07.283-0300] {processor.py:179} INFO - Processing /home/alan/repos/pipeline_airflow/pipeline-airflow-venv/lib/python3.11/site-packages/airflow/example_dags/example_task_group.py took 0.357 seconds
[2023-08-15T19:05:33.139-0300] {processor.py:157} INFO - Started process (PID=28641) to work on /home/alan/repos/pipeline_airflow/pipeline-airflow-venv/lib/python3.11/site-packages/airflow/example_dags/example_task_group.py
[2023-08-15T19:05:33.146-0300] {processor.py:826} INFO - Processing file /home/alan/repos/pipeline_airflow/pipeline-airflow-venv/lib/python3.11/site-packages/airflow/example_dags/example_task_group.py for tasks to queue
[2023-08-15T19:05:33.148-0300] {logging_mixin.py:150} INFO - [2023-08-15T19:05:33.147-0300] {dagbag.py:541} INFO - Filling up the DagBag from /home/alan/repos/pipeline_airflow/pipeline-airflow-venv/lib/python3.11/site-packages/airflow/example_dags/example_task_group.py
[2023-08-15T19:05:33.165-0300] {processor.py:836} INFO - DAG(s) dict_keys(['example_task_group']) retrieved from /home/alan/repos/pipeline_airflow/pipeline-airflow-venv/lib/python3.11/site-packages/airflow/example_dags/example_task_group.py
[2023-08-15T19:05:33.197-0300] {logging_mixin.py:150} INFO - [2023-08-15T19:05:33.196-0300] {dag.py:2742} INFO - Sync 1 DAGs
[2023-08-15T19:05:33.233-0300] {logging_mixin.py:150} INFO - [2023-08-15T19:05:33.233-0300] {dag.py:3504} INFO - Setting next_dagrun for example_task_group to 2023-08-14T22:05:33.233297+00:00, run_after=2023-08-15T22:05:33.233297+00:00
[2023-08-15T19:05:33.352-0300] {processor.py:179} INFO - Processing /home/alan/repos/pipeline_airflow/pipeline-airflow-venv/lib/python3.11/site-packages/airflow/example_dags/example_task_group.py took 0.219 seconds
[2023-08-15T19:06:36.980-0300] {processor.py:157} INFO - Started process (PID=28806) to work on /home/alan/repos/pipeline_airflow/pipeline-airflow-venv/lib/python3.11/site-packages/airflow/example_dags/example_task_group.py
[2023-08-15T19:06:36.988-0300] {processor.py:826} INFO - Processing file /home/alan/repos/pipeline_airflow/pipeline-airflow-venv/lib/python3.11/site-packages/airflow/example_dags/example_task_group.py for tasks to queue
[2023-08-15T19:06:36.990-0300] {logging_mixin.py:150} INFO - [2023-08-15T19:06:36.989-0300] {dagbag.py:541} INFO - Filling up the DagBag from /home/alan/repos/pipeline_airflow/pipeline-airflow-venv/lib/python3.11/site-packages/airflow/example_dags/example_task_group.py
[2023-08-15T19:06:37.005-0300] {processor.py:836} INFO - DAG(s) dict_keys(['example_task_group']) retrieved from /home/alan/repos/pipeline_airflow/pipeline-airflow-venv/lib/python3.11/site-packages/airflow/example_dags/example_task_group.py
[2023-08-15T19:06:37.035-0300] {logging_mixin.py:150} INFO - [2023-08-15T19:06:37.035-0300] {dag.py:2742} INFO - Sync 1 DAGs
[2023-08-15T19:06:37.069-0300] {logging_mixin.py:150} INFO - [2023-08-15T19:06:37.069-0300] {dag.py:3504} INFO - Setting next_dagrun for example_task_group to 2023-08-14T22:06:37.069281+00:00, run_after=2023-08-15T22:06:37.069281+00:00
[2023-08-15T19:06:37.178-0300] {processor.py:179} INFO - Processing /home/alan/repos/pipeline_airflow/pipeline-airflow-venv/lib/python3.11/site-packages/airflow/example_dags/example_task_group.py took 0.207 seconds
[2023-08-15T19:07:39.251-0300] {processor.py:157} INFO - Started process (PID=29053) to work on /home/alan/repos/pipeline_airflow/pipeline-airflow-venv/lib/python3.11/site-packages/airflow/example_dags/example_task_group.py
[2023-08-15T19:07:39.288-0300] {processor.py:826} INFO - Processing file /home/alan/repos/pipeline_airflow/pipeline-airflow-venv/lib/python3.11/site-packages/airflow/example_dags/example_task_group.py for tasks to queue
[2023-08-15T19:07:39.289-0300] {logging_mixin.py:150} INFO - [2023-08-15T19:07:39.289-0300] {dagbag.py:541} INFO - Filling up the DagBag from /home/alan/repos/pipeline_airflow/pipeline-airflow-venv/lib/python3.11/site-packages/airflow/example_dags/example_task_group.py
[2023-08-15T19:07:39.304-0300] {processor.py:836} INFO - DAG(s) dict_keys(['example_task_group']) retrieved from /home/alan/repos/pipeline_airflow/pipeline-airflow-venv/lib/python3.11/site-packages/airflow/example_dags/example_task_group.py
[2023-08-15T19:07:39.340-0300] {logging_mixin.py:150} INFO - [2023-08-15T19:07:39.339-0300] {dag.py:2742} INFO - Sync 1 DAGs
[2023-08-15T19:07:39.389-0300] {logging_mixin.py:150} INFO - [2023-08-15T19:07:39.389-0300] {dag.py:3504} INFO - Setting next_dagrun for example_task_group to 2023-08-14T22:07:39.389280+00:00, run_after=2023-08-15T22:07:39.389280+00:00
[2023-08-15T19:07:39.581-0300] {processor.py:179} INFO - Processing /home/alan/repos/pipeline_airflow/pipeline-airflow-venv/lib/python3.11/site-packages/airflow/example_dags/example_task_group.py took 0.340 seconds
[2023-08-15T19:08:45.005-0300] {processor.py:157} INFO - Started process (PID=29246) to work on /home/alan/repos/pipeline_airflow/pipeline-airflow-venv/lib/python3.11/site-packages/airflow/example_dags/example_task_group.py
[2023-08-15T19:08:45.016-0300] {processor.py:826} INFO - Processing file /home/alan/repos/pipeline_airflow/pipeline-airflow-venv/lib/python3.11/site-packages/airflow/example_dags/example_task_group.py for tasks to queue
[2023-08-15T19:08:45.017-0300] {logging_mixin.py:150} INFO - [2023-08-15T19:08:45.017-0300] {dagbag.py:541} INFO - Filling up the DagBag from /home/alan/repos/pipeline_airflow/pipeline-airflow-venv/lib/python3.11/site-packages/airflow/example_dags/example_task_group.py
[2023-08-15T19:08:45.037-0300] {processor.py:836} INFO - DAG(s) dict_keys(['example_task_group']) retrieved from /home/alan/repos/pipeline_airflow/pipeline-airflow-venv/lib/python3.11/site-packages/airflow/example_dags/example_task_group.py
[2023-08-15T19:08:45.070-0300] {logging_mixin.py:150} INFO - [2023-08-15T19:08:45.070-0300] {dag.py:2742} INFO - Sync 1 DAGs
[2023-08-15T19:08:45.120-0300] {logging_mixin.py:150} INFO - [2023-08-15T19:08:45.120-0300] {dag.py:3504} INFO - Setting next_dagrun for example_task_group to 2023-08-14T22:08:45.120194+00:00, run_after=2023-08-15T22:08:45.120194+00:00
[2023-08-15T19:08:45.233-0300] {processor.py:179} INFO - Processing /home/alan/repos/pipeline_airflow/pipeline-airflow-venv/lib/python3.11/site-packages/airflow/example_dags/example_task_group.py took 0.234 seconds
[2023-08-15T19:09:44.328-0300] {processor.py:157} INFO - Started process (PID=29398) to work on /home/alan/repos/pipeline_airflow/pipeline-airflow-venv/lib/python3.11/site-packages/airflow/example_dags/example_task_group.py
[2023-08-15T19:09:44.340-0300] {processor.py:826} INFO - Processing file /home/alan/repos/pipeline_airflow/pipeline-airflow-venv/lib/python3.11/site-packages/airflow/example_dags/example_task_group.py for tasks to queue
[2023-08-15T19:09:44.342-0300] {logging_mixin.py:150} INFO - [2023-08-15T19:09:44.341-0300] {dagbag.py:541} INFO - Filling up the DagBag from /home/alan/repos/pipeline_airflow/pipeline-airflow-venv/lib/python3.11/site-packages/airflow/example_dags/example_task_group.py
[2023-08-15T19:09:44.360-0300] {processor.py:836} INFO - DAG(s) dict_keys(['example_task_group']) retrieved from /home/alan/repos/pipeline_airflow/pipeline-airflow-venv/lib/python3.11/site-packages/airflow/example_dags/example_task_group.py
[2023-08-15T19:09:44.392-0300] {logging_mixin.py:150} INFO - [2023-08-15T19:09:44.392-0300] {dag.py:2742} INFO - Sync 1 DAGs
[2023-08-15T19:09:44.428-0300] {logging_mixin.py:150} INFO - [2023-08-15T19:09:44.428-0300] {dag.py:3504} INFO - Setting next_dagrun for example_task_group to 2023-08-14T22:09:44.427641+00:00, run_after=2023-08-15T22:09:44.427641+00:00
[2023-08-15T19:09:44.538-0300] {processor.py:179} INFO - Processing /home/alan/repos/pipeline_airflow/pipeline-airflow-venv/lib/python3.11/site-packages/airflow/example_dags/example_task_group.py took 0.216 seconds
[2023-08-15T19:10:44.029-0300] {processor.py:157} INFO - Started process (PID=29559) to work on /home/alan/repos/pipeline_airflow/pipeline-airflow-venv/lib/python3.11/site-packages/airflow/example_dags/example_task_group.py
[2023-08-15T19:10:44.034-0300] {processor.py:826} INFO - Processing file /home/alan/repos/pipeline_airflow/pipeline-airflow-venv/lib/python3.11/site-packages/airflow/example_dags/example_task_group.py for tasks to queue
[2023-08-15T19:10:44.036-0300] {logging_mixin.py:150} INFO - [2023-08-15T19:10:44.035-0300] {dagbag.py:541} INFO - Filling up the DagBag from /home/alan/repos/pipeline_airflow/pipeline-airflow-venv/lib/python3.11/site-packages/airflow/example_dags/example_task_group.py
[2023-08-15T19:10:44.055-0300] {processor.py:836} INFO - DAG(s) dict_keys(['example_task_group']) retrieved from /home/alan/repos/pipeline_airflow/pipeline-airflow-venv/lib/python3.11/site-packages/airflow/example_dags/example_task_group.py
[2023-08-15T19:10:44.107-0300] {logging_mixin.py:150} INFO - [2023-08-15T19:10:44.107-0300] {dag.py:2742} INFO - Sync 1 DAGs
[2023-08-15T19:10:44.189-0300] {logging_mixin.py:150} INFO - [2023-08-15T19:10:44.189-0300] {dag.py:3504} INFO - Setting next_dagrun for example_task_group to 2023-08-14T22:10:44.188752+00:00, run_after=2023-08-15T22:10:44.188752+00:00
[2023-08-15T19:10:44.356-0300] {processor.py:179} INFO - Processing /home/alan/repos/pipeline_airflow/pipeline-airflow-venv/lib/python3.11/site-packages/airflow/example_dags/example_task_group.py took 0.334 seconds
[2023-08-15T19:11:47.133-0300] {processor.py:157} INFO - Started process (PID=29786) to work on /home/alan/repos/pipeline_airflow/pipeline-airflow-venv/lib/python3.11/site-packages/airflow/example_dags/example_task_group.py
[2023-08-15T19:11:47.144-0300] {processor.py:826} INFO - Processing file /home/alan/repos/pipeline_airflow/pipeline-airflow-venv/lib/python3.11/site-packages/airflow/example_dags/example_task_group.py for tasks to queue
[2023-08-15T19:11:47.146-0300] {logging_mixin.py:150} INFO - [2023-08-15T19:11:47.145-0300] {dagbag.py:541} INFO - Filling up the DagBag from /home/alan/repos/pipeline_airflow/pipeline-airflow-venv/lib/python3.11/site-packages/airflow/example_dags/example_task_group.py
[2023-08-15T19:11:47.167-0300] {processor.py:836} INFO - DAG(s) dict_keys(['example_task_group']) retrieved from /home/alan/repos/pipeline_airflow/pipeline-airflow-venv/lib/python3.11/site-packages/airflow/example_dags/example_task_group.py
[2023-08-15T19:11:47.203-0300] {logging_mixin.py:150} INFO - [2023-08-15T19:11:47.202-0300] {dag.py:2742} INFO - Sync 1 DAGs
[2023-08-15T19:11:47.239-0300] {logging_mixin.py:150} INFO - [2023-08-15T19:11:47.238-0300] {dag.py:3504} INFO - Setting next_dagrun for example_task_group to 2023-08-14T22:11:47.238416+00:00, run_after=2023-08-15T22:11:47.238416+00:00
[2023-08-15T19:11:47.360-0300] {processor.py:179} INFO - Processing /home/alan/repos/pipeline_airflow/pipeline-airflow-venv/lib/python3.11/site-packages/airflow/example_dags/example_task_group.py took 0.235 seconds
[2023-08-15T19:12:49.297-0300] {processor.py:157} INFO - Started process (PID=29984) to work on /home/alan/repos/pipeline_airflow/pipeline-airflow-venv/lib/python3.11/site-packages/airflow/example_dags/example_task_group.py
[2023-08-15T19:12:49.313-0300] {processor.py:826} INFO - Processing file /home/alan/repos/pipeline_airflow/pipeline-airflow-venv/lib/python3.11/site-packages/airflow/example_dags/example_task_group.py for tasks to queue
[2023-08-15T19:12:49.315-0300] {logging_mixin.py:150} INFO - [2023-08-15T19:12:49.314-0300] {dagbag.py:541} INFO - Filling up the DagBag from /home/alan/repos/pipeline_airflow/pipeline-airflow-venv/lib/python3.11/site-packages/airflow/example_dags/example_task_group.py
[2023-08-15T19:12:49.333-0300] {processor.py:836} INFO - DAG(s) dict_keys(['example_task_group']) retrieved from /home/alan/repos/pipeline_airflow/pipeline-airflow-venv/lib/python3.11/site-packages/airflow/example_dags/example_task_group.py
[2023-08-15T19:12:49.364-0300] {logging_mixin.py:150} INFO - [2023-08-15T19:12:49.364-0300] {dag.py:2742} INFO - Sync 1 DAGs
[2023-08-15T19:12:49.401-0300] {logging_mixin.py:150} INFO - [2023-08-15T19:12:49.400-0300] {dag.py:3504} INFO - Setting next_dagrun for example_task_group to 2023-08-14T22:12:49.400238+00:00, run_after=2023-08-15T22:12:49.400238+00:00
[2023-08-15T19:12:49.517-0300] {processor.py:179} INFO - Processing /home/alan/repos/pipeline_airflow/pipeline-airflow-venv/lib/python3.11/site-packages/airflow/example_dags/example_task_group.py took 0.226 seconds
[2023-08-15T19:13:47.554-0300] {processor.py:157} INFO - Started process (PID=30138) to work on /home/alan/repos/pipeline_airflow/pipeline-airflow-venv/lib/python3.11/site-packages/airflow/example_dags/example_task_group.py
[2023-08-15T19:13:47.569-0300] {processor.py:826} INFO - Processing file /home/alan/repos/pipeline_airflow/pipeline-airflow-venv/lib/python3.11/site-packages/airflow/example_dags/example_task_group.py for tasks to queue
[2023-08-15T19:13:47.570-0300] {logging_mixin.py:150} INFO - [2023-08-15T19:13:47.569-0300] {dagbag.py:541} INFO - Filling up the DagBag from /home/alan/repos/pipeline_airflow/pipeline-airflow-venv/lib/python3.11/site-packages/airflow/example_dags/example_task_group.py
[2023-08-15T19:13:47.590-0300] {processor.py:836} INFO - DAG(s) dict_keys(['example_task_group']) retrieved from /home/alan/repos/pipeline_airflow/pipeline-airflow-venv/lib/python3.11/site-packages/airflow/example_dags/example_task_group.py
[2023-08-15T19:13:47.638-0300] {logging_mixin.py:150} INFO - [2023-08-15T19:13:47.638-0300] {dag.py:2742} INFO - Sync 1 DAGs
[2023-08-15T19:13:47.689-0300] {logging_mixin.py:150} INFO - [2023-08-15T19:13:47.689-0300] {dag.py:3504} INFO - Setting next_dagrun for example_task_group to 2023-08-14T22:13:47.688845+00:00, run_after=2023-08-15T22:13:47.688845+00:00
[2023-08-15T19:13:47.854-0300] {processor.py:179} INFO - Processing /home/alan/repos/pipeline_airflow/pipeline-airflow-venv/lib/python3.11/site-packages/airflow/example_dags/example_task_group.py took 0.313 seconds
[2023-08-15T19:14:46.229-0300] {processor.py:157} INFO - Started process (PID=30291) to work on /home/alan/repos/pipeline_airflow/pipeline-airflow-venv/lib/python3.11/site-packages/airflow/example_dags/example_task_group.py
[2023-08-15T19:14:46.269-0300] {processor.py:826} INFO - Processing file /home/alan/repos/pipeline_airflow/pipeline-airflow-venv/lib/python3.11/site-packages/airflow/example_dags/example_task_group.py for tasks to queue
[2023-08-15T19:14:46.271-0300] {logging_mixin.py:150} INFO - [2023-08-15T19:14:46.270-0300] {dagbag.py:541} INFO - Filling up the DagBag from /home/alan/repos/pipeline_airflow/pipeline-airflow-venv/lib/python3.11/site-packages/airflow/example_dags/example_task_group.py
[2023-08-15T19:14:46.289-0300] {processor.py:836} INFO - DAG(s) dict_keys(['example_task_group']) retrieved from /home/alan/repos/pipeline_airflow/pipeline-airflow-venv/lib/python3.11/site-packages/airflow/example_dags/example_task_group.py
[2023-08-15T19:14:46.332-0300] {logging_mixin.py:150} INFO - [2023-08-15T19:14:46.331-0300] {dag.py:2742} INFO - Sync 1 DAGs
[2023-08-15T19:14:46.375-0300] {logging_mixin.py:150} INFO - [2023-08-15T19:14:46.374-0300] {dag.py:3504} INFO - Setting next_dagrun for example_task_group to 2023-08-14T22:14:46.374555+00:00, run_after=2023-08-15T22:14:46.374555+00:00
[2023-08-15T19:14:46.502-0300] {processor.py:179} INFO - Processing /home/alan/repos/pipeline_airflow/pipeline-airflow-venv/lib/python3.11/site-packages/airflow/example_dags/example_task_group.py took 0.281 seconds
[2023-08-15T19:15:40.800-0300] {processor.py:157} INFO - Started process (PID=30430) to work on /home/alan/repos/pipeline_airflow/pipeline-airflow-venv/lib/python3.11/site-packages/airflow/example_dags/example_task_group.py
[2023-08-15T19:15:40.804-0300] {processor.py:826} INFO - Processing file /home/alan/repos/pipeline_airflow/pipeline-airflow-venv/lib/python3.11/site-packages/airflow/example_dags/example_task_group.py for tasks to queue
[2023-08-15T19:15:40.806-0300] {logging_mixin.py:150} INFO - [2023-08-15T19:15:40.805-0300] {dagbag.py:541} INFO - Filling up the DagBag from /home/alan/repos/pipeline_airflow/pipeline-airflow-venv/lib/python3.11/site-packages/airflow/example_dags/example_task_group.py
[2023-08-15T19:15:40.824-0300] {processor.py:836} INFO - DAG(s) dict_keys(['example_task_group']) retrieved from /home/alan/repos/pipeline_airflow/pipeline-airflow-venv/lib/python3.11/site-packages/airflow/example_dags/example_task_group.py
[2023-08-15T19:15:40.855-0300] {logging_mixin.py:150} INFO - [2023-08-15T19:15:40.854-0300] {dag.py:2742} INFO - Sync 1 DAGs
[2023-08-15T19:15:40.894-0300] {logging_mixin.py:150} INFO - [2023-08-15T19:15:40.894-0300] {dag.py:3504} INFO - Setting next_dagrun for example_task_group to 2023-08-14T22:15:40.894269+00:00, run_after=2023-08-15T22:15:40.894269+00:00
[2023-08-15T19:15:41.014-0300] {processor.py:179} INFO - Processing /home/alan/repos/pipeline_airflow/pipeline-airflow-venv/lib/python3.11/site-packages/airflow/example_dags/example_task_group.py took 0.220 seconds
[2023-08-15T19:16:27.627-0300] {processor.py:157} INFO - Started process (PID=30552) to work on /home/alan/repos/pipeline_airflow/pipeline-airflow-venv/lib/python3.11/site-packages/airflow/example_dags/example_task_group.py
[2023-08-15T19:16:27.640-0300] {processor.py:826} INFO - Processing file /home/alan/repos/pipeline_airflow/pipeline-airflow-venv/lib/python3.11/site-packages/airflow/example_dags/example_task_group.py for tasks to queue
[2023-08-15T19:16:27.641-0300] {logging_mixin.py:150} INFO - [2023-08-15T19:16:27.641-0300] {dagbag.py:541} INFO - Filling up the DagBag from /home/alan/repos/pipeline_airflow/pipeline-airflow-venv/lib/python3.11/site-packages/airflow/example_dags/example_task_group.py
[2023-08-15T19:16:27.656-0300] {processor.py:836} INFO - DAG(s) dict_keys(['example_task_group']) retrieved from /home/alan/repos/pipeline_airflow/pipeline-airflow-venv/lib/python3.11/site-packages/airflow/example_dags/example_task_group.py
[2023-08-15T19:16:27.688-0300] {logging_mixin.py:150} INFO - [2023-08-15T19:16:27.687-0300] {dag.py:2742} INFO - Sync 1 DAGs
[2023-08-15T19:16:27.722-0300] {logging_mixin.py:150} INFO - [2023-08-15T19:16:27.722-0300] {dag.py:3504} INFO - Setting next_dagrun for example_task_group to 2023-08-14T22:16:27.721958+00:00, run_after=2023-08-15T22:16:27.721958+00:00
[2023-08-15T19:16:27.840-0300] {processor.py:179} INFO - Processing /home/alan/repos/pipeline_airflow/pipeline-airflow-venv/lib/python3.11/site-packages/airflow/example_dags/example_task_group.py took 0.219 seconds
[2023-08-15T19:17:29.413-0300] {processor.py:157} INFO - Started process (PID=30714) to work on /home/alan/repos/pipeline_airflow/pipeline-airflow-venv/lib/python3.11/site-packages/airflow/example_dags/example_task_group.py
[2023-08-15T19:17:29.422-0300] {processor.py:826} INFO - Processing file /home/alan/repos/pipeline_airflow/pipeline-airflow-venv/lib/python3.11/site-packages/airflow/example_dags/example_task_group.py for tasks to queue
[2023-08-15T19:17:29.423-0300] {logging_mixin.py:150} INFO - [2023-08-15T19:17:29.423-0300] {dagbag.py:541} INFO - Filling up the DagBag from /home/alan/repos/pipeline_airflow/pipeline-airflow-venv/lib/python3.11/site-packages/airflow/example_dags/example_task_group.py
[2023-08-15T19:17:29.441-0300] {processor.py:836} INFO - DAG(s) dict_keys(['example_task_group']) retrieved from /home/alan/repos/pipeline_airflow/pipeline-airflow-venv/lib/python3.11/site-packages/airflow/example_dags/example_task_group.py
[2023-08-15T19:17:29.473-0300] {logging_mixin.py:150} INFO - [2023-08-15T19:17:29.473-0300] {dag.py:2742} INFO - Sync 1 DAGs
[2023-08-15T19:17:29.513-0300] {logging_mixin.py:150} INFO - [2023-08-15T19:17:29.512-0300] {dag.py:3504} INFO - Setting next_dagrun for example_task_group to 2023-08-14T22:17:29.512366+00:00, run_after=2023-08-15T22:17:29.512366+00:00
[2023-08-15T19:17:29.648-0300] {processor.py:179} INFO - Processing /home/alan/repos/pipeline_airflow/pipeline-airflow-venv/lib/python3.11/site-packages/airflow/example_dags/example_task_group.py took 0.241 seconds
[2023-08-15T19:18:27.287-0300] {processor.py:157} INFO - Started process (PID=30865) to work on /home/alan/repos/pipeline_airflow/pipeline-airflow-venv/lib/python3.11/site-packages/airflow/example_dags/example_task_group.py
[2023-08-15T19:18:27.299-0300] {processor.py:826} INFO - Processing file /home/alan/repos/pipeline_airflow/pipeline-airflow-venv/lib/python3.11/site-packages/airflow/example_dags/example_task_group.py for tasks to queue
[2023-08-15T19:18:27.301-0300] {logging_mixin.py:150} INFO - [2023-08-15T19:18:27.301-0300] {dagbag.py:541} INFO - Filling up the DagBag from /home/alan/repos/pipeline_airflow/pipeline-airflow-venv/lib/python3.11/site-packages/airflow/example_dags/example_task_group.py
[2023-08-15T19:18:27.320-0300] {processor.py:836} INFO - DAG(s) dict_keys(['example_task_group']) retrieved from /home/alan/repos/pipeline_airflow/pipeline-airflow-venv/lib/python3.11/site-packages/airflow/example_dags/example_task_group.py
[2023-08-15T19:18:27.353-0300] {logging_mixin.py:150} INFO - [2023-08-15T19:18:27.353-0300] {dag.py:2742} INFO - Sync 1 DAGs
[2023-08-15T19:18:27.388-0300] {logging_mixin.py:150} INFO - [2023-08-15T19:18:27.388-0300] {dag.py:3504} INFO - Setting next_dagrun for example_task_group to 2023-08-14T22:18:27.388257+00:00, run_after=2023-08-15T22:18:27.388257+00:00
[2023-08-15T19:18:27.499-0300] {processor.py:179} INFO - Processing /home/alan/repos/pipeline_airflow/pipeline-airflow-venv/lib/python3.11/site-packages/airflow/example_dags/example_task_group.py took 0.218 seconds
[2023-08-15T19:19:24.209-0300] {processor.py:157} INFO - Started process (PID=31007) to work on /home/alan/repos/pipeline_airflow/pipeline-airflow-venv/lib/python3.11/site-packages/airflow/example_dags/example_task_group.py
[2023-08-15T19:19:24.221-0300] {processor.py:826} INFO - Processing file /home/alan/repos/pipeline_airflow/pipeline-airflow-venv/lib/python3.11/site-packages/airflow/example_dags/example_task_group.py for tasks to queue
[2023-08-15T19:19:24.223-0300] {logging_mixin.py:150} INFO - [2023-08-15T19:19:24.222-0300] {dagbag.py:541} INFO - Filling up the DagBag from /home/alan/repos/pipeline_airflow/pipeline-airflow-venv/lib/python3.11/site-packages/airflow/example_dags/example_task_group.py
[2023-08-15T19:19:24.241-0300] {processor.py:836} INFO - DAG(s) dict_keys(['example_task_group']) retrieved from /home/alan/repos/pipeline_airflow/pipeline-airflow-venv/lib/python3.11/site-packages/airflow/example_dags/example_task_group.py
[2023-08-15T19:19:24.274-0300] {logging_mixin.py:150} INFO - [2023-08-15T19:19:24.274-0300] {dag.py:2742} INFO - Sync 1 DAGs
[2023-08-15T19:19:24.316-0300] {logging_mixin.py:150} INFO - [2023-08-15T19:19:24.315-0300] {dag.py:3504} INFO - Setting next_dagrun for example_task_group to 2023-08-14T22:19:24.315291+00:00, run_after=2023-08-15T22:19:24.315291+00:00
[2023-08-15T19:19:24.437-0300] {processor.py:179} INFO - Processing /home/alan/repos/pipeline_airflow/pipeline-airflow-venv/lib/python3.11/site-packages/airflow/example_dags/example_task_group.py took 0.235 seconds
[2023-08-15T19:20:25.734-0300] {processor.py:157} INFO - Started process (PID=31222) to work on /home/alan/repos/pipeline_airflow/pipeline-airflow-venv/lib/python3.11/site-packages/airflow/example_dags/example_task_group.py
[2023-08-15T19:20:25.758-0300] {processor.py:826} INFO - Processing file /home/alan/repos/pipeline_airflow/pipeline-airflow-venv/lib/python3.11/site-packages/airflow/example_dags/example_task_group.py for tasks to queue
[2023-08-15T19:20:25.760-0300] {logging_mixin.py:150} INFO - [2023-08-15T19:20:25.759-0300] {dagbag.py:541} INFO - Filling up the DagBag from /home/alan/repos/pipeline_airflow/pipeline-airflow-venv/lib/python3.11/site-packages/airflow/example_dags/example_task_group.py
[2023-08-15T19:20:25.786-0300] {processor.py:836} INFO - DAG(s) dict_keys(['example_task_group']) retrieved from /home/alan/repos/pipeline_airflow/pipeline-airflow-venv/lib/python3.11/site-packages/airflow/example_dags/example_task_group.py
[2023-08-15T19:20:25.847-0300] {logging_mixin.py:150} INFO - [2023-08-15T19:20:25.846-0300] {dag.py:2742} INFO - Sync 1 DAGs
[2023-08-15T19:20:25.910-0300] {logging_mixin.py:150} INFO - [2023-08-15T19:20:25.909-0300] {dag.py:3504} INFO - Setting next_dagrun for example_task_group to 2023-08-14T22:20:25.909403+00:00, run_after=2023-08-15T22:20:25.909403+00:00
[2023-08-15T19:20:26.050-0300] {processor.py:179} INFO - Processing /home/alan/repos/pipeline_airflow/pipeline-airflow-venv/lib/python3.11/site-packages/airflow/example_dags/example_task_group.py took 0.327 seconds
[2023-08-15T19:21:37.951-0300] {processor.py:157} INFO - Started process (PID=31561) to work on /home/alan/repos/pipeline_airflow/pipeline-airflow-venv/lib/python3.11/site-packages/airflow/example_dags/example_task_group.py
[2023-08-15T19:21:37.968-0300] {processor.py:826} INFO - Processing file /home/alan/repos/pipeline_airflow/pipeline-airflow-venv/lib/python3.11/site-packages/airflow/example_dags/example_task_group.py for tasks to queue
[2023-08-15T19:21:37.970-0300] {logging_mixin.py:150} INFO - [2023-08-15T19:21:37.969-0300] {dagbag.py:541} INFO - Filling up the DagBag from /home/alan/repos/pipeline_airflow/pipeline-airflow-venv/lib/python3.11/site-packages/airflow/example_dags/example_task_group.py
[2023-08-15T19:21:37.987-0300] {processor.py:836} INFO - DAG(s) dict_keys(['example_task_group']) retrieved from /home/alan/repos/pipeline_airflow/pipeline-airflow-venv/lib/python3.11/site-packages/airflow/example_dags/example_task_group.py
[2023-08-15T19:21:38.021-0300] {logging_mixin.py:150} INFO - [2023-08-15T19:21:38.020-0300] {dag.py:2742} INFO - Sync 1 DAGs
[2023-08-15T19:21:38.061-0300] {logging_mixin.py:150} INFO - [2023-08-15T19:21:38.060-0300] {dag.py:3504} INFO - Setting next_dagrun for example_task_group to 2023-08-14T22:21:38.060267+00:00, run_after=2023-08-15T22:21:38.060267+00:00
[2023-08-15T19:21:38.180-0300] {processor.py:179} INFO - Processing /home/alan/repos/pipeline_airflow/pipeline-airflow-venv/lib/python3.11/site-packages/airflow/example_dags/example_task_group.py took 0.234 seconds
