[2023-08-15T18:19:51.936-0300] {processor.py:157} INFO - Started process (PID=18349) to work on /home/alan/repos/pipeline_airflow/pipeline-airflow-venv/lib/python3.11/site-packages/airflow/example_dags/example_params_ui_tutorial.py
[2023-08-15T18:19:51.937-0300] {processor.py:826} INFO - Processing file /home/alan/repos/pipeline_airflow/pipeline-airflow-venv/lib/python3.11/site-packages/airflow/example_dags/example_params_ui_tutorial.py for tasks to queue
[2023-08-15T18:19:51.938-0300] {logging_mixin.py:150} INFO - [2023-08-15T18:19:51.938-0300] {dagbag.py:541} INFO - Filling up the DagBag from /home/alan/repos/pipeline_airflow/pipeline-airflow-venv/lib/python3.11/site-packages/airflow/example_dags/example_params_ui_tutorial.py
[2023-08-15T18:19:51.977-0300] {processor.py:836} INFO - DAG(s) dict_keys(['example_params_ui_tutorial']) retrieved from /home/alan/repos/pipeline_airflow/pipeline-airflow-venv/lib/python3.11/site-packages/airflow/example_dags/example_params_ui_tutorial.py
[2023-08-15T18:19:52.381-0300] {logging_mixin.py:150} INFO - [2023-08-15T18:19:52.380-0300] {manager.py:504} INFO - Created Permission View: can delete on DAG:example_params_ui_tutorial
[2023-08-15T18:19:52.468-0300] {logging_mixin.py:150} INFO - [2023-08-15T18:19:52.467-0300] {manager.py:504} INFO - Created Permission View: can edit on DAG:example_params_ui_tutorial
[2023-08-15T18:19:52.557-0300] {logging_mixin.py:150} INFO - [2023-08-15T18:19:52.556-0300] {manager.py:504} INFO - Created Permission View: can read on DAG:example_params_ui_tutorial
[2023-08-15T18:19:52.613-0300] {logging_mixin.py:150} INFO - [2023-08-15T18:19:52.612-0300] {dag.py:2742} INFO - Sync 1 DAGs
[2023-08-15T18:19:52.635-0300] {logging_mixin.py:150} INFO - [2023-08-15T18:19:52.635-0300] {dag.py:2763} INFO - Creating ORM DAG for example_params_ui_tutorial
[2023-08-15T18:19:52.651-0300] {logging_mixin.py:150} INFO - [2023-08-15T18:19:52.650-0300] {dag.py:3504} INFO - Setting next_dagrun for example_params_ui_tutorial to None, run_after=None
[2023-08-15T18:19:52.827-0300] {processor.py:179} INFO - Processing /home/alan/repos/pipeline_airflow/pipeline-airflow-venv/lib/python3.11/site-packages/airflow/example_dags/example_params_ui_tutorial.py took 0.896 seconds
[2023-08-15T18:21:10.383-0300] {processor.py:157} INFO - Started process (PID=18854) to work on /home/alan/repos/pipeline_airflow/pipeline-airflow-venv/lib/python3.11/site-packages/airflow/example_dags/example_params_ui_tutorial.py
[2023-08-15T18:21:10.384-0300] {processor.py:826} INFO - Processing file /home/alan/repos/pipeline_airflow/pipeline-airflow-venv/lib/python3.11/site-packages/airflow/example_dags/example_params_ui_tutorial.py for tasks to queue
[2023-08-15T18:21:10.386-0300] {logging_mixin.py:150} INFO - [2023-08-15T18:21:10.385-0300] {dagbag.py:541} INFO - Filling up the DagBag from /home/alan/repos/pipeline_airflow/pipeline-airflow-venv/lib/python3.11/site-packages/airflow/example_dags/example_params_ui_tutorial.py
[2023-08-15T18:21:10.429-0300] {processor.py:836} INFO - DAG(s) dict_keys(['example_params_ui_tutorial']) retrieved from /home/alan/repos/pipeline_airflow/pipeline-airflow-venv/lib/python3.11/site-packages/airflow/example_dags/example_params_ui_tutorial.py
[2023-08-15T18:21:10.491-0300] {logging_mixin.py:150} INFO - [2023-08-15T18:21:10.490-0300] {dag.py:2742} INFO - Sync 1 DAGs
[2023-08-15T18:21:10.525-0300] {logging_mixin.py:150} INFO - [2023-08-15T18:21:10.524-0300] {dag.py:3504} INFO - Setting next_dagrun for example_params_ui_tutorial to None, run_after=None
[2023-08-15T18:21:10.643-0300] {processor.py:179} INFO - Processing /home/alan/repos/pipeline_airflow/pipeline-airflow-venv/lib/python3.11/site-packages/airflow/example_dags/example_params_ui_tutorial.py took 0.267 seconds
[2023-08-15T18:22:06.538-0300] {processor.py:157} INFO - Started process (PID=19058) to work on /home/alan/repos/pipeline_airflow/pipeline-airflow-venv/lib/python3.11/site-packages/airflow/example_dags/example_params_ui_tutorial.py
[2023-08-15T18:22:06.540-0300] {processor.py:826} INFO - Processing file /home/alan/repos/pipeline_airflow/pipeline-airflow-venv/lib/python3.11/site-packages/airflow/example_dags/example_params_ui_tutorial.py for tasks to queue
[2023-08-15T18:22:06.541-0300] {logging_mixin.py:150} INFO - [2023-08-15T18:22:06.541-0300] {dagbag.py:541} INFO - Filling up the DagBag from /home/alan/repos/pipeline_airflow/pipeline-airflow-venv/lib/python3.11/site-packages/airflow/example_dags/example_params_ui_tutorial.py
[2023-08-15T18:22:06.584-0300] {processor.py:836} INFO - DAG(s) dict_keys(['example_params_ui_tutorial']) retrieved from /home/alan/repos/pipeline_airflow/pipeline-airflow-venv/lib/python3.11/site-packages/airflow/example_dags/example_params_ui_tutorial.py
[2023-08-15T18:22:06.643-0300] {logging_mixin.py:150} INFO - [2023-08-15T18:22:06.642-0300] {dag.py:2742} INFO - Sync 1 DAGs
[2023-08-15T18:22:06.680-0300] {logging_mixin.py:150} INFO - [2023-08-15T18:22:06.679-0300] {dag.py:3504} INFO - Setting next_dagrun for example_params_ui_tutorial to None, run_after=None
[2023-08-15T18:22:06.786-0300] {processor.py:179} INFO - Processing /home/alan/repos/pipeline_airflow/pipeline-airflow-venv/lib/python3.11/site-packages/airflow/example_dags/example_params_ui_tutorial.py took 0.254 seconds
[2023-08-15T18:22:58.827-0300] {processor.py:157} INFO - Started process (PID=19244) to work on /home/alan/repos/pipeline_airflow/pipeline-airflow-venv/lib/python3.11/site-packages/airflow/example_dags/example_params_ui_tutorial.py
[2023-08-15T18:22:58.830-0300] {processor.py:826} INFO - Processing file /home/alan/repos/pipeline_airflow/pipeline-airflow-venv/lib/python3.11/site-packages/airflow/example_dags/example_params_ui_tutorial.py for tasks to queue
[2023-08-15T18:22:58.832-0300] {logging_mixin.py:150} INFO - [2023-08-15T18:22:58.831-0300] {dagbag.py:541} INFO - Filling up the DagBag from /home/alan/repos/pipeline_airflow/pipeline-airflow-venv/lib/python3.11/site-packages/airflow/example_dags/example_params_ui_tutorial.py
[2023-08-15T18:22:58.889-0300] {processor.py:836} INFO - DAG(s) dict_keys(['example_params_ui_tutorial']) retrieved from /home/alan/repos/pipeline_airflow/pipeline-airflow-venv/lib/python3.11/site-packages/airflow/example_dags/example_params_ui_tutorial.py
[2023-08-15T18:22:59.041-0300] {logging_mixin.py:150} INFO - [2023-08-15T18:22:59.041-0300] {dag.py:2742} INFO - Sync 1 DAGs
[2023-08-15T18:22:59.080-0300] {logging_mixin.py:150} INFO - [2023-08-15T18:22:59.079-0300] {dag.py:3504} INFO - Setting next_dagrun for example_params_ui_tutorial to None, run_after=None
[2023-08-15T18:22:59.352-0300] {processor.py:179} INFO - Processing /home/alan/repos/pipeline_airflow/pipeline-airflow-venv/lib/python3.11/site-packages/airflow/example_dags/example_params_ui_tutorial.py took 0.530 seconds
[2023-08-15T18:23:59.104-0300] {processor.py:157} INFO - Started process (PID=19472) to work on /home/alan/repos/pipeline_airflow/pipeline-airflow-venv/lib/python3.11/site-packages/airflow/example_dags/example_params_ui_tutorial.py
[2023-08-15T18:23:59.105-0300] {processor.py:826} INFO - Processing file /home/alan/repos/pipeline_airflow/pipeline-airflow-venv/lib/python3.11/site-packages/airflow/example_dags/example_params_ui_tutorial.py for tasks to queue
[2023-08-15T18:23:59.107-0300] {logging_mixin.py:150} INFO - [2023-08-15T18:23:59.106-0300] {dagbag.py:541} INFO - Filling up the DagBag from /home/alan/repos/pipeline_airflow/pipeline-airflow-venv/lib/python3.11/site-packages/airflow/example_dags/example_params_ui_tutorial.py
[2023-08-15T18:23:59.154-0300] {processor.py:836} INFO - DAG(s) dict_keys(['example_params_ui_tutorial']) retrieved from /home/alan/repos/pipeline_airflow/pipeline-airflow-venv/lib/python3.11/site-packages/airflow/example_dags/example_params_ui_tutorial.py
[2023-08-15T18:23:59.225-0300] {logging_mixin.py:150} INFO - [2023-08-15T18:23:59.225-0300] {dag.py:2742} INFO - Sync 1 DAGs
[2023-08-15T18:23:59.424-0300] {logging_mixin.py:150} INFO - [2023-08-15T18:23:59.424-0300] {dag.py:3504} INFO - Setting next_dagrun for example_params_ui_tutorial to None, run_after=None
[2023-08-15T18:23:59.602-0300] {processor.py:179} INFO - Processing /home/alan/repos/pipeline_airflow/pipeline-airflow-venv/lib/python3.11/site-packages/airflow/example_dags/example_params_ui_tutorial.py took 0.504 seconds
[2023-08-15T18:25:53.566-0300] {processor.py:157} INFO - Started process (PID=20423) to work on /home/alan/repos/pipeline_airflow/pipeline-airflow-venv/lib/python3.11/site-packages/airflow/example_dags/example_params_ui_tutorial.py
[2023-08-15T18:25:53.585-0300] {processor.py:826} INFO - Processing file /home/alan/repos/pipeline_airflow/pipeline-airflow-venv/lib/python3.11/site-packages/airflow/example_dags/example_params_ui_tutorial.py for tasks to queue
[2023-08-15T18:25:53.587-0300] {logging_mixin.py:150} INFO - [2023-08-15T18:25:53.586-0300] {dagbag.py:541} INFO - Filling up the DagBag from /home/alan/repos/pipeline_airflow/pipeline-airflow-venv/lib/python3.11/site-packages/airflow/example_dags/example_params_ui_tutorial.py
[2023-08-15T18:25:54.128-0300] {processor.py:836} INFO - DAG(s) dict_keys(['example_params_ui_tutorial']) retrieved from /home/alan/repos/pipeline_airflow/pipeline-airflow-venv/lib/python3.11/site-packages/airflow/example_dags/example_params_ui_tutorial.py
[2023-08-15T18:25:54.256-0300] {logging_mixin.py:150} INFO - [2023-08-15T18:25:54.255-0300] {dag.py:2742} INFO - Sync 1 DAGs
[2023-08-15T18:25:54.320-0300] {logging_mixin.py:150} INFO - [2023-08-15T18:25:54.319-0300] {dag.py:3504} INFO - Setting next_dagrun for example_params_ui_tutorial to None, run_after=None
[2023-08-15T18:25:54.762-0300] {processor.py:179} INFO - Processing /home/alan/repos/pipeline_airflow/pipeline-airflow-venv/lib/python3.11/site-packages/airflow/example_dags/example_params_ui_tutorial.py took 1.200 seconds
[2023-08-15T18:27:18.256-0300] {processor.py:157} INFO - Started process (PID=20913) to work on /home/alan/repos/pipeline_airflow/pipeline-airflow-venv/lib/python3.11/site-packages/airflow/example_dags/example_params_ui_tutorial.py
[2023-08-15T18:27:18.270-0300] {processor.py:826} INFO - Processing file /home/alan/repos/pipeline_airflow/pipeline-airflow-venv/lib/python3.11/site-packages/airflow/example_dags/example_params_ui_tutorial.py for tasks to queue
[2023-08-15T18:27:18.275-0300] {logging_mixin.py:150} INFO - [2023-08-15T18:27:18.274-0300] {dagbag.py:541} INFO - Filling up the DagBag from /home/alan/repos/pipeline_airflow/pipeline-airflow-venv/lib/python3.11/site-packages/airflow/example_dags/example_params_ui_tutorial.py
[2023-08-15T18:27:18.321-0300] {processor.py:836} INFO - DAG(s) dict_keys(['example_params_ui_tutorial']) retrieved from /home/alan/repos/pipeline_airflow/pipeline-airflow-venv/lib/python3.11/site-packages/airflow/example_dags/example_params_ui_tutorial.py
[2023-08-15T18:27:18.386-0300] {logging_mixin.py:150} INFO - [2023-08-15T18:27:18.385-0300] {dag.py:2742} INFO - Sync 1 DAGs
[2023-08-15T18:27:18.432-0300] {logging_mixin.py:150} INFO - [2023-08-15T18:27:18.432-0300] {dag.py:3504} INFO - Setting next_dagrun for example_params_ui_tutorial to None, run_after=None
[2023-08-15T18:27:18.551-0300] {processor.py:179} INFO - Processing /home/alan/repos/pipeline_airflow/pipeline-airflow-venv/lib/python3.11/site-packages/airflow/example_dags/example_params_ui_tutorial.py took 0.300 seconds
[2023-08-15T18:28:17.652-0300] {processor.py:157} INFO - Started process (PID=21125) to work on /home/alan/repos/pipeline_airflow/pipeline-airflow-venv/lib/python3.11/site-packages/airflow/example_dags/example_params_ui_tutorial.py
[2023-08-15T18:28:17.662-0300] {processor.py:826} INFO - Processing file /home/alan/repos/pipeline_airflow/pipeline-airflow-venv/lib/python3.11/site-packages/airflow/example_dags/example_params_ui_tutorial.py for tasks to queue
[2023-08-15T18:28:17.667-0300] {logging_mixin.py:150} INFO - [2023-08-15T18:28:17.666-0300] {dagbag.py:541} INFO - Filling up the DagBag from /home/alan/repos/pipeline_airflow/pipeline-airflow-venv/lib/python3.11/site-packages/airflow/example_dags/example_params_ui_tutorial.py
[2023-08-15T18:28:17.727-0300] {processor.py:836} INFO - DAG(s) dict_keys(['example_params_ui_tutorial']) retrieved from /home/alan/repos/pipeline_airflow/pipeline-airflow-venv/lib/python3.11/site-packages/airflow/example_dags/example_params_ui_tutorial.py
[2023-08-15T18:28:17.806-0300] {logging_mixin.py:150} INFO - [2023-08-15T18:28:17.803-0300] {dag.py:2742} INFO - Sync 1 DAGs
[2023-08-15T18:28:17.848-0300] {logging_mixin.py:150} INFO - [2023-08-15T18:28:17.848-0300] {dag.py:3504} INFO - Setting next_dagrun for example_params_ui_tutorial to None, run_after=None
[2023-08-15T18:28:18.074-0300] {processor.py:179} INFO - Processing /home/alan/repos/pipeline_airflow/pipeline-airflow-venv/lib/python3.11/site-packages/airflow/example_dags/example_params_ui_tutorial.py took 0.428 seconds
[2023-08-15T18:29:16.014-0300] {processor.py:157} INFO - Started process (PID=21365) to work on /home/alan/repos/pipeline_airflow/pipeline-airflow-venv/lib/python3.11/site-packages/airflow/example_dags/example_params_ui_tutorial.py
[2023-08-15T18:29:16.036-0300] {processor.py:826} INFO - Processing file /home/alan/repos/pipeline_airflow/pipeline-airflow-venv/lib/python3.11/site-packages/airflow/example_dags/example_params_ui_tutorial.py for tasks to queue
[2023-08-15T18:29:16.037-0300] {logging_mixin.py:150} INFO - [2023-08-15T18:29:16.037-0300] {dagbag.py:541} INFO - Filling up the DagBag from /home/alan/repos/pipeline_airflow/pipeline-airflow-venv/lib/python3.11/site-packages/airflow/example_dags/example_params_ui_tutorial.py
[2023-08-15T18:29:16.084-0300] {processor.py:836} INFO - DAG(s) dict_keys(['example_params_ui_tutorial']) retrieved from /home/alan/repos/pipeline_airflow/pipeline-airflow-venv/lib/python3.11/site-packages/airflow/example_dags/example_params_ui_tutorial.py
[2023-08-15T18:29:16.143-0300] {logging_mixin.py:150} INFO - [2023-08-15T18:29:16.142-0300] {dag.py:2742} INFO - Sync 1 DAGs
[2023-08-15T18:29:16.178-0300] {logging_mixin.py:150} INFO - [2023-08-15T18:29:16.178-0300] {dag.py:3504} INFO - Setting next_dagrun for example_params_ui_tutorial to None, run_after=None
[2023-08-15T18:29:16.313-0300] {processor.py:179} INFO - Processing /home/alan/repos/pipeline_airflow/pipeline-airflow-venv/lib/python3.11/site-packages/airflow/example_dags/example_params_ui_tutorial.py took 0.305 seconds
[2023-08-15T18:30:13.135-0300] {processor.py:157} INFO - Started process (PID=21586) to work on /home/alan/repos/pipeline_airflow/pipeline-airflow-venv/lib/python3.11/site-packages/airflow/example_dags/example_params_ui_tutorial.py
[2023-08-15T18:30:13.136-0300] {processor.py:826} INFO - Processing file /home/alan/repos/pipeline_airflow/pipeline-airflow-venv/lib/python3.11/site-packages/airflow/example_dags/example_params_ui_tutorial.py for tasks to queue
[2023-08-15T18:30:13.138-0300] {logging_mixin.py:150} INFO - [2023-08-15T18:30:13.137-0300] {dagbag.py:541} INFO - Filling up the DagBag from /home/alan/repos/pipeline_airflow/pipeline-airflow-venv/lib/python3.11/site-packages/airflow/example_dags/example_params_ui_tutorial.py
[2023-08-15T18:30:13.178-0300] {processor.py:836} INFO - DAG(s) dict_keys(['example_params_ui_tutorial']) retrieved from /home/alan/repos/pipeline_airflow/pipeline-airflow-venv/lib/python3.11/site-packages/airflow/example_dags/example_params_ui_tutorial.py
[2023-08-15T18:30:13.236-0300] {logging_mixin.py:150} INFO - [2023-08-15T18:30:13.236-0300] {dag.py:2742} INFO - Sync 1 DAGs
[2023-08-15T18:30:13.269-0300] {logging_mixin.py:150} INFO - [2023-08-15T18:30:13.269-0300] {dag.py:3504} INFO - Setting next_dagrun for example_params_ui_tutorial to None, run_after=None
[2023-08-15T18:30:13.383-0300] {processor.py:179} INFO - Processing /home/alan/repos/pipeline_airflow/pipeline-airflow-venv/lib/python3.11/site-packages/airflow/example_dags/example_params_ui_tutorial.py took 0.253 seconds
[2023-08-15T18:31:09.411-0300] {processor.py:157} INFO - Started process (PID=21786) to work on /home/alan/repos/pipeline_airflow/pipeline-airflow-venv/lib/python3.11/site-packages/airflow/example_dags/example_params_ui_tutorial.py
[2023-08-15T18:31:09.416-0300] {processor.py:826} INFO - Processing file /home/alan/repos/pipeline_airflow/pipeline-airflow-venv/lib/python3.11/site-packages/airflow/example_dags/example_params_ui_tutorial.py for tasks to queue
[2023-08-15T18:31:09.418-0300] {logging_mixin.py:150} INFO - [2023-08-15T18:31:09.417-0300] {dagbag.py:541} INFO - Filling up the DagBag from /home/alan/repos/pipeline_airflow/pipeline-airflow-venv/lib/python3.11/site-packages/airflow/example_dags/example_params_ui_tutorial.py
[2023-08-15T18:31:09.468-0300] {processor.py:836} INFO - DAG(s) dict_keys(['example_params_ui_tutorial']) retrieved from /home/alan/repos/pipeline_airflow/pipeline-airflow-venv/lib/python3.11/site-packages/airflow/example_dags/example_params_ui_tutorial.py
[2023-08-15T18:31:09.542-0300] {logging_mixin.py:150} INFO - [2023-08-15T18:31:09.541-0300] {dag.py:2742} INFO - Sync 1 DAGs
[2023-08-15T18:31:09.580-0300] {logging_mixin.py:150} INFO - [2023-08-15T18:31:09.580-0300] {dag.py:3504} INFO - Setting next_dagrun for example_params_ui_tutorial to None, run_after=None
[2023-08-15T18:31:09.823-0300] {processor.py:179} INFO - Processing /home/alan/repos/pipeline_airflow/pipeline-airflow-venv/lib/python3.11/site-packages/airflow/example_dags/example_params_ui_tutorial.py took 0.421 seconds
[2023-08-15T18:32:04.182-0300] {processor.py:157} INFO - Started process (PID=21986) to work on /home/alan/repos/pipeline_airflow/pipeline-airflow-venv/lib/python3.11/site-packages/airflow/example_dags/example_params_ui_tutorial.py
[2023-08-15T18:32:04.184-0300] {processor.py:826} INFO - Processing file /home/alan/repos/pipeline_airflow/pipeline-airflow-venv/lib/python3.11/site-packages/airflow/example_dags/example_params_ui_tutorial.py for tasks to queue
[2023-08-15T18:32:04.186-0300] {logging_mixin.py:150} INFO - [2023-08-15T18:32:04.185-0300] {dagbag.py:541} INFO - Filling up the DagBag from /home/alan/repos/pipeline_airflow/pipeline-airflow-venv/lib/python3.11/site-packages/airflow/example_dags/example_params_ui_tutorial.py
[2023-08-15T18:32:04.235-0300] {processor.py:836} INFO - DAG(s) dict_keys(['example_params_ui_tutorial']) retrieved from /home/alan/repos/pipeline_airflow/pipeline-airflow-venv/lib/python3.11/site-packages/airflow/example_dags/example_params_ui_tutorial.py
[2023-08-15T18:32:04.300-0300] {logging_mixin.py:150} INFO - [2023-08-15T18:32:04.299-0300] {dag.py:2742} INFO - Sync 1 DAGs
[2023-08-15T18:32:04.346-0300] {logging_mixin.py:150} INFO - [2023-08-15T18:32:04.346-0300] {dag.py:3504} INFO - Setting next_dagrun for example_params_ui_tutorial to None, run_after=None
[2023-08-15T18:32:04.455-0300] {processor.py:179} INFO - Processing /home/alan/repos/pipeline_airflow/pipeline-airflow-venv/lib/python3.11/site-packages/airflow/example_dags/example_params_ui_tutorial.py took 0.279 seconds
[2023-08-15T18:33:00.975-0300] {processor.py:157} INFO - Started process (PID=22201) to work on /home/alan/repos/pipeline_airflow/pipeline-airflow-venv/lib/python3.11/site-packages/airflow/example_dags/example_params_ui_tutorial.py
[2023-08-15T18:33:00.985-0300] {processor.py:826} INFO - Processing file /home/alan/repos/pipeline_airflow/pipeline-airflow-venv/lib/python3.11/site-packages/airflow/example_dags/example_params_ui_tutorial.py for tasks to queue
[2023-08-15T18:33:00.987-0300] {logging_mixin.py:150} INFO - [2023-08-15T18:33:00.986-0300] {dagbag.py:541} INFO - Filling up the DagBag from /home/alan/repos/pipeline_airflow/pipeline-airflow-venv/lib/python3.11/site-packages/airflow/example_dags/example_params_ui_tutorial.py
[2023-08-15T18:33:01.038-0300] {processor.py:836} INFO - DAG(s) dict_keys(['example_params_ui_tutorial']) retrieved from /home/alan/repos/pipeline_airflow/pipeline-airflow-venv/lib/python3.11/site-packages/airflow/example_dags/example_params_ui_tutorial.py
[2023-08-15T18:33:01.166-0300] {logging_mixin.py:150} INFO - [2023-08-15T18:33:01.165-0300] {dag.py:2742} INFO - Sync 1 DAGs
[2023-08-15T18:33:01.238-0300] {logging_mixin.py:150} INFO - [2023-08-15T18:33:01.238-0300] {dag.py:3504} INFO - Setting next_dagrun for example_params_ui_tutorial to None, run_after=None
[2023-08-15T18:33:01.542-0300] {processor.py:179} INFO - Processing /home/alan/repos/pipeline_airflow/pipeline-airflow-venv/lib/python3.11/site-packages/airflow/example_dags/example_params_ui_tutorial.py took 0.574 seconds
[2023-08-15T18:33:58.081-0300] {processor.py:157} INFO - Started process (PID=22418) to work on /home/alan/repos/pipeline_airflow/pipeline-airflow-venv/lib/python3.11/site-packages/airflow/example_dags/example_params_ui_tutorial.py
[2023-08-15T18:33:58.083-0300] {processor.py:826} INFO - Processing file /home/alan/repos/pipeline_airflow/pipeline-airflow-venv/lib/python3.11/site-packages/airflow/example_dags/example_params_ui_tutorial.py for tasks to queue
[2023-08-15T18:33:58.084-0300] {logging_mixin.py:150} INFO - [2023-08-15T18:33:58.084-0300] {dagbag.py:541} INFO - Filling up the DagBag from /home/alan/repos/pipeline_airflow/pipeline-airflow-venv/lib/python3.11/site-packages/airflow/example_dags/example_params_ui_tutorial.py
[2023-08-15T18:33:58.139-0300] {processor.py:836} INFO - DAG(s) dict_keys(['example_params_ui_tutorial']) retrieved from /home/alan/repos/pipeline_airflow/pipeline-airflow-venv/lib/python3.11/site-packages/airflow/example_dags/example_params_ui_tutorial.py
[2023-08-15T18:33:58.197-0300] {logging_mixin.py:150} INFO - [2023-08-15T18:33:58.197-0300] {dag.py:2742} INFO - Sync 1 DAGs
[2023-08-15T18:33:58.231-0300] {logging_mixin.py:150} INFO - [2023-08-15T18:33:58.230-0300] {dag.py:3504} INFO - Setting next_dagrun for example_params_ui_tutorial to None, run_after=None
[2023-08-15T18:33:58.374-0300] {processor.py:179} INFO - Processing /home/alan/repos/pipeline_airflow/pipeline-airflow-venv/lib/python3.11/site-packages/airflow/example_dags/example_params_ui_tutorial.py took 0.299 seconds
[2023-08-15T18:34:53.142-0300] {processor.py:157} INFO - Started process (PID=22613) to work on /home/alan/repos/pipeline_airflow/pipeline-airflow-venv/lib/python3.11/site-packages/airflow/example_dags/example_params_ui_tutorial.py
[2023-08-15T18:34:53.144-0300] {processor.py:826} INFO - Processing file /home/alan/repos/pipeline_airflow/pipeline-airflow-venv/lib/python3.11/site-packages/airflow/example_dags/example_params_ui_tutorial.py for tasks to queue
[2023-08-15T18:34:53.145-0300] {logging_mixin.py:150} INFO - [2023-08-15T18:34:53.145-0300] {dagbag.py:541} INFO - Filling up the DagBag from /home/alan/repos/pipeline_airflow/pipeline-airflow-venv/lib/python3.11/site-packages/airflow/example_dags/example_params_ui_tutorial.py
[2023-08-15T18:34:53.189-0300] {processor.py:836} INFO - DAG(s) dict_keys(['example_params_ui_tutorial']) retrieved from /home/alan/repos/pipeline_airflow/pipeline-airflow-venv/lib/python3.11/site-packages/airflow/example_dags/example_params_ui_tutorial.py
[2023-08-15T18:34:53.258-0300] {logging_mixin.py:150} INFO - [2023-08-15T18:34:53.258-0300] {dag.py:2742} INFO - Sync 1 DAGs
[2023-08-15T18:34:53.295-0300] {logging_mixin.py:150} INFO - [2023-08-15T18:34:53.294-0300] {dag.py:3504} INFO - Setting next_dagrun for example_params_ui_tutorial to None, run_after=None
[2023-08-15T18:34:53.412-0300] {processor.py:179} INFO - Processing /home/alan/repos/pipeline_airflow/pipeline-airflow-venv/lib/python3.11/site-packages/airflow/example_dags/example_params_ui_tutorial.py took 0.276 seconds
[2023-08-15T18:35:47.985-0300] {processor.py:157} INFO - Started process (PID=22809) to work on /home/alan/repos/pipeline_airflow/pipeline-airflow-venv/lib/python3.11/site-packages/airflow/example_dags/example_params_ui_tutorial.py
[2023-08-15T18:35:47.986-0300] {processor.py:826} INFO - Processing file /home/alan/repos/pipeline_airflow/pipeline-airflow-venv/lib/python3.11/site-packages/airflow/example_dags/example_params_ui_tutorial.py for tasks to queue
[2023-08-15T18:35:47.988-0300] {logging_mixin.py:150} INFO - [2023-08-15T18:35:47.987-0300] {dagbag.py:541} INFO - Filling up the DagBag from /home/alan/repos/pipeline_airflow/pipeline-airflow-venv/lib/python3.11/site-packages/airflow/example_dags/example_params_ui_tutorial.py
[2023-08-15T18:35:48.035-0300] {processor.py:836} INFO - DAG(s) dict_keys(['example_params_ui_tutorial']) retrieved from /home/alan/repos/pipeline_airflow/pipeline-airflow-venv/lib/python3.11/site-packages/airflow/example_dags/example_params_ui_tutorial.py
[2023-08-15T18:35:48.098-0300] {logging_mixin.py:150} INFO - [2023-08-15T18:35:48.098-0300] {dag.py:2742} INFO - Sync 1 DAGs
[2023-08-15T18:35:48.147-0300] {logging_mixin.py:150} INFO - [2023-08-15T18:35:48.146-0300] {dag.py:3504} INFO - Setting next_dagrun for example_params_ui_tutorial to None, run_after=None
[2023-08-15T18:35:48.255-0300] {processor.py:179} INFO - Processing /home/alan/repos/pipeline_airflow/pipeline-airflow-venv/lib/python3.11/site-packages/airflow/example_dags/example_params_ui_tutorial.py took 0.276 seconds
[2023-08-15T18:36:47.580-0300] {processor.py:157} INFO - Started process (PID=23028) to work on /home/alan/repos/pipeline_airflow/pipeline-airflow-venv/lib/python3.11/site-packages/airflow/example_dags/example_params_ui_tutorial.py
[2023-08-15T18:36:47.586-0300] {processor.py:826} INFO - Processing file /home/alan/repos/pipeline_airflow/pipeline-airflow-venv/lib/python3.11/site-packages/airflow/example_dags/example_params_ui_tutorial.py for tasks to queue
[2023-08-15T18:36:47.588-0300] {logging_mixin.py:150} INFO - [2023-08-15T18:36:47.587-0300] {dagbag.py:541} INFO - Filling up the DagBag from /home/alan/repos/pipeline_airflow/pipeline-airflow-venv/lib/python3.11/site-packages/airflow/example_dags/example_params_ui_tutorial.py
[2023-08-15T18:36:47.739-0300] {processor.py:836} INFO - DAG(s) dict_keys(['example_params_ui_tutorial']) retrieved from /home/alan/repos/pipeline_airflow/pipeline-airflow-venv/lib/python3.11/site-packages/airflow/example_dags/example_params_ui_tutorial.py
[2023-08-15T18:36:47.876-0300] {logging_mixin.py:150} INFO - [2023-08-15T18:36:47.876-0300] {dag.py:2742} INFO - Sync 1 DAGs
[2023-08-15T18:36:47.949-0300] {logging_mixin.py:150} INFO - [2023-08-15T18:36:47.948-0300] {dag.py:3504} INFO - Setting next_dagrun for example_params_ui_tutorial to None, run_after=None
[2023-08-15T18:36:48.172-0300] {processor.py:179} INFO - Processing /home/alan/repos/pipeline_airflow/pipeline-airflow-venv/lib/python3.11/site-packages/airflow/example_dags/example_params_ui_tutorial.py took 0.607 seconds
[2023-08-15T18:38:08.120-0300] {processor.py:157} INFO - Started process (PID=23352) to work on /home/alan/repos/pipeline_airflow/pipeline-airflow-venv/lib/python3.11/site-packages/airflow/example_dags/example_params_ui_tutorial.py
[2023-08-15T18:38:08.140-0300] {processor.py:826} INFO - Processing file /home/alan/repos/pipeline_airflow/pipeline-airflow-venv/lib/python3.11/site-packages/airflow/example_dags/example_params_ui_tutorial.py for tasks to queue
[2023-08-15T18:38:08.142-0300] {logging_mixin.py:150} INFO - [2023-08-15T18:38:08.141-0300] {dagbag.py:541} INFO - Filling up the DagBag from /home/alan/repos/pipeline_airflow/pipeline-airflow-venv/lib/python3.11/site-packages/airflow/example_dags/example_params_ui_tutorial.py
[2023-08-15T18:38:08.185-0300] {processor.py:836} INFO - DAG(s) dict_keys(['example_params_ui_tutorial']) retrieved from /home/alan/repos/pipeline_airflow/pipeline-airflow-venv/lib/python3.11/site-packages/airflow/example_dags/example_params_ui_tutorial.py
[2023-08-15T18:38:08.243-0300] {logging_mixin.py:150} INFO - [2023-08-15T18:38:08.243-0300] {dag.py:2742} INFO - Sync 1 DAGs
[2023-08-15T18:38:08.286-0300] {logging_mixin.py:150} INFO - [2023-08-15T18:38:08.286-0300] {dag.py:3504} INFO - Setting next_dagrun for example_params_ui_tutorial to None, run_after=None
[2023-08-15T18:38:08.422-0300] {processor.py:179} INFO - Processing /home/alan/repos/pipeline_airflow/pipeline-airflow-venv/lib/python3.11/site-packages/airflow/example_dags/example_params_ui_tutorial.py took 0.307 seconds
[2023-08-15T18:44:33.844-0300] {processor.py:157} INFO - Started process (PID=23808) to work on /home/alan/repos/pipeline_airflow/pipeline-airflow-venv/lib/python3.11/site-packages/airflow/example_dags/example_params_ui_tutorial.py
[2023-08-15T18:44:33.861-0300] {processor.py:826} INFO - Processing file /home/alan/repos/pipeline_airflow/pipeline-airflow-venv/lib/python3.11/site-packages/airflow/example_dags/example_params_ui_tutorial.py for tasks to queue
[2023-08-15T18:44:33.863-0300] {logging_mixin.py:150} INFO - [2023-08-15T18:44:33.862-0300] {dagbag.py:541} INFO - Filling up the DagBag from /home/alan/repos/pipeline_airflow/pipeline-airflow-venv/lib/python3.11/site-packages/airflow/example_dags/example_params_ui_tutorial.py
[2023-08-15T18:44:33.909-0300] {processor.py:836} INFO - DAG(s) dict_keys(['example_params_ui_tutorial']) retrieved from /home/alan/repos/pipeline_airflow/pipeline-airflow-venv/lib/python3.11/site-packages/airflow/example_dags/example_params_ui_tutorial.py
[2023-08-15T18:44:33.978-0300] {logging_mixin.py:150} INFO - [2023-08-15T18:44:33.977-0300] {dag.py:2742} INFO - Sync 1 DAGs
[2023-08-15T18:44:34.019-0300] {logging_mixin.py:150} INFO - [2023-08-15T18:44:34.019-0300] {dag.py:3504} INFO - Setting next_dagrun for example_params_ui_tutorial to None, run_after=None
[2023-08-15T18:44:34.120-0300] {processor.py:179} INFO - Processing /home/alan/repos/pipeline_airflow/pipeline-airflow-venv/lib/python3.11/site-packages/airflow/example_dags/example_params_ui_tutorial.py took 0.281 seconds
[2023-08-15T18:45:58.366-0300] {processor.py:157} INFO - Started process (PID=24193) to work on /home/alan/repos/pipeline_airflow/pipeline-airflow-venv/lib/python3.11/site-packages/airflow/example_dags/example_params_ui_tutorial.py
[2023-08-15T18:45:58.372-0300] {processor.py:826} INFO - Processing file /home/alan/repos/pipeline_airflow/pipeline-airflow-venv/lib/python3.11/site-packages/airflow/example_dags/example_params_ui_tutorial.py for tasks to queue
[2023-08-15T18:45:58.374-0300] {logging_mixin.py:150} INFO - [2023-08-15T18:45:58.373-0300] {dagbag.py:541} INFO - Filling up the DagBag from /home/alan/repos/pipeline_airflow/pipeline-airflow-venv/lib/python3.11/site-packages/airflow/example_dags/example_params_ui_tutorial.py
[2023-08-15T18:45:58.417-0300] {processor.py:836} INFO - DAG(s) dict_keys(['example_params_ui_tutorial']) retrieved from /home/alan/repos/pipeline_airflow/pipeline-airflow-venv/lib/python3.11/site-packages/airflow/example_dags/example_params_ui_tutorial.py
[2023-08-15T18:45:58.479-0300] {logging_mixin.py:150} INFO - [2023-08-15T18:45:58.479-0300] {dag.py:2742} INFO - Sync 1 DAGs
[2023-08-15T18:45:58.517-0300] {logging_mixin.py:150} INFO - [2023-08-15T18:45:58.517-0300] {dag.py:3504} INFO - Setting next_dagrun for example_params_ui_tutorial to None, run_after=None
[2023-08-15T18:45:58.750-0300] {processor.py:179} INFO - Processing /home/alan/repos/pipeline_airflow/pipeline-airflow-venv/lib/python3.11/site-packages/airflow/example_dags/example_params_ui_tutorial.py took 0.388 seconds
[2023-08-15T18:47:02.698-0300] {processor.py:157} INFO - Started process (PID=24417) to work on /home/alan/repos/pipeline_airflow/pipeline-airflow-venv/lib/python3.11/site-packages/airflow/example_dags/example_params_ui_tutorial.py
[2023-08-15T18:47:02.711-0300] {processor.py:826} INFO - Processing file /home/alan/repos/pipeline_airflow/pipeline-airflow-venv/lib/python3.11/site-packages/airflow/example_dags/example_params_ui_tutorial.py for tasks to queue
[2023-08-15T18:47:02.716-0300] {logging_mixin.py:150} INFO - [2023-08-15T18:47:02.715-0300] {dagbag.py:541} INFO - Filling up the DagBag from /home/alan/repos/pipeline_airflow/pipeline-airflow-venv/lib/python3.11/site-packages/airflow/example_dags/example_params_ui_tutorial.py
[2023-08-15T18:47:02.773-0300] {processor.py:836} INFO - DAG(s) dict_keys(['example_params_ui_tutorial']) retrieved from /home/alan/repos/pipeline_airflow/pipeline-airflow-venv/lib/python3.11/site-packages/airflow/example_dags/example_params_ui_tutorial.py
[2023-08-15T18:47:02.861-0300] {logging_mixin.py:150} INFO - [2023-08-15T18:47:02.860-0300] {dag.py:2742} INFO - Sync 1 DAGs
[2023-08-15T18:47:02.907-0300] {logging_mixin.py:150} INFO - [2023-08-15T18:47:02.907-0300] {dag.py:3504} INFO - Setting next_dagrun for example_params_ui_tutorial to None, run_after=None
[2023-08-15T18:47:03.059-0300] {processor.py:179} INFO - Processing /home/alan/repos/pipeline_airflow/pipeline-airflow-venv/lib/python3.11/site-packages/airflow/example_dags/example_params_ui_tutorial.py took 0.368 seconds
[2023-08-15T18:48:05.238-0300] {processor.py:157} INFO - Started process (PID=24641) to work on /home/alan/repos/pipeline_airflow/pipeline-airflow-venv/lib/python3.11/site-packages/airflow/example_dags/example_params_ui_tutorial.py
[2023-08-15T18:48:05.254-0300] {processor.py:826} INFO - Processing file /home/alan/repos/pipeline_airflow/pipeline-airflow-venv/lib/python3.11/site-packages/airflow/example_dags/example_params_ui_tutorial.py for tasks to queue
[2023-08-15T18:48:05.256-0300] {logging_mixin.py:150} INFO - [2023-08-15T18:48:05.255-0300] {dagbag.py:541} INFO - Filling up the DagBag from /home/alan/repos/pipeline_airflow/pipeline-airflow-venv/lib/python3.11/site-packages/airflow/example_dags/example_params_ui_tutorial.py
[2023-08-15T18:48:05.326-0300] {processor.py:836} INFO - DAG(s) dict_keys(['example_params_ui_tutorial']) retrieved from /home/alan/repos/pipeline_airflow/pipeline-airflow-venv/lib/python3.11/site-packages/airflow/example_dags/example_params_ui_tutorial.py
[2023-08-15T18:48:05.406-0300] {logging_mixin.py:150} INFO - [2023-08-15T18:48:05.406-0300] {dag.py:2742} INFO - Sync 1 DAGs
[2023-08-15T18:48:05.454-0300] {logging_mixin.py:150} INFO - [2023-08-15T18:48:05.454-0300] {dag.py:3504} INFO - Setting next_dagrun for example_params_ui_tutorial to None, run_after=None
[2023-08-15T18:48:05.777-0300] {processor.py:179} INFO - Processing /home/alan/repos/pipeline_airflow/pipeline-airflow-venv/lib/python3.11/site-packages/airflow/example_dags/example_params_ui_tutorial.py took 0.548 seconds
[2023-08-15T18:49:14.734-0300] {processor.py:157} INFO - Started process (PID=24865) to work on /home/alan/repos/pipeline_airflow/pipeline-airflow-venv/lib/python3.11/site-packages/airflow/example_dags/example_params_ui_tutorial.py
[2023-08-15T18:49:14.740-0300] {processor.py:826} INFO - Processing file /home/alan/repos/pipeline_airflow/pipeline-airflow-venv/lib/python3.11/site-packages/airflow/example_dags/example_params_ui_tutorial.py for tasks to queue
[2023-08-15T18:49:14.741-0300] {logging_mixin.py:150} INFO - [2023-08-15T18:49:14.741-0300] {dagbag.py:541} INFO - Filling up the DagBag from /home/alan/repos/pipeline_airflow/pipeline-airflow-venv/lib/python3.11/site-packages/airflow/example_dags/example_params_ui_tutorial.py
[2023-08-15T18:49:15.019-0300] {processor.py:836} INFO - DAG(s) dict_keys(['example_params_ui_tutorial']) retrieved from /home/alan/repos/pipeline_airflow/pipeline-airflow-venv/lib/python3.11/site-packages/airflow/example_dags/example_params_ui_tutorial.py
[2023-08-15T18:49:15.077-0300] {logging_mixin.py:150} INFO - [2023-08-15T18:49:15.076-0300] {dag.py:2742} INFO - Sync 1 DAGs
[2023-08-15T18:49:15.110-0300] {logging_mixin.py:150} INFO - [2023-08-15T18:49:15.110-0300] {dag.py:3504} INFO - Setting next_dagrun for example_params_ui_tutorial to None, run_after=None
[2023-08-15T18:49:15.207-0300] {processor.py:179} INFO - Processing /home/alan/repos/pipeline_airflow/pipeline-airflow-venv/lib/python3.11/site-packages/airflow/example_dags/example_params_ui_tutorial.py took 0.482 seconds
[2023-08-15T18:50:13.910-0300] {processor.py:157} INFO - Started process (PID=25079) to work on /home/alan/repos/pipeline_airflow/pipeline-airflow-venv/lib/python3.11/site-packages/airflow/example_dags/example_params_ui_tutorial.py
[2023-08-15T18:50:13.924-0300] {processor.py:826} INFO - Processing file /home/alan/repos/pipeline_airflow/pipeline-airflow-venv/lib/python3.11/site-packages/airflow/example_dags/example_params_ui_tutorial.py for tasks to queue
[2023-08-15T18:50:13.926-0300] {logging_mixin.py:150} INFO - [2023-08-15T18:50:13.925-0300] {dagbag.py:541} INFO - Filling up the DagBag from /home/alan/repos/pipeline_airflow/pipeline-airflow-venv/lib/python3.11/site-packages/airflow/example_dags/example_params_ui_tutorial.py
[2023-08-15T18:50:13.975-0300] {processor.py:836} INFO - DAG(s) dict_keys(['example_params_ui_tutorial']) retrieved from /home/alan/repos/pipeline_airflow/pipeline-airflow-venv/lib/python3.11/site-packages/airflow/example_dags/example_params_ui_tutorial.py
[2023-08-15T18:50:14.065-0300] {logging_mixin.py:150} INFO - [2023-08-15T18:50:14.065-0300] {dag.py:2742} INFO - Sync 1 DAGs
[2023-08-15T18:50:14.109-0300] {logging_mixin.py:150} INFO - [2023-08-15T18:50:14.109-0300] {dag.py:3504} INFO - Setting next_dagrun for example_params_ui_tutorial to None, run_after=None
[2023-08-15T18:50:14.243-0300] {processor.py:179} INFO - Processing /home/alan/repos/pipeline_airflow/pipeline-airflow-venv/lib/python3.11/site-packages/airflow/example_dags/example_params_ui_tutorial.py took 0.339 seconds
[2023-08-15T18:51:22.459-0300] {processor.py:157} INFO - Started process (PID=25369) to work on /home/alan/repos/pipeline_airflow/pipeline-airflow-venv/lib/python3.11/site-packages/airflow/example_dags/example_params_ui_tutorial.py
[2023-08-15T18:51:22.476-0300] {processor.py:826} INFO - Processing file /home/alan/repos/pipeline_airflow/pipeline-airflow-venv/lib/python3.11/site-packages/airflow/example_dags/example_params_ui_tutorial.py for tasks to queue
[2023-08-15T18:51:22.478-0300] {logging_mixin.py:150} INFO - [2023-08-15T18:51:22.477-0300] {dagbag.py:541} INFO - Filling up the DagBag from /home/alan/repos/pipeline_airflow/pipeline-airflow-venv/lib/python3.11/site-packages/airflow/example_dags/example_params_ui_tutorial.py
[2023-08-15T18:51:22.526-0300] {processor.py:836} INFO - DAG(s) dict_keys(['example_params_ui_tutorial']) retrieved from /home/alan/repos/pipeline_airflow/pipeline-airflow-venv/lib/python3.11/site-packages/airflow/example_dags/example_params_ui_tutorial.py
[2023-08-15T18:51:22.586-0300] {logging_mixin.py:150} INFO - [2023-08-15T18:51:22.585-0300] {dag.py:2742} INFO - Sync 1 DAGs
[2023-08-15T18:51:22.620-0300] {logging_mixin.py:150} INFO - [2023-08-15T18:51:22.620-0300] {dag.py:3504} INFO - Setting next_dagrun for example_params_ui_tutorial to None, run_after=None
[2023-08-15T18:51:22.748-0300] {processor.py:179} INFO - Processing /home/alan/repos/pipeline_airflow/pipeline-airflow-venv/lib/python3.11/site-packages/airflow/example_dags/example_params_ui_tutorial.py took 0.297 seconds
[2023-08-15T18:52:29.684-0300] {processor.py:157} INFO - Started process (PID=25730) to work on /home/alan/repos/pipeline_airflow/pipeline-airflow-venv/lib/python3.11/site-packages/airflow/example_dags/example_params_ui_tutorial.py
[2023-08-15T18:52:29.694-0300] {processor.py:826} INFO - Processing file /home/alan/repos/pipeline_airflow/pipeline-airflow-venv/lib/python3.11/site-packages/airflow/example_dags/example_params_ui_tutorial.py for tasks to queue
[2023-08-15T18:52:29.696-0300] {logging_mixin.py:150} INFO - [2023-08-15T18:52:29.695-0300] {dagbag.py:541} INFO - Filling up the DagBag from /home/alan/repos/pipeline_airflow/pipeline-airflow-venv/lib/python3.11/site-packages/airflow/example_dags/example_params_ui_tutorial.py
[2023-08-15T18:52:29.738-0300] {processor.py:836} INFO - DAG(s) dict_keys(['example_params_ui_tutorial']) retrieved from /home/alan/repos/pipeline_airflow/pipeline-airflow-venv/lib/python3.11/site-packages/airflow/example_dags/example_params_ui_tutorial.py
[2023-08-15T18:52:29.874-0300] {logging_mixin.py:150} INFO - [2023-08-15T18:52:29.874-0300] {dag.py:2742} INFO - Sync 1 DAGs
[2023-08-15T18:52:29.911-0300] {logging_mixin.py:150} INFO - [2023-08-15T18:52:29.911-0300] {dag.py:3504} INFO - Setting next_dagrun for example_params_ui_tutorial to None, run_after=None
[2023-08-15T18:52:30.114-0300] {processor.py:179} INFO - Processing /home/alan/repos/pipeline_airflow/pipeline-airflow-venv/lib/python3.11/site-packages/airflow/example_dags/example_params_ui_tutorial.py took 0.436 seconds
[2023-08-15T18:53:25.814-0300] {processor.py:157} INFO - Started process (PID=25946) to work on /home/alan/repos/pipeline_airflow/pipeline-airflow-venv/lib/python3.11/site-packages/airflow/example_dags/example_params_ui_tutorial.py
[2023-08-15T18:53:25.817-0300] {processor.py:826} INFO - Processing file /home/alan/repos/pipeline_airflow/pipeline-airflow-venv/lib/python3.11/site-packages/airflow/example_dags/example_params_ui_tutorial.py for tasks to queue
[2023-08-15T18:53:25.818-0300] {logging_mixin.py:150} INFO - [2023-08-15T18:53:25.817-0300] {dagbag.py:541} INFO - Filling up the DagBag from /home/alan/repos/pipeline_airflow/pipeline-airflow-venv/lib/python3.11/site-packages/airflow/example_dags/example_params_ui_tutorial.py
[2023-08-15T18:53:25.862-0300] {processor.py:836} INFO - DAG(s) dict_keys(['example_params_ui_tutorial']) retrieved from /home/alan/repos/pipeline_airflow/pipeline-airflow-venv/lib/python3.11/site-packages/airflow/example_dags/example_params_ui_tutorial.py
[2023-08-15T18:53:25.925-0300] {logging_mixin.py:150} INFO - [2023-08-15T18:53:25.924-0300] {dag.py:2742} INFO - Sync 1 DAGs
[2023-08-15T18:53:25.963-0300] {logging_mixin.py:150} INFO - [2023-08-15T18:53:25.963-0300] {dag.py:3504} INFO - Setting next_dagrun for example_params_ui_tutorial to None, run_after=None
[2023-08-15T18:53:26.075-0300] {processor.py:179} INFO - Processing /home/alan/repos/pipeline_airflow/pipeline-airflow-venv/lib/python3.11/site-packages/airflow/example_dags/example_params_ui_tutorial.py took 0.266 seconds
[2023-08-15T18:54:22.423-0300] {processor.py:157} INFO - Started process (PID=26177) to work on /home/alan/repos/pipeline_airflow/pipeline-airflow-venv/lib/python3.11/site-packages/airflow/example_dags/example_params_ui_tutorial.py
[2023-08-15T18:54:22.427-0300] {processor.py:826} INFO - Processing file /home/alan/repos/pipeline_airflow/pipeline-airflow-venv/lib/python3.11/site-packages/airflow/example_dags/example_params_ui_tutorial.py for tasks to queue
[2023-08-15T18:54:22.428-0300] {logging_mixin.py:150} INFO - [2023-08-15T18:54:22.427-0300] {dagbag.py:541} INFO - Filling up the DagBag from /home/alan/repos/pipeline_airflow/pipeline-airflow-venv/lib/python3.11/site-packages/airflow/example_dags/example_params_ui_tutorial.py
[2023-08-15T18:54:22.475-0300] {processor.py:836} INFO - DAG(s) dict_keys(['example_params_ui_tutorial']) retrieved from /home/alan/repos/pipeline_airflow/pipeline-airflow-venv/lib/python3.11/site-packages/airflow/example_dags/example_params_ui_tutorial.py
[2023-08-15T18:54:22.555-0300] {logging_mixin.py:150} INFO - [2023-08-15T18:54:22.555-0300] {dag.py:2742} INFO - Sync 1 DAGs
[2023-08-15T18:54:22.595-0300] {logging_mixin.py:150} INFO - [2023-08-15T18:54:22.594-0300] {dag.py:3504} INFO - Setting next_dagrun for example_params_ui_tutorial to None, run_after=None
[2023-08-15T18:54:22.724-0300] {processor.py:179} INFO - Processing /home/alan/repos/pipeline_airflow/pipeline-airflow-venv/lib/python3.11/site-packages/airflow/example_dags/example_params_ui_tutorial.py took 0.307 seconds
[2023-08-15T18:56:44.407-0300] {processor.py:157} INFO - Started process (PID=26889) to work on /home/alan/repos/pipeline_airflow/pipeline-airflow-venv/lib/python3.11/site-packages/airflow/example_dags/example_params_ui_tutorial.py
[2023-08-15T18:56:44.522-0300] {processor.py:826} INFO - Processing file /home/alan/repos/pipeline_airflow/pipeline-airflow-venv/lib/python3.11/site-packages/airflow/example_dags/example_params_ui_tutorial.py for tasks to queue
[2023-08-15T18:56:44.525-0300] {logging_mixin.py:150} INFO - [2023-08-15T18:56:44.523-0300] {dagbag.py:541} INFO - Filling up the DagBag from /home/alan/repos/pipeline_airflow/pipeline-airflow-venv/lib/python3.11/site-packages/airflow/example_dags/example_params_ui_tutorial.py
[2023-08-15T18:56:45.194-0300] {processor.py:836} INFO - DAG(s) dict_keys(['example_params_ui_tutorial']) retrieved from /home/alan/repos/pipeline_airflow/pipeline-airflow-venv/lib/python3.11/site-packages/airflow/example_dags/example_params_ui_tutorial.py
[2023-08-15T18:56:45.364-0300] {logging_mixin.py:150} INFO - [2023-08-15T18:56:45.363-0300] {dag.py:2742} INFO - Sync 1 DAGs
[2023-08-15T18:56:45.398-0300] {logging_mixin.py:150} INFO - [2023-08-15T18:56:45.397-0300] {dag.py:3504} INFO - Setting next_dagrun for example_params_ui_tutorial to None, run_after=None
[2023-08-15T18:56:46.212-0300] {processor.py:179} INFO - Processing /home/alan/repos/pipeline_airflow/pipeline-airflow-venv/lib/python3.11/site-packages/airflow/example_dags/example_params_ui_tutorial.py took 1.812 seconds
[2023-08-15T18:58:54.188-0300] {processor.py:157} INFO - Started process (PID=27171) to work on /home/alan/repos/pipeline_airflow/pipeline-airflow-venv/lib/python3.11/site-packages/airflow/example_dags/example_params_ui_tutorial.py
[2023-08-15T18:58:54.307-0300] {processor.py:826} INFO - Processing file /home/alan/repos/pipeline_airflow/pipeline-airflow-venv/lib/python3.11/site-packages/airflow/example_dags/example_params_ui_tutorial.py for tasks to queue
[2023-08-15T18:58:54.309-0300] {logging_mixin.py:150} INFO - [2023-08-15T18:58:54.308-0300] {dagbag.py:541} INFO - Filling up the DagBag from /home/alan/repos/pipeline_airflow/pipeline-airflow-venv/lib/python3.11/site-packages/airflow/example_dags/example_params_ui_tutorial.py
[2023-08-15T18:58:54.716-0300] {processor.py:836} INFO - DAG(s) dict_keys(['example_params_ui_tutorial']) retrieved from /home/alan/repos/pipeline_airflow/pipeline-airflow-venv/lib/python3.11/site-packages/airflow/example_dags/example_params_ui_tutorial.py
[2023-08-15T18:58:55.226-0300] {logging_mixin.py:150} INFO - [2023-08-15T18:58:55.226-0300] {dag.py:2742} INFO - Sync 1 DAGs
[2023-08-15T18:58:55.266-0300] {logging_mixin.py:150} INFO - [2023-08-15T18:58:55.266-0300] {dag.py:3504} INFO - Setting next_dagrun for example_params_ui_tutorial to None, run_after=None
[2023-08-15T18:58:56.121-0300] {processor.py:179} INFO - Processing /home/alan/repos/pipeline_airflow/pipeline-airflow-venv/lib/python3.11/site-packages/airflow/example_dags/example_params_ui_tutorial.py took 1.940 seconds
[2023-08-15T19:01:47.623-0300] {processor.py:157} INFO - Started process (PID=27601) to work on /home/alan/repos/pipeline_airflow/pipeline-airflow-venv/lib/python3.11/site-packages/airflow/example_dags/example_params_ui_tutorial.py
[2023-08-15T19:01:47.740-0300] {processor.py:826} INFO - Processing file /home/alan/repos/pipeline_airflow/pipeline-airflow-venv/lib/python3.11/site-packages/airflow/example_dags/example_params_ui_tutorial.py for tasks to queue
[2023-08-15T19:01:47.742-0300] {logging_mixin.py:150} INFO - [2023-08-15T19:01:47.741-0300] {dagbag.py:541} INFO - Filling up the DagBag from /home/alan/repos/pipeline_airflow/pipeline-airflow-venv/lib/python3.11/site-packages/airflow/example_dags/example_params_ui_tutorial.py
[2023-08-15T19:01:48.020-0300] {processor.py:836} INFO - DAG(s) dict_keys(['example_params_ui_tutorial']) retrieved from /home/alan/repos/pipeline_airflow/pipeline-airflow-venv/lib/python3.11/site-packages/airflow/example_dags/example_params_ui_tutorial.py
[2023-08-15T19:01:48.195-0300] {logging_mixin.py:150} INFO - [2023-08-15T19:01:48.195-0300] {dag.py:2742} INFO - Sync 1 DAGs
[2023-08-15T19:01:48.250-0300] {logging_mixin.py:150} INFO - [2023-08-15T19:01:48.250-0300] {dag.py:3504} INFO - Setting next_dagrun for example_params_ui_tutorial to None, run_after=None
[2023-08-15T19:01:48.709-0300] {processor.py:179} INFO - Processing /home/alan/repos/pipeline_airflow/pipeline-airflow-venv/lib/python3.11/site-packages/airflow/example_dags/example_params_ui_tutorial.py took 1.093 seconds
[2023-08-15T19:03:29.933-0300] {processor.py:157} INFO - Started process (PID=28033) to work on /home/alan/repos/pipeline_airflow/pipeline-airflow-venv/lib/python3.11/site-packages/airflow/example_dags/example_params_ui_tutorial.py
[2023-08-15T19:03:29.948-0300] {processor.py:826} INFO - Processing file /home/alan/repos/pipeline_airflow/pipeline-airflow-venv/lib/python3.11/site-packages/airflow/example_dags/example_params_ui_tutorial.py for tasks to queue
[2023-08-15T19:03:29.950-0300] {logging_mixin.py:150} INFO - [2023-08-15T19:03:29.949-0300] {dagbag.py:541} INFO - Filling up the DagBag from /home/alan/repos/pipeline_airflow/pipeline-airflow-venv/lib/python3.11/site-packages/airflow/example_dags/example_params_ui_tutorial.py
[2023-08-15T19:03:30.018-0300] {processor.py:836} INFO - DAG(s) dict_keys(['example_params_ui_tutorial']) retrieved from /home/alan/repos/pipeline_airflow/pipeline-airflow-venv/lib/python3.11/site-packages/airflow/example_dags/example_params_ui_tutorial.py
[2023-08-15T19:03:30.188-0300] {logging_mixin.py:150} INFO - [2023-08-15T19:03:30.188-0300] {dag.py:2742} INFO - Sync 1 DAGs
[2023-08-15T19:03:30.250-0300] {logging_mixin.py:150} INFO - [2023-08-15T19:03:30.250-0300] {dag.py:3504} INFO - Setting next_dagrun for example_params_ui_tutorial to None, run_after=None
[2023-08-15T19:03:30.405-0300] {processor.py:179} INFO - Processing /home/alan/repos/pipeline_airflow/pipeline-airflow-venv/lib/python3.11/site-packages/airflow/example_dags/example_params_ui_tutorial.py took 0.477 seconds
[2023-08-15T19:05:05.896-0300] {processor.py:157} INFO - Started process (PID=28524) to work on /home/alan/repos/pipeline_airflow/pipeline-airflow-venv/lib/python3.11/site-packages/airflow/example_dags/example_params_ui_tutorial.py
[2023-08-15T19:05:05.898-0300] {processor.py:826} INFO - Processing file /home/alan/repos/pipeline_airflow/pipeline-airflow-venv/lib/python3.11/site-packages/airflow/example_dags/example_params_ui_tutorial.py for tasks to queue
[2023-08-15T19:05:05.899-0300] {logging_mixin.py:150} INFO - [2023-08-15T19:05:05.899-0300] {dagbag.py:541} INFO - Filling up the DagBag from /home/alan/repos/pipeline_airflow/pipeline-airflow-venv/lib/python3.11/site-packages/airflow/example_dags/example_params_ui_tutorial.py
[2023-08-15T19:05:05.944-0300] {processor.py:836} INFO - DAG(s) dict_keys(['example_params_ui_tutorial']) retrieved from /home/alan/repos/pipeline_airflow/pipeline-airflow-venv/lib/python3.11/site-packages/airflow/example_dags/example_params_ui_tutorial.py
[2023-08-15T19:05:06.004-0300] {logging_mixin.py:150} INFO - [2023-08-15T19:05:06.004-0300] {dag.py:2742} INFO - Sync 1 DAGs
[2023-08-15T19:05:06.039-0300] {logging_mixin.py:150} INFO - [2023-08-15T19:05:06.039-0300] {dag.py:3504} INFO - Setting next_dagrun for example_params_ui_tutorial to None, run_after=None
[2023-08-15T19:05:06.159-0300] {processor.py:179} INFO - Processing /home/alan/repos/pipeline_airflow/pipeline-airflow-venv/lib/python3.11/site-packages/airflow/example_dags/example_params_ui_tutorial.py took 0.270 seconds
[2023-08-15T19:06:16.659-0300] {processor.py:157} INFO - Started process (PID=28754) to work on /home/alan/repos/pipeline_airflow/pipeline-airflow-venv/lib/python3.11/site-packages/airflow/example_dags/example_params_ui_tutorial.py
[2023-08-15T19:06:16.660-0300] {processor.py:826} INFO - Processing file /home/alan/repos/pipeline_airflow/pipeline-airflow-venv/lib/python3.11/site-packages/airflow/example_dags/example_params_ui_tutorial.py for tasks to queue
[2023-08-15T19:06:16.662-0300] {logging_mixin.py:150} INFO - [2023-08-15T19:06:16.661-0300] {dagbag.py:541} INFO - Filling up the DagBag from /home/alan/repos/pipeline_airflow/pipeline-airflow-venv/lib/python3.11/site-packages/airflow/example_dags/example_params_ui_tutorial.py
[2023-08-15T19:06:16.703-0300] {processor.py:836} INFO - DAG(s) dict_keys(['example_params_ui_tutorial']) retrieved from /home/alan/repos/pipeline_airflow/pipeline-airflow-venv/lib/python3.11/site-packages/airflow/example_dags/example_params_ui_tutorial.py
[2023-08-15T19:06:16.762-0300] {logging_mixin.py:150} INFO - [2023-08-15T19:06:16.761-0300] {dag.py:2742} INFO - Sync 1 DAGs
[2023-08-15T19:06:16.797-0300] {logging_mixin.py:150} INFO - [2023-08-15T19:06:16.797-0300] {dag.py:3504} INFO - Setting next_dagrun for example_params_ui_tutorial to None, run_after=None
[2023-08-15T19:06:17.015-0300] {processor.py:179} INFO - Processing /home/alan/repos/pipeline_airflow/pipeline-airflow-venv/lib/python3.11/site-packages/airflow/example_dags/example_params_ui_tutorial.py took 0.361 seconds
[2023-08-15T19:07:18.099-0300] {processor.py:157} INFO - Started process (PID=28912) to work on /home/alan/repos/pipeline_airflow/pipeline-airflow-venv/lib/python3.11/site-packages/airflow/example_dags/example_params_ui_tutorial.py
[2023-08-15T19:07:18.101-0300] {processor.py:826} INFO - Processing file /home/alan/repos/pipeline_airflow/pipeline-airflow-venv/lib/python3.11/site-packages/airflow/example_dags/example_params_ui_tutorial.py for tasks to queue
[2023-08-15T19:07:18.103-0300] {logging_mixin.py:150} INFO - [2023-08-15T19:07:18.102-0300] {dagbag.py:541} INFO - Filling up the DagBag from /home/alan/repos/pipeline_airflow/pipeline-airflow-venv/lib/python3.11/site-packages/airflow/example_dags/example_params_ui_tutorial.py
[2023-08-15T19:07:18.151-0300] {processor.py:836} INFO - DAG(s) dict_keys(['example_params_ui_tutorial']) retrieved from /home/alan/repos/pipeline_airflow/pipeline-airflow-venv/lib/python3.11/site-packages/airflow/example_dags/example_params_ui_tutorial.py
[2023-08-15T19:07:18.224-0300] {logging_mixin.py:150} INFO - [2023-08-15T19:07:18.224-0300] {dag.py:2742} INFO - Sync 1 DAGs
[2023-08-15T19:07:18.263-0300] {logging_mixin.py:150} INFO - [2023-08-15T19:07:18.263-0300] {dag.py:3504} INFO - Setting next_dagrun for example_params_ui_tutorial to None, run_after=None
[2023-08-15T19:07:18.377-0300] {processor.py:179} INFO - Processing /home/alan/repos/pipeline_airflow/pipeline-airflow-venv/lib/python3.11/site-packages/airflow/example_dags/example_params_ui_tutorial.py took 0.287 seconds
[2023-08-15T19:08:26.930-0300] {processor.py:157} INFO - Started process (PID=29196) to work on /home/alan/repos/pipeline_airflow/pipeline-airflow-venv/lib/python3.11/site-packages/airflow/example_dags/example_params_ui_tutorial.py
[2023-08-15T19:08:26.932-0300] {processor.py:826} INFO - Processing file /home/alan/repos/pipeline_airflow/pipeline-airflow-venv/lib/python3.11/site-packages/airflow/example_dags/example_params_ui_tutorial.py for tasks to queue
[2023-08-15T19:08:26.933-0300] {logging_mixin.py:150} INFO - [2023-08-15T19:08:26.933-0300] {dagbag.py:541} INFO - Filling up the DagBag from /home/alan/repos/pipeline_airflow/pipeline-airflow-venv/lib/python3.11/site-packages/airflow/example_dags/example_params_ui_tutorial.py
[2023-08-15T19:08:26.974-0300] {processor.py:836} INFO - DAG(s) dict_keys(['example_params_ui_tutorial']) retrieved from /home/alan/repos/pipeline_airflow/pipeline-airflow-venv/lib/python3.11/site-packages/airflow/example_dags/example_params_ui_tutorial.py
[2023-08-15T19:08:27.033-0300] {logging_mixin.py:150} INFO - [2023-08-15T19:08:27.033-0300] {dag.py:2742} INFO - Sync 1 DAGs
[2023-08-15T19:08:27.068-0300] {logging_mixin.py:150} INFO - [2023-08-15T19:08:27.067-0300] {dag.py:3504} INFO - Setting next_dagrun for example_params_ui_tutorial to None, run_after=None
[2023-08-15T19:08:27.194-0300] {processor.py:179} INFO - Processing /home/alan/repos/pipeline_airflow/pipeline-airflow-venv/lib/python3.11/site-packages/airflow/example_dags/example_params_ui_tutorial.py took 0.271 seconds
[2023-08-15T19:09:28.365-0300] {processor.py:157} INFO - Started process (PID=29354) to work on /home/alan/repos/pipeline_airflow/pipeline-airflow-venv/lib/python3.11/site-packages/airflow/example_dags/example_params_ui_tutorial.py
[2023-08-15T19:09:28.395-0300] {processor.py:826} INFO - Processing file /home/alan/repos/pipeline_airflow/pipeline-airflow-venv/lib/python3.11/site-packages/airflow/example_dags/example_params_ui_tutorial.py for tasks to queue
[2023-08-15T19:09:28.396-0300] {logging_mixin.py:150} INFO - [2023-08-15T19:09:28.396-0300] {dagbag.py:541} INFO - Filling up the DagBag from /home/alan/repos/pipeline_airflow/pipeline-airflow-venv/lib/python3.11/site-packages/airflow/example_dags/example_params_ui_tutorial.py
[2023-08-15T19:09:28.448-0300] {processor.py:836} INFO - DAG(s) dict_keys(['example_params_ui_tutorial']) retrieved from /home/alan/repos/pipeline_airflow/pipeline-airflow-venv/lib/python3.11/site-packages/airflow/example_dags/example_params_ui_tutorial.py
[2023-08-15T19:09:28.553-0300] {logging_mixin.py:150} INFO - [2023-08-15T19:09:28.553-0300] {dag.py:2742} INFO - Sync 1 DAGs
[2023-08-15T19:09:28.607-0300] {logging_mixin.py:150} INFO - [2023-08-15T19:09:28.607-0300] {dag.py:3504} INFO - Setting next_dagrun for example_params_ui_tutorial to None, run_after=None
[2023-08-15T19:09:28.755-0300] {processor.py:179} INFO - Processing /home/alan/repos/pipeline_airflow/pipeline-airflow-venv/lib/python3.11/site-packages/airflow/example_dags/example_params_ui_tutorial.py took 0.395 seconds
[2023-08-15T19:10:27.269-0300] {processor.py:157} INFO - Started process (PID=29511) to work on /home/alan/repos/pipeline_airflow/pipeline-airflow-venv/lib/python3.11/site-packages/airflow/example_dags/example_params_ui_tutorial.py
[2023-08-15T19:10:27.283-0300] {processor.py:826} INFO - Processing file /home/alan/repos/pipeline_airflow/pipeline-airflow-venv/lib/python3.11/site-packages/airflow/example_dags/example_params_ui_tutorial.py for tasks to queue
[2023-08-15T19:10:27.284-0300] {logging_mixin.py:150} INFO - [2023-08-15T19:10:27.284-0300] {dagbag.py:541} INFO - Filling up the DagBag from /home/alan/repos/pipeline_airflow/pipeline-airflow-venv/lib/python3.11/site-packages/airflow/example_dags/example_params_ui_tutorial.py
[2023-08-15T19:10:27.325-0300] {processor.py:836} INFO - DAG(s) dict_keys(['example_params_ui_tutorial']) retrieved from /home/alan/repos/pipeline_airflow/pipeline-airflow-venv/lib/python3.11/site-packages/airflow/example_dags/example_params_ui_tutorial.py
[2023-08-15T19:10:27.385-0300] {logging_mixin.py:150} INFO - [2023-08-15T19:10:27.385-0300] {dag.py:2742} INFO - Sync 1 DAGs
[2023-08-15T19:10:27.419-0300] {logging_mixin.py:150} INFO - [2023-08-15T19:10:27.418-0300] {dag.py:3504} INFO - Setting next_dagrun for example_params_ui_tutorial to None, run_after=None
[2023-08-15T19:10:27.529-0300] {processor.py:179} INFO - Processing /home/alan/repos/pipeline_airflow/pipeline-airflow-venv/lib/python3.11/site-packages/airflow/example_dags/example_params_ui_tutorial.py took 0.265 seconds
[2023-08-15T19:11:28.604-0300] {processor.py:157} INFO - Started process (PID=29740) to work on /home/alan/repos/pipeline_airflow/pipeline-airflow-venv/lib/python3.11/site-packages/airflow/example_dags/example_params_ui_tutorial.py
[2023-08-15T19:11:28.610-0300] {processor.py:826} INFO - Processing file /home/alan/repos/pipeline_airflow/pipeline-airflow-venv/lib/python3.11/site-packages/airflow/example_dags/example_params_ui_tutorial.py for tasks to queue
[2023-08-15T19:11:28.612-0300] {logging_mixin.py:150} INFO - [2023-08-15T19:11:28.611-0300] {dagbag.py:541} INFO - Filling up the DagBag from /home/alan/repos/pipeline_airflow/pipeline-airflow-venv/lib/python3.11/site-packages/airflow/example_dags/example_params_ui_tutorial.py
[2023-08-15T19:11:28.716-0300] {processor.py:836} INFO - DAG(s) dict_keys(['example_params_ui_tutorial']) retrieved from /home/alan/repos/pipeline_airflow/pipeline-airflow-venv/lib/python3.11/site-packages/airflow/example_dags/example_params_ui_tutorial.py
[2023-08-15T19:11:28.775-0300] {logging_mixin.py:150} INFO - [2023-08-15T19:11:28.774-0300] {dag.py:2742} INFO - Sync 1 DAGs
[2023-08-15T19:11:28.820-0300] {logging_mixin.py:150} INFO - [2023-08-15T19:11:28.819-0300] {dag.py:3504} INFO - Setting next_dagrun for example_params_ui_tutorial to None, run_after=None
[2023-08-15T19:11:28.923-0300] {processor.py:179} INFO - Processing /home/alan/repos/pipeline_airflow/pipeline-airflow-venv/lib/python3.11/site-packages/airflow/example_dags/example_params_ui_tutorial.py took 0.325 seconds
[2023-08-15T19:12:33.931-0300] {processor.py:157} INFO - Started process (PID=29938) to work on /home/alan/repos/pipeline_airflow/pipeline-airflow-venv/lib/python3.11/site-packages/airflow/example_dags/example_params_ui_tutorial.py
[2023-08-15T19:12:33.933-0300] {processor.py:826} INFO - Processing file /home/alan/repos/pipeline_airflow/pipeline-airflow-venv/lib/python3.11/site-packages/airflow/example_dags/example_params_ui_tutorial.py for tasks to queue
[2023-08-15T19:12:33.935-0300] {logging_mixin.py:150} INFO - [2023-08-15T19:12:33.934-0300] {dagbag.py:541} INFO - Filling up the DagBag from /home/alan/repos/pipeline_airflow/pipeline-airflow-venv/lib/python3.11/site-packages/airflow/example_dags/example_params_ui_tutorial.py
[2023-08-15T19:12:33.984-0300] {processor.py:836} INFO - DAG(s) dict_keys(['example_params_ui_tutorial']) retrieved from /home/alan/repos/pipeline_airflow/pipeline-airflow-venv/lib/python3.11/site-packages/airflow/example_dags/example_params_ui_tutorial.py
[2023-08-15T19:12:34.044-0300] {logging_mixin.py:150} INFO - [2023-08-15T19:12:34.044-0300] {dag.py:2742} INFO - Sync 1 DAGs
[2023-08-15T19:12:34.078-0300] {logging_mixin.py:150} INFO - [2023-08-15T19:12:34.078-0300] {dag.py:3504} INFO - Setting next_dagrun for example_params_ui_tutorial to None, run_after=None
[2023-08-15T19:12:34.180-0300] {processor.py:179} INFO - Processing /home/alan/repos/pipeline_airflow/pipeline-airflow-venv/lib/python3.11/site-packages/airflow/example_dags/example_params_ui_tutorial.py took 0.255 seconds
[2023-08-15T19:13:32.923-0300] {processor.py:157} INFO - Started process (PID=30102) to work on /home/alan/repos/pipeline_airflow/pipeline-airflow-venv/lib/python3.11/site-packages/airflow/example_dags/example_params_ui_tutorial.py
[2023-08-15T19:13:32.932-0300] {processor.py:826} INFO - Processing file /home/alan/repos/pipeline_airflow/pipeline-airflow-venv/lib/python3.11/site-packages/airflow/example_dags/example_params_ui_tutorial.py for tasks to queue
[2023-08-15T19:13:32.934-0300] {logging_mixin.py:150} INFO - [2023-08-15T19:13:32.933-0300] {dagbag.py:541} INFO - Filling up the DagBag from /home/alan/repos/pipeline_airflow/pipeline-airflow-venv/lib/python3.11/site-packages/airflow/example_dags/example_params_ui_tutorial.py
[2023-08-15T19:13:32.998-0300] {processor.py:836} INFO - DAG(s) dict_keys(['example_params_ui_tutorial']) retrieved from /home/alan/repos/pipeline_airflow/pipeline-airflow-venv/lib/python3.11/site-packages/airflow/example_dags/example_params_ui_tutorial.py
[2023-08-15T19:13:33.069-0300] {logging_mixin.py:150} INFO - [2023-08-15T19:13:33.069-0300] {dag.py:2742} INFO - Sync 1 DAGs
[2023-08-15T19:13:33.112-0300] {logging_mixin.py:150} INFO - [2023-08-15T19:13:33.112-0300] {dag.py:3504} INFO - Setting next_dagrun for example_params_ui_tutorial to None, run_after=None
[2023-08-15T19:13:33.233-0300] {processor.py:179} INFO - Processing /home/alan/repos/pipeline_airflow/pipeline-airflow-venv/lib/python3.11/site-packages/airflow/example_dags/example_params_ui_tutorial.py took 0.323 seconds
[2023-08-15T19:14:34.817-0300] {processor.py:157} INFO - Started process (PID=30256) to work on /home/alan/repos/pipeline_airflow/pipeline-airflow-venv/lib/python3.11/site-packages/airflow/example_dags/example_params_ui_tutorial.py
[2023-08-15T19:14:34.824-0300] {processor.py:826} INFO - Processing file /home/alan/repos/pipeline_airflow/pipeline-airflow-venv/lib/python3.11/site-packages/airflow/example_dags/example_params_ui_tutorial.py for tasks to queue
[2023-08-15T19:14:34.826-0300] {logging_mixin.py:150} INFO - [2023-08-15T19:14:34.825-0300] {dagbag.py:541} INFO - Filling up the DagBag from /home/alan/repos/pipeline_airflow/pipeline-airflow-venv/lib/python3.11/site-packages/airflow/example_dags/example_params_ui_tutorial.py
[2023-08-15T19:14:34.886-0300] {processor.py:836} INFO - DAG(s) dict_keys(['example_params_ui_tutorial']) retrieved from /home/alan/repos/pipeline_airflow/pipeline-airflow-venv/lib/python3.11/site-packages/airflow/example_dags/example_params_ui_tutorial.py
[2023-08-15T19:14:34.957-0300] {logging_mixin.py:150} INFO - [2023-08-15T19:14:34.957-0300] {dag.py:2742} INFO - Sync 1 DAGs
[2023-08-15T19:14:34.996-0300] {logging_mixin.py:150} INFO - [2023-08-15T19:14:34.996-0300] {dag.py:3504} INFO - Setting next_dagrun for example_params_ui_tutorial to None, run_after=None
[2023-08-15T19:14:35.099-0300] {processor.py:179} INFO - Processing /home/alan/repos/pipeline_airflow/pipeline-airflow-venv/lib/python3.11/site-packages/airflow/example_dags/example_params_ui_tutorial.py took 0.295 seconds
[2023-08-15T19:15:31.855-0300] {processor.py:157} INFO - Started process (PID=30403) to work on /home/alan/repos/pipeline_airflow/pipeline-airflow-venv/lib/python3.11/site-packages/airflow/example_dags/example_params_ui_tutorial.py
[2023-08-15T19:15:31.890-0300] {processor.py:826} INFO - Processing file /home/alan/repos/pipeline_airflow/pipeline-airflow-venv/lib/python3.11/site-packages/airflow/example_dags/example_params_ui_tutorial.py for tasks to queue
[2023-08-15T19:15:31.891-0300] {logging_mixin.py:150} INFO - [2023-08-15T19:15:31.891-0300] {dagbag.py:541} INFO - Filling up the DagBag from /home/alan/repos/pipeline_airflow/pipeline-airflow-venv/lib/python3.11/site-packages/airflow/example_dags/example_params_ui_tutorial.py
[2023-08-15T19:15:31.933-0300] {processor.py:836} INFO - DAG(s) dict_keys(['example_params_ui_tutorial']) retrieved from /home/alan/repos/pipeline_airflow/pipeline-airflow-venv/lib/python3.11/site-packages/airflow/example_dags/example_params_ui_tutorial.py
[2023-08-15T19:15:31.993-0300] {logging_mixin.py:150} INFO - [2023-08-15T19:15:31.993-0300] {dag.py:2742} INFO - Sync 1 DAGs
[2023-08-15T19:15:32.029-0300] {logging_mixin.py:150} INFO - [2023-08-15T19:15:32.029-0300] {dag.py:3504} INFO - Setting next_dagrun for example_params_ui_tutorial to None, run_after=None
[2023-08-15T19:15:32.175-0300] {processor.py:179} INFO - Processing /home/alan/repos/pipeline_airflow/pipeline-airflow-venv/lib/python3.11/site-packages/airflow/example_dags/example_params_ui_tutorial.py took 0.326 seconds
[2023-08-15T19:16:29.805-0300] {processor.py:157} INFO - Started process (PID=30560) to work on /home/alan/repos/pipeline_airflow/pipeline-airflow-venv/lib/python3.11/site-packages/airflow/example_dags/example_params_ui_tutorial.py
[2023-08-15T19:16:29.824-0300] {processor.py:826} INFO - Processing file /home/alan/repos/pipeline_airflow/pipeline-airflow-venv/lib/python3.11/site-packages/airflow/example_dags/example_params_ui_tutorial.py for tasks to queue
[2023-08-15T19:16:29.826-0300] {logging_mixin.py:150} INFO - [2023-08-15T19:16:29.825-0300] {dagbag.py:541} INFO - Filling up the DagBag from /home/alan/repos/pipeline_airflow/pipeline-airflow-venv/lib/python3.11/site-packages/airflow/example_dags/example_params_ui_tutorial.py
[2023-08-15T19:16:29.885-0300] {processor.py:836} INFO - DAG(s) dict_keys(['example_params_ui_tutorial']) retrieved from /home/alan/repos/pipeline_airflow/pipeline-airflow-venv/lib/python3.11/site-packages/airflow/example_dags/example_params_ui_tutorial.py
[2023-08-15T19:16:29.947-0300] {logging_mixin.py:150} INFO - [2023-08-15T19:16:29.946-0300] {dag.py:2742} INFO - Sync 1 DAGs
[2023-08-15T19:16:29.981-0300] {logging_mixin.py:150} INFO - [2023-08-15T19:16:29.981-0300] {dag.py:3504} INFO - Setting next_dagrun for example_params_ui_tutorial to None, run_after=None
[2023-08-15T19:16:30.080-0300] {processor.py:179} INFO - Processing /home/alan/repos/pipeline_airflow/pipeline-airflow-venv/lib/python3.11/site-packages/airflow/example_dags/example_params_ui_tutorial.py took 0.279 seconds
[2023-08-15T19:17:31.859-0300] {processor.py:157} INFO - Started process (PID=30720) to work on /home/alan/repos/pipeline_airflow/pipeline-airflow-venv/lib/python3.11/site-packages/airflow/example_dags/example_params_ui_tutorial.py
[2023-08-15T19:17:31.871-0300] {processor.py:826} INFO - Processing file /home/alan/repos/pipeline_airflow/pipeline-airflow-venv/lib/python3.11/site-packages/airflow/example_dags/example_params_ui_tutorial.py for tasks to queue
[2023-08-15T19:17:31.873-0300] {logging_mixin.py:150} INFO - [2023-08-15T19:17:31.872-0300] {dagbag.py:541} INFO - Filling up the DagBag from /home/alan/repos/pipeline_airflow/pipeline-airflow-venv/lib/python3.11/site-packages/airflow/example_dags/example_params_ui_tutorial.py
[2023-08-15T19:17:31.920-0300] {processor.py:836} INFO - DAG(s) dict_keys(['example_params_ui_tutorial']) retrieved from /home/alan/repos/pipeline_airflow/pipeline-airflow-venv/lib/python3.11/site-packages/airflow/example_dags/example_params_ui_tutorial.py
[2023-08-15T19:17:31.980-0300] {logging_mixin.py:150} INFO - [2023-08-15T19:17:31.980-0300] {dag.py:2742} INFO - Sync 1 DAGs
[2023-08-15T19:17:32.016-0300] {logging_mixin.py:150} INFO - [2023-08-15T19:17:32.015-0300] {dag.py:3504} INFO - Setting next_dagrun for example_params_ui_tutorial to None, run_after=None
[2023-08-15T19:17:32.131-0300] {processor.py:179} INFO - Processing /home/alan/repos/pipeline_airflow/pipeline-airflow-venv/lib/python3.11/site-packages/airflow/example_dags/example_params_ui_tutorial.py took 0.278 seconds
[2023-08-15T19:18:30.079-0300] {processor.py:157} INFO - Started process (PID=30871) to work on /home/alan/repos/pipeline_airflow/pipeline-airflow-venv/lib/python3.11/site-packages/airflow/example_dags/example_params_ui_tutorial.py
[2023-08-15T19:18:30.088-0300] {processor.py:826} INFO - Processing file /home/alan/repos/pipeline_airflow/pipeline-airflow-venv/lib/python3.11/site-packages/airflow/example_dags/example_params_ui_tutorial.py for tasks to queue
[2023-08-15T19:18:30.090-0300] {logging_mixin.py:150} INFO - [2023-08-15T19:18:30.089-0300] {dagbag.py:541} INFO - Filling up the DagBag from /home/alan/repos/pipeline_airflow/pipeline-airflow-venv/lib/python3.11/site-packages/airflow/example_dags/example_params_ui_tutorial.py
[2023-08-15T19:18:30.137-0300] {processor.py:836} INFO - DAG(s) dict_keys(['example_params_ui_tutorial']) retrieved from /home/alan/repos/pipeline_airflow/pipeline-airflow-venv/lib/python3.11/site-packages/airflow/example_dags/example_params_ui_tutorial.py
[2023-08-15T19:18:30.197-0300] {logging_mixin.py:150} INFO - [2023-08-15T19:18:30.196-0300] {dag.py:2742} INFO - Sync 1 DAGs
[2023-08-15T19:18:30.230-0300] {logging_mixin.py:150} INFO - [2023-08-15T19:18:30.230-0300] {dag.py:3504} INFO - Setting next_dagrun for example_params_ui_tutorial to None, run_after=None
[2023-08-15T19:18:30.334-0300] {processor.py:179} INFO - Processing /home/alan/repos/pipeline_airflow/pipeline-airflow-venv/lib/python3.11/site-packages/airflow/example_dags/example_params_ui_tutorial.py took 0.261 seconds
[2023-08-15T19:19:26.281-0300] {processor.py:157} INFO - Started process (PID=31015) to work on /home/alan/repos/pipeline_airflow/pipeline-airflow-venv/lib/python3.11/site-packages/airflow/example_dags/example_params_ui_tutorial.py
[2023-08-15T19:19:26.282-0300] {processor.py:826} INFO - Processing file /home/alan/repos/pipeline_airflow/pipeline-airflow-venv/lib/python3.11/site-packages/airflow/example_dags/example_params_ui_tutorial.py for tasks to queue
[2023-08-15T19:19:26.284-0300] {logging_mixin.py:150} INFO - [2023-08-15T19:19:26.283-0300] {dagbag.py:541} INFO - Filling up the DagBag from /home/alan/repos/pipeline_airflow/pipeline-airflow-venv/lib/python3.11/site-packages/airflow/example_dags/example_params_ui_tutorial.py
[2023-08-15T19:19:26.330-0300] {processor.py:836} INFO - DAG(s) dict_keys(['example_params_ui_tutorial']) retrieved from /home/alan/repos/pipeline_airflow/pipeline-airflow-venv/lib/python3.11/site-packages/airflow/example_dags/example_params_ui_tutorial.py
[2023-08-15T19:19:26.396-0300] {logging_mixin.py:150} INFO - [2023-08-15T19:19:26.395-0300] {dag.py:2742} INFO - Sync 1 DAGs
[2023-08-15T19:19:26.436-0300] {logging_mixin.py:150} INFO - [2023-08-15T19:19:26.436-0300] {dag.py:3504} INFO - Setting next_dagrun for example_params_ui_tutorial to None, run_after=None
[2023-08-15T19:19:26.551-0300] {processor.py:179} INFO - Processing /home/alan/repos/pipeline_airflow/pipeline-airflow-venv/lib/python3.11/site-packages/airflow/example_dags/example_params_ui_tutorial.py took 0.278 seconds
[2023-08-15T19:20:29.002-0300] {processor.py:157} INFO - Started process (PID=31237) to work on /home/alan/repos/pipeline_airflow/pipeline-airflow-venv/lib/python3.11/site-packages/airflow/example_dags/example_params_ui_tutorial.py
[2023-08-15T19:20:29.054-0300] {processor.py:826} INFO - Processing file /home/alan/repos/pipeline_airflow/pipeline-airflow-venv/lib/python3.11/site-packages/airflow/example_dags/example_params_ui_tutorial.py for tasks to queue
[2023-08-15T19:20:29.056-0300] {logging_mixin.py:150} INFO - [2023-08-15T19:20:29.055-0300] {dagbag.py:541} INFO - Filling up the DagBag from /home/alan/repos/pipeline_airflow/pipeline-airflow-venv/lib/python3.11/site-packages/airflow/example_dags/example_params_ui_tutorial.py
[2023-08-15T19:20:29.126-0300] {processor.py:836} INFO - DAG(s) dict_keys(['example_params_ui_tutorial']) retrieved from /home/alan/repos/pipeline_airflow/pipeline-airflow-venv/lib/python3.11/site-packages/airflow/example_dags/example_params_ui_tutorial.py
[2023-08-15T19:20:29.199-0300] {logging_mixin.py:150} INFO - [2023-08-15T19:20:29.198-0300] {dag.py:2742} INFO - Sync 1 DAGs
[2023-08-15T19:20:29.238-0300] {logging_mixin.py:150} INFO - [2023-08-15T19:20:29.238-0300] {dag.py:3504} INFO - Setting next_dagrun for example_params_ui_tutorial to None, run_after=None
[2023-08-15T19:20:29.392-0300] {processor.py:179} INFO - Processing /home/alan/repos/pipeline_airflow/pipeline-airflow-venv/lib/python3.11/site-packages/airflow/example_dags/example_params_ui_tutorial.py took 0.409 seconds
[2023-08-15T19:21:42.813-0300] {processor.py:157} INFO - Started process (PID=31576) to work on /home/alan/repos/pipeline_airflow/pipeline-airflow-venv/lib/python3.11/site-packages/airflow/example_dags/example_params_ui_tutorial.py
[2023-08-15T19:21:42.816-0300] {processor.py:826} INFO - Processing file /home/alan/repos/pipeline_airflow/pipeline-airflow-venv/lib/python3.11/site-packages/airflow/example_dags/example_params_ui_tutorial.py for tasks to queue
[2023-08-15T19:21:42.818-0300] {logging_mixin.py:150} INFO - [2023-08-15T19:21:42.817-0300] {dagbag.py:541} INFO - Filling up the DagBag from /home/alan/repos/pipeline_airflow/pipeline-airflow-venv/lib/python3.11/site-packages/airflow/example_dags/example_params_ui_tutorial.py
[2023-08-15T19:21:42.869-0300] {processor.py:836} INFO - DAG(s) dict_keys(['example_params_ui_tutorial']) retrieved from /home/alan/repos/pipeline_airflow/pipeline-airflow-venv/lib/python3.11/site-packages/airflow/example_dags/example_params_ui_tutorial.py
[2023-08-15T19:21:42.958-0300] {logging_mixin.py:150} INFO - [2023-08-15T19:21:42.957-0300] {dag.py:2742} INFO - Sync 1 DAGs
[2023-08-15T19:21:43.000-0300] {logging_mixin.py:150} INFO - [2023-08-15T19:21:43.000-0300] {dag.py:3504} INFO - Setting next_dagrun for example_params_ui_tutorial to None, run_after=None
[2023-08-15T19:21:43.123-0300] {processor.py:179} INFO - Processing /home/alan/repos/pipeline_airflow/pipeline-airflow-venv/lib/python3.11/site-packages/airflow/example_dags/example_params_ui_tutorial.py took 0.316 seconds
