[2023-08-15T18:19:21.414-0300] {processor.py:157} INFO - Started process (PID=18168) to work on /home/alan/repos/pipeline_airflow/pipeline-airflow-venv/lib/python3.11/site-packages/airflow/example_dags/example_xcomargs.py
[2023-08-15T18:19:21.416-0300] {processor.py:826} INFO - Processing file /home/alan/repos/pipeline_airflow/pipeline-airflow-venv/lib/python3.11/site-packages/airflow/example_dags/example_xcomargs.py for tasks to queue
[2023-08-15T18:19:21.417-0300] {logging_mixin.py:150} INFO - [2023-08-15T18:19:21.417-0300] {dagbag.py:541} INFO - Filling up the DagBag from /home/alan/repos/pipeline_airflow/pipeline-airflow-venv/lib/python3.11/site-packages/airflow/example_dags/example_xcomargs.py
[2023-08-15T18:19:21.437-0300] {processor.py:836} INFO - DAG(s) dict_keys(['example_xcom_args_with_operators', 'example_xcom_args']) retrieved from /home/alan/repos/pipeline_airflow/pipeline-airflow-venv/lib/python3.11/site-packages/airflow/example_dags/example_xcomargs.py
[2023-08-15T18:19:21.805-0300] {logging_mixin.py:150} INFO - [2023-08-15T18:19:21.804-0300] {manager.py:504} INFO - Created Permission View: can delete on DAG:example_xcom_args_with_operators
[2023-08-15T18:19:21.905-0300] {logging_mixin.py:150} INFO - [2023-08-15T18:19:21.904-0300] {manager.py:504} INFO - Created Permission View: can edit on DAG:example_xcom_args_with_operators
[2023-08-15T18:19:21.993-0300] {logging_mixin.py:150} INFO - [2023-08-15T18:19:21.993-0300] {manager.py:504} INFO - Created Permission View: can read on DAG:example_xcom_args_with_operators
[2023-08-15T18:19:22.237-0300] {logging_mixin.py:150} INFO - [2023-08-15T18:19:22.236-0300] {manager.py:504} INFO - Created Permission View: can delete on DAG:example_xcom_args
[2023-08-15T18:19:22.325-0300] {logging_mixin.py:150} INFO - [2023-08-15T18:19:22.324-0300] {manager.py:504} INFO - Created Permission View: can edit on DAG:example_xcom_args
[2023-08-15T18:19:22.402-0300] {logging_mixin.py:150} INFO - [2023-08-15T18:19:22.401-0300] {manager.py:504} INFO - Created Permission View: can read on DAG:example_xcom_args
[2023-08-15T18:19:22.411-0300] {logging_mixin.py:150} INFO - [2023-08-15T18:19:22.411-0300] {dag.py:2742} INFO - Sync 2 DAGs
[2023-08-15T18:19:22.431-0300] {logging_mixin.py:150} INFO - [2023-08-15T18:19:22.430-0300] {dag.py:2763} INFO - Creating ORM DAG for example_xcom_args
[2023-08-15T18:19:22.432-0300] {logging_mixin.py:150} INFO - [2023-08-15T18:19:22.432-0300] {dag.py:2763} INFO - Creating ORM DAG for example_xcom_args_with_operators
[2023-08-15T18:19:22.453-0300] {logging_mixin.py:150} INFO - [2023-08-15T18:19:22.452-0300] {dag.py:3504} INFO - Setting next_dagrun for example_xcom_args to None, run_after=None
[2023-08-15T18:19:22.454-0300] {logging_mixin.py:150} INFO - [2023-08-15T18:19:22.453-0300] {dag.py:3504} INFO - Setting next_dagrun for example_xcom_args_with_operators to None, run_after=None
[2023-08-15T18:19:22.593-0300] {processor.py:179} INFO - Processing /home/alan/repos/pipeline_airflow/pipeline-airflow-venv/lib/python3.11/site-packages/airflow/example_dags/example_xcomargs.py took 1.184 seconds
[2023-08-15T18:20:49.312-0300] {processor.py:157} INFO - Started process (PID=18777) to work on /home/alan/repos/pipeline_airflow/pipeline-airflow-venv/lib/python3.11/site-packages/airflow/example_dags/example_xcomargs.py
[2023-08-15T18:20:49.321-0300] {processor.py:826} INFO - Processing file /home/alan/repos/pipeline_airflow/pipeline-airflow-venv/lib/python3.11/site-packages/airflow/example_dags/example_xcomargs.py for tasks to queue
[2023-08-15T18:20:49.323-0300] {logging_mixin.py:150} INFO - [2023-08-15T18:20:49.322-0300] {dagbag.py:541} INFO - Filling up the DagBag from /home/alan/repos/pipeline_airflow/pipeline-airflow-venv/lib/python3.11/site-packages/airflow/example_dags/example_xcomargs.py
[2023-08-15T18:20:49.341-0300] {processor.py:836} INFO - DAG(s) dict_keys(['example_xcom_args_with_operators', 'example_xcom_args']) retrieved from /home/alan/repos/pipeline_airflow/pipeline-airflow-venv/lib/python3.11/site-packages/airflow/example_dags/example_xcomargs.py
[2023-08-15T18:20:49.377-0300] {logging_mixin.py:150} INFO - [2023-08-15T18:20:49.377-0300] {dag.py:2742} INFO - Sync 2 DAGs
[2023-08-15T18:20:49.416-0300] {logging_mixin.py:150} INFO - [2023-08-15T18:20:49.416-0300] {dag.py:3504} INFO - Setting next_dagrun for example_xcom_args to None, run_after=None
[2023-08-15T18:20:49.421-0300] {logging_mixin.py:150} INFO - [2023-08-15T18:20:49.421-0300] {dag.py:3504} INFO - Setting next_dagrun for example_xcom_args_with_operators to None, run_after=None
[2023-08-15T18:20:49.536-0300] {processor.py:179} INFO - Processing /home/alan/repos/pipeline_airflow/pipeline-airflow-venv/lib/python3.11/site-packages/airflow/example_dags/example_xcomargs.py took 0.230 seconds
[2023-08-15T18:21:30.058-0300] {processor.py:157} INFO - Started process (PID=18919) to work on /home/alan/repos/pipeline_airflow/pipeline-airflow-venv/lib/python3.11/site-packages/airflow/example_dags/example_xcomargs.py
[2023-08-15T18:21:30.065-0300] {processor.py:826} INFO - Processing file /home/alan/repos/pipeline_airflow/pipeline-airflow-venv/lib/python3.11/site-packages/airflow/example_dags/example_xcomargs.py for tasks to queue
[2023-08-15T18:21:30.067-0300] {logging_mixin.py:150} INFO - [2023-08-15T18:21:30.066-0300] {dagbag.py:541} INFO - Filling up the DagBag from /home/alan/repos/pipeline_airflow/pipeline-airflow-venv/lib/python3.11/site-packages/airflow/example_dags/example_xcomargs.py
[2023-08-15T18:21:30.098-0300] {processor.py:836} INFO - DAG(s) dict_keys(['example_xcom_args', 'example_xcom_args_with_operators']) retrieved from /home/alan/repos/pipeline_airflow/pipeline-airflow-venv/lib/python3.11/site-packages/airflow/example_dags/example_xcomargs.py
[2023-08-15T18:21:30.148-0300] {logging_mixin.py:150} INFO - [2023-08-15T18:21:30.147-0300] {dag.py:2742} INFO - Sync 2 DAGs
[2023-08-15T18:21:30.186-0300] {logging_mixin.py:150} INFO - [2023-08-15T18:21:30.185-0300] {dag.py:3504} INFO - Setting next_dagrun for example_xcom_args to None, run_after=None
[2023-08-15T18:21:30.191-0300] {logging_mixin.py:150} INFO - [2023-08-15T18:21:30.191-0300] {dag.py:3504} INFO - Setting next_dagrun for example_xcom_args_with_operators to None, run_after=None
[2023-08-15T18:21:30.308-0300] {processor.py:179} INFO - Processing /home/alan/repos/pipeline_airflow/pipeline-airflow-venv/lib/python3.11/site-packages/airflow/example_dags/example_xcomargs.py took 0.255 seconds
[2023-08-15T18:22:21.848-0300] {processor.py:157} INFO - Started process (PID=19108) to work on /home/alan/repos/pipeline_airflow/pipeline-airflow-venv/lib/python3.11/site-packages/airflow/example_dags/example_xcomargs.py
[2023-08-15T18:22:21.850-0300] {processor.py:826} INFO - Processing file /home/alan/repos/pipeline_airflow/pipeline-airflow-venv/lib/python3.11/site-packages/airflow/example_dags/example_xcomargs.py for tasks to queue
[2023-08-15T18:22:21.851-0300] {logging_mixin.py:150} INFO - [2023-08-15T18:22:21.851-0300] {dagbag.py:541} INFO - Filling up the DagBag from /home/alan/repos/pipeline_airflow/pipeline-airflow-venv/lib/python3.11/site-packages/airflow/example_dags/example_xcomargs.py
[2023-08-15T18:22:21.869-0300] {processor.py:836} INFO - DAG(s) dict_keys(['example_xcom_args_with_operators', 'example_xcom_args']) retrieved from /home/alan/repos/pipeline_airflow/pipeline-airflow-venv/lib/python3.11/site-packages/airflow/example_dags/example_xcomargs.py
[2023-08-15T18:22:21.906-0300] {logging_mixin.py:150} INFO - [2023-08-15T18:22:21.906-0300] {dag.py:2742} INFO - Sync 2 DAGs
[2023-08-15T18:22:21.940-0300] {logging_mixin.py:150} INFO - [2023-08-15T18:22:21.939-0300] {dag.py:3504} INFO - Setting next_dagrun for example_xcom_args to None, run_after=None
[2023-08-15T18:22:21.945-0300] {logging_mixin.py:150} INFO - [2023-08-15T18:22:21.944-0300] {dag.py:3504} INFO - Setting next_dagrun for example_xcom_args_with_operators to None, run_after=None
[2023-08-15T18:22:22.085-0300] {processor.py:179} INFO - Processing /home/alan/repos/pipeline_airflow/pipeline-airflow-venv/lib/python3.11/site-packages/airflow/example_dags/example_xcomargs.py took 0.243 seconds
[2023-08-15T18:23:16.761-0300] {processor.py:157} INFO - Started process (PID=19302) to work on /home/alan/repos/pipeline_airflow/pipeline-airflow-venv/lib/python3.11/site-packages/airflow/example_dags/example_xcomargs.py
[2023-08-15T18:23:16.780-0300] {processor.py:826} INFO - Processing file /home/alan/repos/pipeline_airflow/pipeline-airflow-venv/lib/python3.11/site-packages/airflow/example_dags/example_xcomargs.py for tasks to queue
[2023-08-15T18:23:16.781-0300] {logging_mixin.py:150} INFO - [2023-08-15T18:23:16.780-0300] {dagbag.py:541} INFO - Filling up the DagBag from /home/alan/repos/pipeline_airflow/pipeline-airflow-venv/lib/python3.11/site-packages/airflow/example_dags/example_xcomargs.py
[2023-08-15T18:23:16.797-0300] {processor.py:836} INFO - DAG(s) dict_keys(['example_xcom_args', 'example_xcom_args_with_operators']) retrieved from /home/alan/repos/pipeline_airflow/pipeline-airflow-venv/lib/python3.11/site-packages/airflow/example_dags/example_xcomargs.py
[2023-08-15T18:23:16.833-0300] {logging_mixin.py:150} INFO - [2023-08-15T18:23:16.832-0300] {dag.py:2742} INFO - Sync 2 DAGs
[2023-08-15T18:23:16.870-0300] {logging_mixin.py:150} INFO - [2023-08-15T18:23:16.869-0300] {dag.py:3504} INFO - Setting next_dagrun for example_xcom_args to None, run_after=None
[2023-08-15T18:23:16.877-0300] {logging_mixin.py:150} INFO - [2023-08-15T18:23:16.877-0300] {dag.py:3504} INFO - Setting next_dagrun for example_xcom_args_with_operators to None, run_after=None
[2023-08-15T18:23:17.166-0300] {processor.py:179} INFO - Processing /home/alan/repos/pipeline_airflow/pipeline-airflow-venv/lib/python3.11/site-packages/airflow/example_dags/example_xcomargs.py took 0.410 seconds
[2023-08-15T18:24:22.833-0300] {processor.py:157} INFO - Started process (PID=19582) to work on /home/alan/repos/pipeline_airflow/pipeline-airflow-venv/lib/python3.11/site-packages/airflow/example_dags/example_xcomargs.py
[2023-08-15T18:24:22.846-0300] {processor.py:826} INFO - Processing file /home/alan/repos/pipeline_airflow/pipeline-airflow-venv/lib/python3.11/site-packages/airflow/example_dags/example_xcomargs.py for tasks to queue
[2023-08-15T18:24:22.848-0300] {logging_mixin.py:150} INFO - [2023-08-15T18:24:22.847-0300] {dagbag.py:541} INFO - Filling up the DagBag from /home/alan/repos/pipeline_airflow/pipeline-airflow-venv/lib/python3.11/site-packages/airflow/example_dags/example_xcomargs.py
[2023-08-15T18:24:22.875-0300] {processor.py:836} INFO - DAG(s) dict_keys(['example_xcom_args_with_operators', 'example_xcom_args']) retrieved from /home/alan/repos/pipeline_airflow/pipeline-airflow-venv/lib/python3.11/site-packages/airflow/example_dags/example_xcomargs.py
[2023-08-15T18:24:23.251-0300] {logging_mixin.py:150} INFO - [2023-08-15T18:24:23.250-0300] {dag.py:2742} INFO - Sync 2 DAGs
[2023-08-15T18:24:23.297-0300] {logging_mixin.py:150} INFO - [2023-08-15T18:24:23.297-0300] {dag.py:3504} INFO - Setting next_dagrun for example_xcom_args to None, run_after=None
[2023-08-15T18:24:23.303-0300] {logging_mixin.py:150} INFO - [2023-08-15T18:24:23.302-0300] {dag.py:3504} INFO - Setting next_dagrun for example_xcom_args_with_operators to None, run_after=None
[2023-08-15T18:24:23.458-0300] {processor.py:179} INFO - Processing /home/alan/repos/pipeline_airflow/pipeline-airflow-venv/lib/python3.11/site-packages/airflow/example_dags/example_xcomargs.py took 0.639 seconds
[2023-08-15T18:26:19.727-0300] {processor.py:157} INFO - Started process (PID=20687) to work on /home/alan/repos/pipeline_airflow/pipeline-airflow-venv/lib/python3.11/site-packages/airflow/example_dags/example_xcomargs.py
[2023-08-15T18:26:19.734-0300] {processor.py:826} INFO - Processing file /home/alan/repos/pipeline_airflow/pipeline-airflow-venv/lib/python3.11/site-packages/airflow/example_dags/example_xcomargs.py for tasks to queue
[2023-08-15T18:26:19.736-0300] {logging_mixin.py:150} INFO - [2023-08-15T18:26:19.735-0300] {dagbag.py:541} INFO - Filling up the DagBag from /home/alan/repos/pipeline_airflow/pipeline-airflow-venv/lib/python3.11/site-packages/airflow/example_dags/example_xcomargs.py
[2023-08-15T18:26:19.793-0300] {processor.py:836} INFO - DAG(s) dict_keys(['example_xcom_args_with_operators', 'example_xcom_args']) retrieved from /home/alan/repos/pipeline_airflow/pipeline-airflow-venv/lib/python3.11/site-packages/airflow/example_dags/example_xcomargs.py
[2023-08-15T18:26:19.837-0300] {logging_mixin.py:150} INFO - [2023-08-15T18:26:19.837-0300] {dag.py:2742} INFO - Sync 2 DAGs
[2023-08-15T18:26:19.875-0300] {logging_mixin.py:150} INFO - [2023-08-15T18:26:19.874-0300] {dag.py:3504} INFO - Setting next_dagrun for example_xcom_args to None, run_after=None
[2023-08-15T18:26:19.880-0300] {logging_mixin.py:150} INFO - [2023-08-15T18:26:19.879-0300] {dag.py:3504} INFO - Setting next_dagrun for example_xcom_args_with_operators to None, run_after=None
[2023-08-15T18:26:20.036-0300] {processor.py:179} INFO - Processing /home/alan/repos/pipeline_airflow/pipeline-airflow-venv/lib/python3.11/site-packages/airflow/example_dags/example_xcomargs.py took 0.316 seconds
[2023-08-15T18:27:07.309-0300] {processor.py:157} INFO - Started process (PID=20867) to work on /home/alan/repos/pipeline_airflow/pipeline-airflow-venv/lib/python3.11/site-packages/airflow/example_dags/example_xcomargs.py
[2023-08-15T18:27:07.325-0300] {processor.py:826} INFO - Processing file /home/alan/repos/pipeline_airflow/pipeline-airflow-venv/lib/python3.11/site-packages/airflow/example_dags/example_xcomargs.py for tasks to queue
[2023-08-15T18:27:07.326-0300] {logging_mixin.py:150} INFO - [2023-08-15T18:27:07.326-0300] {dagbag.py:541} INFO - Filling up the DagBag from /home/alan/repos/pipeline_airflow/pipeline-airflow-venv/lib/python3.11/site-packages/airflow/example_dags/example_xcomargs.py
[2023-08-15T18:27:07.346-0300] {processor.py:836} INFO - DAG(s) dict_keys(['example_xcom_args', 'example_xcom_args_with_operators']) retrieved from /home/alan/repos/pipeline_airflow/pipeline-airflow-venv/lib/python3.11/site-packages/airflow/example_dags/example_xcomargs.py
[2023-08-15T18:27:07.383-0300] {logging_mixin.py:150} INFO - [2023-08-15T18:27:07.383-0300] {dag.py:2742} INFO - Sync 2 DAGs
[2023-08-15T18:27:07.418-0300] {logging_mixin.py:150} INFO - [2023-08-15T18:27:07.418-0300] {dag.py:3504} INFO - Setting next_dagrun for example_xcom_args to None, run_after=None
[2023-08-15T18:27:07.425-0300] {logging_mixin.py:150} INFO - [2023-08-15T18:27:07.425-0300] {dag.py:3504} INFO - Setting next_dagrun for example_xcom_args_with_operators to None, run_after=None
[2023-08-15T18:27:07.538-0300] {processor.py:179} INFO - Processing /home/alan/repos/pipeline_airflow/pipeline-airflow-venv/lib/python3.11/site-packages/airflow/example_dags/example_xcomargs.py took 0.236 seconds
[2023-08-15T18:28:08.180-0300] {processor.py:157} INFO - Started process (PID=21084) to work on /home/alan/repos/pipeline_airflow/pipeline-airflow-venv/lib/python3.11/site-packages/airflow/example_dags/example_xcomargs.py
[2023-08-15T18:28:08.187-0300] {processor.py:826} INFO - Processing file /home/alan/repos/pipeline_airflow/pipeline-airflow-venv/lib/python3.11/site-packages/airflow/example_dags/example_xcomargs.py for tasks to queue
[2023-08-15T18:28:08.188-0300] {logging_mixin.py:150} INFO - [2023-08-15T18:28:08.188-0300] {dagbag.py:541} INFO - Filling up the DagBag from /home/alan/repos/pipeline_airflow/pipeline-airflow-venv/lib/python3.11/site-packages/airflow/example_dags/example_xcomargs.py
[2023-08-15T18:28:08.207-0300] {processor.py:836} INFO - DAG(s) dict_keys(['example_xcom_args', 'example_xcom_args_with_operators']) retrieved from /home/alan/repos/pipeline_airflow/pipeline-airflow-venv/lib/python3.11/site-packages/airflow/example_dags/example_xcomargs.py
[2023-08-15T18:28:08.246-0300] {logging_mixin.py:150} INFO - [2023-08-15T18:28:08.246-0300] {dag.py:2742} INFO - Sync 2 DAGs
[2023-08-15T18:28:08.287-0300] {logging_mixin.py:150} INFO - [2023-08-15T18:28:08.287-0300] {dag.py:3504} INFO - Setting next_dagrun for example_xcom_args to None, run_after=None
[2023-08-15T18:28:08.294-0300] {logging_mixin.py:150} INFO - [2023-08-15T18:28:08.294-0300] {dag.py:3504} INFO - Setting next_dagrun for example_xcom_args_with_operators to None, run_after=None
[2023-08-15T18:28:08.399-0300] {processor.py:179} INFO - Processing /home/alan/repos/pipeline_airflow/pipeline-airflow-venv/lib/python3.11/site-packages/airflow/example_dags/example_xcomargs.py took 0.227 seconds
[2023-08-15T18:29:04.478-0300] {processor.py:157} INFO - Started process (PID=21328) to work on /home/alan/repos/pipeline_airflow/pipeline-airflow-venv/lib/python3.11/site-packages/airflow/example_dags/example_xcomargs.py
[2023-08-15T18:29:04.479-0300] {processor.py:826} INFO - Processing file /home/alan/repos/pipeline_airflow/pipeline-airflow-venv/lib/python3.11/site-packages/airflow/example_dags/example_xcomargs.py for tasks to queue
[2023-08-15T18:29:04.481-0300] {logging_mixin.py:150} INFO - [2023-08-15T18:29:04.480-0300] {dagbag.py:541} INFO - Filling up the DagBag from /home/alan/repos/pipeline_airflow/pipeline-airflow-venv/lib/python3.11/site-packages/airflow/example_dags/example_xcomargs.py
[2023-08-15T18:29:04.496-0300] {processor.py:836} INFO - DAG(s) dict_keys(['example_xcom_args', 'example_xcom_args_with_operators']) retrieved from /home/alan/repos/pipeline_airflow/pipeline-airflow-venv/lib/python3.11/site-packages/airflow/example_dags/example_xcomargs.py
[2023-08-15T18:29:04.532-0300] {logging_mixin.py:150} INFO - [2023-08-15T18:29:04.531-0300] {dag.py:2742} INFO - Sync 2 DAGs
[2023-08-15T18:29:04.567-0300] {logging_mixin.py:150} INFO - [2023-08-15T18:29:04.567-0300] {dag.py:3504} INFO - Setting next_dagrun for example_xcom_args to None, run_after=None
[2023-08-15T18:29:04.572-0300] {logging_mixin.py:150} INFO - [2023-08-15T18:29:04.572-0300] {dag.py:3504} INFO - Setting next_dagrun for example_xcom_args_with_operators to None, run_after=None
[2023-08-15T18:29:04.758-0300] {processor.py:179} INFO - Processing /home/alan/repos/pipeline_airflow/pipeline-airflow-venv/lib/python3.11/site-packages/airflow/example_dags/example_xcomargs.py took 0.285 seconds
[2023-08-15T18:30:03.561-0300] {processor.py:157} INFO - Started process (PID=21549) to work on /home/alan/repos/pipeline_airflow/pipeline-airflow-venv/lib/python3.11/site-packages/airflow/example_dags/example_xcomargs.py
[2023-08-15T18:30:03.592-0300] {processor.py:826} INFO - Processing file /home/alan/repos/pipeline_airflow/pipeline-airflow-venv/lib/python3.11/site-packages/airflow/example_dags/example_xcomargs.py for tasks to queue
[2023-08-15T18:30:03.593-0300] {logging_mixin.py:150} INFO - [2023-08-15T18:30:03.593-0300] {dagbag.py:541} INFO - Filling up the DagBag from /home/alan/repos/pipeline_airflow/pipeline-airflow-venv/lib/python3.11/site-packages/airflow/example_dags/example_xcomargs.py
[2023-08-15T18:30:03.611-0300] {processor.py:836} INFO - DAG(s) dict_keys(['example_xcom_args_with_operators', 'example_xcom_args']) retrieved from /home/alan/repos/pipeline_airflow/pipeline-airflow-venv/lib/python3.11/site-packages/airflow/example_dags/example_xcomargs.py
[2023-08-15T18:30:03.648-0300] {logging_mixin.py:150} INFO - [2023-08-15T18:30:03.648-0300] {dag.py:2742} INFO - Sync 2 DAGs
[2023-08-15T18:30:03.685-0300] {logging_mixin.py:150} INFO - [2023-08-15T18:30:03.684-0300] {dag.py:3504} INFO - Setting next_dagrun for example_xcom_args to None, run_after=None
[2023-08-15T18:30:03.690-0300] {logging_mixin.py:150} INFO - [2023-08-15T18:30:03.690-0300] {dag.py:3504} INFO - Setting next_dagrun for example_xcom_args_with_operators to None, run_after=None
[2023-08-15T18:30:03.949-0300] {processor.py:179} INFO - Processing /home/alan/repos/pipeline_airflow/pipeline-airflow-venv/lib/python3.11/site-packages/airflow/example_dags/example_xcomargs.py took 0.393 seconds
[2023-08-15T18:30:57.176-0300] {processor.py:157} INFO - Started process (PID=21748) to work on /home/alan/repos/pipeline_airflow/pipeline-airflow-venv/lib/python3.11/site-packages/airflow/example_dags/example_xcomargs.py
[2023-08-15T18:30:57.181-0300] {processor.py:826} INFO - Processing file /home/alan/repos/pipeline_airflow/pipeline-airflow-venv/lib/python3.11/site-packages/airflow/example_dags/example_xcomargs.py for tasks to queue
[2023-08-15T18:30:57.183-0300] {logging_mixin.py:150} INFO - [2023-08-15T18:30:57.183-0300] {dagbag.py:541} INFO - Filling up the DagBag from /home/alan/repos/pipeline_airflow/pipeline-airflow-venv/lib/python3.11/site-packages/airflow/example_dags/example_xcomargs.py
[2023-08-15T18:30:57.207-0300] {processor.py:836} INFO - DAG(s) dict_keys(['example_xcom_args_with_operators', 'example_xcom_args']) retrieved from /home/alan/repos/pipeline_airflow/pipeline-airflow-venv/lib/python3.11/site-packages/airflow/example_dags/example_xcomargs.py
[2023-08-15T18:30:57.256-0300] {logging_mixin.py:150} INFO - [2023-08-15T18:30:57.256-0300] {dag.py:2742} INFO - Sync 2 DAGs
[2023-08-15T18:30:57.298-0300] {logging_mixin.py:150} INFO - [2023-08-15T18:30:57.298-0300] {dag.py:3504} INFO - Setting next_dagrun for example_xcom_args to None, run_after=None
[2023-08-15T18:30:57.303-0300] {logging_mixin.py:150} INFO - [2023-08-15T18:30:57.303-0300] {dag.py:3504} INFO - Setting next_dagrun for example_xcom_args_with_operators to None, run_after=None
[2023-08-15T18:30:57.448-0300] {processor.py:179} INFO - Processing /home/alan/repos/pipeline_airflow/pipeline-airflow-venv/lib/python3.11/site-packages/airflow/example_dags/example_xcomargs.py took 0.278 seconds
[2023-08-15T18:31:53.600-0300] {processor.py:157} INFO - Started process (PID=21949) to work on /home/alan/repos/pipeline_airflow/pipeline-airflow-venv/lib/python3.11/site-packages/airflow/example_dags/example_xcomargs.py
[2023-08-15T18:31:53.613-0300] {processor.py:826} INFO - Processing file /home/alan/repos/pipeline_airflow/pipeline-airflow-venv/lib/python3.11/site-packages/airflow/example_dags/example_xcomargs.py for tasks to queue
[2023-08-15T18:31:53.614-0300] {logging_mixin.py:150} INFO - [2023-08-15T18:31:53.614-0300] {dagbag.py:541} INFO - Filling up the DagBag from /home/alan/repos/pipeline_airflow/pipeline-airflow-venv/lib/python3.11/site-packages/airflow/example_dags/example_xcomargs.py
[2023-08-15T18:31:53.643-0300] {processor.py:836} INFO - DAG(s) dict_keys(['example_xcom_args', 'example_xcom_args_with_operators']) retrieved from /home/alan/repos/pipeline_airflow/pipeline-airflow-venv/lib/python3.11/site-packages/airflow/example_dags/example_xcomargs.py
[2023-08-15T18:31:53.687-0300] {logging_mixin.py:150} INFO - [2023-08-15T18:31:53.686-0300] {dag.py:2742} INFO - Sync 2 DAGs
[2023-08-15T18:31:53.746-0300] {logging_mixin.py:150} INFO - [2023-08-15T18:31:53.745-0300] {dag.py:3504} INFO - Setting next_dagrun for example_xcom_args to None, run_after=None
[2023-08-15T18:31:53.754-0300] {logging_mixin.py:150} INFO - [2023-08-15T18:31:53.754-0300] {dag.py:3504} INFO - Setting next_dagrun for example_xcom_args_with_operators to None, run_after=None
[2023-08-15T18:31:53.866-0300] {processor.py:179} INFO - Processing /home/alan/repos/pipeline_airflow/pipeline-airflow-venv/lib/python3.11/site-packages/airflow/example_dags/example_xcomargs.py took 0.273 seconds
[2023-08-15T18:32:48.910-0300] {processor.py:157} INFO - Started process (PID=22158) to work on /home/alan/repos/pipeline_airflow/pipeline-airflow-venv/lib/python3.11/site-packages/airflow/example_dags/example_xcomargs.py
[2023-08-15T18:32:48.920-0300] {processor.py:826} INFO - Processing file /home/alan/repos/pipeline_airflow/pipeline-airflow-venv/lib/python3.11/site-packages/airflow/example_dags/example_xcomargs.py for tasks to queue
[2023-08-15T18:32:48.922-0300] {logging_mixin.py:150} INFO - [2023-08-15T18:32:48.921-0300] {dagbag.py:541} INFO - Filling up the DagBag from /home/alan/repos/pipeline_airflow/pipeline-airflow-venv/lib/python3.11/site-packages/airflow/example_dags/example_xcomargs.py
[2023-08-15T18:32:48.958-0300] {processor.py:836} INFO - DAG(s) dict_keys(['example_xcom_args_with_operators', 'example_xcom_args']) retrieved from /home/alan/repos/pipeline_airflow/pipeline-airflow-venv/lib/python3.11/site-packages/airflow/example_dags/example_xcomargs.py
[2023-08-15T18:32:49.063-0300] {logging_mixin.py:150} INFO - [2023-08-15T18:32:49.063-0300] {dag.py:2742} INFO - Sync 2 DAGs
[2023-08-15T18:32:49.120-0300] {logging_mixin.py:150} INFO - [2023-08-15T18:32:49.120-0300] {dag.py:3504} INFO - Setting next_dagrun for example_xcom_args to None, run_after=None
[2023-08-15T18:32:49.126-0300] {logging_mixin.py:150} INFO - [2023-08-15T18:32:49.126-0300] {dag.py:3504} INFO - Setting next_dagrun for example_xcom_args_with_operators to None, run_after=None
[2023-08-15T18:32:49.225-0300] {processor.py:179} INFO - Processing /home/alan/repos/pipeline_airflow/pipeline-airflow-venv/lib/python3.11/site-packages/airflow/example_dags/example_xcomargs.py took 0.321 seconds
[2023-08-15T18:33:47.263-0300] {processor.py:157} INFO - Started process (PID=22385) to work on /home/alan/repos/pipeline_airflow/pipeline-airflow-venv/lib/python3.11/site-packages/airflow/example_dags/example_xcomargs.py
[2023-08-15T18:33:47.273-0300] {processor.py:826} INFO - Processing file /home/alan/repos/pipeline_airflow/pipeline-airflow-venv/lib/python3.11/site-packages/airflow/example_dags/example_xcomargs.py for tasks to queue
[2023-08-15T18:33:47.275-0300] {logging_mixin.py:150} INFO - [2023-08-15T18:33:47.274-0300] {dagbag.py:541} INFO - Filling up the DagBag from /home/alan/repos/pipeline_airflow/pipeline-airflow-venv/lib/python3.11/site-packages/airflow/example_dags/example_xcomargs.py
[2023-08-15T18:33:47.294-0300] {processor.py:836} INFO - DAG(s) dict_keys(['example_xcom_args_with_operators', 'example_xcom_args']) retrieved from /home/alan/repos/pipeline_airflow/pipeline-airflow-venv/lib/python3.11/site-packages/airflow/example_dags/example_xcomargs.py
[2023-08-15T18:33:47.345-0300] {logging_mixin.py:150} INFO - [2023-08-15T18:33:47.344-0300] {dag.py:2742} INFO - Sync 2 DAGs
[2023-08-15T18:33:47.396-0300] {logging_mixin.py:150} INFO - [2023-08-15T18:33:47.396-0300] {dag.py:3504} INFO - Setting next_dagrun for example_xcom_args to None, run_after=None
[2023-08-15T18:33:47.402-0300] {logging_mixin.py:150} INFO - [2023-08-15T18:33:47.401-0300] {dag.py:3504} INFO - Setting next_dagrun for example_xcom_args_with_operators to None, run_after=None
[2023-08-15T18:33:47.515-0300] {processor.py:179} INFO - Processing /home/alan/repos/pipeline_airflow/pipeline-airflow-venv/lib/python3.11/site-packages/airflow/example_dags/example_xcomargs.py took 0.263 seconds
[2023-08-15T18:34:42.623-0300] {processor.py:157} INFO - Started process (PID=22575) to work on /home/alan/repos/pipeline_airflow/pipeline-airflow-venv/lib/python3.11/site-packages/airflow/example_dags/example_xcomargs.py
[2023-08-15T18:34:42.634-0300] {processor.py:826} INFO - Processing file /home/alan/repos/pipeline_airflow/pipeline-airflow-venv/lib/python3.11/site-packages/airflow/example_dags/example_xcomargs.py for tasks to queue
[2023-08-15T18:34:42.636-0300] {logging_mixin.py:150} INFO - [2023-08-15T18:34:42.635-0300] {dagbag.py:541} INFO - Filling up the DagBag from /home/alan/repos/pipeline_airflow/pipeline-airflow-venv/lib/python3.11/site-packages/airflow/example_dags/example_xcomargs.py
[2023-08-15T18:34:42.661-0300] {processor.py:836} INFO - DAG(s) dict_keys(['example_xcom_args_with_operators', 'example_xcom_args']) retrieved from /home/alan/repos/pipeline_airflow/pipeline-airflow-venv/lib/python3.11/site-packages/airflow/example_dags/example_xcomargs.py
[2023-08-15T18:34:42.767-0300] {logging_mixin.py:150} INFO - [2023-08-15T18:34:42.767-0300] {dag.py:2742} INFO - Sync 2 DAGs
[2023-08-15T18:34:42.831-0300] {logging_mixin.py:150} INFO - [2023-08-15T18:34:42.831-0300] {dag.py:3504} INFO - Setting next_dagrun for example_xcom_args to None, run_after=None
[2023-08-15T18:34:42.840-0300] {logging_mixin.py:150} INFO - [2023-08-15T18:34:42.840-0300] {dag.py:3504} INFO - Setting next_dagrun for example_xcom_args_with_operators to None, run_after=None
[2023-08-15T18:34:42.973-0300] {processor.py:179} INFO - Processing /home/alan/repos/pipeline_airflow/pipeline-airflow-venv/lib/python3.11/site-packages/airflow/example_dags/example_xcomargs.py took 0.355 seconds
[2023-08-15T18:35:37.491-0300] {processor.py:157} INFO - Started process (PID=22772) to work on /home/alan/repos/pipeline_airflow/pipeline-airflow-venv/lib/python3.11/site-packages/airflow/example_dags/example_xcomargs.py
[2023-08-15T18:35:37.508-0300] {processor.py:826} INFO - Processing file /home/alan/repos/pipeline_airflow/pipeline-airflow-venv/lib/python3.11/site-packages/airflow/example_dags/example_xcomargs.py for tasks to queue
[2023-08-15T18:35:37.509-0300] {logging_mixin.py:150} INFO - [2023-08-15T18:35:37.509-0300] {dagbag.py:541} INFO - Filling up the DagBag from /home/alan/repos/pipeline_airflow/pipeline-airflow-venv/lib/python3.11/site-packages/airflow/example_dags/example_xcomargs.py
[2023-08-15T18:35:37.527-0300] {processor.py:836} INFO - DAG(s) dict_keys(['example_xcom_args', 'example_xcom_args_with_operators']) retrieved from /home/alan/repos/pipeline_airflow/pipeline-airflow-venv/lib/python3.11/site-packages/airflow/example_dags/example_xcomargs.py
[2023-08-15T18:35:37.563-0300] {logging_mixin.py:150} INFO - [2023-08-15T18:35:37.563-0300] {dag.py:2742} INFO - Sync 2 DAGs
[2023-08-15T18:35:37.603-0300] {logging_mixin.py:150} INFO - [2023-08-15T18:35:37.603-0300] {dag.py:3504} INFO - Setting next_dagrun for example_xcom_args to None, run_after=None
[2023-08-15T18:35:37.610-0300] {logging_mixin.py:150} INFO - [2023-08-15T18:35:37.609-0300] {dag.py:3504} INFO - Setting next_dagrun for example_xcom_args_with_operators to None, run_after=None
[2023-08-15T18:35:37.734-0300] {processor.py:179} INFO - Processing /home/alan/repos/pipeline_airflow/pipeline-airflow-venv/lib/python3.11/site-packages/airflow/example_dags/example_xcomargs.py took 0.250 seconds
[2023-08-15T18:36:36.893-0300] {processor.py:157} INFO - Started process (PID=22992) to work on /home/alan/repos/pipeline_airflow/pipeline-airflow-venv/lib/python3.11/site-packages/airflow/example_dags/example_xcomargs.py
[2023-08-15T18:36:36.906-0300] {processor.py:826} INFO - Processing file /home/alan/repos/pipeline_airflow/pipeline-airflow-venv/lib/python3.11/site-packages/airflow/example_dags/example_xcomargs.py for tasks to queue
[2023-08-15T18:36:36.908-0300] {logging_mixin.py:150} INFO - [2023-08-15T18:36:36.907-0300] {dagbag.py:541} INFO - Filling up the DagBag from /home/alan/repos/pipeline_airflow/pipeline-airflow-venv/lib/python3.11/site-packages/airflow/example_dags/example_xcomargs.py
[2023-08-15T18:36:36.931-0300] {processor.py:836} INFO - DAG(s) dict_keys(['example_xcom_args_with_operators', 'example_xcom_args']) retrieved from /home/alan/repos/pipeline_airflow/pipeline-airflow-venv/lib/python3.11/site-packages/airflow/example_dags/example_xcomargs.py
[2023-08-15T18:36:37.062-0300] {logging_mixin.py:150} INFO - [2023-08-15T18:36:37.061-0300] {dag.py:2742} INFO - Sync 2 DAGs
[2023-08-15T18:36:37.112-0300] {logging_mixin.py:150} INFO - [2023-08-15T18:36:37.112-0300] {dag.py:3504} INFO - Setting next_dagrun for example_xcom_args to None, run_after=None
[2023-08-15T18:36:37.118-0300] {logging_mixin.py:150} INFO - [2023-08-15T18:36:37.117-0300] {dag.py:3504} INFO - Setting next_dagrun for example_xcom_args_with_operators to None, run_after=None
[2023-08-15T18:36:37.269-0300] {processor.py:179} INFO - Processing /home/alan/repos/pipeline_airflow/pipeline-airflow-venv/lib/python3.11/site-packages/airflow/example_dags/example_xcomargs.py took 0.382 seconds
[2023-08-15T18:37:51.412-0300] {processor.py:157} INFO - Started process (PID=23294) to work on /home/alan/repos/pipeline_airflow/pipeline-airflow-venv/lib/python3.11/site-packages/airflow/example_dags/example_xcomargs.py
[2023-08-15T18:37:51.418-0300] {processor.py:826} INFO - Processing file /home/alan/repos/pipeline_airflow/pipeline-airflow-venv/lib/python3.11/site-packages/airflow/example_dags/example_xcomargs.py for tasks to queue
[2023-08-15T18:37:51.420-0300] {logging_mixin.py:150} INFO - [2023-08-15T18:37:51.419-0300] {dagbag.py:541} INFO - Filling up the DagBag from /home/alan/repos/pipeline_airflow/pipeline-airflow-venv/lib/python3.11/site-packages/airflow/example_dags/example_xcomargs.py
[2023-08-15T18:37:51.436-0300] {processor.py:836} INFO - DAG(s) dict_keys(['example_xcom_args', 'example_xcom_args_with_operators']) retrieved from /home/alan/repos/pipeline_airflow/pipeline-airflow-venv/lib/python3.11/site-packages/airflow/example_dags/example_xcomargs.py
[2023-08-15T18:37:51.472-0300] {logging_mixin.py:150} INFO - [2023-08-15T18:37:51.472-0300] {dag.py:2742} INFO - Sync 2 DAGs
[2023-08-15T18:37:51.509-0300] {logging_mixin.py:150} INFO - [2023-08-15T18:37:51.508-0300] {dag.py:3504} INFO - Setting next_dagrun for example_xcom_args to None, run_after=None
[2023-08-15T18:37:51.514-0300] {logging_mixin.py:150} INFO - [2023-08-15T18:37:51.514-0300] {dag.py:3504} INFO - Setting next_dagrun for example_xcom_args_with_operators to None, run_after=None
[2023-08-15T18:37:51.604-0300] {processor.py:179} INFO - Processing /home/alan/repos/pipeline_airflow/pipeline-airflow-venv/lib/python3.11/site-packages/airflow/example_dags/example_xcomargs.py took 0.198 seconds
[2023-08-15T18:38:33.103-0300] {processor.py:157} INFO - Started process (PID=23448) to work on /home/alan/repos/pipeline_airflow/pipeline-airflow-venv/lib/python3.11/site-packages/airflow/example_dags/example_xcomargs.py
[2023-08-15T18:38:33.105-0300] {processor.py:826} INFO - Processing file /home/alan/repos/pipeline_airflow/pipeline-airflow-venv/lib/python3.11/site-packages/airflow/example_dags/example_xcomargs.py for tasks to queue
[2023-08-15T18:38:33.107-0300] {logging_mixin.py:150} INFO - [2023-08-15T18:38:33.106-0300] {dagbag.py:541} INFO - Filling up the DagBag from /home/alan/repos/pipeline_airflow/pipeline-airflow-venv/lib/python3.11/site-packages/airflow/example_dags/example_xcomargs.py
[2023-08-15T18:38:33.126-0300] {processor.py:836} INFO - DAG(s) dict_keys(['example_xcom_args_with_operators', 'example_xcom_args']) retrieved from /home/alan/repos/pipeline_airflow/pipeline-airflow-venv/lib/python3.11/site-packages/airflow/example_dags/example_xcomargs.py
[2023-08-15T18:38:33.160-0300] {logging_mixin.py:150} INFO - [2023-08-15T18:38:33.160-0300] {dag.py:2742} INFO - Sync 2 DAGs
[2023-08-15T18:38:33.199-0300] {logging_mixin.py:150} INFO - [2023-08-15T18:38:33.199-0300] {dag.py:3504} INFO - Setting next_dagrun for example_xcom_args to None, run_after=None
[2023-08-15T18:38:33.205-0300] {logging_mixin.py:150} INFO - [2023-08-15T18:38:33.205-0300] {dag.py:3504} INFO - Setting next_dagrun for example_xcom_args_with_operators to None, run_after=None
[2023-08-15T18:38:33.293-0300] {processor.py:179} INFO - Processing /home/alan/repos/pipeline_airflow/pipeline-airflow-venv/lib/python3.11/site-packages/airflow/example_dags/example_xcomargs.py took 0.197 seconds
[2023-08-15T18:43:28.094-0300] {processor.py:157} INFO - Started process (PID=23581) to work on /home/alan/repos/pipeline_airflow/pipeline-airflow-venv/lib/python3.11/site-packages/airflow/example_dags/example_xcomargs.py
[2023-08-15T18:43:28.111-0300] {processor.py:826} INFO - Processing file /home/alan/repos/pipeline_airflow/pipeline-airflow-venv/lib/python3.11/site-packages/airflow/example_dags/example_xcomargs.py for tasks to queue
[2023-08-15T18:43:28.112-0300] {logging_mixin.py:150} INFO - [2023-08-15T18:43:28.112-0300] {dagbag.py:541} INFO - Filling up the DagBag from /home/alan/repos/pipeline_airflow/pipeline-airflow-venv/lib/python3.11/site-packages/airflow/example_dags/example_xcomargs.py
[2023-08-15T18:43:28.136-0300] {processor.py:836} INFO - DAG(s) dict_keys(['example_xcom_args_with_operators', 'example_xcom_args']) retrieved from /home/alan/repos/pipeline_airflow/pipeline-airflow-venv/lib/python3.11/site-packages/airflow/example_dags/example_xcomargs.py
[2023-08-15T18:43:28.153-0300] {logging_mixin.py:150} INFO - [2023-08-15T18:43:28.153-0300] {dag.py:2742} INFO - Sync 2 DAGs
[2023-08-15T18:43:28.190-0300] {logging_mixin.py:150} INFO - [2023-08-15T18:43:28.189-0300] {dag.py:3504} INFO - Setting next_dagrun for example_xcom_args to None, run_after=None
[2023-08-15T18:43:28.194-0300] {logging_mixin.py:150} INFO - [2023-08-15T18:43:28.194-0300] {dag.py:3504} INFO - Setting next_dagrun for example_xcom_args_with_operators to None, run_after=None
[2023-08-15T18:43:28.323-0300] {processor.py:179} INFO - Processing /home/alan/repos/pipeline_airflow/pipeline-airflow-venv/lib/python3.11/site-packages/airflow/example_dags/example_xcomargs.py took 0.236 seconds
[2023-08-15T18:44:08.389-0300] {processor.py:157} INFO - Started process (PID=23684) to work on /home/alan/repos/pipeline_airflow/pipeline-airflow-venv/lib/python3.11/site-packages/airflow/example_dags/example_xcomargs.py
[2023-08-15T18:44:08.409-0300] {processor.py:826} INFO - Processing file /home/alan/repos/pipeline_airflow/pipeline-airflow-venv/lib/python3.11/site-packages/airflow/example_dags/example_xcomargs.py for tasks to queue
[2023-08-15T18:44:08.411-0300] {logging_mixin.py:150} INFO - [2023-08-15T18:44:08.410-0300] {dagbag.py:541} INFO - Filling up the DagBag from /home/alan/repos/pipeline_airflow/pipeline-airflow-venv/lib/python3.11/site-packages/airflow/example_dags/example_xcomargs.py
[2023-08-15T18:44:08.434-0300] {processor.py:836} INFO - DAG(s) dict_keys(['example_xcom_args', 'example_xcom_args_with_operators']) retrieved from /home/alan/repos/pipeline_airflow/pipeline-airflow-venv/lib/python3.11/site-packages/airflow/example_dags/example_xcomargs.py
[2023-08-15T18:44:08.452-0300] {logging_mixin.py:150} INFO - [2023-08-15T18:44:08.451-0300] {dag.py:2742} INFO - Sync 2 DAGs
[2023-08-15T18:44:08.488-0300] {logging_mixin.py:150} INFO - [2023-08-15T18:44:08.488-0300] {dag.py:3504} INFO - Setting next_dagrun for example_xcom_args to None, run_after=None
[2023-08-15T18:44:08.493-0300] {logging_mixin.py:150} INFO - [2023-08-15T18:44:08.493-0300] {dag.py:3504} INFO - Setting next_dagrun for example_xcom_args_with_operators to None, run_after=None
[2023-08-15T18:44:08.591-0300] {processor.py:179} INFO - Processing /home/alan/repos/pipeline_airflow/pipeline-airflow-venv/lib/python3.11/site-packages/airflow/example_dags/example_xcomargs.py took 0.208 seconds
[2023-08-15T18:45:27.809-0300] {processor.py:157} INFO - Started process (PID=24092) to work on /home/alan/repos/pipeline_airflow/pipeline-airflow-venv/lib/python3.11/site-packages/airflow/example_dags/example_xcomargs.py
[2023-08-15T18:45:27.824-0300] {processor.py:826} INFO - Processing file /home/alan/repos/pipeline_airflow/pipeline-airflow-venv/lib/python3.11/site-packages/airflow/example_dags/example_xcomargs.py for tasks to queue
[2023-08-15T18:45:27.826-0300] {logging_mixin.py:150} INFO - [2023-08-15T18:45:27.825-0300] {dagbag.py:541} INFO - Filling up the DagBag from /home/alan/repos/pipeline_airflow/pipeline-airflow-venv/lib/python3.11/site-packages/airflow/example_dags/example_xcomargs.py
[2023-08-15T18:45:27.845-0300] {processor.py:836} INFO - DAG(s) dict_keys(['example_xcom_args', 'example_xcom_args_with_operators']) retrieved from /home/alan/repos/pipeline_airflow/pipeline-airflow-venv/lib/python3.11/site-packages/airflow/example_dags/example_xcomargs.py
[2023-08-15T18:45:27.890-0300] {logging_mixin.py:150} INFO - [2023-08-15T18:45:27.890-0300] {dag.py:2742} INFO - Sync 2 DAGs
[2023-08-15T18:45:27.938-0300] {logging_mixin.py:150} INFO - [2023-08-15T18:45:27.937-0300] {dag.py:3504} INFO - Setting next_dagrun for example_xcom_args to None, run_after=None
[2023-08-15T18:45:27.944-0300] {logging_mixin.py:150} INFO - [2023-08-15T18:45:27.944-0300] {dag.py:3504} INFO - Setting next_dagrun for example_xcom_args_with_operators to None, run_after=None
[2023-08-15T18:45:28.054-0300] {processor.py:179} INFO - Processing /home/alan/repos/pipeline_airflow/pipeline-airflow-venv/lib/python3.11/site-packages/airflow/example_dags/example_xcomargs.py took 0.253 seconds
[2023-08-15T18:46:34.732-0300] {processor.py:157} INFO - Started process (PID=24326) to work on /home/alan/repos/pipeline_airflow/pipeline-airflow-venv/lib/python3.11/site-packages/airflow/example_dags/example_xcomargs.py
[2023-08-15T18:46:34.742-0300] {processor.py:826} INFO - Processing file /home/alan/repos/pipeline_airflow/pipeline-airflow-venv/lib/python3.11/site-packages/airflow/example_dags/example_xcomargs.py for tasks to queue
[2023-08-15T18:46:34.744-0300] {logging_mixin.py:150} INFO - [2023-08-15T18:46:34.743-0300] {dagbag.py:541} INFO - Filling up the DagBag from /home/alan/repos/pipeline_airflow/pipeline-airflow-venv/lib/python3.11/site-packages/airflow/example_dags/example_xcomargs.py
[2023-08-15T18:46:34.767-0300] {processor.py:836} INFO - DAG(s) dict_keys(['example_xcom_args_with_operators', 'example_xcom_args']) retrieved from /home/alan/repos/pipeline_airflow/pipeline-airflow-venv/lib/python3.11/site-packages/airflow/example_dags/example_xcomargs.py
[2023-08-15T18:46:34.815-0300] {logging_mixin.py:150} INFO - [2023-08-15T18:46:34.815-0300] {dag.py:2742} INFO - Sync 2 DAGs
[2023-08-15T18:46:34.867-0300] {logging_mixin.py:150} INFO - [2023-08-15T18:46:34.866-0300] {dag.py:3504} INFO - Setting next_dagrun for example_xcom_args to None, run_after=None
[2023-08-15T18:46:34.876-0300] {logging_mixin.py:150} INFO - [2023-08-15T18:46:34.875-0300] {dag.py:3504} INFO - Setting next_dagrun for example_xcom_args_with_operators to None, run_after=None
[2023-08-15T18:46:35.261-0300] {processor.py:179} INFO - Processing /home/alan/repos/pipeline_airflow/pipeline-airflow-venv/lib/python3.11/site-packages/airflow/example_dags/example_xcomargs.py took 0.542 seconds
[2023-08-15T18:47:39.894-0300] {processor.py:157} INFO - Started process (PID=24554) to work on /home/alan/repos/pipeline_airflow/pipeline-airflow-venv/lib/python3.11/site-packages/airflow/example_dags/example_xcomargs.py
[2023-08-15T18:47:39.912-0300] {processor.py:826} INFO - Processing file /home/alan/repos/pipeline_airflow/pipeline-airflow-venv/lib/python3.11/site-packages/airflow/example_dags/example_xcomargs.py for tasks to queue
[2023-08-15T18:47:39.915-0300] {logging_mixin.py:150} INFO - [2023-08-15T18:47:39.914-0300] {dagbag.py:541} INFO - Filling up the DagBag from /home/alan/repos/pipeline_airflow/pipeline-airflow-venv/lib/python3.11/site-packages/airflow/example_dags/example_xcomargs.py
[2023-08-15T18:47:39.937-0300] {processor.py:836} INFO - DAG(s) dict_keys(['example_xcom_args_with_operators', 'example_xcom_args']) retrieved from /home/alan/repos/pipeline_airflow/pipeline-airflow-venv/lib/python3.11/site-packages/airflow/example_dags/example_xcomargs.py
[2023-08-15T18:47:39.975-0300] {logging_mixin.py:150} INFO - [2023-08-15T18:47:39.975-0300] {dag.py:2742} INFO - Sync 2 DAGs
[2023-08-15T18:47:40.012-0300] {logging_mixin.py:150} INFO - [2023-08-15T18:47:40.012-0300] {dag.py:3504} INFO - Setting next_dagrun for example_xcom_args to None, run_after=None
[2023-08-15T18:47:40.018-0300] {logging_mixin.py:150} INFO - [2023-08-15T18:47:40.018-0300] {dag.py:3504} INFO - Setting next_dagrun for example_xcom_args_with_operators to None, run_after=None
[2023-08-15T18:47:40.126-0300] {processor.py:179} INFO - Processing /home/alan/repos/pipeline_airflow/pipeline-airflow-venv/lib/python3.11/site-packages/airflow/example_dags/example_xcomargs.py took 0.238 seconds
[2023-08-15T18:48:46.524-0300] {processor.py:157} INFO - Started process (PID=24778) to work on /home/alan/repos/pipeline_airflow/pipeline-airflow-venv/lib/python3.11/site-packages/airflow/example_dags/example_xcomargs.py
[2023-08-15T18:48:46.526-0300] {processor.py:826} INFO - Processing file /home/alan/repos/pipeline_airflow/pipeline-airflow-venv/lib/python3.11/site-packages/airflow/example_dags/example_xcomargs.py for tasks to queue
[2023-08-15T18:48:46.527-0300] {logging_mixin.py:150} INFO - [2023-08-15T18:48:46.526-0300] {dagbag.py:541} INFO - Filling up the DagBag from /home/alan/repos/pipeline_airflow/pipeline-airflow-venv/lib/python3.11/site-packages/airflow/example_dags/example_xcomargs.py
[2023-08-15T18:48:46.550-0300] {processor.py:836} INFO - DAG(s) dict_keys(['example_xcom_args', 'example_xcom_args_with_operators']) retrieved from /home/alan/repos/pipeline_airflow/pipeline-airflow-venv/lib/python3.11/site-packages/airflow/example_dags/example_xcomargs.py
[2023-08-15T18:48:46.586-0300] {logging_mixin.py:150} INFO - [2023-08-15T18:48:46.586-0300] {dag.py:2742} INFO - Sync 2 DAGs
[2023-08-15T18:48:46.770-0300] {logging_mixin.py:150} INFO - [2023-08-15T18:48:46.770-0300] {dag.py:3504} INFO - Setting next_dagrun for example_xcom_args to None, run_after=None
[2023-08-15T18:48:46.778-0300] {logging_mixin.py:150} INFO - [2023-08-15T18:48:46.777-0300] {dag.py:3504} INFO - Setting next_dagrun for example_xcom_args_with_operators to None, run_after=None
[2023-08-15T18:48:46.891-0300] {processor.py:179} INFO - Processing /home/alan/repos/pipeline_airflow/pipeline-airflow-venv/lib/python3.11/site-packages/airflow/example_dags/example_xcomargs.py took 0.373 seconds
[2023-08-15T18:49:50.939-0300] {processor.py:157} INFO - Started process (PID=24996) to work on /home/alan/repos/pipeline_airflow/pipeline-airflow-venv/lib/python3.11/site-packages/airflow/example_dags/example_xcomargs.py
[2023-08-15T18:49:50.941-0300] {processor.py:826} INFO - Processing file /home/alan/repos/pipeline_airflow/pipeline-airflow-venv/lib/python3.11/site-packages/airflow/example_dags/example_xcomargs.py for tasks to queue
[2023-08-15T18:49:50.942-0300] {logging_mixin.py:150} INFO - [2023-08-15T18:49:50.941-0300] {dagbag.py:541} INFO - Filling up the DagBag from /home/alan/repos/pipeline_airflow/pipeline-airflow-venv/lib/python3.11/site-packages/airflow/example_dags/example_xcomargs.py
[2023-08-15T18:49:50.958-0300] {processor.py:836} INFO - DAG(s) dict_keys(['example_xcom_args', 'example_xcom_args_with_operators']) retrieved from /home/alan/repos/pipeline_airflow/pipeline-airflow-venv/lib/python3.11/site-packages/airflow/example_dags/example_xcomargs.py
[2023-08-15T18:49:50.996-0300] {logging_mixin.py:150} INFO - [2023-08-15T18:49:50.995-0300] {dag.py:2742} INFO - Sync 2 DAGs
[2023-08-15T18:49:51.038-0300] {logging_mixin.py:150} INFO - [2023-08-15T18:49:51.037-0300] {dag.py:3504} INFO - Setting next_dagrun for example_xcom_args to None, run_after=None
[2023-08-15T18:49:51.046-0300] {logging_mixin.py:150} INFO - [2023-08-15T18:49:51.045-0300] {dag.py:3504} INFO - Setting next_dagrun for example_xcom_args_with_operators to None, run_after=None
[2023-08-15T18:49:51.184-0300] {processor.py:179} INFO - Processing /home/alan/repos/pipeline_airflow/pipeline-airflow-venv/lib/python3.11/site-packages/airflow/example_dags/example_xcomargs.py took 0.250 seconds
[2023-08-15T18:50:55.206-0300] {processor.py:157} INFO - Started process (PID=25278) to work on /home/alan/repos/pipeline_airflow/pipeline-airflow-venv/lib/python3.11/site-packages/airflow/example_dags/example_xcomargs.py
[2023-08-15T18:50:55.221-0300] {processor.py:826} INFO - Processing file /home/alan/repos/pipeline_airflow/pipeline-airflow-venv/lib/python3.11/site-packages/airflow/example_dags/example_xcomargs.py for tasks to queue
[2023-08-15T18:50:55.222-0300] {logging_mixin.py:150} INFO - [2023-08-15T18:50:55.222-0300] {dagbag.py:541} INFO - Filling up the DagBag from /home/alan/repos/pipeline_airflow/pipeline-airflow-venv/lib/python3.11/site-packages/airflow/example_dags/example_xcomargs.py
[2023-08-15T18:50:55.241-0300] {processor.py:836} INFO - DAG(s) dict_keys(['example_xcom_args', 'example_xcom_args_with_operators']) retrieved from /home/alan/repos/pipeline_airflow/pipeline-airflow-venv/lib/python3.11/site-packages/airflow/example_dags/example_xcomargs.py
[2023-08-15T18:50:55.277-0300] {logging_mixin.py:150} INFO - [2023-08-15T18:50:55.277-0300] {dag.py:2742} INFO - Sync 2 DAGs
[2023-08-15T18:50:55.315-0300] {logging_mixin.py:150} INFO - [2023-08-15T18:50:55.315-0300] {dag.py:3504} INFO - Setting next_dagrun for example_xcom_args to None, run_after=None
[2023-08-15T18:50:55.321-0300] {logging_mixin.py:150} INFO - [2023-08-15T18:50:55.321-0300] {dag.py:3504} INFO - Setting next_dagrun for example_xcom_args_with_operators to None, run_after=None
[2023-08-15T18:50:55.430-0300] {processor.py:179} INFO - Processing /home/alan/repos/pipeline_airflow/pipeline-airflow-venv/lib/python3.11/site-packages/airflow/example_dags/example_xcomargs.py took 0.231 seconds
[2023-08-15T18:52:05.499-0300] {processor.py:157} INFO - Started process (PID=25608) to work on /home/alan/repos/pipeline_airflow/pipeline-airflow-venv/lib/python3.11/site-packages/airflow/example_dags/example_xcomargs.py
[2023-08-15T18:52:05.501-0300] {processor.py:826} INFO - Processing file /home/alan/repos/pipeline_airflow/pipeline-airflow-venv/lib/python3.11/site-packages/airflow/example_dags/example_xcomargs.py for tasks to queue
[2023-08-15T18:52:05.503-0300] {logging_mixin.py:150} INFO - [2023-08-15T18:52:05.502-0300] {dagbag.py:541} INFO - Filling up the DagBag from /home/alan/repos/pipeline_airflow/pipeline-airflow-venv/lib/python3.11/site-packages/airflow/example_dags/example_xcomargs.py
[2023-08-15T18:52:05.523-0300] {processor.py:836} INFO - DAG(s) dict_keys(['example_xcom_args', 'example_xcom_args_with_operators']) retrieved from /home/alan/repos/pipeline_airflow/pipeline-airflow-venv/lib/python3.11/site-packages/airflow/example_dags/example_xcomargs.py
[2023-08-15T18:52:05.559-0300] {logging_mixin.py:150} INFO - [2023-08-15T18:52:05.559-0300] {dag.py:2742} INFO - Sync 2 DAGs
[2023-08-15T18:52:05.696-0300] {logging_mixin.py:150} INFO - [2023-08-15T18:52:05.695-0300] {dag.py:3504} INFO - Setting next_dagrun for example_xcom_args to None, run_after=None
[2023-08-15T18:52:05.708-0300] {logging_mixin.py:150} INFO - [2023-08-15T18:52:05.708-0300] {dag.py:3504} INFO - Setting next_dagrun for example_xcom_args_with_operators to None, run_after=None
[2023-08-15T18:52:05.869-0300] {processor.py:179} INFO - Processing /home/alan/repos/pipeline_airflow/pipeline-airflow-venv/lib/python3.11/site-packages/airflow/example_dags/example_xcomargs.py took 0.377 seconds
[2023-08-15T18:53:05.687-0300] {processor.py:157} INFO - Started process (PID=25872) to work on /home/alan/repos/pipeline_airflow/pipeline-airflow-venv/lib/python3.11/site-packages/airflow/example_dags/example_xcomargs.py
[2023-08-15T18:53:05.689-0300] {processor.py:826} INFO - Processing file /home/alan/repos/pipeline_airflow/pipeline-airflow-venv/lib/python3.11/site-packages/airflow/example_dags/example_xcomargs.py for tasks to queue
[2023-08-15T18:53:05.691-0300] {logging_mixin.py:150} INFO - [2023-08-15T18:53:05.690-0300] {dagbag.py:541} INFO - Filling up the DagBag from /home/alan/repos/pipeline_airflow/pipeline-airflow-venv/lib/python3.11/site-packages/airflow/example_dags/example_xcomargs.py
[2023-08-15T18:53:05.708-0300] {processor.py:836} INFO - DAG(s) dict_keys(['example_xcom_args', 'example_xcom_args_with_operators']) retrieved from /home/alan/repos/pipeline_airflow/pipeline-airflow-venv/lib/python3.11/site-packages/airflow/example_dags/example_xcomargs.py
[2023-08-15T18:53:05.743-0300] {logging_mixin.py:150} INFO - [2023-08-15T18:53:05.743-0300] {dag.py:2742} INFO - Sync 2 DAGs
[2023-08-15T18:53:05.781-0300] {logging_mixin.py:150} INFO - [2023-08-15T18:53:05.781-0300] {dag.py:3504} INFO - Setting next_dagrun for example_xcom_args to None, run_after=None
[2023-08-15T18:53:05.786-0300] {logging_mixin.py:150} INFO - [2023-08-15T18:53:05.786-0300] {dag.py:3504} INFO - Setting next_dagrun for example_xcom_args_with_operators to None, run_after=None
[2023-08-15T18:53:05.894-0300] {processor.py:179} INFO - Processing /home/alan/repos/pipeline_airflow/pipeline-airflow-venv/lib/python3.11/site-packages/airflow/example_dags/example_xcomargs.py took 0.213 seconds
[2023-08-15T18:53:57.979-0300] {processor.py:157} INFO - Started process (PID=26068) to work on /home/alan/repos/pipeline_airflow/pipeline-airflow-venv/lib/python3.11/site-packages/airflow/example_dags/example_xcomargs.py
[2023-08-15T18:53:57.991-0300] {processor.py:826} INFO - Processing file /home/alan/repos/pipeline_airflow/pipeline-airflow-venv/lib/python3.11/site-packages/airflow/example_dags/example_xcomargs.py for tasks to queue
[2023-08-15T18:53:57.992-0300] {logging_mixin.py:150} INFO - [2023-08-15T18:53:57.992-0300] {dagbag.py:541} INFO - Filling up the DagBag from /home/alan/repos/pipeline_airflow/pipeline-airflow-venv/lib/python3.11/site-packages/airflow/example_dags/example_xcomargs.py
[2023-08-15T18:53:58.011-0300] {processor.py:836} INFO - DAG(s) dict_keys(['example_xcom_args', 'example_xcom_args_with_operators']) retrieved from /home/alan/repos/pipeline_airflow/pipeline-airflow-venv/lib/python3.11/site-packages/airflow/example_dags/example_xcomargs.py
[2023-08-15T18:53:58.047-0300] {logging_mixin.py:150} INFO - [2023-08-15T18:53:58.047-0300] {dag.py:2742} INFO - Sync 2 DAGs
[2023-08-15T18:53:58.081-0300] {logging_mixin.py:150} INFO - [2023-08-15T18:53:58.081-0300] {dag.py:3504} INFO - Setting next_dagrun for example_xcom_args to None, run_after=None
[2023-08-15T18:53:58.086-0300] {logging_mixin.py:150} INFO - [2023-08-15T18:53:58.086-0300] {dag.py:3504} INFO - Setting next_dagrun for example_xcom_args_with_operators to None, run_after=None
[2023-08-15T18:53:58.206-0300] {processor.py:179} INFO - Processing /home/alan/repos/pipeline_airflow/pipeline-airflow-venv/lib/python3.11/site-packages/airflow/example_dags/example_xcomargs.py took 0.233 seconds
[2023-08-15T18:55:30.736-0300] {processor.py:157} INFO - Started process (PID=26676) to work on /home/alan/repos/pipeline_airflow/pipeline-airflow-venv/lib/python3.11/site-packages/airflow/example_dags/example_xcomargs.py
[2023-08-15T18:55:30.759-0300] {processor.py:826} INFO - Processing file /home/alan/repos/pipeline_airflow/pipeline-airflow-venv/lib/python3.11/site-packages/airflow/example_dags/example_xcomargs.py for tasks to queue
[2023-08-15T18:55:30.761-0300] {logging_mixin.py:150} INFO - [2023-08-15T18:55:30.761-0300] {dagbag.py:541} INFO - Filling up the DagBag from /home/alan/repos/pipeline_airflow/pipeline-airflow-venv/lib/python3.11/site-packages/airflow/example_dags/example_xcomargs.py
[2023-08-15T18:55:30.787-0300] {processor.py:836} INFO - DAG(s) dict_keys(['example_xcom_args', 'example_xcom_args_with_operators']) retrieved from /home/alan/repos/pipeline_airflow/pipeline-airflow-venv/lib/python3.11/site-packages/airflow/example_dags/example_xcomargs.py
[2023-08-15T18:55:30.837-0300] {logging_mixin.py:150} INFO - [2023-08-15T18:55:30.837-0300] {dag.py:2742} INFO - Sync 2 DAGs
[2023-08-15T18:55:30.875-0300] {logging_mixin.py:150} INFO - [2023-08-15T18:55:30.875-0300] {dag.py:3504} INFO - Setting next_dagrun for example_xcom_args to None, run_after=None
[2023-08-15T18:55:30.880-0300] {logging_mixin.py:150} INFO - [2023-08-15T18:55:30.880-0300] {dag.py:3504} INFO - Setting next_dagrun for example_xcom_args_with_operators to None, run_after=None
[2023-08-15T18:55:31.011-0300] {processor.py:179} INFO - Processing /home/alan/repos/pipeline_airflow/pipeline-airflow-venv/lib/python3.11/site-packages/airflow/example_dags/example_xcomargs.py took 0.280 seconds
[2023-08-15T18:57:51.883-0300] {processor.py:157} INFO - Started process (PID=27029) to work on /home/alan/repos/pipeline_airflow/pipeline-airflow-venv/lib/python3.11/site-packages/airflow/example_dags/example_xcomargs.py
[2023-08-15T18:57:51.912-0300] {processor.py:826} INFO - Processing file /home/alan/repos/pipeline_airflow/pipeline-airflow-venv/lib/python3.11/site-packages/airflow/example_dags/example_xcomargs.py for tasks to queue
[2023-08-15T18:57:51.914-0300] {logging_mixin.py:150} INFO - [2023-08-15T18:57:51.913-0300] {dagbag.py:541} INFO - Filling up the DagBag from /home/alan/repos/pipeline_airflow/pipeline-airflow-venv/lib/python3.11/site-packages/airflow/example_dags/example_xcomargs.py
[2023-08-15T18:57:52.054-0300] {processor.py:836} INFO - DAG(s) dict_keys(['example_xcom_args_with_operators', 'example_xcom_args']) retrieved from /home/alan/repos/pipeline_airflow/pipeline-airflow-venv/lib/python3.11/site-packages/airflow/example_dags/example_xcomargs.py
[2023-08-15T18:57:52.139-0300] {logging_mixin.py:150} INFO - [2023-08-15T18:57:52.139-0300] {dag.py:2742} INFO - Sync 2 DAGs
[2023-08-15T18:57:52.176-0300] {logging_mixin.py:150} INFO - [2023-08-15T18:57:52.175-0300] {dag.py:3504} INFO - Setting next_dagrun for example_xcom_args to None, run_after=None
[2023-08-15T18:57:52.181-0300] {logging_mixin.py:150} INFO - [2023-08-15T18:57:52.181-0300] {dag.py:3504} INFO - Setting next_dagrun for example_xcom_args_with_operators to None, run_after=None
[2023-08-15T18:57:52.753-0300] {processor.py:179} INFO - Processing /home/alan/repos/pipeline_airflow/pipeline-airflow-venv/lib/python3.11/site-packages/airflow/example_dags/example_xcomargs.py took 0.875 seconds
[2023-08-15T19:01:19.412-0300] {processor.py:157} INFO - Started process (PID=27524) to work on /home/alan/repos/pipeline_airflow/pipeline-airflow-venv/lib/python3.11/site-packages/airflow/example_dags/example_xcomargs.py
[2023-08-15T19:01:19.440-0300] {processor.py:826} INFO - Processing file /home/alan/repos/pipeline_airflow/pipeline-airflow-venv/lib/python3.11/site-packages/airflow/example_dags/example_xcomargs.py for tasks to queue
[2023-08-15T19:01:19.441-0300] {logging_mixin.py:150} INFO - [2023-08-15T19:01:19.441-0300] {dagbag.py:541} INFO - Filling up the DagBag from /home/alan/repos/pipeline_airflow/pipeline-airflow-venv/lib/python3.11/site-packages/airflow/example_dags/example_xcomargs.py
[2023-08-15T19:01:19.743-0300] {processor.py:836} INFO - DAG(s) dict_keys(['example_xcom_args_with_operators', 'example_xcom_args']) retrieved from /home/alan/repos/pipeline_airflow/pipeline-airflow-venv/lib/python3.11/site-packages/airflow/example_dags/example_xcomargs.py
[2023-08-15T19:01:20.074-0300] {logging_mixin.py:150} INFO - [2023-08-15T19:01:20.074-0300] {dag.py:2742} INFO - Sync 2 DAGs
[2023-08-15T19:01:20.117-0300] {logging_mixin.py:150} INFO - [2023-08-15T19:01:20.116-0300] {dag.py:3504} INFO - Setting next_dagrun for example_xcom_args to None, run_after=None
[2023-08-15T19:01:20.122-0300] {logging_mixin.py:150} INFO - [2023-08-15T19:01:20.122-0300] {dag.py:3504} INFO - Setting next_dagrun for example_xcom_args_with_operators to None, run_after=None
[2023-08-15T19:01:20.480-0300] {processor.py:179} INFO - Processing /home/alan/repos/pipeline_airflow/pipeline-airflow-venv/lib/python3.11/site-packages/airflow/example_dags/example_xcomargs.py took 1.075 seconds
[2023-08-15T19:02:40.100-0300] {processor.py:157} INFO - Started process (PID=27751) to work on /home/alan/repos/pipeline_airflow/pipeline-airflow-venv/lib/python3.11/site-packages/airflow/example_dags/example_xcomargs.py
[2023-08-15T19:02:40.129-0300] {processor.py:826} INFO - Processing file /home/alan/repos/pipeline_airflow/pipeline-airflow-venv/lib/python3.11/site-packages/airflow/example_dags/example_xcomargs.py for tasks to queue
[2023-08-15T19:02:40.131-0300] {logging_mixin.py:150} INFO - [2023-08-15T19:02:40.130-0300] {dagbag.py:541} INFO - Filling up the DagBag from /home/alan/repos/pipeline_airflow/pipeline-airflow-venv/lib/python3.11/site-packages/airflow/example_dags/example_xcomargs.py
[2023-08-15T19:02:40.161-0300] {processor.py:836} INFO - DAG(s) dict_keys(['example_xcom_args', 'example_xcom_args_with_operators']) retrieved from /home/alan/repos/pipeline_airflow/pipeline-airflow-venv/lib/python3.11/site-packages/airflow/example_dags/example_xcomargs.py
[2023-08-15T19:02:40.201-0300] {logging_mixin.py:150} INFO - [2023-08-15T19:02:40.201-0300] {dag.py:2742} INFO - Sync 2 DAGs
[2023-08-15T19:02:40.235-0300] {logging_mixin.py:150} INFO - [2023-08-15T19:02:40.235-0300] {dag.py:3504} INFO - Setting next_dagrun for example_xcom_args to None, run_after=None
[2023-08-15T19:02:40.241-0300] {logging_mixin.py:150} INFO - [2023-08-15T19:02:40.240-0300] {dag.py:3504} INFO - Setting next_dagrun for example_xcom_args_with_operators to None, run_after=None
[2023-08-15T19:02:40.351-0300] {processor.py:179} INFO - Processing /home/alan/repos/pipeline_airflow/pipeline-airflow-venv/lib/python3.11/site-packages/airflow/example_dags/example_xcomargs.py took 0.257 seconds
[2023-08-15T19:04:00.361-0300] {processor.py:157} INFO - Started process (PID=28191) to work on /home/alan/repos/pipeline_airflow/pipeline-airflow-venv/lib/python3.11/site-packages/airflow/example_dags/example_xcomargs.py
[2023-08-15T19:04:00.374-0300] {processor.py:826} INFO - Processing file /home/alan/repos/pipeline_airflow/pipeline-airflow-venv/lib/python3.11/site-packages/airflow/example_dags/example_xcomargs.py for tasks to queue
[2023-08-15T19:04:00.376-0300] {logging_mixin.py:150} INFO - [2023-08-15T19:04:00.375-0300] {dagbag.py:541} INFO - Filling up the DagBag from /home/alan/repos/pipeline_airflow/pipeline-airflow-venv/lib/python3.11/site-packages/airflow/example_dags/example_xcomargs.py
[2023-08-15T19:04:00.396-0300] {processor.py:836} INFO - DAG(s) dict_keys(['example_xcom_args', 'example_xcom_args_with_operators']) retrieved from /home/alan/repos/pipeline_airflow/pipeline-airflow-venv/lib/python3.11/site-packages/airflow/example_dags/example_xcomargs.py
[2023-08-15T19:04:00.439-0300] {logging_mixin.py:150} INFO - [2023-08-15T19:04:00.439-0300] {dag.py:2742} INFO - Sync 2 DAGs
[2023-08-15T19:04:00.480-0300] {logging_mixin.py:150} INFO - [2023-08-15T19:04:00.480-0300] {dag.py:3504} INFO - Setting next_dagrun for example_xcom_args to None, run_after=None
[2023-08-15T19:04:00.486-0300] {logging_mixin.py:150} INFO - [2023-08-15T19:04:00.486-0300] {dag.py:3504} INFO - Setting next_dagrun for example_xcom_args_with_operators to None, run_after=None
[2023-08-15T19:04:00.626-0300] {processor.py:179} INFO - Processing /home/alan/repos/pipeline_airflow/pipeline-airflow-venv/lib/python3.11/site-packages/airflow/example_dags/example_xcomargs.py took 0.271 seconds
[2023-08-15T19:04:58.604-0300] {processor.py:157} INFO - Started process (PID=28503) to work on /home/alan/repos/pipeline_airflow/pipeline-airflow-venv/lib/python3.11/site-packages/airflow/example_dags/example_xcomargs.py
[2023-08-15T19:04:58.627-0300] {processor.py:826} INFO - Processing file /home/alan/repos/pipeline_airflow/pipeline-airflow-venv/lib/python3.11/site-packages/airflow/example_dags/example_xcomargs.py for tasks to queue
[2023-08-15T19:04:58.629-0300] {logging_mixin.py:150} INFO - [2023-08-15T19:04:58.628-0300] {dagbag.py:541} INFO - Filling up the DagBag from /home/alan/repos/pipeline_airflow/pipeline-airflow-venv/lib/python3.11/site-packages/airflow/example_dags/example_xcomargs.py
[2023-08-15T19:04:58.644-0300] {processor.py:836} INFO - DAG(s) dict_keys(['example_xcom_args', 'example_xcom_args_with_operators']) retrieved from /home/alan/repos/pipeline_airflow/pipeline-airflow-venv/lib/python3.11/site-packages/airflow/example_dags/example_xcomargs.py
[2023-08-15T19:04:58.677-0300] {logging_mixin.py:150} INFO - [2023-08-15T19:04:58.677-0300] {dag.py:2742} INFO - Sync 2 DAGs
[2023-08-15T19:04:58.714-0300] {logging_mixin.py:150} INFO - [2023-08-15T19:04:58.713-0300] {dag.py:3504} INFO - Setting next_dagrun for example_xcom_args to None, run_after=None
[2023-08-15T19:04:58.719-0300] {logging_mixin.py:150} INFO - [2023-08-15T19:04:58.719-0300] {dag.py:3504} INFO - Setting next_dagrun for example_xcom_args_with_operators to None, run_after=None
[2023-08-15T19:04:58.852-0300] {processor.py:179} INFO - Processing /home/alan/repos/pipeline_airflow/pipeline-airflow-venv/lib/python3.11/site-packages/airflow/example_dags/example_xcomargs.py took 0.255 seconds
[2023-08-15T19:06:10.657-0300] {processor.py:157} INFO - Started process (PID=28740) to work on /home/alan/repos/pipeline_airflow/pipeline-airflow-venv/lib/python3.11/site-packages/airflow/example_dags/example_xcomargs.py
[2023-08-15T19:06:10.671-0300] {processor.py:826} INFO - Processing file /home/alan/repos/pipeline_airflow/pipeline-airflow-venv/lib/python3.11/site-packages/airflow/example_dags/example_xcomargs.py for tasks to queue
[2023-08-15T19:06:10.673-0300] {logging_mixin.py:150} INFO - [2023-08-15T19:06:10.672-0300] {dagbag.py:541} INFO - Filling up the DagBag from /home/alan/repos/pipeline_airflow/pipeline-airflow-venv/lib/python3.11/site-packages/airflow/example_dags/example_xcomargs.py
[2023-08-15T19:06:10.691-0300] {processor.py:836} INFO - DAG(s) dict_keys(['example_xcom_args_with_operators', 'example_xcom_args']) retrieved from /home/alan/repos/pipeline_airflow/pipeline-airflow-venv/lib/python3.11/site-packages/airflow/example_dags/example_xcomargs.py
[2023-08-15T19:06:10.728-0300] {logging_mixin.py:150} INFO - [2023-08-15T19:06:10.728-0300] {dag.py:2742} INFO - Sync 2 DAGs
[2023-08-15T19:06:10.765-0300] {logging_mixin.py:150} INFO - [2023-08-15T19:06:10.765-0300] {dag.py:3504} INFO - Setting next_dagrun for example_xcom_args to None, run_after=None
[2023-08-15T19:06:10.770-0300] {logging_mixin.py:150} INFO - [2023-08-15T19:06:10.770-0300] {dag.py:3504} INFO - Setting next_dagrun for example_xcom_args_with_operators to None, run_after=None
[2023-08-15T19:06:10.873-0300] {processor.py:179} INFO - Processing /home/alan/repos/pipeline_airflow/pipeline-airflow-venv/lib/python3.11/site-packages/airflow/example_dags/example_xcomargs.py took 0.223 seconds
[2023-08-15T19:07:11.186-0300] {processor.py:157} INFO - Started process (PID=28898) to work on /home/alan/repos/pipeline_airflow/pipeline-airflow-venv/lib/python3.11/site-packages/airflow/example_dags/example_xcomargs.py
[2023-08-15T19:07:11.188-0300] {processor.py:826} INFO - Processing file /home/alan/repos/pipeline_airflow/pipeline-airflow-venv/lib/python3.11/site-packages/airflow/example_dags/example_xcomargs.py for tasks to queue
[2023-08-15T19:07:11.190-0300] {logging_mixin.py:150} INFO - [2023-08-15T19:07:11.189-0300] {dagbag.py:541} INFO - Filling up the DagBag from /home/alan/repos/pipeline_airflow/pipeline-airflow-venv/lib/python3.11/site-packages/airflow/example_dags/example_xcomargs.py
[2023-08-15T19:07:11.208-0300] {processor.py:836} INFO - DAG(s) dict_keys(['example_xcom_args_with_operators', 'example_xcom_args']) retrieved from /home/alan/repos/pipeline_airflow/pipeline-airflow-venv/lib/python3.11/site-packages/airflow/example_dags/example_xcomargs.py
[2023-08-15T19:07:11.242-0300] {logging_mixin.py:150} INFO - [2023-08-15T19:07:11.242-0300] {dag.py:2742} INFO - Sync 2 DAGs
[2023-08-15T19:07:11.277-0300] {logging_mixin.py:150} INFO - [2023-08-15T19:07:11.277-0300] {dag.py:3504} INFO - Setting next_dagrun for example_xcom_args to None, run_after=None
[2023-08-15T19:07:11.283-0300] {logging_mixin.py:150} INFO - [2023-08-15T19:07:11.283-0300] {dag.py:3504} INFO - Setting next_dagrun for example_xcom_args_with_operators to None, run_after=None
[2023-08-15T19:07:11.391-0300] {processor.py:179} INFO - Processing /home/alan/repos/pipeline_airflow/pipeline-airflow-venv/lib/python3.11/site-packages/airflow/example_dags/example_xcomargs.py took 0.211 seconds
[2023-08-15T19:08:19.191-0300] {processor.py:157} INFO - Started process (PID=29176) to work on /home/alan/repos/pipeline_airflow/pipeline-airflow-venv/lib/python3.11/site-packages/airflow/example_dags/example_xcomargs.py
[2023-08-15T19:08:19.204-0300] {processor.py:826} INFO - Processing file /home/alan/repos/pipeline_airflow/pipeline-airflow-venv/lib/python3.11/site-packages/airflow/example_dags/example_xcomargs.py for tasks to queue
[2023-08-15T19:08:19.205-0300] {logging_mixin.py:150} INFO - [2023-08-15T19:08:19.205-0300] {dagbag.py:541} INFO - Filling up the DagBag from /home/alan/repos/pipeline_airflow/pipeline-airflow-venv/lib/python3.11/site-packages/airflow/example_dags/example_xcomargs.py
[2023-08-15T19:08:19.224-0300] {processor.py:836} INFO - DAG(s) dict_keys(['example_xcom_args_with_operators', 'example_xcom_args']) retrieved from /home/alan/repos/pipeline_airflow/pipeline-airflow-venv/lib/python3.11/site-packages/airflow/example_dags/example_xcomargs.py
[2023-08-15T19:08:19.260-0300] {logging_mixin.py:150} INFO - [2023-08-15T19:08:19.259-0300] {dag.py:2742} INFO - Sync 2 DAGs
[2023-08-15T19:08:19.295-0300] {logging_mixin.py:150} INFO - [2023-08-15T19:08:19.295-0300] {dag.py:3504} INFO - Setting next_dagrun for example_xcom_args to None, run_after=None
[2023-08-15T19:08:19.300-0300] {logging_mixin.py:150} INFO - [2023-08-15T19:08:19.300-0300] {dag.py:3504} INFO - Setting next_dagrun for example_xcom_args_with_operators to None, run_after=None
[2023-08-15T19:08:19.420-0300] {processor.py:179} INFO - Processing /home/alan/repos/pipeline_airflow/pipeline-airflow-venv/lib/python3.11/site-packages/airflow/example_dags/example_xcomargs.py took 0.234 seconds
[2023-08-15T19:09:21.588-0300] {processor.py:157} INFO - Started process (PID=29339) to work on /home/alan/repos/pipeline_airflow/pipeline-airflow-venv/lib/python3.11/site-packages/airflow/example_dags/example_xcomargs.py
[2023-08-15T19:09:21.591-0300] {processor.py:826} INFO - Processing file /home/alan/repos/pipeline_airflow/pipeline-airflow-venv/lib/python3.11/site-packages/airflow/example_dags/example_xcomargs.py for tasks to queue
[2023-08-15T19:09:21.594-0300] {logging_mixin.py:150} INFO - [2023-08-15T19:09:21.593-0300] {dagbag.py:541} INFO - Filling up the DagBag from /home/alan/repos/pipeline_airflow/pipeline-airflow-venv/lib/python3.11/site-packages/airflow/example_dags/example_xcomargs.py
[2023-08-15T19:09:21.609-0300] {processor.py:836} INFO - DAG(s) dict_keys(['example_xcom_args', 'example_xcom_args_with_operators']) retrieved from /home/alan/repos/pipeline_airflow/pipeline-airflow-venv/lib/python3.11/site-packages/airflow/example_dags/example_xcomargs.py
[2023-08-15T19:09:21.643-0300] {logging_mixin.py:150} INFO - [2023-08-15T19:09:21.643-0300] {dag.py:2742} INFO - Sync 2 DAGs
[2023-08-15T19:09:21.680-0300] {logging_mixin.py:150} INFO - [2023-08-15T19:09:21.680-0300] {dag.py:3504} INFO - Setting next_dagrun for example_xcom_args to None, run_after=None
[2023-08-15T19:09:21.685-0300] {logging_mixin.py:150} INFO - [2023-08-15T19:09:21.685-0300] {dag.py:3504} INFO - Setting next_dagrun for example_xcom_args_with_operators to None, run_after=None
[2023-08-15T19:09:21.785-0300] {processor.py:179} INFO - Processing /home/alan/repos/pipeline_airflow/pipeline-airflow-venv/lib/python3.11/site-packages/airflow/example_dags/example_xcomargs.py took 0.203 seconds
[2023-08-15T19:10:21.144-0300] {processor.py:157} INFO - Started process (PID=29496) to work on /home/alan/repos/pipeline_airflow/pipeline-airflow-venv/lib/python3.11/site-packages/airflow/example_dags/example_xcomargs.py
[2023-08-15T19:10:21.146-0300] {processor.py:826} INFO - Processing file /home/alan/repos/pipeline_airflow/pipeline-airflow-venv/lib/python3.11/site-packages/airflow/example_dags/example_xcomargs.py for tasks to queue
[2023-08-15T19:10:21.148-0300] {logging_mixin.py:150} INFO - [2023-08-15T19:10:21.147-0300] {dagbag.py:541} INFO - Filling up the DagBag from /home/alan/repos/pipeline_airflow/pipeline-airflow-venv/lib/python3.11/site-packages/airflow/example_dags/example_xcomargs.py
[2023-08-15T19:10:21.168-0300] {processor.py:836} INFO - DAG(s) dict_keys(['example_xcom_args_with_operators', 'example_xcom_args']) retrieved from /home/alan/repos/pipeline_airflow/pipeline-airflow-venv/lib/python3.11/site-packages/airflow/example_dags/example_xcomargs.py
[2023-08-15T19:10:21.204-0300] {logging_mixin.py:150} INFO - [2023-08-15T19:10:21.203-0300] {dag.py:2742} INFO - Sync 2 DAGs
[2023-08-15T19:10:21.241-0300] {logging_mixin.py:150} INFO - [2023-08-15T19:10:21.241-0300] {dag.py:3504} INFO - Setting next_dagrun for example_xcom_args to None, run_after=None
[2023-08-15T19:10:21.247-0300] {logging_mixin.py:150} INFO - [2023-08-15T19:10:21.246-0300] {dag.py:3504} INFO - Setting next_dagrun for example_xcom_args_with_operators to None, run_after=None
[2023-08-15T19:10:21.445-0300] {processor.py:179} INFO - Processing /home/alan/repos/pipeline_airflow/pipeline-airflow-venv/lib/python3.11/site-packages/airflow/example_dags/example_xcomargs.py took 0.308 seconds
[2023-08-15T19:11:21.436-0300] {processor.py:157} INFO - Started process (PID=29726) to work on /home/alan/repos/pipeline_airflow/pipeline-airflow-venv/lib/python3.11/site-packages/airflow/example_dags/example_xcomargs.py
[2023-08-15T19:11:21.455-0300] {processor.py:826} INFO - Processing file /home/alan/repos/pipeline_airflow/pipeline-airflow-venv/lib/python3.11/site-packages/airflow/example_dags/example_xcomargs.py for tasks to queue
[2023-08-15T19:11:21.457-0300] {logging_mixin.py:150} INFO - [2023-08-15T19:11:21.456-0300] {dagbag.py:541} INFO - Filling up the DagBag from /home/alan/repos/pipeline_airflow/pipeline-airflow-venv/lib/python3.11/site-packages/airflow/example_dags/example_xcomargs.py
[2023-08-15T19:11:21.512-0300] {processor.py:836} INFO - DAG(s) dict_keys(['example_xcom_args_with_operators', 'example_xcom_args']) retrieved from /home/alan/repos/pipeline_airflow/pipeline-airflow-venv/lib/python3.11/site-packages/airflow/example_dags/example_xcomargs.py
[2023-08-15T19:11:21.561-0300] {logging_mixin.py:150} INFO - [2023-08-15T19:11:21.560-0300] {dag.py:2742} INFO - Sync 2 DAGs
[2023-08-15T19:11:21.596-0300] {logging_mixin.py:150} INFO - [2023-08-15T19:11:21.596-0300] {dag.py:3504} INFO - Setting next_dagrun for example_xcom_args to None, run_after=None
[2023-08-15T19:11:21.602-0300] {logging_mixin.py:150} INFO - [2023-08-15T19:11:21.601-0300] {dag.py:3504} INFO - Setting next_dagrun for example_xcom_args_with_operators to None, run_after=None
[2023-08-15T19:11:21.755-0300] {processor.py:179} INFO - Processing /home/alan/repos/pipeline_airflow/pipeline-airflow-venv/lib/python3.11/site-packages/airflow/example_dags/example_xcomargs.py took 0.325 seconds
[2023-08-15T19:12:27.637-0300] {processor.py:157} INFO - Started process (PID=29924) to work on /home/alan/repos/pipeline_airflow/pipeline-airflow-venv/lib/python3.11/site-packages/airflow/example_dags/example_xcomargs.py
[2023-08-15T19:12:27.643-0300] {processor.py:826} INFO - Processing file /home/alan/repos/pipeline_airflow/pipeline-airflow-venv/lib/python3.11/site-packages/airflow/example_dags/example_xcomargs.py for tasks to queue
[2023-08-15T19:12:27.645-0300] {logging_mixin.py:150} INFO - [2023-08-15T19:12:27.644-0300] {dagbag.py:541} INFO - Filling up the DagBag from /home/alan/repos/pipeline_airflow/pipeline-airflow-venv/lib/python3.11/site-packages/airflow/example_dags/example_xcomargs.py
[2023-08-15T19:12:27.663-0300] {processor.py:836} INFO - DAG(s) dict_keys(['example_xcom_args', 'example_xcom_args_with_operators']) retrieved from /home/alan/repos/pipeline_airflow/pipeline-airflow-venv/lib/python3.11/site-packages/airflow/example_dags/example_xcomargs.py
[2023-08-15T19:12:27.697-0300] {logging_mixin.py:150} INFO - [2023-08-15T19:12:27.697-0300] {dag.py:2742} INFO - Sync 2 DAGs
[2023-08-15T19:12:27.733-0300] {logging_mixin.py:150} INFO - [2023-08-15T19:12:27.733-0300] {dag.py:3504} INFO - Setting next_dagrun for example_xcom_args to None, run_after=None
[2023-08-15T19:12:27.738-0300] {logging_mixin.py:150} INFO - [2023-08-15T19:12:27.738-0300] {dag.py:3504} INFO - Setting next_dagrun for example_xcom_args_with_operators to None, run_after=None
[2023-08-15T19:12:27.839-0300] {processor.py:179} INFO - Processing /home/alan/repos/pipeline_airflow/pipeline-airflow-venv/lib/python3.11/site-packages/airflow/example_dags/example_xcomargs.py took 0.208 seconds
[2023-08-15T19:13:26.898-0300] {processor.py:157} INFO - Started process (PID=30088) to work on /home/alan/repos/pipeline_airflow/pipeline-airflow-venv/lib/python3.11/site-packages/airflow/example_dags/example_xcomargs.py
[2023-08-15T19:13:26.902-0300] {processor.py:826} INFO - Processing file /home/alan/repos/pipeline_airflow/pipeline-airflow-venv/lib/python3.11/site-packages/airflow/example_dags/example_xcomargs.py for tasks to queue
[2023-08-15T19:13:26.905-0300] {logging_mixin.py:150} INFO - [2023-08-15T19:13:26.904-0300] {dagbag.py:541} INFO - Filling up the DagBag from /home/alan/repos/pipeline_airflow/pipeline-airflow-venv/lib/python3.11/site-packages/airflow/example_dags/example_xcomargs.py
[2023-08-15T19:13:26.928-0300] {processor.py:836} INFO - DAG(s) dict_keys(['example_xcom_args', 'example_xcom_args_with_operators']) retrieved from /home/alan/repos/pipeline_airflow/pipeline-airflow-venv/lib/python3.11/site-packages/airflow/example_dags/example_xcomargs.py
[2023-08-15T19:13:26.968-0300] {logging_mixin.py:150} INFO - [2023-08-15T19:13:26.968-0300] {dag.py:2742} INFO - Sync 2 DAGs
[2023-08-15T19:13:27.008-0300] {logging_mixin.py:150} INFO - [2023-08-15T19:13:27.008-0300] {dag.py:3504} INFO - Setting next_dagrun for example_xcom_args to None, run_after=None
[2023-08-15T19:13:27.013-0300] {logging_mixin.py:150} INFO - [2023-08-15T19:13:27.013-0300] {dag.py:3504} INFO - Setting next_dagrun for example_xcom_args_with_operators to None, run_after=None
[2023-08-15T19:13:27.204-0300] {processor.py:179} INFO - Processing /home/alan/repos/pipeline_airflow/pipeline-airflow-venv/lib/python3.11/site-packages/airflow/example_dags/example_xcomargs.py took 0.312 seconds
[2023-08-15T19:14:28.008-0300] {processor.py:157} INFO - Started process (PID=30242) to work on /home/alan/repos/pipeline_airflow/pipeline-airflow-venv/lib/python3.11/site-packages/airflow/example_dags/example_xcomargs.py
[2023-08-15T19:14:28.010-0300] {processor.py:826} INFO - Processing file /home/alan/repos/pipeline_airflow/pipeline-airflow-venv/lib/python3.11/site-packages/airflow/example_dags/example_xcomargs.py for tasks to queue
[2023-08-15T19:14:28.011-0300] {logging_mixin.py:150} INFO - [2023-08-15T19:14:28.011-0300] {dagbag.py:541} INFO - Filling up the DagBag from /home/alan/repos/pipeline_airflow/pipeline-airflow-venv/lib/python3.11/site-packages/airflow/example_dags/example_xcomargs.py
[2023-08-15T19:14:28.033-0300] {processor.py:836} INFO - DAG(s) dict_keys(['example_xcom_args', 'example_xcom_args_with_operators']) retrieved from /home/alan/repos/pipeline_airflow/pipeline-airflow-venv/lib/python3.11/site-packages/airflow/example_dags/example_xcomargs.py
[2023-08-15T19:14:28.072-0300] {logging_mixin.py:150} INFO - [2023-08-15T19:14:28.072-0300] {dag.py:2742} INFO - Sync 2 DAGs
[2023-08-15T19:14:28.112-0300] {logging_mixin.py:150} INFO - [2023-08-15T19:14:28.111-0300] {dag.py:3504} INFO - Setting next_dagrun for example_xcom_args to None, run_after=None
[2023-08-15T19:14:28.119-0300] {logging_mixin.py:150} INFO - [2023-08-15T19:14:28.118-0300] {dag.py:3504} INFO - Setting next_dagrun for example_xcom_args_with_operators to None, run_after=None
[2023-08-15T19:14:28.236-0300] {processor.py:179} INFO - Processing /home/alan/repos/pipeline_airflow/pipeline-airflow-venv/lib/python3.11/site-packages/airflow/example_dags/example_xcomargs.py took 0.237 seconds
[2023-08-15T19:15:23.820-0300] {processor.py:157} INFO - Started process (PID=30387) to work on /home/alan/repos/pipeline_airflow/pipeline-airflow-venv/lib/python3.11/site-packages/airflow/example_dags/example_xcomargs.py
[2023-08-15T19:15:23.822-0300] {processor.py:826} INFO - Processing file /home/alan/repos/pipeline_airflow/pipeline-airflow-venv/lib/python3.11/site-packages/airflow/example_dags/example_xcomargs.py for tasks to queue
[2023-08-15T19:15:23.823-0300] {logging_mixin.py:150} INFO - [2023-08-15T19:15:23.823-0300] {dagbag.py:541} INFO - Filling up the DagBag from /home/alan/repos/pipeline_airflow/pipeline-airflow-venv/lib/python3.11/site-packages/airflow/example_dags/example_xcomargs.py
[2023-08-15T19:15:23.839-0300] {processor.py:836} INFO - DAG(s) dict_keys(['example_xcom_args_with_operators', 'example_xcom_args']) retrieved from /home/alan/repos/pipeline_airflow/pipeline-airflow-venv/lib/python3.11/site-packages/airflow/example_dags/example_xcomargs.py
[2023-08-15T19:15:23.873-0300] {logging_mixin.py:150} INFO - [2023-08-15T19:15:23.873-0300] {dag.py:2742} INFO - Sync 2 DAGs
[2023-08-15T19:15:23.913-0300] {logging_mixin.py:150} INFO - [2023-08-15T19:15:23.912-0300] {dag.py:3504} INFO - Setting next_dagrun for example_xcom_args to None, run_after=None
[2023-08-15T19:15:23.918-0300] {logging_mixin.py:150} INFO - [2023-08-15T19:15:23.917-0300] {dag.py:3504} INFO - Setting next_dagrun for example_xcom_args_with_operators to None, run_after=None
[2023-08-15T19:15:24.015-0300] {processor.py:179} INFO - Processing /home/alan/repos/pipeline_airflow/pipeline-airflow-venv/lib/python3.11/site-packages/airflow/example_dags/example_xcomargs.py took 0.200 seconds
[2023-08-15T19:16:22.104-0300] {processor.py:157} INFO - Started process (PID=30539) to work on /home/alan/repos/pipeline_airflow/pipeline-airflow-venv/lib/python3.11/site-packages/airflow/example_dags/example_xcomargs.py
[2023-08-15T19:16:22.119-0300] {processor.py:826} INFO - Processing file /home/alan/repos/pipeline_airflow/pipeline-airflow-venv/lib/python3.11/site-packages/airflow/example_dags/example_xcomargs.py for tasks to queue
[2023-08-15T19:16:22.120-0300] {logging_mixin.py:150} INFO - [2023-08-15T19:16:22.120-0300] {dagbag.py:541} INFO - Filling up the DagBag from /home/alan/repos/pipeline_airflow/pipeline-airflow-venv/lib/python3.11/site-packages/airflow/example_dags/example_xcomargs.py
[2023-08-15T19:16:22.141-0300] {processor.py:836} INFO - DAG(s) dict_keys(['example_xcom_args_with_operators', 'example_xcom_args']) retrieved from /home/alan/repos/pipeline_airflow/pipeline-airflow-venv/lib/python3.11/site-packages/airflow/example_dags/example_xcomargs.py
[2023-08-15T19:16:22.180-0300] {logging_mixin.py:150} INFO - [2023-08-15T19:16:22.179-0300] {dag.py:2742} INFO - Sync 2 DAGs
[2023-08-15T19:16:22.224-0300] {logging_mixin.py:150} INFO - [2023-08-15T19:16:22.224-0300] {dag.py:3504} INFO - Setting next_dagrun for example_xcom_args to None, run_after=None
[2023-08-15T19:16:22.231-0300] {logging_mixin.py:150} INFO - [2023-08-15T19:16:22.231-0300] {dag.py:3504} INFO - Setting next_dagrun for example_xcom_args_with_operators to None, run_after=None
[2023-08-15T19:16:22.370-0300] {processor.py:179} INFO - Processing /home/alan/repos/pipeline_airflow/pipeline-airflow-venv/lib/python3.11/site-packages/airflow/example_dags/example_xcomargs.py took 0.275 seconds
[2023-08-15T19:17:22.870-0300] {processor.py:157} INFO - Started process (PID=30702) to work on /home/alan/repos/pipeline_airflow/pipeline-airflow-venv/lib/python3.11/site-packages/airflow/example_dags/example_xcomargs.py
[2023-08-15T19:17:22.886-0300] {processor.py:826} INFO - Processing file /home/alan/repos/pipeline_airflow/pipeline-airflow-venv/lib/python3.11/site-packages/airflow/example_dags/example_xcomargs.py for tasks to queue
[2023-08-15T19:17:22.888-0300] {logging_mixin.py:150} INFO - [2023-08-15T19:17:22.887-0300] {dagbag.py:541} INFO - Filling up the DagBag from /home/alan/repos/pipeline_airflow/pipeline-airflow-venv/lib/python3.11/site-packages/airflow/example_dags/example_xcomargs.py
[2023-08-15T19:17:22.906-0300] {processor.py:836} INFO - DAG(s) dict_keys(['example_xcom_args_with_operators', 'example_xcom_args']) retrieved from /home/alan/repos/pipeline_airflow/pipeline-airflow-venv/lib/python3.11/site-packages/airflow/example_dags/example_xcomargs.py
[2023-08-15T19:17:22.943-0300] {logging_mixin.py:150} INFO - [2023-08-15T19:17:22.943-0300] {dag.py:2742} INFO - Sync 2 DAGs
[2023-08-15T19:17:22.987-0300] {logging_mixin.py:150} INFO - [2023-08-15T19:17:22.987-0300] {dag.py:3504} INFO - Setting next_dagrun for example_xcom_args to None, run_after=None
[2023-08-15T19:17:22.993-0300] {logging_mixin.py:150} INFO - [2023-08-15T19:17:22.993-0300] {dag.py:3504} INFO - Setting next_dagrun for example_xcom_args_with_operators to None, run_after=None
[2023-08-15T19:17:23.164-0300] {processor.py:179} INFO - Processing /home/alan/repos/pipeline_airflow/pipeline-airflow-venv/lib/python3.11/site-packages/airflow/example_dags/example_xcomargs.py took 0.300 seconds
[2023-08-15T19:18:22.403-0300] {processor.py:157} INFO - Started process (PID=30854) to work on /home/alan/repos/pipeline_airflow/pipeline-airflow-venv/lib/python3.11/site-packages/airflow/example_dags/example_xcomargs.py
[2023-08-15T19:18:22.419-0300] {processor.py:826} INFO - Processing file /home/alan/repos/pipeline_airflow/pipeline-airflow-venv/lib/python3.11/site-packages/airflow/example_dags/example_xcomargs.py for tasks to queue
[2023-08-15T19:18:22.421-0300] {logging_mixin.py:150} INFO - [2023-08-15T19:18:22.420-0300] {dagbag.py:541} INFO - Filling up the DagBag from /home/alan/repos/pipeline_airflow/pipeline-airflow-venv/lib/python3.11/site-packages/airflow/example_dags/example_xcomargs.py
[2023-08-15T19:18:22.442-0300] {processor.py:836} INFO - DAG(s) dict_keys(['example_xcom_args', 'example_xcom_args_with_operators']) retrieved from /home/alan/repos/pipeline_airflow/pipeline-airflow-venv/lib/python3.11/site-packages/airflow/example_dags/example_xcomargs.py
[2023-08-15T19:18:22.484-0300] {logging_mixin.py:150} INFO - [2023-08-15T19:18:22.483-0300] {dag.py:2742} INFO - Sync 2 DAGs
[2023-08-15T19:18:22.520-0300] {logging_mixin.py:150} INFO - [2023-08-15T19:18:22.520-0300] {dag.py:3504} INFO - Setting next_dagrun for example_xcom_args to None, run_after=None
[2023-08-15T19:18:22.525-0300] {logging_mixin.py:150} INFO - [2023-08-15T19:18:22.525-0300] {dag.py:3504} INFO - Setting next_dagrun for example_xcom_args_with_operators to None, run_after=None
[2023-08-15T19:18:22.648-0300] {processor.py:179} INFO - Processing /home/alan/repos/pipeline_airflow/pipeline-airflow-venv/lib/python3.11/site-packages/airflow/example_dags/example_xcomargs.py took 0.252 seconds
[2023-08-15T19:19:18.719-0300] {processor.py:157} INFO - Started process (PID=30995) to work on /home/alan/repos/pipeline_airflow/pipeline-airflow-venv/lib/python3.11/site-packages/airflow/example_dags/example_xcomargs.py
[2023-08-15T19:19:18.722-0300] {processor.py:826} INFO - Processing file /home/alan/repos/pipeline_airflow/pipeline-airflow-venv/lib/python3.11/site-packages/airflow/example_dags/example_xcomargs.py for tasks to queue
[2023-08-15T19:19:18.724-0300] {logging_mixin.py:150} INFO - [2023-08-15T19:19:18.723-0300] {dagbag.py:541} INFO - Filling up the DagBag from /home/alan/repos/pipeline_airflow/pipeline-airflow-venv/lib/python3.11/site-packages/airflow/example_dags/example_xcomargs.py
[2023-08-15T19:19:18.749-0300] {processor.py:836} INFO - DAG(s) dict_keys(['example_xcom_args_with_operators', 'example_xcom_args']) retrieved from /home/alan/repos/pipeline_airflow/pipeline-airflow-venv/lib/python3.11/site-packages/airflow/example_dags/example_xcomargs.py
[2023-08-15T19:19:18.799-0300] {logging_mixin.py:150} INFO - [2023-08-15T19:19:18.799-0300] {dag.py:2742} INFO - Sync 2 DAGs
[2023-08-15T19:19:18.844-0300] {logging_mixin.py:150} INFO - [2023-08-15T19:19:18.843-0300] {dag.py:3504} INFO - Setting next_dagrun for example_xcom_args to None, run_after=None
[2023-08-15T19:19:18.850-0300] {logging_mixin.py:150} INFO - [2023-08-15T19:19:18.849-0300] {dag.py:3504} INFO - Setting next_dagrun for example_xcom_args_with_operators to None, run_after=None
[2023-08-15T19:19:18.960-0300] {processor.py:179} INFO - Processing /home/alan/repos/pipeline_airflow/pipeline-airflow-venv/lib/python3.11/site-packages/airflow/example_dags/example_xcomargs.py took 0.253 seconds
[2023-08-15T19:20:17.746-0300] {processor.py:157} INFO - Started process (PID=31170) to work on /home/alan/repos/pipeline_airflow/pipeline-airflow-venv/lib/python3.11/site-packages/airflow/example_dags/example_xcomargs.py
[2023-08-15T19:20:17.769-0300] {processor.py:826} INFO - Processing file /home/alan/repos/pipeline_airflow/pipeline-airflow-venv/lib/python3.11/site-packages/airflow/example_dags/example_xcomargs.py for tasks to queue
[2023-08-15T19:20:17.770-0300] {logging_mixin.py:150} INFO - [2023-08-15T19:20:17.770-0300] {dagbag.py:541} INFO - Filling up the DagBag from /home/alan/repos/pipeline_airflow/pipeline-airflow-venv/lib/python3.11/site-packages/airflow/example_dags/example_xcomargs.py
[2023-08-15T19:20:17.787-0300] {processor.py:836} INFO - DAG(s) dict_keys(['example_xcom_args_with_operators', 'example_xcom_args']) retrieved from /home/alan/repos/pipeline_airflow/pipeline-airflow-venv/lib/python3.11/site-packages/airflow/example_dags/example_xcomargs.py
[2023-08-15T19:20:18.212-0300] {logging_mixin.py:150} INFO - [2023-08-15T19:20:18.200-0300] {dag.py:2742} INFO - Sync 2 DAGs
[2023-08-15T19:20:18.635-0300] {logging_mixin.py:150} INFO - [2023-08-15T19:20:18.635-0300] {dag.py:3504} INFO - Setting next_dagrun for example_xcom_args to None, run_after=None
[2023-08-15T19:20:18.668-0300] {logging_mixin.py:150} INFO - [2023-08-15T19:20:18.652-0300] {dag.py:3504} INFO - Setting next_dagrun for example_xcom_args_with_operators to None, run_after=None
[2023-08-15T19:20:19.905-0300] {processor.py:179} INFO - Processing /home/alan/repos/pipeline_airflow/pipeline-airflow-venv/lib/python3.11/site-packages/airflow/example_dags/example_xcomargs.py took 2.170 seconds
[2023-08-15T19:21:32.168-0300] {processor.py:157} INFO - Started process (PID=31550) to work on /home/alan/repos/pipeline_airflow/pipeline-airflow-venv/lib/python3.11/site-packages/airflow/example_dags/example_xcomargs.py
[2023-08-15T19:21:32.171-0300] {processor.py:826} INFO - Processing file /home/alan/repos/pipeline_airflow/pipeline-airflow-venv/lib/python3.11/site-packages/airflow/example_dags/example_xcomargs.py for tasks to queue
[2023-08-15T19:21:32.174-0300] {logging_mixin.py:150} INFO - [2023-08-15T19:21:32.173-0300] {dagbag.py:541} INFO - Filling up the DagBag from /home/alan/repos/pipeline_airflow/pipeline-airflow-venv/lib/python3.11/site-packages/airflow/example_dags/example_xcomargs.py
[2023-08-15T19:21:32.192-0300] {processor.py:836} INFO - DAG(s) dict_keys(['example_xcom_args', 'example_xcom_args_with_operators']) retrieved from /home/alan/repos/pipeline_airflow/pipeline-airflow-venv/lib/python3.11/site-packages/airflow/example_dags/example_xcomargs.py
[2023-08-15T19:21:32.235-0300] {logging_mixin.py:150} INFO - [2023-08-15T19:21:32.235-0300] {dag.py:2742} INFO - Sync 2 DAGs
[2023-08-15T19:21:32.283-0300] {logging_mixin.py:150} INFO - [2023-08-15T19:21:32.283-0300] {dag.py:3504} INFO - Setting next_dagrun for example_xcom_args to None, run_after=None
[2023-08-15T19:21:32.291-0300] {logging_mixin.py:150} INFO - [2023-08-15T19:21:32.291-0300] {dag.py:3504} INFO - Setting next_dagrun for example_xcom_args_with_operators to None, run_after=None
[2023-08-15T19:21:32.426-0300] {processor.py:179} INFO - Processing /home/alan/repos/pipeline_airflow/pipeline-airflow-venv/lib/python3.11/site-packages/airflow/example_dags/example_xcomargs.py took 0.263 seconds
