[2023-08-15T18:20:07.235-0300] {processor.py:157} INFO - Started process (PID=18463) to work on /home/alan/repos/pipeline_airflow/pipeline-airflow-venv/lib/python3.11/site-packages/airflow/example_dags/example_latest_only_with_trigger.py
[2023-08-15T18:20:07.237-0300] {processor.py:826} INFO - Processing file /home/alan/repos/pipeline_airflow/pipeline-airflow-venv/lib/python3.11/site-packages/airflow/example_dags/example_latest_only_with_trigger.py for tasks to queue
[2023-08-15T18:20:07.239-0300] {logging_mixin.py:150} INFO - [2023-08-15T18:20:07.237-0300] {dagbag.py:541} INFO - Filling up the DagBag from /home/alan/repos/pipeline_airflow/pipeline-airflow-venv/lib/python3.11/site-packages/airflow/example_dags/example_latest_only_with_trigger.py
[2023-08-15T18:20:07.250-0300] {processor.py:836} INFO - DAG(s) dict_keys(['latest_only_with_trigger']) retrieved from /home/alan/repos/pipeline_airflow/pipeline-airflow-venv/lib/python3.11/site-packages/airflow/example_dags/example_latest_only_with_trigger.py
[2023-08-15T18:20:08.409-0300] {logging_mixin.py:150} INFO - [2023-08-15T18:20:08.408-0300] {manager.py:504} INFO - Created Permission View: can delete on DAG:latest_only_with_trigger
[2023-08-15T18:20:08.498-0300] {logging_mixin.py:150} INFO - [2023-08-15T18:20:08.497-0300] {manager.py:504} INFO - Created Permission View: can edit on DAG:latest_only_with_trigger
[2023-08-15T18:20:08.586-0300] {logging_mixin.py:150} INFO - [2023-08-15T18:20:08.585-0300] {manager.py:504} INFO - Created Permission View: can read on DAG:latest_only_with_trigger
[2023-08-15T18:20:08.606-0300] {logging_mixin.py:150} INFO - [2023-08-15T18:20:08.605-0300] {dag.py:2742} INFO - Sync 1 DAGs
[2023-08-15T18:20:08.622-0300] {logging_mixin.py:150} INFO - [2023-08-15T18:20:08.621-0300] {dag.py:2763} INFO - Creating ORM DAG for latest_only_with_trigger
[2023-08-15T18:20:08.638-0300] {logging_mixin.py:150} INFO - [2023-08-15T18:20:08.638-0300] {dag.py:3504} INFO - Setting next_dagrun for latest_only_with_trigger to 2023-08-15T17:20:08.637765+00:00, run_after=2023-08-15T21:20:08.637765+00:00
[2023-08-15T18:20:08.959-0300] {processor.py:179} INFO - Processing /home/alan/repos/pipeline_airflow/pipeline-airflow-venv/lib/python3.11/site-packages/airflow/example_dags/example_latest_only_with_trigger.py took 1.728 seconds
[2023-08-15T18:21:20.007-0300] {processor.py:157} INFO - Started process (PID=18886) to work on /home/alan/repos/pipeline_airflow/pipeline-airflow-venv/lib/python3.11/site-packages/airflow/example_dags/example_latest_only_with_trigger.py
[2023-08-15T18:21:20.015-0300] {processor.py:826} INFO - Processing file /home/alan/repos/pipeline_airflow/pipeline-airflow-venv/lib/python3.11/site-packages/airflow/example_dags/example_latest_only_with_trigger.py for tasks to queue
[2023-08-15T18:21:20.017-0300] {logging_mixin.py:150} INFO - [2023-08-15T18:21:20.017-0300] {dagbag.py:541} INFO - Filling up the DagBag from /home/alan/repos/pipeline_airflow/pipeline-airflow-venv/lib/python3.11/site-packages/airflow/example_dags/example_latest_only_with_trigger.py
[2023-08-15T18:21:20.031-0300] {processor.py:836} INFO - DAG(s) dict_keys(['latest_only_with_trigger']) retrieved from /home/alan/repos/pipeline_airflow/pipeline-airflow-venv/lib/python3.11/site-packages/airflow/example_dags/example_latest_only_with_trigger.py
[2023-08-15T18:21:20.062-0300] {logging_mixin.py:150} INFO - [2023-08-15T18:21:20.062-0300] {dag.py:2742} INFO - Sync 1 DAGs
[2023-08-15T18:21:20.098-0300] {logging_mixin.py:150} INFO - [2023-08-15T18:21:20.097-0300] {dag.py:3504} INFO - Setting next_dagrun for latest_only_with_trigger to 2023-08-15T17:21:20.097323+00:00, run_after=2023-08-15T21:21:20.097323+00:00
[2023-08-15T18:21:20.204-0300] {processor.py:179} INFO - Processing /home/alan/repos/pipeline_airflow/pipeline-airflow-venv/lib/python3.11/site-packages/airflow/example_dags/example_latest_only_with_trigger.py took 0.202 seconds
[2023-08-15T18:22:26.573-0300] {processor.py:157} INFO - Started process (PID=19122) to work on /home/alan/repos/pipeline_airflow/pipeline-airflow-venv/lib/python3.11/site-packages/airflow/example_dags/example_latest_only_with_trigger.py
[2023-08-15T18:22:26.574-0300] {processor.py:826} INFO - Processing file /home/alan/repos/pipeline_airflow/pipeline-airflow-venv/lib/python3.11/site-packages/airflow/example_dags/example_latest_only_with_trigger.py for tasks to queue
[2023-08-15T18:22:26.576-0300] {logging_mixin.py:150} INFO - [2023-08-15T18:22:26.575-0300] {dagbag.py:541} INFO - Filling up the DagBag from /home/alan/repos/pipeline_airflow/pipeline-airflow-venv/lib/python3.11/site-packages/airflow/example_dags/example_latest_only_with_trigger.py
[2023-08-15T18:22:26.589-0300] {processor.py:836} INFO - DAG(s) dict_keys(['latest_only_with_trigger']) retrieved from /home/alan/repos/pipeline_airflow/pipeline-airflow-venv/lib/python3.11/site-packages/airflow/example_dags/example_latest_only_with_trigger.py
[2023-08-15T18:22:26.620-0300] {logging_mixin.py:150} INFO - [2023-08-15T18:22:26.620-0300] {dag.py:2742} INFO - Sync 1 DAGs
[2023-08-15T18:22:26.654-0300] {logging_mixin.py:150} INFO - [2023-08-15T18:22:26.654-0300] {dag.py:3504} INFO - Setting next_dagrun for latest_only_with_trigger to 2023-08-15T17:22:26.654236+00:00, run_after=2023-08-15T21:22:26.654236+00:00
[2023-08-15T18:22:26.765-0300] {processor.py:179} INFO - Processing /home/alan/repos/pipeline_airflow/pipeline-airflow-venv/lib/python3.11/site-packages/airflow/example_dags/example_latest_only_with_trigger.py took 0.198 seconds
[2023-08-15T18:23:25.177-0300] {processor.py:157} INFO - Started process (PID=19324) to work on /home/alan/repos/pipeline_airflow/pipeline-airflow-venv/lib/python3.11/site-packages/airflow/example_dags/example_latest_only_with_trigger.py
[2023-08-15T18:23:25.179-0300] {processor.py:826} INFO - Processing file /home/alan/repos/pipeline_airflow/pipeline-airflow-venv/lib/python3.11/site-packages/airflow/example_dags/example_latest_only_with_trigger.py for tasks to queue
[2023-08-15T18:23:25.181-0300] {logging_mixin.py:150} INFO - [2023-08-15T18:23:25.180-0300] {dagbag.py:541} INFO - Filling up the DagBag from /home/alan/repos/pipeline_airflow/pipeline-airflow-venv/lib/python3.11/site-packages/airflow/example_dags/example_latest_only_with_trigger.py
[2023-08-15T18:23:25.194-0300] {processor.py:836} INFO - DAG(s) dict_keys(['latest_only_with_trigger']) retrieved from /home/alan/repos/pipeline_airflow/pipeline-airflow-venv/lib/python3.11/site-packages/airflow/example_dags/example_latest_only_with_trigger.py
[2023-08-15T18:23:25.224-0300] {logging_mixin.py:150} INFO - [2023-08-15T18:23:25.224-0300] {dag.py:2742} INFO - Sync 1 DAGs
[2023-08-15T18:23:25.401-0300] {logging_mixin.py:150} INFO - [2023-08-15T18:23:25.401-0300] {dag.py:3504} INFO - Setting next_dagrun for latest_only_with_trigger to 2023-08-15T17:23:25.400765+00:00, run_after=2023-08-15T21:23:25.400765+00:00
[2023-08-15T18:23:25.523-0300] {processor.py:179} INFO - Processing /home/alan/repos/pipeline_airflow/pipeline-airflow-venv/lib/python3.11/site-packages/airflow/example_dags/example_latest_only_with_trigger.py took 0.353 seconds
[2023-08-15T18:24:33.381-0300] {processor.py:157} INFO - Started process (PID=19618) to work on /home/alan/repos/pipeline_airflow/pipeline-airflow-venv/lib/python3.11/site-packages/airflow/example_dags/example_latest_only_with_trigger.py
[2023-08-15T18:24:33.393-0300] {processor.py:826} INFO - Processing file /home/alan/repos/pipeline_airflow/pipeline-airflow-venv/lib/python3.11/site-packages/airflow/example_dags/example_latest_only_with_trigger.py for tasks to queue
[2023-08-15T18:24:33.437-0300] {logging_mixin.py:150} INFO - [2023-08-15T18:24:33.394-0300] {dagbag.py:541} INFO - Filling up the DagBag from /home/alan/repos/pipeline_airflow/pipeline-airflow-venv/lib/python3.11/site-packages/airflow/example_dags/example_latest_only_with_trigger.py
[2023-08-15T18:24:33.471-0300] {processor.py:836} INFO - DAG(s) dict_keys(['latest_only_with_trigger']) retrieved from /home/alan/repos/pipeline_airflow/pipeline-airflow-venv/lib/python3.11/site-packages/airflow/example_dags/example_latest_only_with_trigger.py
[2023-08-15T18:24:35.049-0300] {logging_mixin.py:150} INFO - [2023-08-15T18:24:35.049-0300] {dag.py:2742} INFO - Sync 1 DAGs
[2023-08-15T18:24:35.129-0300] {logging_mixin.py:150} INFO - [2023-08-15T18:24:35.129-0300] {dag.py:3504} INFO - Setting next_dagrun for latest_only_with_trigger to 2023-08-15T17:24:35.129197+00:00, run_after=2023-08-15T21:24:35.129197+00:00
[2023-08-15T18:24:35.325-0300] {processor.py:179} INFO - Processing /home/alan/repos/pipeline_airflow/pipeline-airflow-venv/lib/python3.11/site-packages/airflow/example_dags/example_latest_only_with_trigger.py took 1.949 seconds
[2023-08-15T18:26:44.949-0300] {processor.py:157} INFO - Started process (PID=20784) to work on /home/alan/repos/pipeline_airflow/pipeline-airflow-venv/lib/python3.11/site-packages/airflow/example_dags/example_latest_only_with_trigger.py
[2023-08-15T18:26:44.951-0300] {processor.py:826} INFO - Processing file /home/alan/repos/pipeline_airflow/pipeline-airflow-venv/lib/python3.11/site-packages/airflow/example_dags/example_latest_only_with_trigger.py for tasks to queue
[2023-08-15T18:26:44.953-0300] {logging_mixin.py:150} INFO - [2023-08-15T18:26:44.952-0300] {dagbag.py:541} INFO - Filling up the DagBag from /home/alan/repos/pipeline_airflow/pipeline-airflow-venv/lib/python3.11/site-packages/airflow/example_dags/example_latest_only_with_trigger.py
[2023-08-15T18:26:44.967-0300] {processor.py:836} INFO - DAG(s) dict_keys(['latest_only_with_trigger']) retrieved from /home/alan/repos/pipeline_airflow/pipeline-airflow-venv/lib/python3.11/site-packages/airflow/example_dags/example_latest_only_with_trigger.py
[2023-08-15T18:26:45.000-0300] {logging_mixin.py:150} INFO - [2023-08-15T18:26:44.999-0300] {dag.py:2742} INFO - Sync 1 DAGs
[2023-08-15T18:26:45.036-0300] {logging_mixin.py:150} INFO - [2023-08-15T18:26:45.036-0300] {dag.py:3504} INFO - Setting next_dagrun for latest_only_with_trigger to 2023-08-15T17:26:45.036274+00:00, run_after=2023-08-15T21:26:45.036274+00:00
[2023-08-15T18:26:45.174-0300] {processor.py:179} INFO - Processing /home/alan/repos/pipeline_airflow/pipeline-airflow-venv/lib/python3.11/site-packages/airflow/example_dags/example_latest_only_with_trigger.py took 0.231 seconds
[2023-08-15T18:27:47.929-0300] {processor.py:157} INFO - Started process (PID=21015) to work on /home/alan/repos/pipeline_airflow/pipeline-airflow-venv/lib/python3.11/site-packages/airflow/example_dags/example_latest_only_with_trigger.py
[2023-08-15T18:27:47.933-0300] {processor.py:826} INFO - Processing file /home/alan/repos/pipeline_airflow/pipeline-airflow-venv/lib/python3.11/site-packages/airflow/example_dags/example_latest_only_with_trigger.py for tasks to queue
[2023-08-15T18:27:47.935-0300] {logging_mixin.py:150} INFO - [2023-08-15T18:27:47.934-0300] {dagbag.py:541} INFO - Filling up the DagBag from /home/alan/repos/pipeline_airflow/pipeline-airflow-venv/lib/python3.11/site-packages/airflow/example_dags/example_latest_only_with_trigger.py
[2023-08-15T18:27:47.949-0300] {processor.py:836} INFO - DAG(s) dict_keys(['latest_only_with_trigger']) retrieved from /home/alan/repos/pipeline_airflow/pipeline-airflow-venv/lib/python3.11/site-packages/airflow/example_dags/example_latest_only_with_trigger.py
[2023-08-15T18:27:47.995-0300] {logging_mixin.py:150} INFO - [2023-08-15T18:27:47.995-0300] {dag.py:2742} INFO - Sync 1 DAGs
[2023-08-15T18:27:48.041-0300] {logging_mixin.py:150} INFO - [2023-08-15T18:27:48.041-0300] {dag.py:3504} INFO - Setting next_dagrun for latest_only_with_trigger to 2023-08-15T17:27:48.040740+00:00, run_after=2023-08-15T21:27:48.040740+00:00
[2023-08-15T18:27:48.182-0300] {processor.py:179} INFO - Processing /home/alan/repos/pipeline_airflow/pipeline-airflow-venv/lib/python3.11/site-packages/airflow/example_dags/example_latest_only_with_trigger.py took 0.259 seconds
[2023-08-15T18:28:47.953-0300] {processor.py:157} INFO - Started process (PID=21265) to work on /home/alan/repos/pipeline_airflow/pipeline-airflow-venv/lib/python3.11/site-packages/airflow/example_dags/example_latest_only_with_trigger.py
[2023-08-15T18:28:47.987-0300] {processor.py:826} INFO - Processing file /home/alan/repos/pipeline_airflow/pipeline-airflow-venv/lib/python3.11/site-packages/airflow/example_dags/example_latest_only_with_trigger.py for tasks to queue
[2023-08-15T18:28:47.989-0300] {logging_mixin.py:150} INFO - [2023-08-15T18:28:47.988-0300] {dagbag.py:541} INFO - Filling up the DagBag from /home/alan/repos/pipeline_airflow/pipeline-airflow-venv/lib/python3.11/site-packages/airflow/example_dags/example_latest_only_with_trigger.py
[2023-08-15T18:28:48.005-0300] {processor.py:836} INFO - DAG(s) dict_keys(['latest_only_with_trigger']) retrieved from /home/alan/repos/pipeline_airflow/pipeline-airflow-venv/lib/python3.11/site-packages/airflow/example_dags/example_latest_only_with_trigger.py
[2023-08-15T18:28:48.042-0300] {logging_mixin.py:150} INFO - [2023-08-15T18:28:48.042-0300] {dag.py:2742} INFO - Sync 1 DAGs
[2023-08-15T18:28:48.095-0300] {logging_mixin.py:150} INFO - [2023-08-15T18:28:48.095-0300] {dag.py:3504} INFO - Setting next_dagrun for latest_only_with_trigger to 2023-08-15T17:28:48.094681+00:00, run_after=2023-08-15T21:28:48.094681+00:00
[2023-08-15T18:28:48.602-0300] {processor.py:179} INFO - Processing /home/alan/repos/pipeline_airflow/pipeline-airflow-venv/lib/python3.11/site-packages/airflow/example_dags/example_latest_only_with_trigger.py took 0.661 seconds
[2023-08-15T18:29:48.672-0300] {processor.py:157} INFO - Started process (PID=21486) to work on /home/alan/repos/pipeline_airflow/pipeline-airflow-venv/lib/python3.11/site-packages/airflow/example_dags/example_latest_only_with_trigger.py
[2023-08-15T18:29:48.685-0300] {processor.py:826} INFO - Processing file /home/alan/repos/pipeline_airflow/pipeline-airflow-venv/lib/python3.11/site-packages/airflow/example_dags/example_latest_only_with_trigger.py for tasks to queue
[2023-08-15T18:29:48.687-0300] {logging_mixin.py:150} INFO - [2023-08-15T18:29:48.686-0300] {dagbag.py:541} INFO - Filling up the DagBag from /home/alan/repos/pipeline_airflow/pipeline-airflow-venv/lib/python3.11/site-packages/airflow/example_dags/example_latest_only_with_trigger.py
[2023-08-15T18:29:48.699-0300] {processor.py:836} INFO - DAG(s) dict_keys(['latest_only_with_trigger']) retrieved from /home/alan/repos/pipeline_airflow/pipeline-airflow-venv/lib/python3.11/site-packages/airflow/example_dags/example_latest_only_with_trigger.py
[2023-08-15T18:29:48.737-0300] {logging_mixin.py:150} INFO - [2023-08-15T18:29:48.737-0300] {dag.py:2742} INFO - Sync 1 DAGs
[2023-08-15T18:29:48.778-0300] {logging_mixin.py:150} INFO - [2023-08-15T18:29:48.777-0300] {dag.py:3504} INFO - Setting next_dagrun for latest_only_with_trigger to 2023-08-15T17:29:48.777374+00:00, run_after=2023-08-15T21:29:48.777374+00:00
[2023-08-15T18:29:48.909-0300] {processor.py:179} INFO - Processing /home/alan/repos/pipeline_airflow/pipeline-airflow-venv/lib/python3.11/site-packages/airflow/example_dags/example_latest_only_with_trigger.py took 0.244 seconds
[2023-08-15T18:30:46.132-0300] {processor.py:157} INFO - Started process (PID=21704) to work on /home/alan/repos/pipeline_airflow/pipeline-airflow-venv/lib/python3.11/site-packages/airflow/example_dags/example_latest_only_with_trigger.py
[2023-08-15T18:30:46.137-0300] {processor.py:826} INFO - Processing file /home/alan/repos/pipeline_airflow/pipeline-airflow-venv/lib/python3.11/site-packages/airflow/example_dags/example_latest_only_with_trigger.py for tasks to queue
[2023-08-15T18:30:46.139-0300] {logging_mixin.py:150} INFO - [2023-08-15T18:30:46.138-0300] {dagbag.py:541} INFO - Filling up the DagBag from /home/alan/repos/pipeline_airflow/pipeline-airflow-venv/lib/python3.11/site-packages/airflow/example_dags/example_latest_only_with_trigger.py
[2023-08-15T18:30:46.159-0300] {processor.py:836} INFO - DAG(s) dict_keys(['latest_only_with_trigger']) retrieved from /home/alan/repos/pipeline_airflow/pipeline-airflow-venv/lib/python3.11/site-packages/airflow/example_dags/example_latest_only_with_trigger.py
[2023-08-15T18:30:46.195-0300] {logging_mixin.py:150} INFO - [2023-08-15T18:30:46.194-0300] {dag.py:2742} INFO - Sync 1 DAGs
[2023-08-15T18:30:46.231-0300] {logging_mixin.py:150} INFO - [2023-08-15T18:30:46.231-0300] {dag.py:3504} INFO - Setting next_dagrun for latest_only_with_trigger to 2023-08-15T17:30:46.231088+00:00, run_after=2023-08-15T21:30:46.231088+00:00
[2023-08-15T18:30:46.392-0300] {processor.py:179} INFO - Processing /home/alan/repos/pipeline_airflow/pipeline-airflow-venv/lib/python3.11/site-packages/airflow/example_dags/example_latest_only_with_trigger.py took 0.269 seconds
[2023-08-15T18:31:41.280-0300] {processor.py:157} INFO - Started process (PID=21891) to work on /home/alan/repos/pipeline_airflow/pipeline-airflow-venv/lib/python3.11/site-packages/airflow/example_dags/example_latest_only_with_trigger.py
[2023-08-15T18:31:41.292-0300] {processor.py:826} INFO - Processing file /home/alan/repos/pipeline_airflow/pipeline-airflow-venv/lib/python3.11/site-packages/airflow/example_dags/example_latest_only_with_trigger.py for tasks to queue
[2023-08-15T18:31:41.293-0300] {logging_mixin.py:150} INFO - [2023-08-15T18:31:41.293-0300] {dagbag.py:541} INFO - Filling up the DagBag from /home/alan/repos/pipeline_airflow/pipeline-airflow-venv/lib/python3.11/site-packages/airflow/example_dags/example_latest_only_with_trigger.py
[2023-08-15T18:31:41.306-0300] {processor.py:836} INFO - DAG(s) dict_keys(['latest_only_with_trigger']) retrieved from /home/alan/repos/pipeline_airflow/pipeline-airflow-venv/lib/python3.11/site-packages/airflow/example_dags/example_latest_only_with_trigger.py
[2023-08-15T18:31:41.359-0300] {logging_mixin.py:150} INFO - [2023-08-15T18:31:41.359-0300] {dag.py:2742} INFO - Sync 1 DAGs
[2023-08-15T18:31:41.417-0300] {logging_mixin.py:150} INFO - [2023-08-15T18:31:41.417-0300] {dag.py:3504} INFO - Setting next_dagrun for latest_only_with_trigger to 2023-08-15T17:31:41.417008+00:00, run_after=2023-08-15T21:31:41.417008+00:00
[2023-08-15T18:31:41.548-0300] {processor.py:179} INFO - Processing /home/alan/repos/pipeline_airflow/pipeline-airflow-venv/lib/python3.11/site-packages/airflow/example_dags/example_latest_only_with_trigger.py took 0.278 seconds
[2023-08-15T18:32:36.879-0300] {processor.py:157} INFO - Started process (PID=22111) to work on /home/alan/repos/pipeline_airflow/pipeline-airflow-venv/lib/python3.11/site-packages/airflow/example_dags/example_latest_only_with_trigger.py
[2023-08-15T18:32:36.883-0300] {processor.py:826} INFO - Processing file /home/alan/repos/pipeline_airflow/pipeline-airflow-venv/lib/python3.11/site-packages/airflow/example_dags/example_latest_only_with_trigger.py for tasks to queue
[2023-08-15T18:32:36.885-0300] {logging_mixin.py:150} INFO - [2023-08-15T18:32:36.884-0300] {dagbag.py:541} INFO - Filling up the DagBag from /home/alan/repos/pipeline_airflow/pipeline-airflow-venv/lib/python3.11/site-packages/airflow/example_dags/example_latest_only_with_trigger.py
[2023-08-15T18:32:36.907-0300] {processor.py:836} INFO - DAG(s) dict_keys(['latest_only_with_trigger']) retrieved from /home/alan/repos/pipeline_airflow/pipeline-airflow-venv/lib/python3.11/site-packages/airflow/example_dags/example_latest_only_with_trigger.py
[2023-08-15T18:32:36.956-0300] {logging_mixin.py:150} INFO - [2023-08-15T18:32:36.956-0300] {dag.py:2742} INFO - Sync 1 DAGs
[2023-08-15T18:32:37.016-0300] {logging_mixin.py:150} INFO - [2023-08-15T18:32:37.016-0300] {dag.py:3504} INFO - Setting next_dagrun for latest_only_with_trigger to 2023-08-15T17:32:37.015622+00:00, run_after=2023-08-15T21:32:37.015622+00:00
[2023-08-15T18:32:37.180-0300] {processor.py:179} INFO - Processing /home/alan/repos/pipeline_airflow/pipeline-airflow-venv/lib/python3.11/site-packages/airflow/example_dags/example_latest_only_with_trigger.py took 0.314 seconds
[2023-08-15T18:33:34.811-0300] {processor.py:157} INFO - Started process (PID=22330) to work on /home/alan/repos/pipeline_airflow/pipeline-airflow-venv/lib/python3.11/site-packages/airflow/example_dags/example_latest_only_with_trigger.py
[2023-08-15T18:33:34.813-0300] {processor.py:826} INFO - Processing file /home/alan/repos/pipeline_airflow/pipeline-airflow-venv/lib/python3.11/site-packages/airflow/example_dags/example_latest_only_with_trigger.py for tasks to queue
[2023-08-15T18:33:34.814-0300] {logging_mixin.py:150} INFO - [2023-08-15T18:33:34.814-0300] {dagbag.py:541} INFO - Filling up the DagBag from /home/alan/repos/pipeline_airflow/pipeline-airflow-venv/lib/python3.11/site-packages/airflow/example_dags/example_latest_only_with_trigger.py
[2023-08-15T18:33:34.830-0300] {processor.py:836} INFO - DAG(s) dict_keys(['latest_only_with_trigger']) retrieved from /home/alan/repos/pipeline_airflow/pipeline-airflow-venv/lib/python3.11/site-packages/airflow/example_dags/example_latest_only_with_trigger.py
[2023-08-15T18:33:34.867-0300] {logging_mixin.py:150} INFO - [2023-08-15T18:33:34.867-0300] {dag.py:2742} INFO - Sync 1 DAGs
[2023-08-15T18:33:34.906-0300] {logging_mixin.py:150} INFO - [2023-08-15T18:33:34.905-0300] {dag.py:3504} INFO - Setting next_dagrun for latest_only_with_trigger to 2023-08-15T17:33:34.905337+00:00, run_after=2023-08-15T21:33:34.905337+00:00
[2023-08-15T18:33:35.030-0300] {processor.py:179} INFO - Processing /home/alan/repos/pipeline_airflow/pipeline-airflow-venv/lib/python3.11/site-packages/airflow/example_dags/example_latest_only_with_trigger.py took 0.226 seconds
[2023-08-15T18:34:30.441-0300] {processor.py:157} INFO - Started process (PID=22528) to work on /home/alan/repos/pipeline_airflow/pipeline-airflow-venv/lib/python3.11/site-packages/airflow/example_dags/example_latest_only_with_trigger.py
[2023-08-15T18:34:30.446-0300] {processor.py:826} INFO - Processing file /home/alan/repos/pipeline_airflow/pipeline-airflow-venv/lib/python3.11/site-packages/airflow/example_dags/example_latest_only_with_trigger.py for tasks to queue
[2023-08-15T18:34:30.448-0300] {logging_mixin.py:150} INFO - [2023-08-15T18:34:30.447-0300] {dagbag.py:541} INFO - Filling up the DagBag from /home/alan/repos/pipeline_airflow/pipeline-airflow-venv/lib/python3.11/site-packages/airflow/example_dags/example_latest_only_with_trigger.py
[2023-08-15T18:34:30.462-0300] {processor.py:836} INFO - DAG(s) dict_keys(['latest_only_with_trigger']) retrieved from /home/alan/repos/pipeline_airflow/pipeline-airflow-venv/lib/python3.11/site-packages/airflow/example_dags/example_latest_only_with_trigger.py
[2023-08-15T18:34:30.517-0300] {logging_mixin.py:150} INFO - [2023-08-15T18:34:30.517-0300] {dag.py:2742} INFO - Sync 1 DAGs
[2023-08-15T18:34:30.621-0300] {logging_mixin.py:150} INFO - [2023-08-15T18:34:30.621-0300] {dag.py:3504} INFO - Setting next_dagrun for latest_only_with_trigger to 2023-08-15T17:34:30.621126+00:00, run_after=2023-08-15T21:34:30.621126+00:00
[2023-08-15T18:34:30.793-0300] {processor.py:179} INFO - Processing /home/alan/repos/pipeline_airflow/pipeline-airflow-venv/lib/python3.11/site-packages/airflow/example_dags/example_latest_only_with_trigger.py took 0.364 seconds
[2023-08-15T18:35:24.768-0300] {processor.py:157} INFO - Started process (PID=22722) to work on /home/alan/repos/pipeline_airflow/pipeline-airflow-venv/lib/python3.11/site-packages/airflow/example_dags/example_latest_only_with_trigger.py
[2023-08-15T18:35:24.784-0300] {processor.py:826} INFO - Processing file /home/alan/repos/pipeline_airflow/pipeline-airflow-venv/lib/python3.11/site-packages/airflow/example_dags/example_latest_only_with_trigger.py for tasks to queue
[2023-08-15T18:35:24.785-0300] {logging_mixin.py:150} INFO - [2023-08-15T18:35:24.785-0300] {dagbag.py:541} INFO - Filling up the DagBag from /home/alan/repos/pipeline_airflow/pipeline-airflow-venv/lib/python3.11/site-packages/airflow/example_dags/example_latest_only_with_trigger.py
[2023-08-15T18:35:24.798-0300] {processor.py:836} INFO - DAG(s) dict_keys(['latest_only_with_trigger']) retrieved from /home/alan/repos/pipeline_airflow/pipeline-airflow-venv/lib/python3.11/site-packages/airflow/example_dags/example_latest_only_with_trigger.py
[2023-08-15T18:35:24.832-0300] {logging_mixin.py:150} INFO - [2023-08-15T18:35:24.832-0300] {dag.py:2742} INFO - Sync 1 DAGs
[2023-08-15T18:35:24.874-0300] {logging_mixin.py:150} INFO - [2023-08-15T18:35:24.874-0300] {dag.py:3504} INFO - Setting next_dagrun for latest_only_with_trigger to 2023-08-15T17:35:24.873993+00:00, run_after=2023-08-15T21:35:24.873993+00:00
[2023-08-15T18:35:24.985-0300] {processor.py:179} INFO - Processing /home/alan/repos/pipeline_airflow/pipeline-airflow-venv/lib/python3.11/site-packages/airflow/example_dags/example_latest_only_with_trigger.py took 0.223 seconds
[2023-08-15T18:36:21.393-0300] {processor.py:157} INFO - Started process (PID=22922) to work on /home/alan/repos/pipeline_airflow/pipeline-airflow-venv/lib/python3.11/site-packages/airflow/example_dags/example_latest_only_with_trigger.py
[2023-08-15T18:36:21.409-0300] {processor.py:826} INFO - Processing file /home/alan/repos/pipeline_airflow/pipeline-airflow-venv/lib/python3.11/site-packages/airflow/example_dags/example_latest_only_with_trigger.py for tasks to queue
[2023-08-15T18:36:21.411-0300] {logging_mixin.py:150} INFO - [2023-08-15T18:36:21.411-0300] {dagbag.py:541} INFO - Filling up the DagBag from /home/alan/repos/pipeline_airflow/pipeline-airflow-venv/lib/python3.11/site-packages/airflow/example_dags/example_latest_only_with_trigger.py
[2023-08-15T18:36:21.425-0300] {processor.py:836} INFO - DAG(s) dict_keys(['latest_only_with_trigger']) retrieved from /home/alan/repos/pipeline_airflow/pipeline-airflow-venv/lib/python3.11/site-packages/airflow/example_dags/example_latest_only_with_trigger.py
[2023-08-15T18:36:21.464-0300] {logging_mixin.py:150} INFO - [2023-08-15T18:36:21.464-0300] {dag.py:2742} INFO - Sync 1 DAGs
[2023-08-15T18:36:21.521-0300] {logging_mixin.py:150} INFO - [2023-08-15T18:36:21.520-0300] {dag.py:3504} INFO - Setting next_dagrun for latest_only_with_trigger to 2023-08-15T17:36:21.520555+00:00, run_after=2023-08-15T21:36:21.520555+00:00
[2023-08-15T18:36:21.641-0300] {processor.py:179} INFO - Processing /home/alan/repos/pipeline_airflow/pipeline-airflow-venv/lib/python3.11/site-packages/airflow/example_dags/example_latest_only_with_trigger.py took 0.254 seconds
[2023-08-15T18:37:32.580-0300] {processor.py:157} INFO - Started process (PID=23228) to work on /home/alan/repos/pipeline_airflow/pipeline-airflow-venv/lib/python3.11/site-packages/airflow/example_dags/example_latest_only_with_trigger.py
[2023-08-15T18:37:32.604-0300] {processor.py:826} INFO - Processing file /home/alan/repos/pipeline_airflow/pipeline-airflow-venv/lib/python3.11/site-packages/airflow/example_dags/example_latest_only_with_trigger.py for tasks to queue
[2023-08-15T18:37:32.611-0300] {logging_mixin.py:150} INFO - [2023-08-15T18:37:32.607-0300] {dagbag.py:541} INFO - Filling up the DagBag from /home/alan/repos/pipeline_airflow/pipeline-airflow-venv/lib/python3.11/site-packages/airflow/example_dags/example_latest_only_with_trigger.py
[2023-08-15T18:37:32.630-0300] {processor.py:836} INFO - DAG(s) dict_keys(['latest_only_with_trigger']) retrieved from /home/alan/repos/pipeline_airflow/pipeline-airflow-venv/lib/python3.11/site-packages/airflow/example_dags/example_latest_only_with_trigger.py
[2023-08-15T18:37:32.738-0300] {logging_mixin.py:150} INFO - [2023-08-15T18:37:32.737-0300] {dag.py:2742} INFO - Sync 1 DAGs
[2023-08-15T18:37:32.886-0300] {logging_mixin.py:150} INFO - [2023-08-15T18:37:32.885-0300] {dag.py:3504} INFO - Setting next_dagrun for latest_only_with_trigger to 2023-08-15T17:37:32.885530+00:00, run_after=2023-08-15T21:37:32.885530+00:00
[2023-08-15T18:37:33.051-0300] {processor.py:179} INFO - Processing /home/alan/repos/pipeline_airflow/pipeline-airflow-venv/lib/python3.11/site-packages/airflow/example_dags/example_latest_only_with_trigger.py took 0.476 seconds
[2023-08-15T18:44:47.703-0300] {processor.py:157} INFO - Started process (PID=23889) to work on /home/alan/repos/pipeline_airflow/pipeline-airflow-venv/lib/python3.11/site-packages/airflow/example_dags/example_latest_only_with_trigger.py
[2023-08-15T18:44:47.726-0300] {processor.py:826} INFO - Processing file /home/alan/repos/pipeline_airflow/pipeline-airflow-venv/lib/python3.11/site-packages/airflow/example_dags/example_latest_only_with_trigger.py for tasks to queue
[2023-08-15T18:44:47.727-0300] {logging_mixin.py:150} INFO - [2023-08-15T18:44:47.727-0300] {dagbag.py:541} INFO - Filling up the DagBag from /home/alan/repos/pipeline_airflow/pipeline-airflow-venv/lib/python3.11/site-packages/airflow/example_dags/example_latest_only_with_trigger.py
[2023-08-15T18:44:47.747-0300] {processor.py:836} INFO - DAG(s) dict_keys(['latest_only_with_trigger']) retrieved from /home/alan/repos/pipeline_airflow/pipeline-airflow-venv/lib/python3.11/site-packages/airflow/example_dags/example_latest_only_with_trigger.py
[2023-08-15T18:44:47.876-0300] {logging_mixin.py:150} INFO - [2023-08-15T18:44:47.876-0300] {dag.py:2742} INFO - Sync 1 DAGs
[2023-08-15T18:44:48.006-0300] {logging_mixin.py:150} INFO - [2023-08-15T18:44:48.005-0300] {dag.py:3504} INFO - Setting next_dagrun for latest_only_with_trigger to 2023-08-15T17:44:48.003703+00:00, run_after=2023-08-15T21:44:48.003703+00:00
[2023-08-15T18:44:48.381-0300] {processor.py:179} INFO - Processing /home/alan/repos/pipeline_airflow/pipeline-airflow-venv/lib/python3.11/site-packages/airflow/example_dags/example_latest_only_with_trigger.py took 0.691 seconds
[2023-08-15T18:46:08.846-0300] {processor.py:157} INFO - Started process (PID=24226) to work on /home/alan/repos/pipeline_airflow/pipeline-airflow-venv/lib/python3.11/site-packages/airflow/example_dags/example_latest_only_with_trigger.py
[2023-08-15T18:46:08.865-0300] {processor.py:826} INFO - Processing file /home/alan/repos/pipeline_airflow/pipeline-airflow-venv/lib/python3.11/site-packages/airflow/example_dags/example_latest_only_with_trigger.py for tasks to queue
[2023-08-15T18:46:08.868-0300] {logging_mixin.py:150} INFO - [2023-08-15T18:46:08.867-0300] {dagbag.py:541} INFO - Filling up the DagBag from /home/alan/repos/pipeline_airflow/pipeline-airflow-venv/lib/python3.11/site-packages/airflow/example_dags/example_latest_only_with_trigger.py
[2023-08-15T18:46:08.881-0300] {processor.py:836} INFO - DAG(s) dict_keys(['latest_only_with_trigger']) retrieved from /home/alan/repos/pipeline_airflow/pipeline-airflow-venv/lib/python3.11/site-packages/airflow/example_dags/example_latest_only_with_trigger.py
[2023-08-15T18:46:08.914-0300] {logging_mixin.py:150} INFO - [2023-08-15T18:46:08.914-0300] {dag.py:2742} INFO - Sync 1 DAGs
[2023-08-15T18:46:08.952-0300] {logging_mixin.py:150} INFO - [2023-08-15T18:46:08.952-0300] {dag.py:3504} INFO - Setting next_dagrun for latest_only_with_trigger to 2023-08-15T17:46:08.952140+00:00, run_after=2023-08-15T21:46:08.952140+00:00
[2023-08-15T18:46:09.085-0300] {processor.py:179} INFO - Processing /home/alan/repos/pipeline_airflow/pipeline-airflow-venv/lib/python3.11/site-packages/airflow/example_dags/example_latest_only_with_trigger.py took 0.244 seconds
[2023-08-15T18:47:11.489-0300] {processor.py:157} INFO - Started process (PID=24450) to work on /home/alan/repos/pipeline_airflow/pipeline-airflow-venv/lib/python3.11/site-packages/airflow/example_dags/example_latest_only_with_trigger.py
[2023-08-15T18:47:11.499-0300] {processor.py:826} INFO - Processing file /home/alan/repos/pipeline_airflow/pipeline-airflow-venv/lib/python3.11/site-packages/airflow/example_dags/example_latest_only_with_trigger.py for tasks to queue
[2023-08-15T18:47:11.500-0300] {logging_mixin.py:150} INFO - [2023-08-15T18:47:11.500-0300] {dagbag.py:541} INFO - Filling up the DagBag from /home/alan/repos/pipeline_airflow/pipeline-airflow-venv/lib/python3.11/site-packages/airflow/example_dags/example_latest_only_with_trigger.py
[2023-08-15T18:47:11.526-0300] {processor.py:836} INFO - DAG(s) dict_keys(['latest_only_with_trigger']) retrieved from /home/alan/repos/pipeline_airflow/pipeline-airflow-venv/lib/python3.11/site-packages/airflow/example_dags/example_latest_only_with_trigger.py
[2023-08-15T18:47:11.565-0300] {logging_mixin.py:150} INFO - [2023-08-15T18:47:11.565-0300] {dag.py:2742} INFO - Sync 1 DAGs
[2023-08-15T18:47:11.613-0300] {logging_mixin.py:150} INFO - [2023-08-15T18:47:11.612-0300] {dag.py:3504} INFO - Setting next_dagrun for latest_only_with_trigger to 2023-08-15T17:47:11.612420+00:00, run_after=2023-08-15T21:47:11.612420+00:00
[2023-08-15T18:47:11.739-0300] {processor.py:179} INFO - Processing /home/alan/repos/pipeline_airflow/pipeline-airflow-venv/lib/python3.11/site-packages/airflow/example_dags/example_latest_only_with_trigger.py took 0.257 seconds
[2023-08-15T18:48:16.717-0300] {processor.py:157} INFO - Started process (PID=24675) to work on /home/alan/repos/pipeline_airflow/pipeline-airflow-venv/lib/python3.11/site-packages/airflow/example_dags/example_latest_only_with_trigger.py
[2023-08-15T18:48:16.734-0300] {processor.py:826} INFO - Processing file /home/alan/repos/pipeline_airflow/pipeline-airflow-venv/lib/python3.11/site-packages/airflow/example_dags/example_latest_only_with_trigger.py for tasks to queue
[2023-08-15T18:48:16.735-0300] {logging_mixin.py:150} INFO - [2023-08-15T18:48:16.735-0300] {dagbag.py:541} INFO - Filling up the DagBag from /home/alan/repos/pipeline_airflow/pipeline-airflow-venv/lib/python3.11/site-packages/airflow/example_dags/example_latest_only_with_trigger.py
[2023-08-15T18:48:16.750-0300] {processor.py:836} INFO - DAG(s) dict_keys(['latest_only_with_trigger']) retrieved from /home/alan/repos/pipeline_airflow/pipeline-airflow-venv/lib/python3.11/site-packages/airflow/example_dags/example_latest_only_with_trigger.py
[2023-08-15T18:48:16.784-0300] {logging_mixin.py:150} INFO - [2023-08-15T18:48:16.784-0300] {dag.py:2742} INFO - Sync 1 DAGs
[2023-08-15T18:48:16.980-0300] {logging_mixin.py:150} INFO - [2023-08-15T18:48:16.980-0300] {dag.py:3504} INFO - Setting next_dagrun for latest_only_with_trigger to 2023-08-15T17:48:16.979744+00:00, run_after=2023-08-15T21:48:16.979744+00:00
[2023-08-15T18:48:17.092-0300] {processor.py:179} INFO - Processing /home/alan/repos/pipeline_airflow/pipeline-airflow-venv/lib/python3.11/site-packages/airflow/example_dags/example_latest_only_with_trigger.py took 0.381 seconds
[2023-08-15T18:49:25.240-0300] {processor.py:157} INFO - Started process (PID=24901) to work on /home/alan/repos/pipeline_airflow/pipeline-airflow-venv/lib/python3.11/site-packages/airflow/example_dags/example_latest_only_with_trigger.py
[2023-08-15T18:49:25.242-0300] {processor.py:826} INFO - Processing file /home/alan/repos/pipeline_airflow/pipeline-airflow-venv/lib/python3.11/site-packages/airflow/example_dags/example_latest_only_with_trigger.py for tasks to queue
[2023-08-15T18:49:25.244-0300] {logging_mixin.py:150} INFO - [2023-08-15T18:49:25.243-0300] {dagbag.py:541} INFO - Filling up the DagBag from /home/alan/repos/pipeline_airflow/pipeline-airflow-venv/lib/python3.11/site-packages/airflow/example_dags/example_latest_only_with_trigger.py
[2023-08-15T18:49:25.260-0300] {processor.py:836} INFO - DAG(s) dict_keys(['latest_only_with_trigger']) retrieved from /home/alan/repos/pipeline_airflow/pipeline-airflow-venv/lib/python3.11/site-packages/airflow/example_dags/example_latest_only_with_trigger.py
[2023-08-15T18:49:25.292-0300] {logging_mixin.py:150} INFO - [2023-08-15T18:49:25.292-0300] {dag.py:2742} INFO - Sync 1 DAGs
[2023-08-15T18:49:25.329-0300] {logging_mixin.py:150} INFO - [2023-08-15T18:49:25.329-0300] {dag.py:3504} INFO - Setting next_dagrun for latest_only_with_trigger to 2023-08-15T17:49:25.329098+00:00, run_after=2023-08-15T21:49:25.329098+00:00
[2023-08-15T18:49:25.452-0300] {processor.py:179} INFO - Processing /home/alan/repos/pipeline_airflow/pipeline-airflow-venv/lib/python3.11/site-packages/airflow/example_dags/example_latest_only_with_trigger.py took 0.219 seconds
[2023-08-15T18:50:23.932-0300] {processor.py:157} INFO - Started process (PID=25111) to work on /home/alan/repos/pipeline_airflow/pipeline-airflow-venv/lib/python3.11/site-packages/airflow/example_dags/example_latest_only_with_trigger.py
[2023-08-15T18:50:23.933-0300] {processor.py:826} INFO - Processing file /home/alan/repos/pipeline_airflow/pipeline-airflow-venv/lib/python3.11/site-packages/airflow/example_dags/example_latest_only_with_trigger.py for tasks to queue
[2023-08-15T18:50:23.935-0300] {logging_mixin.py:150} INFO - [2023-08-15T18:50:23.934-0300] {dagbag.py:541} INFO - Filling up the DagBag from /home/alan/repos/pipeline_airflow/pipeline-airflow-venv/lib/python3.11/site-packages/airflow/example_dags/example_latest_only_with_trigger.py
[2023-08-15T18:50:23.946-0300] {processor.py:836} INFO - DAG(s) dict_keys(['latest_only_with_trigger']) retrieved from /home/alan/repos/pipeline_airflow/pipeline-airflow-venv/lib/python3.11/site-packages/airflow/example_dags/example_latest_only_with_trigger.py
[2023-08-15T18:50:23.977-0300] {logging_mixin.py:150} INFO - [2023-08-15T18:50:23.977-0300] {dag.py:2742} INFO - Sync 1 DAGs
[2023-08-15T18:50:24.014-0300] {logging_mixin.py:150} INFO - [2023-08-15T18:50:24.013-0300] {dag.py:3504} INFO - Setting next_dagrun for latest_only_with_trigger to 2023-08-15T17:50:24.013458+00:00, run_after=2023-08-15T21:50:24.013458+00:00
[2023-08-15T18:50:24.144-0300] {processor.py:179} INFO - Processing /home/alan/repos/pipeline_airflow/pipeline-airflow-venv/lib/python3.11/site-packages/airflow/example_dags/example_latest_only_with_trigger.py took 0.217 seconds
[2023-08-15T18:51:32.834-0300] {processor.py:157} INFO - Started process (PID=25403) to work on /home/alan/repos/pipeline_airflow/pipeline-airflow-venv/lib/python3.11/site-packages/airflow/example_dags/example_latest_only_with_trigger.py
[2023-08-15T18:51:32.835-0300] {processor.py:826} INFO - Processing file /home/alan/repos/pipeline_airflow/pipeline-airflow-venv/lib/python3.11/site-packages/airflow/example_dags/example_latest_only_with_trigger.py for tasks to queue
[2023-08-15T18:51:32.837-0300] {logging_mixin.py:150} INFO - [2023-08-15T18:51:32.836-0300] {dagbag.py:541} INFO - Filling up the DagBag from /home/alan/repos/pipeline_airflow/pipeline-airflow-venv/lib/python3.11/site-packages/airflow/example_dags/example_latest_only_with_trigger.py
[2023-08-15T18:51:32.850-0300] {processor.py:836} INFO - DAG(s) dict_keys(['latest_only_with_trigger']) retrieved from /home/alan/repos/pipeline_airflow/pipeline-airflow-venv/lib/python3.11/site-packages/airflow/example_dags/example_latest_only_with_trigger.py
[2023-08-15T18:51:32.882-0300] {logging_mixin.py:150} INFO - [2023-08-15T18:51:32.882-0300] {dag.py:2742} INFO - Sync 1 DAGs
[2023-08-15T18:51:32.919-0300] {logging_mixin.py:150} INFO - [2023-08-15T18:51:32.918-0300] {dag.py:3504} INFO - Setting next_dagrun for latest_only_with_trigger to 2023-08-15T17:51:32.918567+00:00, run_after=2023-08-15T21:51:32.918567+00:00
[2023-08-15T18:51:33.072-0300] {processor.py:179} INFO - Processing /home/alan/repos/pipeline_airflow/pipeline-airflow-venv/lib/python3.11/site-packages/airflow/example_dags/example_latest_only_with_trigger.py took 0.245 seconds
[2023-08-15T18:52:47.069-0300] {processor.py:157} INFO - Started process (PID=25796) to work on /home/alan/repos/pipeline_airflow/pipeline-airflow-venv/lib/python3.11/site-packages/airflow/example_dags/example_latest_only_with_trigger.py
[2023-08-15T18:52:47.070-0300] {processor.py:826} INFO - Processing file /home/alan/repos/pipeline_airflow/pipeline-airflow-venv/lib/python3.11/site-packages/airflow/example_dags/example_latest_only_with_trigger.py for tasks to queue
[2023-08-15T18:52:47.072-0300] {logging_mixin.py:150} INFO - [2023-08-15T18:52:47.071-0300] {dagbag.py:541} INFO - Filling up the DagBag from /home/alan/repos/pipeline_airflow/pipeline-airflow-venv/lib/python3.11/site-packages/airflow/example_dags/example_latest_only_with_trigger.py
[2023-08-15T18:52:47.084-0300] {processor.py:836} INFO - DAG(s) dict_keys(['latest_only_with_trigger']) retrieved from /home/alan/repos/pipeline_airflow/pipeline-airflow-venv/lib/python3.11/site-packages/airflow/example_dags/example_latest_only_with_trigger.py
[2023-08-15T18:52:47.115-0300] {logging_mixin.py:150} INFO - [2023-08-15T18:52:47.115-0300] {dag.py:2742} INFO - Sync 1 DAGs
[2023-08-15T18:52:47.155-0300] {logging_mixin.py:150} INFO - [2023-08-15T18:52:47.154-0300] {dag.py:3504} INFO - Setting next_dagrun for latest_only_with_trigger to 2023-08-15T17:52:47.154369+00:00, run_after=2023-08-15T21:52:47.154369+00:00
[2023-08-15T18:52:47.330-0300] {processor.py:179} INFO - Processing /home/alan/repos/pipeline_airflow/pipeline-airflow-venv/lib/python3.11/site-packages/airflow/example_dags/example_latest_only_with_trigger.py took 0.266 seconds
[2023-08-15T18:53:44.556-0300] {processor.py:157} INFO - Started process (PID=26009) to work on /home/alan/repos/pipeline_airflow/pipeline-airflow-venv/lib/python3.11/site-packages/airflow/example_dags/example_latest_only_with_trigger.py
[2023-08-15T18:53:44.558-0300] {processor.py:826} INFO - Processing file /home/alan/repos/pipeline_airflow/pipeline-airflow-venv/lib/python3.11/site-packages/airflow/example_dags/example_latest_only_with_trigger.py for tasks to queue
[2023-08-15T18:53:44.559-0300] {logging_mixin.py:150} INFO - [2023-08-15T18:53:44.559-0300] {dagbag.py:541} INFO - Filling up the DagBag from /home/alan/repos/pipeline_airflow/pipeline-airflow-venv/lib/python3.11/site-packages/airflow/example_dags/example_latest_only_with_trigger.py
[2023-08-15T18:53:44.570-0300] {processor.py:836} INFO - DAG(s) dict_keys(['latest_only_with_trigger']) retrieved from /home/alan/repos/pipeline_airflow/pipeline-airflow-venv/lib/python3.11/site-packages/airflow/example_dags/example_latest_only_with_trigger.py
[2023-08-15T18:53:44.599-0300] {logging_mixin.py:150} INFO - [2023-08-15T18:53:44.599-0300] {dag.py:2742} INFO - Sync 1 DAGs
[2023-08-15T18:53:44.636-0300] {logging_mixin.py:150} INFO - [2023-08-15T18:53:44.636-0300] {dag.py:3504} INFO - Setting next_dagrun for latest_only_with_trigger to 2023-08-15T17:53:44.635709+00:00, run_after=2023-08-15T21:53:44.635709+00:00
[2023-08-15T18:53:44.764-0300] {processor.py:179} INFO - Processing /home/alan/repos/pipeline_airflow/pipeline-airflow-venv/lib/python3.11/site-packages/airflow/example_dags/example_latest_only_with_trigger.py took 0.213 seconds
[2023-08-15T18:54:45.399-0300] {processor.py:157} INFO - Started process (PID=26289) to work on /home/alan/repos/pipeline_airflow/pipeline-airflow-venv/lib/python3.11/site-packages/airflow/example_dags/example_latest_only_with_trigger.py
[2023-08-15T18:54:45.415-0300] {processor.py:826} INFO - Processing file /home/alan/repos/pipeline_airflow/pipeline-airflow-venv/lib/python3.11/site-packages/airflow/example_dags/example_latest_only_with_trigger.py for tasks to queue
[2023-08-15T18:54:45.417-0300] {logging_mixin.py:150} INFO - [2023-08-15T18:54:45.416-0300] {dagbag.py:541} INFO - Filling up the DagBag from /home/alan/repos/pipeline_airflow/pipeline-airflow-venv/lib/python3.11/site-packages/airflow/example_dags/example_latest_only_with_trigger.py
[2023-08-15T18:54:45.428-0300] {processor.py:836} INFO - DAG(s) dict_keys(['latest_only_with_trigger']) retrieved from /home/alan/repos/pipeline_airflow/pipeline-airflow-venv/lib/python3.11/site-packages/airflow/example_dags/example_latest_only_with_trigger.py
[2023-08-15T18:54:45.460-0300] {logging_mixin.py:150} INFO - [2023-08-15T18:54:45.460-0300] {dag.py:2742} INFO - Sync 1 DAGs
[2023-08-15T18:54:45.505-0300] {logging_mixin.py:150} INFO - [2023-08-15T18:54:45.504-0300] {dag.py:3504} INFO - Setting next_dagrun for latest_only_with_trigger to 2023-08-15T17:54:45.504302+00:00, run_after=2023-08-15T21:54:45.504302+00:00
[2023-08-15T18:54:45.767-0300] {processor.py:179} INFO - Processing /home/alan/repos/pipeline_airflow/pipeline-airflow-venv/lib/python3.11/site-packages/airflow/example_dags/example_latest_only_with_trigger.py took 0.373 seconds
[2023-08-15T18:59:49.472-0300] {processor.py:157} INFO - Started process (PID=27269) to work on /home/alan/repos/pipeline_airflow/pipeline-airflow-venv/lib/python3.11/site-packages/airflow/example_dags/example_latest_only_with_trigger.py
[2023-08-15T18:59:49.617-0300] {processor.py:826} INFO - Processing file /home/alan/repos/pipeline_airflow/pipeline-airflow-venv/lib/python3.11/site-packages/airflow/example_dags/example_latest_only_with_trigger.py for tasks to queue
[2023-08-15T18:59:49.620-0300] {logging_mixin.py:150} INFO - [2023-08-15T18:59:49.619-0300] {dagbag.py:541} INFO - Filling up the DagBag from /home/alan/repos/pipeline_airflow/pipeline-airflow-venv/lib/python3.11/site-packages/airflow/example_dags/example_latest_only_with_trigger.py
[2023-08-15T18:59:49.774-0300] {processor.py:836} INFO - DAG(s) dict_keys(['latest_only_with_trigger']) retrieved from /home/alan/repos/pipeline_airflow/pipeline-airflow-venv/lib/python3.11/site-packages/airflow/example_dags/example_latest_only_with_trigger.py
[2023-08-15T18:59:50.320-0300] {logging_mixin.py:150} INFO - [2023-08-15T18:59:50.320-0300] {dag.py:2742} INFO - Sync 1 DAGs
[2023-08-15T18:59:52.343-0300] {logging_mixin.py:150} INFO - [2023-08-15T18:59:52.342-0300] {dag.py:3504} INFO - Setting next_dagrun for latest_only_with_trigger to 2023-08-15T17:59:51.177902+00:00, run_after=2023-08-15T21:59:51.177902+00:00
[2023-08-15T18:59:54.992-0300] {processor.py:179} INFO - Processing /home/alan/repos/pipeline_airflow/pipeline-airflow-venv/lib/python3.11/site-packages/airflow/example_dags/example_latest_only_with_trigger.py took 5.526 seconds
[2023-08-15T19:02:01.091-0300] {processor.py:157} INFO - Started process (PID=27657) to work on /home/alan/repos/pipeline_airflow/pipeline-airflow-venv/lib/python3.11/site-packages/airflow/example_dags/example_latest_only_with_trigger.py
[2023-08-15T19:02:01.146-0300] {processor.py:826} INFO - Processing file /home/alan/repos/pipeline_airflow/pipeline-airflow-venv/lib/python3.11/site-packages/airflow/example_dags/example_latest_only_with_trigger.py for tasks to queue
[2023-08-15T19:02:01.148-0300] {logging_mixin.py:150} INFO - [2023-08-15T19:02:01.147-0300] {dagbag.py:541} INFO - Filling up the DagBag from /home/alan/repos/pipeline_airflow/pipeline-airflow-venv/lib/python3.11/site-packages/airflow/example_dags/example_latest_only_with_trigger.py
[2023-08-15T19:02:01.194-0300] {processor.py:836} INFO - DAG(s) dict_keys(['latest_only_with_trigger']) retrieved from /home/alan/repos/pipeline_airflow/pipeline-airflow-venv/lib/python3.11/site-packages/airflow/example_dags/example_latest_only_with_trigger.py
[2023-08-15T19:02:01.560-0300] {logging_mixin.py:150} INFO - [2023-08-15T19:02:01.559-0300] {dag.py:2742} INFO - Sync 1 DAGs
[2023-08-15T19:02:01.611-0300] {logging_mixin.py:150} INFO - [2023-08-15T19:02:01.610-0300] {dag.py:3504} INFO - Setting next_dagrun for latest_only_with_trigger to 2023-08-15T18:02:01.610465+00:00, run_after=2023-08-15T22:02:01.610465+00:00
[2023-08-15T19:02:01.990-0300] {processor.py:179} INFO - Processing /home/alan/repos/pipeline_airflow/pipeline-airflow-venv/lib/python3.11/site-packages/airflow/example_dags/example_latest_only_with_trigger.py took 0.904 seconds
[2023-08-15T19:04:27.347-0300] {processor.py:157} INFO - Started process (PID=28302) to work on /home/alan/repos/pipeline_airflow/pipeline-airflow-venv/lib/python3.11/site-packages/airflow/example_dags/example_latest_only_with_trigger.py
[2023-08-15T19:04:27.351-0300] {processor.py:826} INFO - Processing file /home/alan/repos/pipeline_airflow/pipeline-airflow-venv/lib/python3.11/site-packages/airflow/example_dags/example_latest_only_with_trigger.py for tasks to queue
[2023-08-15T19:04:27.352-0300] {logging_mixin.py:150} INFO - [2023-08-15T19:04:27.352-0300] {dagbag.py:541} INFO - Filling up the DagBag from /home/alan/repos/pipeline_airflow/pipeline-airflow-venv/lib/python3.11/site-packages/airflow/example_dags/example_latest_only_with_trigger.py
[2023-08-15T19:04:27.368-0300] {processor.py:836} INFO - DAG(s) dict_keys(['latest_only_with_trigger']) retrieved from /home/alan/repos/pipeline_airflow/pipeline-airflow-venv/lib/python3.11/site-packages/airflow/example_dags/example_latest_only_with_trigger.py
[2023-08-15T19:04:27.405-0300] {logging_mixin.py:150} INFO - [2023-08-15T19:04:27.405-0300] {dag.py:2742} INFO - Sync 1 DAGs
[2023-08-15T19:04:27.444-0300] {logging_mixin.py:150} INFO - [2023-08-15T19:04:27.444-0300] {dag.py:3504} INFO - Setting next_dagrun for latest_only_with_trigger to 2023-08-15T18:04:27.443693+00:00, run_after=2023-08-15T22:04:27.443693+00:00
[2023-08-15T19:04:27.560-0300] {processor.py:179} INFO - Processing /home/alan/repos/pipeline_airflow/pipeline-airflow-venv/lib/python3.11/site-packages/airflow/example_dags/example_latest_only_with_trigger.py took 0.217 seconds
[2023-08-15T19:05:50.233-0300] {processor.py:157} INFO - Started process (PID=28685) to work on /home/alan/repos/pipeline_airflow/pipeline-airflow-venv/lib/python3.11/site-packages/airflow/example_dags/example_latest_only_with_trigger.py
[2023-08-15T19:05:50.235-0300] {processor.py:826} INFO - Processing file /home/alan/repos/pipeline_airflow/pipeline-airflow-venv/lib/python3.11/site-packages/airflow/example_dags/example_latest_only_with_trigger.py for tasks to queue
[2023-08-15T19:05:50.236-0300] {logging_mixin.py:150} INFO - [2023-08-15T19:05:50.236-0300] {dagbag.py:541} INFO - Filling up the DagBag from /home/alan/repos/pipeline_airflow/pipeline-airflow-venv/lib/python3.11/site-packages/airflow/example_dags/example_latest_only_with_trigger.py
[2023-08-15T19:05:50.250-0300] {processor.py:836} INFO - DAG(s) dict_keys(['latest_only_with_trigger']) retrieved from /home/alan/repos/pipeline_airflow/pipeline-airflow-venv/lib/python3.11/site-packages/airflow/example_dags/example_latest_only_with_trigger.py
[2023-08-15T19:05:50.282-0300] {logging_mixin.py:150} INFO - [2023-08-15T19:05:50.282-0300] {dag.py:2742} INFO - Sync 1 DAGs
[2023-08-15T19:05:50.321-0300] {logging_mixin.py:150} INFO - [2023-08-15T19:05:50.320-0300] {dag.py:3504} INFO - Setting next_dagrun for latest_only_with_trigger to 2023-08-15T18:05:50.320600+00:00, run_after=2023-08-15T22:05:50.320600+00:00
[2023-08-15T19:05:50.456-0300] {processor.py:179} INFO - Processing /home/alan/repos/pipeline_airflow/pipeline-airflow-venv/lib/python3.11/site-packages/airflow/example_dags/example_latest_only_with_trigger.py took 0.231 seconds
[2023-08-15T19:06:52.330-0300] {processor.py:157} INFO - Started process (PID=28843) to work on /home/alan/repos/pipeline_airflow/pipeline-airflow-venv/lib/python3.11/site-packages/airflow/example_dags/example_latest_only_with_trigger.py
[2023-08-15T19:06:52.331-0300] {processor.py:826} INFO - Processing file /home/alan/repos/pipeline_airflow/pipeline-airflow-venv/lib/python3.11/site-packages/airflow/example_dags/example_latest_only_with_trigger.py for tasks to queue
[2023-08-15T19:06:52.333-0300] {logging_mixin.py:150} INFO - [2023-08-15T19:06:52.332-0300] {dagbag.py:541} INFO - Filling up the DagBag from /home/alan/repos/pipeline_airflow/pipeline-airflow-venv/lib/python3.11/site-packages/airflow/example_dags/example_latest_only_with_trigger.py
[2023-08-15T19:06:52.347-0300] {processor.py:836} INFO - DAG(s) dict_keys(['latest_only_with_trigger']) retrieved from /home/alan/repos/pipeline_airflow/pipeline-airflow-venv/lib/python3.11/site-packages/airflow/example_dags/example_latest_only_with_trigger.py
[2023-08-15T19:06:52.378-0300] {logging_mixin.py:150} INFO - [2023-08-15T19:06:52.377-0300] {dag.py:2742} INFO - Sync 1 DAGs
[2023-08-15T19:06:52.412-0300] {logging_mixin.py:150} INFO - [2023-08-15T19:06:52.412-0300] {dag.py:3504} INFO - Setting next_dagrun for latest_only_with_trigger to 2023-08-15T18:06:52.412308+00:00, run_after=2023-08-15T22:06:52.412308+00:00
[2023-08-15T19:06:52.536-0300] {processor.py:179} INFO - Processing /home/alan/repos/pipeline_airflow/pipeline-airflow-venv/lib/python3.11/site-packages/airflow/example_dags/example_latest_only_with_trigger.py took 0.213 seconds
[2023-08-15T19:07:56.185-0300] {processor.py:157} INFO - Started process (PID=29118) to work on /home/alan/repos/pipeline_airflow/pipeline-airflow-venv/lib/python3.11/site-packages/airflow/example_dags/example_latest_only_with_trigger.py
[2023-08-15T19:07:56.186-0300] {processor.py:826} INFO - Processing file /home/alan/repos/pipeline_airflow/pipeline-airflow-venv/lib/python3.11/site-packages/airflow/example_dags/example_latest_only_with_trigger.py for tasks to queue
[2023-08-15T19:07:56.188-0300] {logging_mixin.py:150} INFO - [2023-08-15T19:07:56.187-0300] {dagbag.py:541} INFO - Filling up the DagBag from /home/alan/repos/pipeline_airflow/pipeline-airflow-venv/lib/python3.11/site-packages/airflow/example_dags/example_latest_only_with_trigger.py
[2023-08-15T19:07:56.201-0300] {processor.py:836} INFO - DAG(s) dict_keys(['latest_only_with_trigger']) retrieved from /home/alan/repos/pipeline_airflow/pipeline-airflow-venv/lib/python3.11/site-packages/airflow/example_dags/example_latest_only_with_trigger.py
[2023-08-15T19:07:56.230-0300] {logging_mixin.py:150} INFO - [2023-08-15T19:07:56.230-0300] {dag.py:2742} INFO - Sync 1 DAGs
[2023-08-15T19:07:56.265-0300] {logging_mixin.py:150} INFO - [2023-08-15T19:07:56.264-0300] {dag.py:3504} INFO - Setting next_dagrun for latest_only_with_trigger to 2023-08-15T18:07:56.264550+00:00, run_after=2023-08-15T22:07:56.264550+00:00
[2023-08-15T19:07:56.425-0300] {processor.py:179} INFO - Processing /home/alan/repos/pipeline_airflow/pipeline-airflow-venv/lib/python3.11/site-packages/airflow/example_dags/example_latest_only_with_trigger.py took 0.246 seconds
[2023-08-15T19:09:02.173-0300] {processor.py:157} INFO - Started process (PID=29285) to work on /home/alan/repos/pipeline_airflow/pipeline-airflow-venv/lib/python3.11/site-packages/airflow/example_dags/example_latest_only_with_trigger.py
[2023-08-15T19:09:02.175-0300] {processor.py:826} INFO - Processing file /home/alan/repos/pipeline_airflow/pipeline-airflow-venv/lib/python3.11/site-packages/airflow/example_dags/example_latest_only_with_trigger.py for tasks to queue
[2023-08-15T19:09:02.177-0300] {logging_mixin.py:150} INFO - [2023-08-15T19:09:02.176-0300] {dagbag.py:541} INFO - Filling up the DagBag from /home/alan/repos/pipeline_airflow/pipeline-airflow-venv/lib/python3.11/site-packages/airflow/example_dags/example_latest_only_with_trigger.py
[2023-08-15T19:09:02.190-0300] {processor.py:836} INFO - DAG(s) dict_keys(['latest_only_with_trigger']) retrieved from /home/alan/repos/pipeline_airflow/pipeline-airflow-venv/lib/python3.11/site-packages/airflow/example_dags/example_latest_only_with_trigger.py
[2023-08-15T19:09:02.221-0300] {logging_mixin.py:150} INFO - [2023-08-15T19:09:02.220-0300] {dag.py:2742} INFO - Sync 1 DAGs
[2023-08-15T19:09:02.255-0300] {logging_mixin.py:150} INFO - [2023-08-15T19:09:02.255-0300] {dag.py:3504} INFO - Setting next_dagrun for latest_only_with_trigger to 2023-08-15T18:09:02.254891+00:00, run_after=2023-08-15T22:09:02.254891+00:00
[2023-08-15T19:09:02.362-0300] {processor.py:179} INFO - Processing /home/alan/repos/pipeline_airflow/pipeline-airflow-venv/lib/python3.11/site-packages/airflow/example_dags/example_latest_only_with_trigger.py took 0.195 seconds
[2023-08-15T19:10:01.545-0300] {processor.py:157} INFO - Started process (PID=29440) to work on /home/alan/repos/pipeline_airflow/pipeline-airflow-venv/lib/python3.11/site-packages/airflow/example_dags/example_latest_only_with_trigger.py
[2023-08-15T19:10:01.547-0300] {processor.py:826} INFO - Processing file /home/alan/repos/pipeline_airflow/pipeline-airflow-venv/lib/python3.11/site-packages/airflow/example_dags/example_latest_only_with_trigger.py for tasks to queue
[2023-08-15T19:10:01.551-0300] {logging_mixin.py:150} INFO - [2023-08-15T19:10:01.550-0300] {dagbag.py:541} INFO - Filling up the DagBag from /home/alan/repos/pipeline_airflow/pipeline-airflow-venv/lib/python3.11/site-packages/airflow/example_dags/example_latest_only_with_trigger.py
[2023-08-15T19:10:01.562-0300] {processor.py:836} INFO - DAG(s) dict_keys(['latest_only_with_trigger']) retrieved from /home/alan/repos/pipeline_airflow/pipeline-airflow-venv/lib/python3.11/site-packages/airflow/example_dags/example_latest_only_with_trigger.py
[2023-08-15T19:10:01.597-0300] {logging_mixin.py:150} INFO - [2023-08-15T19:10:01.597-0300] {dag.py:2742} INFO - Sync 1 DAGs
[2023-08-15T19:10:01.689-0300] {logging_mixin.py:150} INFO - [2023-08-15T19:10:01.689-0300] {dag.py:3504} INFO - Setting next_dagrun for latest_only_with_trigger to 2023-08-15T18:10:01.688614+00:00, run_after=2023-08-15T22:10:01.688614+00:00
[2023-08-15T19:10:01.855-0300] {processor.py:179} INFO - Processing /home/alan/repos/pipeline_airflow/pipeline-airflow-venv/lib/python3.11/site-packages/airflow/example_dags/example_latest_only_with_trigger.py took 0.315 seconds
[2023-08-15T19:10:59.794-0300] {processor.py:157} INFO - Started process (PID=29603) to work on /home/alan/repos/pipeline_airflow/pipeline-airflow-venv/lib/python3.11/site-packages/airflow/example_dags/example_latest_only_with_trigger.py
[2023-08-15T19:10:59.842-0300] {processor.py:826} INFO - Processing file /home/alan/repos/pipeline_airflow/pipeline-airflow-venv/lib/python3.11/site-packages/airflow/example_dags/example_latest_only_with_trigger.py for tasks to queue
[2023-08-15T19:10:59.844-0300] {logging_mixin.py:150} INFO - [2023-08-15T19:10:59.843-0300] {dagbag.py:541} INFO - Filling up the DagBag from /home/alan/repos/pipeline_airflow/pipeline-airflow-venv/lib/python3.11/site-packages/airflow/example_dags/example_latest_only_with_trigger.py
[2023-08-15T19:10:59.856-0300] {processor.py:836} INFO - DAG(s) dict_keys(['latest_only_with_trigger']) retrieved from /home/alan/repos/pipeline_airflow/pipeline-airflow-venv/lib/python3.11/site-packages/airflow/example_dags/example_latest_only_with_trigger.py
[2023-08-15T19:10:59.887-0300] {logging_mixin.py:150} INFO - [2023-08-15T19:10:59.887-0300] {dag.py:2742} INFO - Sync 1 DAGs
[2023-08-15T19:10:59.962-0300] {logging_mixin.py:150} INFO - [2023-08-15T19:10:59.959-0300] {dag.py:3504} INFO - Setting next_dagrun for latest_only_with_trigger to 2023-08-15T18:10:59.959384+00:00, run_after=2023-08-15T22:10:59.959384+00:00
[2023-08-15T19:11:00.424-0300] {processor.py:179} INFO - Processing /home/alan/repos/pipeline_airflow/pipeline-airflow-venv/lib/python3.11/site-packages/airflow/example_dags/example_latest_only_with_trigger.py took 0.634 seconds
[2023-08-15T19:12:03.517-0300] {processor.py:157} INFO - Started process (PID=29828) to work on /home/alan/repos/pipeline_airflow/pipeline-airflow-venv/lib/python3.11/site-packages/airflow/example_dags/example_latest_only_with_trigger.py
[2023-08-15T19:12:03.553-0300] {processor.py:826} INFO - Processing file /home/alan/repos/pipeline_airflow/pipeline-airflow-venv/lib/python3.11/site-packages/airflow/example_dags/example_latest_only_with_trigger.py for tasks to queue
[2023-08-15T19:12:03.554-0300] {logging_mixin.py:150} INFO - [2023-08-15T19:12:03.554-0300] {dagbag.py:541} INFO - Filling up the DagBag from /home/alan/repos/pipeline_airflow/pipeline-airflow-venv/lib/python3.11/site-packages/airflow/example_dags/example_latest_only_with_trigger.py
[2023-08-15T19:12:03.568-0300] {processor.py:836} INFO - DAG(s) dict_keys(['latest_only_with_trigger']) retrieved from /home/alan/repos/pipeline_airflow/pipeline-airflow-venv/lib/python3.11/site-packages/airflow/example_dags/example_latest_only_with_trigger.py
[2023-08-15T19:12:03.604-0300] {logging_mixin.py:150} INFO - [2023-08-15T19:12:03.603-0300] {dag.py:2742} INFO - Sync 1 DAGs
[2023-08-15T19:12:03.653-0300] {logging_mixin.py:150} INFO - [2023-08-15T19:12:03.653-0300] {dag.py:3504} INFO - Setting next_dagrun for latest_only_with_trigger to 2023-08-15T18:12:03.651842+00:00, run_after=2023-08-15T22:12:03.651842+00:00
[2023-08-15T19:12:04.338-0300] {processor.py:179} INFO - Processing /home/alan/repos/pipeline_airflow/pipeline-airflow-venv/lib/python3.11/site-packages/airflow/example_dags/example_latest_only_with_trigger.py took 0.827 seconds
[2023-08-15T19:13:04.062-0300] {processor.py:157} INFO - Started process (PID=30024) to work on /home/alan/repos/pipeline_airflow/pipeline-airflow-venv/lib/python3.11/site-packages/airflow/example_dags/example_latest_only_with_trigger.py
[2023-08-15T19:13:04.072-0300] {processor.py:826} INFO - Processing file /home/alan/repos/pipeline_airflow/pipeline-airflow-venv/lib/python3.11/site-packages/airflow/example_dags/example_latest_only_with_trigger.py for tasks to queue
[2023-08-15T19:13:04.074-0300] {logging_mixin.py:150} INFO - [2023-08-15T19:13:04.073-0300] {dagbag.py:541} INFO - Filling up the DagBag from /home/alan/repos/pipeline_airflow/pipeline-airflow-venv/lib/python3.11/site-packages/airflow/example_dags/example_latest_only_with_trigger.py
[2023-08-15T19:13:04.085-0300] {processor.py:836} INFO - DAG(s) dict_keys(['latest_only_with_trigger']) retrieved from /home/alan/repos/pipeline_airflow/pipeline-airflow-venv/lib/python3.11/site-packages/airflow/example_dags/example_latest_only_with_trigger.py
[2023-08-15T19:13:04.117-0300] {logging_mixin.py:150} INFO - [2023-08-15T19:13:04.117-0300] {dag.py:2742} INFO - Sync 1 DAGs
[2023-08-15T19:13:04.160-0300] {logging_mixin.py:150} INFO - [2023-08-15T19:13:04.160-0300] {dag.py:3504} INFO - Setting next_dagrun for latest_only_with_trigger to 2023-08-15T18:13:04.160040+00:00, run_after=2023-08-15T22:13:04.160040+00:00
[2023-08-15T19:13:04.292-0300] {processor.py:179} INFO - Processing /home/alan/repos/pipeline_airflow/pipeline-airflow-venv/lib/python3.11/site-packages/airflow/example_dags/example_latest_only_with_trigger.py took 0.235 seconds
[2023-08-15T19:14:04.379-0300] {processor.py:157} INFO - Started process (PID=30180) to work on /home/alan/repos/pipeline_airflow/pipeline-airflow-venv/lib/python3.11/site-packages/airflow/example_dags/example_latest_only_with_trigger.py
[2023-08-15T19:14:04.381-0300] {processor.py:826} INFO - Processing file /home/alan/repos/pipeline_airflow/pipeline-airflow-venv/lib/python3.11/site-packages/airflow/example_dags/example_latest_only_with_trigger.py for tasks to queue
[2023-08-15T19:14:04.383-0300] {logging_mixin.py:150} INFO - [2023-08-15T19:14:04.382-0300] {dagbag.py:541} INFO - Filling up the DagBag from /home/alan/repos/pipeline_airflow/pipeline-airflow-venv/lib/python3.11/site-packages/airflow/example_dags/example_latest_only_with_trigger.py
[2023-08-15T19:14:04.395-0300] {processor.py:836} INFO - DAG(s) dict_keys(['latest_only_with_trigger']) retrieved from /home/alan/repos/pipeline_airflow/pipeline-airflow-venv/lib/python3.11/site-packages/airflow/example_dags/example_latest_only_with_trigger.py
[2023-08-15T19:14:04.426-0300] {logging_mixin.py:150} INFO - [2023-08-15T19:14:04.426-0300] {dag.py:2742} INFO - Sync 1 DAGs
[2023-08-15T19:14:04.465-0300] {logging_mixin.py:150} INFO - [2023-08-15T19:14:04.464-0300] {dag.py:3504} INFO - Setting next_dagrun for latest_only_with_trigger to 2023-08-15T18:14:04.464363+00:00, run_after=2023-08-15T22:14:04.464363+00:00
[2023-08-15T19:14:04.650-0300] {processor.py:179} INFO - Processing /home/alan/repos/pipeline_airflow/pipeline-airflow-venv/lib/python3.11/site-packages/airflow/example_dags/example_latest_only_with_trigger.py took 0.277 seconds
[2023-08-15T19:15:01.958-0300] {processor.py:157} INFO - Started process (PID=30328) to work on /home/alan/repos/pipeline_airflow/pipeline-airflow-venv/lib/python3.11/site-packages/airflow/example_dags/example_latest_only_with_trigger.py
[2023-08-15T19:15:01.974-0300] {processor.py:826} INFO - Processing file /home/alan/repos/pipeline_airflow/pipeline-airflow-venv/lib/python3.11/site-packages/airflow/example_dags/example_latest_only_with_trigger.py for tasks to queue
[2023-08-15T19:15:01.975-0300] {logging_mixin.py:150} INFO - [2023-08-15T19:15:01.975-0300] {dagbag.py:541} INFO - Filling up the DagBag from /home/alan/repos/pipeline_airflow/pipeline-airflow-venv/lib/python3.11/site-packages/airflow/example_dags/example_latest_only_with_trigger.py
[2023-08-15T19:15:01.987-0300] {processor.py:836} INFO - DAG(s) dict_keys(['latest_only_with_trigger']) retrieved from /home/alan/repos/pipeline_airflow/pipeline-airflow-venv/lib/python3.11/site-packages/airflow/example_dags/example_latest_only_with_trigger.py
[2023-08-15T19:15:02.017-0300] {logging_mixin.py:150} INFO - [2023-08-15T19:15:02.017-0300] {dag.py:2742} INFO - Sync 1 DAGs
[2023-08-15T19:15:02.053-0300] {logging_mixin.py:150} INFO - [2023-08-15T19:15:02.053-0300] {dag.py:3504} INFO - Setting next_dagrun for latest_only_with_trigger to 2023-08-15T18:15:02.052143+00:00, run_after=2023-08-15T22:15:02.052143+00:00
[2023-08-15T19:15:02.176-0300] {processor.py:179} INFO - Processing /home/alan/repos/pipeline_airflow/pipeline-airflow-venv/lib/python3.11/site-packages/airflow/example_dags/example_latest_only_with_trigger.py took 0.224 seconds
[2023-08-15T19:15:57.774-0300] {processor.py:157} INFO - Started process (PID=30469) to work on /home/alan/repos/pipeline_airflow/pipeline-airflow-venv/lib/python3.11/site-packages/airflow/example_dags/example_latest_only_with_trigger.py
[2023-08-15T19:15:57.788-0300] {processor.py:826} INFO - Processing file /home/alan/repos/pipeline_airflow/pipeline-airflow-venv/lib/python3.11/site-packages/airflow/example_dags/example_latest_only_with_trigger.py for tasks to queue
[2023-08-15T19:15:57.790-0300] {logging_mixin.py:150} INFO - [2023-08-15T19:15:57.790-0300] {dagbag.py:541} INFO - Filling up the DagBag from /home/alan/repos/pipeline_airflow/pipeline-airflow-venv/lib/python3.11/site-packages/airflow/example_dags/example_latest_only_with_trigger.py
[2023-08-15T19:15:57.804-0300] {processor.py:836} INFO - DAG(s) dict_keys(['latest_only_with_trigger']) retrieved from /home/alan/repos/pipeline_airflow/pipeline-airflow-venv/lib/python3.11/site-packages/airflow/example_dags/example_latest_only_with_trigger.py
[2023-08-15T19:15:57.836-0300] {logging_mixin.py:150} INFO - [2023-08-15T19:15:57.835-0300] {dag.py:2742} INFO - Sync 1 DAGs
[2023-08-15T19:15:57.870-0300] {logging_mixin.py:150} INFO - [2023-08-15T19:15:57.870-0300] {dag.py:3504} INFO - Setting next_dagrun for latest_only_with_trigger to 2023-08-15T18:15:57.870219+00:00, run_after=2023-08-15T22:15:57.870219+00:00
[2023-08-15T19:15:58.044-0300] {processor.py:179} INFO - Processing /home/alan/repos/pipeline_airflow/pipeline-airflow-venv/lib/python3.11/site-packages/airflow/example_dags/example_latest_only_with_trigger.py took 0.275 seconds
[2023-08-15T19:16:57.046-0300] {processor.py:157} INFO - Started process (PID=30632) to work on /home/alan/repos/pipeline_airflow/pipeline-airflow-venv/lib/python3.11/site-packages/airflow/example_dags/example_latest_only_with_trigger.py
[2023-08-15T19:16:57.048-0300] {processor.py:826} INFO - Processing file /home/alan/repos/pipeline_airflow/pipeline-airflow-venv/lib/python3.11/site-packages/airflow/example_dags/example_latest_only_with_trigger.py for tasks to queue
[2023-08-15T19:16:57.049-0300] {logging_mixin.py:150} INFO - [2023-08-15T19:16:57.049-0300] {dagbag.py:541} INFO - Filling up the DagBag from /home/alan/repos/pipeline_airflow/pipeline-airflow-venv/lib/python3.11/site-packages/airflow/example_dags/example_latest_only_with_trigger.py
[2023-08-15T19:16:57.063-0300] {processor.py:836} INFO - DAG(s) dict_keys(['latest_only_with_trigger']) retrieved from /home/alan/repos/pipeline_airflow/pipeline-airflow-venv/lib/python3.11/site-packages/airflow/example_dags/example_latest_only_with_trigger.py
[2023-08-15T19:16:57.094-0300] {logging_mixin.py:150} INFO - [2023-08-15T19:16:57.094-0300] {dag.py:2742} INFO - Sync 1 DAGs
[2023-08-15T19:16:57.132-0300] {logging_mixin.py:150} INFO - [2023-08-15T19:16:57.131-0300] {dag.py:3504} INFO - Setting next_dagrun for latest_only_with_trigger to 2023-08-15T18:16:57.131427+00:00, run_after=2023-08-15T22:16:57.131427+00:00
[2023-08-15T19:16:57.248-0300] {processor.py:179} INFO - Processing /home/alan/repos/pipeline_airflow/pipeline-airflow-venv/lib/python3.11/site-packages/airflow/example_dags/example_latest_only_with_trigger.py took 0.209 seconds
[2023-08-15T19:17:58.174-0300] {processor.py:157} INFO - Started process (PID=30788) to work on /home/alan/repos/pipeline_airflow/pipeline-airflow-venv/lib/python3.11/site-packages/airflow/example_dags/example_latest_only_with_trigger.py
[2023-08-15T19:17:58.179-0300] {processor.py:826} INFO - Processing file /home/alan/repos/pipeline_airflow/pipeline-airflow-venv/lib/python3.11/site-packages/airflow/example_dags/example_latest_only_with_trigger.py for tasks to queue
[2023-08-15T19:17:58.181-0300] {logging_mixin.py:150} INFO - [2023-08-15T19:17:58.180-0300] {dagbag.py:541} INFO - Filling up the DagBag from /home/alan/repos/pipeline_airflow/pipeline-airflow-venv/lib/python3.11/site-packages/airflow/example_dags/example_latest_only_with_trigger.py
[2023-08-15T19:17:58.193-0300] {processor.py:836} INFO - DAG(s) dict_keys(['latest_only_with_trigger']) retrieved from /home/alan/repos/pipeline_airflow/pipeline-airflow-venv/lib/python3.11/site-packages/airflow/example_dags/example_latest_only_with_trigger.py
[2023-08-15T19:17:58.230-0300] {logging_mixin.py:150} INFO - [2023-08-15T19:17:58.229-0300] {dag.py:2742} INFO - Sync 1 DAGs
[2023-08-15T19:17:58.273-0300] {logging_mixin.py:150} INFO - [2023-08-15T19:17:58.273-0300] {dag.py:3504} INFO - Setting next_dagrun for latest_only_with_trigger to 2023-08-15T18:17:58.272609+00:00, run_after=2023-08-15T22:17:58.272609+00:00
[2023-08-15T19:17:58.438-0300] {processor.py:179} INFO - Processing /home/alan/repos/pipeline_airflow/pipeline-airflow-venv/lib/python3.11/site-packages/airflow/example_dags/example_latest_only_with_trigger.py took 0.273 seconds
[2023-08-15T19:18:55.126-0300] {processor.py:157} INFO - Started process (PID=30937) to work on /home/alan/repos/pipeline_airflow/pipeline-airflow-venv/lib/python3.11/site-packages/airflow/example_dags/example_latest_only_with_trigger.py
[2023-08-15T19:18:55.132-0300] {processor.py:826} INFO - Processing file /home/alan/repos/pipeline_airflow/pipeline-airflow-venv/lib/python3.11/site-packages/airflow/example_dags/example_latest_only_with_trigger.py for tasks to queue
[2023-08-15T19:18:55.134-0300] {logging_mixin.py:150} INFO - [2023-08-15T19:18:55.133-0300] {dagbag.py:541} INFO - Filling up the DagBag from /home/alan/repos/pipeline_airflow/pipeline-airflow-venv/lib/python3.11/site-packages/airflow/example_dags/example_latest_only_with_trigger.py
[2023-08-15T19:18:55.150-0300] {processor.py:836} INFO - DAG(s) dict_keys(['latest_only_with_trigger']) retrieved from /home/alan/repos/pipeline_airflow/pipeline-airflow-venv/lib/python3.11/site-packages/airflow/example_dags/example_latest_only_with_trigger.py
[2023-08-15T19:18:55.191-0300] {logging_mixin.py:150} INFO - [2023-08-15T19:18:55.191-0300] {dag.py:2742} INFO - Sync 1 DAGs
[2023-08-15T19:18:55.228-0300] {logging_mixin.py:150} INFO - [2023-08-15T19:18:55.228-0300] {dag.py:3504} INFO - Setting next_dagrun for latest_only_with_trigger to 2023-08-15T18:18:55.228014+00:00, run_after=2023-08-15T22:18:55.228014+00:00
[2023-08-15T19:18:55.346-0300] {processor.py:179} INFO - Processing /home/alan/repos/pipeline_airflow/pipeline-airflow-venv/lib/python3.11/site-packages/airflow/example_dags/example_latest_only_with_trigger.py took 0.224 seconds
[2023-08-15T19:19:50.985-0300] {processor.py:157} INFO - Started process (PID=31078) to work on /home/alan/repos/pipeline_airflow/pipeline-airflow-venv/lib/python3.11/site-packages/airflow/example_dags/example_latest_only_with_trigger.py
[2023-08-15T19:19:50.987-0300] {processor.py:826} INFO - Processing file /home/alan/repos/pipeline_airflow/pipeline-airflow-venv/lib/python3.11/site-packages/airflow/example_dags/example_latest_only_with_trigger.py for tasks to queue
[2023-08-15T19:19:50.988-0300] {logging_mixin.py:150} INFO - [2023-08-15T19:19:50.988-0300] {dagbag.py:541} INFO - Filling up the DagBag from /home/alan/repos/pipeline_airflow/pipeline-airflow-venv/lib/python3.11/site-packages/airflow/example_dags/example_latest_only_with_trigger.py
[2023-08-15T19:19:51.001-0300] {processor.py:836} INFO - DAG(s) dict_keys(['latest_only_with_trigger']) retrieved from /home/alan/repos/pipeline_airflow/pipeline-airflow-venv/lib/python3.11/site-packages/airflow/example_dags/example_latest_only_with_trigger.py
[2023-08-15T19:19:51.031-0300] {logging_mixin.py:150} INFO - [2023-08-15T19:19:51.031-0300] {dag.py:2742} INFO - Sync 1 DAGs
[2023-08-15T19:19:51.067-0300] {logging_mixin.py:150} INFO - [2023-08-15T19:19:51.066-0300] {dag.py:3504} INFO - Setting next_dagrun for latest_only_with_trigger to 2023-08-15T18:19:51.066374+00:00, run_after=2023-08-15T22:19:51.066374+00:00
[2023-08-15T19:19:51.194-0300] {processor.py:179} INFO - Processing /home/alan/repos/pipeline_airflow/pipeline-airflow-venv/lib/python3.11/site-packages/airflow/example_dags/example_latest_only_with_trigger.py took 0.216 seconds
[2023-08-15T19:21:02.296-0300] {processor.py:157} INFO - Started process (PID=31427) to work on /home/alan/repos/pipeline_airflow/pipeline-airflow-venv/lib/python3.11/site-packages/airflow/example_dags/example_latest_only_with_trigger.py
[2023-08-15T19:21:02.298-0300] {processor.py:826} INFO - Processing file /home/alan/repos/pipeline_airflow/pipeline-airflow-venv/lib/python3.11/site-packages/airflow/example_dags/example_latest_only_with_trigger.py for tasks to queue
[2023-08-15T19:21:02.299-0300] {logging_mixin.py:150} INFO - [2023-08-15T19:21:02.298-0300] {dagbag.py:541} INFO - Filling up the DagBag from /home/alan/repos/pipeline_airflow/pipeline-airflow-venv/lib/python3.11/site-packages/airflow/example_dags/example_latest_only_with_trigger.py
[2023-08-15T19:21:02.312-0300] {processor.py:836} INFO - DAG(s) dict_keys(['latest_only_with_trigger']) retrieved from /home/alan/repos/pipeline_airflow/pipeline-airflow-venv/lib/python3.11/site-packages/airflow/example_dags/example_latest_only_with_trigger.py
[2023-08-15T19:21:02.346-0300] {logging_mixin.py:150} INFO - [2023-08-15T19:21:02.345-0300] {dag.py:2742} INFO - Sync 1 DAGs
[2023-08-15T19:21:02.386-0300] {logging_mixin.py:150} INFO - [2023-08-15T19:21:02.385-0300] {dag.py:3504} INFO - Setting next_dagrun for latest_only_with_trigger to 2023-08-15T18:21:02.385288+00:00, run_after=2023-08-15T22:21:02.385288+00:00
[2023-08-15T19:21:02.504-0300] {processor.py:179} INFO - Processing /home/alan/repos/pipeline_airflow/pipeline-airflow-venv/lib/python3.11/site-packages/airflow/example_dags/example_latest_only_with_trigger.py took 0.216 seconds
