[2023-08-15T18:19:35.409-0300] {processor.py:157} INFO - Started process (PID=18245) to work on /home/alan/repos/pipeline_airflow/pipeline-airflow-venv/lib/python3.11/site-packages/airflow/example_dags/example_setup_teardown.py
[2023-08-15T18:19:35.410-0300] {processor.py:826} INFO - Processing file /home/alan/repos/pipeline_airflow/pipeline-airflow-venv/lib/python3.11/site-packages/airflow/example_dags/example_setup_teardown.py for tasks to queue
[2023-08-15T18:19:35.411-0300] {logging_mixin.py:150} INFO - [2023-08-15T18:19:35.411-0300] {dagbag.py:541} INFO - Filling up the DagBag from /home/alan/repos/pipeline_airflow/pipeline-airflow-venv/lib/python3.11/site-packages/airflow/example_dags/example_setup_teardown.py
[2023-08-15T18:19:35.414-0300] {processor.py:838} WARNING - No viable dags retrieved from /home/alan/repos/pipeline_airflow/pipeline-airflow-venv/lib/python3.11/site-packages/airflow/example_dags/example_setup_teardown.py
[2023-08-15T18:19:35.431-0300] {processor.py:179} INFO - Processing /home/alan/repos/pipeline_airflow/pipeline-airflow-venv/lib/python3.11/site-packages/airflow/example_dags/example_setup_teardown.py took 0.028 seconds
[2023-08-15T18:20:59.505-0300] {processor.py:157} INFO - Started process (PID=18813) to work on /home/alan/repos/pipeline_airflow/pipeline-airflow-venv/lib/python3.11/site-packages/airflow/example_dags/example_setup_teardown.py
[2023-08-15T18:20:59.507-0300] {processor.py:826} INFO - Processing file /home/alan/repos/pipeline_airflow/pipeline-airflow-venv/lib/python3.11/site-packages/airflow/example_dags/example_setup_teardown.py for tasks to queue
[2023-08-15T18:20:59.508-0300] {logging_mixin.py:150} INFO - [2023-08-15T18:20:59.508-0300] {dagbag.py:541} INFO - Filling up the DagBag from /home/alan/repos/pipeline_airflow/pipeline-airflow-venv/lib/python3.11/site-packages/airflow/example_dags/example_setup_teardown.py
[2023-08-15T18:20:59.512-0300] {processor.py:838} WARNING - No viable dags retrieved from /home/alan/repos/pipeline_airflow/pipeline-airflow-venv/lib/python3.11/site-packages/airflow/example_dags/example_setup_teardown.py
[2023-08-15T18:20:59.530-0300] {processor.py:179} INFO - Processing /home/alan/repos/pipeline_airflow/pipeline-airflow-venv/lib/python3.11/site-packages/airflow/example_dags/example_setup_teardown.py took 0.029 seconds
[2023-08-15T18:21:55.822-0300] {processor.py:157} INFO - Started process (PID=19015) to work on /home/alan/repos/pipeline_airflow/pipeline-airflow-venv/lib/python3.11/site-packages/airflow/example_dags/example_setup_teardown.py
[2023-08-15T18:21:55.823-0300] {processor.py:826} INFO - Processing file /home/alan/repos/pipeline_airflow/pipeline-airflow-venv/lib/python3.11/site-packages/airflow/example_dags/example_setup_teardown.py for tasks to queue
[2023-08-15T18:21:55.825-0300] {logging_mixin.py:150} INFO - [2023-08-15T18:21:55.824-0300] {dagbag.py:541} INFO - Filling up the DagBag from /home/alan/repos/pipeline_airflow/pipeline-airflow-venv/lib/python3.11/site-packages/airflow/example_dags/example_setup_teardown.py
[2023-08-15T18:21:55.828-0300] {processor.py:838} WARNING - No viable dags retrieved from /home/alan/repos/pipeline_airflow/pipeline-airflow-venv/lib/python3.11/site-packages/airflow/example_dags/example_setup_teardown.py
[2023-08-15T18:21:55.845-0300] {processor.py:179} INFO - Processing /home/alan/repos/pipeline_airflow/pipeline-airflow-venv/lib/python3.11/site-packages/airflow/example_dags/example_setup_teardown.py took 0.028 seconds
[2023-08-15T18:22:47.443-0300] {processor.py:157} INFO - Started process (PID=19200) to work on /home/alan/repos/pipeline_airflow/pipeline-airflow-venv/lib/python3.11/site-packages/airflow/example_dags/example_setup_teardown.py
[2023-08-15T18:22:47.445-0300] {processor.py:826} INFO - Processing file /home/alan/repos/pipeline_airflow/pipeline-airflow-venv/lib/python3.11/site-packages/airflow/example_dags/example_setup_teardown.py for tasks to queue
[2023-08-15T18:22:47.448-0300] {logging_mixin.py:150} INFO - [2023-08-15T18:22:47.447-0300] {dagbag.py:541} INFO - Filling up the DagBag from /home/alan/repos/pipeline_airflow/pipeline-airflow-venv/lib/python3.11/site-packages/airflow/example_dags/example_setup_teardown.py
[2023-08-15T18:22:47.451-0300] {processor.py:838} WARNING - No viable dags retrieved from /home/alan/repos/pipeline_airflow/pipeline-airflow-venv/lib/python3.11/site-packages/airflow/example_dags/example_setup_teardown.py
[2023-08-15T18:22:47.473-0300] {processor.py:179} INFO - Processing /home/alan/repos/pipeline_airflow/pipeline-airflow-venv/lib/python3.11/site-packages/airflow/example_dags/example_setup_teardown.py took 0.036 seconds
[2023-08-15T18:23:47.145-0300] {processor.py:157} INFO - Started process (PID=19416) to work on /home/alan/repos/pipeline_airflow/pipeline-airflow-venv/lib/python3.11/site-packages/airflow/example_dags/example_setup_teardown.py
[2023-08-15T18:23:47.201-0300] {processor.py:826} INFO - Processing file /home/alan/repos/pipeline_airflow/pipeline-airflow-venv/lib/python3.11/site-packages/airflow/example_dags/example_setup_teardown.py for tasks to queue
[2023-08-15T18:23:47.203-0300] {logging_mixin.py:150} INFO - [2023-08-15T18:23:47.202-0300] {dagbag.py:541} INFO - Filling up the DagBag from /home/alan/repos/pipeline_airflow/pipeline-airflow-venv/lib/python3.11/site-packages/airflow/example_dags/example_setup_teardown.py
[2023-08-15T18:23:47.207-0300] {processor.py:838} WARNING - No viable dags retrieved from /home/alan/repos/pipeline_airflow/pipeline-airflow-venv/lib/python3.11/site-packages/airflow/example_dags/example_setup_teardown.py
[2023-08-15T18:23:47.251-0300] {processor.py:179} INFO - Processing /home/alan/repos/pipeline_airflow/pipeline-airflow-venv/lib/python3.11/site-packages/airflow/example_dags/example_setup_teardown.py took 0.115 seconds
[2023-08-15T18:25:06.813-0300] {processor.py:157} INFO - Started process (PID=19917) to work on /home/alan/repos/pipeline_airflow/pipeline-airflow-venv/lib/python3.11/site-packages/airflow/example_dags/example_setup_teardown.py
[2023-08-15T18:25:06.827-0300] {processor.py:826} INFO - Processing file /home/alan/repos/pipeline_airflow/pipeline-airflow-venv/lib/python3.11/site-packages/airflow/example_dags/example_setup_teardown.py for tasks to queue
[2023-08-15T18:25:06.830-0300] {logging_mixin.py:150} INFO - [2023-08-15T18:25:06.828-0300] {dagbag.py:541} INFO - Filling up the DagBag from /home/alan/repos/pipeline_airflow/pipeline-airflow-venv/lib/python3.11/site-packages/airflow/example_dags/example_setup_teardown.py
[2023-08-15T18:25:06.837-0300] {processor.py:838} WARNING - No viable dags retrieved from /home/alan/repos/pipeline_airflow/pipeline-airflow-venv/lib/python3.11/site-packages/airflow/example_dags/example_setup_teardown.py
[2023-08-15T18:25:07.021-0300] {processor.py:179} INFO - Processing /home/alan/repos/pipeline_airflow/pipeline-airflow-venv/lib/python3.11/site-packages/airflow/example_dags/example_setup_teardown.py took 0.717 seconds
[2023-08-15T18:26:31.223-0300] {processor.py:157} INFO - Started process (PID=20738) to work on /home/alan/repos/pipeline_airflow/pipeline-airflow-venv/lib/python3.11/site-packages/airflow/example_dags/example_setup_teardown.py
[2023-08-15T18:26:31.225-0300] {processor.py:826} INFO - Processing file /home/alan/repos/pipeline_airflow/pipeline-airflow-venv/lib/python3.11/site-packages/airflow/example_dags/example_setup_teardown.py for tasks to queue
[2023-08-15T18:26:31.227-0300] {logging_mixin.py:150} INFO - [2023-08-15T18:26:31.226-0300] {dagbag.py:541} INFO - Filling up the DagBag from /home/alan/repos/pipeline_airflow/pipeline-airflow-venv/lib/python3.11/site-packages/airflow/example_dags/example_setup_teardown.py
[2023-08-15T18:26:31.231-0300] {processor.py:838} WARNING - No viable dags retrieved from /home/alan/repos/pipeline_airflow/pipeline-airflow-venv/lib/python3.11/site-packages/airflow/example_dags/example_setup_teardown.py
[2023-08-15T18:26:31.250-0300] {processor.py:179} INFO - Processing /home/alan/repos/pipeline_airflow/pipeline-airflow-venv/lib/python3.11/site-packages/airflow/example_dags/example_setup_teardown.py took 0.033 seconds
[2023-08-15T18:27:34.688-0300] {processor.py:157} INFO - Started process (PID=20967) to work on /home/alan/repos/pipeline_airflow/pipeline-airflow-venv/lib/python3.11/site-packages/airflow/example_dags/example_setup_teardown.py
[2023-08-15T18:27:34.700-0300] {processor.py:826} INFO - Processing file /home/alan/repos/pipeline_airflow/pipeline-airflow-venv/lib/python3.11/site-packages/airflow/example_dags/example_setup_teardown.py for tasks to queue
[2023-08-15T18:27:34.701-0300] {logging_mixin.py:150} INFO - [2023-08-15T18:27:34.701-0300] {dagbag.py:541} INFO - Filling up the DagBag from /home/alan/repos/pipeline_airflow/pipeline-airflow-venv/lib/python3.11/site-packages/airflow/example_dags/example_setup_teardown.py
[2023-08-15T18:27:34.705-0300] {processor.py:838} WARNING - No viable dags retrieved from /home/alan/repos/pipeline_airflow/pipeline-airflow-venv/lib/python3.11/site-packages/airflow/example_dags/example_setup_teardown.py
[2023-08-15T18:27:34.731-0300] {processor.py:179} INFO - Processing /home/alan/repos/pipeline_airflow/pipeline-airflow-venv/lib/python3.11/site-packages/airflow/example_dags/example_setup_teardown.py took 0.049 seconds
[2023-08-15T18:28:33.675-0300] {processor.py:157} INFO - Started process (PID=21201) to work on /home/alan/repos/pipeline_airflow/pipeline-airflow-venv/lib/python3.11/site-packages/airflow/example_dags/example_setup_teardown.py
[2023-08-15T18:28:33.679-0300] {processor.py:826} INFO - Processing file /home/alan/repos/pipeline_airflow/pipeline-airflow-venv/lib/python3.11/site-packages/airflow/example_dags/example_setup_teardown.py for tasks to queue
[2023-08-15T18:28:33.681-0300] {logging_mixin.py:150} INFO - [2023-08-15T18:28:33.680-0300] {dagbag.py:541} INFO - Filling up the DagBag from /home/alan/repos/pipeline_airflow/pipeline-airflow-venv/lib/python3.11/site-packages/airflow/example_dags/example_setup_teardown.py
[2023-08-15T18:28:33.687-0300] {processor.py:838} WARNING - No viable dags retrieved from /home/alan/repos/pipeline_airflow/pipeline-airflow-venv/lib/python3.11/site-packages/airflow/example_dags/example_setup_teardown.py
[2023-08-15T18:28:33.711-0300] {processor.py:179} INFO - Processing /home/alan/repos/pipeline_airflow/pipeline-airflow-venv/lib/python3.11/site-packages/airflow/example_dags/example_setup_teardown.py took 0.042 seconds
[2023-08-15T18:29:36.217-0300] {processor.py:157} INFO - Started process (PID=21433) to work on /home/alan/repos/pipeline_airflow/pipeline-airflow-venv/lib/python3.11/site-packages/airflow/example_dags/example_setup_teardown.py
[2023-08-15T18:29:36.220-0300] {processor.py:826} INFO - Processing file /home/alan/repos/pipeline_airflow/pipeline-airflow-venv/lib/python3.11/site-packages/airflow/example_dags/example_setup_teardown.py for tasks to queue
[2023-08-15T18:29:36.221-0300] {logging_mixin.py:150} INFO - [2023-08-15T18:29:36.221-0300] {dagbag.py:541} INFO - Filling up the DagBag from /home/alan/repos/pipeline_airflow/pipeline-airflow-venv/lib/python3.11/site-packages/airflow/example_dags/example_setup_teardown.py
[2023-08-15T18:29:36.225-0300] {processor.py:838} WARNING - No viable dags retrieved from /home/alan/repos/pipeline_airflow/pipeline-airflow-venv/lib/python3.11/site-packages/airflow/example_dags/example_setup_teardown.py
[2023-08-15T18:29:36.244-0300] {processor.py:179} INFO - Processing /home/alan/repos/pipeline_airflow/pipeline-airflow-venv/lib/python3.11/site-packages/airflow/example_dags/example_setup_teardown.py took 0.032 seconds
[2023-08-15T18:30:34.218-0300] {processor.py:157} INFO - Started process (PID=21661) to work on /home/alan/repos/pipeline_airflow/pipeline-airflow-venv/lib/python3.11/site-packages/airflow/example_dags/example_setup_teardown.py
[2023-08-15T18:30:34.220-0300] {processor.py:826} INFO - Processing file /home/alan/repos/pipeline_airflow/pipeline-airflow-venv/lib/python3.11/site-packages/airflow/example_dags/example_setup_teardown.py for tasks to queue
[2023-08-15T18:30:34.222-0300] {logging_mixin.py:150} INFO - [2023-08-15T18:30:34.221-0300] {dagbag.py:541} INFO - Filling up the DagBag from /home/alan/repos/pipeline_airflow/pipeline-airflow-venv/lib/python3.11/site-packages/airflow/example_dags/example_setup_teardown.py
[2023-08-15T18:30:34.225-0300] {processor.py:838} WARNING - No viable dags retrieved from /home/alan/repos/pipeline_airflow/pipeline-airflow-venv/lib/python3.11/site-packages/airflow/example_dags/example_setup_teardown.py
[2023-08-15T18:30:34.245-0300] {processor.py:179} INFO - Processing /home/alan/repos/pipeline_airflow/pipeline-airflow-venv/lib/python3.11/site-packages/airflow/example_dags/example_setup_teardown.py took 0.032 seconds
[2023-08-15T18:31:28.720-0300] {processor.py:157} INFO - Started process (PID=21850) to work on /home/alan/repos/pipeline_airflow/pipeline-airflow-venv/lib/python3.11/site-packages/airflow/example_dags/example_setup_teardown.py
[2023-08-15T18:31:28.721-0300] {processor.py:826} INFO - Processing file /home/alan/repos/pipeline_airflow/pipeline-airflow-venv/lib/python3.11/site-packages/airflow/example_dags/example_setup_teardown.py for tasks to queue
[2023-08-15T18:31:28.723-0300] {logging_mixin.py:150} INFO - [2023-08-15T18:31:28.722-0300] {dagbag.py:541} INFO - Filling up the DagBag from /home/alan/repos/pipeline_airflow/pipeline-airflow-venv/lib/python3.11/site-packages/airflow/example_dags/example_setup_teardown.py
[2023-08-15T18:31:28.726-0300] {processor.py:838} WARNING - No viable dags retrieved from /home/alan/repos/pipeline_airflow/pipeline-airflow-venv/lib/python3.11/site-packages/airflow/example_dags/example_setup_teardown.py
[2023-08-15T18:31:28.744-0300] {processor.py:179} INFO - Processing /home/alan/repos/pipeline_airflow/pipeline-airflow-venv/lib/python3.11/site-packages/airflow/example_dags/example_setup_teardown.py took 0.029 seconds
[2023-08-15T18:32:25.496-0300] {processor.py:157} INFO - Started process (PID=22069) to work on /home/alan/repos/pipeline_airflow/pipeline-airflow-venv/lib/python3.11/site-packages/airflow/example_dags/example_setup_teardown.py
[2023-08-15T18:32:25.498-0300] {processor.py:826} INFO - Processing file /home/alan/repos/pipeline_airflow/pipeline-airflow-venv/lib/python3.11/site-packages/airflow/example_dags/example_setup_teardown.py for tasks to queue
[2023-08-15T18:32:25.500-0300] {logging_mixin.py:150} INFO - [2023-08-15T18:32:25.499-0300] {dagbag.py:541} INFO - Filling up the DagBag from /home/alan/repos/pipeline_airflow/pipeline-airflow-venv/lib/python3.11/site-packages/airflow/example_dags/example_setup_teardown.py
[2023-08-15T18:32:25.504-0300] {processor.py:838} WARNING - No viable dags retrieved from /home/alan/repos/pipeline_airflow/pipeline-airflow-venv/lib/python3.11/site-packages/airflow/example_dags/example_setup_teardown.py
[2023-08-15T18:32:25.528-0300] {processor.py:179} INFO - Processing /home/alan/repos/pipeline_airflow/pipeline-airflow-venv/lib/python3.11/site-packages/airflow/example_dags/example_setup_teardown.py took 0.040 seconds
[2023-08-15T18:33:22.404-0300] {processor.py:157} INFO - Started process (PID=22281) to work on /home/alan/repos/pipeline_airflow/pipeline-airflow-venv/lib/python3.11/site-packages/airflow/example_dags/example_setup_teardown.py
[2023-08-15T18:33:22.406-0300] {processor.py:826} INFO - Processing file /home/alan/repos/pipeline_airflow/pipeline-airflow-venv/lib/python3.11/site-packages/airflow/example_dags/example_setup_teardown.py for tasks to queue
[2023-08-15T18:33:22.407-0300] {logging_mixin.py:150} INFO - [2023-08-15T18:33:22.406-0300] {dagbag.py:541} INFO - Filling up the DagBag from /home/alan/repos/pipeline_airflow/pipeline-airflow-venv/lib/python3.11/site-packages/airflow/example_dags/example_setup_teardown.py
[2023-08-15T18:33:22.411-0300] {processor.py:838} WARNING - No viable dags retrieved from /home/alan/repos/pipeline_airflow/pipeline-airflow-venv/lib/python3.11/site-packages/airflow/example_dags/example_setup_teardown.py
[2023-08-15T18:33:22.430-0300] {processor.py:179} INFO - Processing /home/alan/repos/pipeline_airflow/pipeline-airflow-venv/lib/python3.11/site-packages/airflow/example_dags/example_setup_teardown.py took 0.032 seconds
[2023-08-15T18:34:18.778-0300] {processor.py:157} INFO - Started process (PID=22487) to work on /home/alan/repos/pipeline_airflow/pipeline-airflow-venv/lib/python3.11/site-packages/airflow/example_dags/example_setup_teardown.py
[2023-08-15T18:34:18.806-0300] {processor.py:826} INFO - Processing file /home/alan/repos/pipeline_airflow/pipeline-airflow-venv/lib/python3.11/site-packages/airflow/example_dags/example_setup_teardown.py for tasks to queue
[2023-08-15T18:34:18.807-0300] {logging_mixin.py:150} INFO - [2023-08-15T18:34:18.806-0300] {dagbag.py:541} INFO - Filling up the DagBag from /home/alan/repos/pipeline_airflow/pipeline-airflow-venv/lib/python3.11/site-packages/airflow/example_dags/example_setup_teardown.py
[2023-08-15T18:34:18.811-0300] {processor.py:838} WARNING - No viable dags retrieved from /home/alan/repos/pipeline_airflow/pipeline-airflow-venv/lib/python3.11/site-packages/airflow/example_dags/example_setup_teardown.py
[2023-08-15T18:34:18.839-0300] {processor.py:179} INFO - Processing /home/alan/repos/pipeline_airflow/pipeline-airflow-venv/lib/python3.11/site-packages/airflow/example_dags/example_setup_teardown.py took 0.068 seconds
[2023-08-15T18:35:11.802-0300] {processor.py:157} INFO - Started process (PID=22676) to work on /home/alan/repos/pipeline_airflow/pipeline-airflow-venv/lib/python3.11/site-packages/airflow/example_dags/example_setup_teardown.py
[2023-08-15T18:35:11.803-0300] {processor.py:826} INFO - Processing file /home/alan/repos/pipeline_airflow/pipeline-airflow-venv/lib/python3.11/site-packages/airflow/example_dags/example_setup_teardown.py for tasks to queue
[2023-08-15T18:35:11.805-0300] {logging_mixin.py:150} INFO - [2023-08-15T18:35:11.804-0300] {dagbag.py:541} INFO - Filling up the DagBag from /home/alan/repos/pipeline_airflow/pipeline-airflow-venv/lib/python3.11/site-packages/airflow/example_dags/example_setup_teardown.py
[2023-08-15T18:35:11.809-0300] {processor.py:838} WARNING - No viable dags retrieved from /home/alan/repos/pipeline_airflow/pipeline-airflow-venv/lib/python3.11/site-packages/airflow/example_dags/example_setup_teardown.py
[2023-08-15T18:35:11.828-0300] {processor.py:179} INFO - Processing /home/alan/repos/pipeline_airflow/pipeline-airflow-venv/lib/python3.11/site-packages/airflow/example_dags/example_setup_teardown.py took 0.033 seconds
[2023-08-15T18:36:08.468-0300] {processor.py:157} INFO - Started process (PID=22878) to work on /home/alan/repos/pipeline_airflow/pipeline-airflow-venv/lib/python3.11/site-packages/airflow/example_dags/example_setup_teardown.py
[2023-08-15T18:36:08.472-0300] {processor.py:826} INFO - Processing file /home/alan/repos/pipeline_airflow/pipeline-airflow-venv/lib/python3.11/site-packages/airflow/example_dags/example_setup_teardown.py for tasks to queue
[2023-08-15T18:36:08.474-0300] {logging_mixin.py:150} INFO - [2023-08-15T18:36:08.473-0300] {dagbag.py:541} INFO - Filling up the DagBag from /home/alan/repos/pipeline_airflow/pipeline-airflow-venv/lib/python3.11/site-packages/airflow/example_dags/example_setup_teardown.py
[2023-08-15T18:36:08.487-0300] {processor.py:838} WARNING - No viable dags retrieved from /home/alan/repos/pipeline_airflow/pipeline-airflow-venv/lib/python3.11/site-packages/airflow/example_dags/example_setup_teardown.py
[2023-08-15T18:36:08.529-0300] {processor.py:179} INFO - Processing /home/alan/repos/pipeline_airflow/pipeline-airflow-venv/lib/python3.11/site-packages/airflow/example_dags/example_setup_teardown.py took 0.070 seconds
[2023-08-15T18:37:07.738-0300] {processor.py:157} INFO - Started process (PID=23100) to work on /home/alan/repos/pipeline_airflow/pipeline-airflow-venv/lib/python3.11/site-packages/airflow/example_dags/example_setup_teardown.py
[2023-08-15T18:37:07.756-0300] {processor.py:826} INFO - Processing file /home/alan/repos/pipeline_airflow/pipeline-airflow-venv/lib/python3.11/site-packages/airflow/example_dags/example_setup_teardown.py for tasks to queue
[2023-08-15T18:37:07.758-0300] {logging_mixin.py:150} INFO - [2023-08-15T18:37:07.757-0300] {dagbag.py:541} INFO - Filling up the DagBag from /home/alan/repos/pipeline_airflow/pipeline-airflow-venv/lib/python3.11/site-packages/airflow/example_dags/example_setup_teardown.py
[2023-08-15T18:37:07.762-0300] {processor.py:838} WARNING - No viable dags retrieved from /home/alan/repos/pipeline_airflow/pipeline-airflow-venv/lib/python3.11/site-packages/airflow/example_dags/example_setup_teardown.py
[2023-08-15T18:37:07.779-0300] {processor.py:179} INFO - Processing /home/alan/repos/pipeline_airflow/pipeline-airflow-venv/lib/python3.11/site-packages/airflow/example_dags/example_setup_teardown.py took 0.046 seconds
[2023-08-15T18:38:01.169-0300] {processor.py:157} INFO - Started process (PID=23328) to work on /home/alan/repos/pipeline_airflow/pipeline-airflow-venv/lib/python3.11/site-packages/airflow/example_dags/example_setup_teardown.py
[2023-08-15T18:38:01.184-0300] {processor.py:826} INFO - Processing file /home/alan/repos/pipeline_airflow/pipeline-airflow-venv/lib/python3.11/site-packages/airflow/example_dags/example_setup_teardown.py for tasks to queue
[2023-08-15T18:38:01.186-0300] {logging_mixin.py:150} INFO - [2023-08-15T18:38:01.185-0300] {dagbag.py:541} INFO - Filling up the DagBag from /home/alan/repos/pipeline_airflow/pipeline-airflow-venv/lib/python3.11/site-packages/airflow/example_dags/example_setup_teardown.py
[2023-08-15T18:38:01.192-0300] {processor.py:838} WARNING - No viable dags retrieved from /home/alan/repos/pipeline_airflow/pipeline-airflow-venv/lib/python3.11/site-packages/airflow/example_dags/example_setup_teardown.py
[2023-08-15T18:38:01.221-0300] {processor.py:179} INFO - Processing /home/alan/repos/pipeline_airflow/pipeline-airflow-venv/lib/python3.11/site-packages/airflow/example_dags/example_setup_teardown.py took 0.057 seconds
[2023-08-15T18:44:18.808-0300] {processor.py:157} INFO - Started process (PID=23717) to work on /home/alan/repos/pipeline_airflow/pipeline-airflow-venv/lib/python3.11/site-packages/airflow/example_dags/example_setup_teardown.py
[2023-08-15T18:44:18.810-0300] {processor.py:826} INFO - Processing file /home/alan/repos/pipeline_airflow/pipeline-airflow-venv/lib/python3.11/site-packages/airflow/example_dags/example_setup_teardown.py for tasks to queue
[2023-08-15T18:44:18.811-0300] {logging_mixin.py:150} INFO - [2023-08-15T18:44:18.811-0300] {dagbag.py:541} INFO - Filling up the DagBag from /home/alan/repos/pipeline_airflow/pipeline-airflow-venv/lib/python3.11/site-packages/airflow/example_dags/example_setup_teardown.py
[2023-08-15T18:44:18.816-0300] {processor.py:838} WARNING - No viable dags retrieved from /home/alan/repos/pipeline_airflow/pipeline-airflow-venv/lib/python3.11/site-packages/airflow/example_dags/example_setup_teardown.py
[2023-08-15T18:44:18.838-0300] {processor.py:179} INFO - Processing /home/alan/repos/pipeline_airflow/pipeline-airflow-venv/lib/python3.11/site-packages/airflow/example_dags/example_setup_teardown.py took 0.037 seconds
[2023-08-15T18:45:39.073-0300] {processor.py:157} INFO - Started process (PID=24124) to work on /home/alan/repos/pipeline_airflow/pipeline-airflow-venv/lib/python3.11/site-packages/airflow/example_dags/example_setup_teardown.py
[2023-08-15T18:45:39.076-0300] {processor.py:826} INFO - Processing file /home/alan/repos/pipeline_airflow/pipeline-airflow-venv/lib/python3.11/site-packages/airflow/example_dags/example_setup_teardown.py for tasks to queue
[2023-08-15T18:45:39.077-0300] {logging_mixin.py:150} INFO - [2023-08-15T18:45:39.077-0300] {dagbag.py:541} INFO - Filling up the DagBag from /home/alan/repos/pipeline_airflow/pipeline-airflow-venv/lib/python3.11/site-packages/airflow/example_dags/example_setup_teardown.py
[2023-08-15T18:45:39.081-0300] {processor.py:838} WARNING - No viable dags retrieved from /home/alan/repos/pipeline_airflow/pipeline-airflow-venv/lib/python3.11/site-packages/airflow/example_dags/example_setup_teardown.py
[2023-08-15T18:45:39.099-0300] {processor.py:179} INFO - Processing /home/alan/repos/pipeline_airflow/pipeline-airflow-venv/lib/python3.11/site-packages/airflow/example_dags/example_setup_teardown.py took 0.033 seconds
[2023-08-15T18:46:46.397-0300] {processor.py:157} INFO - Started process (PID=24360) to work on /home/alan/repos/pipeline_airflow/pipeline-airflow-venv/lib/python3.11/site-packages/airflow/example_dags/example_setup_teardown.py
[2023-08-15T18:46:46.414-0300] {processor.py:826} INFO - Processing file /home/alan/repos/pipeline_airflow/pipeline-airflow-venv/lib/python3.11/site-packages/airflow/example_dags/example_setup_teardown.py for tasks to queue
[2023-08-15T18:46:46.417-0300] {logging_mixin.py:150} INFO - [2023-08-15T18:46:46.416-0300] {dagbag.py:541} INFO - Filling up the DagBag from /home/alan/repos/pipeline_airflow/pipeline-airflow-venv/lib/python3.11/site-packages/airflow/example_dags/example_setup_teardown.py
[2023-08-15T18:46:46.421-0300] {processor.py:838} WARNING - No viable dags retrieved from /home/alan/repos/pipeline_airflow/pipeline-airflow-venv/lib/python3.11/site-packages/airflow/example_dags/example_setup_teardown.py
[2023-08-15T18:46:46.440-0300] {processor.py:179} INFO - Processing /home/alan/repos/pipeline_airflow/pipeline-airflow-venv/lib/python3.11/site-packages/airflow/example_dags/example_setup_teardown.py took 0.049 seconds
[2023-08-15T18:47:49.363-0300] {processor.py:157} INFO - Started process (PID=24586) to work on /home/alan/repos/pipeline_airflow/pipeline-airflow-venv/lib/python3.11/site-packages/airflow/example_dags/example_setup_teardown.py
[2023-08-15T18:47:49.366-0300] {processor.py:826} INFO - Processing file /home/alan/repos/pipeline_airflow/pipeline-airflow-venv/lib/python3.11/site-packages/airflow/example_dags/example_setup_teardown.py for tasks to queue
[2023-08-15T18:47:49.368-0300] {logging_mixin.py:150} INFO - [2023-08-15T18:47:49.367-0300] {dagbag.py:541} INFO - Filling up the DagBag from /home/alan/repos/pipeline_airflow/pipeline-airflow-venv/lib/python3.11/site-packages/airflow/example_dags/example_setup_teardown.py
[2023-08-15T18:47:49.374-0300] {processor.py:838} WARNING - No viable dags retrieved from /home/alan/repos/pipeline_airflow/pipeline-airflow-venv/lib/python3.11/site-packages/airflow/example_dags/example_setup_teardown.py
[2023-08-15T18:47:49.395-0300] {processor.py:179} INFO - Processing /home/alan/repos/pipeline_airflow/pipeline-airflow-venv/lib/python3.11/site-packages/airflow/example_dags/example_setup_teardown.py took 0.037 seconds
[2023-08-15T18:48:58.472-0300] {processor.py:157} INFO - Started process (PID=24809) to work on /home/alan/repos/pipeline_airflow/pipeline-airflow-venv/lib/python3.11/site-packages/airflow/example_dags/example_setup_teardown.py
[2023-08-15T18:48:58.482-0300] {processor.py:826} INFO - Processing file /home/alan/repos/pipeline_airflow/pipeline-airflow-venv/lib/python3.11/site-packages/airflow/example_dags/example_setup_teardown.py for tasks to queue
[2023-08-15T18:48:58.483-0300] {logging_mixin.py:150} INFO - [2023-08-15T18:48:58.483-0300] {dagbag.py:541} INFO - Filling up the DagBag from /home/alan/repos/pipeline_airflow/pipeline-airflow-venv/lib/python3.11/site-packages/airflow/example_dags/example_setup_teardown.py
[2023-08-15T18:48:58.491-0300] {processor.py:838} WARNING - No viable dags retrieved from /home/alan/repos/pipeline_airflow/pipeline-airflow-venv/lib/python3.11/site-packages/airflow/example_dags/example_setup_teardown.py
[2023-08-15T18:48:58.521-0300] {processor.py:179} INFO - Processing /home/alan/repos/pipeline_airflow/pipeline-airflow-venv/lib/python3.11/site-packages/airflow/example_dags/example_setup_teardown.py took 0.062 seconds
[2023-08-15T18:50:01.115-0300] {processor.py:157} INFO - Started process (PID=25030) to work on /home/alan/repos/pipeline_airflow/pipeline-airflow-venv/lib/python3.11/site-packages/airflow/example_dags/example_setup_teardown.py
[2023-08-15T18:50:01.117-0300] {processor.py:826} INFO - Processing file /home/alan/repos/pipeline_airflow/pipeline-airflow-venv/lib/python3.11/site-packages/airflow/example_dags/example_setup_teardown.py for tasks to queue
[2023-08-15T18:50:01.118-0300] {logging_mixin.py:150} INFO - [2023-08-15T18:50:01.118-0300] {dagbag.py:541} INFO - Filling up the DagBag from /home/alan/repos/pipeline_airflow/pipeline-airflow-venv/lib/python3.11/site-packages/airflow/example_dags/example_setup_teardown.py
[2023-08-15T18:50:01.122-0300] {processor.py:838} WARNING - No viable dags retrieved from /home/alan/repos/pipeline_airflow/pipeline-airflow-venv/lib/python3.11/site-packages/airflow/example_dags/example_setup_teardown.py
[2023-08-15T18:50:01.142-0300] {processor.py:179} INFO - Processing /home/alan/repos/pipeline_airflow/pipeline-airflow-venv/lib/python3.11/site-packages/airflow/example_dags/example_setup_teardown.py took 0.032 seconds
[2023-08-15T18:51:05.763-0300] {processor.py:157} INFO - Started process (PID=25316) to work on /home/alan/repos/pipeline_airflow/pipeline-airflow-venv/lib/python3.11/site-packages/airflow/example_dags/example_setup_teardown.py
[2023-08-15T18:51:05.765-0300] {processor.py:826} INFO - Processing file /home/alan/repos/pipeline_airflow/pipeline-airflow-venv/lib/python3.11/site-packages/airflow/example_dags/example_setup_teardown.py for tasks to queue
[2023-08-15T18:51:05.766-0300] {logging_mixin.py:150} INFO - [2023-08-15T18:51:05.766-0300] {dagbag.py:541} INFO - Filling up the DagBag from /home/alan/repos/pipeline_airflow/pipeline-airflow-venv/lib/python3.11/site-packages/airflow/example_dags/example_setup_teardown.py
[2023-08-15T18:51:05.770-0300] {processor.py:838} WARNING - No viable dags retrieved from /home/alan/repos/pipeline_airflow/pipeline-airflow-venv/lib/python3.11/site-packages/airflow/example_dags/example_setup_teardown.py
[2023-08-15T18:51:05.787-0300] {processor.py:179} INFO - Processing /home/alan/repos/pipeline_airflow/pipeline-airflow-venv/lib/python3.11/site-packages/airflow/example_dags/example_setup_teardown.py took 0.030 seconds
[2023-08-15T18:52:17.488-0300] {processor.py:157} INFO - Started process (PID=25657) to work on /home/alan/repos/pipeline_airflow/pipeline-airflow-venv/lib/python3.11/site-packages/airflow/example_dags/example_setup_teardown.py
[2023-08-15T18:52:17.512-0300] {processor.py:826} INFO - Processing file /home/alan/repos/pipeline_airflow/pipeline-airflow-venv/lib/python3.11/site-packages/airflow/example_dags/example_setup_teardown.py for tasks to queue
[2023-08-15T18:52:17.514-0300] {logging_mixin.py:150} INFO - [2023-08-15T18:52:17.513-0300] {dagbag.py:541} INFO - Filling up the DagBag from /home/alan/repos/pipeline_airflow/pipeline-airflow-venv/lib/python3.11/site-packages/airflow/example_dags/example_setup_teardown.py
[2023-08-15T18:52:17.519-0300] {processor.py:838} WARNING - No viable dags retrieved from /home/alan/repos/pipeline_airflow/pipeline-airflow-venv/lib/python3.11/site-packages/airflow/example_dags/example_setup_teardown.py
[2023-08-15T18:52:17.719-0300] {processor.py:179} INFO - Processing /home/alan/repos/pipeline_airflow/pipeline-airflow-venv/lib/python3.11/site-packages/airflow/example_dags/example_setup_teardown.py took 0.246 seconds
[2023-08-15T18:53:15.044-0300] {processor.py:157} INFO - Started process (PID=25905) to work on /home/alan/repos/pipeline_airflow/pipeline-airflow-venv/lib/python3.11/site-packages/airflow/example_dags/example_setup_teardown.py
[2023-08-15T18:53:15.046-0300] {processor.py:826} INFO - Processing file /home/alan/repos/pipeline_airflow/pipeline-airflow-venv/lib/python3.11/site-packages/airflow/example_dags/example_setup_teardown.py for tasks to queue
[2023-08-15T18:53:15.047-0300] {logging_mixin.py:150} INFO - [2023-08-15T18:53:15.047-0300] {dagbag.py:541} INFO - Filling up the DagBag from /home/alan/repos/pipeline_airflow/pipeline-airflow-venv/lib/python3.11/site-packages/airflow/example_dags/example_setup_teardown.py
[2023-08-15T18:53:15.051-0300] {processor.py:838} WARNING - No viable dags retrieved from /home/alan/repos/pipeline_airflow/pipeline-airflow-venv/lib/python3.11/site-packages/airflow/example_dags/example_setup_teardown.py
[2023-08-15T18:53:15.069-0300] {processor.py:179} INFO - Processing /home/alan/repos/pipeline_airflow/pipeline-airflow-venv/lib/python3.11/site-packages/airflow/example_dags/example_setup_teardown.py took 0.031 seconds
[2023-08-15T18:54:10.213-0300] {processor.py:157} INFO - Started process (PID=26116) to work on /home/alan/repos/pipeline_airflow/pipeline-airflow-venv/lib/python3.11/site-packages/airflow/example_dags/example_setup_teardown.py
[2023-08-15T18:54:10.230-0300] {processor.py:826} INFO - Processing file /home/alan/repos/pipeline_airflow/pipeline-airflow-venv/lib/python3.11/site-packages/airflow/example_dags/example_setup_teardown.py for tasks to queue
[2023-08-15T18:54:10.232-0300] {logging_mixin.py:150} INFO - [2023-08-15T18:54:10.231-0300] {dagbag.py:541} INFO - Filling up the DagBag from /home/alan/repos/pipeline_airflow/pipeline-airflow-venv/lib/python3.11/site-packages/airflow/example_dags/example_setup_teardown.py
[2023-08-15T18:54:10.236-0300] {processor.py:838} WARNING - No viable dags retrieved from /home/alan/repos/pipeline_airflow/pipeline-airflow-venv/lib/python3.11/site-packages/airflow/example_dags/example_setup_teardown.py
[2023-08-15T18:54:10.258-0300] {processor.py:179} INFO - Processing /home/alan/repos/pipeline_airflow/pipeline-airflow-venv/lib/python3.11/site-packages/airflow/example_dags/example_setup_teardown.py took 0.052 seconds
[2023-08-15T18:55:52.216-0300] {processor.py:157} INFO - Started process (PID=26781) to work on /home/alan/repos/pipeline_airflow/pipeline-airflow-venv/lib/python3.11/site-packages/airflow/example_dags/example_setup_teardown.py
[2023-08-15T18:55:52.359-0300] {processor.py:826} INFO - Processing file /home/alan/repos/pipeline_airflow/pipeline-airflow-venv/lib/python3.11/site-packages/airflow/example_dags/example_setup_teardown.py for tasks to queue
[2023-08-15T18:55:52.361-0300] {logging_mixin.py:150} INFO - [2023-08-15T18:55:52.360-0300] {dagbag.py:541} INFO - Filling up the DagBag from /home/alan/repos/pipeline_airflow/pipeline-airflow-venv/lib/python3.11/site-packages/airflow/example_dags/example_setup_teardown.py
[2023-08-15T18:55:52.427-0300] {processor.py:838} WARNING - No viable dags retrieved from /home/alan/repos/pipeline_airflow/pipeline-airflow-venv/lib/python3.11/site-packages/airflow/example_dags/example_setup_teardown.py
[2023-08-15T18:55:52.464-0300] {processor.py:179} INFO - Processing /home/alan/repos/pipeline_airflow/pipeline-airflow-venv/lib/python3.11/site-packages/airflow/example_dags/example_setup_teardown.py took 0.254 seconds
[2023-08-15T18:58:11.814-0300] {processor.py:157} INFO - Started process (PID=27065) to work on /home/alan/repos/pipeline_airflow/pipeline-airflow-venv/lib/python3.11/site-packages/airflow/example_dags/example_setup_teardown.py
[2023-08-15T18:58:11.852-0300] {processor.py:826} INFO - Processing file /home/alan/repos/pipeline_airflow/pipeline-airflow-venv/lib/python3.11/site-packages/airflow/example_dags/example_setup_teardown.py for tasks to queue
[2023-08-15T18:58:11.854-0300] {logging_mixin.py:150} INFO - [2023-08-15T18:58:11.853-0300] {dagbag.py:541} INFO - Filling up the DagBag from /home/alan/repos/pipeline_airflow/pipeline-airflow-venv/lib/python3.11/site-packages/airflow/example_dags/example_setup_teardown.py
[2023-08-15T18:58:11.874-0300] {processor.py:838} WARNING - No viable dags retrieved from /home/alan/repos/pipeline_airflow/pipeline-airflow-venv/lib/python3.11/site-packages/airflow/example_dags/example_setup_teardown.py
[2023-08-15T18:58:11.898-0300] {processor.py:179} INFO - Processing /home/alan/repos/pipeline_airflow/pipeline-airflow-venv/lib/python3.11/site-packages/airflow/example_dags/example_setup_teardown.py took 0.090 seconds
[2023-08-15T19:01:32.349-0300] {processor.py:157} INFO - Started process (PID=27559) to work on /home/alan/repos/pipeline_airflow/pipeline-airflow-venv/lib/python3.11/site-packages/airflow/example_dags/example_setup_teardown.py
[2023-08-15T19:01:32.383-0300] {processor.py:826} INFO - Processing file /home/alan/repos/pipeline_airflow/pipeline-airflow-venv/lib/python3.11/site-packages/airflow/example_dags/example_setup_teardown.py for tasks to queue
[2023-08-15T19:01:32.385-0300] {logging_mixin.py:150} INFO - [2023-08-15T19:01:32.384-0300] {dagbag.py:541} INFO - Filling up the DagBag from /home/alan/repos/pipeline_airflow/pipeline-airflow-venv/lib/python3.11/site-packages/airflow/example_dags/example_setup_teardown.py
[2023-08-15T19:01:32.417-0300] {processor.py:838} WARNING - No viable dags retrieved from /home/alan/repos/pipeline_airflow/pipeline-airflow-venv/lib/python3.11/site-packages/airflow/example_dags/example_setup_teardown.py
[2023-08-15T19:01:32.438-0300] {processor.py:179} INFO - Processing /home/alan/repos/pipeline_airflow/pipeline-airflow-venv/lib/python3.11/site-packages/airflow/example_dags/example_setup_teardown.py took 0.098 seconds
[2023-08-15T19:02:53.777-0300] {processor.py:157} INFO - Started process (PID=27832) to work on /home/alan/repos/pipeline_airflow/pipeline-airflow-venv/lib/python3.11/site-packages/airflow/example_dags/example_setup_teardown.py
[2023-08-15T19:02:53.845-0300] {processor.py:826} INFO - Processing file /home/alan/repos/pipeline_airflow/pipeline-airflow-venv/lib/python3.11/site-packages/airflow/example_dags/example_setup_teardown.py for tasks to queue
[2023-08-15T19:02:53.847-0300] {logging_mixin.py:150} INFO - [2023-08-15T19:02:53.846-0300] {dagbag.py:541} INFO - Filling up the DagBag from /home/alan/repos/pipeline_airflow/pipeline-airflow-venv/lib/python3.11/site-packages/airflow/example_dags/example_setup_teardown.py
[2023-08-15T19:02:53.881-0300] {processor.py:838} WARNING - No viable dags retrieved from /home/alan/repos/pipeline_airflow/pipeline-airflow-venv/lib/python3.11/site-packages/airflow/example_dags/example_setup_teardown.py
[2023-08-15T19:02:53.898-0300] {processor.py:179} INFO - Processing /home/alan/repos/pipeline_airflow/pipeline-airflow-venv/lib/python3.11/site-packages/airflow/example_dags/example_setup_teardown.py took 0.126 seconds
[2023-08-15T19:04:12.252-0300] {processor.py:157} INFO - Started process (PID=28233) to work on /home/alan/repos/pipeline_airflow/pipeline-airflow-venv/lib/python3.11/site-packages/airflow/example_dags/example_setup_teardown.py
[2023-08-15T19:04:12.265-0300] {processor.py:826} INFO - Processing file /home/alan/repos/pipeline_airflow/pipeline-airflow-venv/lib/python3.11/site-packages/airflow/example_dags/example_setup_teardown.py for tasks to queue
[2023-08-15T19:04:12.266-0300] {logging_mixin.py:150} INFO - [2023-08-15T19:04:12.266-0300] {dagbag.py:541} INFO - Filling up the DagBag from /home/alan/repos/pipeline_airflow/pipeline-airflow-venv/lib/python3.11/site-packages/airflow/example_dags/example_setup_teardown.py
[2023-08-15T19:04:12.270-0300] {processor.py:838} WARNING - No viable dags retrieved from /home/alan/repos/pipeline_airflow/pipeline-airflow-venv/lib/python3.11/site-packages/airflow/example_dags/example_setup_teardown.py
[2023-08-15T19:04:12.309-0300] {processor.py:179} INFO - Processing /home/alan/repos/pipeline_airflow/pipeline-airflow-venv/lib/python3.11/site-packages/airflow/example_dags/example_setup_teardown.py took 0.070 seconds
[2023-08-15T19:05:38.404-0300] {processor.py:157} INFO - Started process (PID=28658) to work on /home/alan/repos/pipeline_airflow/pipeline-airflow-venv/lib/python3.11/site-packages/airflow/example_dags/example_setup_teardown.py
[2023-08-15T19:05:38.406-0300] {processor.py:826} INFO - Processing file /home/alan/repos/pipeline_airflow/pipeline-airflow-venv/lib/python3.11/site-packages/airflow/example_dags/example_setup_teardown.py for tasks to queue
[2023-08-15T19:05:38.407-0300] {logging_mixin.py:150} INFO - [2023-08-15T19:05:38.407-0300] {dagbag.py:541} INFO - Filling up the DagBag from /home/alan/repos/pipeline_airflow/pipeline-airflow-venv/lib/python3.11/site-packages/airflow/example_dags/example_setup_teardown.py
[2023-08-15T19:05:38.411-0300] {processor.py:838} WARNING - No viable dags retrieved from /home/alan/repos/pipeline_airflow/pipeline-airflow-venv/lib/python3.11/site-packages/airflow/example_dags/example_setup_teardown.py
[2023-08-15T19:05:38.429-0300] {processor.py:179} INFO - Processing /home/alan/repos/pipeline_airflow/pipeline-airflow-venv/lib/python3.11/site-packages/airflow/example_dags/example_setup_teardown.py took 0.032 seconds
[2023-08-15T19:06:41.557-0300] {processor.py:157} INFO - Started process (PID=28816) to work on /home/alan/repos/pipeline_airflow/pipeline-airflow-venv/lib/python3.11/site-packages/airflow/example_dags/example_setup_teardown.py
[2023-08-15T19:06:41.577-0300] {processor.py:826} INFO - Processing file /home/alan/repos/pipeline_airflow/pipeline-airflow-venv/lib/python3.11/site-packages/airflow/example_dags/example_setup_teardown.py for tasks to queue
[2023-08-15T19:06:41.578-0300] {logging_mixin.py:150} INFO - [2023-08-15T19:06:41.578-0300] {dagbag.py:541} INFO - Filling up the DagBag from /home/alan/repos/pipeline_airflow/pipeline-airflow-venv/lib/python3.11/site-packages/airflow/example_dags/example_setup_teardown.py
[2023-08-15T19:06:41.583-0300] {processor.py:838} WARNING - No viable dags retrieved from /home/alan/repos/pipeline_airflow/pipeline-airflow-venv/lib/python3.11/site-packages/airflow/example_dags/example_setup_teardown.py
[2023-08-15T19:06:41.606-0300] {processor.py:179} INFO - Processing /home/alan/repos/pipeline_airflow/pipeline-airflow-venv/lib/python3.11/site-packages/airflow/example_dags/example_setup_teardown.py took 0.055 seconds
[2023-08-15T19:07:44.422-0300] {processor.py:157} INFO - Started process (PID=29085) to work on /home/alan/repos/pipeline_airflow/pipeline-airflow-venv/lib/python3.11/site-packages/airflow/example_dags/example_setup_teardown.py
[2023-08-15T19:07:44.433-0300] {processor.py:826} INFO - Processing file /home/alan/repos/pipeline_airflow/pipeline-airflow-venv/lib/python3.11/site-packages/airflow/example_dags/example_setup_teardown.py for tasks to queue
[2023-08-15T19:07:44.435-0300] {logging_mixin.py:150} INFO - [2023-08-15T19:07:44.434-0300] {dagbag.py:541} INFO - Filling up the DagBag from /home/alan/repos/pipeline_airflow/pipeline-airflow-venv/lib/python3.11/site-packages/airflow/example_dags/example_setup_teardown.py
[2023-08-15T19:07:44.440-0300] {processor.py:838} WARNING - No viable dags retrieved from /home/alan/repos/pipeline_airflow/pipeline-airflow-venv/lib/python3.11/site-packages/airflow/example_dags/example_setup_teardown.py
[2023-08-15T19:07:44.459-0300] {processor.py:179} INFO - Processing /home/alan/repos/pipeline_airflow/pipeline-airflow-venv/lib/python3.11/site-packages/airflow/example_dags/example_setup_teardown.py took 0.042 seconds
[2023-08-15T19:08:50.248-0300] {processor.py:157} INFO - Started process (PID=29258) to work on /home/alan/repos/pipeline_airflow/pipeline-airflow-venv/lib/python3.11/site-packages/airflow/example_dags/example_setup_teardown.py
[2023-08-15T19:08:50.266-0300] {processor.py:826} INFO - Processing file /home/alan/repos/pipeline_airflow/pipeline-airflow-venv/lib/python3.11/site-packages/airflow/example_dags/example_setup_teardown.py for tasks to queue
[2023-08-15T19:08:50.268-0300] {logging_mixin.py:150} INFO - [2023-08-15T19:08:50.267-0300] {dagbag.py:541} INFO - Filling up the DagBag from /home/alan/repos/pipeline_airflow/pipeline-airflow-venv/lib/python3.11/site-packages/airflow/example_dags/example_setup_teardown.py
[2023-08-15T19:08:50.273-0300] {processor.py:838} WARNING - No viable dags retrieved from /home/alan/repos/pipeline_airflow/pipeline-airflow-venv/lib/python3.11/site-packages/airflow/example_dags/example_setup_teardown.py
[2023-08-15T19:08:50.295-0300] {processor.py:179} INFO - Processing /home/alan/repos/pipeline_airflow/pipeline-airflow-venv/lib/python3.11/site-packages/airflow/example_dags/example_setup_teardown.py took 0.053 seconds
[2023-08-15T19:09:49.820-0300] {processor.py:157} INFO - Started process (PID=29413) to work on /home/alan/repos/pipeline_airflow/pipeline-airflow-venv/lib/python3.11/site-packages/airflow/example_dags/example_setup_teardown.py
[2023-08-15T19:09:49.823-0300] {processor.py:826} INFO - Processing file /home/alan/repos/pipeline_airflow/pipeline-airflow-venv/lib/python3.11/site-packages/airflow/example_dags/example_setup_teardown.py for tasks to queue
[2023-08-15T19:09:49.825-0300] {logging_mixin.py:150} INFO - [2023-08-15T19:09:49.824-0300] {dagbag.py:541} INFO - Filling up the DagBag from /home/alan/repos/pipeline_airflow/pipeline-airflow-venv/lib/python3.11/site-packages/airflow/example_dags/example_setup_teardown.py
[2023-08-15T19:09:49.829-0300] {processor.py:838} WARNING - No viable dags retrieved from /home/alan/repos/pipeline_airflow/pipeline-airflow-venv/lib/python3.11/site-packages/airflow/example_dags/example_setup_teardown.py
[2023-08-15T19:09:49.848-0300] {processor.py:179} INFO - Processing /home/alan/repos/pipeline_airflow/pipeline-airflow-venv/lib/python3.11/site-packages/airflow/example_dags/example_setup_teardown.py took 0.034 seconds
[2023-08-15T19:10:49.309-0300] {processor.py:157} INFO - Started process (PID=29571) to work on /home/alan/repos/pipeline_airflow/pipeline-airflow-venv/lib/python3.11/site-packages/airflow/example_dags/example_setup_teardown.py
[2023-08-15T19:10:49.316-0300] {processor.py:826} INFO - Processing file /home/alan/repos/pipeline_airflow/pipeline-airflow-venv/lib/python3.11/site-packages/airflow/example_dags/example_setup_teardown.py for tasks to queue
[2023-08-15T19:10:49.318-0300] {logging_mixin.py:150} INFO - [2023-08-15T19:10:49.317-0300] {dagbag.py:541} INFO - Filling up the DagBag from /home/alan/repos/pipeline_airflow/pipeline-airflow-venv/lib/python3.11/site-packages/airflow/example_dags/example_setup_teardown.py
[2023-08-15T19:10:49.322-0300] {processor.py:838} WARNING - No viable dags retrieved from /home/alan/repos/pipeline_airflow/pipeline-airflow-venv/lib/python3.11/site-packages/airflow/example_dags/example_setup_teardown.py
[2023-08-15T19:10:49.342-0300] {processor.py:179} INFO - Processing /home/alan/repos/pipeline_airflow/pipeline-airflow-venv/lib/python3.11/site-packages/airflow/example_dags/example_setup_teardown.py took 0.039 seconds
[2023-08-15T19:11:52.064-0300] {processor.py:157} INFO - Started process (PID=29799) to work on /home/alan/repos/pipeline_airflow/pipeline-airflow-venv/lib/python3.11/site-packages/airflow/example_dags/example_setup_teardown.py
[2023-08-15T19:11:52.071-0300] {processor.py:826} INFO - Processing file /home/alan/repos/pipeline_airflow/pipeline-airflow-venv/lib/python3.11/site-packages/airflow/example_dags/example_setup_teardown.py for tasks to queue
[2023-08-15T19:11:52.073-0300] {logging_mixin.py:150} INFO - [2023-08-15T19:11:52.072-0300] {dagbag.py:541} INFO - Filling up the DagBag from /home/alan/repos/pipeline_airflow/pipeline-airflow-venv/lib/python3.11/site-packages/airflow/example_dags/example_setup_teardown.py
[2023-08-15T19:11:52.076-0300] {processor.py:838} WARNING - No viable dags retrieved from /home/alan/repos/pipeline_airflow/pipeline-airflow-venv/lib/python3.11/site-packages/airflow/example_dags/example_setup_teardown.py
[2023-08-15T19:11:52.096-0300] {processor.py:179} INFO - Processing /home/alan/repos/pipeline_airflow/pipeline-airflow-venv/lib/python3.11/site-packages/airflow/example_dags/example_setup_teardown.py took 0.038 seconds
[2023-08-15T19:12:53.296-0300] {processor.py:157} INFO - Started process (PID=29997) to work on /home/alan/repos/pipeline_airflow/pipeline-airflow-venv/lib/python3.11/site-packages/airflow/example_dags/example_setup_teardown.py
[2023-08-15T19:12:53.298-0300] {processor.py:826} INFO - Processing file /home/alan/repos/pipeline_airflow/pipeline-airflow-venv/lib/python3.11/site-packages/airflow/example_dags/example_setup_teardown.py for tasks to queue
[2023-08-15T19:12:53.300-0300] {logging_mixin.py:150} INFO - [2023-08-15T19:12:53.299-0300] {dagbag.py:541} INFO - Filling up the DagBag from /home/alan/repos/pipeline_airflow/pipeline-airflow-venv/lib/python3.11/site-packages/airflow/example_dags/example_setup_teardown.py
[2023-08-15T19:12:53.304-0300] {processor.py:838} WARNING - No viable dags retrieved from /home/alan/repos/pipeline_airflow/pipeline-airflow-venv/lib/python3.11/site-packages/airflow/example_dags/example_setup_teardown.py
[2023-08-15T19:12:53.322-0300] {processor.py:179} INFO - Processing /home/alan/repos/pipeline_airflow/pipeline-airflow-venv/lib/python3.11/site-packages/airflow/example_dags/example_setup_teardown.py took 0.031 seconds
[2023-08-15T19:13:53.062-0300] {processor.py:157} INFO - Started process (PID=30150) to work on /home/alan/repos/pipeline_airflow/pipeline-airflow-venv/lib/python3.11/site-packages/airflow/example_dags/example_setup_teardown.py
[2023-08-15T19:13:53.067-0300] {processor.py:826} INFO - Processing file /home/alan/repos/pipeline_airflow/pipeline-airflow-venv/lib/python3.11/site-packages/airflow/example_dags/example_setup_teardown.py for tasks to queue
[2023-08-15T19:13:53.069-0300] {logging_mixin.py:150} INFO - [2023-08-15T19:13:53.068-0300] {dagbag.py:541} INFO - Filling up the DagBag from /home/alan/repos/pipeline_airflow/pipeline-airflow-venv/lib/python3.11/site-packages/airflow/example_dags/example_setup_teardown.py
[2023-08-15T19:13:53.073-0300] {processor.py:838} WARNING - No viable dags retrieved from /home/alan/repos/pipeline_airflow/pipeline-airflow-venv/lib/python3.11/site-packages/airflow/example_dags/example_setup_teardown.py
[2023-08-15T19:13:53.094-0300] {processor.py:179} INFO - Processing /home/alan/repos/pipeline_airflow/pipeline-airflow-venv/lib/python3.11/site-packages/airflow/example_dags/example_setup_teardown.py took 0.038 seconds
[2023-08-15T19:14:51.174-0300] {processor.py:157} INFO - Started process (PID=30301) to work on /home/alan/repos/pipeline_airflow/pipeline-airflow-venv/lib/python3.11/site-packages/airflow/example_dags/example_setup_teardown.py
[2023-08-15T19:14:51.175-0300] {processor.py:826} INFO - Processing file /home/alan/repos/pipeline_airflow/pipeline-airflow-venv/lib/python3.11/site-packages/airflow/example_dags/example_setup_teardown.py for tasks to queue
[2023-08-15T19:14:51.177-0300] {logging_mixin.py:150} INFO - [2023-08-15T19:14:51.176-0300] {dagbag.py:541} INFO - Filling up the DagBag from /home/alan/repos/pipeline_airflow/pipeline-airflow-venv/lib/python3.11/site-packages/airflow/example_dags/example_setup_teardown.py
[2023-08-15T19:14:51.180-0300] {processor.py:838} WARNING - No viable dags retrieved from /home/alan/repos/pipeline_airflow/pipeline-airflow-venv/lib/python3.11/site-packages/airflow/example_dags/example_setup_teardown.py
[2023-08-15T19:14:51.197-0300] {processor.py:179} INFO - Processing /home/alan/repos/pipeline_airflow/pipeline-airflow-venv/lib/python3.11/site-packages/airflow/example_dags/example_setup_teardown.py took 0.029 seconds
[2023-08-15T19:15:45.869-0300] {processor.py:157} INFO - Started process (PID=30442) to work on /home/alan/repos/pipeline_airflow/pipeline-airflow-venv/lib/python3.11/site-packages/airflow/example_dags/example_setup_teardown.py
[2023-08-15T19:15:45.871-0300] {processor.py:826} INFO - Processing file /home/alan/repos/pipeline_airflow/pipeline-airflow-venv/lib/python3.11/site-packages/airflow/example_dags/example_setup_teardown.py for tasks to queue
[2023-08-15T19:15:45.873-0300] {logging_mixin.py:150} INFO - [2023-08-15T19:15:45.872-0300] {dagbag.py:541} INFO - Filling up the DagBag from /home/alan/repos/pipeline_airflow/pipeline-airflow-venv/lib/python3.11/site-packages/airflow/example_dags/example_setup_teardown.py
[2023-08-15T19:15:45.878-0300] {processor.py:838} WARNING - No viable dags retrieved from /home/alan/repos/pipeline_airflow/pipeline-airflow-venv/lib/python3.11/site-packages/airflow/example_dags/example_setup_teardown.py
[2023-08-15T19:15:45.896-0300] {processor.py:179} INFO - Processing /home/alan/repos/pipeline_airflow/pipeline-airflow-venv/lib/python3.11/site-packages/airflow/example_dags/example_setup_teardown.py took 0.034 seconds
[2023-08-15T19:16:45.253-0300] {processor.py:157} INFO - Started process (PID=30603) to work on /home/alan/repos/pipeline_airflow/pipeline-airflow-venv/lib/python3.11/site-packages/airflow/example_dags/example_setup_teardown.py
[2023-08-15T19:16:45.255-0300] {processor.py:826} INFO - Processing file /home/alan/repos/pipeline_airflow/pipeline-airflow-venv/lib/python3.11/site-packages/airflow/example_dags/example_setup_teardown.py for tasks to queue
[2023-08-15T19:16:45.257-0300] {logging_mixin.py:150} INFO - [2023-08-15T19:16:45.256-0300] {dagbag.py:541} INFO - Filling up the DagBag from /home/alan/repos/pipeline_airflow/pipeline-airflow-venv/lib/python3.11/site-packages/airflow/example_dags/example_setup_teardown.py
[2023-08-15T19:16:45.260-0300] {processor.py:838} WARNING - No viable dags retrieved from /home/alan/repos/pipeline_airflow/pipeline-airflow-venv/lib/python3.11/site-packages/airflow/example_dags/example_setup_teardown.py
[2023-08-15T19:16:45.278-0300] {processor.py:179} INFO - Processing /home/alan/repos/pipeline_airflow/pipeline-airflow-venv/lib/python3.11/site-packages/airflow/example_dags/example_setup_teardown.py took 0.031 seconds
[2023-08-15T19:17:47.806-0300] {processor.py:157} INFO - Started process (PID=30761) to work on /home/alan/repos/pipeline_airflow/pipeline-airflow-venv/lib/python3.11/site-packages/airflow/example_dags/example_setup_teardown.py
[2023-08-15T19:17:47.808-0300] {processor.py:826} INFO - Processing file /home/alan/repos/pipeline_airflow/pipeline-airflow-venv/lib/python3.11/site-packages/airflow/example_dags/example_setup_teardown.py for tasks to queue
[2023-08-15T19:17:47.810-0300] {logging_mixin.py:150} INFO - [2023-08-15T19:17:47.809-0300] {dagbag.py:541} INFO - Filling up the DagBag from /home/alan/repos/pipeline_airflow/pipeline-airflow-venv/lib/python3.11/site-packages/airflow/example_dags/example_setup_teardown.py
[2023-08-15T19:17:47.815-0300] {processor.py:838} WARNING - No viable dags retrieved from /home/alan/repos/pipeline_airflow/pipeline-airflow-venv/lib/python3.11/site-packages/airflow/example_dags/example_setup_teardown.py
[2023-08-15T19:17:47.835-0300] {processor.py:179} INFO - Processing /home/alan/repos/pipeline_airflow/pipeline-airflow-venv/lib/python3.11/site-packages/airflow/example_dags/example_setup_teardown.py took 0.035 seconds
[2023-08-15T19:18:43.570-0300] {processor.py:157} INFO - Started process (PID=30910) to work on /home/alan/repos/pipeline_airflow/pipeline-airflow-venv/lib/python3.11/site-packages/airflow/example_dags/example_setup_teardown.py
[2023-08-15T19:18:43.571-0300] {processor.py:826} INFO - Processing file /home/alan/repos/pipeline_airflow/pipeline-airflow-venv/lib/python3.11/site-packages/airflow/example_dags/example_setup_teardown.py for tasks to queue
[2023-08-15T19:18:43.573-0300] {logging_mixin.py:150} INFO - [2023-08-15T19:18:43.572-0300] {dagbag.py:541} INFO - Filling up the DagBag from /home/alan/repos/pipeline_airflow/pipeline-airflow-venv/lib/python3.11/site-packages/airflow/example_dags/example_setup_teardown.py
[2023-08-15T19:18:43.578-0300] {processor.py:838} WARNING - No viable dags retrieved from /home/alan/repos/pipeline_airflow/pipeline-airflow-venv/lib/python3.11/site-packages/airflow/example_dags/example_setup_teardown.py
[2023-08-15T19:18:43.598-0300] {processor.py:179} INFO - Processing /home/alan/repos/pipeline_airflow/pipeline-airflow-venv/lib/python3.11/site-packages/airflow/example_dags/example_setup_teardown.py took 0.035 seconds
[2023-08-15T19:19:40.225-0300] {processor.py:157} INFO - Started process (PID=31051) to work on /home/alan/repos/pipeline_airflow/pipeline-airflow-venv/lib/python3.11/site-packages/airflow/example_dags/example_setup_teardown.py
[2023-08-15T19:19:40.235-0300] {processor.py:826} INFO - Processing file /home/alan/repos/pipeline_airflow/pipeline-airflow-venv/lib/python3.11/site-packages/airflow/example_dags/example_setup_teardown.py for tasks to queue
[2023-08-15T19:19:40.236-0300] {logging_mixin.py:150} INFO - [2023-08-15T19:19:40.236-0300] {dagbag.py:541} INFO - Filling up the DagBag from /home/alan/repos/pipeline_airflow/pipeline-airflow-venv/lib/python3.11/site-packages/airflow/example_dags/example_setup_teardown.py
[2023-08-15T19:19:40.240-0300] {processor.py:838} WARNING - No viable dags retrieved from /home/alan/repos/pipeline_airflow/pipeline-airflow-venv/lib/python3.11/site-packages/airflow/example_dags/example_setup_teardown.py
[2023-08-15T19:19:40.258-0300] {processor.py:179} INFO - Processing /home/alan/repos/pipeline_airflow/pipeline-airflow-venv/lib/python3.11/site-packages/airflow/example_dags/example_setup_teardown.py took 0.039 seconds
[2023-08-15T19:20:50.414-0300] {processor.py:157} INFO - Started process (PID=31373) to work on /home/alan/repos/pipeline_airflow/pipeline-airflow-venv/lib/python3.11/site-packages/airflow/example_dags/example_setup_teardown.py
[2023-08-15T19:20:50.440-0300] {processor.py:826} INFO - Processing file /home/alan/repos/pipeline_airflow/pipeline-airflow-venv/lib/python3.11/site-packages/airflow/example_dags/example_setup_teardown.py for tasks to queue
[2023-08-15T19:20:50.442-0300] {logging_mixin.py:150} INFO - [2023-08-15T19:20:50.441-0300] {dagbag.py:541} INFO - Filling up the DagBag from /home/alan/repos/pipeline_airflow/pipeline-airflow-venv/lib/python3.11/site-packages/airflow/example_dags/example_setup_teardown.py
[2023-08-15T19:20:50.446-0300] {processor.py:838} WARNING - No viable dags retrieved from /home/alan/repos/pipeline_airflow/pipeline-airflow-venv/lib/python3.11/site-packages/airflow/example_dags/example_setup_teardown.py
[2023-08-15T19:20:50.560-0300] {processor.py:179} INFO - Processing /home/alan/repos/pipeline_airflow/pipeline-airflow-venv/lib/python3.11/site-packages/airflow/example_dags/example_setup_teardown.py took 0.156 seconds
[2023-08-15T19:21:59.916-0300] {processor.py:157} INFO - Started process (PID=31621) to work on /home/alan/repos/pipeline_airflow/pipeline-airflow-venv/lib/python3.11/site-packages/airflow/example_dags/example_setup_teardown.py
[2023-08-15T19:21:59.918-0300] {processor.py:826} INFO - Processing file /home/alan/repos/pipeline_airflow/pipeline-airflow-venv/lib/python3.11/site-packages/airflow/example_dags/example_setup_teardown.py for tasks to queue
[2023-08-15T19:21:59.919-0300] {logging_mixin.py:150} INFO - [2023-08-15T19:21:59.919-0300] {dagbag.py:541} INFO - Filling up the DagBag from /home/alan/repos/pipeline_airflow/pipeline-airflow-venv/lib/python3.11/site-packages/airflow/example_dags/example_setup_teardown.py
[2023-08-15T19:21:59.923-0300] {processor.py:838} WARNING - No viable dags retrieved from /home/alan/repos/pipeline_airflow/pipeline-airflow-venv/lib/python3.11/site-packages/airflow/example_dags/example_setup_teardown.py
[2023-08-15T19:21:59.942-0300] {processor.py:179} INFO - Processing /home/alan/repos/pipeline_airflow/pipeline-airflow-venv/lib/python3.11/site-packages/airflow/example_dags/example_setup_teardown.py took 0.033 seconds
