[2023-08-15T18:19:38.608-0300] {processor.py:157} INFO - Started process (PID=18261) to work on /home/alan/repos/pipeline_airflow/pipeline-airflow-venv/lib/python3.11/site-packages/airflow/example_dags/example_sensors.py
[2023-08-15T18:19:38.609-0300] {processor.py:826} INFO - Processing file /home/alan/repos/pipeline_airflow/pipeline-airflow-venv/lib/python3.11/site-packages/airflow/example_dags/example_sensors.py for tasks to queue
[2023-08-15T18:19:38.611-0300] {logging_mixin.py:150} INFO - [2023-08-15T18:19:38.610-0300] {dagbag.py:541} INFO - Filling up the DagBag from /home/alan/repos/pipeline_airflow/pipeline-airflow-venv/lib/python3.11/site-packages/airflow/example_dags/example_sensors.py
[2023-08-15T18:19:38.630-0300] {processor.py:836} INFO - DAG(s) dict_keys(['example_sensors']) retrieved from /home/alan/repos/pipeline_airflow/pipeline-airflow-venv/lib/python3.11/site-packages/airflow/example_dags/example_sensors.py
[2023-08-15T18:19:39.008-0300] {logging_mixin.py:150} INFO - [2023-08-15T18:19:39.007-0300] {manager.py:504} INFO - Created Permission View: can delete on DAG:example_sensors
[2023-08-15T18:19:39.119-0300] {logging_mixin.py:150} INFO - [2023-08-15T18:19:39.118-0300] {manager.py:504} INFO - Created Permission View: can edit on DAG:example_sensors
[2023-08-15T18:19:39.217-0300] {logging_mixin.py:150} INFO - [2023-08-15T18:19:39.216-0300] {manager.py:504} INFO - Created Permission View: can read on DAG:example_sensors
[2023-08-15T18:19:39.243-0300] {logging_mixin.py:150} INFO - [2023-08-15T18:19:39.243-0300] {dag.py:2742} INFO - Sync 1 DAGs
[2023-08-15T18:19:39.260-0300] {logging_mixin.py:150} INFO - [2023-08-15T18:19:39.260-0300] {dag.py:2763} INFO - Creating ORM DAG for example_sensors
[2023-08-15T18:19:39.277-0300] {logging_mixin.py:150} INFO - [2023-08-15T18:19:39.276-0300] {dag.py:3504} INFO - Setting next_dagrun for example_sensors to None, run_after=None
[2023-08-15T18:19:39.456-0300] {processor.py:179} INFO - Processing /home/alan/repos/pipeline_airflow/pipeline-airflow-venv/lib/python3.11/site-packages/airflow/example_dags/example_sensors.py took 0.854 seconds
[2023-08-15T18:21:01.439-0300] {processor.py:157} INFO - Started process (PID=18817) to work on /home/alan/repos/pipeline_airflow/pipeline-airflow-venv/lib/python3.11/site-packages/airflow/example_dags/example_sensors.py
[2023-08-15T18:21:01.441-0300] {processor.py:826} INFO - Processing file /home/alan/repos/pipeline_airflow/pipeline-airflow-venv/lib/python3.11/site-packages/airflow/example_dags/example_sensors.py for tasks to queue
[2023-08-15T18:21:01.442-0300] {logging_mixin.py:150} INFO - [2023-08-15T18:21:01.441-0300] {dagbag.py:541} INFO - Filling up the DagBag from /home/alan/repos/pipeline_airflow/pipeline-airflow-venv/lib/python3.11/site-packages/airflow/example_dags/example_sensors.py
[2023-08-15T18:21:01.460-0300] {processor.py:836} INFO - DAG(s) dict_keys(['example_sensors']) retrieved from /home/alan/repos/pipeline_airflow/pipeline-airflow-venv/lib/python3.11/site-packages/airflow/example_dags/example_sensors.py
[2023-08-15T18:21:01.496-0300] {logging_mixin.py:150} INFO - [2023-08-15T18:21:01.496-0300] {dag.py:2742} INFO - Sync 1 DAGs
[2023-08-15T18:21:01.531-0300] {logging_mixin.py:150} INFO - [2023-08-15T18:21:01.531-0300] {dag.py:3504} INFO - Setting next_dagrun for example_sensors to None, run_after=None
[2023-08-15T18:21:01.640-0300] {processor.py:179} INFO - Processing /home/alan/repos/pipeline_airflow/pipeline-airflow-venv/lib/python3.11/site-packages/airflow/example_dags/example_sensors.py took 0.206 seconds
[2023-08-15T18:21:57.788-0300] {processor.py:157} INFO - Started process (PID=19026) to work on /home/alan/repos/pipeline_airflow/pipeline-airflow-venv/lib/python3.11/site-packages/airflow/example_dags/example_sensors.py
[2023-08-15T18:21:57.790-0300] {processor.py:826} INFO - Processing file /home/alan/repos/pipeline_airflow/pipeline-airflow-venv/lib/python3.11/site-packages/airflow/example_dags/example_sensors.py for tasks to queue
[2023-08-15T18:21:57.791-0300] {logging_mixin.py:150} INFO - [2023-08-15T18:21:57.790-0300] {dagbag.py:541} INFO - Filling up the DagBag from /home/alan/repos/pipeline_airflow/pipeline-airflow-venv/lib/python3.11/site-packages/airflow/example_dags/example_sensors.py
[2023-08-15T18:21:57.809-0300] {processor.py:836} INFO - DAG(s) dict_keys(['example_sensors']) retrieved from /home/alan/repos/pipeline_airflow/pipeline-airflow-venv/lib/python3.11/site-packages/airflow/example_dags/example_sensors.py
[2023-08-15T18:21:57.844-0300] {logging_mixin.py:150} INFO - [2023-08-15T18:21:57.844-0300] {dag.py:2742} INFO - Sync 1 DAGs
[2023-08-15T18:21:57.877-0300] {logging_mixin.py:150} INFO - [2023-08-15T18:21:57.877-0300] {dag.py:3504} INFO - Setting next_dagrun for example_sensors to None, run_after=None
[2023-08-15T18:21:58.003-0300] {processor.py:179} INFO - Processing /home/alan/repos/pipeline_airflow/pipeline-airflow-venv/lib/python3.11/site-packages/airflow/example_dags/example_sensors.py took 0.220 seconds
[2023-08-15T18:22:49.793-0300] {processor.py:157} INFO - Started process (PID=19206) to work on /home/alan/repos/pipeline_airflow/pipeline-airflow-venv/lib/python3.11/site-packages/airflow/example_dags/example_sensors.py
[2023-08-15T18:22:49.795-0300] {processor.py:826} INFO - Processing file /home/alan/repos/pipeline_airflow/pipeline-airflow-venv/lib/python3.11/site-packages/airflow/example_dags/example_sensors.py for tasks to queue
[2023-08-15T18:22:49.796-0300] {logging_mixin.py:150} INFO - [2023-08-15T18:22:49.796-0300] {dagbag.py:541} INFO - Filling up the DagBag from /home/alan/repos/pipeline_airflow/pipeline-airflow-venv/lib/python3.11/site-packages/airflow/example_dags/example_sensors.py
[2023-08-15T18:22:49.813-0300] {processor.py:836} INFO - DAG(s) dict_keys(['example_sensors']) retrieved from /home/alan/repos/pipeline_airflow/pipeline-airflow-venv/lib/python3.11/site-packages/airflow/example_dags/example_sensors.py
[2023-08-15T18:22:49.847-0300] {logging_mixin.py:150} INFO - [2023-08-15T18:22:49.847-0300] {dag.py:2742} INFO - Sync 1 DAGs
[2023-08-15T18:22:49.881-0300] {logging_mixin.py:150} INFO - [2023-08-15T18:22:49.880-0300] {dag.py:3504} INFO - Setting next_dagrun for example_sensors to None, run_after=None
[2023-08-15T18:22:49.981-0300] {processor.py:179} INFO - Processing /home/alan/repos/pipeline_airflow/pipeline-airflow-venv/lib/python3.11/site-packages/airflow/example_dags/example_sensors.py took 0.193 seconds
[2023-08-15T18:23:49.442-0300] {processor.py:157} INFO - Started process (PID=19434) to work on /home/alan/repos/pipeline_airflow/pipeline-airflow-venv/lib/python3.11/site-packages/airflow/example_dags/example_sensors.py
[2023-08-15T18:23:49.453-0300] {processor.py:826} INFO - Processing file /home/alan/repos/pipeline_airflow/pipeline-airflow-venv/lib/python3.11/site-packages/airflow/example_dags/example_sensors.py for tasks to queue
[2023-08-15T18:23:49.455-0300] {logging_mixin.py:150} INFO - [2023-08-15T18:23:49.454-0300] {dagbag.py:541} INFO - Filling up the DagBag from /home/alan/repos/pipeline_airflow/pipeline-airflow-venv/lib/python3.11/site-packages/airflow/example_dags/example_sensors.py
[2023-08-15T18:23:49.485-0300] {processor.py:836} INFO - DAG(s) dict_keys(['example_sensors']) retrieved from /home/alan/repos/pipeline_airflow/pipeline-airflow-venv/lib/python3.11/site-packages/airflow/example_dags/example_sensors.py
[2023-08-15T18:23:49.535-0300] {logging_mixin.py:150} INFO - [2023-08-15T18:23:49.535-0300] {dag.py:2742} INFO - Sync 1 DAGs
[2023-08-15T18:23:49.739-0300] {logging_mixin.py:150} INFO - [2023-08-15T18:23:49.738-0300] {dag.py:3504} INFO - Setting next_dagrun for example_sensors to None, run_after=None
[2023-08-15T18:23:49.872-0300] {processor.py:179} INFO - Processing /home/alan/repos/pipeline_airflow/pipeline-airflow-venv/lib/python3.11/site-packages/airflow/example_dags/example_sensors.py took 0.435 seconds
[2023-08-15T18:25:15.439-0300] {processor.py:157} INFO - Started process (PID=19933) to work on /home/alan/repos/pipeline_airflow/pipeline-airflow-venv/lib/python3.11/site-packages/airflow/example_dags/example_sensors.py
[2023-08-15T18:25:15.533-0300] {processor.py:826} INFO - Processing file /home/alan/repos/pipeline_airflow/pipeline-airflow-venv/lib/python3.11/site-packages/airflow/example_dags/example_sensors.py for tasks to queue
[2023-08-15T18:25:15.535-0300] {logging_mixin.py:150} INFO - [2023-08-15T18:25:15.534-0300] {dagbag.py:541} INFO - Filling up the DagBag from /home/alan/repos/pipeline_airflow/pipeline-airflow-venv/lib/python3.11/site-packages/airflow/example_dags/example_sensors.py
[2023-08-15T18:25:15.591-0300] {processor.py:836} INFO - DAG(s) dict_keys(['example_sensors']) retrieved from /home/alan/repos/pipeline_airflow/pipeline-airflow-venv/lib/python3.11/site-packages/airflow/example_dags/example_sensors.py
[2023-08-15T18:25:16.666-0300] {logging_mixin.py:150} INFO - [2023-08-15T18:25:16.665-0300] {dag.py:2742} INFO - Sync 1 DAGs
[2023-08-15T18:25:20.715-0300] {logging_mixin.py:150} INFO - [2023-08-15T18:25:20.715-0300] {dag.py:3504} INFO - Setting next_dagrun for example_sensors to None, run_after=None
[2023-08-15T18:25:24.192-0300] {processor.py:179} INFO - Processing /home/alan/repos/pipeline_airflow/pipeline-airflow-venv/lib/python3.11/site-packages/airflow/example_dags/example_sensors.py took 8.767 seconds
[2023-08-15T18:26:33.928-0300] {processor.py:157} INFO - Started process (PID=20747) to work on /home/alan/repos/pipeline_airflow/pipeline-airflow-venv/lib/python3.11/site-packages/airflow/example_dags/example_sensors.py
[2023-08-15T18:26:33.936-0300] {processor.py:826} INFO - Processing file /home/alan/repos/pipeline_airflow/pipeline-airflow-venv/lib/python3.11/site-packages/airflow/example_dags/example_sensors.py for tasks to queue
[2023-08-15T18:26:33.938-0300] {logging_mixin.py:150} INFO - [2023-08-15T18:26:33.937-0300] {dagbag.py:541} INFO - Filling up the DagBag from /home/alan/repos/pipeline_airflow/pipeline-airflow-venv/lib/python3.11/site-packages/airflow/example_dags/example_sensors.py
[2023-08-15T18:26:33.959-0300] {processor.py:836} INFO - DAG(s) dict_keys(['example_sensors']) retrieved from /home/alan/repos/pipeline_airflow/pipeline-airflow-venv/lib/python3.11/site-packages/airflow/example_dags/example_sensors.py
[2023-08-15T18:26:34.001-0300] {logging_mixin.py:150} INFO - [2023-08-15T18:26:34.001-0300] {dag.py:2742} INFO - Sync 1 DAGs
[2023-08-15T18:26:34.036-0300] {logging_mixin.py:150} INFO - [2023-08-15T18:26:34.036-0300] {dag.py:3504} INFO - Setting next_dagrun for example_sensors to None, run_after=None
[2023-08-15T18:26:34.157-0300] {processor.py:179} INFO - Processing /home/alan/repos/pipeline_airflow/pipeline-airflow-venv/lib/python3.11/site-packages/airflow/example_dags/example_sensors.py took 0.235 seconds
[2023-08-15T18:27:37.316-0300] {processor.py:157} INFO - Started process (PID=20978) to work on /home/alan/repos/pipeline_airflow/pipeline-airflow-venv/lib/python3.11/site-packages/airflow/example_dags/example_sensors.py
[2023-08-15T18:27:37.323-0300] {processor.py:826} INFO - Processing file /home/alan/repos/pipeline_airflow/pipeline-airflow-venv/lib/python3.11/site-packages/airflow/example_dags/example_sensors.py for tasks to queue
[2023-08-15T18:27:37.325-0300] {logging_mixin.py:150} INFO - [2023-08-15T18:27:37.324-0300] {dagbag.py:541} INFO - Filling up the DagBag from /home/alan/repos/pipeline_airflow/pipeline-airflow-venv/lib/python3.11/site-packages/airflow/example_dags/example_sensors.py
[2023-08-15T18:27:37.346-0300] {processor.py:836} INFO - DAG(s) dict_keys(['example_sensors']) retrieved from /home/alan/repos/pipeline_airflow/pipeline-airflow-venv/lib/python3.11/site-packages/airflow/example_dags/example_sensors.py
[2023-08-15T18:27:37.382-0300] {logging_mixin.py:150} INFO - [2023-08-15T18:27:37.382-0300] {dag.py:2742} INFO - Sync 1 DAGs
[2023-08-15T18:27:37.417-0300] {logging_mixin.py:150} INFO - [2023-08-15T18:27:37.416-0300] {dag.py:3504} INFO - Setting next_dagrun for example_sensors to None, run_after=None
[2023-08-15T18:27:37.532-0300] {processor.py:179} INFO - Processing /home/alan/repos/pipeline_airflow/pipeline-airflow-venv/lib/python3.11/site-packages/airflow/example_dags/example_sensors.py took 0.222 seconds
[2023-08-15T18:28:36.312-0300] {processor.py:157} INFO - Started process (PID=21211) to work on /home/alan/repos/pipeline_airflow/pipeline-airflow-venv/lib/python3.11/site-packages/airflow/example_dags/example_sensors.py
[2023-08-15T18:28:36.314-0300] {processor.py:826} INFO - Processing file /home/alan/repos/pipeline_airflow/pipeline-airflow-venv/lib/python3.11/site-packages/airflow/example_dags/example_sensors.py for tasks to queue
[2023-08-15T18:28:36.315-0300] {logging_mixin.py:150} INFO - [2023-08-15T18:28:36.314-0300] {dagbag.py:541} INFO - Filling up the DagBag from /home/alan/repos/pipeline_airflow/pipeline-airflow-venv/lib/python3.11/site-packages/airflow/example_dags/example_sensors.py
[2023-08-15T18:28:36.371-0300] {processor.py:836} INFO - DAG(s) dict_keys(['example_sensors']) retrieved from /home/alan/repos/pipeline_airflow/pipeline-airflow-venv/lib/python3.11/site-packages/airflow/example_dags/example_sensors.py
[2023-08-15T18:28:36.431-0300] {logging_mixin.py:150} INFO - [2023-08-15T18:28:36.431-0300] {dag.py:2742} INFO - Sync 1 DAGs
[2023-08-15T18:28:36.495-0300] {logging_mixin.py:150} INFO - [2023-08-15T18:28:36.495-0300] {dag.py:3504} INFO - Setting next_dagrun for example_sensors to None, run_after=None
[2023-08-15T18:28:36.752-0300] {processor.py:179} INFO - Processing /home/alan/repos/pipeline_airflow/pipeline-airflow-venv/lib/python3.11/site-packages/airflow/example_dags/example_sensors.py took 0.446 seconds
[2023-08-15T18:29:38.508-0300] {processor.py:157} INFO - Started process (PID=21438) to work on /home/alan/repos/pipeline_airflow/pipeline-airflow-venv/lib/python3.11/site-packages/airflow/example_dags/example_sensors.py
[2023-08-15T18:29:38.509-0300] {processor.py:826} INFO - Processing file /home/alan/repos/pipeline_airflow/pipeline-airflow-venv/lib/python3.11/site-packages/airflow/example_dags/example_sensors.py for tasks to queue
[2023-08-15T18:29:38.510-0300] {logging_mixin.py:150} INFO - [2023-08-15T18:29:38.510-0300] {dagbag.py:541} INFO - Filling up the DagBag from /home/alan/repos/pipeline_airflow/pipeline-airflow-venv/lib/python3.11/site-packages/airflow/example_dags/example_sensors.py
[2023-08-15T18:29:38.528-0300] {processor.py:836} INFO - DAG(s) dict_keys(['example_sensors']) retrieved from /home/alan/repos/pipeline_airflow/pipeline-airflow-venv/lib/python3.11/site-packages/airflow/example_dags/example_sensors.py
[2023-08-15T18:29:38.563-0300] {logging_mixin.py:150} INFO - [2023-08-15T18:29:38.563-0300] {dag.py:2742} INFO - Sync 1 DAGs
[2023-08-15T18:29:38.597-0300] {logging_mixin.py:150} INFO - [2023-08-15T18:29:38.597-0300] {dag.py:3504} INFO - Setting next_dagrun for example_sensors to None, run_after=None
[2023-08-15T18:29:38.718-0300] {processor.py:179} INFO - Processing /home/alan/repos/pipeline_airflow/pipeline-airflow-venv/lib/python3.11/site-packages/airflow/example_dags/example_sensors.py took 0.216 seconds
[2023-08-15T18:30:36.173-0300] {processor.py:157} INFO - Started process (PID=21666) to work on /home/alan/repos/pipeline_airflow/pipeline-airflow-venv/lib/python3.11/site-packages/airflow/example_dags/example_sensors.py
[2023-08-15T18:30:36.179-0300] {processor.py:826} INFO - Processing file /home/alan/repos/pipeline_airflow/pipeline-airflow-venv/lib/python3.11/site-packages/airflow/example_dags/example_sensors.py for tasks to queue
[2023-08-15T18:30:36.180-0300] {logging_mixin.py:150} INFO - [2023-08-15T18:30:36.180-0300] {dagbag.py:541} INFO - Filling up the DagBag from /home/alan/repos/pipeline_airflow/pipeline-airflow-venv/lib/python3.11/site-packages/airflow/example_dags/example_sensors.py
[2023-08-15T18:30:36.203-0300] {processor.py:836} INFO - DAG(s) dict_keys(['example_sensors']) retrieved from /home/alan/repos/pipeline_airflow/pipeline-airflow-venv/lib/python3.11/site-packages/airflow/example_dags/example_sensors.py
[2023-08-15T18:30:36.256-0300] {logging_mixin.py:150} INFO - [2023-08-15T18:30:36.255-0300] {dag.py:2742} INFO - Sync 1 DAGs
[2023-08-15T18:30:36.305-0300] {logging_mixin.py:150} INFO - [2023-08-15T18:30:36.305-0300] {dag.py:3504} INFO - Setting next_dagrun for example_sensors to None, run_after=None
[2023-08-15T18:30:36.413-0300] {processor.py:179} INFO - Processing /home/alan/repos/pipeline_airflow/pipeline-airflow-venv/lib/python3.11/site-packages/airflow/example_dags/example_sensors.py took 0.246 seconds
[2023-08-15T18:31:31.055-0300] {processor.py:157} INFO - Started process (PID=21856) to work on /home/alan/repos/pipeline_airflow/pipeline-airflow-venv/lib/python3.11/site-packages/airflow/example_dags/example_sensors.py
[2023-08-15T18:31:31.068-0300] {processor.py:826} INFO - Processing file /home/alan/repos/pipeline_airflow/pipeline-airflow-venv/lib/python3.11/site-packages/airflow/example_dags/example_sensors.py for tasks to queue
[2023-08-15T18:31:31.070-0300] {logging_mixin.py:150} INFO - [2023-08-15T18:31:31.069-0300] {dagbag.py:541} INFO - Filling up the DagBag from /home/alan/repos/pipeline_airflow/pipeline-airflow-venv/lib/python3.11/site-packages/airflow/example_dags/example_sensors.py
[2023-08-15T18:31:31.091-0300] {processor.py:836} INFO - DAG(s) dict_keys(['example_sensors']) retrieved from /home/alan/repos/pipeline_airflow/pipeline-airflow-venv/lib/python3.11/site-packages/airflow/example_dags/example_sensors.py
[2023-08-15T18:31:31.127-0300] {logging_mixin.py:150} INFO - [2023-08-15T18:31:31.127-0300] {dag.py:2742} INFO - Sync 1 DAGs
[2023-08-15T18:31:31.163-0300] {logging_mixin.py:150} INFO - [2023-08-15T18:31:31.163-0300] {dag.py:3504} INFO - Setting next_dagrun for example_sensors to None, run_after=None
[2023-08-15T18:31:31.269-0300] {processor.py:179} INFO - Processing /home/alan/repos/pipeline_airflow/pipeline-airflow-venv/lib/python3.11/site-packages/airflow/example_dags/example_sensors.py took 0.221 seconds
[2023-08-15T18:32:27.403-0300] {processor.py:157} INFO - Started process (PID=22077) to work on /home/alan/repos/pipeline_airflow/pipeline-airflow-venv/lib/python3.11/site-packages/airflow/example_dags/example_sensors.py
[2023-08-15T18:32:27.409-0300] {processor.py:826} INFO - Processing file /home/alan/repos/pipeline_airflow/pipeline-airflow-venv/lib/python3.11/site-packages/airflow/example_dags/example_sensors.py for tasks to queue
[2023-08-15T18:32:27.411-0300] {logging_mixin.py:150} INFO - [2023-08-15T18:32:27.410-0300] {dagbag.py:541} INFO - Filling up the DagBag from /home/alan/repos/pipeline_airflow/pipeline-airflow-venv/lib/python3.11/site-packages/airflow/example_dags/example_sensors.py
[2023-08-15T18:32:27.432-0300] {processor.py:836} INFO - DAG(s) dict_keys(['example_sensors']) retrieved from /home/alan/repos/pipeline_airflow/pipeline-airflow-venv/lib/python3.11/site-packages/airflow/example_dags/example_sensors.py
[2023-08-15T18:32:27.482-0300] {logging_mixin.py:150} INFO - [2023-08-15T18:32:27.482-0300] {dag.py:2742} INFO - Sync 1 DAGs
[2023-08-15T18:32:27.533-0300] {logging_mixin.py:150} INFO - [2023-08-15T18:32:27.532-0300] {dag.py:3504} INFO - Setting next_dagrun for example_sensors to None, run_after=None
[2023-08-15T18:32:27.636-0300] {processor.py:179} INFO - Processing /home/alan/repos/pipeline_airflow/pipeline-airflow-venv/lib/python3.11/site-packages/airflow/example_dags/example_sensors.py took 0.238 seconds
[2023-08-15T18:33:24.543-0300] {processor.py:157} INFO - Started process (PID=22293) to work on /home/alan/repos/pipeline_airflow/pipeline-airflow-venv/lib/python3.11/site-packages/airflow/example_dags/example_sensors.py
[2023-08-15T18:33:24.545-0300] {processor.py:826} INFO - Processing file /home/alan/repos/pipeline_airflow/pipeline-airflow-venv/lib/python3.11/site-packages/airflow/example_dags/example_sensors.py for tasks to queue
[2023-08-15T18:33:24.546-0300] {logging_mixin.py:150} INFO - [2023-08-15T18:33:24.546-0300] {dagbag.py:541} INFO - Filling up the DagBag from /home/alan/repos/pipeline_airflow/pipeline-airflow-venv/lib/python3.11/site-packages/airflow/example_dags/example_sensors.py
[2023-08-15T18:33:24.567-0300] {processor.py:836} INFO - DAG(s) dict_keys(['example_sensors']) retrieved from /home/alan/repos/pipeline_airflow/pipeline-airflow-venv/lib/python3.11/site-packages/airflow/example_dags/example_sensors.py
[2023-08-15T18:33:24.606-0300] {logging_mixin.py:150} INFO - [2023-08-15T18:33:24.606-0300] {dag.py:2742} INFO - Sync 1 DAGs
[2023-08-15T18:33:24.643-0300] {logging_mixin.py:150} INFO - [2023-08-15T18:33:24.643-0300] {dag.py:3504} INFO - Setting next_dagrun for example_sensors to None, run_after=None
[2023-08-15T18:33:24.767-0300] {processor.py:179} INFO - Processing /home/alan/repos/pipeline_airflow/pipeline-airflow-venv/lib/python3.11/site-packages/airflow/example_dags/example_sensors.py took 0.229 seconds
[2023-08-15T18:34:21.347-0300] {processor.py:157} INFO - Started process (PID=22496) to work on /home/alan/repos/pipeline_airflow/pipeline-airflow-venv/lib/python3.11/site-packages/airflow/example_dags/example_sensors.py
[2023-08-15T18:34:21.361-0300] {processor.py:826} INFO - Processing file /home/alan/repos/pipeline_airflow/pipeline-airflow-venv/lib/python3.11/site-packages/airflow/example_dags/example_sensors.py for tasks to queue
[2023-08-15T18:34:21.362-0300] {logging_mixin.py:150} INFO - [2023-08-15T18:34:21.362-0300] {dagbag.py:541} INFO - Filling up the DagBag from /home/alan/repos/pipeline_airflow/pipeline-airflow-venv/lib/python3.11/site-packages/airflow/example_dags/example_sensors.py
[2023-08-15T18:34:21.382-0300] {processor.py:836} INFO - DAG(s) dict_keys(['example_sensors']) retrieved from /home/alan/repos/pipeline_airflow/pipeline-airflow-venv/lib/python3.11/site-packages/airflow/example_dags/example_sensors.py
[2023-08-15T18:34:21.423-0300] {logging_mixin.py:150} INFO - [2023-08-15T18:34:21.423-0300] {dag.py:2742} INFO - Sync 1 DAGs
[2023-08-15T18:34:21.463-0300] {logging_mixin.py:150} INFO - [2023-08-15T18:34:21.463-0300] {dag.py:3504} INFO - Setting next_dagrun for example_sensors to None, run_after=None
[2023-08-15T18:34:21.600-0300] {processor.py:179} INFO - Processing /home/alan/repos/pipeline_airflow/pipeline-airflow-venv/lib/python3.11/site-packages/airflow/example_dags/example_sensors.py took 0.258 seconds
[2023-08-15T18:35:14.005-0300] {processor.py:157} INFO - Started process (PID=22684) to work on /home/alan/repos/pipeline_airflow/pipeline-airflow-venv/lib/python3.11/site-packages/airflow/example_dags/example_sensors.py
[2023-08-15T18:35:14.012-0300] {processor.py:826} INFO - Processing file /home/alan/repos/pipeline_airflow/pipeline-airflow-venv/lib/python3.11/site-packages/airflow/example_dags/example_sensors.py for tasks to queue
[2023-08-15T18:35:14.013-0300] {logging_mixin.py:150} INFO - [2023-08-15T18:35:14.013-0300] {dagbag.py:541} INFO - Filling up the DagBag from /home/alan/repos/pipeline_airflow/pipeline-airflow-venv/lib/python3.11/site-packages/airflow/example_dags/example_sensors.py
[2023-08-15T18:35:14.037-0300] {processor.py:836} INFO - DAG(s) dict_keys(['example_sensors']) retrieved from /home/alan/repos/pipeline_airflow/pipeline-airflow-venv/lib/python3.11/site-packages/airflow/example_dags/example_sensors.py
[2023-08-15T18:35:14.073-0300] {logging_mixin.py:150} INFO - [2023-08-15T18:35:14.072-0300] {dag.py:2742} INFO - Sync 1 DAGs
[2023-08-15T18:35:14.107-0300] {logging_mixin.py:150} INFO - [2023-08-15T18:35:14.107-0300] {dag.py:3504} INFO - Setting next_dagrun for example_sensors to None, run_after=None
[2023-08-15T18:35:14.284-0300] {processor.py:179} INFO - Processing /home/alan/repos/pipeline_airflow/pipeline-airflow-venv/lib/python3.11/site-packages/airflow/example_dags/example_sensors.py took 0.289 seconds
[2023-08-15T18:36:11.235-0300] {processor.py:157} INFO - Started process (PID=22886) to work on /home/alan/repos/pipeline_airflow/pipeline-airflow-venv/lib/python3.11/site-packages/airflow/example_dags/example_sensors.py
[2023-08-15T18:36:11.252-0300] {processor.py:826} INFO - Processing file /home/alan/repos/pipeline_airflow/pipeline-airflow-venv/lib/python3.11/site-packages/airflow/example_dags/example_sensors.py for tasks to queue
[2023-08-15T18:36:11.254-0300] {logging_mixin.py:150} INFO - [2023-08-15T18:36:11.253-0300] {dagbag.py:541} INFO - Filling up the DagBag from /home/alan/repos/pipeline_airflow/pipeline-airflow-venv/lib/python3.11/site-packages/airflow/example_dags/example_sensors.py
[2023-08-15T18:36:11.277-0300] {processor.py:836} INFO - DAG(s) dict_keys(['example_sensors']) retrieved from /home/alan/repos/pipeline_airflow/pipeline-airflow-venv/lib/python3.11/site-packages/airflow/example_dags/example_sensors.py
[2023-08-15T18:36:11.322-0300] {logging_mixin.py:150} INFO - [2023-08-15T18:36:11.322-0300] {dag.py:2742} INFO - Sync 1 DAGs
[2023-08-15T18:36:11.370-0300] {logging_mixin.py:150} INFO - [2023-08-15T18:36:11.369-0300] {dag.py:3504} INFO - Setting next_dagrun for example_sensors to None, run_after=None
[2023-08-15T18:36:11.532-0300] {processor.py:179} INFO - Processing /home/alan/repos/pipeline_airflow/pipeline-airflow-venv/lib/python3.11/site-packages/airflow/example_dags/example_sensors.py took 0.314 seconds
[2023-08-15T18:37:10.395-0300] {processor.py:157} INFO - Started process (PID=23110) to work on /home/alan/repos/pipeline_airflow/pipeline-airflow-venv/lib/python3.11/site-packages/airflow/example_dags/example_sensors.py
[2023-08-15T18:37:10.411-0300] {processor.py:826} INFO - Processing file /home/alan/repos/pipeline_airflow/pipeline-airflow-venv/lib/python3.11/site-packages/airflow/example_dags/example_sensors.py for tasks to queue
[2023-08-15T18:37:10.412-0300] {logging_mixin.py:150} INFO - [2023-08-15T18:37:10.411-0300] {dagbag.py:541} INFO - Filling up the DagBag from /home/alan/repos/pipeline_airflow/pipeline-airflow-venv/lib/python3.11/site-packages/airflow/example_dags/example_sensors.py
[2023-08-15T18:37:10.429-0300] {processor.py:836} INFO - DAG(s) dict_keys(['example_sensors']) retrieved from /home/alan/repos/pipeline_airflow/pipeline-airflow-venv/lib/python3.11/site-packages/airflow/example_dags/example_sensors.py
[2023-08-15T18:37:10.468-0300] {logging_mixin.py:150} INFO - [2023-08-15T18:37:10.468-0300] {dag.py:2742} INFO - Sync 1 DAGs
[2023-08-15T18:37:10.505-0300] {logging_mixin.py:150} INFO - [2023-08-15T18:37:10.504-0300] {dag.py:3504} INFO - Setting next_dagrun for example_sensors to None, run_after=None
[2023-08-15T18:37:10.652-0300] {processor.py:179} INFO - Processing /home/alan/repos/pipeline_airflow/pipeline-airflow-venv/lib/python3.11/site-packages/airflow/example_dags/example_sensors.py took 0.262 seconds
[2023-08-15T18:38:03.740-0300] {processor.py:157} INFO - Started process (PID=23333) to work on /home/alan/repos/pipeline_airflow/pipeline-airflow-venv/lib/python3.11/site-packages/airflow/example_dags/example_sensors.py
[2023-08-15T18:38:03.742-0300] {processor.py:826} INFO - Processing file /home/alan/repos/pipeline_airflow/pipeline-airflow-venv/lib/python3.11/site-packages/airflow/example_dags/example_sensors.py for tasks to queue
[2023-08-15T18:38:03.743-0300] {logging_mixin.py:150} INFO - [2023-08-15T18:38:03.743-0300] {dagbag.py:541} INFO - Filling up the DagBag from /home/alan/repos/pipeline_airflow/pipeline-airflow-venv/lib/python3.11/site-packages/airflow/example_dags/example_sensors.py
[2023-08-15T18:38:03.764-0300] {processor.py:836} INFO - DAG(s) dict_keys(['example_sensors']) retrieved from /home/alan/repos/pipeline_airflow/pipeline-airflow-venv/lib/python3.11/site-packages/airflow/example_dags/example_sensors.py
[2023-08-15T18:38:03.801-0300] {logging_mixin.py:150} INFO - [2023-08-15T18:38:03.800-0300] {dag.py:2742} INFO - Sync 1 DAGs
[2023-08-15T18:38:03.835-0300] {logging_mixin.py:150} INFO - [2023-08-15T18:38:03.835-0300] {dag.py:3504} INFO - Setting next_dagrun for example_sensors to None, run_after=None
[2023-08-15T18:38:04.067-0300] {processor.py:179} INFO - Processing /home/alan/repos/pipeline_airflow/pipeline-airflow-venv/lib/python3.11/site-packages/airflow/example_dags/example_sensors.py took 0.333 seconds
[2023-08-15T18:44:20.504-0300] {processor.py:157} INFO - Started process (PID=23723) to work on /home/alan/repos/pipeline_airflow/pipeline-airflow-venv/lib/python3.11/site-packages/airflow/example_dags/example_sensors.py
[2023-08-15T18:44:20.522-0300] {processor.py:826} INFO - Processing file /home/alan/repos/pipeline_airflow/pipeline-airflow-venv/lib/python3.11/site-packages/airflow/example_dags/example_sensors.py for tasks to queue
[2023-08-15T18:44:20.524-0300] {logging_mixin.py:150} INFO - [2023-08-15T18:44:20.523-0300] {dagbag.py:541} INFO - Filling up the DagBag from /home/alan/repos/pipeline_airflow/pipeline-airflow-venv/lib/python3.11/site-packages/airflow/example_dags/example_sensors.py
[2023-08-15T18:44:20.548-0300] {processor.py:836} INFO - DAG(s) dict_keys(['example_sensors']) retrieved from /home/alan/repos/pipeline_airflow/pipeline-airflow-venv/lib/python3.11/site-packages/airflow/example_dags/example_sensors.py
[2023-08-15T18:44:20.565-0300] {logging_mixin.py:150} INFO - [2023-08-15T18:44:20.565-0300] {dag.py:2742} INFO - Sync 1 DAGs
[2023-08-15T18:44:20.603-0300] {logging_mixin.py:150} INFO - [2023-08-15T18:44:20.603-0300] {dag.py:3504} INFO - Setting next_dagrun for example_sensors to None, run_after=None
[2023-08-15T18:44:20.740-0300] {processor.py:179} INFO - Processing /home/alan/repos/pipeline_airflow/pipeline-airflow-venv/lib/python3.11/site-packages/airflow/example_dags/example_sensors.py took 0.241 seconds
[2023-08-15T18:45:41.744-0300] {processor.py:157} INFO - Started process (PID=24136) to work on /home/alan/repos/pipeline_airflow/pipeline-airflow-venv/lib/python3.11/site-packages/airflow/example_dags/example_sensors.py
[2023-08-15T18:45:41.762-0300] {processor.py:826} INFO - Processing file /home/alan/repos/pipeline_airflow/pipeline-airflow-venv/lib/python3.11/site-packages/airflow/example_dags/example_sensors.py for tasks to queue
[2023-08-15T18:45:41.764-0300] {logging_mixin.py:150} INFO - [2023-08-15T18:45:41.763-0300] {dagbag.py:541} INFO - Filling up the DagBag from /home/alan/repos/pipeline_airflow/pipeline-airflow-venv/lib/python3.11/site-packages/airflow/example_dags/example_sensors.py
[2023-08-15T18:45:41.790-0300] {processor.py:836} INFO - DAG(s) dict_keys(['example_sensors']) retrieved from /home/alan/repos/pipeline_airflow/pipeline-airflow-venv/lib/python3.11/site-packages/airflow/example_dags/example_sensors.py
[2023-08-15T18:45:41.832-0300] {logging_mixin.py:150} INFO - [2023-08-15T18:45:41.831-0300] {dag.py:2742} INFO - Sync 1 DAGs
[2023-08-15T18:45:41.867-0300] {logging_mixin.py:150} INFO - [2023-08-15T18:45:41.867-0300] {dag.py:3504} INFO - Setting next_dagrun for example_sensors to None, run_after=None
[2023-08-15T18:45:41.973-0300] {processor.py:179} INFO - Processing /home/alan/repos/pipeline_airflow/pipeline-airflow-venv/lib/python3.11/site-packages/airflow/example_dags/example_sensors.py took 0.236 seconds
[2023-08-15T18:46:48.974-0300] {processor.py:157} INFO - Started process (PID=24365) to work on /home/alan/repos/pipeline_airflow/pipeline-airflow-venv/lib/python3.11/site-packages/airflow/example_dags/example_sensors.py
[2023-08-15T18:46:48.989-0300] {processor.py:826} INFO - Processing file /home/alan/repos/pipeline_airflow/pipeline-airflow-venv/lib/python3.11/site-packages/airflow/example_dags/example_sensors.py for tasks to queue
[2023-08-15T18:46:48.991-0300] {logging_mixin.py:150} INFO - [2023-08-15T18:46:48.990-0300] {dagbag.py:541} INFO - Filling up the DagBag from /home/alan/repos/pipeline_airflow/pipeline-airflow-venv/lib/python3.11/site-packages/airflow/example_dags/example_sensors.py
[2023-08-15T18:46:49.013-0300] {processor.py:836} INFO - DAG(s) dict_keys(['example_sensors']) retrieved from /home/alan/repos/pipeline_airflow/pipeline-airflow-venv/lib/python3.11/site-packages/airflow/example_dags/example_sensors.py
[2023-08-15T18:46:49.059-0300] {logging_mixin.py:150} INFO - [2023-08-15T18:46:49.058-0300] {dag.py:2742} INFO - Sync 1 DAGs
[2023-08-15T18:46:49.101-0300] {logging_mixin.py:150} INFO - [2023-08-15T18:46:49.101-0300] {dag.py:3504} INFO - Setting next_dagrun for example_sensors to None, run_after=None
[2023-08-15T18:46:49.213-0300] {processor.py:179} INFO - Processing /home/alan/repos/pipeline_airflow/pipeline-airflow-venv/lib/python3.11/site-packages/airflow/example_dags/example_sensors.py took 0.246 seconds
[2023-08-15T18:47:52.114-0300] {processor.py:157} INFO - Started process (PID=24594) to work on /home/alan/repos/pipeline_airflow/pipeline-airflow-venv/lib/python3.11/site-packages/airflow/example_dags/example_sensors.py
[2023-08-15T18:47:52.121-0300] {processor.py:826} INFO - Processing file /home/alan/repos/pipeline_airflow/pipeline-airflow-venv/lib/python3.11/site-packages/airflow/example_dags/example_sensors.py for tasks to queue
[2023-08-15T18:47:52.122-0300] {logging_mixin.py:150} INFO - [2023-08-15T18:47:52.122-0300] {dagbag.py:541} INFO - Filling up the DagBag from /home/alan/repos/pipeline_airflow/pipeline-airflow-venv/lib/python3.11/site-packages/airflow/example_dags/example_sensors.py
[2023-08-15T18:47:52.169-0300] {processor.py:836} INFO - DAG(s) dict_keys(['example_sensors']) retrieved from /home/alan/repos/pipeline_airflow/pipeline-airflow-venv/lib/python3.11/site-packages/airflow/example_dags/example_sensors.py
[2023-08-15T18:47:52.247-0300] {logging_mixin.py:150} INFO - [2023-08-15T18:47:52.247-0300] {dag.py:2742} INFO - Sync 1 DAGs
[2023-08-15T18:47:52.289-0300] {logging_mixin.py:150} INFO - [2023-08-15T18:47:52.289-0300] {dag.py:3504} INFO - Setting next_dagrun for example_sensors to None, run_after=None
[2023-08-15T18:47:52.661-0300] {processor.py:179} INFO - Processing /home/alan/repos/pipeline_airflow/pipeline-airflow-venv/lib/python3.11/site-packages/airflow/example_dags/example_sensors.py took 0.559 seconds
[2023-08-15T18:49:00.529-0300] {processor.py:157} INFO - Started process (PID=24815) to work on /home/alan/repos/pipeline_airflow/pipeline-airflow-venv/lib/python3.11/site-packages/airflow/example_dags/example_sensors.py
[2023-08-15T18:49:00.531-0300] {processor.py:826} INFO - Processing file /home/alan/repos/pipeline_airflow/pipeline-airflow-venv/lib/python3.11/site-packages/airflow/example_dags/example_sensors.py for tasks to queue
[2023-08-15T18:49:00.533-0300] {logging_mixin.py:150} INFO - [2023-08-15T18:49:00.531-0300] {dagbag.py:541} INFO - Filling up the DagBag from /home/alan/repos/pipeline_airflow/pipeline-airflow-venv/lib/python3.11/site-packages/airflow/example_dags/example_sensors.py
[2023-08-15T18:49:00.564-0300] {processor.py:836} INFO - DAG(s) dict_keys(['example_sensors']) retrieved from /home/alan/repos/pipeline_airflow/pipeline-airflow-venv/lib/python3.11/site-packages/airflow/example_dags/example_sensors.py
[2023-08-15T18:49:00.795-0300] {logging_mixin.py:150} INFO - [2023-08-15T18:49:00.795-0300] {dag.py:2742} INFO - Sync 1 DAGs
[2023-08-15T18:49:00.840-0300] {logging_mixin.py:150} INFO - [2023-08-15T18:49:00.837-0300] {dag.py:3504} INFO - Setting next_dagrun for example_sensors to None, run_after=None
[2023-08-15T18:49:00.955-0300] {processor.py:179} INFO - Processing /home/alan/repos/pipeline_airflow/pipeline-airflow-venv/lib/python3.11/site-packages/airflow/example_dags/example_sensors.py took 0.441 seconds
[2023-08-15T18:50:03.492-0300] {processor.py:157} INFO - Started process (PID=25038) to work on /home/alan/repos/pipeline_airflow/pipeline-airflow-venv/lib/python3.11/site-packages/airflow/example_dags/example_sensors.py
[2023-08-15T18:50:03.497-0300] {processor.py:826} INFO - Processing file /home/alan/repos/pipeline_airflow/pipeline-airflow-venv/lib/python3.11/site-packages/airflow/example_dags/example_sensors.py for tasks to queue
[2023-08-15T18:50:03.498-0300] {logging_mixin.py:150} INFO - [2023-08-15T18:50:03.497-0300] {dagbag.py:541} INFO - Filling up the DagBag from /home/alan/repos/pipeline_airflow/pipeline-airflow-venv/lib/python3.11/site-packages/airflow/example_dags/example_sensors.py
[2023-08-15T18:50:03.536-0300] {processor.py:836} INFO - DAG(s) dict_keys(['example_sensors']) retrieved from /home/alan/repos/pipeline_airflow/pipeline-airflow-venv/lib/python3.11/site-packages/airflow/example_dags/example_sensors.py
[2023-08-15T18:50:03.578-0300] {logging_mixin.py:150} INFO - [2023-08-15T18:50:03.578-0300] {dag.py:2742} INFO - Sync 1 DAGs
[2023-08-15T18:50:03.619-0300] {logging_mixin.py:150} INFO - [2023-08-15T18:50:03.618-0300] {dag.py:3504} INFO - Setting next_dagrun for example_sensors to None, run_after=None
[2023-08-15T18:50:03.731-0300] {processor.py:179} INFO - Processing /home/alan/repos/pipeline_airflow/pipeline-airflow-venv/lib/python3.11/site-packages/airflow/example_dags/example_sensors.py took 0.257 seconds
[2023-08-15T18:51:08.313-0300] {processor.py:157} INFO - Started process (PID=25320) to work on /home/alan/repos/pipeline_airflow/pipeline-airflow-venv/lib/python3.11/site-packages/airflow/example_dags/example_sensors.py
[2023-08-15T18:51:08.337-0300] {processor.py:826} INFO - Processing file /home/alan/repos/pipeline_airflow/pipeline-airflow-venv/lib/python3.11/site-packages/airflow/example_dags/example_sensors.py for tasks to queue
[2023-08-15T18:51:08.339-0300] {logging_mixin.py:150} INFO - [2023-08-15T18:51:08.338-0300] {dagbag.py:541} INFO - Filling up the DagBag from /home/alan/repos/pipeline_airflow/pipeline-airflow-venv/lib/python3.11/site-packages/airflow/example_dags/example_sensors.py
[2023-08-15T18:51:08.361-0300] {processor.py:836} INFO - DAG(s) dict_keys(['example_sensors']) retrieved from /home/alan/repos/pipeline_airflow/pipeline-airflow-venv/lib/python3.11/site-packages/airflow/example_dags/example_sensors.py
[2023-08-15T18:51:08.404-0300] {logging_mixin.py:150} INFO - [2023-08-15T18:51:08.403-0300] {dag.py:2742} INFO - Sync 1 DAGs
[2023-08-15T18:51:08.463-0300] {logging_mixin.py:150} INFO - [2023-08-15T18:51:08.462-0300] {dag.py:3504} INFO - Setting next_dagrun for example_sensors to None, run_after=None
[2023-08-15T18:51:08.717-0300] {processor.py:179} INFO - Processing /home/alan/repos/pipeline_airflow/pipeline-airflow-venv/lib/python3.11/site-packages/airflow/example_dags/example_sensors.py took 0.409 seconds
[2023-08-15T18:52:20.050-0300] {processor.py:157} INFO - Started process (PID=25664) to work on /home/alan/repos/pipeline_airflow/pipeline-airflow-venv/lib/python3.11/site-packages/airflow/example_dags/example_sensors.py
[2023-08-15T18:52:20.060-0300] {processor.py:826} INFO - Processing file /home/alan/repos/pipeline_airflow/pipeline-airflow-venv/lib/python3.11/site-packages/airflow/example_dags/example_sensors.py for tasks to queue
[2023-08-15T18:52:20.061-0300] {logging_mixin.py:150} INFO - [2023-08-15T18:52:20.060-0300] {dagbag.py:541} INFO - Filling up the DagBag from /home/alan/repos/pipeline_airflow/pipeline-airflow-venv/lib/python3.11/site-packages/airflow/example_dags/example_sensors.py
[2023-08-15T18:52:20.080-0300] {processor.py:836} INFO - DAG(s) dict_keys(['example_sensors']) retrieved from /home/alan/repos/pipeline_airflow/pipeline-airflow-venv/lib/python3.11/site-packages/airflow/example_dags/example_sensors.py
[2023-08-15T18:52:20.116-0300] {logging_mixin.py:150} INFO - [2023-08-15T18:52:20.116-0300] {dag.py:2742} INFO - Sync 1 DAGs
[2023-08-15T18:52:20.251-0300] {logging_mixin.py:150} INFO - [2023-08-15T18:52:20.250-0300] {dag.py:3504} INFO - Setting next_dagrun for example_sensors to None, run_after=None
[2023-08-15T18:52:20.786-0300] {processor.py:179} INFO - Processing /home/alan/repos/pipeline_airflow/pipeline-airflow-venv/lib/python3.11/site-packages/airflow/example_dags/example_sensors.py took 0.741 seconds
[2023-08-15T18:53:17.725-0300] {processor.py:157} INFO - Started process (PID=25912) to work on /home/alan/repos/pipeline_airflow/pipeline-airflow-venv/lib/python3.11/site-packages/airflow/example_dags/example_sensors.py
[2023-08-15T18:53:17.734-0300] {processor.py:826} INFO - Processing file /home/alan/repos/pipeline_airflow/pipeline-airflow-venv/lib/python3.11/site-packages/airflow/example_dags/example_sensors.py for tasks to queue
[2023-08-15T18:53:17.736-0300] {logging_mixin.py:150} INFO - [2023-08-15T18:53:17.735-0300] {dagbag.py:541} INFO - Filling up the DagBag from /home/alan/repos/pipeline_airflow/pipeline-airflow-venv/lib/python3.11/site-packages/airflow/example_dags/example_sensors.py
[2023-08-15T18:53:17.759-0300] {processor.py:836} INFO - DAG(s) dict_keys(['example_sensors']) retrieved from /home/alan/repos/pipeline_airflow/pipeline-airflow-venv/lib/python3.11/site-packages/airflow/example_dags/example_sensors.py
[2023-08-15T18:53:17.797-0300] {logging_mixin.py:150} INFO - [2023-08-15T18:53:17.796-0300] {dag.py:2742} INFO - Sync 1 DAGs
[2023-08-15T18:53:17.830-0300] {logging_mixin.py:150} INFO - [2023-08-15T18:53:17.830-0300] {dag.py:3504} INFO - Setting next_dagrun for example_sensors to None, run_after=None
[2023-08-15T18:53:17.936-0300] {processor.py:179} INFO - Processing /home/alan/repos/pipeline_airflow/pipeline-airflow-venv/lib/python3.11/site-packages/airflow/example_dags/example_sensors.py took 0.218 seconds
[2023-08-15T18:54:12.821-0300] {processor.py:157} INFO - Started process (PID=26121) to work on /home/alan/repos/pipeline_airflow/pipeline-airflow-venv/lib/python3.11/site-packages/airflow/example_dags/example_sensors.py
[2023-08-15T18:54:12.833-0300] {processor.py:826} INFO - Processing file /home/alan/repos/pipeline_airflow/pipeline-airflow-venv/lib/python3.11/site-packages/airflow/example_dags/example_sensors.py for tasks to queue
[2023-08-15T18:54:12.835-0300] {logging_mixin.py:150} INFO - [2023-08-15T18:54:12.834-0300] {dagbag.py:541} INFO - Filling up the DagBag from /home/alan/repos/pipeline_airflow/pipeline-airflow-venv/lib/python3.11/site-packages/airflow/example_dags/example_sensors.py
[2023-08-15T18:54:12.858-0300] {processor.py:836} INFO - DAG(s) dict_keys(['example_sensors']) retrieved from /home/alan/repos/pipeline_airflow/pipeline-airflow-venv/lib/python3.11/site-packages/airflow/example_dags/example_sensors.py
[2023-08-15T18:54:12.892-0300] {logging_mixin.py:150} INFO - [2023-08-15T18:54:12.892-0300] {dag.py:2742} INFO - Sync 1 DAGs
[2023-08-15T18:54:12.927-0300] {logging_mixin.py:150} INFO - [2023-08-15T18:54:12.926-0300] {dag.py:3504} INFO - Setting next_dagrun for example_sensors to None, run_after=None
[2023-08-15T18:54:13.043-0300] {processor.py:179} INFO - Processing /home/alan/repos/pipeline_airflow/pipeline-airflow-venv/lib/python3.11/site-packages/airflow/example_dags/example_sensors.py took 0.228 seconds
[2023-08-15T18:56:17.588-0300] {processor.py:157} INFO - Started process (PID=26817) to work on /home/alan/repos/pipeline_airflow/pipeline-airflow-venv/lib/python3.11/site-packages/airflow/example_dags/example_sensors.py
[2023-08-15T18:56:17.713-0300] {processor.py:826} INFO - Processing file /home/alan/repos/pipeline_airflow/pipeline-airflow-venv/lib/python3.11/site-packages/airflow/example_dags/example_sensors.py for tasks to queue
[2023-08-15T18:56:17.717-0300] {logging_mixin.py:150} INFO - [2023-08-15T18:56:17.715-0300] {dagbag.py:541} INFO - Filling up the DagBag from /home/alan/repos/pipeline_airflow/pipeline-airflow-venv/lib/python3.11/site-packages/airflow/example_dags/example_sensors.py
[2023-08-15T18:56:17.805-0300] {processor.py:836} INFO - DAG(s) dict_keys(['example_sensors']) retrieved from /home/alan/repos/pipeline_airflow/pipeline-airflow-venv/lib/python3.11/site-packages/airflow/example_dags/example_sensors.py
[2023-08-15T18:56:18.530-0300] {logging_mixin.py:150} INFO - [2023-08-15T18:56:18.529-0300] {dag.py:2742} INFO - Sync 1 DAGs
[2023-08-15T18:56:18.594-0300] {logging_mixin.py:150} INFO - [2023-08-15T18:56:18.594-0300] {dag.py:3504} INFO - Setting next_dagrun for example_sensors to None, run_after=None
[2023-08-15T18:56:21.537-0300] {processor.py:179} INFO - Processing /home/alan/repos/pipeline_airflow/pipeline-airflow-venv/lib/python3.11/site-packages/airflow/example_dags/example_sensors.py took 3.960 seconds
[2023-08-15T18:58:18.964-0300] {processor.py:157} INFO - Started process (PID=27076) to work on /home/alan/repos/pipeline_airflow/pipeline-airflow-venv/lib/python3.11/site-packages/airflow/example_dags/example_sensors.py
[2023-08-15T18:58:19.040-0300] {processor.py:826} INFO - Processing file /home/alan/repos/pipeline_airflow/pipeline-airflow-venv/lib/python3.11/site-packages/airflow/example_dags/example_sensors.py for tasks to queue
[2023-08-15T18:58:19.042-0300] {logging_mixin.py:150} INFO - [2023-08-15T18:58:19.041-0300] {dagbag.py:541} INFO - Filling up the DagBag from /home/alan/repos/pipeline_airflow/pipeline-airflow-venv/lib/python3.11/site-packages/airflow/example_dags/example_sensors.py
[2023-08-15T18:58:19.117-0300] {processor.py:836} INFO - DAG(s) dict_keys(['example_sensors']) retrieved from /home/alan/repos/pipeline_airflow/pipeline-airflow-venv/lib/python3.11/site-packages/airflow/example_dags/example_sensors.py
[2023-08-15T18:58:19.225-0300] {logging_mixin.py:150} INFO - [2023-08-15T18:58:19.225-0300] {dag.py:2742} INFO - Sync 1 DAGs
[2023-08-15T18:58:19.276-0300] {logging_mixin.py:150} INFO - [2023-08-15T18:58:19.275-0300] {dag.py:3504} INFO - Setting next_dagrun for example_sensors to None, run_after=None
[2023-08-15T18:58:20.610-0300] {processor.py:179} INFO - Processing /home/alan/repos/pipeline_airflow/pipeline-airflow-venv/lib/python3.11/site-packages/airflow/example_dags/example_sensors.py took 1.651 seconds
[2023-08-15T19:01:36.216-0300] {processor.py:157} INFO - Started process (PID=27568) to work on /home/alan/repos/pipeline_airflow/pipeline-airflow-venv/lib/python3.11/site-packages/airflow/example_dags/example_sensors.py
[2023-08-15T19:01:36.266-0300] {processor.py:826} INFO - Processing file /home/alan/repos/pipeline_airflow/pipeline-airflow-venv/lib/python3.11/site-packages/airflow/example_dags/example_sensors.py for tasks to queue
[2023-08-15T19:01:36.268-0300] {logging_mixin.py:150} INFO - [2023-08-15T19:01:36.267-0300] {dagbag.py:541} INFO - Filling up the DagBag from /home/alan/repos/pipeline_airflow/pipeline-airflow-venv/lib/python3.11/site-packages/airflow/example_dags/example_sensors.py
[2023-08-15T19:01:36.332-0300] {processor.py:836} INFO - DAG(s) dict_keys(['example_sensors']) retrieved from /home/alan/repos/pipeline_airflow/pipeline-airflow-venv/lib/python3.11/site-packages/airflow/example_dags/example_sensors.py
[2023-08-15T19:01:36.450-0300] {logging_mixin.py:150} INFO - [2023-08-15T19:01:36.450-0300] {dag.py:2742} INFO - Sync 1 DAGs
[2023-08-15T19:01:36.530-0300] {logging_mixin.py:150} INFO - [2023-08-15T19:01:36.529-0300] {dag.py:3504} INFO - Setting next_dagrun for example_sensors to None, run_after=None
[2023-08-15T19:01:36.838-0300] {processor.py:179} INFO - Processing /home/alan/repos/pipeline_airflow/pipeline-airflow-venv/lib/python3.11/site-packages/airflow/example_dags/example_sensors.py took 0.636 seconds
[2023-08-15T19:02:56.521-0300] {processor.py:157} INFO - Started process (PID=27835) to work on /home/alan/repos/pipeline_airflow/pipeline-airflow-venv/lib/python3.11/site-packages/airflow/example_dags/example_sensors.py
[2023-08-15T19:02:56.568-0300] {processor.py:826} INFO - Processing file /home/alan/repos/pipeline_airflow/pipeline-airflow-venv/lib/python3.11/site-packages/airflow/example_dags/example_sensors.py for tasks to queue
[2023-08-15T19:02:56.570-0300] {logging_mixin.py:150} INFO - [2023-08-15T19:02:56.570-0300] {dagbag.py:541} INFO - Filling up the DagBag from /home/alan/repos/pipeline_airflow/pipeline-airflow-venv/lib/python3.11/site-packages/airflow/example_dags/example_sensors.py
[2023-08-15T19:02:56.595-0300] {processor.py:836} INFO - DAG(s) dict_keys(['example_sensors']) retrieved from /home/alan/repos/pipeline_airflow/pipeline-airflow-venv/lib/python3.11/site-packages/airflow/example_dags/example_sensors.py
[2023-08-15T19:02:56.637-0300] {logging_mixin.py:150} INFO - [2023-08-15T19:02:56.637-0300] {dag.py:2742} INFO - Sync 1 DAGs
[2023-08-15T19:02:56.671-0300] {logging_mixin.py:150} INFO - [2023-08-15T19:02:56.671-0300] {dag.py:3504} INFO - Setting next_dagrun for example_sensors to None, run_after=None
[2023-08-15T19:02:56.946-0300] {processor.py:179} INFO - Processing /home/alan/repos/pipeline_airflow/pipeline-airflow-venv/lib/python3.11/site-packages/airflow/example_dags/example_sensors.py took 0.429 seconds
[2023-08-15T19:04:14.410-0300] {processor.py:157} INFO - Started process (PID=28237) to work on /home/alan/repos/pipeline_airflow/pipeline-airflow-venv/lib/python3.11/site-packages/airflow/example_dags/example_sensors.py
[2023-08-15T19:04:14.424-0300] {processor.py:826} INFO - Processing file /home/alan/repos/pipeline_airflow/pipeline-airflow-venv/lib/python3.11/site-packages/airflow/example_dags/example_sensors.py for tasks to queue
[2023-08-15T19:04:14.425-0300] {logging_mixin.py:150} INFO - [2023-08-15T19:04:14.425-0300] {dagbag.py:541} INFO - Filling up the DagBag from /home/alan/repos/pipeline_airflow/pipeline-airflow-venv/lib/python3.11/site-packages/airflow/example_dags/example_sensors.py
[2023-08-15T19:04:14.444-0300] {processor.py:836} INFO - DAG(s) dict_keys(['example_sensors']) retrieved from /home/alan/repos/pipeline_airflow/pipeline-airflow-venv/lib/python3.11/site-packages/airflow/example_dags/example_sensors.py
[2023-08-15T19:04:14.481-0300] {logging_mixin.py:150} INFO - [2023-08-15T19:04:14.480-0300] {dag.py:2742} INFO - Sync 1 DAGs
[2023-08-15T19:04:14.525-0300] {logging_mixin.py:150} INFO - [2023-08-15T19:04:14.524-0300] {dag.py:3504} INFO - Setting next_dagrun for example_sensors to None, run_after=None
[2023-08-15T19:04:14.809-0300] {processor.py:179} INFO - Processing /home/alan/repos/pipeline_airflow/pipeline-airflow-venv/lib/python3.11/site-packages/airflow/example_dags/example_sensors.py took 0.404 seconds
[2023-08-15T19:05:41.009-0300] {processor.py:157} INFO - Started process (PID=28662) to work on /home/alan/repos/pipeline_airflow/pipeline-airflow-venv/lib/python3.11/site-packages/airflow/example_dags/example_sensors.py
[2023-08-15T19:05:41.019-0300] {processor.py:826} INFO - Processing file /home/alan/repos/pipeline_airflow/pipeline-airflow-venv/lib/python3.11/site-packages/airflow/example_dags/example_sensors.py for tasks to queue
[2023-08-15T19:05:41.021-0300] {logging_mixin.py:150} INFO - [2023-08-15T19:05:41.020-0300] {dagbag.py:541} INFO - Filling up the DagBag from /home/alan/repos/pipeline_airflow/pipeline-airflow-venv/lib/python3.11/site-packages/airflow/example_dags/example_sensors.py
[2023-08-15T19:05:41.046-0300] {processor.py:836} INFO - DAG(s) dict_keys(['example_sensors']) retrieved from /home/alan/repos/pipeline_airflow/pipeline-airflow-venv/lib/python3.11/site-packages/airflow/example_dags/example_sensors.py
[2023-08-15T19:05:41.093-0300] {logging_mixin.py:150} INFO - [2023-08-15T19:05:41.092-0300] {dag.py:2742} INFO - Sync 1 DAGs
[2023-08-15T19:05:41.141-0300] {logging_mixin.py:150} INFO - [2023-08-15T19:05:41.140-0300] {dag.py:3504} INFO - Setting next_dagrun for example_sensors to None, run_after=None
[2023-08-15T19:05:41.293-0300] {processor.py:179} INFO - Processing /home/alan/repos/pipeline_airflow/pipeline-airflow-venv/lib/python3.11/site-packages/airflow/example_dags/example_sensors.py took 0.290 seconds
[2023-08-15T19:06:44.251-0300] {processor.py:157} INFO - Started process (PID=28822) to work on /home/alan/repos/pipeline_airflow/pipeline-airflow-venv/lib/python3.11/site-packages/airflow/example_dags/example_sensors.py
[2023-08-15T19:06:44.262-0300] {processor.py:826} INFO - Processing file /home/alan/repos/pipeline_airflow/pipeline-airflow-venv/lib/python3.11/site-packages/airflow/example_dags/example_sensors.py for tasks to queue
[2023-08-15T19:06:44.264-0300] {logging_mixin.py:150} INFO - [2023-08-15T19:06:44.263-0300] {dagbag.py:541} INFO - Filling up the DagBag from /home/alan/repos/pipeline_airflow/pipeline-airflow-venv/lib/python3.11/site-packages/airflow/example_dags/example_sensors.py
[2023-08-15T19:06:44.284-0300] {processor.py:836} INFO - DAG(s) dict_keys(['example_sensors']) retrieved from /home/alan/repos/pipeline_airflow/pipeline-airflow-venv/lib/python3.11/site-packages/airflow/example_dags/example_sensors.py
[2023-08-15T19:06:44.321-0300] {logging_mixin.py:150} INFO - [2023-08-15T19:06:44.321-0300] {dag.py:2742} INFO - Sync 1 DAGs
[2023-08-15T19:06:44.355-0300] {logging_mixin.py:150} INFO - [2023-08-15T19:06:44.355-0300] {dag.py:3504} INFO - Setting next_dagrun for example_sensors to None, run_after=None
[2023-08-15T19:06:44.477-0300] {processor.py:179} INFO - Processing /home/alan/repos/pipeline_airflow/pipeline-airflow-venv/lib/python3.11/site-packages/airflow/example_dags/example_sensors.py took 0.232 seconds
[2023-08-15T19:07:47.197-0300] {processor.py:157} INFO - Started process (PID=29095) to work on /home/alan/repos/pipeline_airflow/pipeline-airflow-venv/lib/python3.11/site-packages/airflow/example_dags/example_sensors.py
[2023-08-15T19:07:47.217-0300] {processor.py:826} INFO - Processing file /home/alan/repos/pipeline_airflow/pipeline-airflow-venv/lib/python3.11/site-packages/airflow/example_dags/example_sensors.py for tasks to queue
[2023-08-15T19:07:47.219-0300] {logging_mixin.py:150} INFO - [2023-08-15T19:07:47.218-0300] {dagbag.py:541} INFO - Filling up the DagBag from /home/alan/repos/pipeline_airflow/pipeline-airflow-venv/lib/python3.11/site-packages/airflow/example_dags/example_sensors.py
[2023-08-15T19:07:47.240-0300] {processor.py:836} INFO - DAG(s) dict_keys(['example_sensors']) retrieved from /home/alan/repos/pipeline_airflow/pipeline-airflow-venv/lib/python3.11/site-packages/airflow/example_dags/example_sensors.py
[2023-08-15T19:07:47.278-0300] {logging_mixin.py:150} INFO - [2023-08-15T19:07:47.278-0300] {dag.py:2742} INFO - Sync 1 DAGs
[2023-08-15T19:07:47.312-0300] {logging_mixin.py:150} INFO - [2023-08-15T19:07:47.312-0300] {dag.py:3504} INFO - Setting next_dagrun for example_sensors to None, run_after=None
[2023-08-15T19:07:47.417-0300] {processor.py:179} INFO - Processing /home/alan/repos/pipeline_airflow/pipeline-airflow-venv/lib/python3.11/site-packages/airflow/example_dags/example_sensors.py took 0.226 seconds
[2023-08-15T19:08:52.548-0300] {processor.py:157} INFO - Started process (PID=29262) to work on /home/alan/repos/pipeline_airflow/pipeline-airflow-venv/lib/python3.11/site-packages/airflow/example_dags/example_sensors.py
[2023-08-15T19:08:52.550-0300] {processor.py:826} INFO - Processing file /home/alan/repos/pipeline_airflow/pipeline-airflow-venv/lib/python3.11/site-packages/airflow/example_dags/example_sensors.py for tasks to queue
[2023-08-15T19:08:52.552-0300] {logging_mixin.py:150} INFO - [2023-08-15T19:08:52.551-0300] {dagbag.py:541} INFO - Filling up the DagBag from /home/alan/repos/pipeline_airflow/pipeline-airflow-venv/lib/python3.11/site-packages/airflow/example_dags/example_sensors.py
[2023-08-15T19:08:52.573-0300] {processor.py:836} INFO - DAG(s) dict_keys(['example_sensors']) retrieved from /home/alan/repos/pipeline_airflow/pipeline-airflow-venv/lib/python3.11/site-packages/airflow/example_dags/example_sensors.py
[2023-08-15T19:08:52.611-0300] {logging_mixin.py:150} INFO - [2023-08-15T19:08:52.611-0300] {dag.py:2742} INFO - Sync 1 DAGs
[2023-08-15T19:08:52.645-0300] {logging_mixin.py:150} INFO - [2023-08-15T19:08:52.645-0300] {dag.py:3504} INFO - Setting next_dagrun for example_sensors to None, run_after=None
[2023-08-15T19:08:52.753-0300] {processor.py:179} INFO - Processing /home/alan/repos/pipeline_airflow/pipeline-airflow-venv/lib/python3.11/site-packages/airflow/example_dags/example_sensors.py took 0.212 seconds
[2023-08-15T19:09:52.411-0300] {processor.py:157} INFO - Started process (PID=29417) to work on /home/alan/repos/pipeline_airflow/pipeline-airflow-venv/lib/python3.11/site-packages/airflow/example_dags/example_sensors.py
[2023-08-15T19:09:52.415-0300] {processor.py:826} INFO - Processing file /home/alan/repos/pipeline_airflow/pipeline-airflow-venv/lib/python3.11/site-packages/airflow/example_dags/example_sensors.py for tasks to queue
[2023-08-15T19:09:52.417-0300] {logging_mixin.py:150} INFO - [2023-08-15T19:09:52.416-0300] {dagbag.py:541} INFO - Filling up the DagBag from /home/alan/repos/pipeline_airflow/pipeline-airflow-venv/lib/python3.11/site-packages/airflow/example_dags/example_sensors.py
[2023-08-15T19:09:52.437-0300] {processor.py:836} INFO - DAG(s) dict_keys(['example_sensors']) retrieved from /home/alan/repos/pipeline_airflow/pipeline-airflow-venv/lib/python3.11/site-packages/airflow/example_dags/example_sensors.py
[2023-08-15T19:09:52.477-0300] {logging_mixin.py:150} INFO - [2023-08-15T19:09:52.476-0300] {dag.py:2742} INFO - Sync 1 DAGs
[2023-08-15T19:09:52.516-0300] {logging_mixin.py:150} INFO - [2023-08-15T19:09:52.516-0300] {dag.py:3504} INFO - Setting next_dagrun for example_sensors to None, run_after=None
[2023-08-15T19:09:52.621-0300] {processor.py:179} INFO - Processing /home/alan/repos/pipeline_airflow/pipeline-airflow-venv/lib/python3.11/site-packages/airflow/example_dags/example_sensors.py took 0.224 seconds
[2023-08-15T19:10:51.878-0300] {processor.py:157} INFO - Started process (PID=29575) to work on /home/alan/repos/pipeline_airflow/pipeline-airflow-venv/lib/python3.11/site-packages/airflow/example_dags/example_sensors.py
[2023-08-15T19:10:51.880-0300] {processor.py:826} INFO - Processing file /home/alan/repos/pipeline_airflow/pipeline-airflow-venv/lib/python3.11/site-packages/airflow/example_dags/example_sensors.py for tasks to queue
[2023-08-15T19:10:51.883-0300] {logging_mixin.py:150} INFO - [2023-08-15T19:10:51.882-0300] {dagbag.py:541} INFO - Filling up the DagBag from /home/alan/repos/pipeline_airflow/pipeline-airflow-venv/lib/python3.11/site-packages/airflow/example_dags/example_sensors.py
[2023-08-15T19:10:51.908-0300] {processor.py:836} INFO - DAG(s) dict_keys(['example_sensors']) retrieved from /home/alan/repos/pipeline_airflow/pipeline-airflow-venv/lib/python3.11/site-packages/airflow/example_dags/example_sensors.py
[2023-08-15T19:10:51.945-0300] {logging_mixin.py:150} INFO - [2023-08-15T19:10:51.945-0300] {dag.py:2742} INFO - Sync 1 DAGs
[2023-08-15T19:10:51.979-0300] {logging_mixin.py:150} INFO - [2023-08-15T19:10:51.979-0300] {dag.py:3504} INFO - Setting next_dagrun for example_sensors to None, run_after=None
[2023-08-15T19:10:52.085-0300] {processor.py:179} INFO - Processing /home/alan/repos/pipeline_airflow/pipeline-airflow-venv/lib/python3.11/site-packages/airflow/example_dags/example_sensors.py took 0.214 seconds
[2023-08-15T19:11:54.106-0300] {processor.py:157} INFO - Started process (PID=29805) to work on /home/alan/repos/pipeline_airflow/pipeline-airflow-venv/lib/python3.11/site-packages/airflow/example_dags/example_sensors.py
[2023-08-15T19:11:54.110-0300] {processor.py:826} INFO - Processing file /home/alan/repos/pipeline_airflow/pipeline-airflow-venv/lib/python3.11/site-packages/airflow/example_dags/example_sensors.py for tasks to queue
[2023-08-15T19:11:54.112-0300] {logging_mixin.py:150} INFO - [2023-08-15T19:11:54.111-0300] {dagbag.py:541} INFO - Filling up the DagBag from /home/alan/repos/pipeline_airflow/pipeline-airflow-venv/lib/python3.11/site-packages/airflow/example_dags/example_sensors.py
[2023-08-15T19:11:54.154-0300] {processor.py:836} INFO - DAG(s) dict_keys(['example_sensors']) retrieved from /home/alan/repos/pipeline_airflow/pipeline-airflow-venv/lib/python3.11/site-packages/airflow/example_dags/example_sensors.py
[2023-08-15T19:11:54.200-0300] {logging_mixin.py:150} INFO - [2023-08-15T19:11:54.200-0300] {dag.py:2742} INFO - Sync 1 DAGs
[2023-08-15T19:11:54.241-0300] {logging_mixin.py:150} INFO - [2023-08-15T19:11:54.241-0300] {dag.py:3504} INFO - Setting next_dagrun for example_sensors to None, run_after=None
[2023-08-15T19:11:54.370-0300] {processor.py:179} INFO - Processing /home/alan/repos/pipeline_airflow/pipeline-airflow-venv/lib/python3.11/site-packages/airflow/example_dags/example_sensors.py took 0.269 seconds
[2023-08-15T19:12:56.052-0300] {processor.py:157} INFO - Started process (PID=30003) to work on /home/alan/repos/pipeline_airflow/pipeline-airflow-venv/lib/python3.11/site-packages/airflow/example_dags/example_sensors.py
[2023-08-15T19:12:56.056-0300] {processor.py:826} INFO - Processing file /home/alan/repos/pipeline_airflow/pipeline-airflow-venv/lib/python3.11/site-packages/airflow/example_dags/example_sensors.py for tasks to queue
[2023-08-15T19:12:56.058-0300] {logging_mixin.py:150} INFO - [2023-08-15T19:12:56.057-0300] {dagbag.py:541} INFO - Filling up the DagBag from /home/alan/repos/pipeline_airflow/pipeline-airflow-venv/lib/python3.11/site-packages/airflow/example_dags/example_sensors.py
[2023-08-15T19:12:56.079-0300] {processor.py:836} INFO - DAG(s) dict_keys(['example_sensors']) retrieved from /home/alan/repos/pipeline_airflow/pipeline-airflow-venv/lib/python3.11/site-packages/airflow/example_dags/example_sensors.py
[2023-08-15T19:12:56.123-0300] {logging_mixin.py:150} INFO - [2023-08-15T19:12:56.123-0300] {dag.py:2742} INFO - Sync 1 DAGs
[2023-08-15T19:12:56.162-0300] {logging_mixin.py:150} INFO - [2023-08-15T19:12:56.161-0300] {dag.py:3504} INFO - Setting next_dagrun for example_sensors to None, run_after=None
[2023-08-15T19:12:56.281-0300] {processor.py:179} INFO - Processing /home/alan/repos/pipeline_airflow/pipeline-airflow-venv/lib/python3.11/site-packages/airflow/example_dags/example_sensors.py took 0.243 seconds
[2023-08-15T19:13:55.378-0300] {processor.py:157} INFO - Started process (PID=30157) to work on /home/alan/repos/pipeline_airflow/pipeline-airflow-venv/lib/python3.11/site-packages/airflow/example_dags/example_sensors.py
[2023-08-15T19:13:55.388-0300] {processor.py:826} INFO - Processing file /home/alan/repos/pipeline_airflow/pipeline-airflow-venv/lib/python3.11/site-packages/airflow/example_dags/example_sensors.py for tasks to queue
[2023-08-15T19:13:55.390-0300] {logging_mixin.py:150} INFO - [2023-08-15T19:13:55.390-0300] {dagbag.py:541} INFO - Filling up the DagBag from /home/alan/repos/pipeline_airflow/pipeline-airflow-venv/lib/python3.11/site-packages/airflow/example_dags/example_sensors.py
[2023-08-15T19:13:55.409-0300] {processor.py:836} INFO - DAG(s) dict_keys(['example_sensors']) retrieved from /home/alan/repos/pipeline_airflow/pipeline-airflow-venv/lib/python3.11/site-packages/airflow/example_dags/example_sensors.py
[2023-08-15T19:13:55.446-0300] {logging_mixin.py:150} INFO - [2023-08-15T19:13:55.446-0300] {dag.py:2742} INFO - Sync 1 DAGs
[2023-08-15T19:13:55.487-0300] {logging_mixin.py:150} INFO - [2023-08-15T19:13:55.487-0300] {dag.py:3504} INFO - Setting next_dagrun for example_sensors to None, run_after=None
[2023-08-15T19:13:55.609-0300] {processor.py:179} INFO - Processing /home/alan/repos/pipeline_airflow/pipeline-airflow-venv/lib/python3.11/site-packages/airflow/example_dags/example_sensors.py took 0.237 seconds
[2023-08-15T19:14:53.875-0300] {processor.py:157} INFO - Started process (PID=30307) to work on /home/alan/repos/pipeline_airflow/pipeline-airflow-venv/lib/python3.11/site-packages/airflow/example_dags/example_sensors.py
[2023-08-15T19:14:53.881-0300] {processor.py:826} INFO - Processing file /home/alan/repos/pipeline_airflow/pipeline-airflow-venv/lib/python3.11/site-packages/airflow/example_dags/example_sensors.py for tasks to queue
[2023-08-15T19:14:53.883-0300] {logging_mixin.py:150} INFO - [2023-08-15T19:14:53.882-0300] {dagbag.py:541} INFO - Filling up the DagBag from /home/alan/repos/pipeline_airflow/pipeline-airflow-venv/lib/python3.11/site-packages/airflow/example_dags/example_sensors.py
[2023-08-15T19:14:53.904-0300] {processor.py:836} INFO - DAG(s) dict_keys(['example_sensors']) retrieved from /home/alan/repos/pipeline_airflow/pipeline-airflow-venv/lib/python3.11/site-packages/airflow/example_dags/example_sensors.py
[2023-08-15T19:14:53.941-0300] {logging_mixin.py:150} INFO - [2023-08-15T19:14:53.941-0300] {dag.py:2742} INFO - Sync 1 DAGs
[2023-08-15T19:14:53.977-0300] {logging_mixin.py:150} INFO - [2023-08-15T19:14:53.977-0300] {dag.py:3504} INFO - Setting next_dagrun for example_sensors to None, run_after=None
[2023-08-15T19:14:54.079-0300] {processor.py:179} INFO - Processing /home/alan/repos/pipeline_airflow/pipeline-airflow-venv/lib/python3.11/site-packages/airflow/example_dags/example_sensors.py took 0.210 seconds
[2023-08-15T19:15:48.279-0300] {processor.py:157} INFO - Started process (PID=30446) to work on /home/alan/repos/pipeline_airflow/pipeline-airflow-venv/lib/python3.11/site-packages/airflow/example_dags/example_sensors.py
[2023-08-15T19:15:48.290-0300] {processor.py:826} INFO - Processing file /home/alan/repos/pipeline_airflow/pipeline-airflow-venv/lib/python3.11/site-packages/airflow/example_dags/example_sensors.py for tasks to queue
[2023-08-15T19:15:48.291-0300] {logging_mixin.py:150} INFO - [2023-08-15T19:15:48.290-0300] {dagbag.py:541} INFO - Filling up the DagBag from /home/alan/repos/pipeline_airflow/pipeline-airflow-venv/lib/python3.11/site-packages/airflow/example_dags/example_sensors.py
[2023-08-15T19:15:48.322-0300] {processor.py:836} INFO - DAG(s) dict_keys(['example_sensors']) retrieved from /home/alan/repos/pipeline_airflow/pipeline-airflow-venv/lib/python3.11/site-packages/airflow/example_dags/example_sensors.py
[2023-08-15T19:15:48.363-0300] {logging_mixin.py:150} INFO - [2023-08-15T19:15:48.363-0300] {dag.py:2742} INFO - Sync 1 DAGs
[2023-08-15T19:15:48.402-0300] {logging_mixin.py:150} INFO - [2023-08-15T19:15:48.402-0300] {dag.py:3504} INFO - Setting next_dagrun for example_sensors to None, run_after=None
[2023-08-15T19:15:48.500-0300] {processor.py:179} INFO - Processing /home/alan/repos/pipeline_airflow/pipeline-airflow-venv/lib/python3.11/site-packages/airflow/example_dags/example_sensors.py took 0.226 seconds
[2023-08-15T19:16:47.853-0300] {processor.py:157} INFO - Started process (PID=30607) to work on /home/alan/repos/pipeline_airflow/pipeline-airflow-venv/lib/python3.11/site-packages/airflow/example_dags/example_sensors.py
[2023-08-15T19:16:47.855-0300] {processor.py:826} INFO - Processing file /home/alan/repos/pipeline_airflow/pipeline-airflow-venv/lib/python3.11/site-packages/airflow/example_dags/example_sensors.py for tasks to queue
[2023-08-15T19:16:47.857-0300] {logging_mixin.py:150} INFO - [2023-08-15T19:16:47.856-0300] {dagbag.py:541} INFO - Filling up the DagBag from /home/alan/repos/pipeline_airflow/pipeline-airflow-venv/lib/python3.11/site-packages/airflow/example_dags/example_sensors.py
[2023-08-15T19:16:47.877-0300] {processor.py:836} INFO - DAG(s) dict_keys(['example_sensors']) retrieved from /home/alan/repos/pipeline_airflow/pipeline-airflow-venv/lib/python3.11/site-packages/airflow/example_dags/example_sensors.py
[2023-08-15T19:16:47.913-0300] {logging_mixin.py:150} INFO - [2023-08-15T19:16:47.912-0300] {dag.py:2742} INFO - Sync 1 DAGs
[2023-08-15T19:16:47.948-0300] {logging_mixin.py:150} INFO - [2023-08-15T19:16:47.948-0300] {dag.py:3504} INFO - Setting next_dagrun for example_sensors to None, run_after=None
[2023-08-15T19:16:48.064-0300] {processor.py:179} INFO - Processing /home/alan/repos/pipeline_airflow/pipeline-airflow-venv/lib/python3.11/site-packages/airflow/example_dags/example_sensors.py took 0.218 seconds
[2023-08-15T19:17:49.575-0300] {processor.py:157} INFO - Started process (PID=30767) to work on /home/alan/repos/pipeline_airflow/pipeline-airflow-venv/lib/python3.11/site-packages/airflow/example_dags/example_sensors.py
[2023-08-15T19:17:49.577-0300] {processor.py:826} INFO - Processing file /home/alan/repos/pipeline_airflow/pipeline-airflow-venv/lib/python3.11/site-packages/airflow/example_dags/example_sensors.py for tasks to queue
[2023-08-15T19:17:49.579-0300] {logging_mixin.py:150} INFO - [2023-08-15T19:17:49.578-0300] {dagbag.py:541} INFO - Filling up the DagBag from /home/alan/repos/pipeline_airflow/pipeline-airflow-venv/lib/python3.11/site-packages/airflow/example_dags/example_sensors.py
[2023-08-15T19:17:49.598-0300] {processor.py:836} INFO - DAG(s) dict_keys(['example_sensors']) retrieved from /home/alan/repos/pipeline_airflow/pipeline-airflow-venv/lib/python3.11/site-packages/airflow/example_dags/example_sensors.py
[2023-08-15T19:17:49.634-0300] {logging_mixin.py:150} INFO - [2023-08-15T19:17:49.634-0300] {dag.py:2742} INFO - Sync 1 DAGs
[2023-08-15T19:17:49.668-0300] {logging_mixin.py:150} INFO - [2023-08-15T19:17:49.668-0300] {dag.py:3504} INFO - Setting next_dagrun for example_sensors to None, run_after=None
[2023-08-15T19:17:49.787-0300] {processor.py:179} INFO - Processing /home/alan/repos/pipeline_airflow/pipeline-airflow-venv/lib/python3.11/site-packages/airflow/example_dags/example_sensors.py took 0.218 seconds
[2023-08-15T19:18:46.139-0300] {processor.py:157} INFO - Started process (PID=30914) to work on /home/alan/repos/pipeline_airflow/pipeline-airflow-venv/lib/python3.11/site-packages/airflow/example_dags/example_sensors.py
[2023-08-15T19:18:46.141-0300] {processor.py:826} INFO - Processing file /home/alan/repos/pipeline_airflow/pipeline-airflow-venv/lib/python3.11/site-packages/airflow/example_dags/example_sensors.py for tasks to queue
[2023-08-15T19:18:46.143-0300] {logging_mixin.py:150} INFO - [2023-08-15T19:18:46.142-0300] {dagbag.py:541} INFO - Filling up the DagBag from /home/alan/repos/pipeline_airflow/pipeline-airflow-venv/lib/python3.11/site-packages/airflow/example_dags/example_sensors.py
[2023-08-15T19:18:46.163-0300] {processor.py:836} INFO - DAG(s) dict_keys(['example_sensors']) retrieved from /home/alan/repos/pipeline_airflow/pipeline-airflow-venv/lib/python3.11/site-packages/airflow/example_dags/example_sensors.py
[2023-08-15T19:18:46.199-0300] {logging_mixin.py:150} INFO - [2023-08-15T19:18:46.199-0300] {dag.py:2742} INFO - Sync 1 DAGs
[2023-08-15T19:18:46.234-0300] {logging_mixin.py:150} INFO - [2023-08-15T19:18:46.234-0300] {dag.py:3504} INFO - Setting next_dagrun for example_sensors to None, run_after=None
[2023-08-15T19:18:46.338-0300] {processor.py:179} INFO - Processing /home/alan/repos/pipeline_airflow/pipeline-airflow-venv/lib/python3.11/site-packages/airflow/example_dags/example_sensors.py took 0.205 seconds
[2023-08-15T19:19:42.921-0300] {processor.py:157} INFO - Started process (PID=31057) to work on /home/alan/repos/pipeline_airflow/pipeline-airflow-venv/lib/python3.11/site-packages/airflow/example_dags/example_sensors.py
[2023-08-15T19:19:42.923-0300] {processor.py:826} INFO - Processing file /home/alan/repos/pipeline_airflow/pipeline-airflow-venv/lib/python3.11/site-packages/airflow/example_dags/example_sensors.py for tasks to queue
[2023-08-15T19:19:42.925-0300] {logging_mixin.py:150} INFO - [2023-08-15T19:19:42.924-0300] {dagbag.py:541} INFO - Filling up the DagBag from /home/alan/repos/pipeline_airflow/pipeline-airflow-venv/lib/python3.11/site-packages/airflow/example_dags/example_sensors.py
[2023-08-15T19:19:42.949-0300] {processor.py:836} INFO - DAG(s) dict_keys(['example_sensors']) retrieved from /home/alan/repos/pipeline_airflow/pipeline-airflow-venv/lib/python3.11/site-packages/airflow/example_dags/example_sensors.py
[2023-08-15T19:19:42.988-0300] {logging_mixin.py:150} INFO - [2023-08-15T19:19:42.988-0300] {dag.py:2742} INFO - Sync 1 DAGs
[2023-08-15T19:19:43.023-0300] {logging_mixin.py:150} INFO - [2023-08-15T19:19:43.022-0300] {dag.py:3504} INFO - Setting next_dagrun for example_sensors to None, run_after=None
[2023-08-15T19:19:43.129-0300] {processor.py:179} INFO - Processing /home/alan/repos/pipeline_airflow/pipeline-airflow-venv/lib/python3.11/site-packages/airflow/example_dags/example_sensors.py took 0.216 seconds
[2023-08-15T19:20:53.287-0300] {processor.py:157} INFO - Started process (PID=31393) to work on /home/alan/repos/pipeline_airflow/pipeline-airflow-venv/lib/python3.11/site-packages/airflow/example_dags/example_sensors.py
[2023-08-15T19:20:53.323-0300] {processor.py:826} INFO - Processing file /home/alan/repos/pipeline_airflow/pipeline-airflow-venv/lib/python3.11/site-packages/airflow/example_dags/example_sensors.py for tasks to queue
[2023-08-15T19:20:53.326-0300] {logging_mixin.py:150} INFO - [2023-08-15T19:20:53.324-0300] {dagbag.py:541} INFO - Filling up the DagBag from /home/alan/repos/pipeline_airflow/pipeline-airflow-venv/lib/python3.11/site-packages/airflow/example_dags/example_sensors.py
[2023-08-15T19:20:53.353-0300] {processor.py:836} INFO - DAG(s) dict_keys(['example_sensors']) retrieved from /home/alan/repos/pipeline_airflow/pipeline-airflow-venv/lib/python3.11/site-packages/airflow/example_dags/example_sensors.py
[2023-08-15T19:20:53.400-0300] {logging_mixin.py:150} INFO - [2023-08-15T19:20:53.398-0300] {dag.py:2742} INFO - Sync 1 DAGs
[2023-08-15T19:20:53.447-0300] {logging_mixin.py:150} INFO - [2023-08-15T19:20:53.447-0300] {dag.py:3504} INFO - Setting next_dagrun for example_sensors to None, run_after=None
[2023-08-15T19:20:53.576-0300] {processor.py:179} INFO - Processing /home/alan/repos/pipeline_airflow/pipeline-airflow-venv/lib/python3.11/site-packages/airflow/example_dags/example_sensors.py took 0.296 seconds
[2023-08-15T19:22:02.578-0300] {processor.py:157} INFO - Started process (PID=31630) to work on /home/alan/repos/pipeline_airflow/pipeline-airflow-venv/lib/python3.11/site-packages/airflow/example_dags/example_sensors.py
[2023-08-15T19:22:02.681-0300] {processor.py:826} INFO - Processing file /home/alan/repos/pipeline_airflow/pipeline-airflow-venv/lib/python3.11/site-packages/airflow/example_dags/example_sensors.py for tasks to queue
[2023-08-15T19:22:02.684-0300] {logging_mixin.py:150} INFO - [2023-08-15T19:22:02.683-0300] {dagbag.py:541} INFO - Filling up the DagBag from /home/alan/repos/pipeline_airflow/pipeline-airflow-venv/lib/python3.11/site-packages/airflow/example_dags/example_sensors.py
[2023-08-15T19:22:02.711-0300] {processor.py:836} INFO - DAG(s) dict_keys(['example_sensors']) retrieved from /home/alan/repos/pipeline_airflow/pipeline-airflow-venv/lib/python3.11/site-packages/airflow/example_dags/example_sensors.py
[2023-08-15T19:22:02.754-0300] {logging_mixin.py:150} INFO - [2023-08-15T19:22:02.754-0300] {dag.py:2742} INFO - Sync 1 DAGs
[2023-08-15T19:22:02.790-0300] {logging_mixin.py:150} INFO - [2023-08-15T19:22:02.789-0300] {dag.py:3504} INFO - Setting next_dagrun for example_sensors to None, run_after=None
[2023-08-15T19:22:03.209-0300] {processor.py:179} INFO - Processing /home/alan/repos/pipeline_airflow/pipeline-airflow-venv/lib/python3.11/site-packages/airflow/example_dags/example_sensors.py took 0.636 seconds
