[2023-08-15T18:19:30.809-0300] {processor.py:157} INFO - Started process (PID=18217) to work on /home/alan/repos/pipeline_airflow/pipeline-airflow-venv/lib/python3.11/site-packages/airflow/example_dags/example_time_delta_sensor_async.py
[2023-08-15T18:19:30.811-0300] {processor.py:826} INFO - Processing file /home/alan/repos/pipeline_airflow/pipeline-airflow-venv/lib/python3.11/site-packages/airflow/example_dags/example_time_delta_sensor_async.py for tasks to queue
[2023-08-15T18:19:30.813-0300] {logging_mixin.py:150} INFO - [2023-08-15T18:19:30.812-0300] {dagbag.py:541} INFO - Filling up the DagBag from /home/alan/repos/pipeline_airflow/pipeline-airflow-venv/lib/python3.11/site-packages/airflow/example_dags/example_time_delta_sensor_async.py
[2023-08-15T18:19:30.828-0300] {processor.py:836} INFO - DAG(s) dict_keys(['example_time_delta_sensor_async']) retrieved from /home/alan/repos/pipeline_airflow/pipeline-airflow-venv/lib/python3.11/site-packages/airflow/example_dags/example_time_delta_sensor_async.py
[2023-08-15T18:19:31.292-0300] {logging_mixin.py:150} INFO - [2023-08-15T18:19:31.292-0300] {manager.py:504} INFO - Created Permission View: can delete on DAG:example_time_delta_sensor_async
[2023-08-15T18:19:31.403-0300] {logging_mixin.py:150} INFO - [2023-08-15T18:19:31.402-0300] {manager.py:504} INFO - Created Permission View: can edit on DAG:example_time_delta_sensor_async
[2023-08-15T18:19:31.503-0300] {logging_mixin.py:150} INFO - [2023-08-15T18:19:31.502-0300] {manager.py:504} INFO - Created Permission View: can read on DAG:example_time_delta_sensor_async
[2023-08-15T18:19:31.542-0300] {logging_mixin.py:150} INFO - [2023-08-15T18:19:31.542-0300] {dag.py:2742} INFO - Sync 1 DAGs
[2023-08-15T18:19:31.566-0300] {logging_mixin.py:150} INFO - [2023-08-15T18:19:31.566-0300] {dag.py:2763} INFO - Creating ORM DAG for example_time_delta_sensor_async
[2023-08-15T18:19:31.587-0300] {logging_mixin.py:150} INFO - [2023-08-15T18:19:31.587-0300] {dag.py:3504} INFO - Setting next_dagrun for example_time_delta_sensor_async to None, run_after=None
[2023-08-15T18:19:31.779-0300] {processor.py:179} INFO - Processing /home/alan/repos/pipeline_airflow/pipeline-airflow-venv/lib/python3.11/site-packages/airflow/example_dags/example_time_delta_sensor_async.py took 0.976 seconds
[2023-08-15T18:20:55.978-0300] {processor.py:157} INFO - Started process (PID=18798) to work on /home/alan/repos/pipeline_airflow/pipeline-airflow-venv/lib/python3.11/site-packages/airflow/example_dags/example_time_delta_sensor_async.py
[2023-08-15T18:20:55.980-0300] {processor.py:826} INFO - Processing file /home/alan/repos/pipeline_airflow/pipeline-airflow-venv/lib/python3.11/site-packages/airflow/example_dags/example_time_delta_sensor_async.py for tasks to queue
[2023-08-15T18:20:55.982-0300] {logging_mixin.py:150} INFO - [2023-08-15T18:20:55.981-0300] {dagbag.py:541} INFO - Filling up the DagBag from /home/alan/repos/pipeline_airflow/pipeline-airflow-venv/lib/python3.11/site-packages/airflow/example_dags/example_time_delta_sensor_async.py
[2023-08-15T18:20:55.990-0300] {processor.py:836} INFO - DAG(s) dict_keys(['example_time_delta_sensor_async']) retrieved from /home/alan/repos/pipeline_airflow/pipeline-airflow-venv/lib/python3.11/site-packages/airflow/example_dags/example_time_delta_sensor_async.py
[2023-08-15T18:20:56.021-0300] {logging_mixin.py:150} INFO - [2023-08-15T18:20:56.021-0300] {dag.py:2742} INFO - Sync 1 DAGs
[2023-08-15T18:20:56.054-0300] {logging_mixin.py:150} INFO - [2023-08-15T18:20:56.054-0300] {dag.py:3504} INFO - Setting next_dagrun for example_time_delta_sensor_async to None, run_after=None
[2023-08-15T18:20:56.177-0300] {processor.py:179} INFO - Processing /home/alan/repos/pipeline_airflow/pipeline-airflow-venv/lib/python3.11/site-packages/airflow/example_dags/example_time_delta_sensor_async.py took 0.205 seconds
[2023-08-15T18:21:51.909-0300] {processor.py:157} INFO - Started process (PID=19004) to work on /home/alan/repos/pipeline_airflow/pipeline-airflow-venv/lib/python3.11/site-packages/airflow/example_dags/example_time_delta_sensor_async.py
[2023-08-15T18:21:51.911-0300] {processor.py:826} INFO - Processing file /home/alan/repos/pipeline_airflow/pipeline-airflow-venv/lib/python3.11/site-packages/airflow/example_dags/example_time_delta_sensor_async.py for tasks to queue
[2023-08-15T18:21:51.913-0300] {logging_mixin.py:150} INFO - [2023-08-15T18:21:51.912-0300] {dagbag.py:541} INFO - Filling up the DagBag from /home/alan/repos/pipeline_airflow/pipeline-airflow-venv/lib/python3.11/site-packages/airflow/example_dags/example_time_delta_sensor_async.py
[2023-08-15T18:21:51.922-0300] {processor.py:836} INFO - DAG(s) dict_keys(['example_time_delta_sensor_async']) retrieved from /home/alan/repos/pipeline_airflow/pipeline-airflow-venv/lib/python3.11/site-packages/airflow/example_dags/example_time_delta_sensor_async.py
[2023-08-15T18:21:51.953-0300] {logging_mixin.py:150} INFO - [2023-08-15T18:21:51.953-0300] {dag.py:2742} INFO - Sync 1 DAGs
[2023-08-15T18:21:51.988-0300] {logging_mixin.py:150} INFO - [2023-08-15T18:21:51.987-0300] {dag.py:3504} INFO - Setting next_dagrun for example_time_delta_sensor_async to None, run_after=None
[2023-08-15T18:21:52.103-0300] {processor.py:179} INFO - Processing /home/alan/repos/pipeline_airflow/pipeline-airflow-venv/lib/python3.11/site-packages/airflow/example_dags/example_time_delta_sensor_async.py took 0.200 seconds
[2023-08-15T18:22:44.432-0300] {processor.py:157} INFO - Started process (PID=19188) to work on /home/alan/repos/pipeline_airflow/pipeline-airflow-venv/lib/python3.11/site-packages/airflow/example_dags/example_time_delta_sensor_async.py
[2023-08-15T18:22:44.439-0300] {processor.py:826} INFO - Processing file /home/alan/repos/pipeline_airflow/pipeline-airflow-venv/lib/python3.11/site-packages/airflow/example_dags/example_time_delta_sensor_async.py for tasks to queue
[2023-08-15T18:22:44.441-0300] {logging_mixin.py:150} INFO - [2023-08-15T18:22:44.440-0300] {dagbag.py:541} INFO - Filling up the DagBag from /home/alan/repos/pipeline_airflow/pipeline-airflow-venv/lib/python3.11/site-packages/airflow/example_dags/example_time_delta_sensor_async.py
[2023-08-15T18:22:44.450-0300] {processor.py:836} INFO - DAG(s) dict_keys(['example_time_delta_sensor_async']) retrieved from /home/alan/repos/pipeline_airflow/pipeline-airflow-venv/lib/python3.11/site-packages/airflow/example_dags/example_time_delta_sensor_async.py
[2023-08-15T18:22:44.478-0300] {logging_mixin.py:150} INFO - [2023-08-15T18:22:44.478-0300] {dag.py:2742} INFO - Sync 1 DAGs
[2023-08-15T18:22:44.512-0300] {logging_mixin.py:150} INFO - [2023-08-15T18:22:44.511-0300] {dag.py:3504} INFO - Setting next_dagrun for example_time_delta_sensor_async to None, run_after=None
[2023-08-15T18:22:44.615-0300] {processor.py:179} INFO - Processing /home/alan/repos/pipeline_airflow/pipeline-airflow-venv/lib/python3.11/site-packages/airflow/example_dags/example_time_delta_sensor_async.py took 0.189 seconds
[2023-08-15T18:23:43.090-0300] {processor.py:157} INFO - Started process (PID=19393) to work on /home/alan/repos/pipeline_airflow/pipeline-airflow-venv/lib/python3.11/site-packages/airflow/example_dags/example_time_delta_sensor_async.py
[2023-08-15T18:23:43.144-0300] {processor.py:826} INFO - Processing file /home/alan/repos/pipeline_airflow/pipeline-airflow-venv/lib/python3.11/site-packages/airflow/example_dags/example_time_delta_sensor_async.py for tasks to queue
[2023-08-15T18:23:43.146-0300] {logging_mixin.py:150} INFO - [2023-08-15T18:23:43.145-0300] {dagbag.py:541} INFO - Filling up the DagBag from /home/alan/repos/pipeline_airflow/pipeline-airflow-venv/lib/python3.11/site-packages/airflow/example_dags/example_time_delta_sensor_async.py
[2023-08-15T18:23:43.159-0300] {processor.py:836} INFO - DAG(s) dict_keys(['example_time_delta_sensor_async']) retrieved from /home/alan/repos/pipeline_airflow/pipeline-airflow-venv/lib/python3.11/site-packages/airflow/example_dags/example_time_delta_sensor_async.py
[2023-08-15T18:23:43.209-0300] {logging_mixin.py:150} INFO - [2023-08-15T18:23:43.209-0300] {dag.py:2742} INFO - Sync 1 DAGs
[2023-08-15T18:23:43.475-0300] {logging_mixin.py:150} INFO - [2023-08-15T18:23:43.475-0300] {dag.py:3504} INFO - Setting next_dagrun for example_time_delta_sensor_async to None, run_after=None
[2023-08-15T18:23:43.942-0300] {processor.py:179} INFO - Processing /home/alan/repos/pipeline_airflow/pipeline-airflow-venv/lib/python3.11/site-packages/airflow/example_dags/example_time_delta_sensor_async.py took 0.857 seconds
[2023-08-15T18:24:59.974-0300] {processor.py:157} INFO - Started process (PID=19877) to work on /home/alan/repos/pipeline_airflow/pipeline-airflow-venv/lib/python3.11/site-packages/airflow/example_dags/example_time_delta_sensor_async.py
[2023-08-15T18:24:59.989-0300] {processor.py:826} INFO - Processing file /home/alan/repos/pipeline_airflow/pipeline-airflow-venv/lib/python3.11/site-packages/airflow/example_dags/example_time_delta_sensor_async.py for tasks to queue
[2023-08-15T18:24:59.990-0300] {logging_mixin.py:150} INFO - [2023-08-15T18:24:59.990-0300] {dagbag.py:541} INFO - Filling up the DagBag from /home/alan/repos/pipeline_airflow/pipeline-airflow-venv/lib/python3.11/site-packages/airflow/example_dags/example_time_delta_sensor_async.py
[2023-08-15T18:25:00.001-0300] {processor.py:836} INFO - DAG(s) dict_keys(['example_time_delta_sensor_async']) retrieved from /home/alan/repos/pipeline_airflow/pipeline-airflow-venv/lib/python3.11/site-packages/airflow/example_dags/example_time_delta_sensor_async.py
[2023-08-15T18:25:00.037-0300] {logging_mixin.py:150} INFO - [2023-08-15T18:25:00.037-0300] {dag.py:2742} INFO - Sync 1 DAGs
[2023-08-15T18:25:00.077-0300] {logging_mixin.py:150} INFO - [2023-08-15T18:25:00.076-0300] {dag.py:3504} INFO - Setting next_dagrun for example_time_delta_sensor_async to None, run_after=None
[2023-08-15T18:25:00.531-0300] {processor.py:179} INFO - Processing /home/alan/repos/pipeline_airflow/pipeline-airflow-venv/lib/python3.11/site-packages/airflow/example_dags/example_time_delta_sensor_async.py took 0.570 seconds
[2023-08-15T18:26:27.577-0300] {processor.py:157} INFO - Started process (PID=20725) to work on /home/alan/repos/pipeline_airflow/pipeline-airflow-venv/lib/python3.11/site-packages/airflow/example_dags/example_time_delta_sensor_async.py
[2023-08-15T18:26:27.586-0300] {processor.py:826} INFO - Processing file /home/alan/repos/pipeline_airflow/pipeline-airflow-venv/lib/python3.11/site-packages/airflow/example_dags/example_time_delta_sensor_async.py for tasks to queue
[2023-08-15T18:26:27.587-0300] {logging_mixin.py:150} INFO - [2023-08-15T18:26:27.587-0300] {dagbag.py:541} INFO - Filling up the DagBag from /home/alan/repos/pipeline_airflow/pipeline-airflow-venv/lib/python3.11/site-packages/airflow/example_dags/example_time_delta_sensor_async.py
[2023-08-15T18:26:27.596-0300] {processor.py:836} INFO - DAG(s) dict_keys(['example_time_delta_sensor_async']) retrieved from /home/alan/repos/pipeline_airflow/pipeline-airflow-venv/lib/python3.11/site-packages/airflow/example_dags/example_time_delta_sensor_async.py
[2023-08-15T18:26:27.629-0300] {logging_mixin.py:150} INFO - [2023-08-15T18:26:27.629-0300] {dag.py:2742} INFO - Sync 1 DAGs
[2023-08-15T18:26:27.664-0300] {logging_mixin.py:150} INFO - [2023-08-15T18:26:27.664-0300] {dag.py:3504} INFO - Setting next_dagrun for example_time_delta_sensor_async to None, run_after=None
[2023-08-15T18:26:27.773-0300] {processor.py:179} INFO - Processing /home/alan/repos/pipeline_airflow/pipeline-airflow-venv/lib/python3.11/site-packages/airflow/example_dags/example_time_delta_sensor_async.py took 0.202 seconds
[2023-08-15T18:27:31.962-0300] {processor.py:157} INFO - Started process (PID=20959) to work on /home/alan/repos/pipeline_airflow/pipeline-airflow-venv/lib/python3.11/site-packages/airflow/example_dags/example_time_delta_sensor_async.py
[2023-08-15T18:27:31.963-0300] {processor.py:826} INFO - Processing file /home/alan/repos/pipeline_airflow/pipeline-airflow-venv/lib/python3.11/site-packages/airflow/example_dags/example_time_delta_sensor_async.py for tasks to queue
[2023-08-15T18:27:31.965-0300] {logging_mixin.py:150} INFO - [2023-08-15T18:27:31.964-0300] {dagbag.py:541} INFO - Filling up the DagBag from /home/alan/repos/pipeline_airflow/pipeline-airflow-venv/lib/python3.11/site-packages/airflow/example_dags/example_time_delta_sensor_async.py
[2023-08-15T18:27:31.973-0300] {processor.py:836} INFO - DAG(s) dict_keys(['example_time_delta_sensor_async']) retrieved from /home/alan/repos/pipeline_airflow/pipeline-airflow-venv/lib/python3.11/site-packages/airflow/example_dags/example_time_delta_sensor_async.py
[2023-08-15T18:27:32.007-0300] {logging_mixin.py:150} INFO - [2023-08-15T18:27:32.007-0300] {dag.py:2742} INFO - Sync 1 DAGs
[2023-08-15T18:27:32.046-0300] {logging_mixin.py:150} INFO - [2023-08-15T18:27:32.045-0300] {dag.py:3504} INFO - Setting next_dagrun for example_time_delta_sensor_async to None, run_after=None
[2023-08-15T18:27:32.170-0300] {processor.py:179} INFO - Processing /home/alan/repos/pipeline_airflow/pipeline-airflow-venv/lib/python3.11/site-packages/airflow/example_dags/example_time_delta_sensor_async.py took 0.216 seconds
[2023-08-15T18:28:28.842-0300] {processor.py:157} INFO - Started process (PID=21183) to work on /home/alan/repos/pipeline_airflow/pipeline-airflow-venv/lib/python3.11/site-packages/airflow/example_dags/example_time_delta_sensor_async.py
[2023-08-15T18:28:28.860-0300] {processor.py:826} INFO - Processing file /home/alan/repos/pipeline_airflow/pipeline-airflow-venv/lib/python3.11/site-packages/airflow/example_dags/example_time_delta_sensor_async.py for tasks to queue
[2023-08-15T18:28:28.862-0300] {logging_mixin.py:150} INFO - [2023-08-15T18:28:28.861-0300] {dagbag.py:541} INFO - Filling up the DagBag from /home/alan/repos/pipeline_airflow/pipeline-airflow-venv/lib/python3.11/site-packages/airflow/example_dags/example_time_delta_sensor_async.py
[2023-08-15T18:28:28.879-0300] {processor.py:836} INFO - DAG(s) dict_keys(['example_time_delta_sensor_async']) retrieved from /home/alan/repos/pipeline_airflow/pipeline-airflow-venv/lib/python3.11/site-packages/airflow/example_dags/example_time_delta_sensor_async.py
[2023-08-15T18:28:28.954-0300] {logging_mixin.py:150} INFO - [2023-08-15T18:28:28.953-0300] {dag.py:2742} INFO - Sync 1 DAGs
[2023-08-15T18:28:29.080-0300] {logging_mixin.py:150} INFO - [2023-08-15T18:28:29.076-0300] {dag.py:3504} INFO - Setting next_dagrun for example_time_delta_sensor_async to None, run_after=None
[2023-08-15T18:28:29.305-0300] {processor.py:179} INFO - Processing /home/alan/repos/pipeline_airflow/pipeline-airflow-venv/lib/python3.11/site-packages/airflow/example_dags/example_time_delta_sensor_async.py took 0.498 seconds
[2023-08-15T18:29:33.175-0300] {processor.py:157} INFO - Started process (PID=21419) to work on /home/alan/repos/pipeline_airflow/pipeline-airflow-venv/lib/python3.11/site-packages/airflow/example_dags/example_time_delta_sensor_async.py
[2023-08-15T18:29:33.188-0300] {processor.py:826} INFO - Processing file /home/alan/repos/pipeline_airflow/pipeline-airflow-venv/lib/python3.11/site-packages/airflow/example_dags/example_time_delta_sensor_async.py for tasks to queue
[2023-08-15T18:29:33.189-0300] {logging_mixin.py:150} INFO - [2023-08-15T18:29:33.189-0300] {dagbag.py:541} INFO - Filling up the DagBag from /home/alan/repos/pipeline_airflow/pipeline-airflow-venv/lib/python3.11/site-packages/airflow/example_dags/example_time_delta_sensor_async.py
[2023-08-15T18:29:33.197-0300] {processor.py:836} INFO - DAG(s) dict_keys(['example_time_delta_sensor_async']) retrieved from /home/alan/repos/pipeline_airflow/pipeline-airflow-venv/lib/python3.11/site-packages/airflow/example_dags/example_time_delta_sensor_async.py
[2023-08-15T18:29:33.227-0300] {logging_mixin.py:150} INFO - [2023-08-15T18:29:33.227-0300] {dag.py:2742} INFO - Sync 1 DAGs
[2023-08-15T18:29:33.261-0300] {logging_mixin.py:150} INFO - [2023-08-15T18:29:33.260-0300] {dag.py:3504} INFO - Setting next_dagrun for example_time_delta_sensor_async to None, run_after=None
[2023-08-15T18:29:33.383-0300] {processor.py:179} INFO - Processing /home/alan/repos/pipeline_airflow/pipeline-airflow-venv/lib/python3.11/site-packages/airflow/example_dags/example_time_delta_sensor_async.py took 0.213 seconds
[2023-08-15T18:30:30.143-0300] {processor.py:157} INFO - Started process (PID=21643) to work on /home/alan/repos/pipeline_airflow/pipeline-airflow-venv/lib/python3.11/site-packages/airflow/example_dags/example_time_delta_sensor_async.py
[2023-08-15T18:30:30.145-0300] {processor.py:826} INFO - Processing file /home/alan/repos/pipeline_airflow/pipeline-airflow-venv/lib/python3.11/site-packages/airflow/example_dags/example_time_delta_sensor_async.py for tasks to queue
[2023-08-15T18:30:30.146-0300] {logging_mixin.py:150} INFO - [2023-08-15T18:30:30.146-0300] {dagbag.py:541} INFO - Filling up the DagBag from /home/alan/repos/pipeline_airflow/pipeline-airflow-venv/lib/python3.11/site-packages/airflow/example_dags/example_time_delta_sensor_async.py
[2023-08-15T18:30:30.155-0300] {processor.py:836} INFO - DAG(s) dict_keys(['example_time_delta_sensor_async']) retrieved from /home/alan/repos/pipeline_airflow/pipeline-airflow-venv/lib/python3.11/site-packages/airflow/example_dags/example_time_delta_sensor_async.py
[2023-08-15T18:30:30.186-0300] {logging_mixin.py:150} INFO - [2023-08-15T18:30:30.185-0300] {dag.py:2742} INFO - Sync 1 DAGs
[2023-08-15T18:30:30.226-0300] {logging_mixin.py:150} INFO - [2023-08-15T18:30:30.226-0300] {dag.py:3504} INFO - Setting next_dagrun for example_time_delta_sensor_async to None, run_after=None
[2023-08-15T18:30:30.347-0300] {processor.py:179} INFO - Processing /home/alan/repos/pipeline_airflow/pipeline-airflow-venv/lib/python3.11/site-packages/airflow/example_dags/example_time_delta_sensor_async.py took 0.209 seconds
[2023-08-15T18:31:24.656-0300] {processor.py:157} INFO - Started process (PID=21837) to work on /home/alan/repos/pipeline_airflow/pipeline-airflow-venv/lib/python3.11/site-packages/airflow/example_dags/example_time_delta_sensor_async.py
[2023-08-15T18:31:24.665-0300] {processor.py:826} INFO - Processing file /home/alan/repos/pipeline_airflow/pipeline-airflow-venv/lib/python3.11/site-packages/airflow/example_dags/example_time_delta_sensor_async.py for tasks to queue
[2023-08-15T18:31:24.666-0300] {logging_mixin.py:150} INFO - [2023-08-15T18:31:24.665-0300] {dagbag.py:541} INFO - Filling up the DagBag from /home/alan/repos/pipeline_airflow/pipeline-airflow-venv/lib/python3.11/site-packages/airflow/example_dags/example_time_delta_sensor_async.py
[2023-08-15T18:31:24.683-0300] {processor.py:836} INFO - DAG(s) dict_keys(['example_time_delta_sensor_async']) retrieved from /home/alan/repos/pipeline_airflow/pipeline-airflow-venv/lib/python3.11/site-packages/airflow/example_dags/example_time_delta_sensor_async.py
[2023-08-15T18:31:24.731-0300] {logging_mixin.py:150} INFO - [2023-08-15T18:31:24.730-0300] {dag.py:2742} INFO - Sync 1 DAGs
[2023-08-15T18:31:24.782-0300] {logging_mixin.py:150} INFO - [2023-08-15T18:31:24.781-0300] {dag.py:3504} INFO - Setting next_dagrun for example_time_delta_sensor_async to None, run_after=None
[2023-08-15T18:31:24.919-0300] {processor.py:179} INFO - Processing /home/alan/repos/pipeline_airflow/pipeline-airflow-venv/lib/python3.11/site-packages/airflow/example_dags/example_time_delta_sensor_async.py took 0.276 seconds
[2023-08-15T18:32:21.812-0300] {processor.py:157} INFO - Started process (PID=22058) to work on /home/alan/repos/pipeline_airflow/pipeline-airflow-venv/lib/python3.11/site-packages/airflow/example_dags/example_time_delta_sensor_async.py
[2023-08-15T18:32:21.844-0300] {processor.py:826} INFO - Processing file /home/alan/repos/pipeline_airflow/pipeline-airflow-venv/lib/python3.11/site-packages/airflow/example_dags/example_time_delta_sensor_async.py for tasks to queue
[2023-08-15T18:32:21.846-0300] {logging_mixin.py:150} INFO - [2023-08-15T18:32:21.845-0300] {dagbag.py:541} INFO - Filling up the DagBag from /home/alan/repos/pipeline_airflow/pipeline-airflow-venv/lib/python3.11/site-packages/airflow/example_dags/example_time_delta_sensor_async.py
[2023-08-15T18:32:21.867-0300] {processor.py:836} INFO - DAG(s) dict_keys(['example_time_delta_sensor_async']) retrieved from /home/alan/repos/pipeline_airflow/pipeline-airflow-venv/lib/python3.11/site-packages/airflow/example_dags/example_time_delta_sensor_async.py
[2023-08-15T18:32:21.919-0300] {logging_mixin.py:150} INFO - [2023-08-15T18:32:21.919-0300] {dag.py:2742} INFO - Sync 1 DAGs
[2023-08-15T18:32:21.953-0300] {logging_mixin.py:150} INFO - [2023-08-15T18:32:21.953-0300] {dag.py:3504} INFO - Setting next_dagrun for example_time_delta_sensor_async to None, run_after=None
[2023-08-15T18:32:22.081-0300] {processor.py:179} INFO - Processing /home/alan/repos/pipeline_airflow/pipeline-airflow-venv/lib/python3.11/site-packages/airflow/example_dags/example_time_delta_sensor_async.py took 0.276 seconds
[2023-08-15T18:33:18.478-0300] {processor.py:157} INFO - Started process (PID=22269) to work on /home/alan/repos/pipeline_airflow/pipeline-airflow-venv/lib/python3.11/site-packages/airflow/example_dags/example_time_delta_sensor_async.py
[2023-08-15T18:33:18.479-0300] {processor.py:826} INFO - Processing file /home/alan/repos/pipeline_airflow/pipeline-airflow-venv/lib/python3.11/site-packages/airflow/example_dags/example_time_delta_sensor_async.py for tasks to queue
[2023-08-15T18:33:18.485-0300] {logging_mixin.py:150} INFO - [2023-08-15T18:33:18.484-0300] {dagbag.py:541} INFO - Filling up the DagBag from /home/alan/repos/pipeline_airflow/pipeline-airflow-venv/lib/python3.11/site-packages/airflow/example_dags/example_time_delta_sensor_async.py
[2023-08-15T18:33:18.493-0300] {processor.py:836} INFO - DAG(s) dict_keys(['example_time_delta_sensor_async']) retrieved from /home/alan/repos/pipeline_airflow/pipeline-airflow-venv/lib/python3.11/site-packages/airflow/example_dags/example_time_delta_sensor_async.py
[2023-08-15T18:33:18.531-0300] {logging_mixin.py:150} INFO - [2023-08-15T18:33:18.531-0300] {dag.py:2742} INFO - Sync 1 DAGs
[2023-08-15T18:33:18.569-0300] {logging_mixin.py:150} INFO - [2023-08-15T18:33:18.568-0300] {dag.py:3504} INFO - Setting next_dagrun for example_time_delta_sensor_async to None, run_after=None
[2023-08-15T18:33:18.676-0300] {processor.py:179} INFO - Processing /home/alan/repos/pipeline_airflow/pipeline-airflow-venv/lib/python3.11/site-packages/airflow/example_dags/example_time_delta_sensor_async.py took 0.205 seconds
[2023-08-15T18:34:15.769-0300] {processor.py:157} INFO - Started process (PID=22480) to work on /home/alan/repos/pipeline_airflow/pipeline-airflow-venv/lib/python3.11/site-packages/airflow/example_dags/example_time_delta_sensor_async.py
[2023-08-15T18:34:15.783-0300] {processor.py:826} INFO - Processing file /home/alan/repos/pipeline_airflow/pipeline-airflow-venv/lib/python3.11/site-packages/airflow/example_dags/example_time_delta_sensor_async.py for tasks to queue
[2023-08-15T18:34:15.785-0300] {logging_mixin.py:150} INFO - [2023-08-15T18:34:15.784-0300] {dagbag.py:541} INFO - Filling up the DagBag from /home/alan/repos/pipeline_airflow/pipeline-airflow-venv/lib/python3.11/site-packages/airflow/example_dags/example_time_delta_sensor_async.py
[2023-08-15T18:34:15.793-0300] {processor.py:836} INFO - DAG(s) dict_keys(['example_time_delta_sensor_async']) retrieved from /home/alan/repos/pipeline_airflow/pipeline-airflow-venv/lib/python3.11/site-packages/airflow/example_dags/example_time_delta_sensor_async.py
[2023-08-15T18:34:15.830-0300] {logging_mixin.py:150} INFO - [2023-08-15T18:34:15.830-0300] {dag.py:2742} INFO - Sync 1 DAGs
[2023-08-15T18:34:15.864-0300] {logging_mixin.py:150} INFO - [2023-08-15T18:34:15.863-0300] {dag.py:3504} INFO - Setting next_dagrun for example_time_delta_sensor_async to None, run_after=None
[2023-08-15T18:34:15.993-0300] {processor.py:179} INFO - Processing /home/alan/repos/pipeline_airflow/pipeline-airflow-venv/lib/python3.11/site-packages/airflow/example_dags/example_time_delta_sensor_async.py took 0.235 seconds
[2023-08-15T18:35:08.453-0300] {processor.py:157} INFO - Started process (PID=22666) to work on /home/alan/repos/pipeline_airflow/pipeline-airflow-venv/lib/python3.11/site-packages/airflow/example_dags/example_time_delta_sensor_async.py
[2023-08-15T18:35:08.466-0300] {processor.py:826} INFO - Processing file /home/alan/repos/pipeline_airflow/pipeline-airflow-venv/lib/python3.11/site-packages/airflow/example_dags/example_time_delta_sensor_async.py for tasks to queue
[2023-08-15T18:35:08.467-0300] {logging_mixin.py:150} INFO - [2023-08-15T18:35:08.467-0300] {dagbag.py:541} INFO - Filling up the DagBag from /home/alan/repos/pipeline_airflow/pipeline-airflow-venv/lib/python3.11/site-packages/airflow/example_dags/example_time_delta_sensor_async.py
[2023-08-15T18:35:08.478-0300] {processor.py:836} INFO - DAG(s) dict_keys(['example_time_delta_sensor_async']) retrieved from /home/alan/repos/pipeline_airflow/pipeline-airflow-venv/lib/python3.11/site-packages/airflow/example_dags/example_time_delta_sensor_async.py
[2023-08-15T18:35:08.511-0300] {logging_mixin.py:150} INFO - [2023-08-15T18:35:08.511-0300] {dag.py:2742} INFO - Sync 1 DAGs
[2023-08-15T18:35:08.546-0300] {logging_mixin.py:150} INFO - [2023-08-15T18:35:08.545-0300] {dag.py:3504} INFO - Setting next_dagrun for example_time_delta_sensor_async to None, run_after=None
[2023-08-15T18:35:08.675-0300] {processor.py:179} INFO - Processing /home/alan/repos/pipeline_airflow/pipeline-airflow-venv/lib/python3.11/site-packages/airflow/example_dags/example_time_delta_sensor_async.py took 0.228 seconds
[2023-08-15T18:36:04.468-0300] {processor.py:157} INFO - Started process (PID=22867) to work on /home/alan/repos/pipeline_airflow/pipeline-airflow-venv/lib/python3.11/site-packages/airflow/example_dags/example_time_delta_sensor_async.py
[2023-08-15T18:36:04.470-0300] {processor.py:826} INFO - Processing file /home/alan/repos/pipeline_airflow/pipeline-airflow-venv/lib/python3.11/site-packages/airflow/example_dags/example_time_delta_sensor_async.py for tasks to queue
[2023-08-15T18:36:04.471-0300] {logging_mixin.py:150} INFO - [2023-08-15T18:36:04.471-0300] {dagbag.py:541} INFO - Filling up the DagBag from /home/alan/repos/pipeline_airflow/pipeline-airflow-venv/lib/python3.11/site-packages/airflow/example_dags/example_time_delta_sensor_async.py
[2023-08-15T18:36:04.488-0300] {processor.py:836} INFO - DAG(s) dict_keys(['example_time_delta_sensor_async']) retrieved from /home/alan/repos/pipeline_airflow/pipeline-airflow-venv/lib/python3.11/site-packages/airflow/example_dags/example_time_delta_sensor_async.py
[2023-08-15T18:36:04.537-0300] {logging_mixin.py:150} INFO - [2023-08-15T18:36:04.537-0300] {dag.py:2742} INFO - Sync 1 DAGs
[2023-08-15T18:36:04.577-0300] {logging_mixin.py:150} INFO - [2023-08-15T18:36:04.577-0300] {dag.py:3504} INFO - Setting next_dagrun for example_time_delta_sensor_async to None, run_after=None
[2023-08-15T18:36:04.696-0300] {processor.py:179} INFO - Processing /home/alan/repos/pipeline_airflow/pipeline-airflow-venv/lib/python3.11/site-packages/airflow/example_dags/example_time_delta_sensor_async.py took 0.241 seconds
[2023-08-15T18:37:03.737-0300] {processor.py:157} INFO - Started process (PID=23089) to work on /home/alan/repos/pipeline_airflow/pipeline-airflow-venv/lib/python3.11/site-packages/airflow/example_dags/example_time_delta_sensor_async.py
[2023-08-15T18:37:03.751-0300] {processor.py:826} INFO - Processing file /home/alan/repos/pipeline_airflow/pipeline-airflow-venv/lib/python3.11/site-packages/airflow/example_dags/example_time_delta_sensor_async.py for tasks to queue
[2023-08-15T18:37:03.753-0300] {logging_mixin.py:150} INFO - [2023-08-15T18:37:03.752-0300] {dagbag.py:541} INFO - Filling up the DagBag from /home/alan/repos/pipeline_airflow/pipeline-airflow-venv/lib/python3.11/site-packages/airflow/example_dags/example_time_delta_sensor_async.py
[2023-08-15T18:37:03.762-0300] {processor.py:836} INFO - DAG(s) dict_keys(['example_time_delta_sensor_async']) retrieved from /home/alan/repos/pipeline_airflow/pipeline-airflow-venv/lib/python3.11/site-packages/airflow/example_dags/example_time_delta_sensor_async.py
[2023-08-15T18:37:03.795-0300] {logging_mixin.py:150} INFO - [2023-08-15T18:37:03.795-0300] {dag.py:2742} INFO - Sync 1 DAGs
[2023-08-15T18:37:03.829-0300] {logging_mixin.py:150} INFO - [2023-08-15T18:37:03.828-0300] {dag.py:3504} INFO - Setting next_dagrun for example_time_delta_sensor_async to None, run_after=None
[2023-08-15T18:37:03.925-0300] {processor.py:179} INFO - Processing /home/alan/repos/pipeline_airflow/pipeline-airflow-venv/lib/python3.11/site-packages/airflow/example_dags/example_time_delta_sensor_async.py took 0.195 seconds
[2023-08-15T18:37:57.650-0300] {processor.py:157} INFO - Started process (PID=23315) to work on /home/alan/repos/pipeline_airflow/pipeline-airflow-venv/lib/python3.11/site-packages/airflow/example_dags/example_time_delta_sensor_async.py
[2023-08-15T18:37:57.666-0300] {processor.py:826} INFO - Processing file /home/alan/repos/pipeline_airflow/pipeline-airflow-venv/lib/python3.11/site-packages/airflow/example_dags/example_time_delta_sensor_async.py for tasks to queue
[2023-08-15T18:37:57.667-0300] {logging_mixin.py:150} INFO - [2023-08-15T18:37:57.667-0300] {dagbag.py:541} INFO - Filling up the DagBag from /home/alan/repos/pipeline_airflow/pipeline-airflow-venv/lib/python3.11/site-packages/airflow/example_dags/example_time_delta_sensor_async.py
[2023-08-15T18:37:57.676-0300] {processor.py:836} INFO - DAG(s) dict_keys(['example_time_delta_sensor_async']) retrieved from /home/alan/repos/pipeline_airflow/pipeline-airflow-venv/lib/python3.11/site-packages/airflow/example_dags/example_time_delta_sensor_async.py
[2023-08-15T18:37:57.707-0300] {logging_mixin.py:150} INFO - [2023-08-15T18:37:57.707-0300] {dag.py:2742} INFO - Sync 1 DAGs
[2023-08-15T18:37:57.746-0300] {logging_mixin.py:150} INFO - [2023-08-15T18:37:57.746-0300] {dag.py:3504} INFO - Setting next_dagrun for example_time_delta_sensor_async to None, run_after=None
[2023-08-15T18:37:57.857-0300] {processor.py:179} INFO - Processing /home/alan/repos/pipeline_airflow/pipeline-airflow-venv/lib/python3.11/site-packages/airflow/example_dags/example_time_delta_sensor_async.py took 0.213 seconds
[2023-08-15T18:43:34.964-0300] {processor.py:157} INFO - Started process (PID=23603) to work on /home/alan/repos/pipeline_airflow/pipeline-airflow-venv/lib/python3.11/site-packages/airflow/example_dags/example_time_delta_sensor_async.py
[2023-08-15T18:43:34.978-0300] {processor.py:826} INFO - Processing file /home/alan/repos/pipeline_airflow/pipeline-airflow-venv/lib/python3.11/site-packages/airflow/example_dags/example_time_delta_sensor_async.py for tasks to queue
[2023-08-15T18:43:34.980-0300] {logging_mixin.py:150} INFO - [2023-08-15T18:43:34.979-0300] {dagbag.py:541} INFO - Filling up the DagBag from /home/alan/repos/pipeline_airflow/pipeline-airflow-venv/lib/python3.11/site-packages/airflow/example_dags/example_time_delta_sensor_async.py
[2023-08-15T18:43:34.994-0300] {processor.py:836} INFO - DAG(s) dict_keys(['example_time_delta_sensor_async']) retrieved from /home/alan/repos/pipeline_airflow/pipeline-airflow-venv/lib/python3.11/site-packages/airflow/example_dags/example_time_delta_sensor_async.py
[2023-08-15T18:43:35.011-0300] {logging_mixin.py:150} INFO - [2023-08-15T18:43:35.011-0300] {dag.py:2742} INFO - Sync 1 DAGs
[2023-08-15T18:43:35.048-0300] {logging_mixin.py:150} INFO - [2023-08-15T18:43:35.048-0300] {dag.py:3504} INFO - Setting next_dagrun for example_time_delta_sensor_async to None, run_after=None
[2023-08-15T18:43:35.149-0300] {processor.py:179} INFO - Processing /home/alan/repos/pipeline_airflow/pipeline-airflow-venv/lib/python3.11/site-packages/airflow/example_dags/example_time_delta_sensor_async.py took 0.191 seconds
[2023-08-15T18:44:15.085-0300] {processor.py:157} INFO - Started process (PID=23706) to work on /home/alan/repos/pipeline_airflow/pipeline-airflow-venv/lib/python3.11/site-packages/airflow/example_dags/example_time_delta_sensor_async.py
[2023-08-15T18:44:15.087-0300] {processor.py:826} INFO - Processing file /home/alan/repos/pipeline_airflow/pipeline-airflow-venv/lib/python3.11/site-packages/airflow/example_dags/example_time_delta_sensor_async.py for tasks to queue
[2023-08-15T18:44:15.088-0300] {logging_mixin.py:150} INFO - [2023-08-15T18:44:15.087-0300] {dagbag.py:541} INFO - Filling up the DagBag from /home/alan/repos/pipeline_airflow/pipeline-airflow-venv/lib/python3.11/site-packages/airflow/example_dags/example_time_delta_sensor_async.py
[2023-08-15T18:44:15.102-0300] {processor.py:836} INFO - DAG(s) dict_keys(['example_time_delta_sensor_async']) retrieved from /home/alan/repos/pipeline_airflow/pipeline-airflow-venv/lib/python3.11/site-packages/airflow/example_dags/example_time_delta_sensor_async.py
[2023-08-15T18:44:15.118-0300] {logging_mixin.py:150} INFO - [2023-08-15T18:44:15.118-0300] {dag.py:2742} INFO - Sync 1 DAGs
[2023-08-15T18:44:15.156-0300] {logging_mixin.py:150} INFO - [2023-08-15T18:44:15.156-0300] {dag.py:3504} INFO - Setting next_dagrun for example_time_delta_sensor_async to None, run_after=None
[2023-08-15T18:44:15.258-0300] {processor.py:179} INFO - Processing /home/alan/repos/pipeline_airflow/pipeline-airflow-venv/lib/python3.11/site-packages/airflow/example_dags/example_time_delta_sensor_async.py took 0.178 seconds
[2023-08-15T18:45:35.223-0300] {processor.py:157} INFO - Started process (PID=24116) to work on /home/alan/repos/pipeline_airflow/pipeline-airflow-venv/lib/python3.11/site-packages/airflow/example_dags/example_time_delta_sensor_async.py
[2023-08-15T18:45:35.225-0300] {processor.py:826} INFO - Processing file /home/alan/repos/pipeline_airflow/pipeline-airflow-venv/lib/python3.11/site-packages/airflow/example_dags/example_time_delta_sensor_async.py for tasks to queue
[2023-08-15T18:45:35.226-0300] {logging_mixin.py:150} INFO - [2023-08-15T18:45:35.225-0300] {dagbag.py:541} INFO - Filling up the DagBag from /home/alan/repos/pipeline_airflow/pipeline-airflow-venv/lib/python3.11/site-packages/airflow/example_dags/example_time_delta_sensor_async.py
[2023-08-15T18:45:35.234-0300] {processor.py:836} INFO - DAG(s) dict_keys(['example_time_delta_sensor_async']) retrieved from /home/alan/repos/pipeline_airflow/pipeline-airflow-venv/lib/python3.11/site-packages/airflow/example_dags/example_time_delta_sensor_async.py
[2023-08-15T18:45:35.264-0300] {logging_mixin.py:150} INFO - [2023-08-15T18:45:35.263-0300] {dag.py:2742} INFO - Sync 1 DAGs
[2023-08-15T18:45:35.299-0300] {logging_mixin.py:150} INFO - [2023-08-15T18:45:35.299-0300] {dag.py:3504} INFO - Setting next_dagrun for example_time_delta_sensor_async to None, run_after=None
[2023-08-15T18:45:35.416-0300] {processor.py:179} INFO - Processing /home/alan/repos/pipeline_airflow/pipeline-airflow-venv/lib/python3.11/site-packages/airflow/example_dags/example_time_delta_sensor_async.py took 0.200 seconds
[2023-08-15T18:46:42.009-0300] {processor.py:157} INFO - Started process (PID=24346) to work on /home/alan/repos/pipeline_airflow/pipeline-airflow-venv/lib/python3.11/site-packages/airflow/example_dags/example_time_delta_sensor_async.py
[2023-08-15T18:46:42.022-0300] {processor.py:826} INFO - Processing file /home/alan/repos/pipeline_airflow/pipeline-airflow-venv/lib/python3.11/site-packages/airflow/example_dags/example_time_delta_sensor_async.py for tasks to queue
[2023-08-15T18:46:42.023-0300] {logging_mixin.py:150} INFO - [2023-08-15T18:46:42.023-0300] {dagbag.py:541} INFO - Filling up the DagBag from /home/alan/repos/pipeline_airflow/pipeline-airflow-venv/lib/python3.11/site-packages/airflow/example_dags/example_time_delta_sensor_async.py
[2023-08-15T18:46:42.034-0300] {processor.py:836} INFO - DAG(s) dict_keys(['example_time_delta_sensor_async']) retrieved from /home/alan/repos/pipeline_airflow/pipeline-airflow-venv/lib/python3.11/site-packages/airflow/example_dags/example_time_delta_sensor_async.py
[2023-08-15T18:46:42.073-0300] {logging_mixin.py:150} INFO - [2023-08-15T18:46:42.072-0300] {dag.py:2742} INFO - Sync 1 DAGs
[2023-08-15T18:46:42.117-0300] {logging_mixin.py:150} INFO - [2023-08-15T18:46:42.117-0300] {dag.py:3504} INFO - Setting next_dagrun for example_time_delta_sensor_async to None, run_after=None
[2023-08-15T18:46:42.253-0300] {processor.py:179} INFO - Processing /home/alan/repos/pipeline_airflow/pipeline-airflow-venv/lib/python3.11/site-packages/airflow/example_dags/example_time_delta_sensor_async.py took 0.250 seconds
[2023-08-15T18:47:46.768-0300] {processor.py:157} INFO - Started process (PID=24575) to work on /home/alan/repos/pipeline_airflow/pipeline-airflow-venv/lib/python3.11/site-packages/airflow/example_dags/example_time_delta_sensor_async.py
[2023-08-15T18:47:46.774-0300] {processor.py:826} INFO - Processing file /home/alan/repos/pipeline_airflow/pipeline-airflow-venv/lib/python3.11/site-packages/airflow/example_dags/example_time_delta_sensor_async.py for tasks to queue
[2023-08-15T18:47:46.775-0300] {logging_mixin.py:150} INFO - [2023-08-15T18:47:46.775-0300] {dagbag.py:541} INFO - Filling up the DagBag from /home/alan/repos/pipeline_airflow/pipeline-airflow-venv/lib/python3.11/site-packages/airflow/example_dags/example_time_delta_sensor_async.py
[2023-08-15T18:47:46.783-0300] {processor.py:836} INFO - DAG(s) dict_keys(['example_time_delta_sensor_async']) retrieved from /home/alan/repos/pipeline_airflow/pipeline-airflow-venv/lib/python3.11/site-packages/airflow/example_dags/example_time_delta_sensor_async.py
[2023-08-15T18:47:46.841-0300] {logging_mixin.py:150} INFO - [2023-08-15T18:47:46.840-0300] {dag.py:2742} INFO - Sync 1 DAGs
[2023-08-15T18:47:46.884-0300] {logging_mixin.py:150} INFO - [2023-08-15T18:47:46.883-0300] {dag.py:3504} INFO - Setting next_dagrun for example_time_delta_sensor_async to None, run_after=None
[2023-08-15T18:47:47.025-0300] {processor.py:179} INFO - Processing /home/alan/repos/pipeline_airflow/pipeline-airflow-venv/lib/python3.11/site-packages/airflow/example_dags/example_time_delta_sensor_async.py took 0.263 seconds
[2023-08-15T18:48:54.356-0300] {processor.py:157} INFO - Started process (PID=24797) to work on /home/alan/repos/pipeline_airflow/pipeline-airflow-venv/lib/python3.11/site-packages/airflow/example_dags/example_time_delta_sensor_async.py
[2023-08-15T18:48:54.358-0300] {processor.py:826} INFO - Processing file /home/alan/repos/pipeline_airflow/pipeline-airflow-venv/lib/python3.11/site-packages/airflow/example_dags/example_time_delta_sensor_async.py for tasks to queue
[2023-08-15T18:48:54.359-0300] {logging_mixin.py:150} INFO - [2023-08-15T18:48:54.358-0300] {dagbag.py:541} INFO - Filling up the DagBag from /home/alan/repos/pipeline_airflow/pipeline-airflow-venv/lib/python3.11/site-packages/airflow/example_dags/example_time_delta_sensor_async.py
[2023-08-15T18:48:54.371-0300] {processor.py:836} INFO - DAG(s) dict_keys(['example_time_delta_sensor_async']) retrieved from /home/alan/repos/pipeline_airflow/pipeline-airflow-venv/lib/python3.11/site-packages/airflow/example_dags/example_time_delta_sensor_async.py
[2023-08-15T18:48:54.404-0300] {logging_mixin.py:150} INFO - [2023-08-15T18:48:54.403-0300] {dag.py:2742} INFO - Sync 1 DAGs
[2023-08-15T18:48:54.590-0300] {logging_mixin.py:150} INFO - [2023-08-15T18:48:54.589-0300] {dag.py:3504} INFO - Setting next_dagrun for example_time_delta_sensor_async to None, run_after=None
[2023-08-15T18:48:54.883-0300] {processor.py:179} INFO - Processing /home/alan/repos/pipeline_airflow/pipeline-airflow-venv/lib/python3.11/site-packages/airflow/example_dags/example_time_delta_sensor_async.py took 0.531 seconds
[2023-08-15T18:49:57.998-0300] {processor.py:157} INFO - Started process (PID=25018) to work on /home/alan/repos/pipeline_airflow/pipeline-airflow-venv/lib/python3.11/site-packages/airflow/example_dags/example_time_delta_sensor_async.py
[2023-08-15T18:49:58.001-0300] {processor.py:826} INFO - Processing file /home/alan/repos/pipeline_airflow/pipeline-airflow-venv/lib/python3.11/site-packages/airflow/example_dags/example_time_delta_sensor_async.py for tasks to queue
[2023-08-15T18:49:58.002-0300] {logging_mixin.py:150} INFO - [2023-08-15T18:49:58.002-0300] {dagbag.py:541} INFO - Filling up the DagBag from /home/alan/repos/pipeline_airflow/pipeline-airflow-venv/lib/python3.11/site-packages/airflow/example_dags/example_time_delta_sensor_async.py
[2023-08-15T18:49:58.011-0300] {processor.py:836} INFO - DAG(s) dict_keys(['example_time_delta_sensor_async']) retrieved from /home/alan/repos/pipeline_airflow/pipeline-airflow-venv/lib/python3.11/site-packages/airflow/example_dags/example_time_delta_sensor_async.py
[2023-08-15T18:49:58.046-0300] {logging_mixin.py:150} INFO - [2023-08-15T18:49:58.045-0300] {dag.py:2742} INFO - Sync 1 DAGs
[2023-08-15T18:49:58.090-0300] {logging_mixin.py:150} INFO - [2023-08-15T18:49:58.090-0300] {dag.py:3504} INFO - Setting next_dagrun for example_time_delta_sensor_async to None, run_after=None
[2023-08-15T18:49:58.195-0300] {processor.py:179} INFO - Processing /home/alan/repos/pipeline_airflow/pipeline-airflow-venv/lib/python3.11/site-packages/airflow/example_dags/example_time_delta_sensor_async.py took 0.201 seconds
[2023-08-15T18:51:01.608-0300] {processor.py:157} INFO - Started process (PID=25303) to work on /home/alan/repos/pipeline_airflow/pipeline-airflow-venv/lib/python3.11/site-packages/airflow/example_dags/example_time_delta_sensor_async.py
[2023-08-15T18:51:01.620-0300] {processor.py:826} INFO - Processing file /home/alan/repos/pipeline_airflow/pipeline-airflow-venv/lib/python3.11/site-packages/airflow/example_dags/example_time_delta_sensor_async.py for tasks to queue
[2023-08-15T18:51:01.622-0300] {logging_mixin.py:150} INFO - [2023-08-15T18:51:01.621-0300] {dagbag.py:541} INFO - Filling up the DagBag from /home/alan/repos/pipeline_airflow/pipeline-airflow-venv/lib/python3.11/site-packages/airflow/example_dags/example_time_delta_sensor_async.py
[2023-08-15T18:51:01.631-0300] {processor.py:836} INFO - DAG(s) dict_keys(['example_time_delta_sensor_async']) retrieved from /home/alan/repos/pipeline_airflow/pipeline-airflow-venv/lib/python3.11/site-packages/airflow/example_dags/example_time_delta_sensor_async.py
[2023-08-15T18:51:01.667-0300] {logging_mixin.py:150} INFO - [2023-08-15T18:51:01.667-0300] {dag.py:2742} INFO - Sync 1 DAGs
[2023-08-15T18:51:01.714-0300] {logging_mixin.py:150} INFO - [2023-08-15T18:51:01.714-0300] {dag.py:3504} INFO - Setting next_dagrun for example_time_delta_sensor_async to None, run_after=None
[2023-08-15T18:51:01.823-0300] {processor.py:179} INFO - Processing /home/alan/repos/pipeline_airflow/pipeline-airflow-venv/lib/python3.11/site-packages/airflow/example_dags/example_time_delta_sensor_async.py took 0.220 seconds
[2023-08-15T18:52:13.442-0300] {processor.py:157} INFO - Started process (PID=25639) to work on /home/alan/repos/pipeline_airflow/pipeline-airflow-venv/lib/python3.11/site-packages/airflow/example_dags/example_time_delta_sensor_async.py
[2023-08-15T18:52:13.452-0300] {processor.py:826} INFO - Processing file /home/alan/repos/pipeline_airflow/pipeline-airflow-venv/lib/python3.11/site-packages/airflow/example_dags/example_time_delta_sensor_async.py for tasks to queue
[2023-08-15T18:52:13.454-0300] {logging_mixin.py:150} INFO - [2023-08-15T18:52:13.453-0300] {dagbag.py:541} INFO - Filling up the DagBag from /home/alan/repos/pipeline_airflow/pipeline-airflow-venv/lib/python3.11/site-packages/airflow/example_dags/example_time_delta_sensor_async.py
[2023-08-15T18:52:13.462-0300] {processor.py:836} INFO - DAG(s) dict_keys(['example_time_delta_sensor_async']) retrieved from /home/alan/repos/pipeline_airflow/pipeline-airflow-venv/lib/python3.11/site-packages/airflow/example_dags/example_time_delta_sensor_async.py
[2023-08-15T18:52:13.507-0300] {logging_mixin.py:150} INFO - [2023-08-15T18:52:13.507-0300] {dag.py:2742} INFO - Sync 1 DAGs
[2023-08-15T18:52:13.559-0300] {logging_mixin.py:150} INFO - [2023-08-15T18:52:13.558-0300] {dag.py:3504} INFO - Setting next_dagrun for example_time_delta_sensor_async to None, run_after=None
[2023-08-15T18:52:13.670-0300] {processor.py:179} INFO - Processing /home/alan/repos/pipeline_airflow/pipeline-airflow-venv/lib/python3.11/site-packages/airflow/example_dags/example_time_delta_sensor_async.py took 0.233 seconds
[2023-08-15T18:53:12.450-0300] {processor.py:157} INFO - Started process (PID=25891) to work on /home/alan/repos/pipeline_airflow/pipeline-airflow-venv/lib/python3.11/site-packages/airflow/example_dags/example_time_delta_sensor_async.py
[2023-08-15T18:53:12.455-0300] {processor.py:826} INFO - Processing file /home/alan/repos/pipeline_airflow/pipeline-airflow-venv/lib/python3.11/site-packages/airflow/example_dags/example_time_delta_sensor_async.py for tasks to queue
[2023-08-15T18:53:12.457-0300] {logging_mixin.py:150} INFO - [2023-08-15T18:53:12.456-0300] {dagbag.py:541} INFO - Filling up the DagBag from /home/alan/repos/pipeline_airflow/pipeline-airflow-venv/lib/python3.11/site-packages/airflow/example_dags/example_time_delta_sensor_async.py
[2023-08-15T18:53:12.465-0300] {processor.py:836} INFO - DAG(s) dict_keys(['example_time_delta_sensor_async']) retrieved from /home/alan/repos/pipeline_airflow/pipeline-airflow-venv/lib/python3.11/site-packages/airflow/example_dags/example_time_delta_sensor_async.py
[2023-08-15T18:53:12.493-0300] {logging_mixin.py:150} INFO - [2023-08-15T18:53:12.493-0300] {dag.py:2742} INFO - Sync 1 DAGs
[2023-08-15T18:53:12.527-0300] {logging_mixin.py:150} INFO - [2023-08-15T18:53:12.527-0300] {dag.py:3504} INFO - Setting next_dagrun for example_time_delta_sensor_async to None, run_after=None
[2023-08-15T18:53:12.637-0300] {processor.py:179} INFO - Processing /home/alan/repos/pipeline_airflow/pipeline-airflow-venv/lib/python3.11/site-packages/airflow/example_dags/example_time_delta_sensor_async.py took 0.193 seconds
[2023-08-15T18:54:06.201-0300] {processor.py:157} INFO - Started process (PID=26102) to work on /home/alan/repos/pipeline_airflow/pipeline-airflow-venv/lib/python3.11/site-packages/airflow/example_dags/example_time_delta_sensor_async.py
[2023-08-15T18:54:06.203-0300] {processor.py:826} INFO - Processing file /home/alan/repos/pipeline_airflow/pipeline-airflow-venv/lib/python3.11/site-packages/airflow/example_dags/example_time_delta_sensor_async.py for tasks to queue
[2023-08-15T18:54:06.205-0300] {logging_mixin.py:150} INFO - [2023-08-15T18:54:06.204-0300] {dagbag.py:541} INFO - Filling up the DagBag from /home/alan/repos/pipeline_airflow/pipeline-airflow-venv/lib/python3.11/site-packages/airflow/example_dags/example_time_delta_sensor_async.py
[2023-08-15T18:54:06.214-0300] {processor.py:836} INFO - DAG(s) dict_keys(['example_time_delta_sensor_async']) retrieved from /home/alan/repos/pipeline_airflow/pipeline-airflow-venv/lib/python3.11/site-packages/airflow/example_dags/example_time_delta_sensor_async.py
[2023-08-15T18:54:06.245-0300] {logging_mixin.py:150} INFO - [2023-08-15T18:54:06.245-0300] {dag.py:2742} INFO - Sync 1 DAGs
[2023-08-15T18:54:06.279-0300] {logging_mixin.py:150} INFO - [2023-08-15T18:54:06.279-0300] {dag.py:3504} INFO - Setting next_dagrun for example_time_delta_sensor_async to None, run_after=None
[2023-08-15T18:54:06.403-0300] {processor.py:179} INFO - Processing /home/alan/repos/pipeline_airflow/pipeline-airflow-venv/lib/python3.11/site-packages/airflow/example_dags/example_time_delta_sensor_async.py took 0.208 seconds
[2023-08-15T18:55:42.180-0300] {processor.py:157} INFO - Started process (PID=26751) to work on /home/alan/repos/pipeline_airflow/pipeline-airflow-venv/lib/python3.11/site-packages/airflow/example_dags/example_time_delta_sensor_async.py
[2023-08-15T18:55:42.254-0300] {processor.py:826} INFO - Processing file /home/alan/repos/pipeline_airflow/pipeline-airflow-venv/lib/python3.11/site-packages/airflow/example_dags/example_time_delta_sensor_async.py for tasks to queue
[2023-08-15T18:55:42.256-0300] {logging_mixin.py:150} INFO - [2023-08-15T18:55:42.255-0300] {dagbag.py:541} INFO - Filling up the DagBag from /home/alan/repos/pipeline_airflow/pipeline-airflow-venv/lib/python3.11/site-packages/airflow/example_dags/example_time_delta_sensor_async.py
[2023-08-15T18:55:42.435-0300] {processor.py:836} INFO - DAG(s) dict_keys(['example_time_delta_sensor_async']) retrieved from /home/alan/repos/pipeline_airflow/pipeline-airflow-venv/lib/python3.11/site-packages/airflow/example_dags/example_time_delta_sensor_async.py
[2023-08-15T18:55:42.638-0300] {logging_mixin.py:150} INFO - [2023-08-15T18:55:42.638-0300] {dag.py:2742} INFO - Sync 1 DAGs
[2023-08-15T18:55:42.690-0300] {logging_mixin.py:150} INFO - [2023-08-15T18:55:42.689-0300] {dag.py:3504} INFO - Setting next_dagrun for example_time_delta_sensor_async to None, run_after=None
[2023-08-15T18:55:43.190-0300] {processor.py:179} INFO - Processing /home/alan/repos/pipeline_airflow/pipeline-airflow-venv/lib/python3.11/site-packages/airflow/example_dags/example_time_delta_sensor_async.py took 1.015 seconds
[2023-08-15T18:58:05.893-0300] {processor.py:157} INFO - Started process (PID=27056) to work on /home/alan/repos/pipeline_airflow/pipeline-airflow-venv/lib/python3.11/site-packages/airflow/example_dags/example_time_delta_sensor_async.py
[2023-08-15T18:58:06.006-0300] {processor.py:826} INFO - Processing file /home/alan/repos/pipeline_airflow/pipeline-airflow-venv/lib/python3.11/site-packages/airflow/example_dags/example_time_delta_sensor_async.py for tasks to queue
[2023-08-15T18:58:06.009-0300] {logging_mixin.py:150} INFO - [2023-08-15T18:58:06.008-0300] {dagbag.py:541} INFO - Filling up the DagBag from /home/alan/repos/pipeline_airflow/pipeline-airflow-venv/lib/python3.11/site-packages/airflow/example_dags/example_time_delta_sensor_async.py
[2023-08-15T18:58:06.074-0300] {processor.py:836} INFO - DAG(s) dict_keys(['example_time_delta_sensor_async']) retrieved from /home/alan/repos/pipeline_airflow/pipeline-airflow-venv/lib/python3.11/site-packages/airflow/example_dags/example_time_delta_sensor_async.py
[2023-08-15T18:58:06.130-0300] {logging_mixin.py:150} INFO - [2023-08-15T18:58:06.129-0300] {dag.py:2742} INFO - Sync 1 DAGs
[2023-08-15T18:58:06.171-0300] {logging_mixin.py:150} INFO - [2023-08-15T18:58:06.170-0300] {dag.py:3504} INFO - Setting next_dagrun for example_time_delta_sensor_async to None, run_after=None
[2023-08-15T18:58:06.780-0300] {processor.py:179} INFO - Processing /home/alan/repos/pipeline_airflow/pipeline-airflow-venv/lib/python3.11/site-packages/airflow/example_dags/example_time_delta_sensor_async.py took 0.894 seconds
[2023-08-15T19:01:29.852-0300] {processor.py:157} INFO - Started process (PID=27550) to work on /home/alan/repos/pipeline_airflow/pipeline-airflow-venv/lib/python3.11/site-packages/airflow/example_dags/example_time_delta_sensor_async.py
[2023-08-15T19:01:29.892-0300] {processor.py:826} INFO - Processing file /home/alan/repos/pipeline_airflow/pipeline-airflow-venv/lib/python3.11/site-packages/airflow/example_dags/example_time_delta_sensor_async.py for tasks to queue
[2023-08-15T19:01:29.893-0300] {logging_mixin.py:150} INFO - [2023-08-15T19:01:29.893-0300] {dagbag.py:541} INFO - Filling up the DagBag from /home/alan/repos/pipeline_airflow/pipeline-airflow-venv/lib/python3.11/site-packages/airflow/example_dags/example_time_delta_sensor_async.py
[2023-08-15T19:01:29.909-0300] {processor.py:836} INFO - DAG(s) dict_keys(['example_time_delta_sensor_async']) retrieved from /home/alan/repos/pipeline_airflow/pipeline-airflow-venv/lib/python3.11/site-packages/airflow/example_dags/example_time_delta_sensor_async.py
[2023-08-15T19:01:29.970-0300] {logging_mixin.py:150} INFO - [2023-08-15T19:01:29.968-0300] {dag.py:2742} INFO - Sync 1 DAGs
[2023-08-15T19:01:30.007-0300] {logging_mixin.py:150} INFO - [2023-08-15T19:01:30.006-0300] {dag.py:3504} INFO - Setting next_dagrun for example_time_delta_sensor_async to None, run_after=None
[2023-08-15T19:01:30.241-0300] {processor.py:179} INFO - Processing /home/alan/repos/pipeline_airflow/pipeline-airflow-venv/lib/python3.11/site-packages/airflow/example_dags/example_time_delta_sensor_async.py took 0.403 seconds
[2023-08-15T19:02:48.180-0300] {processor.py:157} INFO - Started process (PID=27805) to work on /home/alan/repos/pipeline_airflow/pipeline-airflow-venv/lib/python3.11/site-packages/airflow/example_dags/example_time_delta_sensor_async.py
[2023-08-15T19:02:48.280-0300] {processor.py:826} INFO - Processing file /home/alan/repos/pipeline_airflow/pipeline-airflow-venv/lib/python3.11/site-packages/airflow/example_dags/example_time_delta_sensor_async.py for tasks to queue
[2023-08-15T19:02:48.282-0300] {logging_mixin.py:150} INFO - [2023-08-15T19:02:48.281-0300] {dagbag.py:541} INFO - Filling up the DagBag from /home/alan/repos/pipeline_airflow/pipeline-airflow-venv/lib/python3.11/site-packages/airflow/example_dags/example_time_delta_sensor_async.py
[2023-08-15T19:02:48.317-0300] {processor.py:836} INFO - DAG(s) dict_keys(['example_time_delta_sensor_async']) retrieved from /home/alan/repos/pipeline_airflow/pipeline-airflow-venv/lib/python3.11/site-packages/airflow/example_dags/example_time_delta_sensor_async.py
[2023-08-15T19:02:48.346-0300] {logging_mixin.py:150} INFO - [2023-08-15T19:02:48.346-0300] {dag.py:2742} INFO - Sync 1 DAGs
[2023-08-15T19:02:48.381-0300] {logging_mixin.py:150} INFO - [2023-08-15T19:02:48.381-0300] {dag.py:3504} INFO - Setting next_dagrun for example_time_delta_sensor_async to None, run_after=None
[2023-08-15T19:02:49.098-0300] {processor.py:179} INFO - Processing /home/alan/repos/pipeline_airflow/pipeline-airflow-venv/lib/python3.11/site-packages/airflow/example_dags/example_time_delta_sensor_async.py took 0.925 seconds
[2023-08-15T19:04:07.829-0300] {processor.py:157} INFO - Started process (PID=28211) to work on /home/alan/repos/pipeline_airflow/pipeline-airflow-venv/lib/python3.11/site-packages/airflow/example_dags/example_time_delta_sensor_async.py
[2023-08-15T19:04:07.856-0300] {processor.py:826} INFO - Processing file /home/alan/repos/pipeline_airflow/pipeline-airflow-venv/lib/python3.11/site-packages/airflow/example_dags/example_time_delta_sensor_async.py for tasks to queue
[2023-08-15T19:04:07.868-0300] {logging_mixin.py:150} INFO - [2023-08-15T19:04:07.857-0300] {dagbag.py:541} INFO - Filling up the DagBag from /home/alan/repos/pipeline_airflow/pipeline-airflow-venv/lib/python3.11/site-packages/airflow/example_dags/example_time_delta_sensor_async.py
[2023-08-15T19:04:07.894-0300] {processor.py:836} INFO - DAG(s) dict_keys(['example_time_delta_sensor_async']) retrieved from /home/alan/repos/pipeline_airflow/pipeline-airflow-venv/lib/python3.11/site-packages/airflow/example_dags/example_time_delta_sensor_async.py
[2023-08-15T19:04:08.109-0300] {logging_mixin.py:150} INFO - [2023-08-15T19:04:08.108-0300] {dag.py:2742} INFO - Sync 1 DAGs
[2023-08-15T19:04:08.242-0300] {logging_mixin.py:150} INFO - [2023-08-15T19:04:08.242-0300] {dag.py:3504} INFO - Setting next_dagrun for example_time_delta_sensor_async to None, run_after=None
[2023-08-15T19:04:08.571-0300] {processor.py:179} INFO - Processing /home/alan/repos/pipeline_airflow/pipeline-airflow-venv/lib/python3.11/site-packages/airflow/example_dags/example_time_delta_sensor_async.py took 0.771 seconds
[2023-08-15T19:05:34.562-0300] {processor.py:157} INFO - Started process (PID=28644) to work on /home/alan/repos/pipeline_airflow/pipeline-airflow-venv/lib/python3.11/site-packages/airflow/example_dags/example_time_delta_sensor_async.py
[2023-08-15T19:05:34.577-0300] {processor.py:826} INFO - Processing file /home/alan/repos/pipeline_airflow/pipeline-airflow-venv/lib/python3.11/site-packages/airflow/example_dags/example_time_delta_sensor_async.py for tasks to queue
[2023-08-15T19:05:34.578-0300] {logging_mixin.py:150} INFO - [2023-08-15T19:05:34.578-0300] {dagbag.py:541} INFO - Filling up the DagBag from /home/alan/repos/pipeline_airflow/pipeline-airflow-venv/lib/python3.11/site-packages/airflow/example_dags/example_time_delta_sensor_async.py
[2023-08-15T19:05:34.589-0300] {processor.py:836} INFO - DAG(s) dict_keys(['example_time_delta_sensor_async']) retrieved from /home/alan/repos/pipeline_airflow/pipeline-airflow-venv/lib/python3.11/site-packages/airflow/example_dags/example_time_delta_sensor_async.py
[2023-08-15T19:05:34.629-0300] {logging_mixin.py:150} INFO - [2023-08-15T19:05:34.628-0300] {dag.py:2742} INFO - Sync 1 DAGs
[2023-08-15T19:05:34.669-0300] {logging_mixin.py:150} INFO - [2023-08-15T19:05:34.668-0300] {dag.py:3504} INFO - Setting next_dagrun for example_time_delta_sensor_async to None, run_after=None
[2023-08-15T19:05:34.775-0300] {processor.py:179} INFO - Processing /home/alan/repos/pipeline_airflow/pipeline-airflow-venv/lib/python3.11/site-packages/airflow/example_dags/example_time_delta_sensor_async.py took 0.218 seconds
[2023-08-15T19:06:38.380-0300] {processor.py:157} INFO - Started process (PID=28809) to work on /home/alan/repos/pipeline_airflow/pipeline-airflow-venv/lib/python3.11/site-packages/airflow/example_dags/example_time_delta_sensor_async.py
[2023-08-15T19:06:38.384-0300] {processor.py:826} INFO - Processing file /home/alan/repos/pipeline_airflow/pipeline-airflow-venv/lib/python3.11/site-packages/airflow/example_dags/example_time_delta_sensor_async.py for tasks to queue
[2023-08-15T19:06:38.385-0300] {logging_mixin.py:150} INFO - [2023-08-15T19:06:38.385-0300] {dagbag.py:541} INFO - Filling up the DagBag from /home/alan/repos/pipeline_airflow/pipeline-airflow-venv/lib/python3.11/site-packages/airflow/example_dags/example_time_delta_sensor_async.py
[2023-08-15T19:06:38.396-0300] {processor.py:836} INFO - DAG(s) dict_keys(['example_time_delta_sensor_async']) retrieved from /home/alan/repos/pipeline_airflow/pipeline-airflow-venv/lib/python3.11/site-packages/airflow/example_dags/example_time_delta_sensor_async.py
[2023-08-15T19:06:38.428-0300] {logging_mixin.py:150} INFO - [2023-08-15T19:06:38.428-0300] {dag.py:2742} INFO - Sync 1 DAGs
[2023-08-15T19:06:38.464-0300] {logging_mixin.py:150} INFO - [2023-08-15T19:06:38.464-0300] {dag.py:3504} INFO - Setting next_dagrun for example_time_delta_sensor_async to None, run_after=None
[2023-08-15T19:06:38.554-0300] {processor.py:179} INFO - Processing /home/alan/repos/pipeline_airflow/pipeline-airflow-venv/lib/python3.11/site-packages/airflow/example_dags/example_time_delta_sensor_async.py took 0.181 seconds
[2023-08-15T19:07:40.219-0300] {processor.py:157} INFO - Started process (PID=29057) to work on /home/alan/repos/pipeline_airflow/pipeline-airflow-venv/lib/python3.11/site-packages/airflow/example_dags/example_time_delta_sensor_async.py
[2023-08-15T19:07:40.227-0300] {processor.py:826} INFO - Processing file /home/alan/repos/pipeline_airflow/pipeline-airflow-venv/lib/python3.11/site-packages/airflow/example_dags/example_time_delta_sensor_async.py for tasks to queue
[2023-08-15T19:07:40.229-0300] {logging_mixin.py:150} INFO - [2023-08-15T19:07:40.228-0300] {dagbag.py:541} INFO - Filling up the DagBag from /home/alan/repos/pipeline_airflow/pipeline-airflow-venv/lib/python3.11/site-packages/airflow/example_dags/example_time_delta_sensor_async.py
[2023-08-15T19:07:40.241-0300] {processor.py:836} INFO - DAG(s) dict_keys(['example_time_delta_sensor_async']) retrieved from /home/alan/repos/pipeline_airflow/pipeline-airflow-venv/lib/python3.11/site-packages/airflow/example_dags/example_time_delta_sensor_async.py
[2023-08-15T19:07:40.277-0300] {logging_mixin.py:150} INFO - [2023-08-15T19:07:40.277-0300] {dag.py:2742} INFO - Sync 1 DAGs
[2023-08-15T19:07:40.317-0300] {logging_mixin.py:150} INFO - [2023-08-15T19:07:40.317-0300] {dag.py:3504} INFO - Setting next_dagrun for example_time_delta_sensor_async to None, run_after=None
[2023-08-15T19:07:40.443-0300] {processor.py:179} INFO - Processing /home/alan/repos/pipeline_airflow/pipeline-airflow-venv/lib/python3.11/site-packages/airflow/example_dags/example_time_delta_sensor_async.py took 0.229 seconds
[2023-08-15T19:08:46.366-0300] {processor.py:157} INFO - Started process (PID=29249) to work on /home/alan/repos/pipeline_airflow/pipeline-airflow-venv/lib/python3.11/site-packages/airflow/example_dags/example_time_delta_sensor_async.py
[2023-08-15T19:08:46.381-0300] {processor.py:826} INFO - Processing file /home/alan/repos/pipeline_airflow/pipeline-airflow-venv/lib/python3.11/site-packages/airflow/example_dags/example_time_delta_sensor_async.py for tasks to queue
[2023-08-15T19:08:46.382-0300] {logging_mixin.py:150} INFO - [2023-08-15T19:08:46.381-0300] {dagbag.py:541} INFO - Filling up the DagBag from /home/alan/repos/pipeline_airflow/pipeline-airflow-venv/lib/python3.11/site-packages/airflow/example_dags/example_time_delta_sensor_async.py
[2023-08-15T19:08:46.390-0300] {processor.py:836} INFO - DAG(s) dict_keys(['example_time_delta_sensor_async']) retrieved from /home/alan/repos/pipeline_airflow/pipeline-airflow-venv/lib/python3.11/site-packages/airflow/example_dags/example_time_delta_sensor_async.py
[2023-08-15T19:08:46.420-0300] {logging_mixin.py:150} INFO - [2023-08-15T19:08:46.420-0300] {dag.py:2742} INFO - Sync 1 DAGs
[2023-08-15T19:08:46.456-0300] {logging_mixin.py:150} INFO - [2023-08-15T19:08:46.456-0300] {dag.py:3504} INFO - Setting next_dagrun for example_time_delta_sensor_async to None, run_after=None
[2023-08-15T19:08:46.592-0300] {processor.py:179} INFO - Processing /home/alan/repos/pipeline_airflow/pipeline-airflow-venv/lib/python3.11/site-packages/airflow/example_dags/example_time_delta_sensor_async.py took 0.232 seconds
[2023-08-15T19:09:45.732-0300] {processor.py:157} INFO - Started process (PID=29401) to work on /home/alan/repos/pipeline_airflow/pipeline-airflow-venv/lib/python3.11/site-packages/airflow/example_dags/example_time_delta_sensor_async.py
[2023-08-15T19:09:45.742-0300] {processor.py:826} INFO - Processing file /home/alan/repos/pipeline_airflow/pipeline-airflow-venv/lib/python3.11/site-packages/airflow/example_dags/example_time_delta_sensor_async.py for tasks to queue
[2023-08-15T19:09:45.744-0300] {logging_mixin.py:150} INFO - [2023-08-15T19:09:45.743-0300] {dagbag.py:541} INFO - Filling up the DagBag from /home/alan/repos/pipeline_airflow/pipeline-airflow-venv/lib/python3.11/site-packages/airflow/example_dags/example_time_delta_sensor_async.py
[2023-08-15T19:09:45.753-0300] {processor.py:836} INFO - DAG(s) dict_keys(['example_time_delta_sensor_async']) retrieved from /home/alan/repos/pipeline_airflow/pipeline-airflow-venv/lib/python3.11/site-packages/airflow/example_dags/example_time_delta_sensor_async.py
[2023-08-15T19:09:45.786-0300] {logging_mixin.py:150} INFO - [2023-08-15T19:09:45.786-0300] {dag.py:2742} INFO - Sync 1 DAGs
[2023-08-15T19:09:45.821-0300] {logging_mixin.py:150} INFO - [2023-08-15T19:09:45.820-0300] {dag.py:3504} INFO - Setting next_dagrun for example_time_delta_sensor_async to None, run_after=None
[2023-08-15T19:09:45.929-0300] {processor.py:179} INFO - Processing /home/alan/repos/pipeline_airflow/pipeline-airflow-venv/lib/python3.11/site-packages/airflow/example_dags/example_time_delta_sensor_async.py took 0.204 seconds
[2023-08-15T19:10:45.506-0300] {processor.py:157} INFO - Started process (PID=29562) to work on /home/alan/repos/pipeline_airflow/pipeline-airflow-venv/lib/python3.11/site-packages/airflow/example_dags/example_time_delta_sensor_async.py
[2023-08-15T19:10:45.519-0300] {processor.py:826} INFO - Processing file /home/alan/repos/pipeline_airflow/pipeline-airflow-venv/lib/python3.11/site-packages/airflow/example_dags/example_time_delta_sensor_async.py for tasks to queue
[2023-08-15T19:10:45.521-0300] {logging_mixin.py:150} INFO - [2023-08-15T19:10:45.521-0300] {dagbag.py:541} INFO - Filling up the DagBag from /home/alan/repos/pipeline_airflow/pipeline-airflow-venv/lib/python3.11/site-packages/airflow/example_dags/example_time_delta_sensor_async.py
[2023-08-15T19:10:45.531-0300] {processor.py:836} INFO - DAG(s) dict_keys(['example_time_delta_sensor_async']) retrieved from /home/alan/repos/pipeline_airflow/pipeline-airflow-venv/lib/python3.11/site-packages/airflow/example_dags/example_time_delta_sensor_async.py
[2023-08-15T19:10:45.574-0300] {logging_mixin.py:150} INFO - [2023-08-15T19:10:45.574-0300] {dag.py:2742} INFO - Sync 1 DAGs
[2023-08-15T19:10:45.610-0300] {logging_mixin.py:150} INFO - [2023-08-15T19:10:45.610-0300] {dag.py:3504} INFO - Setting next_dagrun for example_time_delta_sensor_async to None, run_after=None
[2023-08-15T19:10:45.732-0300] {processor.py:179} INFO - Processing /home/alan/repos/pipeline_airflow/pipeline-airflow-venv/lib/python3.11/site-packages/airflow/example_dags/example_time_delta_sensor_async.py took 0.232 seconds
[2023-08-15T19:11:48.621-0300] {processor.py:157} INFO - Started process (PID=29792) to work on /home/alan/repos/pipeline_airflow/pipeline-airflow-venv/lib/python3.11/site-packages/airflow/example_dags/example_time_delta_sensor_async.py
[2023-08-15T19:11:48.623-0300] {processor.py:826} INFO - Processing file /home/alan/repos/pipeline_airflow/pipeline-airflow-venv/lib/python3.11/site-packages/airflow/example_dags/example_time_delta_sensor_async.py for tasks to queue
[2023-08-15T19:11:48.625-0300] {logging_mixin.py:150} INFO - [2023-08-15T19:11:48.624-0300] {dagbag.py:541} INFO - Filling up the DagBag from /home/alan/repos/pipeline_airflow/pipeline-airflow-venv/lib/python3.11/site-packages/airflow/example_dags/example_time_delta_sensor_async.py
[2023-08-15T19:11:48.634-0300] {processor.py:836} INFO - DAG(s) dict_keys(['example_time_delta_sensor_async']) retrieved from /home/alan/repos/pipeline_airflow/pipeline-airflow-venv/lib/python3.11/site-packages/airflow/example_dags/example_time_delta_sensor_async.py
[2023-08-15T19:11:48.667-0300] {logging_mixin.py:150} INFO - [2023-08-15T19:11:48.666-0300] {dag.py:2742} INFO - Sync 1 DAGs
[2023-08-15T19:11:48.703-0300] {logging_mixin.py:150} INFO - [2023-08-15T19:11:48.703-0300] {dag.py:3504} INFO - Setting next_dagrun for example_time_delta_sensor_async to None, run_after=None
[2023-08-15T19:11:48.817-0300] {processor.py:179} INFO - Processing /home/alan/repos/pipeline_airflow/pipeline-airflow-venv/lib/python3.11/site-packages/airflow/example_dags/example_time_delta_sensor_async.py took 0.203 seconds
[2023-08-15T19:12:50.693-0300] {processor.py:157} INFO - Started process (PID=29987) to work on /home/alan/repos/pipeline_airflow/pipeline-airflow-venv/lib/python3.11/site-packages/airflow/example_dags/example_time_delta_sensor_async.py
[2023-08-15T19:12:50.711-0300] {processor.py:826} INFO - Processing file /home/alan/repos/pipeline_airflow/pipeline-airflow-venv/lib/python3.11/site-packages/airflow/example_dags/example_time_delta_sensor_async.py for tasks to queue
[2023-08-15T19:12:50.712-0300] {logging_mixin.py:150} INFO - [2023-08-15T19:12:50.711-0300] {dagbag.py:541} INFO - Filling up the DagBag from /home/alan/repos/pipeline_airflow/pipeline-airflow-venv/lib/python3.11/site-packages/airflow/example_dags/example_time_delta_sensor_async.py
[2023-08-15T19:12:50.720-0300] {processor.py:836} INFO - DAG(s) dict_keys(['example_time_delta_sensor_async']) retrieved from /home/alan/repos/pipeline_airflow/pipeline-airflow-venv/lib/python3.11/site-packages/airflow/example_dags/example_time_delta_sensor_async.py
[2023-08-15T19:12:50.754-0300] {logging_mixin.py:150} INFO - [2023-08-15T19:12:50.754-0300] {dag.py:2742} INFO - Sync 1 DAGs
[2023-08-15T19:12:50.803-0300] {logging_mixin.py:150} INFO - [2023-08-15T19:12:50.802-0300] {dag.py:3504} INFO - Setting next_dagrun for example_time_delta_sensor_async to None, run_after=None
[2023-08-15T19:12:50.926-0300] {processor.py:179} INFO - Processing /home/alan/repos/pipeline_airflow/pipeline-airflow-venv/lib/python3.11/site-packages/airflow/example_dags/example_time_delta_sensor_async.py took 0.238 seconds
[2023-08-15T19:13:49.130-0300] {processor.py:157} INFO - Started process (PID=30143) to work on /home/alan/repos/pipeline_airflow/pipeline-airflow-venv/lib/python3.11/site-packages/airflow/example_dags/example_time_delta_sensor_async.py
[2023-08-15T19:13:49.149-0300] {processor.py:826} INFO - Processing file /home/alan/repos/pipeline_airflow/pipeline-airflow-venv/lib/python3.11/site-packages/airflow/example_dags/example_time_delta_sensor_async.py for tasks to queue
[2023-08-15T19:13:49.150-0300] {logging_mixin.py:150} INFO - [2023-08-15T19:13:49.150-0300] {dagbag.py:541} INFO - Filling up the DagBag from /home/alan/repos/pipeline_airflow/pipeline-airflow-venv/lib/python3.11/site-packages/airflow/example_dags/example_time_delta_sensor_async.py
[2023-08-15T19:13:49.164-0300] {processor.py:836} INFO - DAG(s) dict_keys(['example_time_delta_sensor_async']) retrieved from /home/alan/repos/pipeline_airflow/pipeline-airflow-venv/lib/python3.11/site-packages/airflow/example_dags/example_time_delta_sensor_async.py
[2023-08-15T19:13:49.201-0300] {logging_mixin.py:150} INFO - [2023-08-15T19:13:49.201-0300] {dag.py:2742} INFO - Sync 1 DAGs
[2023-08-15T19:13:49.252-0300] {logging_mixin.py:150} INFO - [2023-08-15T19:13:49.251-0300] {dag.py:3504} INFO - Setting next_dagrun for example_time_delta_sensor_async to None, run_after=None
[2023-08-15T19:13:49.375-0300] {processor.py:179} INFO - Processing /home/alan/repos/pipeline_airflow/pipeline-airflow-venv/lib/python3.11/site-packages/airflow/example_dags/example_time_delta_sensor_async.py took 0.252 seconds
[2023-08-15T19:14:47.616-0300] {processor.py:157} INFO - Started process (PID=30294) to work on /home/alan/repos/pipeline_airflow/pipeline-airflow-venv/lib/python3.11/site-packages/airflow/example_dags/example_time_delta_sensor_async.py
[2023-08-15T19:14:47.629-0300] {processor.py:826} INFO - Processing file /home/alan/repos/pipeline_airflow/pipeline-airflow-venv/lib/python3.11/site-packages/airflow/example_dags/example_time_delta_sensor_async.py for tasks to queue
[2023-08-15T19:14:47.632-0300] {logging_mixin.py:150} INFO - [2023-08-15T19:14:47.631-0300] {dagbag.py:541} INFO - Filling up the DagBag from /home/alan/repos/pipeline_airflow/pipeline-airflow-venv/lib/python3.11/site-packages/airflow/example_dags/example_time_delta_sensor_async.py
[2023-08-15T19:14:47.643-0300] {processor.py:836} INFO - DAG(s) dict_keys(['example_time_delta_sensor_async']) retrieved from /home/alan/repos/pipeline_airflow/pipeline-airflow-venv/lib/python3.11/site-packages/airflow/example_dags/example_time_delta_sensor_async.py
[2023-08-15T19:14:47.680-0300] {logging_mixin.py:150} INFO - [2023-08-15T19:14:47.680-0300] {dag.py:2742} INFO - Sync 1 DAGs
[2023-08-15T19:14:47.717-0300] {logging_mixin.py:150} INFO - [2023-08-15T19:14:47.717-0300] {dag.py:3504} INFO - Setting next_dagrun for example_time_delta_sensor_async to None, run_after=None
[2023-08-15T19:14:47.837-0300] {processor.py:179} INFO - Processing /home/alan/repos/pipeline_airflow/pipeline-airflow-venv/lib/python3.11/site-packages/airflow/example_dags/example_time_delta_sensor_async.py took 0.229 seconds
[2023-08-15T19:15:42.197-0300] {processor.py:157} INFO - Started process (PID=30433) to work on /home/alan/repos/pipeline_airflow/pipeline-airflow-venv/lib/python3.11/site-packages/airflow/example_dags/example_time_delta_sensor_async.py
[2023-08-15T19:15:42.204-0300] {processor.py:826} INFO - Processing file /home/alan/repos/pipeline_airflow/pipeline-airflow-venv/lib/python3.11/site-packages/airflow/example_dags/example_time_delta_sensor_async.py for tasks to queue
[2023-08-15T19:15:42.206-0300] {logging_mixin.py:150} INFO - [2023-08-15T19:15:42.205-0300] {dagbag.py:541} INFO - Filling up the DagBag from /home/alan/repos/pipeline_airflow/pipeline-airflow-venv/lib/python3.11/site-packages/airflow/example_dags/example_time_delta_sensor_async.py
[2023-08-15T19:15:42.215-0300] {processor.py:836} INFO - DAG(s) dict_keys(['example_time_delta_sensor_async']) retrieved from /home/alan/repos/pipeline_airflow/pipeline-airflow-venv/lib/python3.11/site-packages/airflow/example_dags/example_time_delta_sensor_async.py
[2023-08-15T19:15:42.247-0300] {logging_mixin.py:150} INFO - [2023-08-15T19:15:42.247-0300] {dag.py:2742} INFO - Sync 1 DAGs
[2023-08-15T19:15:42.282-0300] {logging_mixin.py:150} INFO - [2023-08-15T19:15:42.282-0300] {dag.py:3504} INFO - Setting next_dagrun for example_time_delta_sensor_async to None, run_after=None
[2023-08-15T19:15:42.421-0300] {processor.py:179} INFO - Processing /home/alan/repos/pipeline_airflow/pipeline-airflow-venv/lib/python3.11/site-packages/airflow/example_dags/example_time_delta_sensor_async.py took 0.230 seconds
[2023-08-15T19:16:41.343-0300] {processor.py:157} INFO - Started process (PID=30590) to work on /home/alan/repos/pipeline_airflow/pipeline-airflow-venv/lib/python3.11/site-packages/airflow/example_dags/example_time_delta_sensor_async.py
[2023-08-15T19:16:41.361-0300] {processor.py:826} INFO - Processing file /home/alan/repos/pipeline_airflow/pipeline-airflow-venv/lib/python3.11/site-packages/airflow/example_dags/example_time_delta_sensor_async.py for tasks to queue
[2023-08-15T19:16:41.363-0300] {logging_mixin.py:150} INFO - [2023-08-15T19:16:41.362-0300] {dagbag.py:541} INFO - Filling up the DagBag from /home/alan/repos/pipeline_airflow/pipeline-airflow-venv/lib/python3.11/site-packages/airflow/example_dags/example_time_delta_sensor_async.py
[2023-08-15T19:16:41.379-0300] {processor.py:836} INFO - DAG(s) dict_keys(['example_time_delta_sensor_async']) retrieved from /home/alan/repos/pipeline_airflow/pipeline-airflow-venv/lib/python3.11/site-packages/airflow/example_dags/example_time_delta_sensor_async.py
[2023-08-15T19:16:41.421-0300] {logging_mixin.py:150} INFO - [2023-08-15T19:16:41.421-0300] {dag.py:2742} INFO - Sync 1 DAGs
[2023-08-15T19:16:41.473-0300] {logging_mixin.py:150} INFO - [2023-08-15T19:16:41.473-0300] {dag.py:3504} INFO - Setting next_dagrun for example_time_delta_sensor_async to None, run_after=None
[2023-08-15T19:16:41.599-0300] {processor.py:179} INFO - Processing /home/alan/repos/pipeline_airflow/pipeline-airflow-venv/lib/python3.11/site-packages/airflow/example_dags/example_time_delta_sensor_async.py took 0.261 seconds
[2023-08-15T19:17:43.809-0300] {processor.py:157} INFO - Started process (PID=30754) to work on /home/alan/repos/pipeline_airflow/pipeline-airflow-venv/lib/python3.11/site-packages/airflow/example_dags/example_time_delta_sensor_async.py
[2023-08-15T19:17:43.825-0300] {processor.py:826} INFO - Processing file /home/alan/repos/pipeline_airflow/pipeline-airflow-venv/lib/python3.11/site-packages/airflow/example_dags/example_time_delta_sensor_async.py for tasks to queue
[2023-08-15T19:17:43.827-0300] {logging_mixin.py:150} INFO - [2023-08-15T19:17:43.826-0300] {dagbag.py:541} INFO - Filling up the DagBag from /home/alan/repos/pipeline_airflow/pipeline-airflow-venv/lib/python3.11/site-packages/airflow/example_dags/example_time_delta_sensor_async.py
[2023-08-15T19:17:43.837-0300] {processor.py:836} INFO - DAG(s) dict_keys(['example_time_delta_sensor_async']) retrieved from /home/alan/repos/pipeline_airflow/pipeline-airflow-venv/lib/python3.11/site-packages/airflow/example_dags/example_time_delta_sensor_async.py
[2023-08-15T19:17:43.873-0300] {logging_mixin.py:150} INFO - [2023-08-15T19:17:43.873-0300] {dag.py:2742} INFO - Sync 1 DAGs
[2023-08-15T19:17:43.909-0300] {logging_mixin.py:150} INFO - [2023-08-15T19:17:43.908-0300] {dag.py:3504} INFO - Setting next_dagrun for example_time_delta_sensor_async to None, run_after=None
[2023-08-15T19:17:44.014-0300] {processor.py:179} INFO - Processing /home/alan/repos/pipeline_airflow/pipeline-airflow-venv/lib/python3.11/site-packages/airflow/example_dags/example_time_delta_sensor_async.py took 0.212 seconds
[2023-08-15T19:18:39.787-0300] {processor.py:157} INFO - Started process (PID=30901) to work on /home/alan/repos/pipeline_airflow/pipeline-airflow-venv/lib/python3.11/site-packages/airflow/example_dags/example_time_delta_sensor_async.py
[2023-08-15T19:18:39.805-0300] {processor.py:826} INFO - Processing file /home/alan/repos/pipeline_airflow/pipeline-airflow-venv/lib/python3.11/site-packages/airflow/example_dags/example_time_delta_sensor_async.py for tasks to queue
[2023-08-15T19:18:39.807-0300] {logging_mixin.py:150} INFO - [2023-08-15T19:18:39.806-0300] {dagbag.py:541} INFO - Filling up the DagBag from /home/alan/repos/pipeline_airflow/pipeline-airflow-venv/lib/python3.11/site-packages/airflow/example_dags/example_time_delta_sensor_async.py
[2023-08-15T19:18:39.817-0300] {processor.py:836} INFO - DAG(s) dict_keys(['example_time_delta_sensor_async']) retrieved from /home/alan/repos/pipeline_airflow/pipeline-airflow-venv/lib/python3.11/site-packages/airflow/example_dags/example_time_delta_sensor_async.py
[2023-08-15T19:18:39.855-0300] {logging_mixin.py:150} INFO - [2023-08-15T19:18:39.855-0300] {dag.py:2742} INFO - Sync 1 DAGs
[2023-08-15T19:18:39.893-0300] {logging_mixin.py:150} INFO - [2023-08-15T19:18:39.893-0300] {dag.py:3504} INFO - Setting next_dagrun for example_time_delta_sensor_async to None, run_after=None
[2023-08-15T19:18:39.987-0300] {processor.py:179} INFO - Processing /home/alan/repos/pipeline_airflow/pipeline-airflow-venv/lib/python3.11/site-packages/airflow/example_dags/example_time_delta_sensor_async.py took 0.206 seconds
[2023-08-15T19:19:36.636-0300] {processor.py:157} INFO - Started process (PID=31044) to work on /home/alan/repos/pipeline_airflow/pipeline-airflow-venv/lib/python3.11/site-packages/airflow/example_dags/example_time_delta_sensor_async.py
[2023-08-15T19:19:36.650-0300] {processor.py:826} INFO - Processing file /home/alan/repos/pipeline_airflow/pipeline-airflow-venv/lib/python3.11/site-packages/airflow/example_dags/example_time_delta_sensor_async.py for tasks to queue
[2023-08-15T19:19:36.653-0300] {logging_mixin.py:150} INFO - [2023-08-15T19:19:36.652-0300] {dagbag.py:541} INFO - Filling up the DagBag from /home/alan/repos/pipeline_airflow/pipeline-airflow-venv/lib/python3.11/site-packages/airflow/example_dags/example_time_delta_sensor_async.py
[2023-08-15T19:19:36.664-0300] {processor.py:836} INFO - DAG(s) dict_keys(['example_time_delta_sensor_async']) retrieved from /home/alan/repos/pipeline_airflow/pipeline-airflow-venv/lib/python3.11/site-packages/airflow/example_dags/example_time_delta_sensor_async.py
[2023-08-15T19:19:36.698-0300] {logging_mixin.py:150} INFO - [2023-08-15T19:19:36.698-0300] {dag.py:2742} INFO - Sync 1 DAGs
[2023-08-15T19:19:36.734-0300] {logging_mixin.py:150} INFO - [2023-08-15T19:19:36.733-0300] {dag.py:3504} INFO - Setting next_dagrun for example_time_delta_sensor_async to None, run_after=None
[2023-08-15T19:19:36.844-0300] {processor.py:179} INFO - Processing /home/alan/repos/pipeline_airflow/pipeline-airflow-venv/lib/python3.11/site-packages/airflow/example_dags/example_time_delta_sensor_async.py took 0.215 seconds
[2023-08-15T19:20:44.655-0300] {processor.py:157} INFO - Started process (PID=31323) to work on /home/alan/repos/pipeline_airflow/pipeline-airflow-venv/lib/python3.11/site-packages/airflow/example_dags/example_time_delta_sensor_async.py
[2023-08-15T19:20:44.676-0300] {processor.py:826} INFO - Processing file /home/alan/repos/pipeline_airflow/pipeline-airflow-venv/lib/python3.11/site-packages/airflow/example_dags/example_time_delta_sensor_async.py for tasks to queue
[2023-08-15T19:20:44.678-0300] {logging_mixin.py:150} INFO - [2023-08-15T19:20:44.677-0300] {dagbag.py:541} INFO - Filling up the DagBag from /home/alan/repos/pipeline_airflow/pipeline-airflow-venv/lib/python3.11/site-packages/airflow/example_dags/example_time_delta_sensor_async.py
[2023-08-15T19:20:44.687-0300] {processor.py:836} INFO - DAG(s) dict_keys(['example_time_delta_sensor_async']) retrieved from /home/alan/repos/pipeline_airflow/pipeline-airflow-venv/lib/python3.11/site-packages/airflow/example_dags/example_time_delta_sensor_async.py
[2023-08-15T19:20:44.724-0300] {logging_mixin.py:150} INFO - [2023-08-15T19:20:44.724-0300] {dag.py:2742} INFO - Sync 1 DAGs
[2023-08-15T19:20:44.767-0300] {logging_mixin.py:150} INFO - [2023-08-15T19:20:44.766-0300] {dag.py:3504} INFO - Setting next_dagrun for example_time_delta_sensor_async to None, run_after=None
[2023-08-15T19:20:44.893-0300] {processor.py:179} INFO - Processing /home/alan/repos/pipeline_airflow/pipeline-airflow-venv/lib/python3.11/site-packages/airflow/example_dags/example_time_delta_sensor_async.py took 0.244 seconds
[2023-08-15T19:21:39.337-0300] {processor.py:157} INFO - Started process (PID=31565) to work on /home/alan/repos/pipeline_airflow/pipeline-airflow-venv/lib/python3.11/site-packages/airflow/example_dags/example_time_delta_sensor_async.py
[2023-08-15T19:21:39.350-0300] {processor.py:826} INFO - Processing file /home/alan/repos/pipeline_airflow/pipeline-airflow-venv/lib/python3.11/site-packages/airflow/example_dags/example_time_delta_sensor_async.py for tasks to queue
[2023-08-15T19:21:39.352-0300] {logging_mixin.py:150} INFO - [2023-08-15T19:21:39.351-0300] {dagbag.py:541} INFO - Filling up the DagBag from /home/alan/repos/pipeline_airflow/pipeline-airflow-venv/lib/python3.11/site-packages/airflow/example_dags/example_time_delta_sensor_async.py
[2023-08-15T19:21:39.362-0300] {processor.py:836} INFO - DAG(s) dict_keys(['example_time_delta_sensor_async']) retrieved from /home/alan/repos/pipeline_airflow/pipeline-airflow-venv/lib/python3.11/site-packages/airflow/example_dags/example_time_delta_sensor_async.py
[2023-08-15T19:21:39.398-0300] {logging_mixin.py:150} INFO - [2023-08-15T19:21:39.397-0300] {dag.py:2742} INFO - Sync 1 DAGs
[2023-08-15T19:21:39.439-0300] {logging_mixin.py:150} INFO - [2023-08-15T19:21:39.439-0300] {dag.py:3504} INFO - Setting next_dagrun for example_time_delta_sensor_async to None, run_after=None
[2023-08-15T19:21:39.564-0300] {processor.py:179} INFO - Processing /home/alan/repos/pipeline_airflow/pipeline-airflow-venv/lib/python3.11/site-packages/airflow/example_dags/example_time_delta_sensor_async.py took 0.233 seconds
