[2023-08-15T18:20:16.408-0300] {processor.py:157} INFO - Started process (PID=18549) to work on /home/alan/repos/pipeline_airflow/pipeline-airflow-venv/lib/python3.11/site-packages/airflow/example_dags/example_nested_branch_dag.py
[2023-08-15T18:20:16.410-0300] {processor.py:826} INFO - Processing file /home/alan/repos/pipeline_airflow/pipeline-airflow-venv/lib/python3.11/site-packages/airflow/example_dags/example_nested_branch_dag.py for tasks to queue
[2023-08-15T18:20:16.411-0300] {logging_mixin.py:150} INFO - [2023-08-15T18:20:16.410-0300] {dagbag.py:541} INFO - Filling up the DagBag from /home/alan/repos/pipeline_airflow/pipeline-airflow-venv/lib/python3.11/site-packages/airflow/example_dags/example_nested_branch_dag.py
[2023-08-15T18:20:16.430-0300] {processor.py:836} INFO - DAG(s) dict_keys(['example_nested_branch_dag']) retrieved from /home/alan/repos/pipeline_airflow/pipeline-airflow-venv/lib/python3.11/site-packages/airflow/example_dags/example_nested_branch_dag.py
[2023-08-15T18:20:16.843-0300] {logging_mixin.py:150} INFO - [2023-08-15T18:20:16.843-0300] {manager.py:504} INFO - Created Permission View: can delete on DAG:example_nested_branch_dag
[2023-08-15T18:20:16.921-0300] {logging_mixin.py:150} INFO - [2023-08-15T18:20:16.921-0300] {manager.py:504} INFO - Created Permission View: can edit on DAG:example_nested_branch_dag
[2023-08-15T18:20:17.010-0300] {logging_mixin.py:150} INFO - [2023-08-15T18:20:17.009-0300] {manager.py:504} INFO - Created Permission View: can read on DAG:example_nested_branch_dag
[2023-08-15T18:20:17.113-0300] {logging_mixin.py:150} INFO - [2023-08-15T18:20:17.112-0300] {dag.py:2742} INFO - Sync 1 DAGs
[2023-08-15T18:20:17.226-0300] {logging_mixin.py:150} INFO - [2023-08-15T18:20:17.225-0300] {dag.py:2763} INFO - Creating ORM DAG for example_nested_branch_dag
[2023-08-15T18:20:17.328-0300] {logging_mixin.py:150} INFO - [2023-08-15T18:20:17.328-0300] {dag.py:3504} INFO - Setting next_dagrun for example_nested_branch_dag to 2023-08-14T00:00:00+00:00, run_after=2023-08-15T00:00:00+00:00
[2023-08-15T18:20:17.510-0300] {processor.py:179} INFO - Processing /home/alan/repos/pipeline_airflow/pipeline-airflow-venv/lib/python3.11/site-packages/airflow/example_dags/example_nested_branch_dag.py took 1.108 seconds
[2023-08-15T18:21:35.457-0300] {processor.py:157} INFO - Started process (PID=18935) to work on /home/alan/repos/pipeline_airflow/pipeline-airflow-venv/lib/python3.11/site-packages/airflow/example_dags/example_nested_branch_dag.py
[2023-08-15T18:21:35.458-0300] {processor.py:826} INFO - Processing file /home/alan/repos/pipeline_airflow/pipeline-airflow-venv/lib/python3.11/site-packages/airflow/example_dags/example_nested_branch_dag.py for tasks to queue
[2023-08-15T18:21:35.460-0300] {logging_mixin.py:150} INFO - [2023-08-15T18:21:35.459-0300] {dagbag.py:541} INFO - Filling up the DagBag from /home/alan/repos/pipeline_airflow/pipeline-airflow-venv/lib/python3.11/site-packages/airflow/example_dags/example_nested_branch_dag.py
[2023-08-15T18:21:35.478-0300] {processor.py:836} INFO - DAG(s) dict_keys(['example_nested_branch_dag']) retrieved from /home/alan/repos/pipeline_airflow/pipeline-airflow-venv/lib/python3.11/site-packages/airflow/example_dags/example_nested_branch_dag.py
[2023-08-15T18:21:35.512-0300] {logging_mixin.py:150} INFO - [2023-08-15T18:21:35.511-0300] {dag.py:2742} INFO - Sync 1 DAGs
[2023-08-15T18:21:35.554-0300] {logging_mixin.py:150} INFO - [2023-08-15T18:21:35.554-0300] {dag.py:3504} INFO - Setting next_dagrun for example_nested_branch_dag to 2023-08-14T00:00:00+00:00, run_after=2023-08-15T00:00:00+00:00
[2023-08-15T18:21:35.660-0300] {processor.py:179} INFO - Processing /home/alan/repos/pipeline_airflow/pipeline-airflow-venv/lib/python3.11/site-packages/airflow/example_dags/example_nested_branch_dag.py took 0.209 seconds
[2023-08-15T18:22:30.823-0300] {processor.py:157} INFO - Started process (PID=19137) to work on /home/alan/repos/pipeline_airflow/pipeline-airflow-venv/lib/python3.11/site-packages/airflow/example_dags/example_nested_branch_dag.py
[2023-08-15T18:22:30.825-0300] {processor.py:826} INFO - Processing file /home/alan/repos/pipeline_airflow/pipeline-airflow-venv/lib/python3.11/site-packages/airflow/example_dags/example_nested_branch_dag.py for tasks to queue
[2023-08-15T18:22:30.826-0300] {logging_mixin.py:150} INFO - [2023-08-15T18:22:30.826-0300] {dagbag.py:541} INFO - Filling up the DagBag from /home/alan/repos/pipeline_airflow/pipeline-airflow-venv/lib/python3.11/site-packages/airflow/example_dags/example_nested_branch_dag.py
[2023-08-15T18:22:30.845-0300] {processor.py:836} INFO - DAG(s) dict_keys(['example_nested_branch_dag']) retrieved from /home/alan/repos/pipeline_airflow/pipeline-airflow-venv/lib/python3.11/site-packages/airflow/example_dags/example_nested_branch_dag.py
[2023-08-15T18:22:30.876-0300] {logging_mixin.py:150} INFO - [2023-08-15T18:22:30.876-0300] {dag.py:2742} INFO - Sync 1 DAGs
[2023-08-15T18:22:30.913-0300] {logging_mixin.py:150} INFO - [2023-08-15T18:22:30.913-0300] {dag.py:3504} INFO - Setting next_dagrun for example_nested_branch_dag to 2023-08-14T00:00:00+00:00, run_after=2023-08-15T00:00:00+00:00
[2023-08-15T18:22:31.045-0300] {processor.py:179} INFO - Processing /home/alan/repos/pipeline_airflow/pipeline-airflow-venv/lib/python3.11/site-packages/airflow/example_dags/example_nested_branch_dag.py took 0.227 seconds
[2023-08-15T18:23:29.575-0300] {processor.py:157} INFO - Started process (PID=19340) to work on /home/alan/repos/pipeline_airflow/pipeline-airflow-venv/lib/python3.11/site-packages/airflow/example_dags/example_nested_branch_dag.py
[2023-08-15T18:23:29.577-0300] {processor.py:826} INFO - Processing file /home/alan/repos/pipeline_airflow/pipeline-airflow-venv/lib/python3.11/site-packages/airflow/example_dags/example_nested_branch_dag.py for tasks to queue
[2023-08-15T18:23:29.578-0300] {logging_mixin.py:150} INFO - [2023-08-15T18:23:29.577-0300] {dagbag.py:541} INFO - Filling up the DagBag from /home/alan/repos/pipeline_airflow/pipeline-airflow-venv/lib/python3.11/site-packages/airflow/example_dags/example_nested_branch_dag.py
[2023-08-15T18:23:29.596-0300] {processor.py:836} INFO - DAG(s) dict_keys(['example_nested_branch_dag']) retrieved from /home/alan/repos/pipeline_airflow/pipeline-airflow-venv/lib/python3.11/site-packages/airflow/example_dags/example_nested_branch_dag.py
[2023-08-15T18:23:29.630-0300] {logging_mixin.py:150} INFO - [2023-08-15T18:23:29.629-0300] {dag.py:2742} INFO - Sync 1 DAGs
[2023-08-15T18:23:29.670-0300] {logging_mixin.py:150} INFO - [2023-08-15T18:23:29.670-0300] {dag.py:3504} INFO - Setting next_dagrun for example_nested_branch_dag to 2023-08-14T00:00:00+00:00, run_after=2023-08-15T00:00:00+00:00
[2023-08-15T18:23:29.954-0300] {processor.py:179} INFO - Processing /home/alan/repos/pipeline_airflow/pipeline-airflow-venv/lib/python3.11/site-packages/airflow/example_dags/example_nested_branch_dag.py took 0.389 seconds
[2023-08-15T18:24:40.180-0300] {processor.py:157} INFO - Started process (PID=19772) to work on /home/alan/repos/pipeline_airflow/pipeline-airflow-venv/lib/python3.11/site-packages/airflow/example_dags/example_nested_branch_dag.py
[2023-08-15T18:24:40.197-0300] {processor.py:826} INFO - Processing file /home/alan/repos/pipeline_airflow/pipeline-airflow-venv/lib/python3.11/site-packages/airflow/example_dags/example_nested_branch_dag.py for tasks to queue
[2023-08-15T18:24:40.199-0300] {logging_mixin.py:150} INFO - [2023-08-15T18:24:40.198-0300] {dagbag.py:541} INFO - Filling up the DagBag from /home/alan/repos/pipeline_airflow/pipeline-airflow-venv/lib/python3.11/site-packages/airflow/example_dags/example_nested_branch_dag.py
[2023-08-15T18:24:40.268-0300] {processor.py:836} INFO - DAG(s) dict_keys(['example_nested_branch_dag']) retrieved from /home/alan/repos/pipeline_airflow/pipeline-airflow-venv/lib/python3.11/site-packages/airflow/example_dags/example_nested_branch_dag.py
[2023-08-15T18:24:41.932-0300] {logging_mixin.py:150} INFO - [2023-08-15T18:24:41.932-0300] {dag.py:2742} INFO - Sync 1 DAGs
[2023-08-15T18:24:41.971-0300] {logging_mixin.py:150} INFO - [2023-08-15T18:24:41.971-0300] {dag.py:3504} INFO - Setting next_dagrun for example_nested_branch_dag to 2023-08-14T00:00:00+00:00, run_after=2023-08-15T00:00:00+00:00
[2023-08-15T18:24:42.132-0300] {processor.py:179} INFO - Processing /home/alan/repos/pipeline_airflow/pipeline-airflow-venv/lib/python3.11/site-packages/airflow/example_dags/example_nested_branch_dag.py took 1.964 seconds
[2023-08-15T18:26:49.468-0300] {processor.py:157} INFO - Started process (PID=20799) to work on /home/alan/repos/pipeline_airflow/pipeline-airflow-venv/lib/python3.11/site-packages/airflow/example_dags/example_nested_branch_dag.py
[2023-08-15T18:26:49.506-0300] {processor.py:826} INFO - Processing file /home/alan/repos/pipeline_airflow/pipeline-airflow-venv/lib/python3.11/site-packages/airflow/example_dags/example_nested_branch_dag.py for tasks to queue
[2023-08-15T18:26:49.508-0300] {logging_mixin.py:150} INFO - [2023-08-15T18:26:49.507-0300] {dagbag.py:541} INFO - Filling up the DagBag from /home/alan/repos/pipeline_airflow/pipeline-airflow-venv/lib/python3.11/site-packages/airflow/example_dags/example_nested_branch_dag.py
[2023-08-15T18:26:49.526-0300] {processor.py:836} INFO - DAG(s) dict_keys(['example_nested_branch_dag']) retrieved from /home/alan/repos/pipeline_airflow/pipeline-airflow-venv/lib/python3.11/site-packages/airflow/example_dags/example_nested_branch_dag.py
[2023-08-15T18:26:49.559-0300] {logging_mixin.py:150} INFO - [2023-08-15T18:26:49.559-0300] {dag.py:2742} INFO - Sync 1 DAGs
[2023-08-15T18:26:49.604-0300] {logging_mixin.py:150} INFO - [2023-08-15T18:26:49.604-0300] {dag.py:3504} INFO - Setting next_dagrun for example_nested_branch_dag to 2023-08-14T00:00:00+00:00, run_after=2023-08-15T00:00:00+00:00
[2023-08-15T18:26:49.735-0300] {processor.py:179} INFO - Processing /home/alan/repos/pipeline_airflow/pipeline-airflow-venv/lib/python3.11/site-packages/airflow/example_dags/example_nested_branch_dag.py took 0.272 seconds
[2023-08-15T18:27:52.283-0300] {processor.py:157} INFO - Started process (PID=21030) to work on /home/alan/repos/pipeline_airflow/pipeline-airflow-venv/lib/python3.11/site-packages/airflow/example_dags/example_nested_branch_dag.py
[2023-08-15T18:27:52.292-0300] {processor.py:826} INFO - Processing file /home/alan/repos/pipeline_airflow/pipeline-airflow-venv/lib/python3.11/site-packages/airflow/example_dags/example_nested_branch_dag.py for tasks to queue
[2023-08-15T18:27:52.294-0300] {logging_mixin.py:150} INFO - [2023-08-15T18:27:52.293-0300] {dagbag.py:541} INFO - Filling up the DagBag from /home/alan/repos/pipeline_airflow/pipeline-airflow-venv/lib/python3.11/site-packages/airflow/example_dags/example_nested_branch_dag.py
[2023-08-15T18:27:52.323-0300] {processor.py:836} INFO - DAG(s) dict_keys(['example_nested_branch_dag']) retrieved from /home/alan/repos/pipeline_airflow/pipeline-airflow-venv/lib/python3.11/site-packages/airflow/example_dags/example_nested_branch_dag.py
[2023-08-15T18:27:52.368-0300] {logging_mixin.py:150} INFO - [2023-08-15T18:27:52.368-0300] {dag.py:2742} INFO - Sync 1 DAGs
[2023-08-15T18:27:52.414-0300] {logging_mixin.py:150} INFO - [2023-08-15T18:27:52.414-0300] {dag.py:3504} INFO - Setting next_dagrun for example_nested_branch_dag to 2023-08-14T00:00:00+00:00, run_after=2023-08-15T00:00:00+00:00
[2023-08-15T18:27:52.548-0300] {processor.py:179} INFO - Processing /home/alan/repos/pipeline_airflow/pipeline-airflow-venv/lib/python3.11/site-packages/airflow/example_dags/example_nested_branch_dag.py took 0.270 seconds
[2023-08-15T18:28:51.257-0300] {processor.py:157} INFO - Started process (PID=21281) to work on /home/alan/repos/pipeline_airflow/pipeline-airflow-venv/lib/python3.11/site-packages/airflow/example_dags/example_nested_branch_dag.py
[2023-08-15T18:28:51.266-0300] {processor.py:826} INFO - Processing file /home/alan/repos/pipeline_airflow/pipeline-airflow-venv/lib/python3.11/site-packages/airflow/example_dags/example_nested_branch_dag.py for tasks to queue
[2023-08-15T18:28:51.268-0300] {logging_mixin.py:150} INFO - [2023-08-15T18:28:51.267-0300] {dagbag.py:541} INFO - Filling up the DagBag from /home/alan/repos/pipeline_airflow/pipeline-airflow-venv/lib/python3.11/site-packages/airflow/example_dags/example_nested_branch_dag.py
[2023-08-15T18:28:51.293-0300] {processor.py:836} INFO - DAG(s) dict_keys(['example_nested_branch_dag']) retrieved from /home/alan/repos/pipeline_airflow/pipeline-airflow-venv/lib/python3.11/site-packages/airflow/example_dags/example_nested_branch_dag.py
[2023-08-15T18:28:51.355-0300] {logging_mixin.py:150} INFO - [2023-08-15T18:28:51.354-0300] {dag.py:2742} INFO - Sync 1 DAGs
[2023-08-15T18:28:51.449-0300] {logging_mixin.py:150} INFO - [2023-08-15T18:28:51.448-0300] {dag.py:3504} INFO - Setting next_dagrun for example_nested_branch_dag to 2023-08-14T00:00:00+00:00, run_after=2023-08-15T00:00:00+00:00
[2023-08-15T18:28:51.609-0300] {processor.py:179} INFO - Processing /home/alan/repos/pipeline_airflow/pipeline-airflow-venv/lib/python3.11/site-packages/airflow/example_dags/example_nested_branch_dag.py took 0.361 seconds
[2023-08-15T18:29:51.624-0300] {processor.py:157} INFO - Started process (PID=21502) to work on /home/alan/repos/pipeline_airflow/pipeline-airflow-venv/lib/python3.11/site-packages/airflow/example_dags/example_nested_branch_dag.py
[2023-08-15T18:29:51.625-0300] {processor.py:826} INFO - Processing file /home/alan/repos/pipeline_airflow/pipeline-airflow-venv/lib/python3.11/site-packages/airflow/example_dags/example_nested_branch_dag.py for tasks to queue
[2023-08-15T18:29:51.627-0300] {logging_mixin.py:150} INFO - [2023-08-15T18:29:51.626-0300] {dagbag.py:541} INFO - Filling up the DagBag from /home/alan/repos/pipeline_airflow/pipeline-airflow-venv/lib/python3.11/site-packages/airflow/example_dags/example_nested_branch_dag.py
[2023-08-15T18:29:51.644-0300] {processor.py:836} INFO - DAG(s) dict_keys(['example_nested_branch_dag']) retrieved from /home/alan/repos/pipeline_airflow/pipeline-airflow-venv/lib/python3.11/site-packages/airflow/example_dags/example_nested_branch_dag.py
[2023-08-15T18:29:51.676-0300] {logging_mixin.py:150} INFO - [2023-08-15T18:29:51.676-0300] {dag.py:2742} INFO - Sync 1 DAGs
[2023-08-15T18:29:51.714-0300] {logging_mixin.py:150} INFO - [2023-08-15T18:29:51.713-0300] {dag.py:3504} INFO - Setting next_dagrun for example_nested_branch_dag to 2023-08-14T00:00:00+00:00, run_after=2023-08-15T00:00:00+00:00
[2023-08-15T18:29:51.838-0300] {processor.py:179} INFO - Processing /home/alan/repos/pipeline_airflow/pipeline-airflow-venv/lib/python3.11/site-packages/airflow/example_dags/example_nested_branch_dag.py took 0.220 seconds
[2023-08-15T18:30:49.537-0300] {processor.py:157} INFO - Started process (PID=21719) to work on /home/alan/repos/pipeline_airflow/pipeline-airflow-venv/lib/python3.11/site-packages/airflow/example_dags/example_nested_branch_dag.py
[2023-08-15T18:30:49.538-0300] {processor.py:826} INFO - Processing file /home/alan/repos/pipeline_airflow/pipeline-airflow-venv/lib/python3.11/site-packages/airflow/example_dags/example_nested_branch_dag.py for tasks to queue
[2023-08-15T18:30:49.540-0300] {logging_mixin.py:150} INFO - [2023-08-15T18:30:49.539-0300] {dagbag.py:541} INFO - Filling up the DagBag from /home/alan/repos/pipeline_airflow/pipeline-airflow-venv/lib/python3.11/site-packages/airflow/example_dags/example_nested_branch_dag.py
[2023-08-15T18:30:49.559-0300] {processor.py:836} INFO - DAG(s) dict_keys(['example_nested_branch_dag']) retrieved from /home/alan/repos/pipeline_airflow/pipeline-airflow-venv/lib/python3.11/site-packages/airflow/example_dags/example_nested_branch_dag.py
[2023-08-15T18:30:49.590-0300] {logging_mixin.py:150} INFO - [2023-08-15T18:30:49.590-0300] {dag.py:2742} INFO - Sync 1 DAGs
[2023-08-15T18:30:49.635-0300] {logging_mixin.py:150} INFO - [2023-08-15T18:30:49.634-0300] {dag.py:3504} INFO - Setting next_dagrun for example_nested_branch_dag to 2023-08-14T00:00:00+00:00, run_after=2023-08-15T00:00:00+00:00
[2023-08-15T18:30:49.742-0300] {processor.py:179} INFO - Processing /home/alan/repos/pipeline_airflow/pipeline-airflow-venv/lib/python3.11/site-packages/airflow/example_dags/example_nested_branch_dag.py took 0.210 seconds
[2023-08-15T18:31:45.212-0300] {processor.py:157} INFO - Started process (PID=21917) to work on /home/alan/repos/pipeline_airflow/pipeline-airflow-venv/lib/python3.11/site-packages/airflow/example_dags/example_nested_branch_dag.py
[2023-08-15T18:31:45.229-0300] {processor.py:826} INFO - Processing file /home/alan/repos/pipeline_airflow/pipeline-airflow-venv/lib/python3.11/site-packages/airflow/example_dags/example_nested_branch_dag.py for tasks to queue
[2023-08-15T18:31:45.230-0300] {logging_mixin.py:150} INFO - [2023-08-15T18:31:45.230-0300] {dagbag.py:541} INFO - Filling up the DagBag from /home/alan/repos/pipeline_airflow/pipeline-airflow-venv/lib/python3.11/site-packages/airflow/example_dags/example_nested_branch_dag.py
[2023-08-15T18:31:45.255-0300] {processor.py:836} INFO - DAG(s) dict_keys(['example_nested_branch_dag']) retrieved from /home/alan/repos/pipeline_airflow/pipeline-airflow-venv/lib/python3.11/site-packages/airflow/example_dags/example_nested_branch_dag.py
[2023-08-15T18:31:45.294-0300] {logging_mixin.py:150} INFO - [2023-08-15T18:31:45.294-0300] {dag.py:2742} INFO - Sync 1 DAGs
[2023-08-15T18:31:45.340-0300] {logging_mixin.py:150} INFO - [2023-08-15T18:31:45.340-0300] {dag.py:3504} INFO - Setting next_dagrun for example_nested_branch_dag to 2023-08-14T00:00:00+00:00, run_after=2023-08-15T00:00:00+00:00
[2023-08-15T18:31:45.516-0300] {processor.py:179} INFO - Processing /home/alan/repos/pipeline_airflow/pipeline-airflow-venv/lib/python3.11/site-packages/airflow/example_dags/example_nested_branch_dag.py took 0.309 seconds
[2023-08-15T18:32:41.196-0300] {processor.py:157} INFO - Started process (PID=22128) to work on /home/alan/repos/pipeline_airflow/pipeline-airflow-venv/lib/python3.11/site-packages/airflow/example_dags/example_nested_branch_dag.py
[2023-08-15T18:32:41.200-0300] {processor.py:826} INFO - Processing file /home/alan/repos/pipeline_airflow/pipeline-airflow-venv/lib/python3.11/site-packages/airflow/example_dags/example_nested_branch_dag.py for tasks to queue
[2023-08-15T18:32:41.201-0300] {logging_mixin.py:150} INFO - [2023-08-15T18:32:41.201-0300] {dagbag.py:541} INFO - Filling up the DagBag from /home/alan/repos/pipeline_airflow/pipeline-airflow-venv/lib/python3.11/site-packages/airflow/example_dags/example_nested_branch_dag.py
[2023-08-15T18:32:41.224-0300] {processor.py:836} INFO - DAG(s) dict_keys(['example_nested_branch_dag']) retrieved from /home/alan/repos/pipeline_airflow/pipeline-airflow-venv/lib/python3.11/site-packages/airflow/example_dags/example_nested_branch_dag.py
[2023-08-15T18:32:41.258-0300] {logging_mixin.py:150} INFO - [2023-08-15T18:32:41.258-0300] {dag.py:2742} INFO - Sync 1 DAGs
[2023-08-15T18:32:41.301-0300] {logging_mixin.py:150} INFO - [2023-08-15T18:32:41.300-0300] {dag.py:3504} INFO - Setting next_dagrun for example_nested_branch_dag to 2023-08-14T00:00:00+00:00, run_after=2023-08-15T00:00:00+00:00
[2023-08-15T18:32:41.437-0300] {processor.py:179} INFO - Processing /home/alan/repos/pipeline_airflow/pipeline-airflow-venv/lib/python3.11/site-packages/airflow/example_dags/example_nested_branch_dag.py took 0.246 seconds
[2023-08-15T18:33:39.377-0300] {processor.py:157} INFO - Started process (PID=22346) to work on /home/alan/repos/pipeline_airflow/pipeline-airflow-venv/lib/python3.11/site-packages/airflow/example_dags/example_nested_branch_dag.py
[2023-08-15T18:33:39.398-0300] {processor.py:826} INFO - Processing file /home/alan/repos/pipeline_airflow/pipeline-airflow-venv/lib/python3.11/site-packages/airflow/example_dags/example_nested_branch_dag.py for tasks to queue
[2023-08-15T18:33:39.400-0300] {logging_mixin.py:150} INFO - [2023-08-15T18:33:39.399-0300] {dagbag.py:541} INFO - Filling up the DagBag from /home/alan/repos/pipeline_airflow/pipeline-airflow-venv/lib/python3.11/site-packages/airflow/example_dags/example_nested_branch_dag.py
[2023-08-15T18:33:39.424-0300] {processor.py:836} INFO - DAG(s) dict_keys(['example_nested_branch_dag']) retrieved from /home/alan/repos/pipeline_airflow/pipeline-airflow-venv/lib/python3.11/site-packages/airflow/example_dags/example_nested_branch_dag.py
[2023-08-15T18:33:39.458-0300] {logging_mixin.py:150} INFO - [2023-08-15T18:33:39.458-0300] {dag.py:2742} INFO - Sync 1 DAGs
[2023-08-15T18:33:39.495-0300] {logging_mixin.py:150} INFO - [2023-08-15T18:33:39.495-0300] {dag.py:3504} INFO - Setting next_dagrun for example_nested_branch_dag to 2023-08-14T00:00:00+00:00, run_after=2023-08-15T00:00:00+00:00
[2023-08-15T18:33:39.608-0300] {processor.py:179} INFO - Processing /home/alan/repos/pipeline_airflow/pipeline-airflow-venv/lib/python3.11/site-packages/airflow/example_dags/example_nested_branch_dag.py took 0.236 seconds
[2023-08-15T18:34:34.845-0300] {processor.py:157} INFO - Started process (PID=22543) to work on /home/alan/repos/pipeline_airflow/pipeline-airflow-venv/lib/python3.11/site-packages/airflow/example_dags/example_nested_branch_dag.py
[2023-08-15T18:34:34.847-0300] {processor.py:826} INFO - Processing file /home/alan/repos/pipeline_airflow/pipeline-airflow-venv/lib/python3.11/site-packages/airflow/example_dags/example_nested_branch_dag.py for tasks to queue
[2023-08-15T18:34:34.849-0300] {logging_mixin.py:150} INFO - [2023-08-15T18:34:34.848-0300] {dagbag.py:541} INFO - Filling up the DagBag from /home/alan/repos/pipeline_airflow/pipeline-airflow-venv/lib/python3.11/site-packages/airflow/example_dags/example_nested_branch_dag.py
[2023-08-15T18:34:34.869-0300] {processor.py:836} INFO - DAG(s) dict_keys(['example_nested_branch_dag']) retrieved from /home/alan/repos/pipeline_airflow/pipeline-airflow-venv/lib/python3.11/site-packages/airflow/example_dags/example_nested_branch_dag.py
[2023-08-15T18:34:34.907-0300] {logging_mixin.py:150} INFO - [2023-08-15T18:34:34.906-0300] {dag.py:2742} INFO - Sync 1 DAGs
[2023-08-15T18:34:34.951-0300] {logging_mixin.py:150} INFO - [2023-08-15T18:34:34.951-0300] {dag.py:3504} INFO - Setting next_dagrun for example_nested_branch_dag to 2023-08-14T00:00:00+00:00, run_after=2023-08-15T00:00:00+00:00
[2023-08-15T18:34:35.073-0300] {processor.py:179} INFO - Processing /home/alan/repos/pipeline_airflow/pipeline-airflow-venv/lib/python3.11/site-packages/airflow/example_dags/example_nested_branch_dag.py took 0.235 seconds
[2023-08-15T18:35:53.435-0300] {processor.py:157} INFO - Started process (PID=22826) to work on /home/alan/repos/pipeline_airflow/pipeline-airflow-venv/lib/python3.11/site-packages/airflow/example_dags/example_nested_branch_dag.py
[2023-08-15T18:35:53.455-0300] {processor.py:826} INFO - Processing file /home/alan/repos/pipeline_airflow/pipeline-airflow-venv/lib/python3.11/site-packages/airflow/example_dags/example_nested_branch_dag.py for tasks to queue
[2023-08-15T18:35:53.457-0300] {logging_mixin.py:150} INFO - [2023-08-15T18:35:53.456-0300] {dagbag.py:541} INFO - Filling up the DagBag from /home/alan/repos/pipeline_airflow/pipeline-airflow-venv/lib/python3.11/site-packages/airflow/example_dags/example_nested_branch_dag.py
[2023-08-15T18:35:53.478-0300] {processor.py:836} INFO - DAG(s) dict_keys(['example_nested_branch_dag']) retrieved from /home/alan/repos/pipeline_airflow/pipeline-airflow-venv/lib/python3.11/site-packages/airflow/example_dags/example_nested_branch_dag.py
[2023-08-15T18:35:53.518-0300] {logging_mixin.py:150} INFO - [2023-08-15T18:35:53.517-0300] {dag.py:2742} INFO - Sync 1 DAGs
[2023-08-15T18:35:53.562-0300] {logging_mixin.py:150} INFO - [2023-08-15T18:35:53.562-0300] {dag.py:3504} INFO - Setting next_dagrun for example_nested_branch_dag to 2023-08-14T00:00:00+00:00, run_after=2023-08-15T00:00:00+00:00
[2023-08-15T18:35:53.698-0300] {processor.py:179} INFO - Processing /home/alan/repos/pipeline_airflow/pipeline-airflow-venv/lib/python3.11/site-packages/airflow/example_dags/example_nested_branch_dag.py took 0.277 seconds
[2023-08-15T18:36:51.577-0300] {processor.py:157} INFO - Started process (PID=23042) to work on /home/alan/repos/pipeline_airflow/pipeline-airflow-venv/lib/python3.11/site-packages/airflow/example_dags/example_nested_branch_dag.py
[2023-08-15T18:36:51.579-0300] {processor.py:826} INFO - Processing file /home/alan/repos/pipeline_airflow/pipeline-airflow-venv/lib/python3.11/site-packages/airflow/example_dags/example_nested_branch_dag.py for tasks to queue
[2023-08-15T18:36:51.581-0300] {logging_mixin.py:150} INFO - [2023-08-15T18:36:51.580-0300] {dagbag.py:541} INFO - Filling up the DagBag from /home/alan/repos/pipeline_airflow/pipeline-airflow-venv/lib/python3.11/site-packages/airflow/example_dags/example_nested_branch_dag.py
[2023-08-15T18:36:51.599-0300] {processor.py:836} INFO - DAG(s) dict_keys(['example_nested_branch_dag']) retrieved from /home/alan/repos/pipeline_airflow/pipeline-airflow-venv/lib/python3.11/site-packages/airflow/example_dags/example_nested_branch_dag.py
[2023-08-15T18:36:51.631-0300] {logging_mixin.py:150} INFO - [2023-08-15T18:36:51.631-0300] {dag.py:2742} INFO - Sync 1 DAGs
[2023-08-15T18:36:51.668-0300] {logging_mixin.py:150} INFO - [2023-08-15T18:36:51.668-0300] {dag.py:3504} INFO - Setting next_dagrun for example_nested_branch_dag to 2023-08-14T00:00:00+00:00, run_after=2023-08-15T00:00:00+00:00
[2023-08-15T18:36:51.773-0300] {processor.py:179} INFO - Processing /home/alan/repos/pipeline_airflow/pipeline-airflow-venv/lib/python3.11/site-packages/airflow/example_dags/example_nested_branch_dag.py took 0.202 seconds
[2023-08-15T18:38:13.852-0300] {processor.py:157} INFO - Started process (PID=23372) to work on /home/alan/repos/pipeline_airflow/pipeline-airflow-venv/lib/python3.11/site-packages/airflow/example_dags/example_nested_branch_dag.py
[2023-08-15T18:38:13.860-0300] {processor.py:826} INFO - Processing file /home/alan/repos/pipeline_airflow/pipeline-airflow-venv/lib/python3.11/site-packages/airflow/example_dags/example_nested_branch_dag.py for tasks to queue
[2023-08-15T18:38:13.862-0300] {logging_mixin.py:150} INFO - [2023-08-15T18:38:13.861-0300] {dagbag.py:541} INFO - Filling up the DagBag from /home/alan/repos/pipeline_airflow/pipeline-airflow-venv/lib/python3.11/site-packages/airflow/example_dags/example_nested_branch_dag.py
[2023-08-15T18:38:13.897-0300] {processor.py:836} INFO - DAG(s) dict_keys(['example_nested_branch_dag']) retrieved from /home/alan/repos/pipeline_airflow/pipeline-airflow-venv/lib/python3.11/site-packages/airflow/example_dags/example_nested_branch_dag.py
[2023-08-15T18:38:13.954-0300] {logging_mixin.py:150} INFO - [2023-08-15T18:38:13.954-0300] {dag.py:2742} INFO - Sync 1 DAGs
[2023-08-15T18:38:14.028-0300] {logging_mixin.py:150} INFO - [2023-08-15T18:38:14.028-0300] {dag.py:3504} INFO - Setting next_dagrun for example_nested_branch_dag to 2023-08-14T00:00:00+00:00, run_after=2023-08-15T00:00:00+00:00
[2023-08-15T18:38:14.150-0300] {processor.py:179} INFO - Processing /home/alan/repos/pipeline_airflow/pipeline-airflow-venv/lib/python3.11/site-packages/airflow/example_dags/example_nested_branch_dag.py took 0.317 seconds
[2023-08-15T18:44:51.695-0300] {processor.py:157} INFO - Started process (PID=23907) to work on /home/alan/repos/pipeline_airflow/pipeline-airflow-venv/lib/python3.11/site-packages/airflow/example_dags/example_nested_branch_dag.py
[2023-08-15T18:44:51.697-0300] {processor.py:826} INFO - Processing file /home/alan/repos/pipeline_airflow/pipeline-airflow-venv/lib/python3.11/site-packages/airflow/example_dags/example_nested_branch_dag.py for tasks to queue
[2023-08-15T18:44:51.698-0300] {logging_mixin.py:150} INFO - [2023-08-15T18:44:51.697-0300] {dagbag.py:541} INFO - Filling up the DagBag from /home/alan/repos/pipeline_airflow/pipeline-airflow-venv/lib/python3.11/site-packages/airflow/example_dags/example_nested_branch_dag.py
[2023-08-15T18:44:51.717-0300] {processor.py:836} INFO - DAG(s) dict_keys(['example_nested_branch_dag']) retrieved from /home/alan/repos/pipeline_airflow/pipeline-airflow-venv/lib/python3.11/site-packages/airflow/example_dags/example_nested_branch_dag.py
[2023-08-15T18:44:51.749-0300] {logging_mixin.py:150} INFO - [2023-08-15T18:44:51.749-0300] {dag.py:2742} INFO - Sync 1 DAGs
[2023-08-15T18:44:51.786-0300] {logging_mixin.py:150} INFO - [2023-08-15T18:44:51.786-0300] {dag.py:3504} INFO - Setting next_dagrun for example_nested_branch_dag to 2023-08-14T00:00:00+00:00, run_after=2023-08-15T00:00:00+00:00
[2023-08-15T18:44:51.887-0300] {processor.py:179} INFO - Processing /home/alan/repos/pipeline_airflow/pipeline-airflow-venv/lib/python3.11/site-packages/airflow/example_dags/example_nested_branch_dag.py took 0.197 seconds
[2023-08-15T18:46:12.726-0300] {processor.py:157} INFO - Started process (PID=24240) to work on /home/alan/repos/pipeline_airflow/pipeline-airflow-venv/lib/python3.11/site-packages/airflow/example_dags/example_nested_branch_dag.py
[2023-08-15T18:46:12.728-0300] {processor.py:826} INFO - Processing file /home/alan/repos/pipeline_airflow/pipeline-airflow-venv/lib/python3.11/site-packages/airflow/example_dags/example_nested_branch_dag.py for tasks to queue
[2023-08-15T18:46:12.729-0300] {logging_mixin.py:150} INFO - [2023-08-15T18:46:12.728-0300] {dagbag.py:541} INFO - Filling up the DagBag from /home/alan/repos/pipeline_airflow/pipeline-airflow-venv/lib/python3.11/site-packages/airflow/example_dags/example_nested_branch_dag.py
[2023-08-15T18:46:12.755-0300] {processor.py:836} INFO - DAG(s) dict_keys(['example_nested_branch_dag']) retrieved from /home/alan/repos/pipeline_airflow/pipeline-airflow-venv/lib/python3.11/site-packages/airflow/example_dags/example_nested_branch_dag.py
[2023-08-15T18:46:12.794-0300] {logging_mixin.py:150} INFO - [2023-08-15T18:46:12.794-0300] {dag.py:2742} INFO - Sync 1 DAGs
[2023-08-15T18:46:12.839-0300] {logging_mixin.py:150} INFO - [2023-08-15T18:46:12.839-0300] {dag.py:3504} INFO - Setting next_dagrun for example_nested_branch_dag to 2023-08-14T00:00:00+00:00, run_after=2023-08-15T00:00:00+00:00
[2023-08-15T18:46:12.960-0300] {processor.py:179} INFO - Processing /home/alan/repos/pipeline_airflow/pipeline-airflow-venv/lib/python3.11/site-packages/airflow/example_dags/example_nested_branch_dag.py took 0.240 seconds
[2023-08-15T18:47:15.801-0300] {processor.py:157} INFO - Started process (PID=24468) to work on /home/alan/repos/pipeline_airflow/pipeline-airflow-venv/lib/python3.11/site-packages/airflow/example_dags/example_nested_branch_dag.py
[2023-08-15T18:47:15.815-0300] {processor.py:826} INFO - Processing file /home/alan/repos/pipeline_airflow/pipeline-airflow-venv/lib/python3.11/site-packages/airflow/example_dags/example_nested_branch_dag.py for tasks to queue
[2023-08-15T18:47:15.817-0300] {logging_mixin.py:150} INFO - [2023-08-15T18:47:15.816-0300] {dagbag.py:541} INFO - Filling up the DagBag from /home/alan/repos/pipeline_airflow/pipeline-airflow-venv/lib/python3.11/site-packages/airflow/example_dags/example_nested_branch_dag.py
[2023-08-15T18:47:15.835-0300] {processor.py:836} INFO - DAG(s) dict_keys(['example_nested_branch_dag']) retrieved from /home/alan/repos/pipeline_airflow/pipeline-airflow-venv/lib/python3.11/site-packages/airflow/example_dags/example_nested_branch_dag.py
[2023-08-15T18:47:15.867-0300] {logging_mixin.py:150} INFO - [2023-08-15T18:47:15.867-0300] {dag.py:2742} INFO - Sync 1 DAGs
[2023-08-15T18:47:15.906-0300] {logging_mixin.py:150} INFO - [2023-08-15T18:47:15.905-0300] {dag.py:3504} INFO - Setting next_dagrun for example_nested_branch_dag to 2023-08-14T00:00:00+00:00, run_after=2023-08-15T00:00:00+00:00
[2023-08-15T18:47:16.009-0300] {processor.py:179} INFO - Processing /home/alan/repos/pipeline_airflow/pipeline-airflow-venv/lib/python3.11/site-packages/airflow/example_dags/example_nested_branch_dag.py took 0.214 seconds
[2023-08-15T18:48:21.128-0300] {processor.py:157} INFO - Started process (PID=24691) to work on /home/alan/repos/pipeline_airflow/pipeline-airflow-venv/lib/python3.11/site-packages/airflow/example_dags/example_nested_branch_dag.py
[2023-08-15T18:48:21.139-0300] {processor.py:826} INFO - Processing file /home/alan/repos/pipeline_airflow/pipeline-airflow-venv/lib/python3.11/site-packages/airflow/example_dags/example_nested_branch_dag.py for tasks to queue
[2023-08-15T18:48:21.141-0300] {logging_mixin.py:150} INFO - [2023-08-15T18:48:21.140-0300] {dagbag.py:541} INFO - Filling up the DagBag from /home/alan/repos/pipeline_airflow/pipeline-airflow-venv/lib/python3.11/site-packages/airflow/example_dags/example_nested_branch_dag.py
[2023-08-15T18:48:21.177-0300] {processor.py:836} INFO - DAG(s) dict_keys(['example_nested_branch_dag']) retrieved from /home/alan/repos/pipeline_airflow/pipeline-airflow-venv/lib/python3.11/site-packages/airflow/example_dags/example_nested_branch_dag.py
[2023-08-15T18:48:21.220-0300] {logging_mixin.py:150} INFO - [2023-08-15T18:48:21.220-0300] {dag.py:2742} INFO - Sync 1 DAGs
[2023-08-15T18:48:21.435-0300] {logging_mixin.py:150} INFO - [2023-08-15T18:48:21.434-0300] {dag.py:3504} INFO - Setting next_dagrun for example_nested_branch_dag to 2023-08-14T00:00:00+00:00, run_after=2023-08-15T00:00:00+00:00
[2023-08-15T18:48:21.554-0300] {processor.py:179} INFO - Processing /home/alan/repos/pipeline_airflow/pipeline-airflow-venv/lib/python3.11/site-packages/airflow/example_dags/example_nested_branch_dag.py took 0.431 seconds
[2023-08-15T18:49:29.233-0300] {processor.py:157} INFO - Started process (PID=24917) to work on /home/alan/repos/pipeline_airflow/pipeline-airflow-venv/lib/python3.11/site-packages/airflow/example_dags/example_nested_branch_dag.py
[2023-08-15T18:49:29.234-0300] {processor.py:826} INFO - Processing file /home/alan/repos/pipeline_airflow/pipeline-airflow-venv/lib/python3.11/site-packages/airflow/example_dags/example_nested_branch_dag.py for tasks to queue
[2023-08-15T18:49:29.236-0300] {logging_mixin.py:150} INFO - [2023-08-15T18:49:29.235-0300] {dagbag.py:541} INFO - Filling up the DagBag from /home/alan/repos/pipeline_airflow/pipeline-airflow-venv/lib/python3.11/site-packages/airflow/example_dags/example_nested_branch_dag.py
[2023-08-15T18:49:29.261-0300] {processor.py:836} INFO - DAG(s) dict_keys(['example_nested_branch_dag']) retrieved from /home/alan/repos/pipeline_airflow/pipeline-airflow-venv/lib/python3.11/site-packages/airflow/example_dags/example_nested_branch_dag.py
[2023-08-15T18:49:29.295-0300] {logging_mixin.py:150} INFO - [2023-08-15T18:49:29.295-0300] {dag.py:2742} INFO - Sync 1 DAGs
[2023-08-15T18:49:29.335-0300] {logging_mixin.py:150} INFO - [2023-08-15T18:49:29.335-0300] {dag.py:3504} INFO - Setting next_dagrun for example_nested_branch_dag to 2023-08-14T00:00:00+00:00, run_after=2023-08-15T00:00:00+00:00
[2023-08-15T18:49:29.447-0300] {processor.py:179} INFO - Processing /home/alan/repos/pipeline_airflow/pipeline-airflow-venv/lib/python3.11/site-packages/airflow/example_dags/example_nested_branch_dag.py took 0.220 seconds
[2023-08-15T18:50:28.271-0300] {processor.py:157} INFO - Started process (PID=25130) to work on /home/alan/repos/pipeline_airflow/pipeline-airflow-venv/lib/python3.11/site-packages/airflow/example_dags/example_nested_branch_dag.py
[2023-08-15T18:50:28.273-0300] {processor.py:826} INFO - Processing file /home/alan/repos/pipeline_airflow/pipeline-airflow-venv/lib/python3.11/site-packages/airflow/example_dags/example_nested_branch_dag.py for tasks to queue
[2023-08-15T18:50:28.274-0300] {logging_mixin.py:150} INFO - [2023-08-15T18:50:28.274-0300] {dagbag.py:541} INFO - Filling up the DagBag from /home/alan/repos/pipeline_airflow/pipeline-airflow-venv/lib/python3.11/site-packages/airflow/example_dags/example_nested_branch_dag.py
[2023-08-15T18:50:28.296-0300] {processor.py:836} INFO - DAG(s) dict_keys(['example_nested_branch_dag']) retrieved from /home/alan/repos/pipeline_airflow/pipeline-airflow-venv/lib/python3.11/site-packages/airflow/example_dags/example_nested_branch_dag.py
[2023-08-15T18:50:28.337-0300] {logging_mixin.py:150} INFO - [2023-08-15T18:50:28.337-0300] {dag.py:2742} INFO - Sync 1 DAGs
[2023-08-15T18:50:28.380-0300] {logging_mixin.py:150} INFO - [2023-08-15T18:50:28.379-0300] {dag.py:3504} INFO - Setting next_dagrun for example_nested_branch_dag to 2023-08-14T00:00:00+00:00, run_after=2023-08-15T00:00:00+00:00
[2023-08-15T18:50:28.508-0300] {processor.py:179} INFO - Processing /home/alan/repos/pipeline_airflow/pipeline-airflow-venv/lib/python3.11/site-packages/airflow/example_dags/example_nested_branch_dag.py took 0.243 seconds
[2023-08-15T18:51:36.811-0300] {processor.py:157} INFO - Started process (PID=25417) to work on /home/alan/repos/pipeline_airflow/pipeline-airflow-venv/lib/python3.11/site-packages/airflow/example_dags/example_nested_branch_dag.py
[2023-08-15T18:51:36.833-0300] {processor.py:826} INFO - Processing file /home/alan/repos/pipeline_airflow/pipeline-airflow-venv/lib/python3.11/site-packages/airflow/example_dags/example_nested_branch_dag.py for tasks to queue
[2023-08-15T18:51:36.835-0300] {logging_mixin.py:150} INFO - [2023-08-15T18:51:36.834-0300] {dagbag.py:541} INFO - Filling up the DagBag from /home/alan/repos/pipeline_airflow/pipeline-airflow-venv/lib/python3.11/site-packages/airflow/example_dags/example_nested_branch_dag.py
[2023-08-15T18:51:36.858-0300] {processor.py:836} INFO - DAG(s) dict_keys(['example_nested_branch_dag']) retrieved from /home/alan/repos/pipeline_airflow/pipeline-airflow-venv/lib/python3.11/site-packages/airflow/example_dags/example_nested_branch_dag.py
[2023-08-15T18:51:36.975-0300] {logging_mixin.py:150} INFO - [2023-08-15T18:51:36.974-0300] {dag.py:2742} INFO - Sync 1 DAGs
[2023-08-15T18:51:37.020-0300] {logging_mixin.py:150} INFO - [2023-08-15T18:51:37.020-0300] {dag.py:3504} INFO - Setting next_dagrun for example_nested_branch_dag to 2023-08-14T00:00:00+00:00, run_after=2023-08-15T00:00:00+00:00
[2023-08-15T18:51:37.161-0300] {processor.py:179} INFO - Processing /home/alan/repos/pipeline_airflow/pipeline-airflow-venv/lib/python3.11/site-packages/airflow/example_dags/example_nested_branch_dag.py took 0.355 seconds
[2023-08-15T18:52:51.142-0300] {processor.py:157} INFO - Started process (PID=25812) to work on /home/alan/repos/pipeline_airflow/pipeline-airflow-venv/lib/python3.11/site-packages/airflow/example_dags/example_nested_branch_dag.py
[2023-08-15T18:52:51.148-0300] {processor.py:826} INFO - Processing file /home/alan/repos/pipeline_airflow/pipeline-airflow-venv/lib/python3.11/site-packages/airflow/example_dags/example_nested_branch_dag.py for tasks to queue
[2023-08-15T18:52:51.150-0300] {logging_mixin.py:150} INFO - [2023-08-15T18:52:51.149-0300] {dagbag.py:541} INFO - Filling up the DagBag from /home/alan/repos/pipeline_airflow/pipeline-airflow-venv/lib/python3.11/site-packages/airflow/example_dags/example_nested_branch_dag.py
[2023-08-15T18:52:51.170-0300] {processor.py:836} INFO - DAG(s) dict_keys(['example_nested_branch_dag']) retrieved from /home/alan/repos/pipeline_airflow/pipeline-airflow-venv/lib/python3.11/site-packages/airflow/example_dags/example_nested_branch_dag.py
[2023-08-15T18:52:51.222-0300] {logging_mixin.py:150} INFO - [2023-08-15T18:52:51.222-0300] {dag.py:2742} INFO - Sync 1 DAGs
[2023-08-15T18:52:51.261-0300] {logging_mixin.py:150} INFO - [2023-08-15T18:52:51.261-0300] {dag.py:3504} INFO - Setting next_dagrun for example_nested_branch_dag to 2023-08-14T00:00:00+00:00, run_after=2023-08-15T00:00:00+00:00
[2023-08-15T18:52:51.377-0300] {processor.py:179} INFO - Processing /home/alan/repos/pipeline_airflow/pipeline-airflow-venv/lib/python3.11/site-packages/airflow/example_dags/example_nested_branch_dag.py took 0.242 seconds
[2023-08-15T18:53:47.369-0300] {processor.py:157} INFO - Started process (PID=26026) to work on /home/alan/repos/pipeline_airflow/pipeline-airflow-venv/lib/python3.11/site-packages/airflow/example_dags/example_nested_branch_dag.py
[2023-08-15T18:53:47.384-0300] {processor.py:826} INFO - Processing file /home/alan/repos/pipeline_airflow/pipeline-airflow-venv/lib/python3.11/site-packages/airflow/example_dags/example_nested_branch_dag.py for tasks to queue
[2023-08-15T18:53:47.386-0300] {logging_mixin.py:150} INFO - [2023-08-15T18:53:47.385-0300] {dagbag.py:541} INFO - Filling up the DagBag from /home/alan/repos/pipeline_airflow/pipeline-airflow-venv/lib/python3.11/site-packages/airflow/example_dags/example_nested_branch_dag.py
[2023-08-15T18:53:47.409-0300] {processor.py:836} INFO - DAG(s) dict_keys(['example_nested_branch_dag']) retrieved from /home/alan/repos/pipeline_airflow/pipeline-airflow-venv/lib/python3.11/site-packages/airflow/example_dags/example_nested_branch_dag.py
[2023-08-15T18:53:47.444-0300] {logging_mixin.py:150} INFO - [2023-08-15T18:53:47.444-0300] {dag.py:2742} INFO - Sync 1 DAGs
[2023-08-15T18:53:47.483-0300] {logging_mixin.py:150} INFO - [2023-08-15T18:53:47.483-0300] {dag.py:3504} INFO - Setting next_dagrun for example_nested_branch_dag to 2023-08-14T00:00:00+00:00, run_after=2023-08-15T00:00:00+00:00
[2023-08-15T18:53:47.614-0300] {processor.py:179} INFO - Processing /home/alan/repos/pipeline_airflow/pipeline-airflow-venv/lib/python3.11/site-packages/airflow/example_dags/example_nested_branch_dag.py took 0.252 seconds
[2023-08-15T18:54:51.251-0300] {processor.py:157} INFO - Started process (PID=26330) to work on /home/alan/repos/pipeline_airflow/pipeline-airflow-venv/lib/python3.11/site-packages/airflow/example_dags/example_nested_branch_dag.py
[2023-08-15T18:54:51.289-0300] {processor.py:826} INFO - Processing file /home/alan/repos/pipeline_airflow/pipeline-airflow-venv/lib/python3.11/site-packages/airflow/example_dags/example_nested_branch_dag.py for tasks to queue
[2023-08-15T18:54:51.291-0300] {logging_mixin.py:150} INFO - [2023-08-15T18:54:51.290-0300] {dagbag.py:541} INFO - Filling up the DagBag from /home/alan/repos/pipeline_airflow/pipeline-airflow-venv/lib/python3.11/site-packages/airflow/example_dags/example_nested_branch_dag.py
[2023-08-15T18:54:51.317-0300] {processor.py:836} INFO - DAG(s) dict_keys(['example_nested_branch_dag']) retrieved from /home/alan/repos/pipeline_airflow/pipeline-airflow-venv/lib/python3.11/site-packages/airflow/example_dags/example_nested_branch_dag.py
[2023-08-15T18:54:51.354-0300] {logging_mixin.py:150} INFO - [2023-08-15T18:54:51.354-0300] {dag.py:2742} INFO - Sync 1 DAGs
[2023-08-15T18:54:51.392-0300] {logging_mixin.py:150} INFO - [2023-08-15T18:54:51.392-0300] {dag.py:3504} INFO - Setting next_dagrun for example_nested_branch_dag to 2023-08-14T00:00:00+00:00, run_after=2023-08-15T00:00:00+00:00
[2023-08-15T18:54:52.058-0300] {processor.py:179} INFO - Processing /home/alan/repos/pipeline_airflow/pipeline-airflow-venv/lib/python3.11/site-packages/airflow/example_dags/example_nested_branch_dag.py took 0.813 seconds
[2023-08-15T19:00:10.758-0300] {processor.py:157} INFO - Started process (PID=27324) to work on /home/alan/repos/pipeline_airflow/pipeline-airflow-venv/lib/python3.11/site-packages/airflow/example_dags/example_nested_branch_dag.py
[2023-08-15T19:00:10.845-0300] {processor.py:826} INFO - Processing file /home/alan/repos/pipeline_airflow/pipeline-airflow-venv/lib/python3.11/site-packages/airflow/example_dags/example_nested_branch_dag.py for tasks to queue
[2023-08-15T19:00:10.847-0300] {logging_mixin.py:150} INFO - [2023-08-15T19:00:10.846-0300] {dagbag.py:541} INFO - Filling up the DagBag from /home/alan/repos/pipeline_airflow/pipeline-airflow-venv/lib/python3.11/site-packages/airflow/example_dags/example_nested_branch_dag.py
[2023-08-15T19:00:10.889-0300] {processor.py:836} INFO - DAG(s) dict_keys(['example_nested_branch_dag']) retrieved from /home/alan/repos/pipeline_airflow/pipeline-airflow-venv/lib/python3.11/site-packages/airflow/example_dags/example_nested_branch_dag.py
[2023-08-15T19:00:10.989-0300] {logging_mixin.py:150} INFO - [2023-08-15T19:00:10.989-0300] {dag.py:2742} INFO - Sync 1 DAGs
[2023-08-15T19:00:11.039-0300] {logging_mixin.py:150} INFO - [2023-08-15T19:00:11.039-0300] {dag.py:3504} INFO - Setting next_dagrun for example_nested_branch_dag to 2023-08-14T00:00:00+00:00, run_after=2023-08-15T00:00:00+00:00
[2023-08-15T19:00:11.752-0300] {processor.py:179} INFO - Processing /home/alan/repos/pipeline_airflow/pipeline-airflow-venv/lib/python3.11/site-packages/airflow/example_dags/example_nested_branch_dag.py took 0.999 seconds
[2023-08-15T19:02:06.092-0300] {processor.py:157} INFO - Started process (PID=27672) to work on /home/alan/repos/pipeline_airflow/pipeline-airflow-venv/lib/python3.11/site-packages/airflow/example_dags/example_nested_branch_dag.py
[2023-08-15T19:02:06.138-0300] {processor.py:826} INFO - Processing file /home/alan/repos/pipeline_airflow/pipeline-airflow-venv/lib/python3.11/site-packages/airflow/example_dags/example_nested_branch_dag.py for tasks to queue
[2023-08-15T19:02:06.140-0300] {logging_mixin.py:150} INFO - [2023-08-15T19:02:06.139-0300] {dagbag.py:541} INFO - Filling up the DagBag from /home/alan/repos/pipeline_airflow/pipeline-airflow-venv/lib/python3.11/site-packages/airflow/example_dags/example_nested_branch_dag.py
[2023-08-15T19:02:06.169-0300] {processor.py:836} INFO - DAG(s) dict_keys(['example_nested_branch_dag']) retrieved from /home/alan/repos/pipeline_airflow/pipeline-airflow-venv/lib/python3.11/site-packages/airflow/example_dags/example_nested_branch_dag.py
[2023-08-15T19:02:06.226-0300] {logging_mixin.py:150} INFO - [2023-08-15T19:02:06.225-0300] {dag.py:2742} INFO - Sync 1 DAGs
[2023-08-15T19:02:06.273-0300] {logging_mixin.py:150} INFO - [2023-08-15T19:02:06.273-0300] {dag.py:3504} INFO - Setting next_dagrun for example_nested_branch_dag to 2023-08-14T00:00:00+00:00, run_after=2023-08-15T00:00:00+00:00
[2023-08-15T19:02:06.419-0300] {processor.py:179} INFO - Processing /home/alan/repos/pipeline_airflow/pipeline-airflow-venv/lib/python3.11/site-packages/airflow/example_dags/example_nested_branch_dag.py took 0.334 seconds
[2023-08-15T19:04:29.537-0300] {processor.py:157} INFO - Started process (PID=28311) to work on /home/alan/repos/pipeline_airflow/pipeline-airflow-venv/lib/python3.11/site-packages/airflow/example_dags/example_nested_branch_dag.py
[2023-08-15T19:04:29.539-0300] {processor.py:826} INFO - Processing file /home/alan/repos/pipeline_airflow/pipeline-airflow-venv/lib/python3.11/site-packages/airflow/example_dags/example_nested_branch_dag.py for tasks to queue
[2023-08-15T19:04:29.542-0300] {logging_mixin.py:150} INFO - [2023-08-15T19:04:29.541-0300] {dagbag.py:541} INFO - Filling up the DagBag from /home/alan/repos/pipeline_airflow/pipeline-airflow-venv/lib/python3.11/site-packages/airflow/example_dags/example_nested_branch_dag.py
[2023-08-15T19:04:29.564-0300] {processor.py:836} INFO - DAG(s) dict_keys(['example_nested_branch_dag']) retrieved from /home/alan/repos/pipeline_airflow/pipeline-airflow-venv/lib/python3.11/site-packages/airflow/example_dags/example_nested_branch_dag.py
[2023-08-15T19:04:29.598-0300] {logging_mixin.py:150} INFO - [2023-08-15T19:04:29.598-0300] {dag.py:2742} INFO - Sync 1 DAGs
[2023-08-15T19:04:29.637-0300] {logging_mixin.py:150} INFO - [2023-08-15T19:04:29.637-0300] {dag.py:3504} INFO - Setting next_dagrun for example_nested_branch_dag to 2023-08-14T00:00:00+00:00, run_after=2023-08-15T00:00:00+00:00
[2023-08-15T19:04:29.737-0300] {processor.py:179} INFO - Processing /home/alan/repos/pipeline_airflow/pipeline-airflow-venv/lib/python3.11/site-packages/airflow/example_dags/example_nested_branch_dag.py took 0.206 seconds
[2023-08-15T19:05:54.510-0300] {processor.py:157} INFO - Started process (PID=28696) to work on /home/alan/repos/pipeline_airflow/pipeline-airflow-venv/lib/python3.11/site-packages/airflow/example_dags/example_nested_branch_dag.py
[2023-08-15T19:05:54.525-0300] {processor.py:826} INFO - Processing file /home/alan/repos/pipeline_airflow/pipeline-airflow-venv/lib/python3.11/site-packages/airflow/example_dags/example_nested_branch_dag.py for tasks to queue
[2023-08-15T19:05:54.528-0300] {logging_mixin.py:150} INFO - [2023-08-15T19:05:54.527-0300] {dagbag.py:541} INFO - Filling up the DagBag from /home/alan/repos/pipeline_airflow/pipeline-airflow-venv/lib/python3.11/site-packages/airflow/example_dags/example_nested_branch_dag.py
[2023-08-15T19:05:54.554-0300] {processor.py:836} INFO - DAG(s) dict_keys(['example_nested_branch_dag']) retrieved from /home/alan/repos/pipeline_airflow/pipeline-airflow-venv/lib/python3.11/site-packages/airflow/example_dags/example_nested_branch_dag.py
[2023-08-15T19:05:54.589-0300] {logging_mixin.py:150} INFO - [2023-08-15T19:05:54.589-0300] {dag.py:2742} INFO - Sync 1 DAGs
[2023-08-15T19:05:54.626-0300] {logging_mixin.py:150} INFO - [2023-08-15T19:05:54.626-0300] {dag.py:3504} INFO - Setting next_dagrun for example_nested_branch_dag to 2023-08-14T00:00:00+00:00, run_after=2023-08-15T00:00:00+00:00
[2023-08-15T19:05:54.765-0300] {processor.py:179} INFO - Processing /home/alan/repos/pipeline_airflow/pipeline-airflow-venv/lib/python3.11/site-packages/airflow/example_dags/example_nested_branch_dag.py took 0.263 seconds
[2023-08-15T19:06:56.626-0300] {processor.py:157} INFO - Started process (PID=28854) to work on /home/alan/repos/pipeline_airflow/pipeline-airflow-venv/lib/python3.11/site-packages/airflow/example_dags/example_nested_branch_dag.py
[2023-08-15T19:06:56.642-0300] {processor.py:826} INFO - Processing file /home/alan/repos/pipeline_airflow/pipeline-airflow-venv/lib/python3.11/site-packages/airflow/example_dags/example_nested_branch_dag.py for tasks to queue
[2023-08-15T19:06:56.644-0300] {logging_mixin.py:150} INFO - [2023-08-15T19:06:56.643-0300] {dagbag.py:541} INFO - Filling up the DagBag from /home/alan/repos/pipeline_airflow/pipeline-airflow-venv/lib/python3.11/site-packages/airflow/example_dags/example_nested_branch_dag.py
[2023-08-15T19:06:56.665-0300] {processor.py:836} INFO - DAG(s) dict_keys(['example_nested_branch_dag']) retrieved from /home/alan/repos/pipeline_airflow/pipeline-airflow-venv/lib/python3.11/site-packages/airflow/example_dags/example_nested_branch_dag.py
[2023-08-15T19:06:56.699-0300] {logging_mixin.py:150} INFO - [2023-08-15T19:06:56.699-0300] {dag.py:2742} INFO - Sync 1 DAGs
[2023-08-15T19:06:56.738-0300] {logging_mixin.py:150} INFO - [2023-08-15T19:06:56.737-0300] {dag.py:3504} INFO - Setting next_dagrun for example_nested_branch_dag to 2023-08-14T00:00:00+00:00, run_after=2023-08-15T00:00:00+00:00
[2023-08-15T19:06:56.835-0300] {processor.py:179} INFO - Processing /home/alan/repos/pipeline_airflow/pipeline-airflow-venv/lib/python3.11/site-packages/airflow/example_dags/example_nested_branch_dag.py took 0.214 seconds
[2023-08-15T19:08:00.605-0300] {processor.py:157} INFO - Started process (PID=29129) to work on /home/alan/repos/pipeline_airflow/pipeline-airflow-venv/lib/python3.11/site-packages/airflow/example_dags/example_nested_branch_dag.py
[2023-08-15T19:08:00.615-0300] {processor.py:826} INFO - Processing file /home/alan/repos/pipeline_airflow/pipeline-airflow-venv/lib/python3.11/site-packages/airflow/example_dags/example_nested_branch_dag.py for tasks to queue
[2023-08-15T19:08:00.616-0300] {logging_mixin.py:150} INFO - [2023-08-15T19:08:00.615-0300] {dagbag.py:541} INFO - Filling up the DagBag from /home/alan/repos/pipeline_airflow/pipeline-airflow-venv/lib/python3.11/site-packages/airflow/example_dags/example_nested_branch_dag.py
[2023-08-15T19:08:00.637-0300] {processor.py:836} INFO - DAG(s) dict_keys(['example_nested_branch_dag']) retrieved from /home/alan/repos/pipeline_airflow/pipeline-airflow-venv/lib/python3.11/site-packages/airflow/example_dags/example_nested_branch_dag.py
[2023-08-15T19:08:00.679-0300] {logging_mixin.py:150} INFO - [2023-08-15T19:08:00.679-0300] {dag.py:2742} INFO - Sync 1 DAGs
[2023-08-15T19:08:00.736-0300] {logging_mixin.py:150} INFO - [2023-08-15T19:08:00.736-0300] {dag.py:3504} INFO - Setting next_dagrun for example_nested_branch_dag to 2023-08-14T00:00:00+00:00, run_after=2023-08-15T00:00:00+00:00
[2023-08-15T19:08:00.875-0300] {processor.py:179} INFO - Processing /home/alan/repos/pipeline_airflow/pipeline-airflow-venv/lib/python3.11/site-packages/airflow/example_dags/example_nested_branch_dag.py took 0.283 seconds
[2023-08-15T19:09:05.924-0300] {processor.py:157} INFO - Started process (PID=29296) to work on /home/alan/repos/pipeline_airflow/pipeline-airflow-venv/lib/python3.11/site-packages/airflow/example_dags/example_nested_branch_dag.py
[2023-08-15T19:09:05.939-0300] {processor.py:826} INFO - Processing file /home/alan/repos/pipeline_airflow/pipeline-airflow-venv/lib/python3.11/site-packages/airflow/example_dags/example_nested_branch_dag.py for tasks to queue
[2023-08-15T19:09:05.940-0300] {logging_mixin.py:150} INFO - [2023-08-15T19:09:05.940-0300] {dagbag.py:541} INFO - Filling up the DagBag from /home/alan/repos/pipeline_airflow/pipeline-airflow-venv/lib/python3.11/site-packages/airflow/example_dags/example_nested_branch_dag.py
[2023-08-15T19:09:05.965-0300] {processor.py:836} INFO - DAG(s) dict_keys(['example_nested_branch_dag']) retrieved from /home/alan/repos/pipeline_airflow/pipeline-airflow-venv/lib/python3.11/site-packages/airflow/example_dags/example_nested_branch_dag.py
[2023-08-15T19:09:06.011-0300] {logging_mixin.py:150} INFO - [2023-08-15T19:09:06.011-0300] {dag.py:2742} INFO - Sync 1 DAGs
[2023-08-15T19:09:06.064-0300] {logging_mixin.py:150} INFO - [2023-08-15T19:09:06.064-0300] {dag.py:3504} INFO - Setting next_dagrun for example_nested_branch_dag to 2023-08-14T00:00:00+00:00, run_after=2023-08-15T00:00:00+00:00
[2023-08-15T19:09:06.187-0300] {processor.py:179} INFO - Processing /home/alan/repos/pipeline_airflow/pipeline-airflow-venv/lib/python3.11/site-packages/airflow/example_dags/example_nested_branch_dag.py took 0.272 seconds
[2023-08-15T19:10:05.111-0300] {processor.py:157} INFO - Started process (PID=29453) to work on /home/alan/repos/pipeline_airflow/pipeline-airflow-venv/lib/python3.11/site-packages/airflow/example_dags/example_nested_branch_dag.py
[2023-08-15T19:10:05.128-0300] {processor.py:826} INFO - Processing file /home/alan/repos/pipeline_airflow/pipeline-airflow-venv/lib/python3.11/site-packages/airflow/example_dags/example_nested_branch_dag.py for tasks to queue
[2023-08-15T19:10:05.130-0300] {logging_mixin.py:150} INFO - [2023-08-15T19:10:05.129-0300] {dagbag.py:541} INFO - Filling up the DagBag from /home/alan/repos/pipeline_airflow/pipeline-airflow-venv/lib/python3.11/site-packages/airflow/example_dags/example_nested_branch_dag.py
[2023-08-15T19:10:05.150-0300] {processor.py:836} INFO - DAG(s) dict_keys(['example_nested_branch_dag']) retrieved from /home/alan/repos/pipeline_airflow/pipeline-airflow-venv/lib/python3.11/site-packages/airflow/example_dags/example_nested_branch_dag.py
[2023-08-15T19:10:05.186-0300] {logging_mixin.py:150} INFO - [2023-08-15T19:10:05.186-0300] {dag.py:2742} INFO - Sync 1 DAGs
[2023-08-15T19:10:05.239-0300] {logging_mixin.py:150} INFO - [2023-08-15T19:10:05.238-0300] {dag.py:3504} INFO - Setting next_dagrun for example_nested_branch_dag to 2023-08-14T00:00:00+00:00, run_after=2023-08-15T00:00:00+00:00
[2023-08-15T19:10:05.356-0300] {processor.py:179} INFO - Processing /home/alan/repos/pipeline_airflow/pipeline-airflow-venv/lib/python3.11/site-packages/airflow/example_dags/example_nested_branch_dag.py took 0.250 seconds
[2023-08-15T19:11:04.422-0300] {processor.py:157} INFO - Started process (PID=29638) to work on /home/alan/repos/pipeline_airflow/pipeline-airflow-venv/lib/python3.11/site-packages/airflow/example_dags/example_nested_branch_dag.py
[2023-08-15T19:11:04.441-0300] {processor.py:826} INFO - Processing file /home/alan/repos/pipeline_airflow/pipeline-airflow-venv/lib/python3.11/site-packages/airflow/example_dags/example_nested_branch_dag.py for tasks to queue
[2023-08-15T19:11:04.443-0300] {logging_mixin.py:150} INFO - [2023-08-15T19:11:04.442-0300] {dagbag.py:541} INFO - Filling up the DagBag from /home/alan/repos/pipeline_airflow/pipeline-airflow-venv/lib/python3.11/site-packages/airflow/example_dags/example_nested_branch_dag.py
[2023-08-15T19:11:04.503-0300] {processor.py:836} INFO - DAG(s) dict_keys(['example_nested_branch_dag']) retrieved from /home/alan/repos/pipeline_airflow/pipeline-airflow-venv/lib/python3.11/site-packages/airflow/example_dags/example_nested_branch_dag.py
[2023-08-15T19:11:04.546-0300] {logging_mixin.py:150} INFO - [2023-08-15T19:11:04.546-0300] {dag.py:2742} INFO - Sync 1 DAGs
[2023-08-15T19:11:04.586-0300] {logging_mixin.py:150} INFO - [2023-08-15T19:11:04.586-0300] {dag.py:3504} INFO - Setting next_dagrun for example_nested_branch_dag to 2023-08-14T00:00:00+00:00, run_after=2023-08-15T00:00:00+00:00
[2023-08-15T19:11:04.708-0300] {processor.py:179} INFO - Processing /home/alan/repos/pipeline_airflow/pipeline-airflow-venv/lib/python3.11/site-packages/airflow/example_dags/example_nested_branch_dag.py took 0.294 seconds
[2023-08-15T19:12:08.892-0300] {processor.py:157} INFO - Started process (PID=29867) to work on /home/alan/repos/pipeline_airflow/pipeline-airflow-venv/lib/python3.11/site-packages/airflow/example_dags/example_nested_branch_dag.py
[2023-08-15T19:12:08.901-0300] {processor.py:826} INFO - Processing file /home/alan/repos/pipeline_airflow/pipeline-airflow-venv/lib/python3.11/site-packages/airflow/example_dags/example_nested_branch_dag.py for tasks to queue
[2023-08-15T19:12:08.903-0300] {logging_mixin.py:150} INFO - [2023-08-15T19:12:08.902-0300] {dagbag.py:541} INFO - Filling up the DagBag from /home/alan/repos/pipeline_airflow/pipeline-airflow-venv/lib/python3.11/site-packages/airflow/example_dags/example_nested_branch_dag.py
[2023-08-15T19:12:08.920-0300] {processor.py:836} INFO - DAG(s) dict_keys(['example_nested_branch_dag']) retrieved from /home/alan/repos/pipeline_airflow/pipeline-airflow-venv/lib/python3.11/site-packages/airflow/example_dags/example_nested_branch_dag.py
[2023-08-15T19:12:08.955-0300] {logging_mixin.py:150} INFO - [2023-08-15T19:12:08.954-0300] {dag.py:2742} INFO - Sync 1 DAGs
[2023-08-15T19:12:08.995-0300] {logging_mixin.py:150} INFO - [2023-08-15T19:12:08.994-0300] {dag.py:3504} INFO - Setting next_dagrun for example_nested_branch_dag to 2023-08-14T00:00:00+00:00, run_after=2023-08-15T00:00:00+00:00
[2023-08-15T19:12:09.099-0300] {processor.py:179} INFO - Processing /home/alan/repos/pipeline_airflow/pipeline-airflow-venv/lib/python3.11/site-packages/airflow/example_dags/example_nested_branch_dag.py took 0.212 seconds
[2023-08-15T19:13:08.306-0300] {processor.py:157} INFO - Started process (PID=30036) to work on /home/alan/repos/pipeline_airflow/pipeline-airflow-venv/lib/python3.11/site-packages/airflow/example_dags/example_nested_branch_dag.py
[2023-08-15T19:13:08.321-0300] {processor.py:826} INFO - Processing file /home/alan/repos/pipeline_airflow/pipeline-airflow-venv/lib/python3.11/site-packages/airflow/example_dags/example_nested_branch_dag.py for tasks to queue
[2023-08-15T19:13:08.322-0300] {logging_mixin.py:150} INFO - [2023-08-15T19:13:08.321-0300] {dagbag.py:541} INFO - Filling up the DagBag from /home/alan/repos/pipeline_airflow/pipeline-airflow-venv/lib/python3.11/site-packages/airflow/example_dags/example_nested_branch_dag.py
[2023-08-15T19:13:08.345-0300] {processor.py:836} INFO - DAG(s) dict_keys(['example_nested_branch_dag']) retrieved from /home/alan/repos/pipeline_airflow/pipeline-airflow-venv/lib/python3.11/site-packages/airflow/example_dags/example_nested_branch_dag.py
[2023-08-15T19:13:08.390-0300] {logging_mixin.py:150} INFO - [2023-08-15T19:13:08.389-0300] {dag.py:2742} INFO - Sync 1 DAGs
[2023-08-15T19:13:08.447-0300] {logging_mixin.py:150} INFO - [2023-08-15T19:13:08.445-0300] {dag.py:3504} INFO - Setting next_dagrun for example_nested_branch_dag to 2023-08-14T00:00:00+00:00, run_after=2023-08-15T00:00:00+00:00
[2023-08-15T19:13:08.558-0300] {processor.py:179} INFO - Processing /home/alan/repos/pipeline_airflow/pipeline-airflow-venv/lib/python3.11/site-packages/airflow/example_dags/example_nested_branch_dag.py took 0.262 seconds
[2023-08-15T19:14:08.629-0300] {processor.py:157} INFO - Started process (PID=30189) to work on /home/alan/repos/pipeline_airflow/pipeline-airflow-venv/lib/python3.11/site-packages/airflow/example_dags/example_nested_branch_dag.py
[2023-08-15T19:14:08.641-0300] {processor.py:826} INFO - Processing file /home/alan/repos/pipeline_airflow/pipeline-airflow-venv/lib/python3.11/site-packages/airflow/example_dags/example_nested_branch_dag.py for tasks to queue
[2023-08-15T19:14:08.643-0300] {logging_mixin.py:150} INFO - [2023-08-15T19:14:08.642-0300] {dagbag.py:541} INFO - Filling up the DagBag from /home/alan/repos/pipeline_airflow/pipeline-airflow-venv/lib/python3.11/site-packages/airflow/example_dags/example_nested_branch_dag.py
[2023-08-15T19:14:08.663-0300] {processor.py:836} INFO - DAG(s) dict_keys(['example_nested_branch_dag']) retrieved from /home/alan/repos/pipeline_airflow/pipeline-airflow-venv/lib/python3.11/site-packages/airflow/example_dags/example_nested_branch_dag.py
[2023-08-15T19:14:08.697-0300] {logging_mixin.py:150} INFO - [2023-08-15T19:14:08.696-0300] {dag.py:2742} INFO - Sync 1 DAGs
[2023-08-15T19:14:08.755-0300] {logging_mixin.py:150} INFO - [2023-08-15T19:14:08.755-0300] {dag.py:3504} INFO - Setting next_dagrun for example_nested_branch_dag to 2023-08-14T00:00:00+00:00, run_after=2023-08-15T00:00:00+00:00
[2023-08-15T19:14:08.887-0300] {processor.py:179} INFO - Processing /home/alan/repos/pipeline_airflow/pipeline-airflow-venv/lib/python3.11/site-packages/airflow/example_dags/example_nested_branch_dag.py took 0.263 seconds
[2023-08-15T19:15:06.240-0300] {processor.py:157} INFO - Started process (PID=30339) to work on /home/alan/repos/pipeline_airflow/pipeline-airflow-venv/lib/python3.11/site-packages/airflow/example_dags/example_nested_branch_dag.py
[2023-08-15T19:15:06.254-0300] {processor.py:826} INFO - Processing file /home/alan/repos/pipeline_airflow/pipeline-airflow-venv/lib/python3.11/site-packages/airflow/example_dags/example_nested_branch_dag.py for tasks to queue
[2023-08-15T19:15:06.256-0300] {logging_mixin.py:150} INFO - [2023-08-15T19:15:06.255-0300] {dagbag.py:541} INFO - Filling up the DagBag from /home/alan/repos/pipeline_airflow/pipeline-airflow-venv/lib/python3.11/site-packages/airflow/example_dags/example_nested_branch_dag.py
[2023-08-15T19:15:06.282-0300] {processor.py:836} INFO - DAG(s) dict_keys(['example_nested_branch_dag']) retrieved from /home/alan/repos/pipeline_airflow/pipeline-airflow-venv/lib/python3.11/site-packages/airflow/example_dags/example_nested_branch_dag.py
[2023-08-15T19:15:06.313-0300] {logging_mixin.py:150} INFO - [2023-08-15T19:15:06.313-0300] {dag.py:2742} INFO - Sync 1 DAGs
[2023-08-15T19:15:06.352-0300] {logging_mixin.py:150} INFO - [2023-08-15T19:15:06.351-0300] {dag.py:3504} INFO - Setting next_dagrun for example_nested_branch_dag to 2023-08-14T00:00:00+00:00, run_after=2023-08-15T00:00:00+00:00
[2023-08-15T19:15:06.468-0300] {processor.py:179} INFO - Processing /home/alan/repos/pipeline_airflow/pipeline-airflow-venv/lib/python3.11/site-packages/airflow/example_dags/example_nested_branch_dag.py took 0.234 seconds
[2023-08-15T19:16:00.600-0300] {processor.py:157} INFO - Started process (PID=30478) to work on /home/alan/repos/pipeline_airflow/pipeline-airflow-venv/lib/python3.11/site-packages/airflow/example_dags/example_nested_branch_dag.py
[2023-08-15T19:16:00.607-0300] {processor.py:826} INFO - Processing file /home/alan/repos/pipeline_airflow/pipeline-airflow-venv/lib/python3.11/site-packages/airflow/example_dags/example_nested_branch_dag.py for tasks to queue
[2023-08-15T19:16:00.609-0300] {logging_mixin.py:150} INFO - [2023-08-15T19:16:00.609-0300] {dagbag.py:541} INFO - Filling up the DagBag from /home/alan/repos/pipeline_airflow/pipeline-airflow-venv/lib/python3.11/site-packages/airflow/example_dags/example_nested_branch_dag.py
[2023-08-15T19:16:00.631-0300] {processor.py:836} INFO - DAG(s) dict_keys(['example_nested_branch_dag']) retrieved from /home/alan/repos/pipeline_airflow/pipeline-airflow-venv/lib/python3.11/site-packages/airflow/example_dags/example_nested_branch_dag.py
[2023-08-15T19:16:00.668-0300] {logging_mixin.py:150} INFO - [2023-08-15T19:16:00.667-0300] {dag.py:2742} INFO - Sync 1 DAGs
[2023-08-15T19:16:00.707-0300] {logging_mixin.py:150} INFO - [2023-08-15T19:16:00.706-0300] {dag.py:3504} INFO - Setting next_dagrun for example_nested_branch_dag to 2023-08-14T00:00:00+00:00, run_after=2023-08-15T00:00:00+00:00
[2023-08-15T19:16:00.811-0300] {processor.py:179} INFO - Processing /home/alan/repos/pipeline_airflow/pipeline-airflow-venv/lib/python3.11/site-packages/airflow/example_dags/example_nested_branch_dag.py took 0.218 seconds
[2023-08-15T19:17:00.694-0300] {processor.py:157} INFO - Started process (PID=30644) to work on /home/alan/repos/pipeline_airflow/pipeline-airflow-venv/lib/python3.11/site-packages/airflow/example_dags/example_nested_branch_dag.py
[2023-08-15T19:17:00.696-0300] {processor.py:826} INFO - Processing file /home/alan/repos/pipeline_airflow/pipeline-airflow-venv/lib/python3.11/site-packages/airflow/example_dags/example_nested_branch_dag.py for tasks to queue
[2023-08-15T19:17:00.697-0300] {logging_mixin.py:150} INFO - [2023-08-15T19:17:00.696-0300] {dagbag.py:541} INFO - Filling up the DagBag from /home/alan/repos/pipeline_airflow/pipeline-airflow-venv/lib/python3.11/site-packages/airflow/example_dags/example_nested_branch_dag.py
[2023-08-15T19:17:00.717-0300] {processor.py:836} INFO - DAG(s) dict_keys(['example_nested_branch_dag']) retrieved from /home/alan/repos/pipeline_airflow/pipeline-airflow-venv/lib/python3.11/site-packages/airflow/example_dags/example_nested_branch_dag.py
[2023-08-15T19:17:00.751-0300] {logging_mixin.py:150} INFO - [2023-08-15T19:17:00.751-0300] {dag.py:2742} INFO - Sync 1 DAGs
[2023-08-15T19:17:00.792-0300] {logging_mixin.py:150} INFO - [2023-08-15T19:17:00.792-0300] {dag.py:3504} INFO - Setting next_dagrun for example_nested_branch_dag to 2023-08-14T00:00:00+00:00, run_after=2023-08-15T00:00:00+00:00
[2023-08-15T19:17:00.914-0300] {processor.py:179} INFO - Processing /home/alan/repos/pipeline_airflow/pipeline-airflow-venv/lib/python3.11/site-packages/airflow/example_dags/example_nested_branch_dag.py took 0.225 seconds
[2023-08-15T19:18:02.503-0300] {processor.py:157} INFO - Started process (PID=30799) to work on /home/alan/repos/pipeline_airflow/pipeline-airflow-venv/lib/python3.11/site-packages/airflow/example_dags/example_nested_branch_dag.py
[2023-08-15T19:18:02.522-0300] {processor.py:826} INFO - Processing file /home/alan/repos/pipeline_airflow/pipeline-airflow-venv/lib/python3.11/site-packages/airflow/example_dags/example_nested_branch_dag.py for tasks to queue
[2023-08-15T19:18:02.524-0300] {logging_mixin.py:150} INFO - [2023-08-15T19:18:02.523-0300] {dagbag.py:541} INFO - Filling up the DagBag from /home/alan/repos/pipeline_airflow/pipeline-airflow-venv/lib/python3.11/site-packages/airflow/example_dags/example_nested_branch_dag.py
[2023-08-15T19:18:02.544-0300] {processor.py:836} INFO - DAG(s) dict_keys(['example_nested_branch_dag']) retrieved from /home/alan/repos/pipeline_airflow/pipeline-airflow-venv/lib/python3.11/site-packages/airflow/example_dags/example_nested_branch_dag.py
[2023-08-15T19:18:02.578-0300] {logging_mixin.py:150} INFO - [2023-08-15T19:18:02.578-0300] {dag.py:2742} INFO - Sync 1 DAGs
[2023-08-15T19:18:02.620-0300] {logging_mixin.py:150} INFO - [2023-08-15T19:18:02.619-0300] {dag.py:3504} INFO - Setting next_dagrun for example_nested_branch_dag to 2023-08-14T00:00:00+00:00, run_after=2023-08-15T00:00:00+00:00
[2023-08-15T19:18:02.728-0300] {processor.py:179} INFO - Processing /home/alan/repos/pipeline_airflow/pipeline-airflow-venv/lib/python3.11/site-packages/airflow/example_dags/example_nested_branch_dag.py took 0.232 seconds
[2023-08-15T19:18:58.648-0300] {processor.py:157} INFO - Started process (PID=30948) to work on /home/alan/repos/pipeline_airflow/pipeline-airflow-venv/lib/python3.11/site-packages/airflow/example_dags/example_nested_branch_dag.py
[2023-08-15T19:18:58.650-0300] {processor.py:826} INFO - Processing file /home/alan/repos/pipeline_airflow/pipeline-airflow-venv/lib/python3.11/site-packages/airflow/example_dags/example_nested_branch_dag.py for tasks to queue
[2023-08-15T19:18:58.652-0300] {logging_mixin.py:150} INFO - [2023-08-15T19:18:58.652-0300] {dagbag.py:541} INFO - Filling up the DagBag from /home/alan/repos/pipeline_airflow/pipeline-airflow-venv/lib/python3.11/site-packages/airflow/example_dags/example_nested_branch_dag.py
[2023-08-15T19:18:58.670-0300] {processor.py:836} INFO - DAG(s) dict_keys(['example_nested_branch_dag']) retrieved from /home/alan/repos/pipeline_airflow/pipeline-airflow-venv/lib/python3.11/site-packages/airflow/example_dags/example_nested_branch_dag.py
[2023-08-15T19:18:58.701-0300] {logging_mixin.py:150} INFO - [2023-08-15T19:18:58.701-0300] {dag.py:2742} INFO - Sync 1 DAGs
[2023-08-15T19:18:58.740-0300] {logging_mixin.py:150} INFO - [2023-08-15T19:18:58.740-0300] {dag.py:3504} INFO - Setting next_dagrun for example_nested_branch_dag to 2023-08-14T00:00:00+00:00, run_after=2023-08-15T00:00:00+00:00
[2023-08-15T19:18:58.862-0300] {processor.py:179} INFO - Processing /home/alan/repos/pipeline_airflow/pipeline-airflow-venv/lib/python3.11/site-packages/airflow/example_dags/example_nested_branch_dag.py took 0.219 seconds
[2023-08-15T19:19:55.238-0300] {processor.py:157} INFO - Started process (PID=31089) to work on /home/alan/repos/pipeline_airflow/pipeline-airflow-venv/lib/python3.11/site-packages/airflow/example_dags/example_nested_branch_dag.py
[2023-08-15T19:19:55.240-0300] {processor.py:826} INFO - Processing file /home/alan/repos/pipeline_airflow/pipeline-airflow-venv/lib/python3.11/site-packages/airflow/example_dags/example_nested_branch_dag.py for tasks to queue
[2023-08-15T19:19:55.242-0300] {logging_mixin.py:150} INFO - [2023-08-15T19:19:55.241-0300] {dagbag.py:541} INFO - Filling up the DagBag from /home/alan/repos/pipeline_airflow/pipeline-airflow-venv/lib/python3.11/site-packages/airflow/example_dags/example_nested_branch_dag.py
[2023-08-15T19:19:55.262-0300] {processor.py:836} INFO - DAG(s) dict_keys(['example_nested_branch_dag']) retrieved from /home/alan/repos/pipeline_airflow/pipeline-airflow-venv/lib/python3.11/site-packages/airflow/example_dags/example_nested_branch_dag.py
[2023-08-15T19:19:55.295-0300] {logging_mixin.py:150} INFO - [2023-08-15T19:19:55.295-0300] {dag.py:2742} INFO - Sync 1 DAGs
[2023-08-15T19:19:55.335-0300] {logging_mixin.py:150} INFO - [2023-08-15T19:19:55.335-0300] {dag.py:3504} INFO - Setting next_dagrun for example_nested_branch_dag to 2023-08-14T00:00:00+00:00, run_after=2023-08-15T00:00:00+00:00
[2023-08-15T19:19:55.440-0300] {processor.py:179} INFO - Processing /home/alan/repos/pipeline_airflow/pipeline-airflow-venv/lib/python3.11/site-packages/airflow/example_dags/example_nested_branch_dag.py took 0.210 seconds
[2023-08-15T19:21:06.721-0300] {processor.py:157} INFO - Started process (PID=31438) to work on /home/alan/repos/pipeline_airflow/pipeline-airflow-venv/lib/python3.11/site-packages/airflow/example_dags/example_nested_branch_dag.py
[2023-08-15T19:21:06.723-0300] {processor.py:826} INFO - Processing file /home/alan/repos/pipeline_airflow/pipeline-airflow-venv/lib/python3.11/site-packages/airflow/example_dags/example_nested_branch_dag.py for tasks to queue
[2023-08-15T19:21:06.724-0300] {logging_mixin.py:150} INFO - [2023-08-15T19:21:06.723-0300] {dagbag.py:541} INFO - Filling up the DagBag from /home/alan/repos/pipeline_airflow/pipeline-airflow-venv/lib/python3.11/site-packages/airflow/example_dags/example_nested_branch_dag.py
[2023-08-15T19:21:06.749-0300] {processor.py:836} INFO - DAG(s) dict_keys(['example_nested_branch_dag']) retrieved from /home/alan/repos/pipeline_airflow/pipeline-airflow-venv/lib/python3.11/site-packages/airflow/example_dags/example_nested_branch_dag.py
[2023-08-15T19:21:06.785-0300] {logging_mixin.py:150} INFO - [2023-08-15T19:21:06.785-0300] {dag.py:2742} INFO - Sync 1 DAGs
[2023-08-15T19:21:06.827-0300] {logging_mixin.py:150} INFO - [2023-08-15T19:21:06.826-0300] {dag.py:3504} INFO - Setting next_dagrun for example_nested_branch_dag to 2023-08-14T00:00:00+00:00, run_after=2023-08-15T00:00:00+00:00
[2023-08-15T19:21:06.941-0300] {processor.py:179} INFO - Processing /home/alan/repos/pipeline_airflow/pipeline-airflow-venv/lib/python3.11/site-packages/airflow/example_dags/example_nested_branch_dag.py took 0.226 seconds
