[2023-08-15T18:20:27.385-0300] {processor.py:157} INFO - Started process (PID=18652) to work on /home/alan/repos/pipeline_airflow/pipeline-airflow-venv/lib/python3.11/site-packages/airflow/example_dags/example_branch_datetime_operator.py
[2023-08-15T18:20:27.386-0300] {processor.py:826} INFO - Processing file /home/alan/repos/pipeline_airflow/pipeline-airflow-venv/lib/python3.11/site-packages/airflow/example_dags/example_branch_datetime_operator.py for tasks to queue
[2023-08-15T18:20:27.387-0300] {logging_mixin.py:150} INFO - [2023-08-15T18:20:27.386-0300] {dagbag.py:541} INFO - Filling up the DagBag from /home/alan/repos/pipeline_airflow/pipeline-airflow-venv/lib/python3.11/site-packages/airflow/example_dags/example_branch_datetime_operator.py
[2023-08-15T18:20:27.405-0300] {processor.py:836} INFO - DAG(s) dict_keys(['example_branch_datetime_operator_3', 'example_branch_datetime_operator_2', 'example_branch_datetime_operator']) retrieved from /home/alan/repos/pipeline_airflow/pipeline-airflow-venv/lib/python3.11/site-packages/airflow/example_dags/example_branch_datetime_operator.py
[2023-08-15T18:20:27.771-0300] {logging_mixin.py:150} INFO - [2023-08-15T18:20:27.770-0300] {manager.py:504} INFO - Created Permission View: can delete on DAG:example_branch_datetime_operator_3
[2023-08-15T18:20:27.880-0300] {logging_mixin.py:150} INFO - [2023-08-15T18:20:27.880-0300] {manager.py:504} INFO - Created Permission View: can edit on DAG:example_branch_datetime_operator_3
[2023-08-15T18:20:27.992-0300] {logging_mixin.py:150} INFO - [2023-08-15T18:20:27.991-0300] {manager.py:504} INFO - Created Permission View: can read on DAG:example_branch_datetime_operator_3
[2023-08-15T18:20:28.236-0300] {logging_mixin.py:150} INFO - [2023-08-15T18:20:28.235-0300] {manager.py:504} INFO - Created Permission View: can delete on DAG:example_branch_datetime_operator_2
[2023-08-15T18:20:28.323-0300] {logging_mixin.py:150} INFO - [2023-08-15T18:20:28.323-0300] {manager.py:504} INFO - Created Permission View: can edit on DAG:example_branch_datetime_operator_2
[2023-08-15T18:20:28.412-0300] {logging_mixin.py:150} INFO - [2023-08-15T18:20:28.411-0300] {manager.py:504} INFO - Created Permission View: can read on DAG:example_branch_datetime_operator_2
[2023-08-15T18:20:28.655-0300] {logging_mixin.py:150} INFO - [2023-08-15T18:20:28.654-0300] {manager.py:504} INFO - Created Permission View: can delete on DAG:example_branch_datetime_operator
[2023-08-15T18:20:28.733-0300] {logging_mixin.py:150} INFO - [2023-08-15T18:20:28.732-0300] {manager.py:504} INFO - Created Permission View: can edit on DAG:example_branch_datetime_operator
[2023-08-15T18:20:28.843-0300] {logging_mixin.py:150} INFO - [2023-08-15T18:20:28.843-0300] {manager.py:504} INFO - Created Permission View: can read on DAG:example_branch_datetime_operator
[2023-08-15T18:20:28.853-0300] {logging_mixin.py:150} INFO - [2023-08-15T18:20:28.853-0300] {dag.py:2742} INFO - Sync 3 DAGs
[2023-08-15T18:20:28.875-0300] {logging_mixin.py:150} INFO - [2023-08-15T18:20:28.875-0300] {dag.py:2763} INFO - Creating ORM DAG for example_branch_datetime_operator_3
[2023-08-15T18:20:28.877-0300] {logging_mixin.py:150} INFO - [2023-08-15T18:20:28.877-0300] {dag.py:2763} INFO - Creating ORM DAG for example_branch_datetime_operator
[2023-08-15T18:20:28.881-0300] {logging_mixin.py:150} INFO - [2023-08-15T18:20:28.880-0300] {dag.py:2763} INFO - Creating ORM DAG for example_branch_datetime_operator_2
[2023-08-15T18:20:28.905-0300] {logging_mixin.py:150} INFO - [2023-08-15T18:20:28.903-0300] {dag.py:3504} INFO - Setting next_dagrun for example_branch_datetime_operator to 2023-08-14T00:00:00+00:00, run_after=2023-08-15T00:00:00+00:00
[2023-08-15T18:20:28.910-0300] {logging_mixin.py:150} INFO - [2023-08-15T18:20:28.909-0300] {dag.py:3504} INFO - Setting next_dagrun for example_branch_datetime_operator_2 to 2023-08-14T00:00:00+00:00, run_after=2023-08-15T00:00:00+00:00
[2023-08-15T18:20:28.913-0300] {logging_mixin.py:150} INFO - [2023-08-15T18:20:28.913-0300] {dag.py:3504} INFO - Setting next_dagrun for example_branch_datetime_operator_3 to 2023-08-14T00:00:00+00:00, run_after=2023-08-15T00:00:00+00:00
[2023-08-15T18:20:29.085-0300] {processor.py:179} INFO - Processing /home/alan/repos/pipeline_airflow/pipeline-airflow-venv/lib/python3.11/site-packages/airflow/example_dags/example_branch_datetime_operator.py took 1.705 seconds
[2023-08-15T18:21:40.556-0300] {processor.py:157} INFO - Started process (PID=18958) to work on /home/alan/repos/pipeline_airflow/pipeline-airflow-venv/lib/python3.11/site-packages/airflow/example_dags/example_branch_datetime_operator.py
[2023-08-15T18:21:40.557-0300] {processor.py:826} INFO - Processing file /home/alan/repos/pipeline_airflow/pipeline-airflow-venv/lib/python3.11/site-packages/airflow/example_dags/example_branch_datetime_operator.py for tasks to queue
[2023-08-15T18:21:40.559-0300] {logging_mixin.py:150} INFO - [2023-08-15T18:21:40.558-0300] {dagbag.py:541} INFO - Filling up the DagBag from /home/alan/repos/pipeline_airflow/pipeline-airflow-venv/lib/python3.11/site-packages/airflow/example_dags/example_branch_datetime_operator.py
[2023-08-15T18:21:40.580-0300] {processor.py:836} INFO - DAG(s) dict_keys(['example_branch_datetime_operator', 'example_branch_datetime_operator_3', 'example_branch_datetime_operator_2']) retrieved from /home/alan/repos/pipeline_airflow/pipeline-airflow-venv/lib/python3.11/site-packages/airflow/example_dags/example_branch_datetime_operator.py
[2023-08-15T18:21:40.627-0300] {logging_mixin.py:150} INFO - [2023-08-15T18:21:40.627-0300] {dag.py:2742} INFO - Sync 3 DAGs
[2023-08-15T18:21:40.671-0300] {logging_mixin.py:150} INFO - [2023-08-15T18:21:40.670-0300] {dag.py:3504} INFO - Setting next_dagrun for example_branch_datetime_operator to 2023-08-14T00:00:00+00:00, run_after=2023-08-15T00:00:00+00:00
[2023-08-15T18:21:40.679-0300] {logging_mixin.py:150} INFO - [2023-08-15T18:21:40.679-0300] {dag.py:3504} INFO - Setting next_dagrun for example_branch_datetime_operator_2 to 2023-08-14T00:00:00+00:00, run_after=2023-08-15T00:00:00+00:00
[2023-08-15T18:21:40.684-0300] {logging_mixin.py:150} INFO - [2023-08-15T18:21:40.684-0300] {dag.py:3504} INFO - Setting next_dagrun for example_branch_datetime_operator_3 to 2023-08-14T00:00:00+00:00, run_after=2023-08-15T00:00:00+00:00
[2023-08-15T18:21:40.802-0300] {processor.py:179} INFO - Processing /home/alan/repos/pipeline_airflow/pipeline-airflow-venv/lib/python3.11/site-packages/airflow/example_dags/example_branch_datetime_operator.py took 0.251 seconds
[2023-08-15T18:22:36.299-0300] {processor.py:157} INFO - Started process (PID=19160) to work on /home/alan/repos/pipeline_airflow/pipeline-airflow-venv/lib/python3.11/site-packages/airflow/example_dags/example_branch_datetime_operator.py
[2023-08-15T18:22:36.300-0300] {processor.py:826} INFO - Processing file /home/alan/repos/pipeline_airflow/pipeline-airflow-venv/lib/python3.11/site-packages/airflow/example_dags/example_branch_datetime_operator.py for tasks to queue
[2023-08-15T18:22:36.302-0300] {logging_mixin.py:150} INFO - [2023-08-15T18:22:36.301-0300] {dagbag.py:541} INFO - Filling up the DagBag from /home/alan/repos/pipeline_airflow/pipeline-airflow-venv/lib/python3.11/site-packages/airflow/example_dags/example_branch_datetime_operator.py
[2023-08-15T18:22:36.324-0300] {processor.py:836} INFO - DAG(s) dict_keys(['example_branch_datetime_operator_2', 'example_branch_datetime_operator_3', 'example_branch_datetime_operator']) retrieved from /home/alan/repos/pipeline_airflow/pipeline-airflow-venv/lib/python3.11/site-packages/airflow/example_dags/example_branch_datetime_operator.py
[2023-08-15T18:22:36.408-0300] {logging_mixin.py:150} INFO - [2023-08-15T18:22:36.404-0300] {dag.py:2742} INFO - Sync 3 DAGs
[2023-08-15T18:22:36.458-0300] {logging_mixin.py:150} INFO - [2023-08-15T18:22:36.458-0300] {dag.py:3504} INFO - Setting next_dagrun for example_branch_datetime_operator to 2023-08-14T00:00:00+00:00, run_after=2023-08-15T00:00:00+00:00
[2023-08-15T18:22:36.467-0300] {logging_mixin.py:150} INFO - [2023-08-15T18:22:36.467-0300] {dag.py:3504} INFO - Setting next_dagrun for example_branch_datetime_operator_2 to 2023-08-14T00:00:00+00:00, run_after=2023-08-15T00:00:00+00:00
[2023-08-15T18:22:36.472-0300] {logging_mixin.py:150} INFO - [2023-08-15T18:22:36.472-0300] {dag.py:3504} INFO - Setting next_dagrun for example_branch_datetime_operator_3 to 2023-08-14T00:00:00+00:00, run_after=2023-08-15T00:00:00+00:00
[2023-08-15T18:22:36.577-0300] {processor.py:179} INFO - Processing /home/alan/repos/pipeline_airflow/pipeline-airflow-venv/lib/python3.11/site-packages/airflow/example_dags/example_branch_datetime_operator.py took 0.284 seconds
[2023-08-15T18:23:35.100-0300] {processor.py:157} INFO - Started process (PID=19362) to work on /home/alan/repos/pipeline_airflow/pipeline-airflow-venv/lib/python3.11/site-packages/airflow/example_dags/example_branch_datetime_operator.py
[2023-08-15T18:23:35.102-0300] {processor.py:826} INFO - Processing file /home/alan/repos/pipeline_airflow/pipeline-airflow-venv/lib/python3.11/site-packages/airflow/example_dags/example_branch_datetime_operator.py for tasks to queue
[2023-08-15T18:23:35.103-0300] {logging_mixin.py:150} INFO - [2023-08-15T18:23:35.103-0300] {dagbag.py:541} INFO - Filling up the DagBag from /home/alan/repos/pipeline_airflow/pipeline-airflow-venv/lib/python3.11/site-packages/airflow/example_dags/example_branch_datetime_operator.py
[2023-08-15T18:23:35.123-0300] {processor.py:836} INFO - DAG(s) dict_keys(['example_branch_datetime_operator_3', 'example_branch_datetime_operator', 'example_branch_datetime_operator_2']) retrieved from /home/alan/repos/pipeline_airflow/pipeline-airflow-venv/lib/python3.11/site-packages/airflow/example_dags/example_branch_datetime_operator.py
[2023-08-15T18:23:35.166-0300] {logging_mixin.py:150} INFO - [2023-08-15T18:23:35.165-0300] {dag.py:2742} INFO - Sync 3 DAGs
[2023-08-15T18:23:35.208-0300] {logging_mixin.py:150} INFO - [2023-08-15T18:23:35.207-0300] {dag.py:3504} INFO - Setting next_dagrun for example_branch_datetime_operator to 2023-08-14T00:00:00+00:00, run_after=2023-08-15T00:00:00+00:00
[2023-08-15T18:23:35.364-0300] {logging_mixin.py:150} INFO - [2023-08-15T18:23:35.364-0300] {dag.py:3504} INFO - Setting next_dagrun for example_branch_datetime_operator_2 to 2023-08-14T00:00:00+00:00, run_after=2023-08-15T00:00:00+00:00
[2023-08-15T18:23:35.369-0300] {logging_mixin.py:150} INFO - [2023-08-15T18:23:35.368-0300] {dag.py:3504} INFO - Setting next_dagrun for example_branch_datetime_operator_3 to 2023-08-14T00:00:00+00:00, run_after=2023-08-15T00:00:00+00:00
[2023-08-15T18:23:35.491-0300] {processor.py:179} INFO - Processing /home/alan/repos/pipeline_airflow/pipeline-airflow-venv/lib/python3.11/site-packages/airflow/example_dags/example_branch_datetime_operator.py took 0.396 seconds
[2023-08-15T18:24:47.181-0300] {processor.py:157} INFO - Started process (PID=19808) to work on /home/alan/repos/pipeline_airflow/pipeline-airflow-venv/lib/python3.11/site-packages/airflow/example_dags/example_branch_datetime_operator.py
[2023-08-15T18:24:47.183-0300] {processor.py:826} INFO - Processing file /home/alan/repos/pipeline_airflow/pipeline-airflow-venv/lib/python3.11/site-packages/airflow/example_dags/example_branch_datetime_operator.py for tasks to queue
[2023-08-15T18:24:47.185-0300] {logging_mixin.py:150} INFO - [2023-08-15T18:24:47.183-0300] {dagbag.py:541} INFO - Filling up the DagBag from /home/alan/repos/pipeline_airflow/pipeline-airflow-venv/lib/python3.11/site-packages/airflow/example_dags/example_branch_datetime_operator.py
[2023-08-15T18:24:47.205-0300] {processor.py:836} INFO - DAG(s) dict_keys(['example_branch_datetime_operator_2', 'example_branch_datetime_operator_3', 'example_branch_datetime_operator']) retrieved from /home/alan/repos/pipeline_airflow/pipeline-airflow-venv/lib/python3.11/site-packages/airflow/example_dags/example_branch_datetime_operator.py
[2023-08-15T18:24:47.418-0300] {logging_mixin.py:150} INFO - [2023-08-15T18:24:47.418-0300] {dag.py:2742} INFO - Sync 3 DAGs
[2023-08-15T18:24:47.468-0300] {logging_mixin.py:150} INFO - [2023-08-15T18:24:47.467-0300] {dag.py:3504} INFO - Setting next_dagrun for example_branch_datetime_operator to 2023-08-14T00:00:00+00:00, run_after=2023-08-15T00:00:00+00:00
[2023-08-15T18:24:47.478-0300] {logging_mixin.py:150} INFO - [2023-08-15T18:24:47.477-0300] {dag.py:3504} INFO - Setting next_dagrun for example_branch_datetime_operator_2 to 2023-08-14T00:00:00+00:00, run_after=2023-08-15T00:00:00+00:00
[2023-08-15T18:24:47.483-0300] {logging_mixin.py:150} INFO - [2023-08-15T18:24:47.483-0300] {dag.py:3504} INFO - Setting next_dagrun for example_branch_datetime_operator_3 to 2023-08-14T00:00:00+00:00, run_after=2023-08-15T00:00:00+00:00
[2023-08-15T18:24:47.602-0300] {processor.py:179} INFO - Processing /home/alan/repos/pipeline_airflow/pipeline-airflow-venv/lib/python3.11/site-packages/airflow/example_dags/example_branch_datetime_operator.py took 0.427 seconds
[2023-08-15T18:26:54.342-0300] {processor.py:157} INFO - Started process (PID=20819) to work on /home/alan/repos/pipeline_airflow/pipeline-airflow-venv/lib/python3.11/site-packages/airflow/example_dags/example_branch_datetime_operator.py
[2023-08-15T18:26:54.348-0300] {processor.py:826} INFO - Processing file /home/alan/repos/pipeline_airflow/pipeline-airflow-venv/lib/python3.11/site-packages/airflow/example_dags/example_branch_datetime_operator.py for tasks to queue
[2023-08-15T18:26:54.350-0300] {logging_mixin.py:150} INFO - [2023-08-15T18:26:54.349-0300] {dagbag.py:541} INFO - Filling up the DagBag from /home/alan/repos/pipeline_airflow/pipeline-airflow-venv/lib/python3.11/site-packages/airflow/example_dags/example_branch_datetime_operator.py
[2023-08-15T18:26:54.381-0300] {processor.py:836} INFO - DAG(s) dict_keys(['example_branch_datetime_operator_3', 'example_branch_datetime_operator_2', 'example_branch_datetime_operator']) retrieved from /home/alan/repos/pipeline_airflow/pipeline-airflow-venv/lib/python3.11/site-packages/airflow/example_dags/example_branch_datetime_operator.py
[2023-08-15T18:26:54.450-0300] {logging_mixin.py:150} INFO - [2023-08-15T18:26:54.450-0300] {dag.py:2742} INFO - Sync 3 DAGs
[2023-08-15T18:26:54.531-0300] {logging_mixin.py:150} INFO - [2023-08-15T18:26:54.530-0300] {dag.py:3504} INFO - Setting next_dagrun for example_branch_datetime_operator to 2023-08-14T00:00:00+00:00, run_after=2023-08-15T00:00:00+00:00
[2023-08-15T18:26:54.543-0300] {logging_mixin.py:150} INFO - [2023-08-15T18:26:54.543-0300] {dag.py:3504} INFO - Setting next_dagrun for example_branch_datetime_operator_2 to 2023-08-14T00:00:00+00:00, run_after=2023-08-15T00:00:00+00:00
[2023-08-15T18:26:54.548-0300] {logging_mixin.py:150} INFO - [2023-08-15T18:26:54.548-0300] {dag.py:3504} INFO - Setting next_dagrun for example_branch_datetime_operator_3 to 2023-08-14T00:00:00+00:00, run_after=2023-08-15T00:00:00+00:00
[2023-08-15T18:26:54.741-0300] {processor.py:179} INFO - Processing /home/alan/repos/pipeline_airflow/pipeline-airflow-venv/lib/python3.11/site-packages/airflow/example_dags/example_branch_datetime_operator.py took 0.405 seconds
[2023-08-15T18:27:57.631-0300] {processor.py:157} INFO - Started process (PID=21049) to work on /home/alan/repos/pipeline_airflow/pipeline-airflow-venv/lib/python3.11/site-packages/airflow/example_dags/example_branch_datetime_operator.py
[2023-08-15T18:27:57.633-0300] {processor.py:826} INFO - Processing file /home/alan/repos/pipeline_airflow/pipeline-airflow-venv/lib/python3.11/site-packages/airflow/example_dags/example_branch_datetime_operator.py for tasks to queue
[2023-08-15T18:27:57.635-0300] {logging_mixin.py:150} INFO - [2023-08-15T18:27:57.634-0300] {dagbag.py:541} INFO - Filling up the DagBag from /home/alan/repos/pipeline_airflow/pipeline-airflow-venv/lib/python3.11/site-packages/airflow/example_dags/example_branch_datetime_operator.py
[2023-08-15T18:27:57.653-0300] {processor.py:836} INFO - DAG(s) dict_keys(['example_branch_datetime_operator_2', 'example_branch_datetime_operator_3', 'example_branch_datetime_operator']) retrieved from /home/alan/repos/pipeline_airflow/pipeline-airflow-venv/lib/python3.11/site-packages/airflow/example_dags/example_branch_datetime_operator.py
[2023-08-15T18:27:57.697-0300] {logging_mixin.py:150} INFO - [2023-08-15T18:27:57.696-0300] {dag.py:2742} INFO - Sync 3 DAGs
[2023-08-15T18:27:57.739-0300] {logging_mixin.py:150} INFO - [2023-08-15T18:27:57.739-0300] {dag.py:3504} INFO - Setting next_dagrun for example_branch_datetime_operator to 2023-08-14T00:00:00+00:00, run_after=2023-08-15T00:00:00+00:00
[2023-08-15T18:27:57.750-0300] {logging_mixin.py:150} INFO - [2023-08-15T18:27:57.749-0300] {dag.py:3504} INFO - Setting next_dagrun for example_branch_datetime_operator_2 to 2023-08-14T00:00:00+00:00, run_after=2023-08-15T00:00:00+00:00
[2023-08-15T18:27:57.756-0300] {logging_mixin.py:150} INFO - [2023-08-15T18:27:57.755-0300] {dag.py:3504} INFO - Setting next_dagrun for example_branch_datetime_operator_3 to 2023-08-14T00:00:00+00:00, run_after=2023-08-15T00:00:00+00:00
[2023-08-15T18:27:57.859-0300] {processor.py:179} INFO - Processing /home/alan/repos/pipeline_airflow/pipeline-airflow-venv/lib/python3.11/site-packages/airflow/example_dags/example_branch_datetime_operator.py took 0.234 seconds
[2023-08-15T18:29:21.049-0300] {processor.py:157} INFO - Started process (PID=21382) to work on /home/alan/repos/pipeline_airflow/pipeline-airflow-venv/lib/python3.11/site-packages/airflow/example_dags/example_branch_datetime_operator.py
[2023-08-15T18:29:21.071-0300] {processor.py:826} INFO - Processing file /home/alan/repos/pipeline_airflow/pipeline-airflow-venv/lib/python3.11/site-packages/airflow/example_dags/example_branch_datetime_operator.py for tasks to queue
[2023-08-15T18:29:21.073-0300] {logging_mixin.py:150} INFO - [2023-08-15T18:29:21.072-0300] {dagbag.py:541} INFO - Filling up the DagBag from /home/alan/repos/pipeline_airflow/pipeline-airflow-venv/lib/python3.11/site-packages/airflow/example_dags/example_branch_datetime_operator.py
[2023-08-15T18:29:21.092-0300] {processor.py:836} INFO - DAG(s) dict_keys(['example_branch_datetime_operator', 'example_branch_datetime_operator_2', 'example_branch_datetime_operator_3']) retrieved from /home/alan/repos/pipeline_airflow/pipeline-airflow-venv/lib/python3.11/site-packages/airflow/example_dags/example_branch_datetime_operator.py
[2023-08-15T18:29:21.135-0300] {logging_mixin.py:150} INFO - [2023-08-15T18:29:21.135-0300] {dag.py:2742} INFO - Sync 3 DAGs
[2023-08-15T18:29:21.176-0300] {logging_mixin.py:150} INFO - [2023-08-15T18:29:21.175-0300] {dag.py:3504} INFO - Setting next_dagrun for example_branch_datetime_operator to 2023-08-14T00:00:00+00:00, run_after=2023-08-15T00:00:00+00:00
[2023-08-15T18:29:21.184-0300] {logging_mixin.py:150} INFO - [2023-08-15T18:29:21.184-0300] {dag.py:3504} INFO - Setting next_dagrun for example_branch_datetime_operator_2 to 2023-08-14T00:00:00+00:00, run_after=2023-08-15T00:00:00+00:00
[2023-08-15T18:29:21.189-0300] {logging_mixin.py:150} INFO - [2023-08-15T18:29:21.188-0300] {dag.py:3504} INFO - Setting next_dagrun for example_branch_datetime_operator_3 to 2023-08-14T00:00:00+00:00, run_after=2023-08-15T00:00:00+00:00
[2023-08-15T18:29:21.415-0300] {processor.py:179} INFO - Processing /home/alan/repos/pipeline_airflow/pipeline-airflow-venv/lib/python3.11/site-packages/airflow/example_dags/example_branch_datetime_operator.py took 0.371 seconds
[2023-08-15T18:30:18.376-0300] {processor.py:157} INFO - Started process (PID=21603) to work on /home/alan/repos/pipeline_airflow/pipeline-airflow-venv/lib/python3.11/site-packages/airflow/example_dags/example_branch_datetime_operator.py
[2023-08-15T18:30:18.391-0300] {processor.py:826} INFO - Processing file /home/alan/repos/pipeline_airflow/pipeline-airflow-venv/lib/python3.11/site-packages/airflow/example_dags/example_branch_datetime_operator.py for tasks to queue
[2023-08-15T18:30:18.393-0300] {logging_mixin.py:150} INFO - [2023-08-15T18:30:18.392-0300] {dagbag.py:541} INFO - Filling up the DagBag from /home/alan/repos/pipeline_airflow/pipeline-airflow-venv/lib/python3.11/site-packages/airflow/example_dags/example_branch_datetime_operator.py
[2023-08-15T18:30:18.415-0300] {processor.py:836} INFO - DAG(s) dict_keys(['example_branch_datetime_operator', 'example_branch_datetime_operator_2', 'example_branch_datetime_operator_3']) retrieved from /home/alan/repos/pipeline_airflow/pipeline-airflow-venv/lib/python3.11/site-packages/airflow/example_dags/example_branch_datetime_operator.py
[2023-08-15T18:30:18.461-0300] {logging_mixin.py:150} INFO - [2023-08-15T18:30:18.460-0300] {dag.py:2742} INFO - Sync 3 DAGs
[2023-08-15T18:30:18.507-0300] {logging_mixin.py:150} INFO - [2023-08-15T18:30:18.507-0300] {dag.py:3504} INFO - Setting next_dagrun for example_branch_datetime_operator to 2023-08-14T00:00:00+00:00, run_after=2023-08-15T00:00:00+00:00
[2023-08-15T18:30:18.516-0300] {logging_mixin.py:150} INFO - [2023-08-15T18:30:18.516-0300] {dag.py:3504} INFO - Setting next_dagrun for example_branch_datetime_operator_2 to 2023-08-14T00:00:00+00:00, run_after=2023-08-15T00:00:00+00:00
[2023-08-15T18:30:18.522-0300] {logging_mixin.py:150} INFO - [2023-08-15T18:30:18.522-0300] {dag.py:3504} INFO - Setting next_dagrun for example_branch_datetime_operator_3 to 2023-08-14T00:00:00+00:00, run_after=2023-08-15T00:00:00+00:00
[2023-08-15T18:30:18.641-0300] {processor.py:179} INFO - Processing /home/alan/repos/pipeline_airflow/pipeline-airflow-venv/lib/python3.11/site-packages/airflow/example_dags/example_branch_datetime_operator.py took 0.270 seconds
[2023-08-15T18:31:15.704-0300] {processor.py:157} INFO - Started process (PID=21808) to work on /home/alan/repos/pipeline_airflow/pipeline-airflow-venv/lib/python3.11/site-packages/airflow/example_dags/example_branch_datetime_operator.py
[2023-08-15T18:31:15.720-0300] {processor.py:826} INFO - Processing file /home/alan/repos/pipeline_airflow/pipeline-airflow-venv/lib/python3.11/site-packages/airflow/example_dags/example_branch_datetime_operator.py for tasks to queue
[2023-08-15T18:31:15.722-0300] {logging_mixin.py:150} INFO - [2023-08-15T18:31:15.722-0300] {dagbag.py:541} INFO - Filling up the DagBag from /home/alan/repos/pipeline_airflow/pipeline-airflow-venv/lib/python3.11/site-packages/airflow/example_dags/example_branch_datetime_operator.py
[2023-08-15T18:31:15.753-0300] {processor.py:836} INFO - DAG(s) dict_keys(['example_branch_datetime_operator_3', 'example_branch_datetime_operator', 'example_branch_datetime_operator_2']) retrieved from /home/alan/repos/pipeline_airflow/pipeline-airflow-venv/lib/python3.11/site-packages/airflow/example_dags/example_branch_datetime_operator.py
[2023-08-15T18:31:15.802-0300] {logging_mixin.py:150} INFO - [2023-08-15T18:31:15.802-0300] {dag.py:2742} INFO - Sync 3 DAGs
[2023-08-15T18:31:15.849-0300] {logging_mixin.py:150} INFO - [2023-08-15T18:31:15.848-0300] {dag.py:3504} INFO - Setting next_dagrun for example_branch_datetime_operator to 2023-08-14T00:00:00+00:00, run_after=2023-08-15T00:00:00+00:00
[2023-08-15T18:31:15.858-0300] {logging_mixin.py:150} INFO - [2023-08-15T18:31:15.858-0300] {dag.py:3504} INFO - Setting next_dagrun for example_branch_datetime_operator_2 to 2023-08-14T00:00:00+00:00, run_after=2023-08-15T00:00:00+00:00
[2023-08-15T18:31:15.863-0300] {logging_mixin.py:150} INFO - [2023-08-15T18:31:15.862-0300] {dag.py:3504} INFO - Setting next_dagrun for example_branch_datetime_operator_3 to 2023-08-14T00:00:00+00:00, run_after=2023-08-15T00:00:00+00:00
[2023-08-15T18:31:15.971-0300] {processor.py:179} INFO - Processing /home/alan/repos/pipeline_airflow/pipeline-airflow-venv/lib/python3.11/site-packages/airflow/example_dags/example_branch_datetime_operator.py took 0.272 seconds
[2023-08-15T18:32:12.449-0300] {processor.py:157} INFO - Started process (PID=22020) to work on /home/alan/repos/pipeline_airflow/pipeline-airflow-venv/lib/python3.11/site-packages/airflow/example_dags/example_branch_datetime_operator.py
[2023-08-15T18:32:12.462-0300] {processor.py:826} INFO - Processing file /home/alan/repos/pipeline_airflow/pipeline-airflow-venv/lib/python3.11/site-packages/airflow/example_dags/example_branch_datetime_operator.py for tasks to queue
[2023-08-15T18:32:12.463-0300] {logging_mixin.py:150} INFO - [2023-08-15T18:32:12.462-0300] {dagbag.py:541} INFO - Filling up the DagBag from /home/alan/repos/pipeline_airflow/pipeline-airflow-venv/lib/python3.11/site-packages/airflow/example_dags/example_branch_datetime_operator.py
[2023-08-15T18:32:12.509-0300] {processor.py:836} INFO - DAG(s) dict_keys(['example_branch_datetime_operator_2', 'example_branch_datetime_operator', 'example_branch_datetime_operator_3']) retrieved from /home/alan/repos/pipeline_airflow/pipeline-airflow-venv/lib/python3.11/site-packages/airflow/example_dags/example_branch_datetime_operator.py
[2023-08-15T18:32:12.580-0300] {logging_mixin.py:150} INFO - [2023-08-15T18:32:12.580-0300] {dag.py:2742} INFO - Sync 3 DAGs
[2023-08-15T18:32:12.650-0300] {logging_mixin.py:150} INFO - [2023-08-15T18:32:12.649-0300] {dag.py:3504} INFO - Setting next_dagrun for example_branch_datetime_operator to 2023-08-14T00:00:00+00:00, run_after=2023-08-15T00:00:00+00:00
[2023-08-15T18:32:12.659-0300] {logging_mixin.py:150} INFO - [2023-08-15T18:32:12.658-0300] {dag.py:3504} INFO - Setting next_dagrun for example_branch_datetime_operator_2 to 2023-08-14T00:00:00+00:00, run_after=2023-08-15T00:00:00+00:00
[2023-08-15T18:32:12.667-0300] {logging_mixin.py:150} INFO - [2023-08-15T18:32:12.667-0300] {dag.py:3504} INFO - Setting next_dagrun for example_branch_datetime_operator_3 to 2023-08-14T00:00:00+00:00, run_after=2023-08-15T00:00:00+00:00
[2023-08-15T18:32:12.821-0300] {processor.py:179} INFO - Processing /home/alan/repos/pipeline_airflow/pipeline-airflow-venv/lib/python3.11/site-packages/airflow/example_dags/example_branch_datetime_operator.py took 0.377 seconds
[2023-08-15T18:33:08.958-0300] {processor.py:157} INFO - Started process (PID=22232) to work on /home/alan/repos/pipeline_airflow/pipeline-airflow-venv/lib/python3.11/site-packages/airflow/example_dags/example_branch_datetime_operator.py
[2023-08-15T18:33:08.961-0300] {processor.py:826} INFO - Processing file /home/alan/repos/pipeline_airflow/pipeline-airflow-venv/lib/python3.11/site-packages/airflow/example_dags/example_branch_datetime_operator.py for tasks to queue
[2023-08-15T18:33:08.963-0300] {logging_mixin.py:150} INFO - [2023-08-15T18:33:08.963-0300] {dagbag.py:541} INFO - Filling up the DagBag from /home/alan/repos/pipeline_airflow/pipeline-airflow-venv/lib/python3.11/site-packages/airflow/example_dags/example_branch_datetime_operator.py
[2023-08-15T18:33:08.996-0300] {processor.py:836} INFO - DAG(s) dict_keys(['example_branch_datetime_operator_2', 'example_branch_datetime_operator_3', 'example_branch_datetime_operator']) retrieved from /home/alan/repos/pipeline_airflow/pipeline-airflow-venv/lib/python3.11/site-packages/airflow/example_dags/example_branch_datetime_operator.py
[2023-08-15T18:33:09.062-0300] {logging_mixin.py:150} INFO - [2023-08-15T18:33:09.062-0300] {dag.py:2742} INFO - Sync 3 DAGs
[2023-08-15T18:33:09.105-0300] {logging_mixin.py:150} INFO - [2023-08-15T18:33:09.105-0300] {dag.py:3504} INFO - Setting next_dagrun for example_branch_datetime_operator to 2023-08-14T00:00:00+00:00, run_after=2023-08-15T00:00:00+00:00
[2023-08-15T18:33:09.114-0300] {logging_mixin.py:150} INFO - [2023-08-15T18:33:09.114-0300] {dag.py:3504} INFO - Setting next_dagrun for example_branch_datetime_operator_2 to 2023-08-14T00:00:00+00:00, run_after=2023-08-15T00:00:00+00:00
[2023-08-15T18:33:09.119-0300] {logging_mixin.py:150} INFO - [2023-08-15T18:33:09.119-0300] {dag.py:3504} INFO - Setting next_dagrun for example_branch_datetime_operator_3 to 2023-08-14T00:00:00+00:00, run_after=2023-08-15T00:00:00+00:00
[2023-08-15T18:33:09.248-0300] {processor.py:179} INFO - Processing /home/alan/repos/pipeline_airflow/pipeline-airflow-venv/lib/python3.11/site-packages/airflow/example_dags/example_branch_datetime_operator.py took 0.299 seconds
[2023-08-15T18:34:07.194-0300] {processor.py:157} INFO - Started process (PID=22450) to work on /home/alan/repos/pipeline_airflow/pipeline-airflow-venv/lib/python3.11/site-packages/airflow/example_dags/example_branch_datetime_operator.py
[2023-08-15T18:34:07.196-0300] {processor.py:826} INFO - Processing file /home/alan/repos/pipeline_airflow/pipeline-airflow-venv/lib/python3.11/site-packages/airflow/example_dags/example_branch_datetime_operator.py for tasks to queue
[2023-08-15T18:34:07.198-0300] {logging_mixin.py:150} INFO - [2023-08-15T18:34:07.197-0300] {dagbag.py:541} INFO - Filling up the DagBag from /home/alan/repos/pipeline_airflow/pipeline-airflow-venv/lib/python3.11/site-packages/airflow/example_dags/example_branch_datetime_operator.py
[2023-08-15T18:34:07.218-0300] {processor.py:836} INFO - DAG(s) dict_keys(['example_branch_datetime_operator', 'example_branch_datetime_operator_3', 'example_branch_datetime_operator_2']) retrieved from /home/alan/repos/pipeline_airflow/pipeline-airflow-venv/lib/python3.11/site-packages/airflow/example_dags/example_branch_datetime_operator.py
[2023-08-15T18:34:07.261-0300] {logging_mixin.py:150} INFO - [2023-08-15T18:34:07.260-0300] {dag.py:2742} INFO - Sync 3 DAGs
[2023-08-15T18:34:07.299-0300] {logging_mixin.py:150} INFO - [2023-08-15T18:34:07.299-0300] {dag.py:3504} INFO - Setting next_dagrun for example_branch_datetime_operator to 2023-08-14T00:00:00+00:00, run_after=2023-08-15T00:00:00+00:00
[2023-08-15T18:34:07.307-0300] {logging_mixin.py:150} INFO - [2023-08-15T18:34:07.307-0300] {dag.py:3504} INFO - Setting next_dagrun for example_branch_datetime_operator_2 to 2023-08-14T00:00:00+00:00, run_after=2023-08-15T00:00:00+00:00
[2023-08-15T18:34:07.312-0300] {logging_mixin.py:150} INFO - [2023-08-15T18:34:07.311-0300] {dag.py:3504} INFO - Setting next_dagrun for example_branch_datetime_operator_3 to 2023-08-14T00:00:00+00:00, run_after=2023-08-15T00:00:00+00:00
[2023-08-15T18:34:07.409-0300] {processor.py:179} INFO - Processing /home/alan/repos/pipeline_airflow/pipeline-airflow-venv/lib/python3.11/site-packages/airflow/example_dags/example_branch_datetime_operator.py took 0.221 seconds
[2023-08-15T18:35:28.356-0300] {processor.py:157} INFO - Started process (PID=22737) to work on /home/alan/repos/pipeline_airflow/pipeline-airflow-venv/lib/python3.11/site-packages/airflow/example_dags/example_branch_datetime_operator.py
[2023-08-15T18:35:28.369-0300] {processor.py:826} INFO - Processing file /home/alan/repos/pipeline_airflow/pipeline-airflow-venv/lib/python3.11/site-packages/airflow/example_dags/example_branch_datetime_operator.py for tasks to queue
[2023-08-15T18:35:28.371-0300] {logging_mixin.py:150} INFO - [2023-08-15T18:35:28.370-0300] {dagbag.py:541} INFO - Filling up the DagBag from /home/alan/repos/pipeline_airflow/pipeline-airflow-venv/lib/python3.11/site-packages/airflow/example_dags/example_branch_datetime_operator.py
[2023-08-15T18:35:28.396-0300] {processor.py:836} INFO - DAG(s) dict_keys(['example_branch_datetime_operator_2', 'example_branch_datetime_operator_3', 'example_branch_datetime_operator']) retrieved from /home/alan/repos/pipeline_airflow/pipeline-airflow-venv/lib/python3.11/site-packages/airflow/example_dags/example_branch_datetime_operator.py
[2023-08-15T18:35:28.436-0300] {logging_mixin.py:150} INFO - [2023-08-15T18:35:28.435-0300] {dag.py:2742} INFO - Sync 3 DAGs
[2023-08-15T18:35:28.474-0300] {logging_mixin.py:150} INFO - [2023-08-15T18:35:28.474-0300] {dag.py:3504} INFO - Setting next_dagrun for example_branch_datetime_operator to 2023-08-14T00:00:00+00:00, run_after=2023-08-15T00:00:00+00:00
[2023-08-15T18:35:28.482-0300] {logging_mixin.py:150} INFO - [2023-08-15T18:35:28.482-0300] {dag.py:3504} INFO - Setting next_dagrun for example_branch_datetime_operator_2 to 2023-08-14T00:00:00+00:00, run_after=2023-08-15T00:00:00+00:00
[2023-08-15T18:35:28.487-0300] {logging_mixin.py:150} INFO - [2023-08-15T18:35:28.487-0300] {dag.py:3504} INFO - Setting next_dagrun for example_branch_datetime_operator_3 to 2023-08-14T00:00:00+00:00, run_after=2023-08-15T00:00:00+00:00
[2023-08-15T18:35:28.597-0300] {processor.py:179} INFO - Processing /home/alan/repos/pipeline_airflow/pipeline-airflow-venv/lib/python3.11/site-packages/airflow/example_dags/example_branch_datetime_operator.py took 0.247 seconds
[2023-08-15T18:36:25.866-0300] {processor.py:157} INFO - Started process (PID=22940) to work on /home/alan/repos/pipeline_airflow/pipeline-airflow-venv/lib/python3.11/site-packages/airflow/example_dags/example_branch_datetime_operator.py
[2023-08-15T18:36:25.879-0300] {processor.py:826} INFO - Processing file /home/alan/repos/pipeline_airflow/pipeline-airflow-venv/lib/python3.11/site-packages/airflow/example_dags/example_branch_datetime_operator.py for tasks to queue
[2023-08-15T18:36:25.881-0300] {logging_mixin.py:150} INFO - [2023-08-15T18:36:25.880-0300] {dagbag.py:541} INFO - Filling up the DagBag from /home/alan/repos/pipeline_airflow/pipeline-airflow-venv/lib/python3.11/site-packages/airflow/example_dags/example_branch_datetime_operator.py
[2023-08-15T18:36:25.902-0300] {processor.py:836} INFO - DAG(s) dict_keys(['example_branch_datetime_operator', 'example_branch_datetime_operator_3', 'example_branch_datetime_operator_2']) retrieved from /home/alan/repos/pipeline_airflow/pipeline-airflow-venv/lib/python3.11/site-packages/airflow/example_dags/example_branch_datetime_operator.py
[2023-08-15T18:36:25.942-0300] {logging_mixin.py:150} INFO - [2023-08-15T18:36:25.942-0300] {dag.py:2742} INFO - Sync 3 DAGs
[2023-08-15T18:36:25.981-0300] {logging_mixin.py:150} INFO - [2023-08-15T18:36:25.981-0300] {dag.py:3504} INFO - Setting next_dagrun for example_branch_datetime_operator to 2023-08-14T00:00:00+00:00, run_after=2023-08-15T00:00:00+00:00
[2023-08-15T18:36:25.990-0300] {logging_mixin.py:150} INFO - [2023-08-15T18:36:25.989-0300] {dag.py:3504} INFO - Setting next_dagrun for example_branch_datetime_operator_2 to 2023-08-14T00:00:00+00:00, run_after=2023-08-15T00:00:00+00:00
[2023-08-15T18:36:25.994-0300] {logging_mixin.py:150} INFO - [2023-08-15T18:36:25.994-0300] {dag.py:3504} INFO - Setting next_dagrun for example_branch_datetime_operator_3 to 2023-08-14T00:00:00+00:00, run_after=2023-08-15T00:00:00+00:00
[2023-08-15T18:36:26.090-0300] {processor.py:179} INFO - Processing /home/alan/repos/pipeline_airflow/pipeline-airflow-venv/lib/python3.11/site-packages/airflow/example_dags/example_branch_datetime_operator.py took 0.230 seconds
[2023-08-15T18:37:37.096-0300] {processor.py:157} INFO - Started process (PID=23240) to work on /home/alan/repos/pipeline_airflow/pipeline-airflow-venv/lib/python3.11/site-packages/airflow/example_dags/example_branch_datetime_operator.py
[2023-08-15T18:37:37.097-0300] {processor.py:826} INFO - Processing file /home/alan/repos/pipeline_airflow/pipeline-airflow-venv/lib/python3.11/site-packages/airflow/example_dags/example_branch_datetime_operator.py for tasks to queue
[2023-08-15T18:37:37.099-0300] {logging_mixin.py:150} INFO - [2023-08-15T18:37:37.098-0300] {dagbag.py:541} INFO - Filling up the DagBag from /home/alan/repos/pipeline_airflow/pipeline-airflow-venv/lib/python3.11/site-packages/airflow/example_dags/example_branch_datetime_operator.py
[2023-08-15T18:37:37.119-0300] {processor.py:836} INFO - DAG(s) dict_keys(['example_branch_datetime_operator_2', 'example_branch_datetime_operator_3', 'example_branch_datetime_operator']) retrieved from /home/alan/repos/pipeline_airflow/pipeline-airflow-venv/lib/python3.11/site-packages/airflow/example_dags/example_branch_datetime_operator.py
[2023-08-15T18:37:37.163-0300] {logging_mixin.py:150} INFO - [2023-08-15T18:37:37.163-0300] {dag.py:2742} INFO - Sync 3 DAGs
[2023-08-15T18:37:37.205-0300] {logging_mixin.py:150} INFO - [2023-08-15T18:37:37.205-0300] {dag.py:3504} INFO - Setting next_dagrun for example_branch_datetime_operator to 2023-08-14T00:00:00+00:00, run_after=2023-08-15T00:00:00+00:00
[2023-08-15T18:37:37.214-0300] {logging_mixin.py:150} INFO - [2023-08-15T18:37:37.214-0300] {dag.py:3504} INFO - Setting next_dagrun for example_branch_datetime_operator_2 to 2023-08-14T00:00:00+00:00, run_after=2023-08-15T00:00:00+00:00
[2023-08-15T18:37:37.219-0300] {logging_mixin.py:150} INFO - [2023-08-15T18:37:37.219-0300] {dag.py:3504} INFO - Setting next_dagrun for example_branch_datetime_operator_3 to 2023-08-14T00:00:00+00:00, run_after=2023-08-15T00:00:00+00:00
[2023-08-15T18:37:37.315-0300] {processor.py:179} INFO - Processing /home/alan/repos/pipeline_airflow/pipeline-airflow-venv/lib/python3.11/site-packages/airflow/example_dags/example_branch_datetime_operator.py took 0.224 seconds
[2023-08-15T18:44:57.209-0300] {processor.py:157} INFO - Started process (PID=23925) to work on /home/alan/repos/pipeline_airflow/pipeline-airflow-venv/lib/python3.11/site-packages/airflow/example_dags/example_branch_datetime_operator.py
[2023-08-15T18:44:57.226-0300] {processor.py:826} INFO - Processing file /home/alan/repos/pipeline_airflow/pipeline-airflow-venv/lib/python3.11/site-packages/airflow/example_dags/example_branch_datetime_operator.py for tasks to queue
[2023-08-15T18:44:57.227-0300] {logging_mixin.py:150} INFO - [2023-08-15T18:44:57.227-0300] {dagbag.py:541} INFO - Filling up the DagBag from /home/alan/repos/pipeline_airflow/pipeline-airflow-venv/lib/python3.11/site-packages/airflow/example_dags/example_branch_datetime_operator.py
[2023-08-15T18:44:57.252-0300] {processor.py:836} INFO - DAG(s) dict_keys(['example_branch_datetime_operator', 'example_branch_datetime_operator_3', 'example_branch_datetime_operator_2']) retrieved from /home/alan/repos/pipeline_airflow/pipeline-airflow-venv/lib/python3.11/site-packages/airflow/example_dags/example_branch_datetime_operator.py
[2023-08-15T18:44:57.304-0300] {logging_mixin.py:150} INFO - [2023-08-15T18:44:57.303-0300] {dag.py:2742} INFO - Sync 3 DAGs
[2023-08-15T18:44:57.351-0300] {logging_mixin.py:150} INFO - [2023-08-15T18:44:57.350-0300] {dag.py:3504} INFO - Setting next_dagrun for example_branch_datetime_operator to 2023-08-14T00:00:00+00:00, run_after=2023-08-15T00:00:00+00:00
[2023-08-15T18:44:57.361-0300] {logging_mixin.py:150} INFO - [2023-08-15T18:44:57.361-0300] {dag.py:3504} INFO - Setting next_dagrun for example_branch_datetime_operator_2 to 2023-08-14T00:00:00+00:00, run_after=2023-08-15T00:00:00+00:00
[2023-08-15T18:44:57.366-0300] {logging_mixin.py:150} INFO - [2023-08-15T18:44:57.366-0300] {dag.py:3504} INFO - Setting next_dagrun for example_branch_datetime_operator_3 to 2023-08-14T00:00:00+00:00, run_after=2023-08-15T00:00:00+00:00
[2023-08-15T18:44:57.488-0300] {processor.py:179} INFO - Processing /home/alan/repos/pipeline_airflow/pipeline-airflow-venv/lib/python3.11/site-packages/airflow/example_dags/example_branch_datetime_operator.py took 0.284 seconds
[2023-08-15T18:46:18.415-0300] {processor.py:157} INFO - Started process (PID=24268) to work on /home/alan/repos/pipeline_airflow/pipeline-airflow-venv/lib/python3.11/site-packages/airflow/example_dags/example_branch_datetime_operator.py
[2023-08-15T18:46:18.435-0300] {processor.py:826} INFO - Processing file /home/alan/repos/pipeline_airflow/pipeline-airflow-venv/lib/python3.11/site-packages/airflow/example_dags/example_branch_datetime_operator.py for tasks to queue
[2023-08-15T18:46:18.436-0300] {logging_mixin.py:150} INFO - [2023-08-15T18:46:18.436-0300] {dagbag.py:541} INFO - Filling up the DagBag from /home/alan/repos/pipeline_airflow/pipeline-airflow-venv/lib/python3.11/site-packages/airflow/example_dags/example_branch_datetime_operator.py
[2023-08-15T18:46:18.461-0300] {processor.py:836} INFO - DAG(s) dict_keys(['example_branch_datetime_operator_2', 'example_branch_datetime_operator_3', 'example_branch_datetime_operator']) retrieved from /home/alan/repos/pipeline_airflow/pipeline-airflow-venv/lib/python3.11/site-packages/airflow/example_dags/example_branch_datetime_operator.py
[2023-08-15T18:46:18.513-0300] {logging_mixin.py:150} INFO - [2023-08-15T18:46:18.513-0300] {dag.py:2742} INFO - Sync 3 DAGs
[2023-08-15T18:46:18.565-0300] {logging_mixin.py:150} INFO - [2023-08-15T18:46:18.565-0300] {dag.py:3504} INFO - Setting next_dagrun for example_branch_datetime_operator to 2023-08-14T00:00:00+00:00, run_after=2023-08-15T00:00:00+00:00
[2023-08-15T18:46:18.577-0300] {logging_mixin.py:150} INFO - [2023-08-15T18:46:18.577-0300] {dag.py:3504} INFO - Setting next_dagrun for example_branch_datetime_operator_2 to 2023-08-14T00:00:00+00:00, run_after=2023-08-15T00:00:00+00:00
[2023-08-15T18:46:18.582-0300] {logging_mixin.py:150} INFO - [2023-08-15T18:46:18.582-0300] {dag.py:3504} INFO - Setting next_dagrun for example_branch_datetime_operator_3 to 2023-08-14T00:00:00+00:00, run_after=2023-08-15T00:00:00+00:00
[2023-08-15T18:46:18.716-0300] {processor.py:179} INFO - Processing /home/alan/repos/pipeline_airflow/pipeline-airflow-venv/lib/python3.11/site-packages/airflow/example_dags/example_branch_datetime_operator.py took 0.307 seconds
[2023-08-15T18:47:21.289-0300] {processor.py:157} INFO - Started process (PID=24493) to work on /home/alan/repos/pipeline_airflow/pipeline-airflow-venv/lib/python3.11/site-packages/airflow/example_dags/example_branch_datetime_operator.py
[2023-08-15T18:47:21.299-0300] {processor.py:826} INFO - Processing file /home/alan/repos/pipeline_airflow/pipeline-airflow-venv/lib/python3.11/site-packages/airflow/example_dags/example_branch_datetime_operator.py for tasks to queue
[2023-08-15T18:47:21.301-0300] {logging_mixin.py:150} INFO - [2023-08-15T18:47:21.300-0300] {dagbag.py:541} INFO - Filling up the DagBag from /home/alan/repos/pipeline_airflow/pipeline-airflow-venv/lib/python3.11/site-packages/airflow/example_dags/example_branch_datetime_operator.py
[2023-08-15T18:47:21.325-0300] {processor.py:836} INFO - DAG(s) dict_keys(['example_branch_datetime_operator', 'example_branch_datetime_operator_3', 'example_branch_datetime_operator_2']) retrieved from /home/alan/repos/pipeline_airflow/pipeline-airflow-venv/lib/python3.11/site-packages/airflow/example_dags/example_branch_datetime_operator.py
[2023-08-15T18:47:21.369-0300] {logging_mixin.py:150} INFO - [2023-08-15T18:47:21.369-0300] {dag.py:2742} INFO - Sync 3 DAGs
[2023-08-15T18:47:21.420-0300] {logging_mixin.py:150} INFO - [2023-08-15T18:47:21.419-0300] {dag.py:3504} INFO - Setting next_dagrun for example_branch_datetime_operator to 2023-08-14T00:00:00+00:00, run_after=2023-08-15T00:00:00+00:00
[2023-08-15T18:47:21.432-0300] {logging_mixin.py:150} INFO - [2023-08-15T18:47:21.432-0300] {dag.py:3504} INFO - Setting next_dagrun for example_branch_datetime_operator_2 to 2023-08-14T00:00:00+00:00, run_after=2023-08-15T00:00:00+00:00
[2023-08-15T18:47:21.437-0300] {logging_mixin.py:150} INFO - [2023-08-15T18:47:21.436-0300] {dag.py:3504} INFO - Setting next_dagrun for example_branch_datetime_operator_3 to 2023-08-14T00:00:00+00:00, run_after=2023-08-15T00:00:00+00:00
[2023-08-15T18:47:21.744-0300] {processor.py:179} INFO - Processing /home/alan/repos/pipeline_airflow/pipeline-airflow-venv/lib/python3.11/site-packages/airflow/example_dags/example_branch_datetime_operator.py took 0.461 seconds
[2023-08-15T18:48:27.000-0300] {processor.py:157} INFO - Started process (PID=24712) to work on /home/alan/repos/pipeline_airflow/pipeline-airflow-venv/lib/python3.11/site-packages/airflow/example_dags/example_branch_datetime_operator.py
[2023-08-15T18:48:27.010-0300] {processor.py:826} INFO - Processing file /home/alan/repos/pipeline_airflow/pipeline-airflow-venv/lib/python3.11/site-packages/airflow/example_dags/example_branch_datetime_operator.py for tasks to queue
[2023-08-15T18:48:27.012-0300] {logging_mixin.py:150} INFO - [2023-08-15T18:48:27.011-0300] {dagbag.py:541} INFO - Filling up the DagBag from /home/alan/repos/pipeline_airflow/pipeline-airflow-venv/lib/python3.11/site-packages/airflow/example_dags/example_branch_datetime_operator.py
[2023-08-15T18:48:27.032-0300] {processor.py:836} INFO - DAG(s) dict_keys(['example_branch_datetime_operator_2', 'example_branch_datetime_operator', 'example_branch_datetime_operator_3']) retrieved from /home/alan/repos/pipeline_airflow/pipeline-airflow-venv/lib/python3.11/site-packages/airflow/example_dags/example_branch_datetime_operator.py
[2023-08-15T18:48:27.075-0300] {logging_mixin.py:150} INFO - [2023-08-15T18:48:27.075-0300] {dag.py:2742} INFO - Sync 3 DAGs
[2023-08-15T18:48:27.272-0300] {logging_mixin.py:150} INFO - [2023-08-15T18:48:27.272-0300] {dag.py:3504} INFO - Setting next_dagrun for example_branch_datetime_operator to 2023-08-14T00:00:00+00:00, run_after=2023-08-15T00:00:00+00:00
[2023-08-15T18:48:27.280-0300] {logging_mixin.py:150} INFO - [2023-08-15T18:48:27.279-0300] {dag.py:3504} INFO - Setting next_dagrun for example_branch_datetime_operator_2 to 2023-08-14T00:00:00+00:00, run_after=2023-08-15T00:00:00+00:00
[2023-08-15T18:48:27.284-0300] {logging_mixin.py:150} INFO - [2023-08-15T18:48:27.284-0300] {dag.py:3504} INFO - Setting next_dagrun for example_branch_datetime_operator_3 to 2023-08-14T00:00:00+00:00, run_after=2023-08-15T00:00:00+00:00
[2023-08-15T18:48:27.403-0300] {processor.py:179} INFO - Processing /home/alan/repos/pipeline_airflow/pipeline-airflow-venv/lib/python3.11/site-packages/airflow/example_dags/example_branch_datetime_operator.py took 0.409 seconds
[2023-08-15T18:49:34.206-0300] {processor.py:157} INFO - Started process (PID=24934) to work on /home/alan/repos/pipeline_airflow/pipeline-airflow-venv/lib/python3.11/site-packages/airflow/example_dags/example_branch_datetime_operator.py
[2023-08-15T18:49:34.208-0300] {processor.py:826} INFO - Processing file /home/alan/repos/pipeline_airflow/pipeline-airflow-venv/lib/python3.11/site-packages/airflow/example_dags/example_branch_datetime_operator.py for tasks to queue
[2023-08-15T18:49:34.209-0300] {logging_mixin.py:150} INFO - [2023-08-15T18:49:34.208-0300] {dagbag.py:541} INFO - Filling up the DagBag from /home/alan/repos/pipeline_airflow/pipeline-airflow-venv/lib/python3.11/site-packages/airflow/example_dags/example_branch_datetime_operator.py
[2023-08-15T18:49:34.229-0300] {processor.py:836} INFO - DAG(s) dict_keys(['example_branch_datetime_operator_3', 'example_branch_datetime_operator_2', 'example_branch_datetime_operator']) retrieved from /home/alan/repos/pipeline_airflow/pipeline-airflow-venv/lib/python3.11/site-packages/airflow/example_dags/example_branch_datetime_operator.py
[2023-08-15T18:49:34.270-0300] {logging_mixin.py:150} INFO - [2023-08-15T18:49:34.269-0300] {dag.py:2742} INFO - Sync 3 DAGs
[2023-08-15T18:49:34.309-0300] {logging_mixin.py:150} INFO - [2023-08-15T18:49:34.309-0300] {dag.py:3504} INFO - Setting next_dagrun for example_branch_datetime_operator to 2023-08-14T00:00:00+00:00, run_after=2023-08-15T00:00:00+00:00
[2023-08-15T18:49:34.318-0300] {logging_mixin.py:150} INFO - [2023-08-15T18:49:34.318-0300] {dag.py:3504} INFO - Setting next_dagrun for example_branch_datetime_operator_2 to 2023-08-14T00:00:00+00:00, run_after=2023-08-15T00:00:00+00:00
[2023-08-15T18:49:34.323-0300] {logging_mixin.py:150} INFO - [2023-08-15T18:49:34.323-0300] {dag.py:3504} INFO - Setting next_dagrun for example_branch_datetime_operator_3 to 2023-08-14T00:00:00+00:00, run_after=2023-08-15T00:00:00+00:00
[2023-08-15T18:49:34.557-0300] {processor.py:179} INFO - Processing /home/alan/repos/pipeline_airflow/pipeline-airflow-venv/lib/python3.11/site-packages/airflow/example_dags/example_branch_datetime_operator.py took 0.356 seconds
[2023-08-15T18:50:33.869-0300] {processor.py:157} INFO - Started process (PID=25150) to work on /home/alan/repos/pipeline_airflow/pipeline-airflow-venv/lib/python3.11/site-packages/airflow/example_dags/example_branch_datetime_operator.py
[2023-08-15T18:50:33.871-0300] {processor.py:826} INFO - Processing file /home/alan/repos/pipeline_airflow/pipeline-airflow-venv/lib/python3.11/site-packages/airflow/example_dags/example_branch_datetime_operator.py for tasks to queue
[2023-08-15T18:50:33.872-0300] {logging_mixin.py:150} INFO - [2023-08-15T18:50:33.872-0300] {dagbag.py:541} INFO - Filling up the DagBag from /home/alan/repos/pipeline_airflow/pipeline-airflow-venv/lib/python3.11/site-packages/airflow/example_dags/example_branch_datetime_operator.py
[2023-08-15T18:50:33.894-0300] {processor.py:836} INFO - DAG(s) dict_keys(['example_branch_datetime_operator', 'example_branch_datetime_operator_2', 'example_branch_datetime_operator_3']) retrieved from /home/alan/repos/pipeline_airflow/pipeline-airflow-venv/lib/python3.11/site-packages/airflow/example_dags/example_branch_datetime_operator.py
[2023-08-15T18:50:33.939-0300] {logging_mixin.py:150} INFO - [2023-08-15T18:50:33.939-0300] {dag.py:2742} INFO - Sync 3 DAGs
[2023-08-15T18:50:33.980-0300] {logging_mixin.py:150} INFO - [2023-08-15T18:50:33.979-0300] {dag.py:3504} INFO - Setting next_dagrun for example_branch_datetime_operator to 2023-08-14T00:00:00+00:00, run_after=2023-08-15T00:00:00+00:00
[2023-08-15T18:50:33.994-0300] {logging_mixin.py:150} INFO - [2023-08-15T18:50:33.992-0300] {dag.py:3504} INFO - Setting next_dagrun for example_branch_datetime_operator_2 to 2023-08-14T00:00:00+00:00, run_after=2023-08-15T00:00:00+00:00
[2023-08-15T18:50:34.002-0300] {logging_mixin.py:150} INFO - [2023-08-15T18:50:34.001-0300] {dag.py:3504} INFO - Setting next_dagrun for example_branch_datetime_operator_3 to 2023-08-14T00:00:00+00:00, run_after=2023-08-15T00:00:00+00:00
[2023-08-15T18:50:34.216-0300] {processor.py:179} INFO - Processing /home/alan/repos/pipeline_airflow/pipeline-airflow-venv/lib/python3.11/site-packages/airflow/example_dags/example_branch_datetime_operator.py took 0.354 seconds
[2023-08-15T18:51:45.421-0300] {processor.py:157} INFO - Started process (PID=25494) to work on /home/alan/repos/pipeline_airflow/pipeline-airflow-venv/lib/python3.11/site-packages/airflow/example_dags/example_branch_datetime_operator.py
[2023-08-15T18:51:45.434-0300] {processor.py:826} INFO - Processing file /home/alan/repos/pipeline_airflow/pipeline-airflow-venv/lib/python3.11/site-packages/airflow/example_dags/example_branch_datetime_operator.py for tasks to queue
[2023-08-15T18:51:45.435-0300] {logging_mixin.py:150} INFO - [2023-08-15T18:51:45.435-0300] {dagbag.py:541} INFO - Filling up the DagBag from /home/alan/repos/pipeline_airflow/pipeline-airflow-venv/lib/python3.11/site-packages/airflow/example_dags/example_branch_datetime_operator.py
[2023-08-15T18:51:45.455-0300] {processor.py:836} INFO - DAG(s) dict_keys(['example_branch_datetime_operator_3', 'example_branch_datetime_operator_2', 'example_branch_datetime_operator']) retrieved from /home/alan/repos/pipeline_airflow/pipeline-airflow-venv/lib/python3.11/site-packages/airflow/example_dags/example_branch_datetime_operator.py
[2023-08-15T18:51:45.839-0300] {logging_mixin.py:150} INFO - [2023-08-15T18:51:45.839-0300] {dag.py:2742} INFO - Sync 3 DAGs
[2023-08-15T18:51:46.054-0300] {logging_mixin.py:150} INFO - [2023-08-15T18:51:46.052-0300] {dag.py:3504} INFO - Setting next_dagrun for example_branch_datetime_operator to 2023-08-14T00:00:00+00:00, run_after=2023-08-15T00:00:00+00:00
[2023-08-15T18:51:46.819-0300] {logging_mixin.py:150} INFO - [2023-08-15T18:51:46.819-0300] {dag.py:3504} INFO - Setting next_dagrun for example_branch_datetime_operator_2 to 2023-08-14T00:00:00+00:00, run_after=2023-08-15T00:00:00+00:00
[2023-08-15T18:51:47.566-0300] {logging_mixin.py:150} INFO - [2023-08-15T18:51:47.565-0300] {dag.py:3504} INFO - Setting next_dagrun for example_branch_datetime_operator_3 to 2023-08-14T00:00:00+00:00, run_after=2023-08-15T00:00:00+00:00
[2023-08-15T18:51:48.183-0300] {processor.py:179} INFO - Processing /home/alan/repos/pipeline_airflow/pipeline-airflow-venv/lib/python3.11/site-packages/airflow/example_dags/example_branch_datetime_operator.py took 2.767 seconds
[2023-08-15T18:52:56.462-0300] {processor.py:157} INFO - Started process (PID=25833) to work on /home/alan/repos/pipeline_airflow/pipeline-airflow-venv/lib/python3.11/site-packages/airflow/example_dags/example_branch_datetime_operator.py
[2023-08-15T18:52:56.480-0300] {processor.py:826} INFO - Processing file /home/alan/repos/pipeline_airflow/pipeline-airflow-venv/lib/python3.11/site-packages/airflow/example_dags/example_branch_datetime_operator.py for tasks to queue
[2023-08-15T18:52:56.482-0300] {logging_mixin.py:150} INFO - [2023-08-15T18:52:56.481-0300] {dagbag.py:541} INFO - Filling up the DagBag from /home/alan/repos/pipeline_airflow/pipeline-airflow-venv/lib/python3.11/site-packages/airflow/example_dags/example_branch_datetime_operator.py
[2023-08-15T18:52:56.501-0300] {processor.py:836} INFO - DAG(s) dict_keys(['example_branch_datetime_operator', 'example_branch_datetime_operator_2', 'example_branch_datetime_operator_3']) retrieved from /home/alan/repos/pipeline_airflow/pipeline-airflow-venv/lib/python3.11/site-packages/airflow/example_dags/example_branch_datetime_operator.py
[2023-08-15T18:52:56.544-0300] {logging_mixin.py:150} INFO - [2023-08-15T18:52:56.544-0300] {dag.py:2742} INFO - Sync 3 DAGs
[2023-08-15T18:52:56.584-0300] {logging_mixin.py:150} INFO - [2023-08-15T18:52:56.584-0300] {dag.py:3504} INFO - Setting next_dagrun for example_branch_datetime_operator to 2023-08-14T00:00:00+00:00, run_after=2023-08-15T00:00:00+00:00
[2023-08-15T18:52:56.593-0300] {logging_mixin.py:150} INFO - [2023-08-15T18:52:56.593-0300] {dag.py:3504} INFO - Setting next_dagrun for example_branch_datetime_operator_2 to 2023-08-14T00:00:00+00:00, run_after=2023-08-15T00:00:00+00:00
[2023-08-15T18:52:56.598-0300] {logging_mixin.py:150} INFO - [2023-08-15T18:52:56.597-0300] {dag.py:3504} INFO - Setting next_dagrun for example_branch_datetime_operator_3 to 2023-08-14T00:00:00+00:00, run_after=2023-08-15T00:00:00+00:00
[2023-08-15T18:52:56.759-0300] {processor.py:179} INFO - Processing /home/alan/repos/pipeline_airflow/pipeline-airflow-venv/lib/python3.11/site-packages/airflow/example_dags/example_branch_datetime_operator.py took 0.302 seconds
[2023-08-15T18:53:52.483-0300] {processor.py:157} INFO - Started process (PID=26045) to work on /home/alan/repos/pipeline_airflow/pipeline-airflow-venv/lib/python3.11/site-packages/airflow/example_dags/example_branch_datetime_operator.py
[2023-08-15T18:53:52.501-0300] {processor.py:826} INFO - Processing file /home/alan/repos/pipeline_airflow/pipeline-airflow-venv/lib/python3.11/site-packages/airflow/example_dags/example_branch_datetime_operator.py for tasks to queue
[2023-08-15T18:53:52.503-0300] {logging_mixin.py:150} INFO - [2023-08-15T18:53:52.502-0300] {dagbag.py:541} INFO - Filling up the DagBag from /home/alan/repos/pipeline_airflow/pipeline-airflow-venv/lib/python3.11/site-packages/airflow/example_dags/example_branch_datetime_operator.py
[2023-08-15T18:53:52.523-0300] {processor.py:836} INFO - DAG(s) dict_keys(['example_branch_datetime_operator_3', 'example_branch_datetime_operator', 'example_branch_datetime_operator_2']) retrieved from /home/alan/repos/pipeline_airflow/pipeline-airflow-venv/lib/python3.11/site-packages/airflow/example_dags/example_branch_datetime_operator.py
[2023-08-15T18:53:52.562-0300] {logging_mixin.py:150} INFO - [2023-08-15T18:53:52.562-0300] {dag.py:2742} INFO - Sync 3 DAGs
[2023-08-15T18:53:52.600-0300] {logging_mixin.py:150} INFO - [2023-08-15T18:53:52.599-0300] {dag.py:3504} INFO - Setting next_dagrun for example_branch_datetime_operator to 2023-08-14T00:00:00+00:00, run_after=2023-08-15T00:00:00+00:00
[2023-08-15T18:53:52.608-0300] {logging_mixin.py:150} INFO - [2023-08-15T18:53:52.608-0300] {dag.py:3504} INFO - Setting next_dagrun for example_branch_datetime_operator_2 to 2023-08-14T00:00:00+00:00, run_after=2023-08-15T00:00:00+00:00
[2023-08-15T18:53:52.612-0300] {logging_mixin.py:150} INFO - [2023-08-15T18:53:52.612-0300] {dag.py:3504} INFO - Setting next_dagrun for example_branch_datetime_operator_3 to 2023-08-14T00:00:00+00:00, run_after=2023-08-15T00:00:00+00:00
[2023-08-15T18:53:52.722-0300] {processor.py:179} INFO - Processing /home/alan/repos/pipeline_airflow/pipeline-airflow-venv/lib/python3.11/site-packages/airflow/example_dags/example_branch_datetime_operator.py took 0.243 seconds
[2023-08-15T18:54:59.579-0300] {processor.py:157} INFO - Started process (PID=26357) to work on /home/alan/repos/pipeline_airflow/pipeline-airflow-venv/lib/python3.11/site-packages/airflow/example_dags/example_branch_datetime_operator.py
[2023-08-15T18:54:59.729-0300] {processor.py:826} INFO - Processing file /home/alan/repos/pipeline_airflow/pipeline-airflow-venv/lib/python3.11/site-packages/airflow/example_dags/example_branch_datetime_operator.py for tasks to queue
[2023-08-15T18:54:59.731-0300] {logging_mixin.py:150} INFO - [2023-08-15T18:54:59.731-0300] {dagbag.py:541} INFO - Filling up the DagBag from /home/alan/repos/pipeline_airflow/pipeline-airflow-venv/lib/python3.11/site-packages/airflow/example_dags/example_branch_datetime_operator.py
[2023-08-15T18:54:59.763-0300] {processor.py:836} INFO - DAG(s) dict_keys(['example_branch_datetime_operator_2', 'example_branch_datetime_operator_3', 'example_branch_datetime_operator']) retrieved from /home/alan/repos/pipeline_airflow/pipeline-airflow-venv/lib/python3.11/site-packages/airflow/example_dags/example_branch_datetime_operator.py
[2023-08-15T18:54:59.815-0300] {logging_mixin.py:150} INFO - [2023-08-15T18:54:59.815-0300] {dag.py:2742} INFO - Sync 3 DAGs
[2023-08-15T18:54:59.854-0300] {logging_mixin.py:150} INFO - [2023-08-15T18:54:59.854-0300] {dag.py:3504} INFO - Setting next_dagrun for example_branch_datetime_operator to 2023-08-14T00:00:00+00:00, run_after=2023-08-15T00:00:00+00:00
[2023-08-15T18:54:59.862-0300] {logging_mixin.py:150} INFO - [2023-08-15T18:54:59.862-0300] {dag.py:3504} INFO - Setting next_dagrun for example_branch_datetime_operator_2 to 2023-08-14T00:00:00+00:00, run_after=2023-08-15T00:00:00+00:00
[2023-08-15T18:54:59.867-0300] {logging_mixin.py:150} INFO - [2023-08-15T18:54:59.867-0300] {dag.py:3504} INFO - Setting next_dagrun for example_branch_datetime_operator_3 to 2023-08-14T00:00:00+00:00, run_after=2023-08-15T00:00:00+00:00
[2023-08-15T18:55:00.591-0300] {processor.py:179} INFO - Processing /home/alan/repos/pipeline_airflow/pipeline-airflow-venv/lib/python3.11/site-packages/airflow/example_dags/example_branch_datetime_operator.py took 1.017 seconds
[2023-08-15T19:00:26.595-0300] {processor.py:157} INFO - Started process (PID=27349) to work on /home/alan/repos/pipeline_airflow/pipeline-airflow-venv/lib/python3.11/site-packages/airflow/example_dags/example_branch_datetime_operator.py
[2023-08-15T19:00:26.799-0300] {processor.py:826} INFO - Processing file /home/alan/repos/pipeline_airflow/pipeline-airflow-venv/lib/python3.11/site-packages/airflow/example_dags/example_branch_datetime_operator.py for tasks to queue
[2023-08-15T19:00:26.802-0300] {logging_mixin.py:150} INFO - [2023-08-15T19:00:26.801-0300] {dagbag.py:541} INFO - Filling up the DagBag from /home/alan/repos/pipeline_airflow/pipeline-airflow-venv/lib/python3.11/site-packages/airflow/example_dags/example_branch_datetime_operator.py
[2023-08-15T19:00:26.904-0300] {processor.py:836} INFO - DAG(s) dict_keys(['example_branch_datetime_operator_2', 'example_branch_datetime_operator_3', 'example_branch_datetime_operator']) retrieved from /home/alan/repos/pipeline_airflow/pipeline-airflow-venv/lib/python3.11/site-packages/airflow/example_dags/example_branch_datetime_operator.py
[2023-08-15T19:00:27.576-0300] {logging_mixin.py:150} INFO - [2023-08-15T19:00:27.575-0300] {dag.py:2742} INFO - Sync 3 DAGs
[2023-08-15T19:00:27.646-0300] {logging_mixin.py:150} INFO - [2023-08-15T19:00:27.645-0300] {dag.py:3504} INFO - Setting next_dagrun for example_branch_datetime_operator to 2023-08-14T00:00:00+00:00, run_after=2023-08-15T00:00:00+00:00
[2023-08-15T19:00:27.655-0300] {logging_mixin.py:150} INFO - [2023-08-15T19:00:27.655-0300] {dag.py:3504} INFO - Setting next_dagrun for example_branch_datetime_operator_2 to 2023-08-14T00:00:00+00:00, run_after=2023-08-15T00:00:00+00:00
[2023-08-15T19:00:27.661-0300] {logging_mixin.py:150} INFO - [2023-08-15T19:00:27.660-0300] {dag.py:3504} INFO - Setting next_dagrun for example_branch_datetime_operator_3 to 2023-08-14T00:00:00+00:00, run_after=2023-08-15T00:00:00+00:00
[2023-08-15T19:00:29.493-0300] {processor.py:179} INFO - Processing /home/alan/repos/pipeline_airflow/pipeline-airflow-venv/lib/python3.11/site-packages/airflow/example_dags/example_branch_datetime_operator.py took 2.905 seconds
[2023-08-15T19:03:41.760-0300] {processor.py:157} INFO - Started process (PID=28100) to work on /home/alan/repos/pipeline_airflow/pipeline-airflow-venv/lib/python3.11/site-packages/airflow/example_dags/example_branch_datetime_operator.py
[2023-08-15T19:03:41.806-0300] {processor.py:826} INFO - Processing file /home/alan/repos/pipeline_airflow/pipeline-airflow-venv/lib/python3.11/site-packages/airflow/example_dags/example_branch_datetime_operator.py for tasks to queue
[2023-08-15T19:03:41.808-0300] {logging_mixin.py:150} INFO - [2023-08-15T19:03:41.807-0300] {dagbag.py:541} INFO - Filling up the DagBag from /home/alan/repos/pipeline_airflow/pipeline-airflow-venv/lib/python3.11/site-packages/airflow/example_dags/example_branch_datetime_operator.py
[2023-08-15T19:03:41.875-0300] {processor.py:836} INFO - DAG(s) dict_keys(['example_branch_datetime_operator', 'example_branch_datetime_operator_3', 'example_branch_datetime_operator_2']) retrieved from /home/alan/repos/pipeline_airflow/pipeline-airflow-venv/lib/python3.11/site-packages/airflow/example_dags/example_branch_datetime_operator.py
[2023-08-15T19:03:41.966-0300] {logging_mixin.py:150} INFO - [2023-08-15T19:03:41.965-0300] {dag.py:2742} INFO - Sync 3 DAGs
[2023-08-15T19:03:42.010-0300] {logging_mixin.py:150} INFO - [2023-08-15T19:03:42.010-0300] {dag.py:3504} INFO - Setting next_dagrun for example_branch_datetime_operator to 2023-08-14T00:00:00+00:00, run_after=2023-08-15T00:00:00+00:00
[2023-08-15T19:03:42.021-0300] {logging_mixin.py:150} INFO - [2023-08-15T19:03:42.021-0300] {dag.py:3504} INFO - Setting next_dagrun for example_branch_datetime_operator_2 to 2023-08-14T00:00:00+00:00, run_after=2023-08-15T00:00:00+00:00
[2023-08-15T19:03:42.026-0300] {logging_mixin.py:150} INFO - [2023-08-15T19:03:42.026-0300] {dag.py:3504} INFO - Setting next_dagrun for example_branch_datetime_operator_3 to 2023-08-14T00:00:00+00:00, run_after=2023-08-15T00:00:00+00:00
[2023-08-15T19:03:42.372-0300] {processor.py:179} INFO - Processing /home/alan/repos/pipeline_airflow/pipeline-airflow-venv/lib/python3.11/site-packages/airflow/example_dags/example_branch_datetime_operator.py took 0.626 seconds
[2023-08-15T19:05:16.700-0300] {processor.py:157} INFO - Started process (PID=28551) to work on /home/alan/repos/pipeline_airflow/pipeline-airflow-venv/lib/python3.11/site-packages/airflow/example_dags/example_branch_datetime_operator.py
[2023-08-15T19:05:16.712-0300] {processor.py:826} INFO - Processing file /home/alan/repos/pipeline_airflow/pipeline-airflow-venv/lib/python3.11/site-packages/airflow/example_dags/example_branch_datetime_operator.py for tasks to queue
[2023-08-15T19:05:16.714-0300] {logging_mixin.py:150} INFO - [2023-08-15T19:05:16.713-0300] {dagbag.py:541} INFO - Filling up the DagBag from /home/alan/repos/pipeline_airflow/pipeline-airflow-venv/lib/python3.11/site-packages/airflow/example_dags/example_branch_datetime_operator.py
[2023-08-15T19:05:16.735-0300] {processor.py:836} INFO - DAG(s) dict_keys(['example_branch_datetime_operator_3', 'example_branch_datetime_operator_2', 'example_branch_datetime_operator']) retrieved from /home/alan/repos/pipeline_airflow/pipeline-airflow-venv/lib/python3.11/site-packages/airflow/example_dags/example_branch_datetime_operator.py
[2023-08-15T19:05:16.779-0300] {logging_mixin.py:150} INFO - [2023-08-15T19:05:16.779-0300] {dag.py:2742} INFO - Sync 3 DAGs
[2023-08-15T19:05:16.824-0300] {logging_mixin.py:150} INFO - [2023-08-15T19:05:16.824-0300] {dag.py:3504} INFO - Setting next_dagrun for example_branch_datetime_operator to 2023-08-14T00:00:00+00:00, run_after=2023-08-15T00:00:00+00:00
[2023-08-15T19:05:16.832-0300] {logging_mixin.py:150} INFO - [2023-08-15T19:05:16.832-0300] {dag.py:3504} INFO - Setting next_dagrun for example_branch_datetime_operator_2 to 2023-08-14T00:00:00+00:00, run_after=2023-08-15T00:00:00+00:00
[2023-08-15T19:05:16.837-0300] {logging_mixin.py:150} INFO - [2023-08-15T19:05:16.837-0300] {dag.py:3504} INFO - Setting next_dagrun for example_branch_datetime_operator_3 to 2023-08-14T00:00:00+00:00, run_after=2023-08-15T00:00:00+00:00
[2023-08-15T19:05:16.956-0300] {processor.py:179} INFO - Processing /home/alan/repos/pipeline_airflow/pipeline-airflow-venv/lib/python3.11/site-packages/airflow/example_dags/example_branch_datetime_operator.py took 0.263 seconds
[2023-08-15T19:06:27.972-0300] {processor.py:157} INFO - Started process (PID=28780) to work on /home/alan/repos/pipeline_airflow/pipeline-airflow-venv/lib/python3.11/site-packages/airflow/example_dags/example_branch_datetime_operator.py
[2023-08-15T19:06:27.981-0300] {processor.py:826} INFO - Processing file /home/alan/repos/pipeline_airflow/pipeline-airflow-venv/lib/python3.11/site-packages/airflow/example_dags/example_branch_datetime_operator.py for tasks to queue
[2023-08-15T19:06:27.982-0300] {logging_mixin.py:150} INFO - [2023-08-15T19:06:27.982-0300] {dagbag.py:541} INFO - Filling up the DagBag from /home/alan/repos/pipeline_airflow/pipeline-airflow-venv/lib/python3.11/site-packages/airflow/example_dags/example_branch_datetime_operator.py
[2023-08-15T19:06:28.003-0300] {processor.py:836} INFO - DAG(s) dict_keys(['example_branch_datetime_operator_3', 'example_branch_datetime_operator', 'example_branch_datetime_operator_2']) retrieved from /home/alan/repos/pipeline_airflow/pipeline-airflow-venv/lib/python3.11/site-packages/airflow/example_dags/example_branch_datetime_operator.py
[2023-08-15T19:06:28.044-0300] {logging_mixin.py:150} INFO - [2023-08-15T19:06:28.043-0300] {dag.py:2742} INFO - Sync 3 DAGs
[2023-08-15T19:06:28.083-0300] {logging_mixin.py:150} INFO - [2023-08-15T19:06:28.083-0300] {dag.py:3504} INFO - Setting next_dagrun for example_branch_datetime_operator to 2023-08-14T00:00:00+00:00, run_after=2023-08-15T00:00:00+00:00
[2023-08-15T19:06:28.091-0300] {logging_mixin.py:150} INFO - [2023-08-15T19:06:28.091-0300] {dag.py:3504} INFO - Setting next_dagrun for example_branch_datetime_operator_2 to 2023-08-14T00:00:00+00:00, run_after=2023-08-15T00:00:00+00:00
[2023-08-15T19:06:28.096-0300] {logging_mixin.py:150} INFO - [2023-08-15T19:06:28.096-0300] {dag.py:3504} INFO - Setting next_dagrun for example_branch_datetime_operator_3 to 2023-08-14T00:00:00+00:00, run_after=2023-08-15T00:00:00+00:00
[2023-08-15T19:06:28.214-0300] {processor.py:179} INFO - Processing /home/alan/repos/pipeline_airflow/pipeline-airflow-venv/lib/python3.11/site-packages/airflow/example_dags/example_branch_datetime_operator.py took 0.248 seconds
[2023-08-15T19:07:28.746-0300] {processor.py:157} INFO - Started process (PID=28945) to work on /home/alan/repos/pipeline_airflow/pipeline-airflow-venv/lib/python3.11/site-packages/airflow/example_dags/example_branch_datetime_operator.py
[2023-08-15T19:07:28.789-0300] {processor.py:826} INFO - Processing file /home/alan/repos/pipeline_airflow/pipeline-airflow-venv/lib/python3.11/site-packages/airflow/example_dags/example_branch_datetime_operator.py for tasks to queue
[2023-08-15T19:07:28.791-0300] {logging_mixin.py:150} INFO - [2023-08-15T19:07:28.791-0300] {dagbag.py:541} INFO - Filling up the DagBag from /home/alan/repos/pipeline_airflow/pipeline-airflow-venv/lib/python3.11/site-packages/airflow/example_dags/example_branch_datetime_operator.py
[2023-08-15T19:07:28.816-0300] {processor.py:836} INFO - DAG(s) dict_keys(['example_branch_datetime_operator', 'example_branch_datetime_operator_2', 'example_branch_datetime_operator_3']) retrieved from /home/alan/repos/pipeline_airflow/pipeline-airflow-venv/lib/python3.11/site-packages/airflow/example_dags/example_branch_datetime_operator.py
[2023-08-15T19:07:28.868-0300] {logging_mixin.py:150} INFO - [2023-08-15T19:07:28.868-0300] {dag.py:2742} INFO - Sync 3 DAGs
[2023-08-15T19:07:28.914-0300] {logging_mixin.py:150} INFO - [2023-08-15T19:07:28.914-0300] {dag.py:3504} INFO - Setting next_dagrun for example_branch_datetime_operator to 2023-08-14T00:00:00+00:00, run_after=2023-08-15T00:00:00+00:00
[2023-08-15T19:07:28.924-0300] {logging_mixin.py:150} INFO - [2023-08-15T19:07:28.923-0300] {dag.py:3504} INFO - Setting next_dagrun for example_branch_datetime_operator_2 to 2023-08-14T00:00:00+00:00, run_after=2023-08-15T00:00:00+00:00
[2023-08-15T19:07:28.929-0300] {logging_mixin.py:150} INFO - [2023-08-15T19:07:28.928-0300] {dag.py:3504} INFO - Setting next_dagrun for example_branch_datetime_operator_3 to 2023-08-14T00:00:00+00:00, run_after=2023-08-15T00:00:00+00:00
[2023-08-15T19:07:29.054-0300] {processor.py:179} INFO - Processing /home/alan/repos/pipeline_airflow/pipeline-airflow-venv/lib/python3.11/site-packages/airflow/example_dags/example_branch_datetime_operator.py took 0.314 seconds
[2023-08-15T19:08:35.779-0300] {processor.py:157} INFO - Started process (PID=29222) to work on /home/alan/repos/pipeline_airflow/pipeline-airflow-venv/lib/python3.11/site-packages/airflow/example_dags/example_branch_datetime_operator.py
[2023-08-15T19:08:35.794-0300] {processor.py:826} INFO - Processing file /home/alan/repos/pipeline_airflow/pipeline-airflow-venv/lib/python3.11/site-packages/airflow/example_dags/example_branch_datetime_operator.py for tasks to queue
[2023-08-15T19:08:35.796-0300] {logging_mixin.py:150} INFO - [2023-08-15T19:08:35.795-0300] {dagbag.py:541} INFO - Filling up the DagBag from /home/alan/repos/pipeline_airflow/pipeline-airflow-venv/lib/python3.11/site-packages/airflow/example_dags/example_branch_datetime_operator.py
[2023-08-15T19:08:35.820-0300] {processor.py:836} INFO - DAG(s) dict_keys(['example_branch_datetime_operator_3', 'example_branch_datetime_operator', 'example_branch_datetime_operator_2']) retrieved from /home/alan/repos/pipeline_airflow/pipeline-airflow-venv/lib/python3.11/site-packages/airflow/example_dags/example_branch_datetime_operator.py
[2023-08-15T19:08:35.862-0300] {logging_mixin.py:150} INFO - [2023-08-15T19:08:35.862-0300] {dag.py:2742} INFO - Sync 3 DAGs
[2023-08-15T19:08:35.902-0300] {logging_mixin.py:150} INFO - [2023-08-15T19:08:35.902-0300] {dag.py:3504} INFO - Setting next_dagrun for example_branch_datetime_operator to 2023-08-14T00:00:00+00:00, run_after=2023-08-15T00:00:00+00:00
[2023-08-15T19:08:35.910-0300] {logging_mixin.py:150} INFO - [2023-08-15T19:08:35.910-0300] {dag.py:3504} INFO - Setting next_dagrun for example_branch_datetime_operator_2 to 2023-08-14T00:00:00+00:00, run_after=2023-08-15T00:00:00+00:00
[2023-08-15T19:08:35.915-0300] {logging_mixin.py:150} INFO - [2023-08-15T19:08:35.914-0300] {dag.py:3504} INFO - Setting next_dagrun for example_branch_datetime_operator_3 to 2023-08-14T00:00:00+00:00, run_after=2023-08-15T00:00:00+00:00
[2023-08-15T19:08:36.039-0300] {processor.py:179} INFO - Processing /home/alan/repos/pipeline_airflow/pipeline-airflow-venv/lib/python3.11/site-packages/airflow/example_dags/example_branch_datetime_operator.py took 0.265 seconds
[2023-08-15T19:09:36.984-0300] {processor.py:157} INFO - Started process (PID=29380) to work on /home/alan/repos/pipeline_airflow/pipeline-airflow-venv/lib/python3.11/site-packages/airflow/example_dags/example_branch_datetime_operator.py
[2023-08-15T19:09:36.996-0300] {processor.py:826} INFO - Processing file /home/alan/repos/pipeline_airflow/pipeline-airflow-venv/lib/python3.11/site-packages/airflow/example_dags/example_branch_datetime_operator.py for tasks to queue
[2023-08-15T19:09:36.998-0300] {logging_mixin.py:150} INFO - [2023-08-15T19:09:36.998-0300] {dagbag.py:541} INFO - Filling up the DagBag from /home/alan/repos/pipeline_airflow/pipeline-airflow-venv/lib/python3.11/site-packages/airflow/example_dags/example_branch_datetime_operator.py
[2023-08-15T19:09:37.022-0300] {processor.py:836} INFO - DAG(s) dict_keys(['example_branch_datetime_operator_3', 'example_branch_datetime_operator', 'example_branch_datetime_operator_2']) retrieved from /home/alan/repos/pipeline_airflow/pipeline-airflow-venv/lib/python3.11/site-packages/airflow/example_dags/example_branch_datetime_operator.py
[2023-08-15T19:09:37.066-0300] {logging_mixin.py:150} INFO - [2023-08-15T19:09:37.066-0300] {dag.py:2742} INFO - Sync 3 DAGs
[2023-08-15T19:09:37.105-0300] {logging_mixin.py:150} INFO - [2023-08-15T19:09:37.104-0300] {dag.py:3504} INFO - Setting next_dagrun for example_branch_datetime_operator to 2023-08-14T00:00:00+00:00, run_after=2023-08-15T00:00:00+00:00
[2023-08-15T19:09:37.113-0300] {logging_mixin.py:150} INFO - [2023-08-15T19:09:37.113-0300] {dag.py:3504} INFO - Setting next_dagrun for example_branch_datetime_operator_2 to 2023-08-14T00:00:00+00:00, run_after=2023-08-15T00:00:00+00:00
[2023-08-15T19:09:37.117-0300] {logging_mixin.py:150} INFO - [2023-08-15T19:09:37.117-0300] {dag.py:3504} INFO - Setting next_dagrun for example_branch_datetime_operator_3 to 2023-08-14T00:00:00+00:00, run_after=2023-08-15T00:00:00+00:00
[2023-08-15T19:09:37.236-0300] {processor.py:179} INFO - Processing /home/alan/repos/pipeline_airflow/pipeline-airflow-venv/lib/python3.11/site-packages/airflow/example_dags/example_branch_datetime_operator.py took 0.258 seconds
[2023-08-15T19:10:36.261-0300] {processor.py:157} INFO - Started process (PID=29540) to work on /home/alan/repos/pipeline_airflow/pipeline-airflow-venv/lib/python3.11/site-packages/airflow/example_dags/example_branch_datetime_operator.py
[2023-08-15T19:10:36.276-0300] {processor.py:826} INFO - Processing file /home/alan/repos/pipeline_airflow/pipeline-airflow-venv/lib/python3.11/site-packages/airflow/example_dags/example_branch_datetime_operator.py for tasks to queue
[2023-08-15T19:10:36.278-0300] {logging_mixin.py:150} INFO - [2023-08-15T19:10:36.277-0300] {dagbag.py:541} INFO - Filling up the DagBag from /home/alan/repos/pipeline_airflow/pipeline-airflow-venv/lib/python3.11/site-packages/airflow/example_dags/example_branch_datetime_operator.py
[2023-08-15T19:10:36.302-0300] {processor.py:836} INFO - DAG(s) dict_keys(['example_branch_datetime_operator_2', 'example_branch_datetime_operator', 'example_branch_datetime_operator_3']) retrieved from /home/alan/repos/pipeline_airflow/pipeline-airflow-venv/lib/python3.11/site-packages/airflow/example_dags/example_branch_datetime_operator.py
[2023-08-15T19:10:36.358-0300] {logging_mixin.py:150} INFO - [2023-08-15T19:10:36.358-0300] {dag.py:2742} INFO - Sync 3 DAGs
[2023-08-15T19:10:36.403-0300] {logging_mixin.py:150} INFO - [2023-08-15T19:10:36.402-0300] {dag.py:3504} INFO - Setting next_dagrun for example_branch_datetime_operator to 2023-08-14T00:00:00+00:00, run_after=2023-08-15T00:00:00+00:00
[2023-08-15T19:10:36.413-0300] {logging_mixin.py:150} INFO - [2023-08-15T19:10:36.412-0300] {dag.py:3504} INFO - Setting next_dagrun for example_branch_datetime_operator_2 to 2023-08-14T00:00:00+00:00, run_after=2023-08-15T00:00:00+00:00
[2023-08-15T19:10:36.418-0300] {logging_mixin.py:150} INFO - [2023-08-15T19:10:36.417-0300] {dag.py:3504} INFO - Setting next_dagrun for example_branch_datetime_operator_3 to 2023-08-14T00:00:00+00:00, run_after=2023-08-15T00:00:00+00:00
[2023-08-15T19:10:36.522-0300] {processor.py:179} INFO - Processing /home/alan/repos/pipeline_airflow/pipeline-airflow-venv/lib/python3.11/site-packages/airflow/example_dags/example_branch_datetime_operator.py took 0.271 seconds
[2023-08-15T19:11:39.107-0300] {processor.py:157} INFO - Started process (PID=29767) to work on /home/alan/repos/pipeline_airflow/pipeline-airflow-venv/lib/python3.11/site-packages/airflow/example_dags/example_branch_datetime_operator.py
[2023-08-15T19:11:39.120-0300] {processor.py:826} INFO - Processing file /home/alan/repos/pipeline_airflow/pipeline-airflow-venv/lib/python3.11/site-packages/airflow/example_dags/example_branch_datetime_operator.py for tasks to queue
[2023-08-15T19:11:39.122-0300] {logging_mixin.py:150} INFO - [2023-08-15T19:11:39.121-0300] {dagbag.py:541} INFO - Filling up the DagBag from /home/alan/repos/pipeline_airflow/pipeline-airflow-venv/lib/python3.11/site-packages/airflow/example_dags/example_branch_datetime_operator.py
[2023-08-15T19:11:39.145-0300] {processor.py:836} INFO - DAG(s) dict_keys(['example_branch_datetime_operator', 'example_branch_datetime_operator_2', 'example_branch_datetime_operator_3']) retrieved from /home/alan/repos/pipeline_airflow/pipeline-airflow-venv/lib/python3.11/site-packages/airflow/example_dags/example_branch_datetime_operator.py
[2023-08-15T19:11:39.186-0300] {logging_mixin.py:150} INFO - [2023-08-15T19:11:39.186-0300] {dag.py:2742} INFO - Sync 3 DAGs
[2023-08-15T19:11:39.239-0300] {logging_mixin.py:150} INFO - [2023-08-15T19:11:39.239-0300] {dag.py:3504} INFO - Setting next_dagrun for example_branch_datetime_operator to 2023-08-14T00:00:00+00:00, run_after=2023-08-15T00:00:00+00:00
[2023-08-15T19:11:39.248-0300] {logging_mixin.py:150} INFO - [2023-08-15T19:11:39.247-0300] {dag.py:3504} INFO - Setting next_dagrun for example_branch_datetime_operator_2 to 2023-08-14T00:00:00+00:00, run_after=2023-08-15T00:00:00+00:00
[2023-08-15T19:11:39.252-0300] {logging_mixin.py:150} INFO - [2023-08-15T19:11:39.252-0300] {dag.py:3504} INFO - Setting next_dagrun for example_branch_datetime_operator_3 to 2023-08-14T00:00:00+00:00, run_after=2023-08-15T00:00:00+00:00
[2023-08-15T19:11:39.371-0300] {processor.py:179} INFO - Processing /home/alan/repos/pipeline_airflow/pipeline-airflow-venv/lib/python3.11/site-packages/airflow/example_dags/example_branch_datetime_operator.py took 0.270 seconds
[2023-08-15T19:12:43.818-0300] {processor.py:157} INFO - Started process (PID=29969) to work on /home/alan/repos/pipeline_airflow/pipeline-airflow-venv/lib/python3.11/site-packages/airflow/example_dags/example_branch_datetime_operator.py
[2023-08-15T19:12:43.835-0300] {processor.py:826} INFO - Processing file /home/alan/repos/pipeline_airflow/pipeline-airflow-venv/lib/python3.11/site-packages/airflow/example_dags/example_branch_datetime_operator.py for tasks to queue
[2023-08-15T19:12:43.837-0300] {logging_mixin.py:150} INFO - [2023-08-15T19:12:43.836-0300] {dagbag.py:541} INFO - Filling up the DagBag from /home/alan/repos/pipeline_airflow/pipeline-airflow-venv/lib/python3.11/site-packages/airflow/example_dags/example_branch_datetime_operator.py
[2023-08-15T19:12:43.861-0300] {processor.py:836} INFO - DAG(s) dict_keys(['example_branch_datetime_operator_2', 'example_branch_datetime_operator', 'example_branch_datetime_operator_3']) retrieved from /home/alan/repos/pipeline_airflow/pipeline-airflow-venv/lib/python3.11/site-packages/airflow/example_dags/example_branch_datetime_operator.py
[2023-08-15T19:12:43.903-0300] {logging_mixin.py:150} INFO - [2023-08-15T19:12:43.903-0300] {dag.py:2742} INFO - Sync 3 DAGs
[2023-08-15T19:12:43.942-0300] {logging_mixin.py:150} INFO - [2023-08-15T19:12:43.941-0300] {dag.py:3504} INFO - Setting next_dagrun for example_branch_datetime_operator to 2023-08-14T00:00:00+00:00, run_after=2023-08-15T00:00:00+00:00
[2023-08-15T19:12:43.950-0300] {logging_mixin.py:150} INFO - [2023-08-15T19:12:43.950-0300] {dag.py:3504} INFO - Setting next_dagrun for example_branch_datetime_operator_2 to 2023-08-14T00:00:00+00:00, run_after=2023-08-15T00:00:00+00:00
[2023-08-15T19:12:43.954-0300] {logging_mixin.py:150} INFO - [2023-08-15T19:12:43.954-0300] {dag.py:3504} INFO - Setting next_dagrun for example_branch_datetime_operator_3 to 2023-08-14T00:00:00+00:00, run_after=2023-08-15T00:00:00+00:00
[2023-08-15T19:12:44.050-0300] {processor.py:179} INFO - Processing /home/alan/repos/pipeline_airflow/pipeline-airflow-venv/lib/python3.11/site-packages/airflow/example_dags/example_branch_datetime_operator.py took 0.239 seconds
[2023-08-15T19:13:43.409-0300] {processor.py:157} INFO - Started process (PID=30129) to work on /home/alan/repos/pipeline_airflow/pipeline-airflow-venv/lib/python3.11/site-packages/airflow/example_dags/example_branch_datetime_operator.py
[2023-08-15T19:13:43.424-0300] {processor.py:826} INFO - Processing file /home/alan/repos/pipeline_airflow/pipeline-airflow-venv/lib/python3.11/site-packages/airflow/example_dags/example_branch_datetime_operator.py for tasks to queue
[2023-08-15T19:13:43.426-0300] {logging_mixin.py:150} INFO - [2023-08-15T19:13:43.425-0300] {dagbag.py:541} INFO - Filling up the DagBag from /home/alan/repos/pipeline_airflow/pipeline-airflow-venv/lib/python3.11/site-packages/airflow/example_dags/example_branch_datetime_operator.py
[2023-08-15T19:13:43.462-0300] {processor.py:836} INFO - DAG(s) dict_keys(['example_branch_datetime_operator_2', 'example_branch_datetime_operator_3', 'example_branch_datetime_operator']) retrieved from /home/alan/repos/pipeline_airflow/pipeline-airflow-venv/lib/python3.11/site-packages/airflow/example_dags/example_branch_datetime_operator.py
[2023-08-15T19:13:43.519-0300] {logging_mixin.py:150} INFO - [2023-08-15T19:13:43.519-0300] {dag.py:2742} INFO - Sync 3 DAGs
[2023-08-15T19:13:43.569-0300] {logging_mixin.py:150} INFO - [2023-08-15T19:13:43.568-0300] {dag.py:3504} INFO - Setting next_dagrun for example_branch_datetime_operator to 2023-08-14T00:00:00+00:00, run_after=2023-08-15T00:00:00+00:00
[2023-08-15T19:13:43.582-0300] {logging_mixin.py:150} INFO - [2023-08-15T19:13:43.582-0300] {dag.py:3504} INFO - Setting next_dagrun for example_branch_datetime_operator_2 to 2023-08-14T00:00:00+00:00, run_after=2023-08-15T00:00:00+00:00
[2023-08-15T19:13:43.587-0300] {logging_mixin.py:150} INFO - [2023-08-15T19:13:43.587-0300] {dag.py:3504} INFO - Setting next_dagrun for example_branch_datetime_operator_3 to 2023-08-14T00:00:00+00:00, run_after=2023-08-15T00:00:00+00:00
[2023-08-15T19:13:43.708-0300] {processor.py:179} INFO - Processing /home/alan/repos/pipeline_airflow/pipeline-airflow-venv/lib/python3.11/site-packages/airflow/example_dags/example_branch_datetime_operator.py took 0.305 seconds
[2023-08-15T19:14:44.368-0300] {processor.py:157} INFO - Started process (PID=30283) to work on /home/alan/repos/pipeline_airflow/pipeline-airflow-venv/lib/python3.11/site-packages/airflow/example_dags/example_branch_datetime_operator.py
[2023-08-15T19:14:44.383-0300] {processor.py:826} INFO - Processing file /home/alan/repos/pipeline_airflow/pipeline-airflow-venv/lib/python3.11/site-packages/airflow/example_dags/example_branch_datetime_operator.py for tasks to queue
[2023-08-15T19:14:44.385-0300] {logging_mixin.py:150} INFO - [2023-08-15T19:14:44.384-0300] {dagbag.py:541} INFO - Filling up the DagBag from /home/alan/repos/pipeline_airflow/pipeline-airflow-venv/lib/python3.11/site-packages/airflow/example_dags/example_branch_datetime_operator.py
[2023-08-15T19:14:44.407-0300] {processor.py:836} INFO - DAG(s) dict_keys(['example_branch_datetime_operator_2', 'example_branch_datetime_operator', 'example_branch_datetime_operator_3']) retrieved from /home/alan/repos/pipeline_airflow/pipeline-airflow-venv/lib/python3.11/site-packages/airflow/example_dags/example_branch_datetime_operator.py
[2023-08-15T19:14:44.450-0300] {logging_mixin.py:150} INFO - [2023-08-15T19:14:44.450-0300] {dag.py:2742} INFO - Sync 3 DAGs
[2023-08-15T19:14:44.495-0300] {logging_mixin.py:150} INFO - [2023-08-15T19:14:44.494-0300] {dag.py:3504} INFO - Setting next_dagrun for example_branch_datetime_operator to 2023-08-14T00:00:00+00:00, run_after=2023-08-15T00:00:00+00:00
[2023-08-15T19:14:44.506-0300] {logging_mixin.py:150} INFO - [2023-08-15T19:14:44.506-0300] {dag.py:3504} INFO - Setting next_dagrun for example_branch_datetime_operator_2 to 2023-08-14T00:00:00+00:00, run_after=2023-08-15T00:00:00+00:00
[2023-08-15T19:14:44.511-0300] {logging_mixin.py:150} INFO - [2023-08-15T19:14:44.511-0300] {dag.py:3504} INFO - Setting next_dagrun for example_branch_datetime_operator_3 to 2023-08-14T00:00:00+00:00, run_after=2023-08-15T00:00:00+00:00
[2023-08-15T19:14:44.652-0300] {processor.py:179} INFO - Processing /home/alan/repos/pipeline_airflow/pipeline-airflow-venv/lib/python3.11/site-packages/airflow/example_dags/example_branch_datetime_operator.py took 0.290 seconds
[2023-08-15T19:16:06.104-0300] {processor.py:157} INFO - Started process (PID=30494) to work on /home/alan/repos/pipeline_airflow/pipeline-airflow-venv/lib/python3.11/site-packages/airflow/example_dags/example_branch_datetime_operator.py
[2023-08-15T19:16:06.106-0300] {processor.py:826} INFO - Processing file /home/alan/repos/pipeline_airflow/pipeline-airflow-venv/lib/python3.11/site-packages/airflow/example_dags/example_branch_datetime_operator.py for tasks to queue
[2023-08-15T19:16:06.107-0300] {logging_mixin.py:150} INFO - [2023-08-15T19:16:06.107-0300] {dagbag.py:541} INFO - Filling up the DagBag from /home/alan/repos/pipeline_airflow/pipeline-airflow-venv/lib/python3.11/site-packages/airflow/example_dags/example_branch_datetime_operator.py
[2023-08-15T19:16:06.129-0300] {processor.py:836} INFO - DAG(s) dict_keys(['example_branch_datetime_operator_3', 'example_branch_datetime_operator_2', 'example_branch_datetime_operator']) retrieved from /home/alan/repos/pipeline_airflow/pipeline-airflow-venv/lib/python3.11/site-packages/airflow/example_dags/example_branch_datetime_operator.py
[2023-08-15T19:16:06.174-0300] {logging_mixin.py:150} INFO - [2023-08-15T19:16:06.174-0300] {dag.py:2742} INFO - Sync 3 DAGs
[2023-08-15T19:16:06.213-0300] {logging_mixin.py:150} INFO - [2023-08-15T19:16:06.213-0300] {dag.py:3504} INFO - Setting next_dagrun for example_branch_datetime_operator to 2023-08-14T00:00:00+00:00, run_after=2023-08-15T00:00:00+00:00
[2023-08-15T19:16:06.221-0300] {logging_mixin.py:150} INFO - [2023-08-15T19:16:06.221-0300] {dag.py:3504} INFO - Setting next_dagrun for example_branch_datetime_operator_2 to 2023-08-14T00:00:00+00:00, run_after=2023-08-15T00:00:00+00:00
[2023-08-15T19:16:06.225-0300] {logging_mixin.py:150} INFO - [2023-08-15T19:16:06.225-0300] {dag.py:3504} INFO - Setting next_dagrun for example_branch_datetime_operator_3 to 2023-08-14T00:00:00+00:00, run_after=2023-08-15T00:00:00+00:00
[2023-08-15T19:16:06.325-0300] {processor.py:179} INFO - Processing /home/alan/repos/pipeline_airflow/pipeline-airflow-venv/lib/python3.11/site-packages/airflow/example_dags/example_branch_datetime_operator.py took 0.228 seconds
[2023-08-15T19:17:05.326-0300] {processor.py:157} INFO - Started process (PID=30659) to work on /home/alan/repos/pipeline_airflow/pipeline-airflow-venv/lib/python3.11/site-packages/airflow/example_dags/example_branch_datetime_operator.py
[2023-08-15T19:17:05.339-0300] {processor.py:826} INFO - Processing file /home/alan/repos/pipeline_airflow/pipeline-airflow-venv/lib/python3.11/site-packages/airflow/example_dags/example_branch_datetime_operator.py for tasks to queue
[2023-08-15T19:17:05.340-0300] {logging_mixin.py:150} INFO - [2023-08-15T19:17:05.339-0300] {dagbag.py:541} INFO - Filling up the DagBag from /home/alan/repos/pipeline_airflow/pipeline-airflow-venv/lib/python3.11/site-packages/airflow/example_dags/example_branch_datetime_operator.py
[2023-08-15T19:17:05.361-0300] {processor.py:836} INFO - DAG(s) dict_keys(['example_branch_datetime_operator_2', 'example_branch_datetime_operator_3', 'example_branch_datetime_operator']) retrieved from /home/alan/repos/pipeline_airflow/pipeline-airflow-venv/lib/python3.11/site-packages/airflow/example_dags/example_branch_datetime_operator.py
[2023-08-15T19:17:05.403-0300] {logging_mixin.py:150} INFO - [2023-08-15T19:17:05.402-0300] {dag.py:2742} INFO - Sync 3 DAGs
[2023-08-15T19:17:05.442-0300] {logging_mixin.py:150} INFO - [2023-08-15T19:17:05.441-0300] {dag.py:3504} INFO - Setting next_dagrun for example_branch_datetime_operator to 2023-08-14T00:00:00+00:00, run_after=2023-08-15T00:00:00+00:00
[2023-08-15T19:17:05.450-0300] {logging_mixin.py:150} INFO - [2023-08-15T19:17:05.450-0300] {dag.py:3504} INFO - Setting next_dagrun for example_branch_datetime_operator_2 to 2023-08-14T00:00:00+00:00, run_after=2023-08-15T00:00:00+00:00
[2023-08-15T19:17:05.454-0300] {logging_mixin.py:150} INFO - [2023-08-15T19:17:05.454-0300] {dag.py:3504} INFO - Setting next_dagrun for example_branch_datetime_operator_3 to 2023-08-14T00:00:00+00:00, run_after=2023-08-15T00:00:00+00:00
[2023-08-15T19:17:05.549-0300] {processor.py:179} INFO - Processing /home/alan/repos/pipeline_airflow/pipeline-airflow-venv/lib/python3.11/site-packages/airflow/example_dags/example_branch_datetime_operator.py took 0.230 seconds
[2023-08-15T19:18:07.502-0300] {processor.py:157} INFO - Started process (PID=30813) to work on /home/alan/repos/pipeline_airflow/pipeline-airflow-venv/lib/python3.11/site-packages/airflow/example_dags/example_branch_datetime_operator.py
[2023-08-15T19:18:07.504-0300] {processor.py:826} INFO - Processing file /home/alan/repos/pipeline_airflow/pipeline-airflow-venv/lib/python3.11/site-packages/airflow/example_dags/example_branch_datetime_operator.py for tasks to queue
[2023-08-15T19:18:07.505-0300] {logging_mixin.py:150} INFO - [2023-08-15T19:18:07.505-0300] {dagbag.py:541} INFO - Filling up the DagBag from /home/alan/repos/pipeline_airflow/pipeline-airflow-venv/lib/python3.11/site-packages/airflow/example_dags/example_branch_datetime_operator.py
[2023-08-15T19:18:07.525-0300] {processor.py:836} INFO - DAG(s) dict_keys(['example_branch_datetime_operator', 'example_branch_datetime_operator_3', 'example_branch_datetime_operator_2']) retrieved from /home/alan/repos/pipeline_airflow/pipeline-airflow-venv/lib/python3.11/site-packages/airflow/example_dags/example_branch_datetime_operator.py
[2023-08-15T19:18:07.565-0300] {logging_mixin.py:150} INFO - [2023-08-15T19:18:07.565-0300] {dag.py:2742} INFO - Sync 3 DAGs
[2023-08-15T19:18:07.607-0300] {logging_mixin.py:150} INFO - [2023-08-15T19:18:07.607-0300] {dag.py:3504} INFO - Setting next_dagrun for example_branch_datetime_operator to 2023-08-14T00:00:00+00:00, run_after=2023-08-15T00:00:00+00:00
[2023-08-15T19:18:07.615-0300] {logging_mixin.py:150} INFO - [2023-08-15T19:18:07.615-0300] {dag.py:3504} INFO - Setting next_dagrun for example_branch_datetime_operator_2 to 2023-08-14T00:00:00+00:00, run_after=2023-08-15T00:00:00+00:00
[2023-08-15T19:18:07.620-0300] {logging_mixin.py:150} INFO - [2023-08-15T19:18:07.619-0300] {dag.py:3504} INFO - Setting next_dagrun for example_branch_datetime_operator_3 to 2023-08-14T00:00:00+00:00, run_after=2023-08-15T00:00:00+00:00
[2023-08-15T19:18:07.720-0300] {processor.py:179} INFO - Processing /home/alan/repos/pipeline_airflow/pipeline-airflow-venv/lib/python3.11/site-packages/airflow/example_dags/example_branch_datetime_operator.py took 0.224 seconds
[2023-08-15T19:19:04.161-0300] {processor.py:157} INFO - Started process (PID=30962) to work on /home/alan/repos/pipeline_airflow/pipeline-airflow-venv/lib/python3.11/site-packages/airflow/example_dags/example_branch_datetime_operator.py
[2023-08-15T19:19:04.163-0300] {processor.py:826} INFO - Processing file /home/alan/repos/pipeline_airflow/pipeline-airflow-venv/lib/python3.11/site-packages/airflow/example_dags/example_branch_datetime_operator.py for tasks to queue
[2023-08-15T19:19:04.165-0300] {logging_mixin.py:150} INFO - [2023-08-15T19:19:04.164-0300] {dagbag.py:541} INFO - Filling up the DagBag from /home/alan/repos/pipeline_airflow/pipeline-airflow-venv/lib/python3.11/site-packages/airflow/example_dags/example_branch_datetime_operator.py
[2023-08-15T19:19:04.188-0300] {processor.py:836} INFO - DAG(s) dict_keys(['example_branch_datetime_operator_3', 'example_branch_datetime_operator_2', 'example_branch_datetime_operator']) retrieved from /home/alan/repos/pipeline_airflow/pipeline-airflow-venv/lib/python3.11/site-packages/airflow/example_dags/example_branch_datetime_operator.py
[2023-08-15T19:19:04.232-0300] {logging_mixin.py:150} INFO - [2023-08-15T19:19:04.232-0300] {dag.py:2742} INFO - Sync 3 DAGs
[2023-08-15T19:19:04.274-0300] {logging_mixin.py:150} INFO - [2023-08-15T19:19:04.273-0300] {dag.py:3504} INFO - Setting next_dagrun for example_branch_datetime_operator to 2023-08-14T00:00:00+00:00, run_after=2023-08-15T00:00:00+00:00
[2023-08-15T19:19:04.284-0300] {logging_mixin.py:150} INFO - [2023-08-15T19:19:04.283-0300] {dag.py:3504} INFO - Setting next_dagrun for example_branch_datetime_operator_2 to 2023-08-14T00:00:00+00:00, run_after=2023-08-15T00:00:00+00:00
[2023-08-15T19:19:04.288-0300] {logging_mixin.py:150} INFO - [2023-08-15T19:19:04.288-0300] {dag.py:3504} INFO - Setting next_dagrun for example_branch_datetime_operator_3 to 2023-08-14T00:00:00+00:00, run_after=2023-08-15T00:00:00+00:00
[2023-08-15T19:19:04.401-0300] {processor.py:179} INFO - Processing /home/alan/repos/pipeline_airflow/pipeline-airflow-venv/lib/python3.11/site-packages/airflow/example_dags/example_branch_datetime_operator.py took 0.248 seconds
[2023-08-15T19:20:00.118-0300] {processor.py:157} INFO - Started process (PID=31103) to work on /home/alan/repos/pipeline_airflow/pipeline-airflow-venv/lib/python3.11/site-packages/airflow/example_dags/example_branch_datetime_operator.py
[2023-08-15T19:20:00.124-0300] {processor.py:826} INFO - Processing file /home/alan/repos/pipeline_airflow/pipeline-airflow-venv/lib/python3.11/site-packages/airflow/example_dags/example_branch_datetime_operator.py for tasks to queue
[2023-08-15T19:20:00.126-0300] {logging_mixin.py:150} INFO - [2023-08-15T19:20:00.125-0300] {dagbag.py:541} INFO - Filling up the DagBag from /home/alan/repos/pipeline_airflow/pipeline-airflow-venv/lib/python3.11/site-packages/airflow/example_dags/example_branch_datetime_operator.py
[2023-08-15T19:20:00.151-0300] {processor.py:836} INFO - DAG(s) dict_keys(['example_branch_datetime_operator_2', 'example_branch_datetime_operator_3', 'example_branch_datetime_operator']) retrieved from /home/alan/repos/pipeline_airflow/pipeline-airflow-venv/lib/python3.11/site-packages/airflow/example_dags/example_branch_datetime_operator.py
[2023-08-15T19:20:00.201-0300] {logging_mixin.py:150} INFO - [2023-08-15T19:20:00.200-0300] {dag.py:2742} INFO - Sync 3 DAGs
[2023-08-15T19:20:00.244-0300] {logging_mixin.py:150} INFO - [2023-08-15T19:20:00.244-0300] {dag.py:3504} INFO - Setting next_dagrun for example_branch_datetime_operator to 2023-08-14T00:00:00+00:00, run_after=2023-08-15T00:00:00+00:00
[2023-08-15T19:20:00.253-0300] {logging_mixin.py:150} INFO - [2023-08-15T19:20:00.253-0300] {dag.py:3504} INFO - Setting next_dagrun for example_branch_datetime_operator_2 to 2023-08-14T00:00:00+00:00, run_after=2023-08-15T00:00:00+00:00
[2023-08-15T19:20:00.258-0300] {logging_mixin.py:150} INFO - [2023-08-15T19:20:00.258-0300] {dag.py:3504} INFO - Setting next_dagrun for example_branch_datetime_operator_3 to 2023-08-14T00:00:00+00:00, run_after=2023-08-15T00:00:00+00:00
[2023-08-15T19:20:00.382-0300] {processor.py:179} INFO - Processing /home/alan/repos/pipeline_airflow/pipeline-airflow-venv/lib/python3.11/site-packages/airflow/example_dags/example_branch_datetime_operator.py took 0.269 seconds
[2023-08-15T19:21:10.720-0300] {processor.py:157} INFO - Started process (PID=31450) to work on /home/alan/repos/pipeline_airflow/pipeline-airflow-venv/lib/python3.11/site-packages/airflow/example_dags/example_branch_datetime_operator.py
[2023-08-15T19:21:10.727-0300] {processor.py:826} INFO - Processing file /home/alan/repos/pipeline_airflow/pipeline-airflow-venv/lib/python3.11/site-packages/airflow/example_dags/example_branch_datetime_operator.py for tasks to queue
[2023-08-15T19:21:10.728-0300] {logging_mixin.py:150} INFO - [2023-08-15T19:21:10.728-0300] {dagbag.py:541} INFO - Filling up the DagBag from /home/alan/repos/pipeline_airflow/pipeline-airflow-venv/lib/python3.11/site-packages/airflow/example_dags/example_branch_datetime_operator.py
[2023-08-15T19:21:10.747-0300] {processor.py:836} INFO - DAG(s) dict_keys(['example_branch_datetime_operator', 'example_branch_datetime_operator_3', 'example_branch_datetime_operator_2']) retrieved from /home/alan/repos/pipeline_airflow/pipeline-airflow-venv/lib/python3.11/site-packages/airflow/example_dags/example_branch_datetime_operator.py
[2023-08-15T19:21:10.789-0300] {logging_mixin.py:150} INFO - [2023-08-15T19:21:10.789-0300] {dag.py:2742} INFO - Sync 3 DAGs
[2023-08-15T19:21:10.828-0300] {logging_mixin.py:150} INFO - [2023-08-15T19:21:10.828-0300] {dag.py:3504} INFO - Setting next_dagrun for example_branch_datetime_operator to 2023-08-14T00:00:00+00:00, run_after=2023-08-15T00:00:00+00:00
[2023-08-15T19:21:10.838-0300] {logging_mixin.py:150} INFO - [2023-08-15T19:21:10.838-0300] {dag.py:3504} INFO - Setting next_dagrun for example_branch_datetime_operator_2 to 2023-08-14T00:00:00+00:00, run_after=2023-08-15T00:00:00+00:00
[2023-08-15T19:21:10.842-0300] {logging_mixin.py:150} INFO - [2023-08-15T19:21:10.842-0300] {dag.py:3504} INFO - Setting next_dagrun for example_branch_datetime_operator_3 to 2023-08-14T00:00:00+00:00, run_after=2023-08-15T00:00:00+00:00
[2023-08-15T19:21:10.951-0300] {processor.py:179} INFO - Processing /home/alan/repos/pipeline_airflow/pipeline-airflow-venv/lib/python3.11/site-packages/airflow/example_dags/example_branch_datetime_operator.py took 0.239 seconds
