[2023-08-15T18:20:34.253-0300] {processor.py:157} INFO - Started process (PID=18711) to work on /home/alan/repos/pipeline_airflow/pipeline-airflow-venv/lib/python3.11/site-packages/airflow/example_dags/example_branch_day_of_week_operator.py
[2023-08-15T18:20:34.254-0300] {processor.py:826} INFO - Processing file /home/alan/repos/pipeline_airflow/pipeline-airflow-venv/lib/python3.11/site-packages/airflow/example_dags/example_branch_day_of_week_operator.py for tasks to queue
[2023-08-15T18:20:34.256-0300] {logging_mixin.py:150} INFO - [2023-08-15T18:20:34.255-0300] {dagbag.py:541} INFO - Filling up the DagBag from /home/alan/repos/pipeline_airflow/pipeline-airflow-venv/lib/python3.11/site-packages/airflow/example_dags/example_branch_day_of_week_operator.py
[2023-08-15T18:20:34.269-0300] {processor.py:836} INFO - DAG(s) dict_keys(['example_weekday_branch_operator']) retrieved from /home/alan/repos/pipeline_airflow/pipeline-airflow-venv/lib/python3.11/site-packages/airflow/example_dags/example_branch_day_of_week_operator.py
[2023-08-15T18:20:34.644-0300] {logging_mixin.py:150} INFO - [2023-08-15T18:20:34.644-0300] {manager.py:504} INFO - Created Permission View: can delete on DAG:example_weekday_branch_operator
[2023-08-15T18:20:34.722-0300] {logging_mixin.py:150} INFO - [2023-08-15T18:20:34.721-0300] {manager.py:504} INFO - Created Permission View: can edit on DAG:example_weekday_branch_operator
[2023-08-15T18:20:34.799-0300] {logging_mixin.py:150} INFO - [2023-08-15T18:20:34.798-0300] {manager.py:504} INFO - Created Permission View: can read on DAG:example_weekday_branch_operator
[2023-08-15T18:20:34.820-0300] {logging_mixin.py:150} INFO - [2023-08-15T18:20:34.820-0300] {dag.py:2742} INFO - Sync 1 DAGs
[2023-08-15T18:20:34.838-0300] {logging_mixin.py:150} INFO - [2023-08-15T18:20:34.837-0300] {dag.py:2763} INFO - Creating ORM DAG for example_weekday_branch_operator
[2023-08-15T18:20:34.858-0300] {logging_mixin.py:150} INFO - [2023-08-15T18:20:34.857-0300] {dag.py:3504} INFO - Setting next_dagrun for example_weekday_branch_operator to 2023-08-14T00:00:00+00:00, run_after=2023-08-15T00:00:00+00:00
[2023-08-15T18:20:35.054-0300] {processor.py:179} INFO - Processing /home/alan/repos/pipeline_airflow/pipeline-airflow-venv/lib/python3.11/site-packages/airflow/example_dags/example_branch_day_of_week_operator.py took 0.806 seconds
[2023-08-15T18:21:43.803-0300] {processor.py:157} INFO - Started process (PID=18969) to work on /home/alan/repos/pipeline_airflow/pipeline-airflow-venv/lib/python3.11/site-packages/airflow/example_dags/example_branch_day_of_week_operator.py
[2023-08-15T18:21:43.804-0300] {processor.py:826} INFO - Processing file /home/alan/repos/pipeline_airflow/pipeline-airflow-venv/lib/python3.11/site-packages/airflow/example_dags/example_branch_day_of_week_operator.py for tasks to queue
[2023-08-15T18:21:43.806-0300] {logging_mixin.py:150} INFO - [2023-08-15T18:21:43.805-0300] {dagbag.py:541} INFO - Filling up the DagBag from /home/alan/repos/pipeline_airflow/pipeline-airflow-venv/lib/python3.11/site-packages/airflow/example_dags/example_branch_day_of_week_operator.py
[2023-08-15T18:21:43.821-0300] {processor.py:836} INFO - DAG(s) dict_keys(['example_weekday_branch_operator']) retrieved from /home/alan/repos/pipeline_airflow/pipeline-airflow-venv/lib/python3.11/site-packages/airflow/example_dags/example_branch_day_of_week_operator.py
[2023-08-15T18:21:43.851-0300] {logging_mixin.py:150} INFO - [2023-08-15T18:21:43.851-0300] {dag.py:2742} INFO - Sync 1 DAGs
[2023-08-15T18:21:43.889-0300] {logging_mixin.py:150} INFO - [2023-08-15T18:21:43.888-0300] {dag.py:3504} INFO - Setting next_dagrun for example_weekday_branch_operator to 2023-08-14T00:00:00+00:00, run_after=2023-08-15T00:00:00+00:00
[2023-08-15T18:21:43.995-0300] {processor.py:179} INFO - Processing /home/alan/repos/pipeline_airflow/pipeline-airflow-venv/lib/python3.11/site-packages/airflow/example_dags/example_branch_day_of_week_operator.py took 0.197 seconds
[2023-08-15T18:23:04.154-0300] {processor.py:157} INFO - Started process (PID=19260) to work on /home/alan/repos/pipeline_airflow/pipeline-airflow-venv/lib/python3.11/site-packages/airflow/example_dags/example_branch_day_of_week_operator.py
[2023-08-15T18:23:04.177-0300] {processor.py:826} INFO - Processing file /home/alan/repos/pipeline_airflow/pipeline-airflow-venv/lib/python3.11/site-packages/airflow/example_dags/example_branch_day_of_week_operator.py for tasks to queue
[2023-08-15T18:23:04.192-0300] {logging_mixin.py:150} INFO - [2023-08-15T18:23:04.191-0300] {dagbag.py:541} INFO - Filling up the DagBag from /home/alan/repos/pipeline_airflow/pipeline-airflow-venv/lib/python3.11/site-packages/airflow/example_dags/example_branch_day_of_week_operator.py
[2023-08-15T18:23:04.213-0300] {processor.py:836} INFO - DAG(s) dict_keys(['example_weekday_branch_operator']) retrieved from /home/alan/repos/pipeline_airflow/pipeline-airflow-venv/lib/python3.11/site-packages/airflow/example_dags/example_branch_day_of_week_operator.py
[2023-08-15T18:23:04.442-0300] {logging_mixin.py:150} INFO - [2023-08-15T18:23:04.442-0300] {dag.py:2742} INFO - Sync 1 DAGs
[2023-08-15T18:23:04.492-0300] {logging_mixin.py:150} INFO - [2023-08-15T18:23:04.491-0300] {dag.py:3504} INFO - Setting next_dagrun for example_weekday_branch_operator to 2023-08-14T00:00:00+00:00, run_after=2023-08-15T00:00:00+00:00
[2023-08-15T18:23:04.595-0300] {processor.py:179} INFO - Processing /home/alan/repos/pipeline_airflow/pipeline-airflow-venv/lib/python3.11/site-packages/airflow/example_dags/example_branch_day_of_week_operator.py took 0.446 seconds
[2023-08-15T18:24:06.000-0300] {processor.py:157} INFO - Started process (PID=19494) to work on /home/alan/repos/pipeline_airflow/pipeline-airflow-venv/lib/python3.11/site-packages/airflow/example_dags/example_branch_day_of_week_operator.py
[2023-08-15T18:24:06.004-0300] {processor.py:826} INFO - Processing file /home/alan/repos/pipeline_airflow/pipeline-airflow-venv/lib/python3.11/site-packages/airflow/example_dags/example_branch_day_of_week_operator.py for tasks to queue
[2023-08-15T18:24:06.006-0300] {logging_mixin.py:150} INFO - [2023-08-15T18:24:06.005-0300] {dagbag.py:541} INFO - Filling up the DagBag from /home/alan/repos/pipeline_airflow/pipeline-airflow-venv/lib/python3.11/site-packages/airflow/example_dags/example_branch_day_of_week_operator.py
[2023-08-15T18:24:06.027-0300] {processor.py:836} INFO - DAG(s) dict_keys(['example_weekday_branch_operator']) retrieved from /home/alan/repos/pipeline_airflow/pipeline-airflow-venv/lib/python3.11/site-packages/airflow/example_dags/example_branch_day_of_week_operator.py
[2023-08-15T18:24:06.084-0300] {logging_mixin.py:150} INFO - [2023-08-15T18:24:06.083-0300] {dag.py:2742} INFO - Sync 1 DAGs
[2023-08-15T18:24:06.377-0300] {logging_mixin.py:150} INFO - [2023-08-15T18:24:06.377-0300] {dag.py:3504} INFO - Setting next_dagrun for example_weekday_branch_operator to 2023-08-14T00:00:00+00:00, run_after=2023-08-15T00:00:00+00:00
[2023-08-15T18:24:06.508-0300] {processor.py:179} INFO - Processing /home/alan/repos/pipeline_airflow/pipeline-airflow-venv/lib/python3.11/site-packages/airflow/example_dags/example_branch_day_of_week_operator.py took 0.515 seconds
[2023-08-15T18:26:04.751-0300] {processor.py:157} INFO - Started process (PID=20640) to work on /home/alan/repos/pipeline_airflow/pipeline-airflow-venv/lib/python3.11/site-packages/airflow/example_dags/example_branch_day_of_week_operator.py
[2023-08-15T18:26:04.766-0300] {processor.py:826} INFO - Processing file /home/alan/repos/pipeline_airflow/pipeline-airflow-venv/lib/python3.11/site-packages/airflow/example_dags/example_branch_day_of_week_operator.py for tasks to queue
[2023-08-15T18:26:04.767-0300] {logging_mixin.py:150} INFO - [2023-08-15T18:26:04.766-0300] {dagbag.py:541} INFO - Filling up the DagBag from /home/alan/repos/pipeline_airflow/pipeline-airflow-venv/lib/python3.11/site-packages/airflow/example_dags/example_branch_day_of_week_operator.py
[2023-08-15T18:26:04.802-0300] {processor.py:836} INFO - DAG(s) dict_keys(['example_weekday_branch_operator']) retrieved from /home/alan/repos/pipeline_airflow/pipeline-airflow-venv/lib/python3.11/site-packages/airflow/example_dags/example_branch_day_of_week_operator.py
[2023-08-15T18:26:04.855-0300] {logging_mixin.py:150} INFO - [2023-08-15T18:26:04.855-0300] {dag.py:2742} INFO - Sync 1 DAGs
[2023-08-15T18:26:04.940-0300] {logging_mixin.py:150} INFO - [2023-08-15T18:26:04.939-0300] {dag.py:3504} INFO - Setting next_dagrun for example_weekday_branch_operator to 2023-08-14T00:00:00+00:00, run_after=2023-08-15T00:00:00+00:00
[2023-08-15T18:26:05.118-0300] {processor.py:179} INFO - Processing /home/alan/repos/pipeline_airflow/pipeline-airflow-venv/lib/python3.11/site-packages/airflow/example_dags/example_branch_day_of_week_operator.py took 0.380 seconds
[2023-08-15T18:27:25.440-0300] {processor.py:157} INFO - Started process (PID=20936) to work on /home/alan/repos/pipeline_airflow/pipeline-airflow-venv/lib/python3.11/site-packages/airflow/example_dags/example_branch_day_of_week_operator.py
[2023-08-15T18:27:25.443-0300] {processor.py:826} INFO - Processing file /home/alan/repos/pipeline_airflow/pipeline-airflow-venv/lib/python3.11/site-packages/airflow/example_dags/example_branch_day_of_week_operator.py for tasks to queue
[2023-08-15T18:27:25.445-0300] {logging_mixin.py:150} INFO - [2023-08-15T18:27:25.444-0300] {dagbag.py:541} INFO - Filling up the DagBag from /home/alan/repos/pipeline_airflow/pipeline-airflow-venv/lib/python3.11/site-packages/airflow/example_dags/example_branch_day_of_week_operator.py
[2023-08-15T18:27:25.463-0300] {processor.py:836} INFO - DAG(s) dict_keys(['example_weekday_branch_operator']) retrieved from /home/alan/repos/pipeline_airflow/pipeline-airflow-venv/lib/python3.11/site-packages/airflow/example_dags/example_branch_day_of_week_operator.py
[2023-08-15T18:27:25.497-0300] {logging_mixin.py:150} INFO - [2023-08-15T18:27:25.497-0300] {dag.py:2742} INFO - Sync 1 DAGs
[2023-08-15T18:27:25.541-0300] {logging_mixin.py:150} INFO - [2023-08-15T18:27:25.541-0300] {dag.py:3504} INFO - Setting next_dagrun for example_weekday_branch_operator to 2023-08-14T00:00:00+00:00, run_after=2023-08-15T00:00:00+00:00
[2023-08-15T18:27:25.670-0300] {processor.py:179} INFO - Processing /home/alan/repos/pipeline_airflow/pipeline-airflow-venv/lib/python3.11/site-packages/airflow/example_dags/example_branch_day_of_week_operator.py took 0.236 seconds
[2023-08-15T18:28:23.333-0300] {processor.py:157} INFO - Started process (PID=21164) to work on /home/alan/repos/pipeline_airflow/pipeline-airflow-venv/lib/python3.11/site-packages/airflow/example_dags/example_branch_day_of_week_operator.py
[2023-08-15T18:28:23.335-0300] {processor.py:826} INFO - Processing file /home/alan/repos/pipeline_airflow/pipeline-airflow-venv/lib/python3.11/site-packages/airflow/example_dags/example_branch_day_of_week_operator.py for tasks to queue
[2023-08-15T18:28:23.336-0300] {logging_mixin.py:150} INFO - [2023-08-15T18:28:23.335-0300] {dagbag.py:541} INFO - Filling up the DagBag from /home/alan/repos/pipeline_airflow/pipeline-airflow-venv/lib/python3.11/site-packages/airflow/example_dags/example_branch_day_of_week_operator.py
[2023-08-15T18:28:23.355-0300] {processor.py:836} INFO - DAG(s) dict_keys(['example_weekday_branch_operator']) retrieved from /home/alan/repos/pipeline_airflow/pipeline-airflow-venv/lib/python3.11/site-packages/airflow/example_dags/example_branch_day_of_week_operator.py
[2023-08-15T18:28:23.394-0300] {logging_mixin.py:150} INFO - [2023-08-15T18:28:23.394-0300] {dag.py:2742} INFO - Sync 1 DAGs
[2023-08-15T18:28:23.457-0300] {logging_mixin.py:150} INFO - [2023-08-15T18:28:23.457-0300] {dag.py:3504} INFO - Setting next_dagrun for example_weekday_branch_operator to 2023-08-14T00:00:00+00:00, run_after=2023-08-15T00:00:00+00:00
[2023-08-15T18:28:23.622-0300] {processor.py:179} INFO - Processing /home/alan/repos/pipeline_airflow/pipeline-airflow-venv/lib/python3.11/site-packages/airflow/example_dags/example_branch_day_of_week_operator.py took 0.294 seconds
[2023-08-15T18:29:25.611-0300] {processor.py:157} INFO - Started process (PID=21397) to work on /home/alan/repos/pipeline_airflow/pipeline-airflow-venv/lib/python3.11/site-packages/airflow/example_dags/example_branch_day_of_week_operator.py
[2023-08-15T18:29:25.613-0300] {processor.py:826} INFO - Processing file /home/alan/repos/pipeline_airflow/pipeline-airflow-venv/lib/python3.11/site-packages/airflow/example_dags/example_branch_day_of_week_operator.py for tasks to queue
[2023-08-15T18:29:25.615-0300] {logging_mixin.py:150} INFO - [2023-08-15T18:29:25.614-0300] {dagbag.py:541} INFO - Filling up the DagBag from /home/alan/repos/pipeline_airflow/pipeline-airflow-venv/lib/python3.11/site-packages/airflow/example_dags/example_branch_day_of_week_operator.py
[2023-08-15T18:29:25.632-0300] {processor.py:836} INFO - DAG(s) dict_keys(['example_weekday_branch_operator']) retrieved from /home/alan/repos/pipeline_airflow/pipeline-airflow-venv/lib/python3.11/site-packages/airflow/example_dags/example_branch_day_of_week_operator.py
[2023-08-15T18:29:25.666-0300] {logging_mixin.py:150} INFO - [2023-08-15T18:29:25.665-0300] {dag.py:2742} INFO - Sync 1 DAGs
[2023-08-15T18:29:25.707-0300] {logging_mixin.py:150} INFO - [2023-08-15T18:29:25.707-0300] {dag.py:3504} INFO - Setting next_dagrun for example_weekday_branch_operator to 2023-08-14T00:00:00+00:00, run_after=2023-08-15T00:00:00+00:00
[2023-08-15T18:29:25.821-0300] {processor.py:179} INFO - Processing /home/alan/repos/pipeline_airflow/pipeline-airflow-venv/lib/python3.11/site-packages/airflow/example_dags/example_branch_day_of_week_operator.py took 0.217 seconds
[2023-08-15T18:30:22.178-0300] {processor.py:157} INFO - Started process (PID=21619) to work on /home/alan/repos/pipeline_airflow/pipeline-airflow-venv/lib/python3.11/site-packages/airflow/example_dags/example_branch_day_of_week_operator.py
[2023-08-15T18:30:22.190-0300] {processor.py:826} INFO - Processing file /home/alan/repos/pipeline_airflow/pipeline-airflow-venv/lib/python3.11/site-packages/airflow/example_dags/example_branch_day_of_week_operator.py for tasks to queue
[2023-08-15T18:30:22.192-0300] {logging_mixin.py:150} INFO - [2023-08-15T18:30:22.191-0300] {dagbag.py:541} INFO - Filling up the DagBag from /home/alan/repos/pipeline_airflow/pipeline-airflow-venv/lib/python3.11/site-packages/airflow/example_dags/example_branch_day_of_week_operator.py
[2023-08-15T18:30:22.209-0300] {processor.py:836} INFO - DAG(s) dict_keys(['example_weekday_branch_operator']) retrieved from /home/alan/repos/pipeline_airflow/pipeline-airflow-venv/lib/python3.11/site-packages/airflow/example_dags/example_branch_day_of_week_operator.py
[2023-08-15T18:30:22.242-0300] {logging_mixin.py:150} INFO - [2023-08-15T18:30:22.242-0300] {dag.py:2742} INFO - Sync 1 DAGs
[2023-08-15T18:30:22.280-0300] {logging_mixin.py:150} INFO - [2023-08-15T18:30:22.280-0300] {dag.py:3504} INFO - Setting next_dagrun for example_weekday_branch_operator to 2023-08-14T00:00:00+00:00, run_after=2023-08-15T00:00:00+00:00
[2023-08-15T18:30:22.383-0300] {processor.py:179} INFO - Processing /home/alan/repos/pipeline_airflow/pipeline-airflow-venv/lib/python3.11/site-packages/airflow/example_dags/example_branch_day_of_week_operator.py took 0.210 seconds
[2023-08-15T18:31:46.684-0300] {processor.py:157} INFO - Started process (PID=21921) to work on /home/alan/repos/pipeline_airflow/pipeline-airflow-venv/lib/python3.11/site-packages/airflow/example_dags/example_branch_day_of_week_operator.py
[2023-08-15T18:31:46.698-0300] {processor.py:826} INFO - Processing file /home/alan/repos/pipeline_airflow/pipeline-airflow-venv/lib/python3.11/site-packages/airflow/example_dags/example_branch_day_of_week_operator.py for tasks to queue
[2023-08-15T18:31:46.699-0300] {logging_mixin.py:150} INFO - [2023-08-15T18:31:46.699-0300] {dagbag.py:541} INFO - Filling up the DagBag from /home/alan/repos/pipeline_airflow/pipeline-airflow-venv/lib/python3.11/site-packages/airflow/example_dags/example_branch_day_of_week_operator.py
[2023-08-15T18:31:46.714-0300] {processor.py:836} INFO - DAG(s) dict_keys(['example_weekday_branch_operator']) retrieved from /home/alan/repos/pipeline_airflow/pipeline-airflow-venv/lib/python3.11/site-packages/airflow/example_dags/example_branch_day_of_week_operator.py
[2023-08-15T18:31:46.747-0300] {logging_mixin.py:150} INFO - [2023-08-15T18:31:46.747-0300] {dag.py:2742} INFO - Sync 1 DAGs
[2023-08-15T18:31:46.788-0300] {logging_mixin.py:150} INFO - [2023-08-15T18:31:46.787-0300] {dag.py:3504} INFO - Setting next_dagrun for example_weekday_branch_operator to 2023-08-14T00:00:00+00:00, run_after=2023-08-15T00:00:00+00:00
[2023-08-15T18:31:46.947-0300] {processor.py:179} INFO - Processing /home/alan/repos/pipeline_airflow/pipeline-airflow-venv/lib/python3.11/site-packages/airflow/example_dags/example_branch_day_of_week_operator.py took 0.268 seconds
[2023-08-15T18:33:10.548-0300] {processor.py:157} INFO - Started process (PID=22238) to work on /home/alan/repos/pipeline_airflow/pipeline-airflow-venv/lib/python3.11/site-packages/airflow/example_dags/example_branch_day_of_week_operator.py
[2023-08-15T18:33:10.561-0300] {processor.py:826} INFO - Processing file /home/alan/repos/pipeline_airflow/pipeline-airflow-venv/lib/python3.11/site-packages/airflow/example_dags/example_branch_day_of_week_operator.py for tasks to queue
[2023-08-15T18:33:10.562-0300] {logging_mixin.py:150} INFO - [2023-08-15T18:33:10.562-0300] {dagbag.py:541} INFO - Filling up the DagBag from /home/alan/repos/pipeline_airflow/pipeline-airflow-venv/lib/python3.11/site-packages/airflow/example_dags/example_branch_day_of_week_operator.py
[2023-08-15T18:33:10.577-0300] {processor.py:836} INFO - DAG(s) dict_keys(['example_weekday_branch_operator']) retrieved from /home/alan/repos/pipeline_airflow/pipeline-airflow-venv/lib/python3.11/site-packages/airflow/example_dags/example_branch_day_of_week_operator.py
[2023-08-15T18:33:10.608-0300] {logging_mixin.py:150} INFO - [2023-08-15T18:33:10.608-0300] {dag.py:2742} INFO - Sync 1 DAGs
[2023-08-15T18:33:10.652-0300] {logging_mixin.py:150} INFO - [2023-08-15T18:33:10.652-0300] {dag.py:3504} INFO - Setting next_dagrun for example_weekday_branch_operator to 2023-08-14T00:00:00+00:00, run_after=2023-08-15T00:00:00+00:00
[2023-08-15T18:33:10.800-0300] {processor.py:179} INFO - Processing /home/alan/repos/pipeline_airflow/pipeline-airflow-venv/lib/python3.11/site-packages/airflow/example_dags/example_branch_day_of_week_operator.py took 0.257 seconds
[2023-08-15T18:34:08.587-0300] {processor.py:157} INFO - Started process (PID=22454) to work on /home/alan/repos/pipeline_airflow/pipeline-airflow-venv/lib/python3.11/site-packages/airflow/example_dags/example_branch_day_of_week_operator.py
[2023-08-15T18:34:08.601-0300] {processor.py:826} INFO - Processing file /home/alan/repos/pipeline_airflow/pipeline-airflow-venv/lib/python3.11/site-packages/airflow/example_dags/example_branch_day_of_week_operator.py for tasks to queue
[2023-08-15T18:34:08.603-0300] {logging_mixin.py:150} INFO - [2023-08-15T18:34:08.602-0300] {dagbag.py:541} INFO - Filling up the DagBag from /home/alan/repos/pipeline_airflow/pipeline-airflow-venv/lib/python3.11/site-packages/airflow/example_dags/example_branch_day_of_week_operator.py
[2023-08-15T18:34:08.620-0300] {processor.py:836} INFO - DAG(s) dict_keys(['example_weekday_branch_operator']) retrieved from /home/alan/repos/pipeline_airflow/pipeline-airflow-venv/lib/python3.11/site-packages/airflow/example_dags/example_branch_day_of_week_operator.py
[2023-08-15T18:34:08.655-0300] {logging_mixin.py:150} INFO - [2023-08-15T18:34:08.654-0300] {dag.py:2742} INFO - Sync 1 DAGs
[2023-08-15T18:34:08.696-0300] {logging_mixin.py:150} INFO - [2023-08-15T18:34:08.696-0300] {dag.py:3504} INFO - Setting next_dagrun for example_weekday_branch_operator to 2023-08-14T00:00:00+00:00, run_after=2023-08-15T00:00:00+00:00
[2023-08-15T18:34:08.803-0300] {processor.py:179} INFO - Processing /home/alan/repos/pipeline_airflow/pipeline-airflow-venv/lib/python3.11/site-packages/airflow/example_dags/example_branch_day_of_week_operator.py took 0.222 seconds
[2023-08-15T18:35:28.863-0300] {processor.py:157} INFO - Started process (PID=22741) to work on /home/alan/repos/pipeline_airflow/pipeline-airflow-venv/lib/python3.11/site-packages/airflow/example_dags/example_branch_day_of_week_operator.py
[2023-08-15T18:35:28.880-0300] {processor.py:826} INFO - Processing file /home/alan/repos/pipeline_airflow/pipeline-airflow-venv/lib/python3.11/site-packages/airflow/example_dags/example_branch_day_of_week_operator.py for tasks to queue
[2023-08-15T18:35:28.881-0300] {logging_mixin.py:150} INFO - [2023-08-15T18:35:28.881-0300] {dagbag.py:541} INFO - Filling up the DagBag from /home/alan/repos/pipeline_airflow/pipeline-airflow-venv/lib/python3.11/site-packages/airflow/example_dags/example_branch_day_of_week_operator.py
[2023-08-15T18:35:28.899-0300] {processor.py:836} INFO - DAG(s) dict_keys(['example_weekday_branch_operator']) retrieved from /home/alan/repos/pipeline_airflow/pipeline-airflow-venv/lib/python3.11/site-packages/airflow/example_dags/example_branch_day_of_week_operator.py
[2023-08-15T18:35:28.940-0300] {logging_mixin.py:150} INFO - [2023-08-15T18:35:28.940-0300] {dag.py:2742} INFO - Sync 1 DAGs
[2023-08-15T18:35:28.980-0300] {logging_mixin.py:150} INFO - [2023-08-15T18:35:28.980-0300] {dag.py:3504} INFO - Setting next_dagrun for example_weekday_branch_operator to 2023-08-14T00:00:00+00:00, run_after=2023-08-15T00:00:00+00:00
[2023-08-15T18:35:29.105-0300] {processor.py:179} INFO - Processing /home/alan/repos/pipeline_airflow/pipeline-airflow-venv/lib/python3.11/site-packages/airflow/example_dags/example_branch_day_of_week_operator.py took 0.250 seconds
[2023-08-15T18:36:28.426-0300] {processor.py:157} INFO - Started process (PID=22952) to work on /home/alan/repos/pipeline_airflow/pipeline-airflow-venv/lib/python3.11/site-packages/airflow/example_dags/example_branch_day_of_week_operator.py
[2023-08-15T18:36:28.440-0300] {processor.py:826} INFO - Processing file /home/alan/repos/pipeline_airflow/pipeline-airflow-venv/lib/python3.11/site-packages/airflow/example_dags/example_branch_day_of_week_operator.py for tasks to queue
[2023-08-15T18:36:28.441-0300] {logging_mixin.py:150} INFO - [2023-08-15T18:36:28.440-0300] {dagbag.py:541} INFO - Filling up the DagBag from /home/alan/repos/pipeline_airflow/pipeline-airflow-venv/lib/python3.11/site-packages/airflow/example_dags/example_branch_day_of_week_operator.py
[2023-08-15T18:36:28.455-0300] {processor.py:836} INFO - DAG(s) dict_keys(['example_weekday_branch_operator']) retrieved from /home/alan/repos/pipeline_airflow/pipeline-airflow-venv/lib/python3.11/site-packages/airflow/example_dags/example_branch_day_of_week_operator.py
[2023-08-15T18:36:28.485-0300] {logging_mixin.py:150} INFO - [2023-08-15T18:36:28.485-0300] {dag.py:2742} INFO - Sync 1 DAGs
[2023-08-15T18:36:28.530-0300] {logging_mixin.py:150} INFO - [2023-08-15T18:36:28.530-0300] {dag.py:3504} INFO - Setting next_dagrun for example_weekday_branch_operator to 2023-08-14T00:00:00+00:00, run_after=2023-08-15T00:00:00+00:00
[2023-08-15T18:36:28.627-0300] {processor.py:179} INFO - Processing /home/alan/repos/pipeline_airflow/pipeline-airflow-venv/lib/python3.11/site-packages/airflow/example_dags/example_branch_day_of_week_operator.py took 0.206 seconds
[2023-08-15T18:37:39.515-0300] {processor.py:157} INFO - Started process (PID=23250) to work on /home/alan/repos/pipeline_airflow/pipeline-airflow-venv/lib/python3.11/site-packages/airflow/example_dags/example_branch_day_of_week_operator.py
[2023-08-15T18:37:39.531-0300] {processor.py:826} INFO - Processing file /home/alan/repos/pipeline_airflow/pipeline-airflow-venv/lib/python3.11/site-packages/airflow/example_dags/example_branch_day_of_week_operator.py for tasks to queue
[2023-08-15T18:37:39.533-0300] {logging_mixin.py:150} INFO - [2023-08-15T18:37:39.532-0300] {dagbag.py:541} INFO - Filling up the DagBag from /home/alan/repos/pipeline_airflow/pipeline-airflow-venv/lib/python3.11/site-packages/airflow/example_dags/example_branch_day_of_week_operator.py
[2023-08-15T18:37:39.553-0300] {processor.py:836} INFO - DAG(s) dict_keys(['example_weekday_branch_operator']) retrieved from /home/alan/repos/pipeline_airflow/pipeline-airflow-venv/lib/python3.11/site-packages/airflow/example_dags/example_branch_day_of_week_operator.py
[2023-08-15T18:37:39.591-0300] {logging_mixin.py:150} INFO - [2023-08-15T18:37:39.591-0300] {dag.py:2742} INFO - Sync 1 DAGs
[2023-08-15T18:37:39.629-0300] {logging_mixin.py:150} INFO - [2023-08-15T18:37:39.629-0300] {dag.py:3504} INFO - Setting next_dagrun for example_weekday_branch_operator to 2023-08-14T00:00:00+00:00, run_after=2023-08-15T00:00:00+00:00
[2023-08-15T18:37:39.741-0300] {processor.py:179} INFO - Processing /home/alan/repos/pipeline_airflow/pipeline-airflow-venv/lib/python3.11/site-packages/airflow/example_dags/example_branch_day_of_week_operator.py took 0.231 seconds
[2023-08-15T18:45:00.799-0300] {processor.py:157} INFO - Started process (PID=23944) to work on /home/alan/repos/pipeline_airflow/pipeline-airflow-venv/lib/python3.11/site-packages/airflow/example_dags/example_branch_day_of_week_operator.py
[2023-08-15T18:45:00.801-0300] {processor.py:826} INFO - Processing file /home/alan/repos/pipeline_airflow/pipeline-airflow-venv/lib/python3.11/site-packages/airflow/example_dags/example_branch_day_of_week_operator.py for tasks to queue
[2023-08-15T18:45:00.803-0300] {logging_mixin.py:150} INFO - [2023-08-15T18:45:00.802-0300] {dagbag.py:541} INFO - Filling up the DagBag from /home/alan/repos/pipeline_airflow/pipeline-airflow-venv/lib/python3.11/site-packages/airflow/example_dags/example_branch_day_of_week_operator.py
[2023-08-15T18:45:00.819-0300] {processor.py:836} INFO - DAG(s) dict_keys(['example_weekday_branch_operator']) retrieved from /home/alan/repos/pipeline_airflow/pipeline-airflow-venv/lib/python3.11/site-packages/airflow/example_dags/example_branch_day_of_week_operator.py
[2023-08-15T18:45:00.859-0300] {logging_mixin.py:150} INFO - [2023-08-15T18:45:00.858-0300] {dag.py:2742} INFO - Sync 1 DAGs
[2023-08-15T18:45:00.902-0300] {logging_mixin.py:150} INFO - [2023-08-15T18:45:00.902-0300] {dag.py:3504} INFO - Setting next_dagrun for example_weekday_branch_operator to 2023-08-14T00:00:00+00:00, run_after=2023-08-15T00:00:00+00:00
[2023-08-15T18:45:01.021-0300] {processor.py:179} INFO - Processing /home/alan/repos/pipeline_airflow/pipeline-airflow-venv/lib/python3.11/site-packages/airflow/example_dags/example_branch_day_of_week_operator.py took 0.227 seconds
[2023-08-15T18:46:22.411-0300] {processor.py:157} INFO - Started process (PID=24282) to work on /home/alan/repos/pipeline_airflow/pipeline-airflow-venv/lib/python3.11/site-packages/airflow/example_dags/example_branch_day_of_week_operator.py
[2023-08-15T18:46:22.420-0300] {processor.py:826} INFO - Processing file /home/alan/repos/pipeline_airflow/pipeline-airflow-venv/lib/python3.11/site-packages/airflow/example_dags/example_branch_day_of_week_operator.py for tasks to queue
[2023-08-15T18:46:22.421-0300] {logging_mixin.py:150} INFO - [2023-08-15T18:46:22.421-0300] {dagbag.py:541} INFO - Filling up the DagBag from /home/alan/repos/pipeline_airflow/pipeline-airflow-venv/lib/python3.11/site-packages/airflow/example_dags/example_branch_day_of_week_operator.py
[2023-08-15T18:46:22.441-0300] {processor.py:836} INFO - DAG(s) dict_keys(['example_weekday_branch_operator']) retrieved from /home/alan/repos/pipeline_airflow/pipeline-airflow-venv/lib/python3.11/site-packages/airflow/example_dags/example_branch_day_of_week_operator.py
[2023-08-15T18:46:22.476-0300] {logging_mixin.py:150} INFO - [2023-08-15T18:46:22.475-0300] {dag.py:2742} INFO - Sync 1 DAGs
[2023-08-15T18:46:22.549-0300] {logging_mixin.py:150} INFO - [2023-08-15T18:46:22.549-0300] {dag.py:3504} INFO - Setting next_dagrun for example_weekday_branch_operator to 2023-08-14T00:00:00+00:00, run_after=2023-08-15T00:00:00+00:00
[2023-08-15T18:46:22.695-0300] {processor.py:179} INFO - Processing /home/alan/repos/pipeline_airflow/pipeline-airflow-venv/lib/python3.11/site-packages/airflow/example_dags/example_branch_day_of_week_operator.py took 0.290 seconds
[2023-08-15T18:47:25.943-0300] {processor.py:157} INFO - Started process (PID=24505) to work on /home/alan/repos/pipeline_airflow/pipeline-airflow-venv/lib/python3.11/site-packages/airflow/example_dags/example_branch_day_of_week_operator.py
[2023-08-15T18:47:25.945-0300] {processor.py:826} INFO - Processing file /home/alan/repos/pipeline_airflow/pipeline-airflow-venv/lib/python3.11/site-packages/airflow/example_dags/example_branch_day_of_week_operator.py for tasks to queue
[2023-08-15T18:47:25.946-0300] {logging_mixin.py:150} INFO - [2023-08-15T18:47:25.945-0300] {dagbag.py:541} INFO - Filling up the DagBag from /home/alan/repos/pipeline_airflow/pipeline-airflow-venv/lib/python3.11/site-packages/airflow/example_dags/example_branch_day_of_week_operator.py
[2023-08-15T18:47:25.962-0300] {processor.py:836} INFO - DAG(s) dict_keys(['example_weekday_branch_operator']) retrieved from /home/alan/repos/pipeline_airflow/pipeline-airflow-venv/lib/python3.11/site-packages/airflow/example_dags/example_branch_day_of_week_operator.py
[2023-08-15T18:47:25.998-0300] {logging_mixin.py:150} INFO - [2023-08-15T18:47:25.997-0300] {dag.py:2742} INFO - Sync 1 DAGs
[2023-08-15T18:47:26.041-0300] {logging_mixin.py:150} INFO - [2023-08-15T18:47:26.040-0300] {dag.py:3504} INFO - Setting next_dagrun for example_weekday_branch_operator to 2023-08-14T00:00:00+00:00, run_after=2023-08-15T00:00:00+00:00
[2023-08-15T18:47:26.172-0300] {processor.py:179} INFO - Processing /home/alan/repos/pipeline_airflow/pipeline-airflow-venv/lib/python3.11/site-packages/airflow/example_dags/example_branch_day_of_week_operator.py took 0.234 seconds
[2023-08-15T18:48:30.121-0300] {processor.py:157} INFO - Started process (PID=24725) to work on /home/alan/repos/pipeline_airflow/pipeline-airflow-venv/lib/python3.11/site-packages/airflow/example_dags/example_branch_day_of_week_operator.py
[2023-08-15T18:48:30.124-0300] {processor.py:826} INFO - Processing file /home/alan/repos/pipeline_airflow/pipeline-airflow-venv/lib/python3.11/site-packages/airflow/example_dags/example_branch_day_of_week_operator.py for tasks to queue
[2023-08-15T18:48:30.125-0300] {logging_mixin.py:150} INFO - [2023-08-15T18:48:30.125-0300] {dagbag.py:541} INFO - Filling up the DagBag from /home/alan/repos/pipeline_airflow/pipeline-airflow-venv/lib/python3.11/site-packages/airflow/example_dags/example_branch_day_of_week_operator.py
[2023-08-15T18:48:30.139-0300] {processor.py:836} INFO - DAG(s) dict_keys(['example_weekday_branch_operator']) retrieved from /home/alan/repos/pipeline_airflow/pipeline-airflow-venv/lib/python3.11/site-packages/airflow/example_dags/example_branch_day_of_week_operator.py
[2023-08-15T18:48:30.170-0300] {logging_mixin.py:150} INFO - [2023-08-15T18:48:30.170-0300] {dag.py:2742} INFO - Sync 1 DAGs
[2023-08-15T18:48:30.463-0300] {logging_mixin.py:150} INFO - [2023-08-15T18:48:30.463-0300] {dag.py:3504} INFO - Setting next_dagrun for example_weekday_branch_operator to 2023-08-14T00:00:00+00:00, run_after=2023-08-15T00:00:00+00:00
[2023-08-15T18:48:30.588-0300] {processor.py:179} INFO - Processing /home/alan/repos/pipeline_airflow/pipeline-airflow-venv/lib/python3.11/site-packages/airflow/example_dags/example_branch_day_of_week_operator.py took 0.472 seconds
[2023-08-15T18:49:38.679-0300] {processor.py:157} INFO - Started process (PID=24951) to work on /home/alan/repos/pipeline_airflow/pipeline-airflow-venv/lib/python3.11/site-packages/airflow/example_dags/example_branch_day_of_week_operator.py
[2023-08-15T18:49:38.681-0300] {processor.py:826} INFO - Processing file /home/alan/repos/pipeline_airflow/pipeline-airflow-venv/lib/python3.11/site-packages/airflow/example_dags/example_branch_day_of_week_operator.py for tasks to queue
[2023-08-15T18:49:38.682-0300] {logging_mixin.py:150} INFO - [2023-08-15T18:49:38.682-0300] {dagbag.py:541} INFO - Filling up the DagBag from /home/alan/repos/pipeline_airflow/pipeline-airflow-venv/lib/python3.11/site-packages/airflow/example_dags/example_branch_day_of_week_operator.py
[2023-08-15T18:49:38.697-0300] {processor.py:836} INFO - DAG(s) dict_keys(['example_weekday_branch_operator']) retrieved from /home/alan/repos/pipeline_airflow/pipeline-airflow-venv/lib/python3.11/site-packages/airflow/example_dags/example_branch_day_of_week_operator.py
[2023-08-15T18:49:38.729-0300] {logging_mixin.py:150} INFO - [2023-08-15T18:49:38.728-0300] {dag.py:2742} INFO - Sync 1 DAGs
[2023-08-15T18:49:38.767-0300] {logging_mixin.py:150} INFO - [2023-08-15T18:49:38.767-0300] {dag.py:3504} INFO - Setting next_dagrun for example_weekday_branch_operator to 2023-08-14T00:00:00+00:00, run_after=2023-08-15T00:00:00+00:00
[2023-08-15T18:49:38.879-0300] {processor.py:179} INFO - Processing /home/alan/repos/pipeline_airflow/pipeline-airflow-venv/lib/python3.11/site-packages/airflow/example_dags/example_branch_day_of_week_operator.py took 0.205 seconds
[2023-08-15T18:50:36.440-0300] {processor.py:157} INFO - Started process (PID=25165) to work on /home/alan/repos/pipeline_airflow/pipeline-airflow-venv/lib/python3.11/site-packages/airflow/example_dags/example_branch_day_of_week_operator.py
[2023-08-15T18:50:36.453-0300] {processor.py:826} INFO - Processing file /home/alan/repos/pipeline_airflow/pipeline-airflow-venv/lib/python3.11/site-packages/airflow/example_dags/example_branch_day_of_week_operator.py for tasks to queue
[2023-08-15T18:50:36.455-0300] {logging_mixin.py:150} INFO - [2023-08-15T18:50:36.454-0300] {dagbag.py:541} INFO - Filling up the DagBag from /home/alan/repos/pipeline_airflow/pipeline-airflow-venv/lib/python3.11/site-packages/airflow/example_dags/example_branch_day_of_week_operator.py
[2023-08-15T18:50:36.472-0300] {processor.py:836} INFO - DAG(s) dict_keys(['example_weekday_branch_operator']) retrieved from /home/alan/repos/pipeline_airflow/pipeline-airflow-venv/lib/python3.11/site-packages/airflow/example_dags/example_branch_day_of_week_operator.py
[2023-08-15T18:50:36.508-0300] {logging_mixin.py:150} INFO - [2023-08-15T18:50:36.508-0300] {dag.py:2742} INFO - Sync 1 DAGs
[2023-08-15T18:50:36.554-0300] {logging_mixin.py:150} INFO - [2023-08-15T18:50:36.553-0300] {dag.py:3504} INFO - Setting next_dagrun for example_weekday_branch_operator to 2023-08-14T00:00:00+00:00, run_after=2023-08-15T00:00:00+00:00
[2023-08-15T18:50:36.675-0300] {processor.py:179} INFO - Processing /home/alan/repos/pipeline_airflow/pipeline-airflow-venv/lib/python3.11/site-packages/airflow/example_dags/example_branch_day_of_week_operator.py took 0.243 seconds
[2023-08-15T18:51:52.879-0300] {processor.py:157} INFO - Started process (PID=25557) to work on /home/alan/repos/pipeline_airflow/pipeline-airflow-venv/lib/python3.11/site-packages/airflow/example_dags/example_branch_day_of_week_operator.py
[2023-08-15T18:51:52.881-0300] {processor.py:826} INFO - Processing file /home/alan/repos/pipeline_airflow/pipeline-airflow-venv/lib/python3.11/site-packages/airflow/example_dags/example_branch_day_of_week_operator.py for tasks to queue
[2023-08-15T18:51:52.882-0300] {logging_mixin.py:150} INFO - [2023-08-15T18:51:52.882-0300] {dagbag.py:541} INFO - Filling up the DagBag from /home/alan/repos/pipeline_airflow/pipeline-airflow-venv/lib/python3.11/site-packages/airflow/example_dags/example_branch_day_of_week_operator.py
[2023-08-15T18:51:52.902-0300] {processor.py:836} INFO - DAG(s) dict_keys(['example_weekday_branch_operator']) retrieved from /home/alan/repos/pipeline_airflow/pipeline-airflow-venv/lib/python3.11/site-packages/airflow/example_dags/example_branch_day_of_week_operator.py
[2023-08-15T18:51:52.941-0300] {logging_mixin.py:150} INFO - [2023-08-15T18:51:52.941-0300] {dag.py:2742} INFO - Sync 1 DAGs
[2023-08-15T18:51:52.986-0300] {logging_mixin.py:150} INFO - [2023-08-15T18:51:52.985-0300] {dag.py:3504} INFO - Setting next_dagrun for example_weekday_branch_operator to 2023-08-14T00:00:00+00:00, run_after=2023-08-15T00:00:00+00:00
[2023-08-15T18:51:53.095-0300] {processor.py:179} INFO - Processing /home/alan/repos/pipeline_airflow/pipeline-airflow-venv/lib/python3.11/site-packages/airflow/example_dags/example_branch_day_of_week_operator.py took 0.223 seconds
[2023-08-15T18:53:00.586-0300] {processor.py:157} INFO - Started process (PID=25852) to work on /home/alan/repos/pipeline_airflow/pipeline-airflow-venv/lib/python3.11/site-packages/airflow/example_dags/example_branch_day_of_week_operator.py
[2023-08-15T18:53:00.588-0300] {processor.py:826} INFO - Processing file /home/alan/repos/pipeline_airflow/pipeline-airflow-venv/lib/python3.11/site-packages/airflow/example_dags/example_branch_day_of_week_operator.py for tasks to queue
[2023-08-15T18:53:00.589-0300] {logging_mixin.py:150} INFO - [2023-08-15T18:53:00.589-0300] {dagbag.py:541} INFO - Filling up the DagBag from /home/alan/repos/pipeline_airflow/pipeline-airflow-venv/lib/python3.11/site-packages/airflow/example_dags/example_branch_day_of_week_operator.py
[2023-08-15T18:53:00.603-0300] {processor.py:836} INFO - DAG(s) dict_keys(['example_weekday_branch_operator']) retrieved from /home/alan/repos/pipeline_airflow/pipeline-airflow-venv/lib/python3.11/site-packages/airflow/example_dags/example_branch_day_of_week_operator.py
[2023-08-15T18:53:00.636-0300] {logging_mixin.py:150} INFO - [2023-08-15T18:53:00.636-0300] {dag.py:2742} INFO - Sync 1 DAGs
[2023-08-15T18:53:00.674-0300] {logging_mixin.py:150} INFO - [2023-08-15T18:53:00.674-0300] {dag.py:3504} INFO - Setting next_dagrun for example_weekday_branch_operator to 2023-08-14T00:00:00+00:00, run_after=2023-08-15T00:00:00+00:00
[2023-08-15T18:53:00.788-0300] {processor.py:179} INFO - Processing /home/alan/repos/pipeline_airflow/pipeline-airflow-venv/lib/python3.11/site-packages/airflow/example_dags/example_branch_day_of_week_operator.py took 0.207 seconds
[2023-08-15T18:53:55.818-0300] {processor.py:157} INFO - Started process (PID=26059) to work on /home/alan/repos/pipeline_airflow/pipeline-airflow-venv/lib/python3.11/site-packages/airflow/example_dags/example_branch_day_of_week_operator.py
[2023-08-15T18:53:55.834-0300] {processor.py:826} INFO - Processing file /home/alan/repos/pipeline_airflow/pipeline-airflow-venv/lib/python3.11/site-packages/airflow/example_dags/example_branch_day_of_week_operator.py for tasks to queue
[2023-08-15T18:53:55.836-0300] {logging_mixin.py:150} INFO - [2023-08-15T18:53:55.835-0300] {dagbag.py:541} INFO - Filling up the DagBag from /home/alan/repos/pipeline_airflow/pipeline-airflow-venv/lib/python3.11/site-packages/airflow/example_dags/example_branch_day_of_week_operator.py
[2023-08-15T18:53:55.853-0300] {processor.py:836} INFO - DAG(s) dict_keys(['example_weekday_branch_operator']) retrieved from /home/alan/repos/pipeline_airflow/pipeline-airflow-venv/lib/python3.11/site-packages/airflow/example_dags/example_branch_day_of_week_operator.py
[2023-08-15T18:53:55.887-0300] {logging_mixin.py:150} INFO - [2023-08-15T18:53:55.887-0300] {dag.py:2742} INFO - Sync 1 DAGs
[2023-08-15T18:53:55.924-0300] {logging_mixin.py:150} INFO - [2023-08-15T18:53:55.924-0300] {dag.py:3504} INFO - Setting next_dagrun for example_weekday_branch_operator to 2023-08-14T00:00:00+00:00, run_after=2023-08-15T00:00:00+00:00
[2023-08-15T18:53:56.049-0300] {processor.py:179} INFO - Processing /home/alan/repos/pipeline_airflow/pipeline-airflow-venv/lib/python3.11/site-packages/airflow/example_dags/example_branch_day_of_week_operator.py took 0.237 seconds
[2023-08-15T18:55:08.660-0300] {processor.py:157} INFO - Started process (PID=26522) to work on /home/alan/repos/pipeline_airflow/pipeline-airflow-venv/lib/python3.11/site-packages/airflow/example_dags/example_branch_day_of_week_operator.py
[2023-08-15T18:55:08.740-0300] {processor.py:826} INFO - Processing file /home/alan/repos/pipeline_airflow/pipeline-airflow-venv/lib/python3.11/site-packages/airflow/example_dags/example_branch_day_of_week_operator.py for tasks to queue
[2023-08-15T18:55:08.742-0300] {logging_mixin.py:150} INFO - [2023-08-15T18:55:08.741-0300] {dagbag.py:541} INFO - Filling up the DagBag from /home/alan/repos/pipeline_airflow/pipeline-airflow-venv/lib/python3.11/site-packages/airflow/example_dags/example_branch_day_of_week_operator.py
[2023-08-15T18:55:08.762-0300] {processor.py:836} INFO - DAG(s) dict_keys(['example_weekday_branch_operator']) retrieved from /home/alan/repos/pipeline_airflow/pipeline-airflow-venv/lib/python3.11/site-packages/airflow/example_dags/example_branch_day_of_week_operator.py
[2023-08-15T18:55:08.802-0300] {logging_mixin.py:150} INFO - [2023-08-15T18:55:08.802-0300] {dag.py:2742} INFO - Sync 1 DAGs
[2023-08-15T18:55:08.841-0300] {logging_mixin.py:150} INFO - [2023-08-15T18:55:08.841-0300] {dag.py:3504} INFO - Setting next_dagrun for example_weekday_branch_operator to 2023-08-14T00:00:00+00:00, run_after=2023-08-15T00:00:00+00:00
[2023-08-15T18:55:09.607-0300] {processor.py:179} INFO - Processing /home/alan/repos/pipeline_airflow/pipeline-airflow-venv/lib/python3.11/site-packages/airflow/example_dags/example_branch_day_of_week_operator.py took 0.957 seconds
[2023-08-15T19:00:46.565-0300] {processor.py:157} INFO - Started process (PID=27425) to work on /home/alan/repos/pipeline_airflow/pipeline-airflow-venv/lib/python3.11/site-packages/airflow/example_dags/example_branch_day_of_week_operator.py
[2023-08-15T19:00:46.736-0300] {processor.py:826} INFO - Processing file /home/alan/repos/pipeline_airflow/pipeline-airflow-venv/lib/python3.11/site-packages/airflow/example_dags/example_branch_day_of_week_operator.py for tasks to queue
[2023-08-15T19:00:46.738-0300] {logging_mixin.py:150} INFO - [2023-08-15T19:00:46.737-0300] {dagbag.py:541} INFO - Filling up the DagBag from /home/alan/repos/pipeline_airflow/pipeline-airflow-venv/lib/python3.11/site-packages/airflow/example_dags/example_branch_day_of_week_operator.py
[2023-08-15T19:00:46.819-0300] {processor.py:836} INFO - DAG(s) dict_keys(['example_weekday_branch_operator']) retrieved from /home/alan/repos/pipeline_airflow/pipeline-airflow-venv/lib/python3.11/site-packages/airflow/example_dags/example_branch_day_of_week_operator.py
[2023-08-15T19:00:46.958-0300] {logging_mixin.py:150} INFO - [2023-08-15T19:00:46.958-0300] {dag.py:2742} INFO - Sync 1 DAGs
[2023-08-15T19:00:47.013-0300] {logging_mixin.py:150} INFO - [2023-08-15T19:00:47.013-0300] {dag.py:3504} INFO - Setting next_dagrun for example_weekday_branch_operator to 2023-08-14T00:00:00+00:00, run_after=2023-08-15T00:00:00+00:00
[2023-08-15T19:00:47.637-0300] {processor.py:179} INFO - Processing /home/alan/repos/pipeline_airflow/pipeline-airflow-venv/lib/python3.11/site-packages/airflow/example_dags/example_branch_day_of_week_operator.py took 1.078 seconds
[2023-08-15T19:03:46.345-0300] {processor.py:157} INFO - Started process (PID=28129) to work on /home/alan/repos/pipeline_airflow/pipeline-airflow-venv/lib/python3.11/site-packages/airflow/example_dags/example_branch_day_of_week_operator.py
[2023-08-15T19:03:46.468-0300] {processor.py:826} INFO - Processing file /home/alan/repos/pipeline_airflow/pipeline-airflow-venv/lib/python3.11/site-packages/airflow/example_dags/example_branch_day_of_week_operator.py for tasks to queue
[2023-08-15T19:03:46.469-0300] {logging_mixin.py:150} INFO - [2023-08-15T19:03:46.469-0300] {dagbag.py:541} INFO - Filling up the DagBag from /home/alan/repos/pipeline_airflow/pipeline-airflow-venv/lib/python3.11/site-packages/airflow/example_dags/example_branch_day_of_week_operator.py
[2023-08-15T19:03:46.495-0300] {processor.py:836} INFO - DAG(s) dict_keys(['example_weekday_branch_operator']) retrieved from /home/alan/repos/pipeline_airflow/pipeline-airflow-venv/lib/python3.11/site-packages/airflow/example_dags/example_branch_day_of_week_operator.py
[2023-08-15T19:03:46.550-0300] {logging_mixin.py:150} INFO - [2023-08-15T19:03:46.550-0300] {dag.py:2742} INFO - Sync 1 DAGs
[2023-08-15T19:03:46.618-0300] {logging_mixin.py:150} INFO - [2023-08-15T19:03:46.618-0300] {dag.py:3504} INFO - Setting next_dagrun for example_weekday_branch_operator to 2023-08-14T00:00:00+00:00, run_after=2023-08-15T00:00:00+00:00
[2023-08-15T19:03:47.093-0300] {processor.py:179} INFO - Processing /home/alan/repos/pipeline_airflow/pipeline-airflow-venv/lib/python3.11/site-packages/airflow/example_dags/example_branch_day_of_week_operator.py took 0.756 seconds
[2023-08-15T19:05:20.691-0300] {processor.py:157} INFO - Started process (PID=28561) to work on /home/alan/repos/pipeline_airflow/pipeline-airflow-venv/lib/python3.11/site-packages/airflow/example_dags/example_branch_day_of_week_operator.py
[2023-08-15T19:05:20.693-0300] {processor.py:826} INFO - Processing file /home/alan/repos/pipeline_airflow/pipeline-airflow-venv/lib/python3.11/site-packages/airflow/example_dags/example_branch_day_of_week_operator.py for tasks to queue
[2023-08-15T19:05:20.695-0300] {logging_mixin.py:150} INFO - [2023-08-15T19:05:20.694-0300] {dagbag.py:541} INFO - Filling up the DagBag from /home/alan/repos/pipeline_airflow/pipeline-airflow-venv/lib/python3.11/site-packages/airflow/example_dags/example_branch_day_of_week_operator.py
[2023-08-15T19:05:20.708-0300] {processor.py:836} INFO - DAG(s) dict_keys(['example_weekday_branch_operator']) retrieved from /home/alan/repos/pipeline_airflow/pipeline-airflow-venv/lib/python3.11/site-packages/airflow/example_dags/example_branch_day_of_week_operator.py
[2023-08-15T19:05:20.739-0300] {logging_mixin.py:150} INFO - [2023-08-15T19:05:20.738-0300] {dag.py:2742} INFO - Sync 1 DAGs
[2023-08-15T19:05:20.777-0300] {logging_mixin.py:150} INFO - [2023-08-15T19:05:20.776-0300] {dag.py:3504} INFO - Setting next_dagrun for example_weekday_branch_operator to 2023-08-14T00:00:00+00:00, run_after=2023-08-15T00:00:00+00:00
[2023-08-15T19:05:20.902-0300] {processor.py:179} INFO - Processing /home/alan/repos/pipeline_airflow/pipeline-airflow-venv/lib/python3.11/site-packages/airflow/example_dags/example_branch_day_of_week_operator.py took 0.216 seconds
[2023-08-15T19:06:32.069-0300] {processor.py:157} INFO - Started process (PID=28791) to work on /home/alan/repos/pipeline_airflow/pipeline-airflow-venv/lib/python3.11/site-packages/airflow/example_dags/example_branch_day_of_week_operator.py
[2023-08-15T19:06:32.071-0300] {processor.py:826} INFO - Processing file /home/alan/repos/pipeline_airflow/pipeline-airflow-venv/lib/python3.11/site-packages/airflow/example_dags/example_branch_day_of_week_operator.py for tasks to queue
[2023-08-15T19:06:32.072-0300] {logging_mixin.py:150} INFO - [2023-08-15T19:06:32.072-0300] {dagbag.py:541} INFO - Filling up the DagBag from /home/alan/repos/pipeline_airflow/pipeline-airflow-venv/lib/python3.11/site-packages/airflow/example_dags/example_branch_day_of_week_operator.py
[2023-08-15T19:06:32.087-0300] {processor.py:836} INFO - DAG(s) dict_keys(['example_weekday_branch_operator']) retrieved from /home/alan/repos/pipeline_airflow/pipeline-airflow-venv/lib/python3.11/site-packages/airflow/example_dags/example_branch_day_of_week_operator.py
[2023-08-15T19:06:32.118-0300] {logging_mixin.py:150} INFO - [2023-08-15T19:06:32.118-0300] {dag.py:2742} INFO - Sync 1 DAGs
[2023-08-15T19:06:32.156-0300] {logging_mixin.py:150} INFO - [2023-08-15T19:06:32.156-0300] {dag.py:3504} INFO - Setting next_dagrun for example_weekday_branch_operator to 2023-08-14T00:00:00+00:00, run_after=2023-08-15T00:00:00+00:00
[2023-08-15T19:06:32.264-0300] {processor.py:179} INFO - Processing /home/alan/repos/pipeline_airflow/pipeline-airflow-venv/lib/python3.11/site-packages/airflow/example_dags/example_branch_day_of_week_operator.py took 0.200 seconds
[2023-08-15T19:07:32.473-0300] {processor.py:157} INFO - Started process (PID=28958) to work on /home/alan/repos/pipeline_airflow/pipeline-airflow-venv/lib/python3.11/site-packages/airflow/example_dags/example_branch_day_of_week_operator.py
[2023-08-15T19:07:32.477-0300] {processor.py:826} INFO - Processing file /home/alan/repos/pipeline_airflow/pipeline-airflow-venv/lib/python3.11/site-packages/airflow/example_dags/example_branch_day_of_week_operator.py for tasks to queue
[2023-08-15T19:07:32.478-0300] {logging_mixin.py:150} INFO - [2023-08-15T19:07:32.478-0300] {dagbag.py:541} INFO - Filling up the DagBag from /home/alan/repos/pipeline_airflow/pipeline-airflow-venv/lib/python3.11/site-packages/airflow/example_dags/example_branch_day_of_week_operator.py
[2023-08-15T19:07:32.496-0300] {processor.py:836} INFO - DAG(s) dict_keys(['example_weekday_branch_operator']) retrieved from /home/alan/repos/pipeline_airflow/pipeline-airflow-venv/lib/python3.11/site-packages/airflow/example_dags/example_branch_day_of_week_operator.py
[2023-08-15T19:07:32.530-0300] {logging_mixin.py:150} INFO - [2023-08-15T19:07:32.530-0300] {dag.py:2742} INFO - Sync 1 DAGs
[2023-08-15T19:07:32.572-0300] {logging_mixin.py:150} INFO - [2023-08-15T19:07:32.572-0300] {dag.py:3504} INFO - Setting next_dagrun for example_weekday_branch_operator to 2023-08-14T00:00:00+00:00, run_after=2023-08-15T00:00:00+00:00
[2023-08-15T19:07:32.918-0300] {processor.py:179} INFO - Processing /home/alan/repos/pipeline_airflow/pipeline-airflow-venv/lib/python3.11/site-packages/airflow/example_dags/example_branch_day_of_week_operator.py took 0.451 seconds
[2023-08-15T19:08:39.975-0300] {processor.py:157} INFO - Started process (PID=29234) to work on /home/alan/repos/pipeline_airflow/pipeline-airflow-venv/lib/python3.11/site-packages/airflow/example_dags/example_branch_day_of_week_operator.py
[2023-08-15T19:08:39.985-0300] {processor.py:826} INFO - Processing file /home/alan/repos/pipeline_airflow/pipeline-airflow-venv/lib/python3.11/site-packages/airflow/example_dags/example_branch_day_of_week_operator.py for tasks to queue
[2023-08-15T19:08:39.986-0300] {logging_mixin.py:150} INFO - [2023-08-15T19:08:39.986-0300] {dagbag.py:541} INFO - Filling up the DagBag from /home/alan/repos/pipeline_airflow/pipeline-airflow-venv/lib/python3.11/site-packages/airflow/example_dags/example_branch_day_of_week_operator.py
[2023-08-15T19:08:40.007-0300] {processor.py:836} INFO - DAG(s) dict_keys(['example_weekday_branch_operator']) retrieved from /home/alan/repos/pipeline_airflow/pipeline-airflow-venv/lib/python3.11/site-packages/airflow/example_dags/example_branch_day_of_week_operator.py
[2023-08-15T19:08:40.056-0300] {logging_mixin.py:150} INFO - [2023-08-15T19:08:40.055-0300] {dag.py:2742} INFO - Sync 1 DAGs
[2023-08-15T19:08:40.122-0300] {logging_mixin.py:150} INFO - [2023-08-15T19:08:40.121-0300] {dag.py:3504} INFO - Setting next_dagrun for example_weekday_branch_operator to 2023-08-14T00:00:00+00:00, run_after=2023-08-15T00:00:00+00:00
[2023-08-15T19:08:40.245-0300] {processor.py:179} INFO - Processing /home/alan/repos/pipeline_airflow/pipeline-airflow-venv/lib/python3.11/site-packages/airflow/example_dags/example_branch_day_of_week_operator.py took 0.276 seconds
[2023-08-15T19:09:41.153-0300] {processor.py:157} INFO - Started process (PID=29389) to work on /home/alan/repos/pipeline_airflow/pipeline-airflow-venv/lib/python3.11/site-packages/airflow/example_dags/example_branch_day_of_week_operator.py
[2023-08-15T19:09:41.158-0300] {processor.py:826} INFO - Processing file /home/alan/repos/pipeline_airflow/pipeline-airflow-venv/lib/python3.11/site-packages/airflow/example_dags/example_branch_day_of_week_operator.py for tasks to queue
[2023-08-15T19:09:41.160-0300] {logging_mixin.py:150} INFO - [2023-08-15T19:09:41.159-0300] {dagbag.py:541} INFO - Filling up the DagBag from /home/alan/repos/pipeline_airflow/pipeline-airflow-venv/lib/python3.11/site-packages/airflow/example_dags/example_branch_day_of_week_operator.py
[2023-08-15T19:09:41.176-0300] {processor.py:836} INFO - DAG(s) dict_keys(['example_weekday_branch_operator']) retrieved from /home/alan/repos/pipeline_airflow/pipeline-airflow-venv/lib/python3.11/site-packages/airflow/example_dags/example_branch_day_of_week_operator.py
[2023-08-15T19:09:41.209-0300] {logging_mixin.py:150} INFO - [2023-08-15T19:09:41.208-0300] {dag.py:2742} INFO - Sync 1 DAGs
[2023-08-15T19:09:41.251-0300] {logging_mixin.py:150} INFO - [2023-08-15T19:09:41.251-0300] {dag.py:3504} INFO - Setting next_dagrun for example_weekday_branch_operator to 2023-08-14T00:00:00+00:00, run_after=2023-08-15T00:00:00+00:00
[2023-08-15T19:09:41.359-0300] {processor.py:179} INFO - Processing /home/alan/repos/pipeline_airflow/pipeline-airflow-venv/lib/python3.11/site-packages/airflow/example_dags/example_branch_day_of_week_operator.py took 0.213 seconds
[2023-08-15T19:10:39.841-0300] {processor.py:157} INFO - Started process (PID=29550) to work on /home/alan/repos/pipeline_airflow/pipeline-airflow-venv/lib/python3.11/site-packages/airflow/example_dags/example_branch_day_of_week_operator.py
[2023-08-15T19:10:39.843-0300] {processor.py:826} INFO - Processing file /home/alan/repos/pipeline_airflow/pipeline-airflow-venv/lib/python3.11/site-packages/airflow/example_dags/example_branch_day_of_week_operator.py for tasks to queue
[2023-08-15T19:10:39.844-0300] {logging_mixin.py:150} INFO - [2023-08-15T19:10:39.844-0300] {dagbag.py:541} INFO - Filling up the DagBag from /home/alan/repos/pipeline_airflow/pipeline-airflow-venv/lib/python3.11/site-packages/airflow/example_dags/example_branch_day_of_week_operator.py
[2023-08-15T19:10:39.861-0300] {processor.py:836} INFO - DAG(s) dict_keys(['example_weekday_branch_operator']) retrieved from /home/alan/repos/pipeline_airflow/pipeline-airflow-venv/lib/python3.11/site-packages/airflow/example_dags/example_branch_day_of_week_operator.py
[2023-08-15T19:10:39.892-0300] {logging_mixin.py:150} INFO - [2023-08-15T19:10:39.892-0300] {dag.py:2742} INFO - Sync 1 DAGs
[2023-08-15T19:10:39.930-0300] {logging_mixin.py:150} INFO - [2023-08-15T19:10:39.930-0300] {dag.py:3504} INFO - Setting next_dagrun for example_weekday_branch_operator to 2023-08-14T00:00:00+00:00, run_after=2023-08-15T00:00:00+00:00
[2023-08-15T19:10:40.191-0300] {processor.py:179} INFO - Processing /home/alan/repos/pipeline_airflow/pipeline-airflow-venv/lib/python3.11/site-packages/airflow/example_dags/example_branch_day_of_week_operator.py took 0.356 seconds
[2023-08-15T19:12:12.141-0300] {processor.py:157} INFO - Started process (PID=29878) to work on /home/alan/repos/pipeline_airflow/pipeline-airflow-venv/lib/python3.11/site-packages/airflow/example_dags/example_branch_day_of_week_operator.py
[2023-08-15T19:12:12.152-0300] {processor.py:826} INFO - Processing file /home/alan/repos/pipeline_airflow/pipeline-airflow-venv/lib/python3.11/site-packages/airflow/example_dags/example_branch_day_of_week_operator.py for tasks to queue
[2023-08-15T19:12:12.154-0300] {logging_mixin.py:150} INFO - [2023-08-15T19:12:12.153-0300] {dagbag.py:541} INFO - Filling up the DagBag from /home/alan/repos/pipeline_airflow/pipeline-airflow-venv/lib/python3.11/site-packages/airflow/example_dags/example_branch_day_of_week_operator.py
[2023-08-15T19:12:12.171-0300] {processor.py:836} INFO - DAG(s) dict_keys(['example_weekday_branch_operator']) retrieved from /home/alan/repos/pipeline_airflow/pipeline-airflow-venv/lib/python3.11/site-packages/airflow/example_dags/example_branch_day_of_week_operator.py
[2023-08-15T19:12:12.208-0300] {logging_mixin.py:150} INFO - [2023-08-15T19:12:12.208-0300] {dag.py:2742} INFO - Sync 1 DAGs
[2023-08-15T19:12:12.250-0300] {logging_mixin.py:150} INFO - [2023-08-15T19:12:12.250-0300] {dag.py:3504} INFO - Setting next_dagrun for example_weekday_branch_operator to 2023-08-14T00:00:00+00:00, run_after=2023-08-15T00:00:00+00:00
[2023-08-15T19:12:12.363-0300] {processor.py:179} INFO - Processing /home/alan/repos/pipeline_airflow/pipeline-airflow-venv/lib/python3.11/site-packages/airflow/example_dags/example_branch_day_of_week_operator.py took 0.228 seconds
[2023-08-15T19:13:12.267-0300] {processor.py:157} INFO - Started process (PID=30051) to work on /home/alan/repos/pipeline_airflow/pipeline-airflow-venv/lib/python3.11/site-packages/airflow/example_dags/example_branch_day_of_week_operator.py
[2023-08-15T19:13:12.273-0300] {processor.py:826} INFO - Processing file /home/alan/repos/pipeline_airflow/pipeline-airflow-venv/lib/python3.11/site-packages/airflow/example_dags/example_branch_day_of_week_operator.py for tasks to queue
[2023-08-15T19:13:12.274-0300] {logging_mixin.py:150} INFO - [2023-08-15T19:13:12.273-0300] {dagbag.py:541} INFO - Filling up the DagBag from /home/alan/repos/pipeline_airflow/pipeline-airflow-venv/lib/python3.11/site-packages/airflow/example_dags/example_branch_day_of_week_operator.py
[2023-08-15T19:13:12.290-0300] {processor.py:836} INFO - DAG(s) dict_keys(['example_weekday_branch_operator']) retrieved from /home/alan/repos/pipeline_airflow/pipeline-airflow-venv/lib/python3.11/site-packages/airflow/example_dags/example_branch_day_of_week_operator.py
[2023-08-15T19:13:12.334-0300] {logging_mixin.py:150} INFO - [2023-08-15T19:13:12.334-0300] {dag.py:2742} INFO - Sync 1 DAGs
[2023-08-15T19:13:12.378-0300] {logging_mixin.py:150} INFO - [2023-08-15T19:13:12.378-0300] {dag.py:3504} INFO - Setting next_dagrun for example_weekday_branch_operator to 2023-08-14T00:00:00+00:00, run_after=2023-08-15T00:00:00+00:00
[2023-08-15T19:13:12.501-0300] {processor.py:179} INFO - Processing /home/alan/repos/pipeline_airflow/pipeline-airflow-venv/lib/python3.11/site-packages/airflow/example_dags/example_branch_day_of_week_operator.py took 0.240 seconds
[2023-08-15T19:14:13.728-0300] {processor.py:157} INFO - Started process (PID=30203) to work on /home/alan/repos/pipeline_airflow/pipeline-airflow-venv/lib/python3.11/site-packages/airflow/example_dags/example_branch_day_of_week_operator.py
[2023-08-15T19:14:13.730-0300] {processor.py:826} INFO - Processing file /home/alan/repos/pipeline_airflow/pipeline-airflow-venv/lib/python3.11/site-packages/airflow/example_dags/example_branch_day_of_week_operator.py for tasks to queue
[2023-08-15T19:14:13.731-0300] {logging_mixin.py:150} INFO - [2023-08-15T19:14:13.731-0300] {dagbag.py:541} INFO - Filling up the DagBag from /home/alan/repos/pipeline_airflow/pipeline-airflow-venv/lib/python3.11/site-packages/airflow/example_dags/example_branch_day_of_week_operator.py
[2023-08-15T19:14:13.746-0300] {processor.py:836} INFO - DAG(s) dict_keys(['example_weekday_branch_operator']) retrieved from /home/alan/repos/pipeline_airflow/pipeline-airflow-venv/lib/python3.11/site-packages/airflow/example_dags/example_branch_day_of_week_operator.py
[2023-08-15T19:14:13.778-0300] {logging_mixin.py:150} INFO - [2023-08-15T19:14:13.777-0300] {dag.py:2742} INFO - Sync 1 DAGs
[2023-08-15T19:14:13.817-0300] {logging_mixin.py:150} INFO - [2023-08-15T19:14:13.816-0300] {dag.py:3504} INFO - Setting next_dagrun for example_weekday_branch_operator to 2023-08-14T00:00:00+00:00, run_after=2023-08-15T00:00:00+00:00
[2023-08-15T19:14:13.925-0300] {processor.py:179} INFO - Processing /home/alan/repos/pipeline_airflow/pipeline-airflow-venv/lib/python3.11/site-packages/airflow/example_dags/example_branch_day_of_week_operator.py took 0.201 seconds
[2023-08-15T19:15:10.320-0300] {processor.py:157} INFO - Started process (PID=30353) to work on /home/alan/repos/pipeline_airflow/pipeline-airflow-venv/lib/python3.11/site-packages/airflow/example_dags/example_branch_day_of_week_operator.py
[2023-08-15T19:15:10.322-0300] {processor.py:826} INFO - Processing file /home/alan/repos/pipeline_airflow/pipeline-airflow-venv/lib/python3.11/site-packages/airflow/example_dags/example_branch_day_of_week_operator.py for tasks to queue
[2023-08-15T19:15:10.323-0300] {logging_mixin.py:150} INFO - [2023-08-15T19:15:10.323-0300] {dagbag.py:541} INFO - Filling up the DagBag from /home/alan/repos/pipeline_airflow/pipeline-airflow-venv/lib/python3.11/site-packages/airflow/example_dags/example_branch_day_of_week_operator.py
[2023-08-15T19:15:10.338-0300] {processor.py:836} INFO - DAG(s) dict_keys(['example_weekday_branch_operator']) retrieved from /home/alan/repos/pipeline_airflow/pipeline-airflow-venv/lib/python3.11/site-packages/airflow/example_dags/example_branch_day_of_week_operator.py
[2023-08-15T19:15:10.370-0300] {logging_mixin.py:150} INFO - [2023-08-15T19:15:10.369-0300] {dag.py:2742} INFO - Sync 1 DAGs
[2023-08-15T19:15:10.409-0300] {logging_mixin.py:150} INFO - [2023-08-15T19:15:10.409-0300] {dag.py:3504} INFO - Setting next_dagrun for example_weekday_branch_operator to 2023-08-14T00:00:00+00:00, run_after=2023-08-15T00:00:00+00:00
[2023-08-15T19:15:10.538-0300] {processor.py:179} INFO - Processing /home/alan/repos/pipeline_airflow/pipeline-airflow-venv/lib/python3.11/site-packages/airflow/example_dags/example_branch_day_of_week_operator.py took 0.225 seconds
[2023-08-15T19:16:10.402-0300] {processor.py:157} INFO - Started process (PID=30505) to work on /home/alan/repos/pipeline_airflow/pipeline-airflow-venv/lib/python3.11/site-packages/airflow/example_dags/example_branch_day_of_week_operator.py
[2023-08-15T19:16:10.416-0300] {processor.py:826} INFO - Processing file /home/alan/repos/pipeline_airflow/pipeline-airflow-venv/lib/python3.11/site-packages/airflow/example_dags/example_branch_day_of_week_operator.py for tasks to queue
[2023-08-15T19:16:10.418-0300] {logging_mixin.py:150} INFO - [2023-08-15T19:16:10.417-0300] {dagbag.py:541} INFO - Filling up the DagBag from /home/alan/repos/pipeline_airflow/pipeline-airflow-venv/lib/python3.11/site-packages/airflow/example_dags/example_branch_day_of_week_operator.py
[2023-08-15T19:16:10.433-0300] {processor.py:836} INFO - DAG(s) dict_keys(['example_weekday_branch_operator']) retrieved from /home/alan/repos/pipeline_airflow/pipeline-airflow-venv/lib/python3.11/site-packages/airflow/example_dags/example_branch_day_of_week_operator.py
[2023-08-15T19:16:10.465-0300] {logging_mixin.py:150} INFO - [2023-08-15T19:16:10.465-0300] {dag.py:2742} INFO - Sync 1 DAGs
[2023-08-15T19:16:10.515-0300] {logging_mixin.py:150} INFO - [2023-08-15T19:16:10.515-0300] {dag.py:3504} INFO - Setting next_dagrun for example_weekday_branch_operator to 2023-08-14T00:00:00+00:00, run_after=2023-08-15T00:00:00+00:00
[2023-08-15T19:16:10.696-0300] {processor.py:179} INFO - Processing /home/alan/repos/pipeline_airflow/pipeline-airflow-venv/lib/python3.11/site-packages/airflow/example_dags/example_branch_day_of_week_operator.py took 0.299 seconds
[2023-08-15T19:17:09.587-0300] {processor.py:157} INFO - Started process (PID=30670) to work on /home/alan/repos/pipeline_airflow/pipeline-airflow-venv/lib/python3.11/site-packages/airflow/example_dags/example_branch_day_of_week_operator.py
[2023-08-15T19:17:09.588-0300] {processor.py:826} INFO - Processing file /home/alan/repos/pipeline_airflow/pipeline-airflow-venv/lib/python3.11/site-packages/airflow/example_dags/example_branch_day_of_week_operator.py for tasks to queue
[2023-08-15T19:17:09.590-0300] {logging_mixin.py:150} INFO - [2023-08-15T19:17:09.589-0300] {dagbag.py:541} INFO - Filling up the DagBag from /home/alan/repos/pipeline_airflow/pipeline-airflow-venv/lib/python3.11/site-packages/airflow/example_dags/example_branch_day_of_week_operator.py
[2023-08-15T19:17:09.605-0300] {processor.py:836} INFO - DAG(s) dict_keys(['example_weekday_branch_operator']) retrieved from /home/alan/repos/pipeline_airflow/pipeline-airflow-venv/lib/python3.11/site-packages/airflow/example_dags/example_branch_day_of_week_operator.py
[2023-08-15T19:17:09.639-0300] {logging_mixin.py:150} INFO - [2023-08-15T19:17:09.639-0300] {dag.py:2742} INFO - Sync 1 DAGs
[2023-08-15T19:17:09.681-0300] {logging_mixin.py:150} INFO - [2023-08-15T19:17:09.681-0300] {dag.py:3504} INFO - Setting next_dagrun for example_weekday_branch_operator to 2023-08-14T00:00:00+00:00, run_after=2023-08-15T00:00:00+00:00
[2023-08-15T19:17:09.794-0300] {processor.py:179} INFO - Processing /home/alan/repos/pipeline_airflow/pipeline-airflow-venv/lib/python3.11/site-packages/airflow/example_dags/example_branch_day_of_week_operator.py took 0.213 seconds
[2023-08-15T19:18:11.641-0300] {processor.py:157} INFO - Started process (PID=30824) to work on /home/alan/repos/pipeline_airflow/pipeline-airflow-venv/lib/python3.11/site-packages/airflow/example_dags/example_branch_day_of_week_operator.py
[2023-08-15T19:18:11.649-0300] {processor.py:826} INFO - Processing file /home/alan/repos/pipeline_airflow/pipeline-airflow-venv/lib/python3.11/site-packages/airflow/example_dags/example_branch_day_of_week_operator.py for tasks to queue
[2023-08-15T19:18:11.651-0300] {logging_mixin.py:150} INFO - [2023-08-15T19:18:11.650-0300] {dagbag.py:541} INFO - Filling up the DagBag from /home/alan/repos/pipeline_airflow/pipeline-airflow-venv/lib/python3.11/site-packages/airflow/example_dags/example_branch_day_of_week_operator.py
[2023-08-15T19:18:11.665-0300] {processor.py:836} INFO - DAG(s) dict_keys(['example_weekday_branch_operator']) retrieved from /home/alan/repos/pipeline_airflow/pipeline-airflow-venv/lib/python3.11/site-packages/airflow/example_dags/example_branch_day_of_week_operator.py
[2023-08-15T19:18:11.696-0300] {logging_mixin.py:150} INFO - [2023-08-15T19:18:11.695-0300] {dag.py:2742} INFO - Sync 1 DAGs
[2023-08-15T19:18:11.734-0300] {logging_mixin.py:150} INFO - [2023-08-15T19:18:11.734-0300] {dag.py:3504} INFO - Setting next_dagrun for example_weekday_branch_operator to 2023-08-14T00:00:00+00:00, run_after=2023-08-15T00:00:00+00:00
[2023-08-15T19:18:11.841-0300] {processor.py:179} INFO - Processing /home/alan/repos/pipeline_airflow/pipeline-airflow-venv/lib/python3.11/site-packages/airflow/example_dags/example_branch_day_of_week_operator.py took 0.205 seconds
[2023-08-15T19:19:35.220-0300] {processor.py:157} INFO - Started process (PID=31041) to work on /home/alan/repos/pipeline_airflow/pipeline-airflow-venv/lib/python3.11/site-packages/airflow/example_dags/example_branch_day_of_week_operator.py
[2023-08-15T19:19:35.226-0300] {processor.py:826} INFO - Processing file /home/alan/repos/pipeline_airflow/pipeline-airflow-venv/lib/python3.11/site-packages/airflow/example_dags/example_branch_day_of_week_operator.py for tasks to queue
[2023-08-15T19:19:35.228-0300] {logging_mixin.py:150} INFO - [2023-08-15T19:19:35.227-0300] {dagbag.py:541} INFO - Filling up the DagBag from /home/alan/repos/pipeline_airflow/pipeline-airflow-venv/lib/python3.11/site-packages/airflow/example_dags/example_branch_day_of_week_operator.py
[2023-08-15T19:19:35.243-0300] {processor.py:836} INFO - DAG(s) dict_keys(['example_weekday_branch_operator']) retrieved from /home/alan/repos/pipeline_airflow/pipeline-airflow-venv/lib/python3.11/site-packages/airflow/example_dags/example_branch_day_of_week_operator.py
[2023-08-15T19:19:35.275-0300] {logging_mixin.py:150} INFO - [2023-08-15T19:19:35.275-0300] {dag.py:2742} INFO - Sync 1 DAGs
[2023-08-15T19:19:35.315-0300] {logging_mixin.py:150} INFO - [2023-08-15T19:19:35.315-0300] {dag.py:3504} INFO - Setting next_dagrun for example_weekday_branch_operator to 2023-08-14T00:00:00+00:00, run_after=2023-08-15T00:00:00+00:00
[2023-08-15T19:19:35.417-0300] {processor.py:179} INFO - Processing /home/alan/repos/pipeline_airflow/pipeline-airflow-venv/lib/python3.11/site-packages/airflow/example_dags/example_branch_day_of_week_operator.py took 0.204 seconds
[2023-08-15T19:21:12.700-0300] {processor.py:157} INFO - Started process (PID=31458) to work on /home/alan/repos/pipeline_airflow/pipeline-airflow-venv/lib/python3.11/site-packages/airflow/example_dags/example_branch_day_of_week_operator.py
[2023-08-15T19:21:12.708-0300] {processor.py:826} INFO - Processing file /home/alan/repos/pipeline_airflow/pipeline-airflow-venv/lib/python3.11/site-packages/airflow/example_dags/example_branch_day_of_week_operator.py for tasks to queue
[2023-08-15T19:21:12.710-0300] {logging_mixin.py:150} INFO - [2023-08-15T19:21:12.709-0300] {dagbag.py:541} INFO - Filling up the DagBag from /home/alan/repos/pipeline_airflow/pipeline-airflow-venv/lib/python3.11/site-packages/airflow/example_dags/example_branch_day_of_week_operator.py
[2023-08-15T19:21:12.724-0300] {processor.py:836} INFO - DAG(s) dict_keys(['example_weekday_branch_operator']) retrieved from /home/alan/repos/pipeline_airflow/pipeline-airflow-venv/lib/python3.11/site-packages/airflow/example_dags/example_branch_day_of_week_operator.py
[2023-08-15T19:21:12.759-0300] {logging_mixin.py:150} INFO - [2023-08-15T19:21:12.759-0300] {dag.py:2742} INFO - Sync 1 DAGs
[2023-08-15T19:21:12.802-0300] {logging_mixin.py:150} INFO - [2023-08-15T19:21:12.802-0300] {dag.py:3504} INFO - Setting next_dagrun for example_weekday_branch_operator to 2023-08-14T00:00:00+00:00, run_after=2023-08-15T00:00:00+00:00
[2023-08-15T19:21:12.920-0300] {processor.py:179} INFO - Processing /home/alan/repos/pipeline_airflow/pipeline-airflow-venv/lib/python3.11/site-packages/airflow/example_dags/example_branch_day_of_week_operator.py took 0.226 seconds
