[2023-08-15T18:19:32.984-0300] {processor.py:157} INFO - Started process (PID=18232) to work on /home/alan/repos/pipeline_airflow/pipeline-airflow-venv/lib/python3.11/site-packages/airflow/example_dags/example_task_group_decorator.py
[2023-08-15T18:19:32.986-0300] {processor.py:826} INFO - Processing file /home/alan/repos/pipeline_airflow/pipeline-airflow-venv/lib/python3.11/site-packages/airflow/example_dags/example_task_group_decorator.py for tasks to queue
[2023-08-15T18:19:32.987-0300] {logging_mixin.py:150} INFO - [2023-08-15T18:19:32.986-0300] {dagbag.py:541} INFO - Filling up the DagBag from /home/alan/repos/pipeline_airflow/pipeline-airflow-venv/lib/python3.11/site-packages/airflow/example_dags/example_task_group_decorator.py
[2023-08-15T18:19:33.026-0300] {processor.py:836} INFO - DAG(s) dict_keys(['example_task_group_decorator']) retrieved from /home/alan/repos/pipeline_airflow/pipeline-airflow-venv/lib/python3.11/site-packages/airflow/example_dags/example_task_group_decorator.py
[2023-08-15T18:19:33.428-0300] {logging_mixin.py:150} INFO - [2023-08-15T18:19:33.427-0300] {manager.py:504} INFO - Created Permission View: can delete on DAG:example_task_group_decorator
[2023-08-15T18:19:33.539-0300] {logging_mixin.py:150} INFO - [2023-08-15T18:19:33.538-0300] {manager.py:504} INFO - Created Permission View: can edit on DAG:example_task_group_decorator
[2023-08-15T18:19:33.639-0300] {logging_mixin.py:150} INFO - [2023-08-15T18:19:33.638-0300] {manager.py:504} INFO - Created Permission View: can read on DAG:example_task_group_decorator
[2023-08-15T18:19:33.677-0300] {logging_mixin.py:150} INFO - [2023-08-15T18:19:33.676-0300] {dag.py:2742} INFO - Sync 1 DAGs
[2023-08-15T18:19:33.706-0300] {logging_mixin.py:150} INFO - [2023-08-15T18:19:33.705-0300] {dag.py:2763} INFO - Creating ORM DAG for example_task_group_decorator
[2023-08-15T18:19:33.721-0300] {logging_mixin.py:150} INFO - [2023-08-15T18:19:33.721-0300] {dag.py:3504} INFO - Setting next_dagrun for example_task_group_decorator to 2023-08-14T21:19:33.721224+00:00, run_after=2023-08-15T21:19:33.721224+00:00
[2023-08-15T18:19:33.857-0300] {processor.py:179} INFO - Processing /home/alan/repos/pipeline_airflow/pipeline-airflow-venv/lib/python3.11/site-packages/airflow/example_dags/example_task_group_decorator.py took 0.879 seconds
[2023-08-15T18:20:57.437-0300] {processor.py:157} INFO - Started process (PID=18805) to work on /home/alan/repos/pipeline_airflow/pipeline-airflow-venv/lib/python3.11/site-packages/airflow/example_dags/example_task_group_decorator.py
[2023-08-15T18:20:57.453-0300] {processor.py:826} INFO - Processing file /home/alan/repos/pipeline_airflow/pipeline-airflow-venv/lib/python3.11/site-packages/airflow/example_dags/example_task_group_decorator.py for tasks to queue
[2023-08-15T18:20:57.456-0300] {logging_mixin.py:150} INFO - [2023-08-15T18:20:57.455-0300] {dagbag.py:541} INFO - Filling up the DagBag from /home/alan/repos/pipeline_airflow/pipeline-airflow-venv/lib/python3.11/site-packages/airflow/example_dags/example_task_group_decorator.py
[2023-08-15T18:20:57.492-0300] {processor.py:836} INFO - DAG(s) dict_keys(['example_task_group_decorator']) retrieved from /home/alan/repos/pipeline_airflow/pipeline-airflow-venv/lib/python3.11/site-packages/airflow/example_dags/example_task_group_decorator.py
[2023-08-15T18:20:57.526-0300] {logging_mixin.py:150} INFO - [2023-08-15T18:20:57.526-0300] {dag.py:2742} INFO - Sync 1 DAGs
[2023-08-15T18:20:57.561-0300] {logging_mixin.py:150} INFO - [2023-08-15T18:20:57.560-0300] {dag.py:3504} INFO - Setting next_dagrun for example_task_group_decorator to 2023-08-14T21:20:57.560480+00:00, run_after=2023-08-15T21:20:57.560480+00:00
[2023-08-15T18:20:57.668-0300] {processor.py:179} INFO - Processing /home/alan/repos/pipeline_airflow/pipeline-airflow-venv/lib/python3.11/site-packages/airflow/example_dags/example_task_group_decorator.py took 0.237 seconds
[2023-08-15T18:21:53.281-0300] {processor.py:157} INFO - Started process (PID=19008) to work on /home/alan/repos/pipeline_airflow/pipeline-airflow-venv/lib/python3.11/site-packages/airflow/example_dags/example_task_group_decorator.py
[2023-08-15T18:21:53.283-0300] {processor.py:826} INFO - Processing file /home/alan/repos/pipeline_airflow/pipeline-airflow-venv/lib/python3.11/site-packages/airflow/example_dags/example_task_group_decorator.py for tasks to queue
[2023-08-15T18:21:53.285-0300] {logging_mixin.py:150} INFO - [2023-08-15T18:21:53.284-0300] {dagbag.py:541} INFO - Filling up the DagBag from /home/alan/repos/pipeline_airflow/pipeline-airflow-venv/lib/python3.11/site-packages/airflow/example_dags/example_task_group_decorator.py
[2023-08-15T18:21:53.317-0300] {processor.py:836} INFO - DAG(s) dict_keys(['example_task_group_decorator']) retrieved from /home/alan/repos/pipeline_airflow/pipeline-airflow-venv/lib/python3.11/site-packages/airflow/example_dags/example_task_group_decorator.py
[2023-08-15T18:21:53.354-0300] {logging_mixin.py:150} INFO - [2023-08-15T18:21:53.353-0300] {dag.py:2742} INFO - Sync 1 DAGs
[2023-08-15T18:21:53.392-0300] {logging_mixin.py:150} INFO - [2023-08-15T18:21:53.392-0300] {dag.py:3504} INFO - Setting next_dagrun for example_task_group_decorator to 2023-08-14T21:21:53.391975+00:00, run_after=2023-08-15T21:21:53.391975+00:00
[2023-08-15T18:21:53.529-0300] {processor.py:179} INFO - Processing /home/alan/repos/pipeline_airflow/pipeline-airflow-venv/lib/python3.11/site-packages/airflow/example_dags/example_task_group_decorator.py took 0.253 seconds
[2023-08-15T18:22:45.798-0300] {processor.py:157} INFO - Started process (PID=19195) to work on /home/alan/repos/pipeline_airflow/pipeline-airflow-venv/lib/python3.11/site-packages/airflow/example_dags/example_task_group_decorator.py
[2023-08-15T18:22:45.812-0300] {processor.py:826} INFO - Processing file /home/alan/repos/pipeline_airflow/pipeline-airflow-venv/lib/python3.11/site-packages/airflow/example_dags/example_task_group_decorator.py for tasks to queue
[2023-08-15T18:22:45.814-0300] {logging_mixin.py:150} INFO - [2023-08-15T18:22:45.813-0300] {dagbag.py:541} INFO - Filling up the DagBag from /home/alan/repos/pipeline_airflow/pipeline-airflow-venv/lib/python3.11/site-packages/airflow/example_dags/example_task_group_decorator.py
[2023-08-15T18:22:45.848-0300] {processor.py:836} INFO - DAG(s) dict_keys(['example_task_group_decorator']) retrieved from /home/alan/repos/pipeline_airflow/pipeline-airflow-venv/lib/python3.11/site-packages/airflow/example_dags/example_task_group_decorator.py
[2023-08-15T18:22:45.881-0300] {logging_mixin.py:150} INFO - [2023-08-15T18:22:45.881-0300] {dag.py:2742} INFO - Sync 1 DAGs
[2023-08-15T18:22:45.915-0300] {logging_mixin.py:150} INFO - [2023-08-15T18:22:45.914-0300] {dag.py:3504} INFO - Setting next_dagrun for example_task_group_decorator to 2023-08-14T21:22:45.914554+00:00, run_after=2023-08-15T21:22:45.914554+00:00
[2023-08-15T18:22:46.060-0300] {processor.py:179} INFO - Processing /home/alan/repos/pipeline_airflow/pipeline-airflow-venv/lib/python3.11/site-packages/airflow/example_dags/example_task_group_decorator.py took 0.267 seconds
[2023-08-15T18:23:44.390-0300] {processor.py:157} INFO - Started process (PID=19403) to work on /home/alan/repos/pipeline_airflow/pipeline-airflow-venv/lib/python3.11/site-packages/airflow/example_dags/example_task_group_decorator.py
[2023-08-15T18:23:44.405-0300] {processor.py:826} INFO - Processing file /home/alan/repos/pipeline_airflow/pipeline-airflow-venv/lib/python3.11/site-packages/airflow/example_dags/example_task_group_decorator.py for tasks to queue
[2023-08-15T18:23:44.406-0300] {logging_mixin.py:150} INFO - [2023-08-15T18:23:44.406-0300] {dagbag.py:541} INFO - Filling up the DagBag from /home/alan/repos/pipeline_airflow/pipeline-airflow-venv/lib/python3.11/site-packages/airflow/example_dags/example_task_group_decorator.py
[2023-08-15T18:23:44.452-0300] {processor.py:836} INFO - DAG(s) dict_keys(['example_task_group_decorator']) retrieved from /home/alan/repos/pipeline_airflow/pipeline-airflow-venv/lib/python3.11/site-packages/airflow/example_dags/example_task_group_decorator.py
[2023-08-15T18:23:44.503-0300] {logging_mixin.py:150} INFO - [2023-08-15T18:23:44.502-0300] {dag.py:2742} INFO - Sync 1 DAGs
[2023-08-15T18:23:44.743-0300] {logging_mixin.py:150} INFO - [2023-08-15T18:23:44.743-0300] {dag.py:3504} INFO - Setting next_dagrun for example_task_group_decorator to 2023-08-14T21:23:44.742994+00:00, run_after=2023-08-15T21:23:44.742994+00:00
[2023-08-15T18:23:45.097-0300] {processor.py:179} INFO - Processing /home/alan/repos/pipeline_airflow/pipeline-airflow-venv/lib/python3.11/site-packages/airflow/example_dags/example_task_group_decorator.py took 0.711 seconds
[2023-08-15T18:25:01.587-0300] {processor.py:157} INFO - Started process (PID=19883) to work on /home/alan/repos/pipeline_airflow/pipeline-airflow-venv/lib/python3.11/site-packages/airflow/example_dags/example_task_group_decorator.py
[2023-08-15T18:25:01.638-0300] {processor.py:826} INFO - Processing file /home/alan/repos/pipeline_airflow/pipeline-airflow-venv/lib/python3.11/site-packages/airflow/example_dags/example_task_group_decorator.py for tasks to queue
[2023-08-15T18:25:01.640-0300] {logging_mixin.py:150} INFO - [2023-08-15T18:25:01.639-0300] {dagbag.py:541} INFO - Filling up the DagBag from /home/alan/repos/pipeline_airflow/pipeline-airflow-venv/lib/python3.11/site-packages/airflow/example_dags/example_task_group_decorator.py
[2023-08-15T18:25:01.676-0300] {processor.py:836} INFO - DAG(s) dict_keys(['example_task_group_decorator']) retrieved from /home/alan/repos/pipeline_airflow/pipeline-airflow-venv/lib/python3.11/site-packages/airflow/example_dags/example_task_group_decorator.py
[2023-08-15T18:25:01.711-0300] {logging_mixin.py:150} INFO - [2023-08-15T18:25:01.711-0300] {dag.py:2742} INFO - Sync 1 DAGs
[2023-08-15T18:25:01.792-0300] {logging_mixin.py:150} INFO - [2023-08-15T18:25:01.791-0300] {dag.py:3504} INFO - Setting next_dagrun for example_task_group_decorator to 2023-08-14T21:25:01.791283+00:00, run_after=2023-08-15T21:25:01.791283+00:00
[2023-08-15T18:25:02.538-0300] {processor.py:179} INFO - Processing /home/alan/repos/pipeline_airflow/pipeline-airflow-venv/lib/python3.11/site-packages/airflow/example_dags/example_task_group_decorator.py took 0.957 seconds
[2023-08-15T18:26:28.835-0300] {processor.py:157} INFO - Started process (PID=20731) to work on /home/alan/repos/pipeline_airflow/pipeline-airflow-venv/lib/python3.11/site-packages/airflow/example_dags/example_task_group_decorator.py
[2023-08-15T18:26:28.837-0300] {processor.py:826} INFO - Processing file /home/alan/repos/pipeline_airflow/pipeline-airflow-venv/lib/python3.11/site-packages/airflow/example_dags/example_task_group_decorator.py for tasks to queue
[2023-08-15T18:26:28.839-0300] {logging_mixin.py:150} INFO - [2023-08-15T18:26:28.838-0300] {dagbag.py:541} INFO - Filling up the DagBag from /home/alan/repos/pipeline_airflow/pipeline-airflow-venv/lib/python3.11/site-packages/airflow/example_dags/example_task_group_decorator.py
[2023-08-15T18:26:28.873-0300] {processor.py:836} INFO - DAG(s) dict_keys(['example_task_group_decorator']) retrieved from /home/alan/repos/pipeline_airflow/pipeline-airflow-venv/lib/python3.11/site-packages/airflow/example_dags/example_task_group_decorator.py
[2023-08-15T18:26:28.911-0300] {logging_mixin.py:150} INFO - [2023-08-15T18:26:28.911-0300] {dag.py:2742} INFO - Sync 1 DAGs
[2023-08-15T18:26:28.951-0300] {logging_mixin.py:150} INFO - [2023-08-15T18:26:28.951-0300] {dag.py:3504} INFO - Setting next_dagrun for example_task_group_decorator to 2023-08-14T21:26:28.950966+00:00, run_after=2023-08-15T21:26:28.950966+00:00
[2023-08-15T18:26:29.102-0300] {processor.py:179} INFO - Processing /home/alan/repos/pipeline_airflow/pipeline-airflow-venv/lib/python3.11/site-packages/airflow/example_dags/example_task_group_decorator.py took 0.272 seconds
[2023-08-15T18:27:32.563-0300] {processor.py:157} INFO - Started process (PID=20962) to work on /home/alan/repos/pipeline_airflow/pipeline-airflow-venv/lib/python3.11/site-packages/airflow/example_dags/example_task_group_decorator.py
[2023-08-15T18:27:32.564-0300] {processor.py:826} INFO - Processing file /home/alan/repos/pipeline_airflow/pipeline-airflow-venv/lib/python3.11/site-packages/airflow/example_dags/example_task_group_decorator.py for tasks to queue
[2023-08-15T18:27:32.566-0300] {logging_mixin.py:150} INFO - [2023-08-15T18:27:32.565-0300] {dagbag.py:541} INFO - Filling up the DagBag from /home/alan/repos/pipeline_airflow/pipeline-airflow-venv/lib/python3.11/site-packages/airflow/example_dags/example_task_group_decorator.py
[2023-08-15T18:27:32.596-0300] {processor.py:836} INFO - DAG(s) dict_keys(['example_task_group_decorator']) retrieved from /home/alan/repos/pipeline_airflow/pipeline-airflow-venv/lib/python3.11/site-packages/airflow/example_dags/example_task_group_decorator.py
[2023-08-15T18:27:32.631-0300] {logging_mixin.py:150} INFO - [2023-08-15T18:27:32.630-0300] {dag.py:2742} INFO - Sync 1 DAGs
[2023-08-15T18:27:32.668-0300] {logging_mixin.py:150} INFO - [2023-08-15T18:27:32.667-0300] {dag.py:3504} INFO - Setting next_dagrun for example_task_group_decorator to 2023-08-14T21:27:32.667387+00:00, run_after=2023-08-15T21:27:32.667387+00:00
[2023-08-15T18:27:32.788-0300] {processor.py:179} INFO - Processing /home/alan/repos/pipeline_airflow/pipeline-airflow-venv/lib/python3.11/site-packages/airflow/example_dags/example_task_group_decorator.py took 0.231 seconds
[2023-08-15T18:28:30.674-0300] {processor.py:157} INFO - Started process (PID=21196) to work on /home/alan/repos/pipeline_airflow/pipeline-airflow-venv/lib/python3.11/site-packages/airflow/example_dags/example_task_group_decorator.py
[2023-08-15T18:28:30.700-0300] {processor.py:826} INFO - Processing file /home/alan/repos/pipeline_airflow/pipeline-airflow-venv/lib/python3.11/site-packages/airflow/example_dags/example_task_group_decorator.py for tasks to queue
[2023-08-15T18:28:30.702-0300] {logging_mixin.py:150} INFO - [2023-08-15T18:28:30.701-0300] {dagbag.py:541} INFO - Filling up the DagBag from /home/alan/repos/pipeline_airflow/pipeline-airflow-venv/lib/python3.11/site-packages/airflow/example_dags/example_task_group_decorator.py
[2023-08-15T18:28:30.768-0300] {processor.py:836} INFO - DAG(s) dict_keys(['example_task_group_decorator']) retrieved from /home/alan/repos/pipeline_airflow/pipeline-airflow-venv/lib/python3.11/site-packages/airflow/example_dags/example_task_group_decorator.py
[2023-08-15T18:28:30.807-0300] {logging_mixin.py:150} INFO - [2023-08-15T18:28:30.807-0300] {dag.py:2742} INFO - Sync 1 DAGs
[2023-08-15T18:28:30.847-0300] {logging_mixin.py:150} INFO - [2023-08-15T18:28:30.846-0300] {dag.py:3504} INFO - Setting next_dagrun for example_task_group_decorator to 2023-08-14T21:28:30.846488+00:00, run_after=2023-08-15T21:28:30.846488+00:00
[2023-08-15T18:28:31.276-0300] {processor.py:179} INFO - Processing /home/alan/repos/pipeline_airflow/pipeline-airflow-venv/lib/python3.11/site-packages/airflow/example_dags/example_task_group_decorator.py took 0.608 seconds
[2023-08-15T18:29:34.660-0300] {processor.py:157} INFO - Started process (PID=21428) to work on /home/alan/repos/pipeline_airflow/pipeline-airflow-venv/lib/python3.11/site-packages/airflow/example_dags/example_task_group_decorator.py
[2023-08-15T18:29:34.684-0300] {processor.py:826} INFO - Processing file /home/alan/repos/pipeline_airflow/pipeline-airflow-venv/lib/python3.11/site-packages/airflow/example_dags/example_task_group_decorator.py for tasks to queue
[2023-08-15T18:29:34.686-0300] {logging_mixin.py:150} INFO - [2023-08-15T18:29:34.685-0300] {dagbag.py:541} INFO - Filling up the DagBag from /home/alan/repos/pipeline_airflow/pipeline-airflow-venv/lib/python3.11/site-packages/airflow/example_dags/example_task_group_decorator.py
[2023-08-15T18:29:34.721-0300] {processor.py:836} INFO - DAG(s) dict_keys(['example_task_group_decorator']) retrieved from /home/alan/repos/pipeline_airflow/pipeline-airflow-venv/lib/python3.11/site-packages/airflow/example_dags/example_task_group_decorator.py
[2023-08-15T18:29:34.755-0300] {logging_mixin.py:150} INFO - [2023-08-15T18:29:34.754-0300] {dag.py:2742} INFO - Sync 1 DAGs
[2023-08-15T18:29:34.789-0300] {logging_mixin.py:150} INFO - [2023-08-15T18:29:34.789-0300] {dag.py:3504} INFO - Setting next_dagrun for example_task_group_decorator to 2023-08-14T21:29:34.788735+00:00, run_after=2023-08-15T21:29:34.788735+00:00
[2023-08-15T18:29:34.923-0300] {processor.py:179} INFO - Processing /home/alan/repos/pipeline_airflow/pipeline-airflow-venv/lib/python3.11/site-packages/airflow/example_dags/example_task_group_decorator.py took 0.269 seconds
[2023-08-15T18:30:31.527-0300] {processor.py:157} INFO - Started process (PID=21651) to work on /home/alan/repos/pipeline_airflow/pipeline-airflow-venv/lib/python3.11/site-packages/airflow/example_dags/example_task_group_decorator.py
[2023-08-15T18:30:31.529-0300] {processor.py:826} INFO - Processing file /home/alan/repos/pipeline_airflow/pipeline-airflow-venv/lib/python3.11/site-packages/airflow/example_dags/example_task_group_decorator.py for tasks to queue
[2023-08-15T18:30:31.531-0300] {logging_mixin.py:150} INFO - [2023-08-15T18:30:31.530-0300] {dagbag.py:541} INFO - Filling up the DagBag from /home/alan/repos/pipeline_airflow/pipeline-airflow-venv/lib/python3.11/site-packages/airflow/example_dags/example_task_group_decorator.py
[2023-08-15T18:30:31.564-0300] {processor.py:836} INFO - DAG(s) dict_keys(['example_task_group_decorator']) retrieved from /home/alan/repos/pipeline_airflow/pipeline-airflow-venv/lib/python3.11/site-packages/airflow/example_dags/example_task_group_decorator.py
[2023-08-15T18:30:31.597-0300] {logging_mixin.py:150} INFO - [2023-08-15T18:30:31.597-0300] {dag.py:2742} INFO - Sync 1 DAGs
[2023-08-15T18:30:31.631-0300] {logging_mixin.py:150} INFO - [2023-08-15T18:30:31.631-0300] {dag.py:3504} INFO - Setting next_dagrun for example_task_group_decorator to 2023-08-14T21:30:31.631167+00:00, run_after=2023-08-15T21:30:31.631167+00:00
[2023-08-15T18:30:31.738-0300] {processor.py:179} INFO - Processing /home/alan/repos/pipeline_airflow/pipeline-airflow-venv/lib/python3.11/site-packages/airflow/example_dags/example_task_group_decorator.py took 0.217 seconds
[2023-08-15T18:31:26.014-0300] {processor.py:157} INFO - Started process (PID=21844) to work on /home/alan/repos/pipeline_airflow/pipeline-airflow-venv/lib/python3.11/site-packages/airflow/example_dags/example_task_group_decorator.py
[2023-08-15T18:31:26.020-0300] {processor.py:826} INFO - Processing file /home/alan/repos/pipeline_airflow/pipeline-airflow-venv/lib/python3.11/site-packages/airflow/example_dags/example_task_group_decorator.py for tasks to queue
[2023-08-15T18:31:26.022-0300] {logging_mixin.py:150} INFO - [2023-08-15T18:31:26.021-0300] {dagbag.py:541} INFO - Filling up the DagBag from /home/alan/repos/pipeline_airflow/pipeline-airflow-venv/lib/python3.11/site-packages/airflow/example_dags/example_task_group_decorator.py
[2023-08-15T18:31:26.053-0300] {processor.py:836} INFO - DAG(s) dict_keys(['example_task_group_decorator']) retrieved from /home/alan/repos/pipeline_airflow/pipeline-airflow-venv/lib/python3.11/site-packages/airflow/example_dags/example_task_group_decorator.py
[2023-08-15T18:31:26.086-0300] {logging_mixin.py:150} INFO - [2023-08-15T18:31:26.086-0300] {dag.py:2742} INFO - Sync 1 DAGs
[2023-08-15T18:31:26.121-0300] {logging_mixin.py:150} INFO - [2023-08-15T18:31:26.121-0300] {dag.py:3504} INFO - Setting next_dagrun for example_task_group_decorator to 2023-08-14T21:31:26.121100+00:00, run_after=2023-08-15T21:31:26.121100+00:00
[2023-08-15T18:31:26.243-0300] {processor.py:179} INFO - Processing /home/alan/repos/pipeline_airflow/pipeline-airflow-venv/lib/python3.11/site-packages/airflow/example_dags/example_task_group_decorator.py took 0.234 seconds
[2023-08-15T18:32:22.951-0300] {processor.py:157} INFO - Started process (PID=22061) to work on /home/alan/repos/pipeline_airflow/pipeline-airflow-venv/lib/python3.11/site-packages/airflow/example_dags/example_task_group_decorator.py
[2023-08-15T18:32:22.964-0300] {processor.py:826} INFO - Processing file /home/alan/repos/pipeline_airflow/pipeline-airflow-venv/lib/python3.11/site-packages/airflow/example_dags/example_task_group_decorator.py for tasks to queue
[2023-08-15T18:32:22.965-0300] {logging_mixin.py:150} INFO - [2023-08-15T18:32:22.965-0300] {dagbag.py:541} INFO - Filling up the DagBag from /home/alan/repos/pipeline_airflow/pipeline-airflow-venv/lib/python3.11/site-packages/airflow/example_dags/example_task_group_decorator.py
[2023-08-15T18:32:22.998-0300] {processor.py:836} INFO - DAG(s) dict_keys(['example_task_group_decorator']) retrieved from /home/alan/repos/pipeline_airflow/pipeline-airflow-venv/lib/python3.11/site-packages/airflow/example_dags/example_task_group_decorator.py
[2023-08-15T18:32:23.036-0300] {logging_mixin.py:150} INFO - [2023-08-15T18:32:23.035-0300] {dag.py:2742} INFO - Sync 1 DAGs
[2023-08-15T18:32:23.099-0300] {logging_mixin.py:150} INFO - [2023-08-15T18:32:23.098-0300] {dag.py:3504} INFO - Setting next_dagrun for example_task_group_decorator to 2023-08-14T21:32:23.098534+00:00, run_after=2023-08-15T21:32:23.098534+00:00
[2023-08-15T18:32:23.234-0300] {processor.py:179} INFO - Processing /home/alan/repos/pipeline_airflow/pipeline-airflow-venv/lib/python3.11/site-packages/airflow/example_dags/example_task_group_decorator.py took 0.291 seconds
[2023-08-15T18:33:19.731-0300] {processor.py:157} INFO - Started process (PID=22272) to work on /home/alan/repos/pipeline_airflow/pipeline-airflow-venv/lib/python3.11/site-packages/airflow/example_dags/example_task_group_decorator.py
[2023-08-15T18:33:19.733-0300] {processor.py:826} INFO - Processing file /home/alan/repos/pipeline_airflow/pipeline-airflow-venv/lib/python3.11/site-packages/airflow/example_dags/example_task_group_decorator.py for tasks to queue
[2023-08-15T18:33:19.735-0300] {logging_mixin.py:150} INFO - [2023-08-15T18:33:19.734-0300] {dagbag.py:541} INFO - Filling up the DagBag from /home/alan/repos/pipeline_airflow/pipeline-airflow-venv/lib/python3.11/site-packages/airflow/example_dags/example_task_group_decorator.py
[2023-08-15T18:33:19.771-0300] {processor.py:836} INFO - DAG(s) dict_keys(['example_task_group_decorator']) retrieved from /home/alan/repos/pipeline_airflow/pipeline-airflow-venv/lib/python3.11/site-packages/airflow/example_dags/example_task_group_decorator.py
[2023-08-15T18:33:19.805-0300] {logging_mixin.py:150} INFO - [2023-08-15T18:33:19.804-0300] {dag.py:2742} INFO - Sync 1 DAGs
[2023-08-15T18:33:19.838-0300] {logging_mixin.py:150} INFO - [2023-08-15T18:33:19.838-0300] {dag.py:3504} INFO - Setting next_dagrun for example_task_group_decorator to 2023-08-14T21:33:19.837845+00:00, run_after=2023-08-15T21:33:19.837845+00:00
[2023-08-15T18:33:19.937-0300] {processor.py:179} INFO - Processing /home/alan/repos/pipeline_airflow/pipeline-airflow-venv/lib/python3.11/site-packages/airflow/example_dags/example_task_group_decorator.py took 0.213 seconds
[2023-08-15T18:34:16.195-0300] {processor.py:157} INFO - Started process (PID=22483) to work on /home/alan/repos/pipeline_airflow/pipeline-airflow-venv/lib/python3.11/site-packages/airflow/example_dags/example_task_group_decorator.py
[2023-08-15T18:34:16.212-0300] {processor.py:826} INFO - Processing file /home/alan/repos/pipeline_airflow/pipeline-airflow-venv/lib/python3.11/site-packages/airflow/example_dags/example_task_group_decorator.py for tasks to queue
[2023-08-15T18:34:16.214-0300] {logging_mixin.py:150} INFO - [2023-08-15T18:34:16.213-0300] {dagbag.py:541} INFO - Filling up the DagBag from /home/alan/repos/pipeline_airflow/pipeline-airflow-venv/lib/python3.11/site-packages/airflow/example_dags/example_task_group_decorator.py
[2023-08-15T18:34:16.260-0300] {processor.py:836} INFO - DAG(s) dict_keys(['example_task_group_decorator']) retrieved from /home/alan/repos/pipeline_airflow/pipeline-airflow-venv/lib/python3.11/site-packages/airflow/example_dags/example_task_group_decorator.py
[2023-08-15T18:34:16.302-0300] {logging_mixin.py:150} INFO - [2023-08-15T18:34:16.301-0300] {dag.py:2742} INFO - Sync 1 DAGs
[2023-08-15T18:34:16.336-0300] {logging_mixin.py:150} INFO - [2023-08-15T18:34:16.335-0300] {dag.py:3504} INFO - Setting next_dagrun for example_task_group_decorator to 2023-08-14T21:34:16.335469+00:00, run_after=2023-08-15T21:34:16.335469+00:00
[2023-08-15T18:34:16.484-0300] {processor.py:179} INFO - Processing /home/alan/repos/pipeline_airflow/pipeline-airflow-venv/lib/python3.11/site-packages/airflow/example_dags/example_task_group_decorator.py took 0.295 seconds
[2023-08-15T18:35:10.002-0300] {processor.py:157} INFO - Started process (PID=22671) to work on /home/alan/repos/pipeline_airflow/pipeline-airflow-venv/lib/python3.11/site-packages/airflow/example_dags/example_task_group_decorator.py
[2023-08-15T18:35:10.016-0300] {processor.py:826} INFO - Processing file /home/alan/repos/pipeline_airflow/pipeline-airflow-venv/lib/python3.11/site-packages/airflow/example_dags/example_task_group_decorator.py for tasks to queue
[2023-08-15T18:35:10.019-0300] {logging_mixin.py:150} INFO - [2023-08-15T18:35:10.018-0300] {dagbag.py:541} INFO - Filling up the DagBag from /home/alan/repos/pipeline_airflow/pipeline-airflow-venv/lib/python3.11/site-packages/airflow/example_dags/example_task_group_decorator.py
[2023-08-15T18:35:10.073-0300] {processor.py:836} INFO - DAG(s) dict_keys(['example_task_group_decorator']) retrieved from /home/alan/repos/pipeline_airflow/pipeline-airflow-venv/lib/python3.11/site-packages/airflow/example_dags/example_task_group_decorator.py
[2023-08-15T18:35:10.115-0300] {logging_mixin.py:150} INFO - [2023-08-15T18:35:10.115-0300] {dag.py:2742} INFO - Sync 1 DAGs
[2023-08-15T18:35:10.157-0300] {logging_mixin.py:150} INFO - [2023-08-15T18:35:10.156-0300] {dag.py:3504} INFO - Setting next_dagrun for example_task_group_decorator to 2023-08-14T21:35:10.156431+00:00, run_after=2023-08-15T21:35:10.156431+00:00
[2023-08-15T18:35:10.288-0300] {processor.py:179} INFO - Processing /home/alan/repos/pipeline_airflow/pipeline-airflow-venv/lib/python3.11/site-packages/airflow/example_dags/example_task_group_decorator.py took 0.292 seconds
[2023-08-15T18:36:05.833-0300] {processor.py:157} INFO - Started process (PID=22871) to work on /home/alan/repos/pipeline_airflow/pipeline-airflow-venv/lib/python3.11/site-packages/airflow/example_dags/example_task_group_decorator.py
[2023-08-15T18:36:05.847-0300] {processor.py:826} INFO - Processing file /home/alan/repos/pipeline_airflow/pipeline-airflow-venv/lib/python3.11/site-packages/airflow/example_dags/example_task_group_decorator.py for tasks to queue
[2023-08-15T18:36:05.848-0300] {logging_mixin.py:150} INFO - [2023-08-15T18:36:05.848-0300] {dagbag.py:541} INFO - Filling up the DagBag from /home/alan/repos/pipeline_airflow/pipeline-airflow-venv/lib/python3.11/site-packages/airflow/example_dags/example_task_group_decorator.py
[2023-08-15T18:36:05.906-0300] {processor.py:836} INFO - DAG(s) dict_keys(['example_task_group_decorator']) retrieved from /home/alan/repos/pipeline_airflow/pipeline-airflow-venv/lib/python3.11/site-packages/airflow/example_dags/example_task_group_decorator.py
[2023-08-15T18:36:05.943-0300] {logging_mixin.py:150} INFO - [2023-08-15T18:36:05.943-0300] {dag.py:2742} INFO - Sync 1 DAGs
[2023-08-15T18:36:05.982-0300] {logging_mixin.py:150} INFO - [2023-08-15T18:36:05.981-0300] {dag.py:3504} INFO - Setting next_dagrun for example_task_group_decorator to 2023-08-14T21:36:05.981548+00:00, run_after=2023-08-15T21:36:05.981548+00:00
[2023-08-15T18:36:06.132-0300] {processor.py:179} INFO - Processing /home/alan/repos/pipeline_airflow/pipeline-airflow-venv/lib/python3.11/site-packages/airflow/example_dags/example_task_group_decorator.py took 0.304 seconds
[2023-08-15T18:37:05.119-0300] {processor.py:157} INFO - Started process (PID=23096) to work on /home/alan/repos/pipeline_airflow/pipeline-airflow-venv/lib/python3.11/site-packages/airflow/example_dags/example_task_group_decorator.py
[2023-08-15T18:37:05.150-0300] {processor.py:826} INFO - Processing file /home/alan/repos/pipeline_airflow/pipeline-airflow-venv/lib/python3.11/site-packages/airflow/example_dags/example_task_group_decorator.py for tasks to queue
[2023-08-15T18:37:05.152-0300] {logging_mixin.py:150} INFO - [2023-08-15T18:37:05.151-0300] {dagbag.py:541} INFO - Filling up the DagBag from /home/alan/repos/pipeline_airflow/pipeline-airflow-venv/lib/python3.11/site-packages/airflow/example_dags/example_task_group_decorator.py
[2023-08-15T18:37:05.195-0300] {processor.py:836} INFO - DAG(s) dict_keys(['example_task_group_decorator']) retrieved from /home/alan/repos/pipeline_airflow/pipeline-airflow-venv/lib/python3.11/site-packages/airflow/example_dags/example_task_group_decorator.py
[2023-08-15T18:37:05.235-0300] {logging_mixin.py:150} INFO - [2023-08-15T18:37:05.235-0300] {dag.py:2742} INFO - Sync 1 DAGs
[2023-08-15T18:37:05.293-0300] {logging_mixin.py:150} INFO - [2023-08-15T18:37:05.292-0300] {dag.py:3504} INFO - Setting next_dagrun for example_task_group_decorator to 2023-08-14T21:37:05.292295+00:00, run_after=2023-08-15T21:37:05.292295+00:00
[2023-08-15T18:37:05.572-0300] {processor.py:179} INFO - Processing /home/alan/repos/pipeline_airflow/pipeline-airflow-venv/lib/python3.11/site-packages/airflow/example_dags/example_task_group_decorator.py took 0.459 seconds
[2023-08-15T18:37:59.139-0300] {processor.py:157} INFO - Started process (PID=23323) to work on /home/alan/repos/pipeline_airflow/pipeline-airflow-venv/lib/python3.11/site-packages/airflow/example_dags/example_task_group_decorator.py
[2023-08-15T18:37:59.149-0300] {processor.py:826} INFO - Processing file /home/alan/repos/pipeline_airflow/pipeline-airflow-venv/lib/python3.11/site-packages/airflow/example_dags/example_task_group_decorator.py for tasks to queue
[2023-08-15T18:37:59.151-0300] {logging_mixin.py:150} INFO - [2023-08-15T18:37:59.150-0300] {dagbag.py:541} INFO - Filling up the DagBag from /home/alan/repos/pipeline_airflow/pipeline-airflow-venv/lib/python3.11/site-packages/airflow/example_dags/example_task_group_decorator.py
[2023-08-15T18:37:59.180-0300] {processor.py:836} INFO - DAG(s) dict_keys(['example_task_group_decorator']) retrieved from /home/alan/repos/pipeline_airflow/pipeline-airflow-venv/lib/python3.11/site-packages/airflow/example_dags/example_task_group_decorator.py
[2023-08-15T18:37:59.214-0300] {logging_mixin.py:150} INFO - [2023-08-15T18:37:59.214-0300] {dag.py:2742} INFO - Sync 1 DAGs
[2023-08-15T18:37:59.250-0300] {logging_mixin.py:150} INFO - [2023-08-15T18:37:59.250-0300] {dag.py:3504} INFO - Setting next_dagrun for example_task_group_decorator to 2023-08-14T21:37:59.249768+00:00, run_after=2023-08-15T21:37:59.249768+00:00
[2023-08-15T18:37:59.374-0300] {processor.py:179} INFO - Processing /home/alan/repos/pipeline_airflow/pipeline-airflow-venv/lib/python3.11/site-packages/airflow/example_dags/example_task_group_decorator.py took 0.241 seconds
[2023-08-15T18:43:36.245-0300] {processor.py:157} INFO - Started process (PID=23607) to work on /home/alan/repos/pipeline_airflow/pipeline-airflow-venv/lib/python3.11/site-packages/airflow/example_dags/example_task_group_decorator.py
[2023-08-15T18:43:36.247-0300] {processor.py:826} INFO - Processing file /home/alan/repos/pipeline_airflow/pipeline-airflow-venv/lib/python3.11/site-packages/airflow/example_dags/example_task_group_decorator.py for tasks to queue
[2023-08-15T18:43:36.249-0300] {logging_mixin.py:150} INFO - [2023-08-15T18:43:36.248-0300] {dagbag.py:541} INFO - Filling up the DagBag from /home/alan/repos/pipeline_airflow/pipeline-airflow-venv/lib/python3.11/site-packages/airflow/example_dags/example_task_group_decorator.py
[2023-08-15T18:43:36.285-0300] {processor.py:836} INFO - DAG(s) dict_keys(['example_task_group_decorator']) retrieved from /home/alan/repos/pipeline_airflow/pipeline-airflow-venv/lib/python3.11/site-packages/airflow/example_dags/example_task_group_decorator.py
[2023-08-15T18:43:36.299-0300] {logging_mixin.py:150} INFO - [2023-08-15T18:43:36.299-0300] {dag.py:2742} INFO - Sync 1 DAGs
[2023-08-15T18:43:36.334-0300] {logging_mixin.py:150} INFO - [2023-08-15T18:43:36.333-0300] {dag.py:3504} INFO - Setting next_dagrun for example_task_group_decorator to 2023-08-14T21:43:36.333411+00:00, run_after=2023-08-15T21:43:36.333411+00:00
[2023-08-15T18:43:36.434-0300] {processor.py:179} INFO - Processing /home/alan/repos/pipeline_airflow/pipeline-airflow-venv/lib/python3.11/site-packages/airflow/example_dags/example_task_group_decorator.py took 0.195 seconds
[2023-08-15T18:44:16.426-0300] {processor.py:157} INFO - Started process (PID=23713) to work on /home/alan/repos/pipeline_airflow/pipeline-airflow-venv/lib/python3.11/site-packages/airflow/example_dags/example_task_group_decorator.py
[2023-08-15T18:44:16.427-0300] {processor.py:826} INFO - Processing file /home/alan/repos/pipeline_airflow/pipeline-airflow-venv/lib/python3.11/site-packages/airflow/example_dags/example_task_group_decorator.py for tasks to queue
[2023-08-15T18:44:16.429-0300] {logging_mixin.py:150} INFO - [2023-08-15T18:44:16.428-0300] {dagbag.py:541} INFO - Filling up the DagBag from /home/alan/repos/pipeline_airflow/pipeline-airflow-venv/lib/python3.11/site-packages/airflow/example_dags/example_task_group_decorator.py
[2023-08-15T18:44:16.460-0300] {processor.py:836} INFO - DAG(s) dict_keys(['example_task_group_decorator']) retrieved from /home/alan/repos/pipeline_airflow/pipeline-airflow-venv/lib/python3.11/site-packages/airflow/example_dags/example_task_group_decorator.py
[2023-08-15T18:44:16.473-0300] {logging_mixin.py:150} INFO - [2023-08-15T18:44:16.473-0300] {dag.py:2742} INFO - Sync 1 DAGs
[2023-08-15T18:44:16.508-0300] {logging_mixin.py:150} INFO - [2023-08-15T18:44:16.508-0300] {dag.py:3504} INFO - Setting next_dagrun for example_task_group_decorator to 2023-08-14T21:44:16.507719+00:00, run_after=2023-08-15T21:44:16.507719+00:00
[2023-08-15T18:44:16.619-0300] {processor.py:179} INFO - Processing /home/alan/repos/pipeline_airflow/pipeline-airflow-venv/lib/python3.11/site-packages/airflow/example_dags/example_task_group_decorator.py took 0.198 seconds
[2023-08-15T18:45:36.624-0300] {processor.py:157} INFO - Started process (PID=24119) to work on /home/alan/repos/pipeline_airflow/pipeline-airflow-venv/lib/python3.11/site-packages/airflow/example_dags/example_task_group_decorator.py
[2023-08-15T18:45:36.626-0300] {processor.py:826} INFO - Processing file /home/alan/repos/pipeline_airflow/pipeline-airflow-venv/lib/python3.11/site-packages/airflow/example_dags/example_task_group_decorator.py for tasks to queue
[2023-08-15T18:45:36.627-0300] {logging_mixin.py:150} INFO - [2023-08-15T18:45:36.626-0300] {dagbag.py:541} INFO - Filling up the DagBag from /home/alan/repos/pipeline_airflow/pipeline-airflow-venv/lib/python3.11/site-packages/airflow/example_dags/example_task_group_decorator.py
[2023-08-15T18:45:36.658-0300] {processor.py:836} INFO - DAG(s) dict_keys(['example_task_group_decorator']) retrieved from /home/alan/repos/pipeline_airflow/pipeline-airflow-venv/lib/python3.11/site-packages/airflow/example_dags/example_task_group_decorator.py
[2023-08-15T18:45:36.693-0300] {logging_mixin.py:150} INFO - [2023-08-15T18:45:36.693-0300] {dag.py:2742} INFO - Sync 1 DAGs
[2023-08-15T18:45:36.729-0300] {logging_mixin.py:150} INFO - [2023-08-15T18:45:36.729-0300] {dag.py:3504} INFO - Setting next_dagrun for example_task_group_decorator to 2023-08-14T21:45:36.728875+00:00, run_after=2023-08-15T21:45:36.728875+00:00
[2023-08-15T18:45:36.850-0300] {processor.py:179} INFO - Processing /home/alan/repos/pipeline_airflow/pipeline-airflow-venv/lib/python3.11/site-packages/airflow/example_dags/example_task_group_decorator.py took 0.232 seconds
[2023-08-15T18:46:43.376-0300] {processor.py:157} INFO - Started process (PID=24350) to work on /home/alan/repos/pipeline_airflow/pipeline-airflow-venv/lib/python3.11/site-packages/airflow/example_dags/example_task_group_decorator.py
[2023-08-15T18:46:43.378-0300] {processor.py:826} INFO - Processing file /home/alan/repos/pipeline_airflow/pipeline-airflow-venv/lib/python3.11/site-packages/airflow/example_dags/example_task_group_decorator.py for tasks to queue
[2023-08-15T18:46:43.379-0300] {logging_mixin.py:150} INFO - [2023-08-15T18:46:43.378-0300] {dagbag.py:541} INFO - Filling up the DagBag from /home/alan/repos/pipeline_airflow/pipeline-airflow-venv/lib/python3.11/site-packages/airflow/example_dags/example_task_group_decorator.py
[2023-08-15T18:46:43.413-0300] {processor.py:836} INFO - DAG(s) dict_keys(['example_task_group_decorator']) retrieved from /home/alan/repos/pipeline_airflow/pipeline-airflow-venv/lib/python3.11/site-packages/airflow/example_dags/example_task_group_decorator.py
[2023-08-15T18:46:43.452-0300] {logging_mixin.py:150} INFO - [2023-08-15T18:46:43.452-0300] {dag.py:2742} INFO - Sync 1 DAGs
[2023-08-15T18:46:43.495-0300] {logging_mixin.py:150} INFO - [2023-08-15T18:46:43.494-0300] {dag.py:3504} INFO - Setting next_dagrun for example_task_group_decorator to 2023-08-14T21:46:43.494292+00:00, run_after=2023-08-15T21:46:43.494292+00:00
[2023-08-15T18:46:43.824-0300] {processor.py:179} INFO - Processing /home/alan/repos/pipeline_airflow/pipeline-airflow-venv/lib/python3.11/site-packages/airflow/example_dags/example_task_group_decorator.py took 0.453 seconds
[2023-08-15T18:47:48.165-0300] {processor.py:157} INFO - Started process (PID=24581) to work on /home/alan/repos/pipeline_airflow/pipeline-airflow-venv/lib/python3.11/site-packages/airflow/example_dags/example_task_group_decorator.py
[2023-08-15T18:47:48.166-0300] {processor.py:826} INFO - Processing file /home/alan/repos/pipeline_airflow/pipeline-airflow-venv/lib/python3.11/site-packages/airflow/example_dags/example_task_group_decorator.py for tasks to queue
[2023-08-15T18:47:48.168-0300] {logging_mixin.py:150} INFO - [2023-08-15T18:47:48.167-0300] {dagbag.py:541} INFO - Filling up the DagBag from /home/alan/repos/pipeline_airflow/pipeline-airflow-venv/lib/python3.11/site-packages/airflow/example_dags/example_task_group_decorator.py
[2023-08-15T18:47:48.215-0300] {processor.py:836} INFO - DAG(s) dict_keys(['example_task_group_decorator']) retrieved from /home/alan/repos/pipeline_airflow/pipeline-airflow-venv/lib/python3.11/site-packages/airflow/example_dags/example_task_group_decorator.py
[2023-08-15T18:47:48.317-0300] {logging_mixin.py:150} INFO - [2023-08-15T18:47:48.317-0300] {dag.py:2742} INFO - Sync 1 DAGs
[2023-08-15T18:47:48.377-0300] {logging_mixin.py:150} INFO - [2023-08-15T18:47:48.377-0300] {dag.py:3504} INFO - Setting next_dagrun for example_task_group_decorator to 2023-08-14T21:47:48.376630+00:00, run_after=2023-08-15T21:47:48.376630+00:00
[2023-08-15T18:47:48.514-0300] {processor.py:179} INFO - Processing /home/alan/repos/pipeline_airflow/pipeline-airflow-venv/lib/python3.11/site-packages/airflow/example_dags/example_task_group_decorator.py took 0.363 seconds
[2023-08-15T18:48:55.683-0300] {processor.py:157} INFO - Started process (PID=24800) to work on /home/alan/repos/pipeline_airflow/pipeline-airflow-venv/lib/python3.11/site-packages/airflow/example_dags/example_task_group_decorator.py
[2023-08-15T18:48:55.687-0300] {processor.py:826} INFO - Processing file /home/alan/repos/pipeline_airflow/pipeline-airflow-venv/lib/python3.11/site-packages/airflow/example_dags/example_task_group_decorator.py for tasks to queue
[2023-08-15T18:48:55.689-0300] {logging_mixin.py:150} INFO - [2023-08-15T18:48:55.688-0300] {dagbag.py:541} INFO - Filling up the DagBag from /home/alan/repos/pipeline_airflow/pipeline-airflow-venv/lib/python3.11/site-packages/airflow/example_dags/example_task_group_decorator.py
[2023-08-15T18:48:55.729-0300] {processor.py:836} INFO - DAG(s) dict_keys(['example_task_group_decorator']) retrieved from /home/alan/repos/pipeline_airflow/pipeline-airflow-venv/lib/python3.11/site-packages/airflow/example_dags/example_task_group_decorator.py
[2023-08-15T18:48:55.785-0300] {logging_mixin.py:150} INFO - [2023-08-15T18:48:55.784-0300] {dag.py:2742} INFO - Sync 1 DAGs
[2023-08-15T18:48:56.119-0300] {logging_mixin.py:150} INFO - [2023-08-15T18:48:56.118-0300] {dag.py:3504} INFO - Setting next_dagrun for example_task_group_decorator to 2023-08-14T21:48:56.118153+00:00, run_after=2023-08-15T21:48:56.118153+00:00
[2023-08-15T18:48:56.274-0300] {processor.py:179} INFO - Processing /home/alan/repos/pipeline_airflow/pipeline-airflow-venv/lib/python3.11/site-packages/airflow/example_dags/example_task_group_decorator.py took 0.601 seconds
[2023-08-15T18:49:59.150-0300] {processor.py:157} INFO - Started process (PID=25022) to work on /home/alan/repos/pipeline_airflow/pipeline-airflow-venv/lib/python3.11/site-packages/airflow/example_dags/example_task_group_decorator.py
[2023-08-15T18:49:59.162-0300] {processor.py:826} INFO - Processing file /home/alan/repos/pipeline_airflow/pipeline-airflow-venv/lib/python3.11/site-packages/airflow/example_dags/example_task_group_decorator.py for tasks to queue
[2023-08-15T18:49:59.164-0300] {logging_mixin.py:150} INFO - [2023-08-15T18:49:59.163-0300] {dagbag.py:541} INFO - Filling up the DagBag from /home/alan/repos/pipeline_airflow/pipeline-airflow-venv/lib/python3.11/site-packages/airflow/example_dags/example_task_group_decorator.py
[2023-08-15T18:49:59.197-0300] {processor.py:836} INFO - DAG(s) dict_keys(['example_task_group_decorator']) retrieved from /home/alan/repos/pipeline_airflow/pipeline-airflow-venv/lib/python3.11/site-packages/airflow/example_dags/example_task_group_decorator.py
[2023-08-15T18:49:59.233-0300] {logging_mixin.py:150} INFO - [2023-08-15T18:49:59.233-0300] {dag.py:2742} INFO - Sync 1 DAGs
[2023-08-15T18:49:59.270-0300] {logging_mixin.py:150} INFO - [2023-08-15T18:49:59.270-0300] {dag.py:3504} INFO - Setting next_dagrun for example_task_group_decorator to 2023-08-14T21:49:59.269666+00:00, run_after=2023-08-15T21:49:59.269666+00:00
[2023-08-15T18:49:59.380-0300] {processor.py:179} INFO - Processing /home/alan/repos/pipeline_airflow/pipeline-airflow-venv/lib/python3.11/site-packages/airflow/example_dags/example_task_group_decorator.py took 0.235 seconds
[2023-08-15T18:51:03.009-0300] {processor.py:157} INFO - Started process (PID=25306) to work on /home/alan/repos/pipeline_airflow/pipeline-airflow-venv/lib/python3.11/site-packages/airflow/example_dags/example_task_group_decorator.py
[2023-08-15T18:51:03.104-0300] {processor.py:826} INFO - Processing file /home/alan/repos/pipeline_airflow/pipeline-airflow-venv/lib/python3.11/site-packages/airflow/example_dags/example_task_group_decorator.py for tasks to queue
[2023-08-15T18:51:03.106-0300] {logging_mixin.py:150} INFO - [2023-08-15T18:51:03.105-0300] {dagbag.py:541} INFO - Filling up the DagBag from /home/alan/repos/pipeline_airflow/pipeline-airflow-venv/lib/python3.11/site-packages/airflow/example_dags/example_task_group_decorator.py
[2023-08-15T18:51:03.151-0300] {processor.py:836} INFO - DAG(s) dict_keys(['example_task_group_decorator']) retrieved from /home/alan/repos/pipeline_airflow/pipeline-airflow-venv/lib/python3.11/site-packages/airflow/example_dags/example_task_group_decorator.py
[2023-08-15T18:51:03.196-0300] {logging_mixin.py:150} INFO - [2023-08-15T18:51:03.196-0300] {dag.py:2742} INFO - Sync 1 DAGs
[2023-08-15T18:51:03.234-0300] {logging_mixin.py:150} INFO - [2023-08-15T18:51:03.234-0300] {dag.py:3504} INFO - Setting next_dagrun for example_task_group_decorator to 2023-08-14T21:51:03.234300+00:00, run_after=2023-08-15T21:51:03.234300+00:00
[2023-08-15T18:51:03.376-0300] {processor.py:179} INFO - Processing /home/alan/repos/pipeline_airflow/pipeline-airflow-venv/lib/python3.11/site-packages/airflow/example_dags/example_task_group_decorator.py took 0.373 seconds
[2023-08-15T18:52:14.819-0300] {processor.py:157} INFO - Started process (PID=25642) to work on /home/alan/repos/pipeline_airflow/pipeline-airflow-venv/lib/python3.11/site-packages/airflow/example_dags/example_task_group_decorator.py
[2023-08-15T18:52:14.821-0300] {processor.py:826} INFO - Processing file /home/alan/repos/pipeline_airflow/pipeline-airflow-venv/lib/python3.11/site-packages/airflow/example_dags/example_task_group_decorator.py for tasks to queue
[2023-08-15T18:52:14.822-0300] {logging_mixin.py:150} INFO - [2023-08-15T18:52:14.821-0300] {dagbag.py:541} INFO - Filling up the DagBag from /home/alan/repos/pipeline_airflow/pipeline-airflow-venv/lib/python3.11/site-packages/airflow/example_dags/example_task_group_decorator.py
[2023-08-15T18:52:14.851-0300] {processor.py:836} INFO - DAG(s) dict_keys(['example_task_group_decorator']) retrieved from /home/alan/repos/pipeline_airflow/pipeline-airflow-venv/lib/python3.11/site-packages/airflow/example_dags/example_task_group_decorator.py
[2023-08-15T18:52:14.884-0300] {logging_mixin.py:150} INFO - [2023-08-15T18:52:14.884-0300] {dag.py:2742} INFO - Sync 1 DAGs
[2023-08-15T18:52:14.920-0300] {logging_mixin.py:150} INFO - [2023-08-15T18:52:14.919-0300] {dag.py:3504} INFO - Setting next_dagrun for example_task_group_decorator to 2023-08-14T21:52:14.919394+00:00, run_after=2023-08-15T21:52:14.919394+00:00
[2023-08-15T18:52:15.028-0300] {processor.py:179} INFO - Processing /home/alan/repos/pipeline_airflow/pipeline-airflow-venv/lib/python3.11/site-packages/airflow/example_dags/example_task_group_decorator.py took 0.214 seconds
[2023-08-15T18:53:13.727-0300] {processor.py:157} INFO - Started process (PID=25895) to work on /home/alan/repos/pipeline_airflow/pipeline-airflow-venv/lib/python3.11/site-packages/airflow/example_dags/example_task_group_decorator.py
[2023-08-15T18:53:13.738-0300] {processor.py:826} INFO - Processing file /home/alan/repos/pipeline_airflow/pipeline-airflow-venv/lib/python3.11/site-packages/airflow/example_dags/example_task_group_decorator.py for tasks to queue
[2023-08-15T18:53:13.740-0300] {logging_mixin.py:150} INFO - [2023-08-15T18:53:13.739-0300] {dagbag.py:541} INFO - Filling up the DagBag from /home/alan/repos/pipeline_airflow/pipeline-airflow-venv/lib/python3.11/site-packages/airflow/example_dags/example_task_group_decorator.py
[2023-08-15T18:53:13.776-0300] {processor.py:836} INFO - DAG(s) dict_keys(['example_task_group_decorator']) retrieved from /home/alan/repos/pipeline_airflow/pipeline-airflow-venv/lib/python3.11/site-packages/airflow/example_dags/example_task_group_decorator.py
[2023-08-15T18:53:13.809-0300] {logging_mixin.py:150} INFO - [2023-08-15T18:53:13.809-0300] {dag.py:2742} INFO - Sync 1 DAGs
[2023-08-15T18:53:13.843-0300] {logging_mixin.py:150} INFO - [2023-08-15T18:53:13.842-0300] {dag.py:3504} INFO - Setting next_dagrun for example_task_group_decorator to 2023-08-14T21:53:13.842500+00:00, run_after=2023-08-15T21:53:13.842500+00:00
[2023-08-15T18:53:13.953-0300] {processor.py:179} INFO - Processing /home/alan/repos/pipeline_airflow/pipeline-airflow-venv/lib/python3.11/site-packages/airflow/example_dags/example_task_group_decorator.py took 0.232 seconds
[2023-08-15T18:54:07.608-0300] {processor.py:157} INFO - Started process (PID=26106) to work on /home/alan/repos/pipeline_airflow/pipeline-airflow-venv/lib/python3.11/site-packages/airflow/example_dags/example_task_group_decorator.py
[2023-08-15T18:54:07.616-0300] {processor.py:826} INFO - Processing file /home/alan/repos/pipeline_airflow/pipeline-airflow-venv/lib/python3.11/site-packages/airflow/example_dags/example_task_group_decorator.py for tasks to queue
[2023-08-15T18:54:07.617-0300] {logging_mixin.py:150} INFO - [2023-08-15T18:54:07.617-0300] {dagbag.py:541} INFO - Filling up the DagBag from /home/alan/repos/pipeline_airflow/pipeline-airflow-venv/lib/python3.11/site-packages/airflow/example_dags/example_task_group_decorator.py
[2023-08-15T18:54:07.653-0300] {processor.py:836} INFO - DAG(s) dict_keys(['example_task_group_decorator']) retrieved from /home/alan/repos/pipeline_airflow/pipeline-airflow-venv/lib/python3.11/site-packages/airflow/example_dags/example_task_group_decorator.py
[2023-08-15T18:54:07.686-0300] {logging_mixin.py:150} INFO - [2023-08-15T18:54:07.686-0300] {dag.py:2742} INFO - Sync 1 DAGs
[2023-08-15T18:54:07.721-0300] {logging_mixin.py:150} INFO - [2023-08-15T18:54:07.721-0300] {dag.py:3504} INFO - Setting next_dagrun for example_task_group_decorator to 2023-08-14T21:54:07.720895+00:00, run_after=2023-08-15T21:54:07.720895+00:00
[2023-08-15T18:54:07.925-0300] {processor.py:179} INFO - Processing /home/alan/repos/pipeline_airflow/pipeline-airflow-venv/lib/python3.11/site-packages/airflow/example_dags/example_task_group_decorator.py took 0.323 seconds
[2023-08-15T18:55:44.758-0300] {processor.py:157} INFO - Started process (PID=26765) to work on /home/alan/repos/pipeline_airflow/pipeline-airflow-venv/lib/python3.11/site-packages/airflow/example_dags/example_task_group_decorator.py
[2023-08-15T18:55:44.809-0300] {processor.py:826} INFO - Processing file /home/alan/repos/pipeline_airflow/pipeline-airflow-venv/lib/python3.11/site-packages/airflow/example_dags/example_task_group_decorator.py for tasks to queue
[2023-08-15T18:55:44.811-0300] {logging_mixin.py:150} INFO - [2023-08-15T18:55:44.810-0300] {dagbag.py:541} INFO - Filling up the DagBag from /home/alan/repos/pipeline_airflow/pipeline-airflow-venv/lib/python3.11/site-packages/airflow/example_dags/example_task_group_decorator.py
[2023-08-15T18:55:44.978-0300] {processor.py:836} INFO - DAG(s) dict_keys(['example_task_group_decorator']) retrieved from /home/alan/repos/pipeline_airflow/pipeline-airflow-venv/lib/python3.11/site-packages/airflow/example_dags/example_task_group_decorator.py
[2023-08-15T18:55:45.082-0300] {logging_mixin.py:150} INFO - [2023-08-15T18:55:45.082-0300] {dag.py:2742} INFO - Sync 1 DAGs
[2023-08-15T18:55:45.145-0300] {logging_mixin.py:150} INFO - [2023-08-15T18:55:45.145-0300] {dag.py:3504} INFO - Setting next_dagrun for example_task_group_decorator to 2023-08-14T21:55:45.145107+00:00, run_after=2023-08-15T21:55:45.145107+00:00
[2023-08-15T18:55:45.875-0300] {processor.py:179} INFO - Processing /home/alan/repos/pipeline_airflow/pipeline-airflow-venv/lib/python3.11/site-packages/airflow/example_dags/example_task_group_decorator.py took 1.130 seconds
[2023-08-15T18:58:07.691-0300] {processor.py:157} INFO - Started process (PID=27059) to work on /home/alan/repos/pipeline_airflow/pipeline-airflow-venv/lib/python3.11/site-packages/airflow/example_dags/example_task_group_decorator.py
[2023-08-15T18:58:07.755-0300] {processor.py:826} INFO - Processing file /home/alan/repos/pipeline_airflow/pipeline-airflow-venv/lib/python3.11/site-packages/airflow/example_dags/example_task_group_decorator.py for tasks to queue
[2023-08-15T18:58:07.757-0300] {logging_mixin.py:150} INFO - [2023-08-15T18:58:07.756-0300] {dagbag.py:541} INFO - Filling up the DagBag from /home/alan/repos/pipeline_airflow/pipeline-airflow-venv/lib/python3.11/site-packages/airflow/example_dags/example_task_group_decorator.py
[2023-08-15T18:58:07.824-0300] {processor.py:836} INFO - DAG(s) dict_keys(['example_task_group_decorator']) retrieved from /home/alan/repos/pipeline_airflow/pipeline-airflow-venv/lib/python3.11/site-packages/airflow/example_dags/example_task_group_decorator.py
[2023-08-15T18:58:07.997-0300] {logging_mixin.py:150} INFO - [2023-08-15T18:58:07.997-0300] {dag.py:2742} INFO - Sync 1 DAGs
[2023-08-15T18:58:08.037-0300] {logging_mixin.py:150} INFO - [2023-08-15T18:58:08.037-0300] {dag.py:3504} INFO - Setting next_dagrun for example_task_group_decorator to 2023-08-14T21:58:08.036692+00:00, run_after=2023-08-15T21:58:08.036692+00:00
[2023-08-15T18:58:08.595-0300] {processor.py:179} INFO - Processing /home/alan/repos/pipeline_airflow/pipeline-airflow-venv/lib/python3.11/site-packages/airflow/example_dags/example_task_group_decorator.py took 0.910 seconds
[2023-08-15T19:01:30.723-0300] {processor.py:157} INFO - Started process (PID=27553) to work on /home/alan/repos/pipeline_airflow/pipeline-airflow-venv/lib/python3.11/site-packages/airflow/example_dags/example_task_group_decorator.py
[2023-08-15T19:01:30.755-0300] {processor.py:826} INFO - Processing file /home/alan/repos/pipeline_airflow/pipeline-airflow-venv/lib/python3.11/site-packages/airflow/example_dags/example_task_group_decorator.py for tasks to queue
[2023-08-15T19:01:30.757-0300] {logging_mixin.py:150} INFO - [2023-08-15T19:01:30.756-0300] {dagbag.py:541} INFO - Filling up the DagBag from /home/alan/repos/pipeline_airflow/pipeline-airflow-venv/lib/python3.11/site-packages/airflow/example_dags/example_task_group_decorator.py
[2023-08-15T19:01:30.858-0300] {processor.py:836} INFO - DAG(s) dict_keys(['example_task_group_decorator']) retrieved from /home/alan/repos/pipeline_airflow/pipeline-airflow-venv/lib/python3.11/site-packages/airflow/example_dags/example_task_group_decorator.py
[2023-08-15T19:01:30.970-0300] {logging_mixin.py:150} INFO - [2023-08-15T19:01:30.969-0300] {dag.py:2742} INFO - Sync 1 DAGs
[2023-08-15T19:01:31.018-0300] {logging_mixin.py:150} INFO - [2023-08-15T19:01:31.018-0300] {dag.py:3504} INFO - Setting next_dagrun for example_task_group_decorator to 2023-08-14T22:01:31.017904+00:00, run_after=2023-08-15T22:01:31.017904+00:00
[2023-08-15T19:01:31.173-0300] {processor.py:179} INFO - Processing /home/alan/repos/pipeline_airflow/pipeline-airflow-venv/lib/python3.11/site-packages/airflow/example_dags/example_task_group_decorator.py took 0.456 seconds
[2023-08-15T19:02:50.274-0300] {processor.py:157} INFO - Started process (PID=27814) to work on /home/alan/repos/pipeline_airflow/pipeline-airflow-venv/lib/python3.11/site-packages/airflow/example_dags/example_task_group_decorator.py
[2023-08-15T19:02:50.358-0300] {processor.py:826} INFO - Processing file /home/alan/repos/pipeline_airflow/pipeline-airflow-venv/lib/python3.11/site-packages/airflow/example_dags/example_task_group_decorator.py for tasks to queue
[2023-08-15T19:02:50.361-0300] {logging_mixin.py:150} INFO - [2023-08-15T19:02:50.360-0300] {dagbag.py:541} INFO - Filling up the DagBag from /home/alan/repos/pipeline_airflow/pipeline-airflow-venv/lib/python3.11/site-packages/airflow/example_dags/example_task_group_decorator.py
[2023-08-15T19:02:50.527-0300] {processor.py:836} INFO - DAG(s) dict_keys(['example_task_group_decorator']) retrieved from /home/alan/repos/pipeline_airflow/pipeline-airflow-venv/lib/python3.11/site-packages/airflow/example_dags/example_task_group_decorator.py
[2023-08-15T19:02:50.691-0300] {logging_mixin.py:150} INFO - [2023-08-15T19:02:50.691-0300] {dag.py:2742} INFO - Sync 1 DAGs
[2023-08-15T19:02:50.728-0300] {logging_mixin.py:150} INFO - [2023-08-15T19:02:50.728-0300] {dag.py:3504} INFO - Setting next_dagrun for example_task_group_decorator to 2023-08-14T22:02:50.728317+00:00, run_after=2023-08-15T22:02:50.728317+00:00
[2023-08-15T19:02:51.064-0300] {processor.py:179} INFO - Processing /home/alan/repos/pipeline_airflow/pipeline-airflow-venv/lib/python3.11/site-packages/airflow/example_dags/example_task_group_decorator.py took 0.797 seconds
[2023-08-15T19:04:09.448-0300] {processor.py:157} INFO - Started process (PID=28220) to work on /home/alan/repos/pipeline_airflow/pipeline-airflow-venv/lib/python3.11/site-packages/airflow/example_dags/example_task_group_decorator.py
[2023-08-15T19:04:09.463-0300] {processor.py:826} INFO - Processing file /home/alan/repos/pipeline_airflow/pipeline-airflow-venv/lib/python3.11/site-packages/airflow/example_dags/example_task_group_decorator.py for tasks to queue
[2023-08-15T19:04:09.465-0300] {logging_mixin.py:150} INFO - [2023-08-15T19:04:09.464-0300] {dagbag.py:541} INFO - Filling up the DagBag from /home/alan/repos/pipeline_airflow/pipeline-airflow-venv/lib/python3.11/site-packages/airflow/example_dags/example_task_group_decorator.py
[2023-08-15T19:04:09.525-0300] {processor.py:836} INFO - DAG(s) dict_keys(['example_task_group_decorator']) retrieved from /home/alan/repos/pipeline_airflow/pipeline-airflow-venv/lib/python3.11/site-packages/airflow/example_dags/example_task_group_decorator.py
[2023-08-15T19:04:09.579-0300] {logging_mixin.py:150} INFO - [2023-08-15T19:04:09.578-0300] {dag.py:2742} INFO - Sync 1 DAGs
[2023-08-15T19:04:09.634-0300] {logging_mixin.py:150} INFO - [2023-08-15T19:04:09.634-0300] {dag.py:3504} INFO - Setting next_dagrun for example_task_group_decorator to 2023-08-14T22:04:09.633909+00:00, run_after=2023-08-15T22:04:09.633909+00:00
[2023-08-15T19:04:09.803-0300] {processor.py:179} INFO - Processing /home/alan/repos/pipeline_airflow/pipeline-airflow-venv/lib/python3.11/site-packages/airflow/example_dags/example_task_group_decorator.py took 0.362 seconds
[2023-08-15T19:05:35.984-0300] {processor.py:157} INFO - Started process (PID=28647) to work on /home/alan/repos/pipeline_airflow/pipeline-airflow-venv/lib/python3.11/site-packages/airflow/example_dags/example_task_group_decorator.py
[2023-08-15T19:05:35.997-0300] {processor.py:826} INFO - Processing file /home/alan/repos/pipeline_airflow/pipeline-airflow-venv/lib/python3.11/site-packages/airflow/example_dags/example_task_group_decorator.py for tasks to queue
[2023-08-15T19:05:35.999-0300] {logging_mixin.py:150} INFO - [2023-08-15T19:05:35.998-0300] {dagbag.py:541} INFO - Filling up the DagBag from /home/alan/repos/pipeline_airflow/pipeline-airflow-venv/lib/python3.11/site-packages/airflow/example_dags/example_task_group_decorator.py
[2023-08-15T19:05:36.034-0300] {processor.py:836} INFO - DAG(s) dict_keys(['example_task_group_decorator']) retrieved from /home/alan/repos/pipeline_airflow/pipeline-airflow-venv/lib/python3.11/site-packages/airflow/example_dags/example_task_group_decorator.py
[2023-08-15T19:05:36.069-0300] {logging_mixin.py:150} INFO - [2023-08-15T19:05:36.069-0300] {dag.py:2742} INFO - Sync 1 DAGs
[2023-08-15T19:05:36.108-0300] {logging_mixin.py:150} INFO - [2023-08-15T19:05:36.108-0300] {dag.py:3504} INFO - Setting next_dagrun for example_task_group_decorator to 2023-08-14T22:05:36.108234+00:00, run_after=2023-08-15T22:05:36.108234+00:00
[2023-08-15T19:05:36.213-0300] {processor.py:179} INFO - Processing /home/alan/repos/pipeline_airflow/pipeline-airflow-venv/lib/python3.11/site-packages/airflow/example_dags/example_task_group_decorator.py took 0.236 seconds
[2023-08-15T19:06:39.657-0300] {processor.py:157} INFO - Started process (PID=28812) to work on /home/alan/repos/pipeline_airflow/pipeline-airflow-venv/lib/python3.11/site-packages/airflow/example_dags/example_task_group_decorator.py
[2023-08-15T19:06:39.667-0300] {processor.py:826} INFO - Processing file /home/alan/repos/pipeline_airflow/pipeline-airflow-venv/lib/python3.11/site-packages/airflow/example_dags/example_task_group_decorator.py for tasks to queue
[2023-08-15T19:06:39.669-0300] {logging_mixin.py:150} INFO - [2023-08-15T19:06:39.668-0300] {dagbag.py:541} INFO - Filling up the DagBag from /home/alan/repos/pipeline_airflow/pipeline-airflow-venv/lib/python3.11/site-packages/airflow/example_dags/example_task_group_decorator.py
[2023-08-15T19:06:39.702-0300] {processor.py:836} INFO - DAG(s) dict_keys(['example_task_group_decorator']) retrieved from /home/alan/repos/pipeline_airflow/pipeline-airflow-venv/lib/python3.11/site-packages/airflow/example_dags/example_task_group_decorator.py
[2023-08-15T19:06:39.736-0300] {logging_mixin.py:150} INFO - [2023-08-15T19:06:39.736-0300] {dag.py:2742} INFO - Sync 1 DAGs
[2023-08-15T19:06:39.771-0300] {logging_mixin.py:150} INFO - [2023-08-15T19:06:39.771-0300] {dag.py:3504} INFO - Setting next_dagrun for example_task_group_decorator to 2023-08-14T22:06:39.770822+00:00, run_after=2023-08-15T22:06:39.770822+00:00
[2023-08-15T19:06:39.883-0300] {processor.py:179} INFO - Processing /home/alan/repos/pipeline_airflow/pipeline-airflow-venv/lib/python3.11/site-packages/airflow/example_dags/example_task_group_decorator.py took 0.232 seconds
[2023-08-15T19:07:41.706-0300] {processor.py:157} INFO - Started process (PID=29081) to work on /home/alan/repos/pipeline_airflow/pipeline-airflow-venv/lib/python3.11/site-packages/airflow/example_dags/example_task_group_decorator.py
[2023-08-15T19:07:41.724-0300] {processor.py:826} INFO - Processing file /home/alan/repos/pipeline_airflow/pipeline-airflow-venv/lib/python3.11/site-packages/airflow/example_dags/example_task_group_decorator.py for tasks to queue
[2023-08-15T19:07:41.726-0300] {logging_mixin.py:150} INFO - [2023-08-15T19:07:41.725-0300] {dagbag.py:541} INFO - Filling up the DagBag from /home/alan/repos/pipeline_airflow/pipeline-airflow-venv/lib/python3.11/site-packages/airflow/example_dags/example_task_group_decorator.py
[2023-08-15T19:07:41.765-0300] {processor.py:836} INFO - DAG(s) dict_keys(['example_task_group_decorator']) retrieved from /home/alan/repos/pipeline_airflow/pipeline-airflow-venv/lib/python3.11/site-packages/airflow/example_dags/example_task_group_decorator.py
[2023-08-15T19:07:41.808-0300] {logging_mixin.py:150} INFO - [2023-08-15T19:07:41.808-0300] {dag.py:2742} INFO - Sync 1 DAGs
[2023-08-15T19:07:41.852-0300] {logging_mixin.py:150} INFO - [2023-08-15T19:07:41.852-0300] {dag.py:3504} INFO - Setting next_dagrun for example_task_group_decorator to 2023-08-14T22:07:41.851684+00:00, run_after=2023-08-15T22:07:41.851684+00:00
[2023-08-15T19:07:42.038-0300] {processor.py:179} INFO - Processing /home/alan/repos/pipeline_airflow/pipeline-airflow-venv/lib/python3.11/site-packages/airflow/example_dags/example_task_group_decorator.py took 0.337 seconds
[2023-08-15T19:08:47.742-0300] {processor.py:157} INFO - Started process (PID=29252) to work on /home/alan/repos/pipeline_airflow/pipeline-airflow-venv/lib/python3.11/site-packages/airflow/example_dags/example_task_group_decorator.py
[2023-08-15T19:08:47.745-0300] {processor.py:826} INFO - Processing file /home/alan/repos/pipeline_airflow/pipeline-airflow-venv/lib/python3.11/site-packages/airflow/example_dags/example_task_group_decorator.py for tasks to queue
[2023-08-15T19:08:47.759-0300] {logging_mixin.py:150} INFO - [2023-08-15T19:08:47.750-0300] {dagbag.py:541} INFO - Filling up the DagBag from /home/alan/repos/pipeline_airflow/pipeline-airflow-venv/lib/python3.11/site-packages/airflow/example_dags/example_task_group_decorator.py
[2023-08-15T19:08:47.797-0300] {processor.py:836} INFO - DAG(s) dict_keys(['example_task_group_decorator']) retrieved from /home/alan/repos/pipeline_airflow/pipeline-airflow-venv/lib/python3.11/site-packages/airflow/example_dags/example_task_group_decorator.py
[2023-08-15T19:08:47.840-0300] {logging_mixin.py:150} INFO - [2023-08-15T19:08:47.839-0300] {dag.py:2742} INFO - Sync 1 DAGs
[2023-08-15T19:08:47.884-0300] {logging_mixin.py:150} INFO - [2023-08-15T19:08:47.883-0300] {dag.py:3504} INFO - Setting next_dagrun for example_task_group_decorator to 2023-08-14T22:08:47.883414+00:00, run_after=2023-08-15T22:08:47.883414+00:00
[2023-08-15T19:08:48.017-0300] {processor.py:179} INFO - Processing /home/alan/repos/pipeline_airflow/pipeline-airflow-venv/lib/python3.11/site-packages/airflow/example_dags/example_task_group_decorator.py took 0.281 seconds
[2023-08-15T19:09:47.128-0300] {processor.py:157} INFO - Started process (PID=29404) to work on /home/alan/repos/pipeline_airflow/pipeline-airflow-venv/lib/python3.11/site-packages/airflow/example_dags/example_task_group_decorator.py
[2023-08-15T19:09:47.130-0300] {processor.py:826} INFO - Processing file /home/alan/repos/pipeline_airflow/pipeline-airflow-venv/lib/python3.11/site-packages/airflow/example_dags/example_task_group_decorator.py for tasks to queue
[2023-08-15T19:09:47.131-0300] {logging_mixin.py:150} INFO - [2023-08-15T19:09:47.131-0300] {dagbag.py:541} INFO - Filling up the DagBag from /home/alan/repos/pipeline_airflow/pipeline-airflow-venv/lib/python3.11/site-packages/airflow/example_dags/example_task_group_decorator.py
[2023-08-15T19:09:47.163-0300] {processor.py:836} INFO - DAG(s) dict_keys(['example_task_group_decorator']) retrieved from /home/alan/repos/pipeline_airflow/pipeline-airflow-venv/lib/python3.11/site-packages/airflow/example_dags/example_task_group_decorator.py
[2023-08-15T19:09:47.199-0300] {logging_mixin.py:150} INFO - [2023-08-15T19:09:47.199-0300] {dag.py:2742} INFO - Sync 1 DAGs
[2023-08-15T19:09:47.235-0300] {logging_mixin.py:150} INFO - [2023-08-15T19:09:47.234-0300] {dag.py:3504} INFO - Setting next_dagrun for example_task_group_decorator to 2023-08-14T22:09:47.234459+00:00, run_after=2023-08-15T22:09:47.234459+00:00
[2023-08-15T19:09:47.349-0300] {processor.py:179} INFO - Processing /home/alan/repos/pipeline_airflow/pipeline-airflow-venv/lib/python3.11/site-packages/airflow/example_dags/example_task_group_decorator.py took 0.226 seconds
[2023-08-15T19:10:46.631-0300] {processor.py:157} INFO - Started process (PID=29565) to work on /home/alan/repos/pipeline_airflow/pipeline-airflow-venv/lib/python3.11/site-packages/airflow/example_dags/example_task_group_decorator.py
[2023-08-15T19:10:46.642-0300] {processor.py:826} INFO - Processing file /home/alan/repos/pipeline_airflow/pipeline-airflow-venv/lib/python3.11/site-packages/airflow/example_dags/example_task_group_decorator.py for tasks to queue
[2023-08-15T19:10:46.644-0300] {logging_mixin.py:150} INFO - [2023-08-15T19:10:46.643-0300] {dagbag.py:541} INFO - Filling up the DagBag from /home/alan/repos/pipeline_airflow/pipeline-airflow-venv/lib/python3.11/site-packages/airflow/example_dags/example_task_group_decorator.py
[2023-08-15T19:10:46.693-0300] {processor.py:836} INFO - DAG(s) dict_keys(['example_task_group_decorator']) retrieved from /home/alan/repos/pipeline_airflow/pipeline-airflow-venv/lib/python3.11/site-packages/airflow/example_dags/example_task_group_decorator.py
[2023-08-15T19:10:46.728-0300] {logging_mixin.py:150} INFO - [2023-08-15T19:10:46.728-0300] {dag.py:2742} INFO - Sync 1 DAGs
[2023-08-15T19:10:46.762-0300] {logging_mixin.py:150} INFO - [2023-08-15T19:10:46.762-0300] {dag.py:3504} INFO - Setting next_dagrun for example_task_group_decorator to 2023-08-14T22:10:46.762220+00:00, run_after=2023-08-15T22:10:46.762220+00:00
[2023-08-15T19:10:46.881-0300] {processor.py:179} INFO - Processing /home/alan/repos/pipeline_airflow/pipeline-airflow-venv/lib/python3.11/site-packages/airflow/example_dags/example_task_group_decorator.py took 0.255 seconds
[2023-08-15T19:11:49.507-0300] {processor.py:157} INFO - Started process (PID=29795) to work on /home/alan/repos/pipeline_airflow/pipeline-airflow-venv/lib/python3.11/site-packages/airflow/example_dags/example_task_group_decorator.py
[2023-08-15T19:11:49.516-0300] {processor.py:826} INFO - Processing file /home/alan/repos/pipeline_airflow/pipeline-airflow-venv/lib/python3.11/site-packages/airflow/example_dags/example_task_group_decorator.py for tasks to queue
[2023-08-15T19:11:49.518-0300] {logging_mixin.py:150} INFO - [2023-08-15T19:11:49.517-0300] {dagbag.py:541} INFO - Filling up the DagBag from /home/alan/repos/pipeline_airflow/pipeline-airflow-venv/lib/python3.11/site-packages/airflow/example_dags/example_task_group_decorator.py
[2023-08-15T19:11:49.555-0300] {processor.py:836} INFO - DAG(s) dict_keys(['example_task_group_decorator']) retrieved from /home/alan/repos/pipeline_airflow/pipeline-airflow-venv/lib/python3.11/site-packages/airflow/example_dags/example_task_group_decorator.py
[2023-08-15T19:11:49.591-0300] {logging_mixin.py:150} INFO - [2023-08-15T19:11:49.591-0300] {dag.py:2742} INFO - Sync 1 DAGs
[2023-08-15T19:11:49.630-0300] {logging_mixin.py:150} INFO - [2023-08-15T19:11:49.629-0300] {dag.py:3504} INFO - Setting next_dagrun for example_task_group_decorator to 2023-08-14T22:11:49.629362+00:00, run_after=2023-08-15T22:11:49.629362+00:00
[2023-08-15T19:11:49.749-0300] {processor.py:179} INFO - Processing /home/alan/repos/pipeline_airflow/pipeline-airflow-venv/lib/python3.11/site-packages/airflow/example_dags/example_task_group_decorator.py took 0.246 seconds
[2023-08-15T19:12:51.257-0300] {processor.py:157} INFO - Started process (PID=29991) to work on /home/alan/repos/pipeline_airflow/pipeline-airflow-venv/lib/python3.11/site-packages/airflow/example_dags/example_task_group_decorator.py
[2023-08-15T19:12:51.298-0300] {processor.py:826} INFO - Processing file /home/alan/repos/pipeline_airflow/pipeline-airflow-venv/lib/python3.11/site-packages/airflow/example_dags/example_task_group_decorator.py for tasks to queue
[2023-08-15T19:12:51.299-0300] {logging_mixin.py:150} INFO - [2023-08-15T19:12:51.299-0300] {dagbag.py:541} INFO - Filling up the DagBag from /home/alan/repos/pipeline_airflow/pipeline-airflow-venv/lib/python3.11/site-packages/airflow/example_dags/example_task_group_decorator.py
[2023-08-15T19:12:51.342-0300] {processor.py:836} INFO - DAG(s) dict_keys(['example_task_group_decorator']) retrieved from /home/alan/repos/pipeline_airflow/pipeline-airflow-venv/lib/python3.11/site-packages/airflow/example_dags/example_task_group_decorator.py
[2023-08-15T19:12:51.379-0300] {logging_mixin.py:150} INFO - [2023-08-15T19:12:51.379-0300] {dag.py:2742} INFO - Sync 1 DAGs
[2023-08-15T19:12:51.422-0300] {logging_mixin.py:150} INFO - [2023-08-15T19:12:51.421-0300] {dag.py:3504} INFO - Setting next_dagrun for example_task_group_decorator to 2023-08-14T22:12:51.421455+00:00, run_after=2023-08-15T22:12:51.421455+00:00
[2023-08-15T19:12:51.678-0300] {processor.py:179} INFO - Processing /home/alan/repos/pipeline_airflow/pipeline-airflow-venv/lib/python3.11/site-packages/airflow/example_dags/example_task_group_decorator.py took 0.427 seconds
[2023-08-15T19:13:50.504-0300] {processor.py:157} INFO - Started process (PID=30146) to work on /home/alan/repos/pipeline_airflow/pipeline-airflow-venv/lib/python3.11/site-packages/airflow/example_dags/example_task_group_decorator.py
[2023-08-15T19:13:50.510-0300] {processor.py:826} INFO - Processing file /home/alan/repos/pipeline_airflow/pipeline-airflow-venv/lib/python3.11/site-packages/airflow/example_dags/example_task_group_decorator.py for tasks to queue
[2023-08-15T19:13:50.512-0300] {logging_mixin.py:150} INFO - [2023-08-15T19:13:50.511-0300] {dagbag.py:541} INFO - Filling up the DagBag from /home/alan/repos/pipeline_airflow/pipeline-airflow-venv/lib/python3.11/site-packages/airflow/example_dags/example_task_group_decorator.py
[2023-08-15T19:13:50.554-0300] {processor.py:836} INFO - DAG(s) dict_keys(['example_task_group_decorator']) retrieved from /home/alan/repos/pipeline_airflow/pipeline-airflow-venv/lib/python3.11/site-packages/airflow/example_dags/example_task_group_decorator.py
[2023-08-15T19:13:50.594-0300] {logging_mixin.py:150} INFO - [2023-08-15T19:13:50.594-0300] {dag.py:2742} INFO - Sync 1 DAGs
[2023-08-15T19:13:50.637-0300] {logging_mixin.py:150} INFO - [2023-08-15T19:13:50.636-0300] {dag.py:3504} INFO - Setting next_dagrun for example_task_group_decorator to 2023-08-14T22:13:50.636304+00:00, run_after=2023-08-15T22:13:50.636304+00:00
[2023-08-15T19:13:50.755-0300] {processor.py:179} INFO - Processing /home/alan/repos/pipeline_airflow/pipeline-airflow-venv/lib/python3.11/site-packages/airflow/example_dags/example_task_group_decorator.py took 0.256 seconds
[2023-08-15T19:14:49.010-0300] {processor.py:157} INFO - Started process (PID=30297) to work on /home/alan/repos/pipeline_airflow/pipeline-airflow-venv/lib/python3.11/site-packages/airflow/example_dags/example_task_group_decorator.py
[2023-08-15T19:14:49.012-0300] {processor.py:826} INFO - Processing file /home/alan/repos/pipeline_airflow/pipeline-airflow-venv/lib/python3.11/site-packages/airflow/example_dags/example_task_group_decorator.py for tasks to queue
[2023-08-15T19:14:49.014-0300] {logging_mixin.py:150} INFO - [2023-08-15T19:14:49.013-0300] {dagbag.py:541} INFO - Filling up the DagBag from /home/alan/repos/pipeline_airflow/pipeline-airflow-venv/lib/python3.11/site-packages/airflow/example_dags/example_task_group_decorator.py
[2023-08-15T19:14:49.048-0300] {processor.py:836} INFO - DAG(s) dict_keys(['example_task_group_decorator']) retrieved from /home/alan/repos/pipeline_airflow/pipeline-airflow-venv/lib/python3.11/site-packages/airflow/example_dags/example_task_group_decorator.py
[2023-08-15T19:14:49.082-0300] {logging_mixin.py:150} INFO - [2023-08-15T19:14:49.082-0300] {dag.py:2742} INFO - Sync 1 DAGs
[2023-08-15T19:14:49.118-0300] {logging_mixin.py:150} INFO - [2023-08-15T19:14:49.117-0300] {dag.py:3504} INFO - Setting next_dagrun for example_task_group_decorator to 2023-08-14T22:14:49.117228+00:00, run_after=2023-08-15T22:14:49.117228+00:00
[2023-08-15T19:14:49.236-0300] {processor.py:179} INFO - Processing /home/alan/repos/pipeline_airflow/pipeline-airflow-venv/lib/python3.11/site-packages/airflow/example_dags/example_task_group_decorator.py took 0.233 seconds
[2023-08-15T19:15:43.594-0300] {processor.py:157} INFO - Started process (PID=30436) to work on /home/alan/repos/pipeline_airflow/pipeline-airflow-venv/lib/python3.11/site-packages/airflow/example_dags/example_task_group_decorator.py
[2023-08-15T19:15:43.596-0300] {processor.py:826} INFO - Processing file /home/alan/repos/pipeline_airflow/pipeline-airflow-venv/lib/python3.11/site-packages/airflow/example_dags/example_task_group_decorator.py for tasks to queue
[2023-08-15T19:15:43.598-0300] {logging_mixin.py:150} INFO - [2023-08-15T19:15:43.597-0300] {dagbag.py:541} INFO - Filling up the DagBag from /home/alan/repos/pipeline_airflow/pipeline-airflow-venv/lib/python3.11/site-packages/airflow/example_dags/example_task_group_decorator.py
[2023-08-15T19:15:43.633-0300] {processor.py:836} INFO - DAG(s) dict_keys(['example_task_group_decorator']) retrieved from /home/alan/repos/pipeline_airflow/pipeline-airflow-venv/lib/python3.11/site-packages/airflow/example_dags/example_task_group_decorator.py
[2023-08-15T19:15:43.666-0300] {logging_mixin.py:150} INFO - [2023-08-15T19:15:43.666-0300] {dag.py:2742} INFO - Sync 1 DAGs
[2023-08-15T19:15:43.701-0300] {logging_mixin.py:150} INFO - [2023-08-15T19:15:43.701-0300] {dag.py:3504} INFO - Setting next_dagrun for example_task_group_decorator to 2023-08-14T22:15:43.701006+00:00, run_after=2023-08-15T22:15:43.701006+00:00
[2023-08-15T19:15:43.823-0300] {processor.py:179} INFO - Processing /home/alan/repos/pipeline_airflow/pipeline-airflow-venv/lib/python3.11/site-packages/airflow/example_dags/example_task_group_decorator.py took 0.236 seconds
[2023-08-15T19:16:42.719-0300] {processor.py:157} INFO - Started process (PID=30597) to work on /home/alan/repos/pipeline_airflow/pipeline-airflow-venv/lib/python3.11/site-packages/airflow/example_dags/example_task_group_decorator.py
[2023-08-15T19:16:42.721-0300] {processor.py:826} INFO - Processing file /home/alan/repos/pipeline_airflow/pipeline-airflow-venv/lib/python3.11/site-packages/airflow/example_dags/example_task_group_decorator.py for tasks to queue
[2023-08-15T19:16:42.723-0300] {logging_mixin.py:150} INFO - [2023-08-15T19:16:42.723-0300] {dagbag.py:541} INFO - Filling up the DagBag from /home/alan/repos/pipeline_airflow/pipeline-airflow-venv/lib/python3.11/site-packages/airflow/example_dags/example_task_group_decorator.py
[2023-08-15T19:16:42.761-0300] {processor.py:836} INFO - DAG(s) dict_keys(['example_task_group_decorator']) retrieved from /home/alan/repos/pipeline_airflow/pipeline-airflow-venv/lib/python3.11/site-packages/airflow/example_dags/example_task_group_decorator.py
[2023-08-15T19:16:42.799-0300] {logging_mixin.py:150} INFO - [2023-08-15T19:16:42.799-0300] {dag.py:2742} INFO - Sync 1 DAGs
[2023-08-15T19:16:42.838-0300] {logging_mixin.py:150} INFO - [2023-08-15T19:16:42.838-0300] {dag.py:3504} INFO - Setting next_dagrun for example_task_group_decorator to 2023-08-14T22:16:42.837851+00:00, run_after=2023-08-15T22:16:42.837851+00:00
[2023-08-15T19:16:42.946-0300] {processor.py:179} INFO - Processing /home/alan/repos/pipeline_airflow/pipeline-airflow-venv/lib/python3.11/site-packages/airflow/example_dags/example_task_group_decorator.py took 0.234 seconds
[2023-08-15T19:17:45.206-0300] {processor.py:157} INFO - Started process (PID=30757) to work on /home/alan/repos/pipeline_airflow/pipeline-airflow-venv/lib/python3.11/site-packages/airflow/example_dags/example_task_group_decorator.py
[2023-08-15T19:17:45.208-0300] {processor.py:826} INFO - Processing file /home/alan/repos/pipeline_airflow/pipeline-airflow-venv/lib/python3.11/site-packages/airflow/example_dags/example_task_group_decorator.py for tasks to queue
[2023-08-15T19:17:45.210-0300] {logging_mixin.py:150} INFO - [2023-08-15T19:17:45.209-0300] {dagbag.py:541} INFO - Filling up the DagBag from /home/alan/repos/pipeline_airflow/pipeline-airflow-venv/lib/python3.11/site-packages/airflow/example_dags/example_task_group_decorator.py
[2023-08-15T19:17:45.245-0300] {processor.py:836} INFO - DAG(s) dict_keys(['example_task_group_decorator']) retrieved from /home/alan/repos/pipeline_airflow/pipeline-airflow-venv/lib/python3.11/site-packages/airflow/example_dags/example_task_group_decorator.py
[2023-08-15T19:17:45.279-0300] {logging_mixin.py:150} INFO - [2023-08-15T19:17:45.279-0300] {dag.py:2742} INFO - Sync 1 DAGs
[2023-08-15T19:17:45.315-0300] {logging_mixin.py:150} INFO - [2023-08-15T19:17:45.314-0300] {dag.py:3504} INFO - Setting next_dagrun for example_task_group_decorator to 2023-08-14T22:17:45.314343+00:00, run_after=2023-08-15T22:17:45.314343+00:00
[2023-08-15T19:17:45.441-0300] {processor.py:179} INFO - Processing /home/alan/repos/pipeline_airflow/pipeline-airflow-venv/lib/python3.11/site-packages/airflow/example_dags/example_task_group_decorator.py took 0.242 seconds
[2023-08-15T19:18:40.902-0300] {processor.py:157} INFO - Started process (PID=30904) to work on /home/alan/repos/pipeline_airflow/pipeline-airflow-venv/lib/python3.11/site-packages/airflow/example_dags/example_task_group_decorator.py
[2023-08-15T19:18:40.903-0300] {processor.py:826} INFO - Processing file /home/alan/repos/pipeline_airflow/pipeline-airflow-venv/lib/python3.11/site-packages/airflow/example_dags/example_task_group_decorator.py for tasks to queue
[2023-08-15T19:18:40.905-0300] {logging_mixin.py:150} INFO - [2023-08-15T19:18:40.904-0300] {dagbag.py:541} INFO - Filling up the DagBag from /home/alan/repos/pipeline_airflow/pipeline-airflow-venv/lib/python3.11/site-packages/airflow/example_dags/example_task_group_decorator.py
[2023-08-15T19:18:40.944-0300] {processor.py:836} INFO - DAG(s) dict_keys(['example_task_group_decorator']) retrieved from /home/alan/repos/pipeline_airflow/pipeline-airflow-venv/lib/python3.11/site-packages/airflow/example_dags/example_task_group_decorator.py
[2023-08-15T19:18:40.985-0300] {logging_mixin.py:150} INFO - [2023-08-15T19:18:40.985-0300] {dag.py:2742} INFO - Sync 1 DAGs
[2023-08-15T19:18:41.023-0300] {logging_mixin.py:150} INFO - [2023-08-15T19:18:41.022-0300] {dag.py:3504} INFO - Setting next_dagrun for example_task_group_decorator to 2023-08-14T22:18:41.022419+00:00, run_after=2023-08-15T22:18:41.022419+00:00
[2023-08-15T19:18:41.153-0300] {processor.py:179} INFO - Processing /home/alan/repos/pipeline_airflow/pipeline-airflow-venv/lib/python3.11/site-packages/airflow/example_dags/example_task_group_decorator.py took 0.262 seconds
[2023-08-15T19:19:38.040-0300] {processor.py:157} INFO - Started process (PID=31047) to work on /home/alan/repos/pipeline_airflow/pipeline-airflow-venv/lib/python3.11/site-packages/airflow/example_dags/example_task_group_decorator.py
[2023-08-15T19:19:38.042-0300] {processor.py:826} INFO - Processing file /home/alan/repos/pipeline_airflow/pipeline-airflow-venv/lib/python3.11/site-packages/airflow/example_dags/example_task_group_decorator.py for tasks to queue
[2023-08-15T19:19:38.044-0300] {logging_mixin.py:150} INFO - [2023-08-15T19:19:38.043-0300] {dagbag.py:541} INFO - Filling up the DagBag from /home/alan/repos/pipeline_airflow/pipeline-airflow-venv/lib/python3.11/site-packages/airflow/example_dags/example_task_group_decorator.py
[2023-08-15T19:19:38.078-0300] {processor.py:836} INFO - DAG(s) dict_keys(['example_task_group_decorator']) retrieved from /home/alan/repos/pipeline_airflow/pipeline-airflow-venv/lib/python3.11/site-packages/airflow/example_dags/example_task_group_decorator.py
[2023-08-15T19:19:38.111-0300] {logging_mixin.py:150} INFO - [2023-08-15T19:19:38.111-0300] {dag.py:2742} INFO - Sync 1 DAGs
[2023-08-15T19:19:38.146-0300] {logging_mixin.py:150} INFO - [2023-08-15T19:19:38.146-0300] {dag.py:3504} INFO - Setting next_dagrun for example_task_group_decorator to 2023-08-14T22:19:38.146014+00:00, run_after=2023-08-15T22:19:38.146014+00:00
[2023-08-15T19:19:38.271-0300] {processor.py:179} INFO - Processing /home/alan/repos/pipeline_airflow/pipeline-airflow-venv/lib/python3.11/site-packages/airflow/example_dags/example_task_group_decorator.py took 0.238 seconds
[2023-08-15T19:20:46.033-0300] {processor.py:157} INFO - Started process (PID=31327) to work on /home/alan/repos/pipeline_airflow/pipeline-airflow-venv/lib/python3.11/site-packages/airflow/example_dags/example_task_group_decorator.py
[2023-08-15T19:20:46.043-0300] {processor.py:826} INFO - Processing file /home/alan/repos/pipeline_airflow/pipeline-airflow-venv/lib/python3.11/site-packages/airflow/example_dags/example_task_group_decorator.py for tasks to queue
[2023-08-15T19:20:46.045-0300] {logging_mixin.py:150} INFO - [2023-08-15T19:20:46.044-0300] {dagbag.py:541} INFO - Filling up the DagBag from /home/alan/repos/pipeline_airflow/pipeline-airflow-venv/lib/python3.11/site-packages/airflow/example_dags/example_task_group_decorator.py
[2023-08-15T19:20:46.082-0300] {processor.py:836} INFO - DAG(s) dict_keys(['example_task_group_decorator']) retrieved from /home/alan/repos/pipeline_airflow/pipeline-airflow-venv/lib/python3.11/site-packages/airflow/example_dags/example_task_group_decorator.py
[2023-08-15T19:20:46.120-0300] {logging_mixin.py:150} INFO - [2023-08-15T19:20:46.120-0300] {dag.py:2742} INFO - Sync 1 DAGs
[2023-08-15T19:20:46.163-0300] {logging_mixin.py:150} INFO - [2023-08-15T19:20:46.162-0300] {dag.py:3504} INFO - Setting next_dagrun for example_task_group_decorator to 2023-08-14T22:20:46.162527+00:00, run_after=2023-08-15T22:20:46.162527+00:00
[2023-08-15T19:20:46.303-0300] {processor.py:179} INFO - Processing /home/alan/repos/pipeline_airflow/pipeline-airflow-venv/lib/python3.11/site-packages/airflow/example_dags/example_task_group_decorator.py took 0.276 seconds
[2023-08-15T19:21:39.948-0300] {processor.py:157} INFO - Started process (PID=31568) to work on /home/alan/repos/pipeline_airflow/pipeline-airflow-venv/lib/python3.11/site-packages/airflow/example_dags/example_task_group_decorator.py
[2023-08-15T19:21:39.963-0300] {processor.py:826} INFO - Processing file /home/alan/repos/pipeline_airflow/pipeline-airflow-venv/lib/python3.11/site-packages/airflow/example_dags/example_task_group_decorator.py for tasks to queue
[2023-08-15T19:21:39.965-0300] {logging_mixin.py:150} INFO - [2023-08-15T19:21:39.964-0300] {dagbag.py:541} INFO - Filling up the DagBag from /home/alan/repos/pipeline_airflow/pipeline-airflow-venv/lib/python3.11/site-packages/airflow/example_dags/example_task_group_decorator.py
[2023-08-15T19:21:40.002-0300] {processor.py:836} INFO - DAG(s) dict_keys(['example_task_group_decorator']) retrieved from /home/alan/repos/pipeline_airflow/pipeline-airflow-venv/lib/python3.11/site-packages/airflow/example_dags/example_task_group_decorator.py
[2023-08-15T19:21:40.038-0300] {logging_mixin.py:150} INFO - [2023-08-15T19:21:40.038-0300] {dag.py:2742} INFO - Sync 1 DAGs
[2023-08-15T19:21:40.079-0300] {logging_mixin.py:150} INFO - [2023-08-15T19:21:40.078-0300] {dag.py:3504} INFO - Setting next_dagrun for example_task_group_decorator to 2023-08-14T22:21:40.078228+00:00, run_after=2023-08-15T22:21:40.078228+00:00
[2023-08-15T19:21:40.203-0300] {processor.py:179} INFO - Processing /home/alan/repos/pipeline_airflow/pipeline-airflow-venv/lib/python3.11/site-packages/airflow/example_dags/example_task_group_decorator.py took 0.263 seconds
