[2023-08-15T18:19:03.709-0300] {processor.py:157} INFO - Started process (PID=17916) to work on /home/alan/repos/pipeline_airflow/pipeline-airflow-venv/lib/python3.11/site-packages/airflow/example_dags/example_trigger_target_dag.py
[2023-08-15T18:19:03.711-0300] {processor.py:826} INFO - Processing file /home/alan/repos/pipeline_airflow/pipeline-airflow-venv/lib/python3.11/site-packages/airflow/example_dags/example_trigger_target_dag.py for tasks to queue
[2023-08-15T18:19:03.712-0300] {logging_mixin.py:150} INFO - [2023-08-15T18:19:03.711-0300] {dagbag.py:541} INFO - Filling up the DagBag from /home/alan/repos/pipeline_airflow/pipeline-airflow-venv/lib/python3.11/site-packages/airflow/example_dags/example_trigger_target_dag.py
[2023-08-15T18:19:03.728-0300] {processor.py:836} INFO - DAG(s) dict_keys(['example_trigger_target_dag']) retrieved from /home/alan/repos/pipeline_airflow/pipeline-airflow-venv/lib/python3.11/site-packages/airflow/example_dags/example_trigger_target_dag.py
[2023-08-15T18:19:04.125-0300] {logging_mixin.py:150} INFO - [2023-08-15T18:19:04.125-0300] {manager.py:504} INFO - Created Permission View: can delete on DAG:example_trigger_target_dag
[2023-08-15T18:19:04.236-0300] {logging_mixin.py:150} INFO - [2023-08-15T18:19:04.235-0300] {manager.py:504} INFO - Created Permission View: can edit on DAG:example_trigger_target_dag
[2023-08-15T18:19:04.324-0300] {logging_mixin.py:150} INFO - [2023-08-15T18:19:04.324-0300] {manager.py:504} INFO - Created Permission View: can read on DAG:example_trigger_target_dag
[2023-08-15T18:19:04.342-0300] {logging_mixin.py:150} INFO - [2023-08-15T18:19:04.342-0300] {dag.py:2742} INFO - Sync 1 DAGs
[2023-08-15T18:19:04.358-0300] {logging_mixin.py:150} INFO - [2023-08-15T18:19:04.358-0300] {dag.py:2763} INFO - Creating ORM DAG for example_trigger_target_dag
[2023-08-15T18:19:04.397-0300] {logging_mixin.py:150} INFO - [2023-08-15T18:19:04.397-0300] {dag.py:3504} INFO - Setting next_dagrun for example_trigger_target_dag to None, run_after=None
[2023-08-15T18:19:04.656-0300] {processor.py:179} INFO - Processing /home/alan/repos/pipeline_airflow/pipeline-airflow-venv/lib/python3.11/site-packages/airflow/example_dags/example_trigger_target_dag.py took 0.952 seconds
[2023-08-15T18:20:45.441-0300] {processor.py:157} INFO - Started process (PID=18763) to work on /home/alan/repos/pipeline_airflow/pipeline-airflow-venv/lib/python3.11/site-packages/airflow/example_dags/example_trigger_target_dag.py
[2023-08-15T18:20:45.443-0300] {processor.py:826} INFO - Processing file /home/alan/repos/pipeline_airflow/pipeline-airflow-venv/lib/python3.11/site-packages/airflow/example_dags/example_trigger_target_dag.py for tasks to queue
[2023-08-15T18:20:45.445-0300] {logging_mixin.py:150} INFO - [2023-08-15T18:20:45.444-0300] {dagbag.py:541} INFO - Filling up the DagBag from /home/alan/repos/pipeline_airflow/pipeline-airflow-venv/lib/python3.11/site-packages/airflow/example_dags/example_trigger_target_dag.py
[2023-08-15T18:20:45.457-0300] {processor.py:836} INFO - DAG(s) dict_keys(['example_trigger_target_dag']) retrieved from /home/alan/repos/pipeline_airflow/pipeline-airflow-venv/lib/python3.11/site-packages/airflow/example_dags/example_trigger_target_dag.py
[2023-08-15T18:20:45.486-0300] {logging_mixin.py:150} INFO - [2023-08-15T18:20:45.486-0300] {dag.py:2742} INFO - Sync 1 DAGs
[2023-08-15T18:20:45.519-0300] {logging_mixin.py:150} INFO - [2023-08-15T18:20:45.519-0300] {dag.py:3504} INFO - Setting next_dagrun for example_trigger_target_dag to None, run_after=None
[2023-08-15T18:20:45.631-0300] {processor.py:179} INFO - Processing /home/alan/repos/pipeline_airflow/pipeline-airflow-venv/lib/python3.11/site-packages/airflow/example_dags/example_trigger_target_dag.py took 0.195 seconds
[2023-08-15T18:21:25.772-0300] {processor.py:157} INFO - Started process (PID=18904) to work on /home/alan/repos/pipeline_airflow/pipeline-airflow-venv/lib/python3.11/site-packages/airflow/example_dags/example_trigger_target_dag.py
[2023-08-15T18:21:25.774-0300] {processor.py:826} INFO - Processing file /home/alan/repos/pipeline_airflow/pipeline-airflow-venv/lib/python3.11/site-packages/airflow/example_dags/example_trigger_target_dag.py for tasks to queue
[2023-08-15T18:21:25.775-0300] {logging_mixin.py:150} INFO - [2023-08-15T18:21:25.775-0300] {dagbag.py:541} INFO - Filling up the DagBag from /home/alan/repos/pipeline_airflow/pipeline-airflow-venv/lib/python3.11/site-packages/airflow/example_dags/example_trigger_target_dag.py
[2023-08-15T18:21:25.786-0300] {processor.py:836} INFO - DAG(s) dict_keys(['example_trigger_target_dag']) retrieved from /home/alan/repos/pipeline_airflow/pipeline-airflow-venv/lib/python3.11/site-packages/airflow/example_dags/example_trigger_target_dag.py
[2023-08-15T18:21:25.815-0300] {logging_mixin.py:150} INFO - [2023-08-15T18:21:25.814-0300] {dag.py:2742} INFO - Sync 1 DAGs
[2023-08-15T18:21:25.849-0300] {logging_mixin.py:150} INFO - [2023-08-15T18:21:25.849-0300] {dag.py:3504} INFO - Setting next_dagrun for example_trigger_target_dag to None, run_after=None
[2023-08-15T18:21:25.960-0300] {processor.py:179} INFO - Processing /home/alan/repos/pipeline_airflow/pipeline-airflow-venv/lib/python3.11/site-packages/airflow/example_dags/example_trigger_target_dag.py took 0.194 seconds
[2023-08-15T18:22:18.773-0300] {processor.py:157} INFO - Started process (PID=19097) to work on /home/alan/repos/pipeline_airflow/pipeline-airflow-venv/lib/python3.11/site-packages/airflow/example_dags/example_trigger_target_dag.py
[2023-08-15T18:22:18.775-0300] {processor.py:826} INFO - Processing file /home/alan/repos/pipeline_airflow/pipeline-airflow-venv/lib/python3.11/site-packages/airflow/example_dags/example_trigger_target_dag.py for tasks to queue
[2023-08-15T18:22:18.776-0300] {logging_mixin.py:150} INFO - [2023-08-15T18:22:18.775-0300] {dagbag.py:541} INFO - Filling up the DagBag from /home/alan/repos/pipeline_airflow/pipeline-airflow-venv/lib/python3.11/site-packages/airflow/example_dags/example_trigger_target_dag.py
[2023-08-15T18:22:18.787-0300] {processor.py:836} INFO - DAG(s) dict_keys(['example_trigger_target_dag']) retrieved from /home/alan/repos/pipeline_airflow/pipeline-airflow-venv/lib/python3.11/site-packages/airflow/example_dags/example_trigger_target_dag.py
[2023-08-15T18:22:18.817-0300] {logging_mixin.py:150} INFO - [2023-08-15T18:22:18.817-0300] {dag.py:2742} INFO - Sync 1 DAGs
[2023-08-15T18:22:18.854-0300] {logging_mixin.py:150} INFO - [2023-08-15T18:22:18.854-0300] {dag.py:3504} INFO - Setting next_dagrun for example_trigger_target_dag to None, run_after=None
[2023-08-15T18:22:18.973-0300] {processor.py:179} INFO - Processing /home/alan/repos/pipeline_airflow/pipeline-airflow-venv/lib/python3.11/site-packages/airflow/example_dags/example_trigger_target_dag.py took 0.206 seconds
[2023-08-15T18:23:12.827-0300] {processor.py:157} INFO - Started process (PID=19289) to work on /home/alan/repos/pipeline_airflow/pipeline-airflow-venv/lib/python3.11/site-packages/airflow/example_dags/example_trigger_target_dag.py
[2023-08-15T18:23:12.840-0300] {processor.py:826} INFO - Processing file /home/alan/repos/pipeline_airflow/pipeline-airflow-venv/lib/python3.11/site-packages/airflow/example_dags/example_trigger_target_dag.py for tasks to queue
[2023-08-15T18:23:12.841-0300] {logging_mixin.py:150} INFO - [2023-08-15T18:23:12.841-0300] {dagbag.py:541} INFO - Filling up the DagBag from /home/alan/repos/pipeline_airflow/pipeline-airflow-venv/lib/python3.11/site-packages/airflow/example_dags/example_trigger_target_dag.py
[2023-08-15T18:23:12.851-0300] {processor.py:836} INFO - DAG(s) dict_keys(['example_trigger_target_dag']) retrieved from /home/alan/repos/pipeline_airflow/pipeline-airflow-venv/lib/python3.11/site-packages/airflow/example_dags/example_trigger_target_dag.py
[2023-08-15T18:23:12.879-0300] {logging_mixin.py:150} INFO - [2023-08-15T18:23:12.878-0300] {dag.py:2742} INFO - Sync 1 DAGs
[2023-08-15T18:23:12.913-0300] {logging_mixin.py:150} INFO - [2023-08-15T18:23:12.913-0300] {dag.py:3504} INFO - Setting next_dagrun for example_trigger_target_dag to None, run_after=None
[2023-08-15T18:23:13.028-0300] {processor.py:179} INFO - Processing /home/alan/repos/pipeline_airflow/pipeline-airflow-venv/lib/python3.11/site-packages/airflow/example_dags/example_trigger_target_dag.py took 0.206 seconds
[2023-08-15T18:24:16.980-0300] {processor.py:157} INFO - Started process (PID=19557) to work on /home/alan/repos/pipeline_airflow/pipeline-airflow-venv/lib/python3.11/site-packages/airflow/example_dags/example_trigger_target_dag.py
[2023-08-15T18:24:17.133-0300] {processor.py:826} INFO - Processing file /home/alan/repos/pipeline_airflow/pipeline-airflow-venv/lib/python3.11/site-packages/airflow/example_dags/example_trigger_target_dag.py for tasks to queue
[2023-08-15T18:24:17.135-0300] {logging_mixin.py:150} INFO - [2023-08-15T18:24:17.134-0300] {dagbag.py:541} INFO - Filling up the DagBag from /home/alan/repos/pipeline_airflow/pipeline-airflow-venv/lib/python3.11/site-packages/airflow/example_dags/example_trigger_target_dag.py
[2023-08-15T18:24:17.159-0300] {processor.py:836} INFO - DAG(s) dict_keys(['example_trigger_target_dag']) retrieved from /home/alan/repos/pipeline_airflow/pipeline-airflow-venv/lib/python3.11/site-packages/airflow/example_dags/example_trigger_target_dag.py
[2023-08-15T18:24:17.283-0300] {logging_mixin.py:150} INFO - [2023-08-15T18:24:17.282-0300] {dag.py:2742} INFO - Sync 1 DAGs
[2023-08-15T18:24:17.706-0300] {logging_mixin.py:150} INFO - [2023-08-15T18:24:17.706-0300] {dag.py:3504} INFO - Setting next_dagrun for example_trigger_target_dag to None, run_after=None
[2023-08-15T18:24:18.202-0300] {processor.py:179} INFO - Processing /home/alan/repos/pipeline_airflow/pipeline-airflow-venv/lib/python3.11/site-packages/airflow/example_dags/example_trigger_target_dag.py took 1.232 seconds
[2023-08-15T18:24:54.397-0300] {processor.py:157} INFO - Started process (PID=19849) to work on /home/alan/repos/pipeline_airflow/pipeline-airflow-venv/lib/python3.11/site-packages/airflow/example_dags/example_trigger_target_dag.py
[2023-08-15T18:24:54.406-0300] {processor.py:826} INFO - Processing file /home/alan/repos/pipeline_airflow/pipeline-airflow-venv/lib/python3.11/site-packages/airflow/example_dags/example_trigger_target_dag.py for tasks to queue
[2023-08-15T18:24:54.408-0300] {logging_mixin.py:150} INFO - [2023-08-15T18:24:54.407-0300] {dagbag.py:541} INFO - Filling up the DagBag from /home/alan/repos/pipeline_airflow/pipeline-airflow-venv/lib/python3.11/site-packages/airflow/example_dags/example_trigger_target_dag.py
[2023-08-15T18:24:54.420-0300] {processor.py:836} INFO - DAG(s) dict_keys(['example_trigger_target_dag']) retrieved from /home/alan/repos/pipeline_airflow/pipeline-airflow-venv/lib/python3.11/site-packages/airflow/example_dags/example_trigger_target_dag.py
[2023-08-15T18:24:54.456-0300] {logging_mixin.py:150} INFO - [2023-08-15T18:24:54.455-0300] {dag.py:2742} INFO - Sync 1 DAGs
[2023-08-15T18:24:54.530-0300] {logging_mixin.py:150} INFO - [2023-08-15T18:24:54.530-0300] {dag.py:3504} INFO - Setting next_dagrun for example_trigger_target_dag to None, run_after=None
[2023-08-15T18:24:55.048-0300] {processor.py:179} INFO - Processing /home/alan/repos/pipeline_airflow/pipeline-airflow-venv/lib/python3.11/site-packages/airflow/example_dags/example_trigger_target_dag.py took 0.656 seconds
[2023-08-15T18:26:15.753-0300] {processor.py:157} INFO - Started process (PID=20672) to work on /home/alan/repos/pipeline_airflow/pipeline-airflow-venv/lib/python3.11/site-packages/airflow/example_dags/example_trigger_target_dag.py
[2023-08-15T18:26:15.770-0300] {processor.py:826} INFO - Processing file /home/alan/repos/pipeline_airflow/pipeline-airflow-venv/lib/python3.11/site-packages/airflow/example_dags/example_trigger_target_dag.py for tasks to queue
[2023-08-15T18:26:15.771-0300] {logging_mixin.py:150} INFO - [2023-08-15T18:26:15.771-0300] {dagbag.py:541} INFO - Filling up the DagBag from /home/alan/repos/pipeline_airflow/pipeline-airflow-venv/lib/python3.11/site-packages/airflow/example_dags/example_trigger_target_dag.py
[2023-08-15T18:26:15.796-0300] {processor.py:836} INFO - DAG(s) dict_keys(['example_trigger_target_dag']) retrieved from /home/alan/repos/pipeline_airflow/pipeline-airflow-venv/lib/python3.11/site-packages/airflow/example_dags/example_trigger_target_dag.py
[2023-08-15T18:26:15.841-0300] {logging_mixin.py:150} INFO - [2023-08-15T18:26:15.841-0300] {dag.py:2742} INFO - Sync 1 DAGs
[2023-08-15T18:26:15.901-0300] {logging_mixin.py:150} INFO - [2023-08-15T18:26:15.900-0300] {dag.py:3504} INFO - Setting next_dagrun for example_trigger_target_dag to None, run_after=None
[2023-08-15T18:26:16.064-0300] {processor.py:179} INFO - Processing /home/alan/repos/pipeline_airflow/pipeline-airflow-venv/lib/python3.11/site-packages/airflow/example_dags/example_trigger_target_dag.py took 0.316 seconds
[2023-08-15T18:27:03.339-0300] {processor.py:157} INFO - Started process (PID=20853) to work on /home/alan/repos/pipeline_airflow/pipeline-airflow-venv/lib/python3.11/site-packages/airflow/example_dags/example_trigger_target_dag.py
[2023-08-15T18:27:03.358-0300] {processor.py:826} INFO - Processing file /home/alan/repos/pipeline_airflow/pipeline-airflow-venv/lib/python3.11/site-packages/airflow/example_dags/example_trigger_target_dag.py for tasks to queue
[2023-08-15T18:27:03.360-0300] {logging_mixin.py:150} INFO - [2023-08-15T18:27:03.359-0300] {dagbag.py:541} INFO - Filling up the DagBag from /home/alan/repos/pipeline_airflow/pipeline-airflow-venv/lib/python3.11/site-packages/airflow/example_dags/example_trigger_target_dag.py
[2023-08-15T18:27:03.371-0300] {processor.py:836} INFO - DAG(s) dict_keys(['example_trigger_target_dag']) retrieved from /home/alan/repos/pipeline_airflow/pipeline-airflow-venv/lib/python3.11/site-packages/airflow/example_dags/example_trigger_target_dag.py
[2023-08-15T18:27:03.407-0300] {logging_mixin.py:150} INFO - [2023-08-15T18:27:03.406-0300] {dag.py:2742} INFO - Sync 1 DAGs
[2023-08-15T18:27:03.456-0300] {logging_mixin.py:150} INFO - [2023-08-15T18:27:03.455-0300] {dag.py:3504} INFO - Setting next_dagrun for example_trigger_target_dag to None, run_after=None
[2023-08-15T18:27:03.580-0300] {processor.py:179} INFO - Processing /home/alan/repos/pipeline_airflow/pipeline-airflow-venv/lib/python3.11/site-packages/airflow/example_dags/example_trigger_target_dag.py took 0.248 seconds
[2023-08-15T18:28:03.734-0300] {processor.py:157} INFO - Started process (PID=21072) to work on /home/alan/repos/pipeline_airflow/pipeline-airflow-venv/lib/python3.11/site-packages/airflow/example_dags/example_trigger_target_dag.py
[2023-08-15T18:28:03.737-0300] {processor.py:826} INFO - Processing file /home/alan/repos/pipeline_airflow/pipeline-airflow-venv/lib/python3.11/site-packages/airflow/example_dags/example_trigger_target_dag.py for tasks to queue
[2023-08-15T18:28:03.738-0300] {logging_mixin.py:150} INFO - [2023-08-15T18:28:03.737-0300] {dagbag.py:541} INFO - Filling up the DagBag from /home/alan/repos/pipeline_airflow/pipeline-airflow-venv/lib/python3.11/site-packages/airflow/example_dags/example_trigger_target_dag.py
[2023-08-15T18:28:03.760-0300] {processor.py:836} INFO - DAG(s) dict_keys(['example_trigger_target_dag']) retrieved from /home/alan/repos/pipeline_airflow/pipeline-airflow-venv/lib/python3.11/site-packages/airflow/example_dags/example_trigger_target_dag.py
[2023-08-15T18:28:03.801-0300] {logging_mixin.py:150} INFO - [2023-08-15T18:28:03.801-0300] {dag.py:2742} INFO - Sync 1 DAGs
[2023-08-15T18:28:03.841-0300] {logging_mixin.py:150} INFO - [2023-08-15T18:28:03.841-0300] {dag.py:3504} INFO - Setting next_dagrun for example_trigger_target_dag to None, run_after=None
[2023-08-15T18:28:03.970-0300] {processor.py:179} INFO - Processing /home/alan/repos/pipeline_airflow/pipeline-airflow-venv/lib/python3.11/site-packages/airflow/example_dags/example_trigger_target_dag.py took 0.241 seconds
[2023-08-15T18:29:00.311-0300] {processor.py:157} INFO - Started process (PID=21311) to work on /home/alan/repos/pipeline_airflow/pipeline-airflow-venv/lib/python3.11/site-packages/airflow/example_dags/example_trigger_target_dag.py
[2023-08-15T18:29:00.313-0300] {processor.py:826} INFO - Processing file /home/alan/repos/pipeline_airflow/pipeline-airflow-venv/lib/python3.11/site-packages/airflow/example_dags/example_trigger_target_dag.py for tasks to queue
[2023-08-15T18:29:00.315-0300] {logging_mixin.py:150} INFO - [2023-08-15T18:29:00.314-0300] {dagbag.py:541} INFO - Filling up the DagBag from /home/alan/repos/pipeline_airflow/pipeline-airflow-venv/lib/python3.11/site-packages/airflow/example_dags/example_trigger_target_dag.py
[2023-08-15T18:29:00.329-0300] {processor.py:836} INFO - DAG(s) dict_keys(['example_trigger_target_dag']) retrieved from /home/alan/repos/pipeline_airflow/pipeline-airflow-venv/lib/python3.11/site-packages/airflow/example_dags/example_trigger_target_dag.py
[2023-08-15T18:29:00.365-0300] {logging_mixin.py:150} INFO - [2023-08-15T18:29:00.365-0300] {dag.py:2742} INFO - Sync 1 DAGs
[2023-08-15T18:29:00.435-0300] {logging_mixin.py:150} INFO - [2023-08-15T18:29:00.435-0300] {dag.py:3504} INFO - Setting next_dagrun for example_trigger_target_dag to None, run_after=None
[2023-08-15T18:29:00.650-0300] {processor.py:179} INFO - Processing /home/alan/repos/pipeline_airflow/pipeline-airflow-venv/lib/python3.11/site-packages/airflow/example_dags/example_trigger_target_dag.py took 0.349 seconds
[2023-08-15T18:29:59.074-0300] {processor.py:157} INFO - Started process (PID=21532) to work on /home/alan/repos/pipeline_airflow/pipeline-airflow-venv/lib/python3.11/site-packages/airflow/example_dags/example_trigger_target_dag.py
[2023-08-15T18:29:59.076-0300] {processor.py:826} INFO - Processing file /home/alan/repos/pipeline_airflow/pipeline-airflow-venv/lib/python3.11/site-packages/airflow/example_dags/example_trigger_target_dag.py for tasks to queue
[2023-08-15T18:29:59.077-0300] {logging_mixin.py:150} INFO - [2023-08-15T18:29:59.077-0300] {dagbag.py:541} INFO - Filling up the DagBag from /home/alan/repos/pipeline_airflow/pipeline-airflow-venv/lib/python3.11/site-packages/airflow/example_dags/example_trigger_target_dag.py
[2023-08-15T18:29:59.088-0300] {processor.py:836} INFO - DAG(s) dict_keys(['example_trigger_target_dag']) retrieved from /home/alan/repos/pipeline_airflow/pipeline-airflow-venv/lib/python3.11/site-packages/airflow/example_dags/example_trigger_target_dag.py
[2023-08-15T18:29:59.128-0300] {logging_mixin.py:150} INFO - [2023-08-15T18:29:59.127-0300] {dag.py:2742} INFO - Sync 1 DAGs
[2023-08-15T18:29:59.166-0300] {logging_mixin.py:150} INFO - [2023-08-15T18:29:59.166-0300] {dag.py:3504} INFO - Setting next_dagrun for example_trigger_target_dag to None, run_after=None
[2023-08-15T18:29:59.277-0300] {processor.py:179} INFO - Processing /home/alan/repos/pipeline_airflow/pipeline-airflow-venv/lib/python3.11/site-packages/airflow/example_dags/example_trigger_target_dag.py took 0.207 seconds
[2023-08-15T18:30:53.407-0300] {processor.py:157} INFO - Started process (PID=21733) to work on /home/alan/repos/pipeline_airflow/pipeline-airflow-venv/lib/python3.11/site-packages/airflow/example_dags/example_trigger_target_dag.py
[2023-08-15T18:30:53.422-0300] {processor.py:826} INFO - Processing file /home/alan/repos/pipeline_airflow/pipeline-airflow-venv/lib/python3.11/site-packages/airflow/example_dags/example_trigger_target_dag.py for tasks to queue
[2023-08-15T18:30:53.424-0300] {logging_mixin.py:150} INFO - [2023-08-15T18:30:53.423-0300] {dagbag.py:541} INFO - Filling up the DagBag from /home/alan/repos/pipeline_airflow/pipeline-airflow-venv/lib/python3.11/site-packages/airflow/example_dags/example_trigger_target_dag.py
[2023-08-15T18:30:53.440-0300] {processor.py:836} INFO - DAG(s) dict_keys(['example_trigger_target_dag']) retrieved from /home/alan/repos/pipeline_airflow/pipeline-airflow-venv/lib/python3.11/site-packages/airflow/example_dags/example_trigger_target_dag.py
[2023-08-15T18:30:53.480-0300] {logging_mixin.py:150} INFO - [2023-08-15T18:30:53.480-0300] {dag.py:2742} INFO - Sync 1 DAGs
[2023-08-15T18:30:53.541-0300] {logging_mixin.py:150} INFO - [2023-08-15T18:30:53.540-0300] {dag.py:3504} INFO - Setting next_dagrun for example_trigger_target_dag to None, run_after=None
[2023-08-15T18:30:53.686-0300] {processor.py:179} INFO - Processing /home/alan/repos/pipeline_airflow/pipeline-airflow-venv/lib/python3.11/site-packages/airflow/example_dags/example_trigger_target_dag.py took 0.292 seconds
[2023-08-15T18:31:50.987-0300] {processor.py:157} INFO - Started process (PID=21937) to work on /home/alan/repos/pipeline_airflow/pipeline-airflow-venv/lib/python3.11/site-packages/airflow/example_dags/example_trigger_target_dag.py
[2023-08-15T18:31:51.000-0300] {processor.py:826} INFO - Processing file /home/alan/repos/pipeline_airflow/pipeline-airflow-venv/lib/python3.11/site-packages/airflow/example_dags/example_trigger_target_dag.py for tasks to queue
[2023-08-15T18:31:51.002-0300] {logging_mixin.py:150} INFO - [2023-08-15T18:31:51.001-0300] {dagbag.py:541} INFO - Filling up the DagBag from /home/alan/repos/pipeline_airflow/pipeline-airflow-venv/lib/python3.11/site-packages/airflow/example_dags/example_trigger_target_dag.py
[2023-08-15T18:31:51.012-0300] {processor.py:836} INFO - DAG(s) dict_keys(['example_trigger_target_dag']) retrieved from /home/alan/repos/pipeline_airflow/pipeline-airflow-venv/lib/python3.11/site-packages/airflow/example_dags/example_trigger_target_dag.py
[2023-08-15T18:31:51.043-0300] {logging_mixin.py:150} INFO - [2023-08-15T18:31:51.043-0300] {dag.py:2742} INFO - Sync 1 DAGs
[2023-08-15T18:31:51.081-0300] {logging_mixin.py:150} INFO - [2023-08-15T18:31:51.080-0300] {dag.py:3504} INFO - Setting next_dagrun for example_trigger_target_dag to None, run_after=None
[2023-08-15T18:31:51.232-0300] {processor.py:179} INFO - Processing /home/alan/repos/pipeline_airflow/pipeline-airflow-venv/lib/python3.11/site-packages/airflow/example_dags/example_trigger_target_dag.py took 0.249 seconds
[2023-08-15T18:32:45.140-0300] {processor.py:157} INFO - Started process (PID=22141) to work on /home/alan/repos/pipeline_airflow/pipeline-airflow-venv/lib/python3.11/site-packages/airflow/example_dags/example_trigger_target_dag.py
[2023-08-15T18:32:45.142-0300] {processor.py:826} INFO - Processing file /home/alan/repos/pipeline_airflow/pipeline-airflow-venv/lib/python3.11/site-packages/airflow/example_dags/example_trigger_target_dag.py for tasks to queue
[2023-08-15T18:32:45.144-0300] {logging_mixin.py:150} INFO - [2023-08-15T18:32:45.143-0300] {dagbag.py:541} INFO - Filling up the DagBag from /home/alan/repos/pipeline_airflow/pipeline-airflow-venv/lib/python3.11/site-packages/airflow/example_dags/example_trigger_target_dag.py
[2023-08-15T18:32:45.156-0300] {processor.py:836} INFO - DAG(s) dict_keys(['example_trigger_target_dag']) retrieved from /home/alan/repos/pipeline_airflow/pipeline-airflow-venv/lib/python3.11/site-packages/airflow/example_dags/example_trigger_target_dag.py
[2023-08-15T18:32:45.265-0300] {logging_mixin.py:150} INFO - [2023-08-15T18:32:45.265-0300] {dag.py:2742} INFO - Sync 1 DAGs
[2023-08-15T18:32:45.306-0300] {logging_mixin.py:150} INFO - [2023-08-15T18:32:45.306-0300] {dag.py:3504} INFO - Setting next_dagrun for example_trigger_target_dag to None, run_after=None
[2023-08-15T18:32:45.414-0300] {processor.py:179} INFO - Processing /home/alan/repos/pipeline_airflow/pipeline-airflow-venv/lib/python3.11/site-packages/airflow/example_dags/example_trigger_target_dag.py took 0.280 seconds
[2023-08-15T18:33:44.675-0300] {processor.py:157} INFO - Started process (PID=22375) to work on /home/alan/repos/pipeline_airflow/pipeline-airflow-venv/lib/python3.11/site-packages/airflow/example_dags/example_trigger_target_dag.py
[2023-08-15T18:33:44.689-0300] {processor.py:826} INFO - Processing file /home/alan/repos/pipeline_airflow/pipeline-airflow-venv/lib/python3.11/site-packages/airflow/example_dags/example_trigger_target_dag.py for tasks to queue
[2023-08-15T18:33:44.690-0300] {logging_mixin.py:150} INFO - [2023-08-15T18:33:44.690-0300] {dagbag.py:541} INFO - Filling up the DagBag from /home/alan/repos/pipeline_airflow/pipeline-airflow-venv/lib/python3.11/site-packages/airflow/example_dags/example_trigger_target_dag.py
[2023-08-15T18:33:44.700-0300] {processor.py:836} INFO - DAG(s) dict_keys(['example_trigger_target_dag']) retrieved from /home/alan/repos/pipeline_airflow/pipeline-airflow-venv/lib/python3.11/site-packages/airflow/example_dags/example_trigger_target_dag.py
[2023-08-15T18:33:44.728-0300] {logging_mixin.py:150} INFO - [2023-08-15T18:33:44.728-0300] {dag.py:2742} INFO - Sync 1 DAGs
[2023-08-15T18:33:44.762-0300] {logging_mixin.py:150} INFO - [2023-08-15T18:33:44.762-0300] {dag.py:3504} INFO - Setting next_dagrun for example_trigger_target_dag to None, run_after=None
[2023-08-15T18:33:44.867-0300] {processor.py:179} INFO - Processing /home/alan/repos/pipeline_airflow/pipeline-airflow-venv/lib/python3.11/site-packages/airflow/example_dags/example_trigger_target_dag.py took 0.198 seconds
[2023-08-15T18:34:38.470-0300] {processor.py:157} INFO - Started process (PID=22559) to work on /home/alan/repos/pipeline_airflow/pipeline-airflow-venv/lib/python3.11/site-packages/airflow/example_dags/example_trigger_target_dag.py
[2023-08-15T18:34:38.471-0300] {processor.py:826} INFO - Processing file /home/alan/repos/pipeline_airflow/pipeline-airflow-venv/lib/python3.11/site-packages/airflow/example_dags/example_trigger_target_dag.py for tasks to queue
[2023-08-15T18:34:38.473-0300] {logging_mixin.py:150} INFO - [2023-08-15T18:34:38.472-0300] {dagbag.py:541} INFO - Filling up the DagBag from /home/alan/repos/pipeline_airflow/pipeline-airflow-venv/lib/python3.11/site-packages/airflow/example_dags/example_trigger_target_dag.py
[2023-08-15T18:34:38.482-0300] {processor.py:836} INFO - DAG(s) dict_keys(['example_trigger_target_dag']) retrieved from /home/alan/repos/pipeline_airflow/pipeline-airflow-venv/lib/python3.11/site-packages/airflow/example_dags/example_trigger_target_dag.py
[2023-08-15T18:34:38.510-0300] {logging_mixin.py:150} INFO - [2023-08-15T18:34:38.510-0300] {dag.py:2742} INFO - Sync 1 DAGs
[2023-08-15T18:34:38.545-0300] {logging_mixin.py:150} INFO - [2023-08-15T18:34:38.545-0300] {dag.py:3504} INFO - Setting next_dagrun for example_trigger_target_dag to None, run_after=None
[2023-08-15T18:34:38.659-0300] {processor.py:179} INFO - Processing /home/alan/repos/pipeline_airflow/pipeline-airflow-venv/lib/python3.11/site-packages/airflow/example_dags/example_trigger_target_dag.py took 0.195 seconds
[2023-08-15T18:35:33.324-0300] {processor.py:157} INFO - Started process (PID=22756) to work on /home/alan/repos/pipeline_airflow/pipeline-airflow-venv/lib/python3.11/site-packages/airflow/example_dags/example_trigger_target_dag.py
[2023-08-15T18:35:33.327-0300] {processor.py:826} INFO - Processing file /home/alan/repos/pipeline_airflow/pipeline-airflow-venv/lib/python3.11/site-packages/airflow/example_dags/example_trigger_target_dag.py for tasks to queue
[2023-08-15T18:35:33.329-0300] {logging_mixin.py:150} INFO - [2023-08-15T18:35:33.328-0300] {dagbag.py:541} INFO - Filling up the DagBag from /home/alan/repos/pipeline_airflow/pipeline-airflow-venv/lib/python3.11/site-packages/airflow/example_dags/example_trigger_target_dag.py
[2023-08-15T18:35:33.343-0300] {processor.py:836} INFO - DAG(s) dict_keys(['example_trigger_target_dag']) retrieved from /home/alan/repos/pipeline_airflow/pipeline-airflow-venv/lib/python3.11/site-packages/airflow/example_dags/example_trigger_target_dag.py
[2023-08-15T18:35:33.377-0300] {logging_mixin.py:150} INFO - [2023-08-15T18:35:33.376-0300] {dag.py:2742} INFO - Sync 1 DAGs
[2023-08-15T18:35:33.427-0300] {logging_mixin.py:150} INFO - [2023-08-15T18:35:33.427-0300] {dag.py:3504} INFO - Setting next_dagrun for example_trigger_target_dag to None, run_after=None
[2023-08-15T18:35:33.530-0300] {processor.py:179} INFO - Processing /home/alan/repos/pipeline_airflow/pipeline-airflow-venv/lib/python3.11/site-packages/airflow/example_dags/example_trigger_target_dag.py took 0.213 seconds
[2023-08-15T18:36:33.158-0300] {processor.py:157} INFO - Started process (PID=22973) to work on /home/alan/repos/pipeline_airflow/pipeline-airflow-venv/lib/python3.11/site-packages/airflow/example_dags/example_trigger_target_dag.py
[2023-08-15T18:36:33.161-0300] {processor.py:826} INFO - Processing file /home/alan/repos/pipeline_airflow/pipeline-airflow-venv/lib/python3.11/site-packages/airflow/example_dags/example_trigger_target_dag.py for tasks to queue
[2023-08-15T18:36:33.163-0300] {logging_mixin.py:150} INFO - [2023-08-15T18:36:33.162-0300] {dagbag.py:541} INFO - Filling up the DagBag from /home/alan/repos/pipeline_airflow/pipeline-airflow-venv/lib/python3.11/site-packages/airflow/example_dags/example_trigger_target_dag.py
[2023-08-15T18:36:33.178-0300] {processor.py:836} INFO - DAG(s) dict_keys(['example_trigger_target_dag']) retrieved from /home/alan/repos/pipeline_airflow/pipeline-airflow-venv/lib/python3.11/site-packages/airflow/example_dags/example_trigger_target_dag.py
[2023-08-15T18:36:33.217-0300] {logging_mixin.py:150} INFO - [2023-08-15T18:36:33.217-0300] {dag.py:2742} INFO - Sync 1 DAGs
[2023-08-15T18:36:33.274-0300] {logging_mixin.py:150} INFO - [2023-08-15T18:36:33.274-0300] {dag.py:3504} INFO - Setting next_dagrun for example_trigger_target_dag to None, run_after=None
[2023-08-15T18:36:33.420-0300] {processor.py:179} INFO - Processing /home/alan/repos/pipeline_airflow/pipeline-airflow-venv/lib/python3.11/site-packages/airflow/example_dags/example_trigger_target_dag.py took 0.270 seconds
[2023-08-15T18:37:47.171-0300] {processor.py:157} INFO - Started process (PID=23276) to work on /home/alan/repos/pipeline_airflow/pipeline-airflow-venv/lib/python3.11/site-packages/airflow/example_dags/example_trigger_target_dag.py
[2023-08-15T18:37:47.173-0300] {processor.py:826} INFO - Processing file /home/alan/repos/pipeline_airflow/pipeline-airflow-venv/lib/python3.11/site-packages/airflow/example_dags/example_trigger_target_dag.py for tasks to queue
[2023-08-15T18:37:47.174-0300] {logging_mixin.py:150} INFO - [2023-08-15T18:37:47.174-0300] {dagbag.py:541} INFO - Filling up the DagBag from /home/alan/repos/pipeline_airflow/pipeline-airflow-venv/lib/python3.11/site-packages/airflow/example_dags/example_trigger_target_dag.py
[2023-08-15T18:37:47.185-0300] {processor.py:836} INFO - DAG(s) dict_keys(['example_trigger_target_dag']) retrieved from /home/alan/repos/pipeline_airflow/pipeline-airflow-venv/lib/python3.11/site-packages/airflow/example_dags/example_trigger_target_dag.py
[2023-08-15T18:37:47.212-0300] {logging_mixin.py:150} INFO - [2023-08-15T18:37:47.212-0300] {dag.py:2742} INFO - Sync 1 DAGs
[2023-08-15T18:37:47.246-0300] {logging_mixin.py:150} INFO - [2023-08-15T18:37:47.246-0300] {dag.py:3504} INFO - Setting next_dagrun for example_trigger_target_dag to None, run_after=None
[2023-08-15T18:37:47.368-0300] {processor.py:179} INFO - Processing /home/alan/repos/pipeline_airflow/pipeline-airflow-venv/lib/python3.11/site-packages/airflow/example_dags/example_trigger_target_dag.py took 0.201 seconds
[2023-08-15T18:38:29.183-0300] {processor.py:157} INFO - Started process (PID=23433) to work on /home/alan/repos/pipeline_airflow/pipeline-airflow-venv/lib/python3.11/site-packages/airflow/example_dags/example_trigger_target_dag.py
[2023-08-15T18:38:29.184-0300] {processor.py:826} INFO - Processing file /home/alan/repos/pipeline_airflow/pipeline-airflow-venv/lib/python3.11/site-packages/airflow/example_dags/example_trigger_target_dag.py for tasks to queue
[2023-08-15T18:38:29.186-0300] {logging_mixin.py:150} INFO - [2023-08-15T18:38:29.185-0300] {dagbag.py:541} INFO - Filling up the DagBag from /home/alan/repos/pipeline_airflow/pipeline-airflow-venv/lib/python3.11/site-packages/airflow/example_dags/example_trigger_target_dag.py
[2023-08-15T18:38:29.197-0300] {processor.py:836} INFO - DAG(s) dict_keys(['example_trigger_target_dag']) retrieved from /home/alan/repos/pipeline_airflow/pipeline-airflow-venv/lib/python3.11/site-packages/airflow/example_dags/example_trigger_target_dag.py
[2023-08-15T18:38:29.239-0300] {logging_mixin.py:150} INFO - [2023-08-15T18:38:29.239-0300] {dag.py:2742} INFO - Sync 1 DAGs
[2023-08-15T18:38:29.296-0300] {logging_mixin.py:150} INFO - [2023-08-15T18:38:29.296-0300] {dag.py:3504} INFO - Setting next_dagrun for example_trigger_target_dag to None, run_after=None
[2023-08-15T18:38:29.421-0300] {processor.py:179} INFO - Processing /home/alan/repos/pipeline_airflow/pipeline-airflow-venv/lib/python3.11/site-packages/airflow/example_dags/example_trigger_target_dag.py took 0.244 seconds
[2023-08-15T18:43:24.453-0300] {processor.py:157} INFO - Started process (PID=23569) to work on /home/alan/repos/pipeline_airflow/pipeline-airflow-venv/lib/python3.11/site-packages/airflow/example_dags/example_trigger_target_dag.py
[2023-08-15T18:43:24.464-0300] {processor.py:826} INFO - Processing file /home/alan/repos/pipeline_airflow/pipeline-airflow-venv/lib/python3.11/site-packages/airflow/example_dags/example_trigger_target_dag.py for tasks to queue
[2023-08-15T18:43:24.465-0300] {logging_mixin.py:150} INFO - [2023-08-15T18:43:24.465-0300] {dagbag.py:541} INFO - Filling up the DagBag from /home/alan/repos/pipeline_airflow/pipeline-airflow-venv/lib/python3.11/site-packages/airflow/example_dags/example_trigger_target_dag.py
[2023-08-15T18:43:24.481-0300] {processor.py:836} INFO - DAG(s) dict_keys(['example_trigger_target_dag']) retrieved from /home/alan/repos/pipeline_airflow/pipeline-airflow-venv/lib/python3.11/site-packages/airflow/example_dags/example_trigger_target_dag.py
[2023-08-15T18:43:24.495-0300] {logging_mixin.py:150} INFO - [2023-08-15T18:43:24.495-0300] {dag.py:2742} INFO - Sync 1 DAGs
[2023-08-15T18:43:24.531-0300] {logging_mixin.py:150} INFO - [2023-08-15T18:43:24.531-0300] {dag.py:3504} INFO - Setting next_dagrun for example_trigger_target_dag to None, run_after=None
[2023-08-15T18:43:24.645-0300] {processor.py:179} INFO - Processing /home/alan/repos/pipeline_airflow/pipeline-airflow-venv/lib/python3.11/site-packages/airflow/example_dags/example_trigger_target_dag.py took 0.197 seconds
[2023-08-15T18:44:04.799-0300] {processor.py:157} INFO - Started process (PID=23672) to work on /home/alan/repos/pipeline_airflow/pipeline-airflow-venv/lib/python3.11/site-packages/airflow/example_dags/example_trigger_target_dag.py
[2023-08-15T18:44:04.803-0300] {processor.py:826} INFO - Processing file /home/alan/repos/pipeline_airflow/pipeline-airflow-venv/lib/python3.11/site-packages/airflow/example_dags/example_trigger_target_dag.py for tasks to queue
[2023-08-15T18:44:04.804-0300] {logging_mixin.py:150} INFO - [2023-08-15T18:44:04.804-0300] {dagbag.py:541} INFO - Filling up the DagBag from /home/alan/repos/pipeline_airflow/pipeline-airflow-venv/lib/python3.11/site-packages/airflow/example_dags/example_trigger_target_dag.py
[2023-08-15T18:44:04.820-0300] {processor.py:836} INFO - DAG(s) dict_keys(['example_trigger_target_dag']) retrieved from /home/alan/repos/pipeline_airflow/pipeline-airflow-venv/lib/python3.11/site-packages/airflow/example_dags/example_trigger_target_dag.py
[2023-08-15T18:44:04.834-0300] {logging_mixin.py:150} INFO - [2023-08-15T18:44:04.833-0300] {dag.py:2742} INFO - Sync 1 DAGs
[2023-08-15T18:44:04.869-0300] {logging_mixin.py:150} INFO - [2023-08-15T18:44:04.869-0300] {dag.py:3504} INFO - Setting next_dagrun for example_trigger_target_dag to None, run_after=None
[2023-08-15T18:44:04.981-0300] {processor.py:179} INFO - Processing /home/alan/repos/pipeline_airflow/pipeline-airflow-venv/lib/python3.11/site-packages/airflow/example_dags/example_trigger_target_dag.py took 0.188 seconds
[2023-08-15T18:45:11.200-0300] {processor.py:157} INFO - Started process (PID=23992) to work on /home/alan/repos/pipeline_airflow/pipeline-airflow-venv/lib/python3.11/site-packages/airflow/example_dags/example_trigger_target_dag.py
[2023-08-15T18:45:11.211-0300] {processor.py:826} INFO - Processing file /home/alan/repos/pipeline_airflow/pipeline-airflow-venv/lib/python3.11/site-packages/airflow/example_dags/example_trigger_target_dag.py for tasks to queue
[2023-08-15T18:45:11.213-0300] {logging_mixin.py:150} INFO - [2023-08-15T18:45:11.212-0300] {dagbag.py:541} INFO - Filling up the DagBag from /home/alan/repos/pipeline_airflow/pipeline-airflow-venv/lib/python3.11/site-packages/airflow/example_dags/example_trigger_target_dag.py
[2023-08-15T18:45:11.225-0300] {processor.py:836} INFO - DAG(s) dict_keys(['example_trigger_target_dag']) retrieved from /home/alan/repos/pipeline_airflow/pipeline-airflow-venv/lib/python3.11/site-packages/airflow/example_dags/example_trigger_target_dag.py
[2023-08-15T18:45:11.257-0300] {logging_mixin.py:150} INFO - [2023-08-15T18:45:11.257-0300] {dag.py:2742} INFO - Sync 1 DAGs
[2023-08-15T18:45:11.291-0300] {logging_mixin.py:150} INFO - [2023-08-15T18:45:11.291-0300] {dag.py:3504} INFO - Setting next_dagrun for example_trigger_target_dag to None, run_after=None
[2023-08-15T18:45:11.405-0300] {processor.py:179} INFO - Processing /home/alan/repos/pipeline_airflow/pipeline-airflow-venv/lib/python3.11/site-packages/airflow/example_dags/example_trigger_target_dag.py took 0.211 seconds
[2023-08-15T18:45:56.960-0300] {processor.py:157} INFO - Started process (PID=24187) to work on /home/alan/repos/pipeline_airflow/pipeline-airflow-venv/lib/python3.11/site-packages/airflow/example_dags/example_trigger_target_dag.py
[2023-08-15T18:45:56.971-0300] {processor.py:826} INFO - Processing file /home/alan/repos/pipeline_airflow/pipeline-airflow-venv/lib/python3.11/site-packages/airflow/example_dags/example_trigger_target_dag.py for tasks to queue
[2023-08-15T18:45:56.974-0300] {logging_mixin.py:150} INFO - [2023-08-15T18:45:56.973-0300] {dagbag.py:541} INFO - Filling up the DagBag from /home/alan/repos/pipeline_airflow/pipeline-airflow-venv/lib/python3.11/site-packages/airflow/example_dags/example_trigger_target_dag.py
[2023-08-15T18:45:56.983-0300] {processor.py:836} INFO - DAG(s) dict_keys(['example_trigger_target_dag']) retrieved from /home/alan/repos/pipeline_airflow/pipeline-airflow-venv/lib/python3.11/site-packages/airflow/example_dags/example_trigger_target_dag.py
[2023-08-15T18:45:57.013-0300] {logging_mixin.py:150} INFO - [2023-08-15T18:45:57.013-0300] {dag.py:2742} INFO - Sync 1 DAGs
[2023-08-15T18:45:57.049-0300] {logging_mixin.py:150} INFO - [2023-08-15T18:45:57.049-0300] {dag.py:3504} INFO - Setting next_dagrun for example_trigger_target_dag to None, run_after=None
[2023-08-15T18:45:57.157-0300] {processor.py:179} INFO - Processing /home/alan/repos/pipeline_airflow/pipeline-airflow-venv/lib/python3.11/site-packages/airflow/example_dags/example_trigger_target_dag.py took 0.203 seconds
[2023-08-15T18:47:01.305-0300] {processor.py:157} INFO - Started process (PID=24413) to work on /home/alan/repos/pipeline_airflow/pipeline-airflow-venv/lib/python3.11/site-packages/airflow/example_dags/example_trigger_target_dag.py
[2023-08-15T18:47:01.321-0300] {processor.py:826} INFO - Processing file /home/alan/repos/pipeline_airflow/pipeline-airflow-venv/lib/python3.11/site-packages/airflow/example_dags/example_trigger_target_dag.py for tasks to queue
[2023-08-15T18:47:01.322-0300] {logging_mixin.py:150} INFO - [2023-08-15T18:47:01.322-0300] {dagbag.py:541} INFO - Filling up the DagBag from /home/alan/repos/pipeline_airflow/pipeline-airflow-venv/lib/python3.11/site-packages/airflow/example_dags/example_trigger_target_dag.py
[2023-08-15T18:47:01.335-0300] {processor.py:836} INFO - DAG(s) dict_keys(['example_trigger_target_dag']) retrieved from /home/alan/repos/pipeline_airflow/pipeline-airflow-venv/lib/python3.11/site-packages/airflow/example_dags/example_trigger_target_dag.py
[2023-08-15T18:47:01.367-0300] {logging_mixin.py:150} INFO - [2023-08-15T18:47:01.367-0300] {dag.py:2742} INFO - Sync 1 DAGs
[2023-08-15T18:47:01.407-0300] {logging_mixin.py:150} INFO - [2023-08-15T18:47:01.407-0300] {dag.py:3504} INFO - Setting next_dagrun for example_trigger_target_dag to None, run_after=None
[2023-08-15T18:47:01.560-0300] {processor.py:179} INFO - Processing /home/alan/repos/pipeline_airflow/pipeline-airflow-venv/lib/python3.11/site-packages/airflow/example_dags/example_trigger_target_dag.py took 0.266 seconds
[2023-08-15T18:48:03.438-0300] {processor.py:157} INFO - Started process (PID=24635) to work on /home/alan/repos/pipeline_airflow/pipeline-airflow-venv/lib/python3.11/site-packages/airflow/example_dags/example_trigger_target_dag.py
[2023-08-15T18:48:03.468-0300] {processor.py:826} INFO - Processing file /home/alan/repos/pipeline_airflow/pipeline-airflow-venv/lib/python3.11/site-packages/airflow/example_dags/example_trigger_target_dag.py for tasks to queue
[2023-08-15T18:48:03.470-0300] {logging_mixin.py:150} INFO - [2023-08-15T18:48:03.469-0300] {dagbag.py:541} INFO - Filling up the DagBag from /home/alan/repos/pipeline_airflow/pipeline-airflow-venv/lib/python3.11/site-packages/airflow/example_dags/example_trigger_target_dag.py
[2023-08-15T18:48:03.486-0300] {processor.py:836} INFO - DAG(s) dict_keys(['example_trigger_target_dag']) retrieved from /home/alan/repos/pipeline_airflow/pipeline-airflow-venv/lib/python3.11/site-packages/airflow/example_dags/example_trigger_target_dag.py
[2023-08-15T18:48:03.610-0300] {logging_mixin.py:150} INFO - [2023-08-15T18:48:03.609-0300] {dag.py:2742} INFO - Sync 1 DAGs
[2023-08-15T18:48:03.663-0300] {logging_mixin.py:150} INFO - [2023-08-15T18:48:03.663-0300] {dag.py:3504} INFO - Setting next_dagrun for example_trigger_target_dag to None, run_after=None
[2023-08-15T18:48:04.096-0300] {processor.py:179} INFO - Processing /home/alan/repos/pipeline_airflow/pipeline-airflow-venv/lib/python3.11/site-packages/airflow/example_dags/example_trigger_target_dag.py took 0.669 seconds
[2023-08-15T18:48:42.373-0300] {processor.py:157} INFO - Started process (PID=24761) to work on /home/alan/repos/pipeline_airflow/pipeline-airflow-venv/lib/python3.11/site-packages/airflow/example_dags/example_trigger_target_dag.py
[2023-08-15T18:48:42.392-0300] {processor.py:826} INFO - Processing file /home/alan/repos/pipeline_airflow/pipeline-airflow-venv/lib/python3.11/site-packages/airflow/example_dags/example_trigger_target_dag.py for tasks to queue
[2023-08-15T18:48:42.393-0300] {logging_mixin.py:150} INFO - [2023-08-15T18:48:42.392-0300] {dagbag.py:541} INFO - Filling up the DagBag from /home/alan/repos/pipeline_airflow/pipeline-airflow-venv/lib/python3.11/site-packages/airflow/example_dags/example_trigger_target_dag.py
[2023-08-15T18:48:42.405-0300] {processor.py:836} INFO - DAG(s) dict_keys(['example_trigger_target_dag']) retrieved from /home/alan/repos/pipeline_airflow/pipeline-airflow-venv/lib/python3.11/site-packages/airflow/example_dags/example_trigger_target_dag.py
[2023-08-15T18:48:42.439-0300] {logging_mixin.py:150} INFO - [2023-08-15T18:48:42.439-0300] {dag.py:2742} INFO - Sync 1 DAGs
[2023-08-15T18:48:42.656-0300] {logging_mixin.py:150} INFO - [2023-08-15T18:48:42.656-0300] {dag.py:3504} INFO - Setting next_dagrun for example_trigger_target_dag to None, run_after=None
[2023-08-15T18:48:42.760-0300] {processor.py:179} INFO - Processing /home/alan/repos/pipeline_airflow/pipeline-airflow-venv/lib/python3.11/site-packages/airflow/example_dags/example_trigger_target_dag.py took 0.393 seconds
[2023-08-15T18:49:46.951-0300] {processor.py:157} INFO - Started process (PID=24980) to work on /home/alan/repos/pipeline_airflow/pipeline-airflow-venv/lib/python3.11/site-packages/airflow/example_dags/example_trigger_target_dag.py
[2023-08-15T18:49:46.963-0300] {processor.py:826} INFO - Processing file /home/alan/repos/pipeline_airflow/pipeline-airflow-venv/lib/python3.11/site-packages/airflow/example_dags/example_trigger_target_dag.py for tasks to queue
[2023-08-15T18:49:46.965-0300] {logging_mixin.py:150} INFO - [2023-08-15T18:49:46.964-0300] {dagbag.py:541} INFO - Filling up the DagBag from /home/alan/repos/pipeline_airflow/pipeline-airflow-venv/lib/python3.11/site-packages/airflow/example_dags/example_trigger_target_dag.py
[2023-08-15T18:49:46.978-0300] {processor.py:836} INFO - DAG(s) dict_keys(['example_trigger_target_dag']) retrieved from /home/alan/repos/pipeline_airflow/pipeline-airflow-venv/lib/python3.11/site-packages/airflow/example_dags/example_trigger_target_dag.py
[2023-08-15T18:49:47.010-0300] {logging_mixin.py:150} INFO - [2023-08-15T18:49:47.010-0300] {dag.py:2742} INFO - Sync 1 DAGs
[2023-08-15T18:49:47.051-0300] {logging_mixin.py:150} INFO - [2023-08-15T18:49:47.051-0300] {dag.py:3504} INFO - Setting next_dagrun for example_trigger_target_dag to None, run_after=None
[2023-08-15T18:49:47.175-0300] {processor.py:179} INFO - Processing /home/alan/repos/pipeline_airflow/pipeline-airflow-venv/lib/python3.11/site-packages/airflow/example_dags/example_trigger_target_dag.py took 0.230 seconds
[2023-08-15T18:50:49.473-0300] {processor.py:157} INFO - Started process (PID=25249) to work on /home/alan/repos/pipeline_airflow/pipeline-airflow-venv/lib/python3.11/site-packages/airflow/example_dags/example_trigger_target_dag.py
[2023-08-15T18:50:49.486-0300] {processor.py:826} INFO - Processing file /home/alan/repos/pipeline_airflow/pipeline-airflow-venv/lib/python3.11/site-packages/airflow/example_dags/example_trigger_target_dag.py for tasks to queue
[2023-08-15T18:50:49.487-0300] {logging_mixin.py:150} INFO - [2023-08-15T18:50:49.487-0300] {dagbag.py:541} INFO - Filling up the DagBag from /home/alan/repos/pipeline_airflow/pipeline-airflow-venv/lib/python3.11/site-packages/airflow/example_dags/example_trigger_target_dag.py
[2023-08-15T18:50:49.500-0300] {processor.py:836} INFO - DAG(s) dict_keys(['example_trigger_target_dag']) retrieved from /home/alan/repos/pipeline_airflow/pipeline-airflow-venv/lib/python3.11/site-packages/airflow/example_dags/example_trigger_target_dag.py
[2023-08-15T18:50:49.535-0300] {logging_mixin.py:150} INFO - [2023-08-15T18:50:49.535-0300] {dag.py:2742} INFO - Sync 1 DAGs
[2023-08-15T18:50:49.580-0300] {logging_mixin.py:150} INFO - [2023-08-15T18:50:49.580-0300] {dag.py:3504} INFO - Setting next_dagrun for example_trigger_target_dag to None, run_after=None
[2023-08-15T18:50:49.702-0300] {processor.py:179} INFO - Processing /home/alan/repos/pipeline_airflow/pipeline-airflow-venv/lib/python3.11/site-packages/airflow/example_dags/example_trigger_target_dag.py took 0.234 seconds
[2023-08-15T18:52:01.895-0300] {processor.py:157} INFO - Started process (PID=25599) to work on /home/alan/repos/pipeline_airflow/pipeline-airflow-venv/lib/python3.11/site-packages/airflow/example_dags/example_trigger_target_dag.py
[2023-08-15T18:52:01.896-0300] {processor.py:826} INFO - Processing file /home/alan/repos/pipeline_airflow/pipeline-airflow-venv/lib/python3.11/site-packages/airflow/example_dags/example_trigger_target_dag.py for tasks to queue
[2023-08-15T18:52:01.898-0300] {logging_mixin.py:150} INFO - [2023-08-15T18:52:01.897-0300] {dagbag.py:541} INFO - Filling up the DagBag from /home/alan/repos/pipeline_airflow/pipeline-airflow-venv/lib/python3.11/site-packages/airflow/example_dags/example_trigger_target_dag.py
[2023-08-15T18:52:01.909-0300] {processor.py:836} INFO - DAG(s) dict_keys(['example_trigger_target_dag']) retrieved from /home/alan/repos/pipeline_airflow/pipeline-airflow-venv/lib/python3.11/site-packages/airflow/example_dags/example_trigger_target_dag.py
[2023-08-15T18:52:01.937-0300] {logging_mixin.py:150} INFO - [2023-08-15T18:52:01.936-0300] {dag.py:2742} INFO - Sync 1 DAGs
[2023-08-15T18:52:01.971-0300] {logging_mixin.py:150} INFO - [2023-08-15T18:52:01.971-0300] {dag.py:3504} INFO - Setting next_dagrun for example_trigger_target_dag to None, run_after=None
[2023-08-15T18:52:02.099-0300] {processor.py:179} INFO - Processing /home/alan/repos/pipeline_airflow/pipeline-airflow-venv/lib/python3.11/site-packages/airflow/example_dags/example_trigger_target_dag.py took 0.210 seconds
[2023-08-15T18:52:39.299-0300] {processor.py:157} INFO - Started process (PID=25771) to work on /home/alan/repos/pipeline_airflow/pipeline-airflow-venv/lib/python3.11/site-packages/airflow/example_dags/example_trigger_target_dag.py
[2023-08-15T18:52:39.302-0300] {processor.py:826} INFO - Processing file /home/alan/repos/pipeline_airflow/pipeline-airflow-venv/lib/python3.11/site-packages/airflow/example_dags/example_trigger_target_dag.py for tasks to queue
[2023-08-15T18:52:39.303-0300] {logging_mixin.py:150} INFO - [2023-08-15T18:52:39.303-0300] {dagbag.py:541} INFO - Filling up the DagBag from /home/alan/repos/pipeline_airflow/pipeline-airflow-venv/lib/python3.11/site-packages/airflow/example_dags/example_trigger_target_dag.py
[2023-08-15T18:52:39.315-0300] {processor.py:836} INFO - DAG(s) dict_keys(['example_trigger_target_dag']) retrieved from /home/alan/repos/pipeline_airflow/pipeline-airflow-venv/lib/python3.11/site-packages/airflow/example_dags/example_trigger_target_dag.py
[2023-08-15T18:52:39.353-0300] {logging_mixin.py:150} INFO - [2023-08-15T18:52:39.351-0300] {dag.py:2742} INFO - Sync 1 DAGs
[2023-08-15T18:52:39.395-0300] {logging_mixin.py:150} INFO - [2023-08-15T18:52:39.393-0300] {dag.py:3504} INFO - Setting next_dagrun for example_trigger_target_dag to None, run_after=None
[2023-08-15T18:52:39.519-0300] {processor.py:179} INFO - Processing /home/alan/repos/pipeline_airflow/pipeline-airflow-venv/lib/python3.11/site-packages/airflow/example_dags/example_trigger_target_dag.py took 0.233 seconds
[2023-08-15T18:53:37.092-0300] {processor.py:157} INFO - Started process (PID=25984) to work on /home/alan/repos/pipeline_airflow/pipeline-airflow-venv/lib/python3.11/site-packages/airflow/example_dags/example_trigger_target_dag.py
[2023-08-15T18:53:37.105-0300] {processor.py:826} INFO - Processing file /home/alan/repos/pipeline_airflow/pipeline-airflow-venv/lib/python3.11/site-packages/airflow/example_dags/example_trigger_target_dag.py for tasks to queue
[2023-08-15T18:53:37.107-0300] {logging_mixin.py:150} INFO - [2023-08-15T18:53:37.106-0300] {dagbag.py:541} INFO - Filling up the DagBag from /home/alan/repos/pipeline_airflow/pipeline-airflow-venv/lib/python3.11/site-packages/airflow/example_dags/example_trigger_target_dag.py
[2023-08-15T18:53:37.120-0300] {processor.py:836} INFO - DAG(s) dict_keys(['example_trigger_target_dag']) retrieved from /home/alan/repos/pipeline_airflow/pipeline-airflow-venv/lib/python3.11/site-packages/airflow/example_dags/example_trigger_target_dag.py
[2023-08-15T18:53:37.155-0300] {logging_mixin.py:150} INFO - [2023-08-15T18:53:37.154-0300] {dag.py:2742} INFO - Sync 1 DAGs
[2023-08-15T18:53:37.191-0300] {logging_mixin.py:150} INFO - [2023-08-15T18:53:37.191-0300] {dag.py:3504} INFO - Setting next_dagrun for example_trigger_target_dag to None, run_after=None
[2023-08-15T18:53:37.290-0300] {processor.py:179} INFO - Processing /home/alan/repos/pipeline_airflow/pipeline-airflow-venv/lib/python3.11/site-packages/airflow/example_dags/example_trigger_target_dag.py took 0.204 seconds
[2023-08-15T18:54:31.691-0300] {processor.py:157} INFO - Started process (PID=26208) to work on /home/alan/repos/pipeline_airflow/pipeline-airflow-venv/lib/python3.11/site-packages/airflow/example_dags/example_trigger_target_dag.py
[2023-08-15T18:54:31.696-0300] {processor.py:826} INFO - Processing file /home/alan/repos/pipeline_airflow/pipeline-airflow-venv/lib/python3.11/site-packages/airflow/example_dags/example_trigger_target_dag.py for tasks to queue
[2023-08-15T18:54:31.698-0300] {logging_mixin.py:150} INFO - [2023-08-15T18:54:31.697-0300] {dagbag.py:541} INFO - Filling up the DagBag from /home/alan/repos/pipeline_airflow/pipeline-airflow-venv/lib/python3.11/site-packages/airflow/example_dags/example_trigger_target_dag.py
[2023-08-15T18:54:31.710-0300] {processor.py:836} INFO - DAG(s) dict_keys(['example_trigger_target_dag']) retrieved from /home/alan/repos/pipeline_airflow/pipeline-airflow-venv/lib/python3.11/site-packages/airflow/example_dags/example_trigger_target_dag.py
[2023-08-15T18:54:31.741-0300] {logging_mixin.py:150} INFO - [2023-08-15T18:54:31.740-0300] {dag.py:2742} INFO - Sync 1 DAGs
[2023-08-15T18:54:31.777-0300] {logging_mixin.py:150} INFO - [2023-08-15T18:54:31.776-0300] {dag.py:3504} INFO - Setting next_dagrun for example_trigger_target_dag to None, run_after=None
[2023-08-15T18:54:31.924-0300] {processor.py:179} INFO - Processing /home/alan/repos/pipeline_airflow/pipeline-airflow-venv/lib/python3.11/site-packages/airflow/example_dags/example_trigger_target_dag.py took 0.241 seconds
[2023-08-15T18:55:25.184-0300] {processor.py:157} INFO - Started process (PID=26613) to work on /home/alan/repos/pipeline_airflow/pipeline-airflow-venv/lib/python3.11/site-packages/airflow/example_dags/example_trigger_target_dag.py
[2023-08-15T18:55:25.248-0300] {processor.py:826} INFO - Processing file /home/alan/repos/pipeline_airflow/pipeline-airflow-venv/lib/python3.11/site-packages/airflow/example_dags/example_trigger_target_dag.py for tasks to queue
[2023-08-15T18:55:25.250-0300] {logging_mixin.py:150} INFO - [2023-08-15T18:55:25.249-0300] {dagbag.py:541} INFO - Filling up the DagBag from /home/alan/repos/pipeline_airflow/pipeline-airflow-venv/lib/python3.11/site-packages/airflow/example_dags/example_trigger_target_dag.py
[2023-08-15T18:55:25.311-0300] {processor.py:836} INFO - DAG(s) dict_keys(['example_trigger_target_dag']) retrieved from /home/alan/repos/pipeline_airflow/pipeline-airflow-venv/lib/python3.11/site-packages/airflow/example_dags/example_trigger_target_dag.py
[2023-08-15T18:55:25.413-0300] {logging_mixin.py:150} INFO - [2023-08-15T18:55:25.412-0300] {dag.py:2742} INFO - Sync 1 DAGs
[2023-08-15T18:55:25.450-0300] {logging_mixin.py:150} INFO - [2023-08-15T18:55:25.450-0300] {dag.py:3504} INFO - Setting next_dagrun for example_trigger_target_dag to None, run_after=None
[2023-08-15T18:55:25.940-0300] {processor.py:179} INFO - Processing /home/alan/repos/pipeline_airflow/pipeline-airflow-venv/lib/python3.11/site-packages/airflow/example_dags/example_trigger_target_dag.py took 0.763 seconds
[2023-08-15T18:57:41.919-0300] {processor.py:157} INFO - Started process (PID=27009) to work on /home/alan/repos/pipeline_airflow/pipeline-airflow-venv/lib/python3.11/site-packages/airflow/example_dags/example_trigger_target_dag.py
[2023-08-15T18:57:42.003-0300] {processor.py:826} INFO - Processing file /home/alan/repos/pipeline_airflow/pipeline-airflow-venv/lib/python3.11/site-packages/airflow/example_dags/example_trigger_target_dag.py for tasks to queue
[2023-08-15T18:57:42.006-0300] {logging_mixin.py:150} INFO - [2023-08-15T18:57:42.005-0300] {dagbag.py:541} INFO - Filling up the DagBag from /home/alan/repos/pipeline_airflow/pipeline-airflow-venv/lib/python3.11/site-packages/airflow/example_dags/example_trigger_target_dag.py
[2023-08-15T18:57:42.058-0300] {processor.py:836} INFO - DAG(s) dict_keys(['example_trigger_target_dag']) retrieved from /home/alan/repos/pipeline_airflow/pipeline-airflow-venv/lib/python3.11/site-packages/airflow/example_dags/example_trigger_target_dag.py
[2023-08-15T18:57:42.337-0300] {logging_mixin.py:150} INFO - [2023-08-15T18:57:42.337-0300] {dag.py:2742} INFO - Sync 1 DAGs
[2023-08-15T18:57:42.386-0300] {logging_mixin.py:150} INFO - [2023-08-15T18:57:42.386-0300] {dag.py:3504} INFO - Setting next_dagrun for example_trigger_target_dag to None, run_after=None
[2023-08-15T18:57:43.144-0300] {processor.py:179} INFO - Processing /home/alan/repos/pipeline_airflow/pipeline-airflow-venv/lib/python3.11/site-packages/airflow/example_dags/example_trigger_target_dag.py took 1.231 seconds
[2023-08-15T19:01:08.234-0300] {processor.py:157} INFO - Started process (PID=27476) to work on /home/alan/repos/pipeline_airflow/pipeline-airflow-venv/lib/python3.11/site-packages/airflow/example_dags/example_trigger_target_dag.py
[2023-08-15T19:01:08.401-0300] {processor.py:826} INFO - Processing file /home/alan/repos/pipeline_airflow/pipeline-airflow-venv/lib/python3.11/site-packages/airflow/example_dags/example_trigger_target_dag.py for tasks to queue
[2023-08-15T19:01:08.404-0300] {logging_mixin.py:150} INFO - [2023-08-15T19:01:08.403-0300] {dagbag.py:541} INFO - Filling up the DagBag from /home/alan/repos/pipeline_airflow/pipeline-airflow-venv/lib/python3.11/site-packages/airflow/example_dags/example_trigger_target_dag.py
[2023-08-15T19:01:08.496-0300] {processor.py:836} INFO - DAG(s) dict_keys(['example_trigger_target_dag']) retrieved from /home/alan/repos/pipeline_airflow/pipeline-airflow-venv/lib/python3.11/site-packages/airflow/example_dags/example_trigger_target_dag.py
[2023-08-15T19:01:08.536-0300] {logging_mixin.py:150} INFO - [2023-08-15T19:01:08.536-0300] {dag.py:2742} INFO - Sync 1 DAGs
[2023-08-15T19:01:08.574-0300] {logging_mixin.py:150} INFO - [2023-08-15T19:01:08.574-0300] {dag.py:3504} INFO - Setting next_dagrun for example_trigger_target_dag to None, run_after=None
[2023-08-15T19:01:09.197-0300] {processor.py:179} INFO - Processing /home/alan/repos/pipeline_airflow/pipeline-airflow-venv/lib/python3.11/site-packages/airflow/example_dags/example_trigger_target_dag.py took 0.970 seconds
[2023-08-15T19:02:36.595-0300] {processor.py:157} INFO - Started process (PID=27738) to work on /home/alan/repos/pipeline_airflow/pipeline-airflow-venv/lib/python3.11/site-packages/airflow/example_dags/example_trigger_target_dag.py
[2023-08-15T19:02:36.608-0300] {processor.py:826} INFO - Processing file /home/alan/repos/pipeline_airflow/pipeline-airflow-venv/lib/python3.11/site-packages/airflow/example_dags/example_trigger_target_dag.py for tasks to queue
[2023-08-15T19:02:36.610-0300] {logging_mixin.py:150} INFO - [2023-08-15T19:02:36.609-0300] {dagbag.py:541} INFO - Filling up the DagBag from /home/alan/repos/pipeline_airflow/pipeline-airflow-venv/lib/python3.11/site-packages/airflow/example_dags/example_trigger_target_dag.py
[2023-08-15T19:02:36.623-0300] {processor.py:836} INFO - DAG(s) dict_keys(['example_trigger_target_dag']) retrieved from /home/alan/repos/pipeline_airflow/pipeline-airflow-venv/lib/python3.11/site-packages/airflow/example_dags/example_trigger_target_dag.py
[2023-08-15T19:02:36.656-0300] {logging_mixin.py:150} INFO - [2023-08-15T19:02:36.656-0300] {dag.py:2742} INFO - Sync 1 DAGs
[2023-08-15T19:02:36.691-0300] {logging_mixin.py:150} INFO - [2023-08-15T19:02:36.690-0300] {dag.py:3504} INFO - Setting next_dagrun for example_trigger_target_dag to None, run_after=None
[2023-08-15T19:02:36.821-0300] {processor.py:179} INFO - Processing /home/alan/repos/pipeline_airflow/pipeline-airflow-venv/lib/python3.11/site-packages/airflow/example_dags/example_trigger_target_dag.py took 0.231 seconds
[2023-08-15T19:03:56.523-0300] {processor.py:157} INFO - Started process (PID=28182) to work on /home/alan/repos/pipeline_airflow/pipeline-airflow-venv/lib/python3.11/site-packages/airflow/example_dags/example_trigger_target_dag.py
[2023-08-15T19:03:56.544-0300] {processor.py:826} INFO - Processing file /home/alan/repos/pipeline_airflow/pipeline-airflow-venv/lib/python3.11/site-packages/airflow/example_dags/example_trigger_target_dag.py for tasks to queue
[2023-08-15T19:03:56.545-0300] {logging_mixin.py:150} INFO - [2023-08-15T19:03:56.545-0300] {dagbag.py:541} INFO - Filling up the DagBag from /home/alan/repos/pipeline_airflow/pipeline-airflow-venv/lib/python3.11/site-packages/airflow/example_dags/example_trigger_target_dag.py
[2023-08-15T19:03:56.562-0300] {processor.py:836} INFO - DAG(s) dict_keys(['example_trigger_target_dag']) retrieved from /home/alan/repos/pipeline_airflow/pipeline-airflow-venv/lib/python3.11/site-packages/airflow/example_dags/example_trigger_target_dag.py
[2023-08-15T19:03:56.591-0300] {logging_mixin.py:150} INFO - [2023-08-15T19:03:56.590-0300] {dag.py:2742} INFO - Sync 1 DAGs
[2023-08-15T19:03:56.639-0300] {logging_mixin.py:150} INFO - [2023-08-15T19:03:56.639-0300] {dag.py:3504} INFO - Setting next_dagrun for example_trigger_target_dag to None, run_after=None
[2023-08-15T19:03:56.810-0300] {processor.py:179} INFO - Processing /home/alan/repos/pipeline_airflow/pipeline-airflow-venv/lib/python3.11/site-packages/airflow/example_dags/example_trigger_target_dag.py took 0.292 seconds
[2023-08-15T19:04:50.111-0300] {processor.py:157} INFO - Started process (PID=28439) to work on /home/alan/repos/pipeline_airflow/pipeline-airflow-venv/lib/python3.11/site-packages/airflow/example_dags/example_trigger_target_dag.py
[2023-08-15T19:04:50.133-0300] {processor.py:826} INFO - Processing file /home/alan/repos/pipeline_airflow/pipeline-airflow-venv/lib/python3.11/site-packages/airflow/example_dags/example_trigger_target_dag.py for tasks to queue
[2023-08-15T19:04:50.135-0300] {logging_mixin.py:150} INFO - [2023-08-15T19:04:50.134-0300] {dagbag.py:541} INFO - Filling up the DagBag from /home/alan/repos/pipeline_airflow/pipeline-airflow-venv/lib/python3.11/site-packages/airflow/example_dags/example_trigger_target_dag.py
[2023-08-15T19:04:50.146-0300] {processor.py:836} INFO - DAG(s) dict_keys(['example_trigger_target_dag']) retrieved from /home/alan/repos/pipeline_airflow/pipeline-airflow-venv/lib/python3.11/site-packages/airflow/example_dags/example_trigger_target_dag.py
[2023-08-15T19:04:50.553-0300] {logging_mixin.py:150} INFO - [2023-08-15T19:04:50.552-0300] {dag.py:2742} INFO - Sync 1 DAGs
[2023-08-15T19:04:50.595-0300] {logging_mixin.py:150} INFO - [2023-08-15T19:04:50.595-0300] {dag.py:3504} INFO - Setting next_dagrun for example_trigger_target_dag to None, run_after=None
[2023-08-15T19:04:50.976-0300] {processor.py:179} INFO - Processing /home/alan/repos/pipeline_airflow/pipeline-airflow-venv/lib/python3.11/site-packages/airflow/example_dags/example_trigger_target_dag.py took 0.871 seconds
[2023-08-15T19:05:31.660-0300] {processor.py:157} INFO - Started process (PID=28632) to work on /home/alan/repos/pipeline_airflow/pipeline-airflow-venv/lib/python3.11/site-packages/airflow/example_dags/example_trigger_target_dag.py
[2023-08-15T19:05:31.678-0300] {processor.py:826} INFO - Processing file /home/alan/repos/pipeline_airflow/pipeline-airflow-venv/lib/python3.11/site-packages/airflow/example_dags/example_trigger_target_dag.py for tasks to queue
[2023-08-15T19:05:31.680-0300] {logging_mixin.py:150} INFO - [2023-08-15T19:05:31.679-0300] {dagbag.py:541} INFO - Filling up the DagBag from /home/alan/repos/pipeline_airflow/pipeline-airflow-venv/lib/python3.11/site-packages/airflow/example_dags/example_trigger_target_dag.py
[2023-08-15T19:05:31.696-0300] {processor.py:836} INFO - DAG(s) dict_keys(['example_trigger_target_dag']) retrieved from /home/alan/repos/pipeline_airflow/pipeline-airflow-venv/lib/python3.11/site-packages/airflow/example_dags/example_trigger_target_dag.py
[2023-08-15T19:05:31.733-0300] {logging_mixin.py:150} INFO - [2023-08-15T19:05:31.733-0300] {dag.py:2742} INFO - Sync 1 DAGs
[2023-08-15T19:05:31.775-0300] {logging_mixin.py:150} INFO - [2023-08-15T19:05:31.775-0300] {dag.py:3504} INFO - Setting next_dagrun for example_trigger_target_dag to None, run_after=None
[2023-08-15T19:05:31.928-0300] {processor.py:179} INFO - Processing /home/alan/repos/pipeline_airflow/pipeline-airflow-venv/lib/python3.11/site-packages/airflow/example_dags/example_trigger_target_dag.py took 0.275 seconds
[2023-08-15T19:06:36.054-0300] {processor.py:157} INFO - Started process (PID=28801) to work on /home/alan/repos/pipeline_airflow/pipeline-airflow-venv/lib/python3.11/site-packages/airflow/example_dags/example_trigger_target_dag.py
[2023-08-15T19:06:36.072-0300] {processor.py:826} INFO - Processing file /home/alan/repos/pipeline_airflow/pipeline-airflow-venv/lib/python3.11/site-packages/airflow/example_dags/example_trigger_target_dag.py for tasks to queue
[2023-08-15T19:06:36.075-0300] {logging_mixin.py:150} INFO - [2023-08-15T19:06:36.074-0300] {dagbag.py:541} INFO - Filling up the DagBag from /home/alan/repos/pipeline_airflow/pipeline-airflow-venv/lib/python3.11/site-packages/airflow/example_dags/example_trigger_target_dag.py
[2023-08-15T19:06:36.092-0300] {processor.py:836} INFO - DAG(s) dict_keys(['example_trigger_target_dag']) retrieved from /home/alan/repos/pipeline_airflow/pipeline-airflow-venv/lib/python3.11/site-packages/airflow/example_dags/example_trigger_target_dag.py
[2023-08-15T19:06:36.122-0300] {logging_mixin.py:150} INFO - [2023-08-15T19:06:36.121-0300] {dag.py:2742} INFO - Sync 1 DAGs
[2023-08-15T19:06:36.158-0300] {logging_mixin.py:150} INFO - [2023-08-15T19:06:36.157-0300] {dag.py:3504} INFO - Setting next_dagrun for example_trigger_target_dag to None, run_after=None
[2023-08-15T19:06:36.259-0300] {processor.py:179} INFO - Processing /home/alan/repos/pipeline_airflow/pipeline-airflow-venv/lib/python3.11/site-packages/airflow/example_dags/example_trigger_target_dag.py took 0.210 seconds
[2023-08-15T19:07:37.760-0300] {processor.py:157} INFO - Started process (PID=28994) to work on /home/alan/repos/pipeline_airflow/pipeline-airflow-venv/lib/python3.11/site-packages/airflow/example_dags/example_trigger_target_dag.py
[2023-08-15T19:07:37.775-0300] {processor.py:826} INFO - Processing file /home/alan/repos/pipeline_airflow/pipeline-airflow-venv/lib/python3.11/site-packages/airflow/example_dags/example_trigger_target_dag.py for tasks to queue
[2023-08-15T19:07:37.777-0300] {logging_mixin.py:150} INFO - [2023-08-15T19:07:37.776-0300] {dagbag.py:541} INFO - Filling up the DagBag from /home/alan/repos/pipeline_airflow/pipeline-airflow-venv/lib/python3.11/site-packages/airflow/example_dags/example_trigger_target_dag.py
[2023-08-15T19:07:37.787-0300] {processor.py:836} INFO - DAG(s) dict_keys(['example_trigger_target_dag']) retrieved from /home/alan/repos/pipeline_airflow/pipeline-airflow-venv/lib/python3.11/site-packages/airflow/example_dags/example_trigger_target_dag.py
[2023-08-15T19:07:37.835-0300] {logging_mixin.py:150} INFO - [2023-08-15T19:07:37.835-0300] {dag.py:2742} INFO - Sync 1 DAGs
[2023-08-15T19:07:37.882-0300] {logging_mixin.py:150} INFO - [2023-08-15T19:07:37.882-0300] {dag.py:3504} INFO - Setting next_dagrun for example_trigger_target_dag to None, run_after=None
[2023-08-15T19:07:38.076-0300] {processor.py:179} INFO - Processing /home/alan/repos/pipeline_airflow/pipeline-airflow-venv/lib/python3.11/site-packages/airflow/example_dags/example_trigger_target_dag.py took 0.323 seconds
[2023-08-15T19:08:15.180-0300] {processor.py:157} INFO - Started process (PID=29165) to work on /home/alan/repos/pipeline_airflow/pipeline-airflow-venv/lib/python3.11/site-packages/airflow/example_dags/example_trigger_target_dag.py
[2023-08-15T19:08:15.191-0300] {processor.py:826} INFO - Processing file /home/alan/repos/pipeline_airflow/pipeline-airflow-venv/lib/python3.11/site-packages/airflow/example_dags/example_trigger_target_dag.py for tasks to queue
[2023-08-15T19:08:15.193-0300] {logging_mixin.py:150} INFO - [2023-08-15T19:08:15.193-0300] {dagbag.py:541} INFO - Filling up the DagBag from /home/alan/repos/pipeline_airflow/pipeline-airflow-venv/lib/python3.11/site-packages/airflow/example_dags/example_trigger_target_dag.py
[2023-08-15T19:08:15.203-0300] {processor.py:836} INFO - DAG(s) dict_keys(['example_trigger_target_dag']) retrieved from /home/alan/repos/pipeline_airflow/pipeline-airflow-venv/lib/python3.11/site-packages/airflow/example_dags/example_trigger_target_dag.py
[2023-08-15T19:08:15.234-0300] {logging_mixin.py:150} INFO - [2023-08-15T19:08:15.233-0300] {dag.py:2742} INFO - Sync 1 DAGs
[2023-08-15T19:08:15.271-0300] {logging_mixin.py:150} INFO - [2023-08-15T19:08:15.271-0300] {dag.py:3504} INFO - Setting next_dagrun for example_trigger_target_dag to None, run_after=None
[2023-08-15T19:08:15.379-0300] {processor.py:179} INFO - Processing /home/alan/repos/pipeline_airflow/pipeline-airflow-venv/lib/python3.11/site-packages/airflow/example_dags/example_trigger_target_dag.py took 0.206 seconds
[2023-08-15T19:09:17.494-0300] {processor.py:157} INFO - Started process (PID=29328) to work on /home/alan/repos/pipeline_airflow/pipeline-airflow-venv/lib/python3.11/site-packages/airflow/example_dags/example_trigger_target_dag.py
[2023-08-15T19:09:17.504-0300] {processor.py:826} INFO - Processing file /home/alan/repos/pipeline_airflow/pipeline-airflow-venv/lib/python3.11/site-packages/airflow/example_dags/example_trigger_target_dag.py for tasks to queue
[2023-08-15T19:09:17.505-0300] {logging_mixin.py:150} INFO - [2023-08-15T19:09:17.504-0300] {dagbag.py:541} INFO - Filling up the DagBag from /home/alan/repos/pipeline_airflow/pipeline-airflow-venv/lib/python3.11/site-packages/airflow/example_dags/example_trigger_target_dag.py
[2023-08-15T19:09:17.515-0300] {processor.py:836} INFO - DAG(s) dict_keys(['example_trigger_target_dag']) retrieved from /home/alan/repos/pipeline_airflow/pipeline-airflow-venv/lib/python3.11/site-packages/airflow/example_dags/example_trigger_target_dag.py
[2023-08-15T19:09:17.542-0300] {logging_mixin.py:150} INFO - [2023-08-15T19:09:17.542-0300] {dag.py:2742} INFO - Sync 1 DAGs
[2023-08-15T19:09:17.577-0300] {logging_mixin.py:150} INFO - [2023-08-15T19:09:17.577-0300] {dag.py:3504} INFO - Setting next_dagrun for example_trigger_target_dag to None, run_after=None
[2023-08-15T19:09:17.703-0300] {processor.py:179} INFO - Processing /home/alan/repos/pipeline_airflow/pipeline-airflow-venv/lib/python3.11/site-packages/airflow/example_dags/example_trigger_target_dag.py took 0.215 seconds
[2023-08-15T19:10:16.875-0300] {processor.py:157} INFO - Started process (PID=29485) to work on /home/alan/repos/pipeline_airflow/pipeline-airflow-venv/lib/python3.11/site-packages/airflow/example_dags/example_trigger_target_dag.py
[2023-08-15T19:10:16.883-0300] {processor.py:826} INFO - Processing file /home/alan/repos/pipeline_airflow/pipeline-airflow-venv/lib/python3.11/site-packages/airflow/example_dags/example_trigger_target_dag.py for tasks to queue
[2023-08-15T19:10:16.884-0300] {logging_mixin.py:150} INFO - [2023-08-15T19:10:16.884-0300] {dagbag.py:541} INFO - Filling up the DagBag from /home/alan/repos/pipeline_airflow/pipeline-airflow-venv/lib/python3.11/site-packages/airflow/example_dags/example_trigger_target_dag.py
[2023-08-15T19:10:16.898-0300] {processor.py:836} INFO - DAG(s) dict_keys(['example_trigger_target_dag']) retrieved from /home/alan/repos/pipeline_airflow/pipeline-airflow-venv/lib/python3.11/site-packages/airflow/example_dags/example_trigger_target_dag.py
[2023-08-15T19:10:16.931-0300] {logging_mixin.py:150} INFO - [2023-08-15T19:10:16.931-0300] {dag.py:2742} INFO - Sync 1 DAGs
[2023-08-15T19:10:16.967-0300] {logging_mixin.py:150} INFO - [2023-08-15T19:10:16.967-0300] {dag.py:3504} INFO - Setting next_dagrun for example_trigger_target_dag to None, run_after=None
[2023-08-15T19:10:17.082-0300] {processor.py:179} INFO - Processing /home/alan/repos/pipeline_airflow/pipeline-airflow-venv/lib/python3.11/site-packages/airflow/example_dags/example_trigger_target_dag.py took 0.212 seconds
[2023-08-15T19:11:15.856-0300] {processor.py:157} INFO - Started process (PID=29715) to work on /home/alan/repos/pipeline_airflow/pipeline-airflow-venv/lib/python3.11/site-packages/airflow/example_dags/example_trigger_target_dag.py
[2023-08-15T19:11:15.875-0300] {processor.py:826} INFO - Processing file /home/alan/repos/pipeline_airflow/pipeline-airflow-venv/lib/python3.11/site-packages/airflow/example_dags/example_trigger_target_dag.py for tasks to queue
[2023-08-15T19:11:15.895-0300] {logging_mixin.py:150} INFO - [2023-08-15T19:11:15.876-0300] {dagbag.py:541} INFO - Filling up the DagBag from /home/alan/repos/pipeline_airflow/pipeline-airflow-venv/lib/python3.11/site-packages/airflow/example_dags/example_trigger_target_dag.py
[2023-08-15T19:11:15.964-0300] {processor.py:836} INFO - DAG(s) dict_keys(['example_trigger_target_dag']) retrieved from /home/alan/repos/pipeline_airflow/pipeline-airflow-venv/lib/python3.11/site-packages/airflow/example_dags/example_trigger_target_dag.py
[2023-08-15T19:11:16.165-0300] {logging_mixin.py:150} INFO - [2023-08-15T19:11:16.165-0300] {dag.py:2742} INFO - Sync 1 DAGs
[2023-08-15T19:11:16.405-0300] {logging_mixin.py:150} INFO - [2023-08-15T19:11:16.405-0300] {dag.py:3504} INFO - Setting next_dagrun for example_trigger_target_dag to None, run_after=None
[2023-08-15T19:11:16.844-0300] {processor.py:179} INFO - Processing /home/alan/repos/pipeline_airflow/pipeline-airflow-venv/lib/python3.11/site-packages/airflow/example_dags/example_trigger_target_dag.py took 1.026 seconds
[2023-08-15T19:12:23.699-0300] {processor.py:157} INFO - Started process (PID=29913) to work on /home/alan/repos/pipeline_airflow/pipeline-airflow-venv/lib/python3.11/site-packages/airflow/example_dags/example_trigger_target_dag.py
[2023-08-15T19:12:23.712-0300] {processor.py:826} INFO - Processing file /home/alan/repos/pipeline_airflow/pipeline-airflow-venv/lib/python3.11/site-packages/airflow/example_dags/example_trigger_target_dag.py for tasks to queue
[2023-08-15T19:12:23.714-0300] {logging_mixin.py:150} INFO - [2023-08-15T19:12:23.713-0300] {dagbag.py:541} INFO - Filling up the DagBag from /home/alan/repos/pipeline_airflow/pipeline-airflow-venv/lib/python3.11/site-packages/airflow/example_dags/example_trigger_target_dag.py
[2023-08-15T19:12:23.727-0300] {processor.py:836} INFO - DAG(s) dict_keys(['example_trigger_target_dag']) retrieved from /home/alan/repos/pipeline_airflow/pipeline-airflow-venv/lib/python3.11/site-packages/airflow/example_dags/example_trigger_target_dag.py
[2023-08-15T19:12:23.760-0300] {logging_mixin.py:150} INFO - [2023-08-15T19:12:23.760-0300] {dag.py:2742} INFO - Sync 1 DAGs
[2023-08-15T19:12:23.801-0300] {logging_mixin.py:150} INFO - [2023-08-15T19:12:23.800-0300] {dag.py:3504} INFO - Setting next_dagrun for example_trigger_target_dag to None, run_after=None
[2023-08-15T19:12:23.895-0300] {processor.py:179} INFO - Processing /home/alan/repos/pipeline_airflow/pipeline-airflow-venv/lib/python3.11/site-packages/airflow/example_dags/example_trigger_target_dag.py took 0.202 seconds
[2023-08-15T19:13:22.652-0300] {processor.py:157} INFO - Started process (PID=30077) to work on /home/alan/repos/pipeline_airflow/pipeline-airflow-venv/lib/python3.11/site-packages/airflow/example_dags/example_trigger_target_dag.py
[2023-08-15T19:13:22.659-0300] {processor.py:826} INFO - Processing file /home/alan/repos/pipeline_airflow/pipeline-airflow-venv/lib/python3.11/site-packages/airflow/example_dags/example_trigger_target_dag.py for tasks to queue
[2023-08-15T19:13:22.662-0300] {logging_mixin.py:150} INFO - [2023-08-15T19:13:22.661-0300] {dagbag.py:541} INFO - Filling up the DagBag from /home/alan/repos/pipeline_airflow/pipeline-airflow-venv/lib/python3.11/site-packages/airflow/example_dags/example_trigger_target_dag.py
[2023-08-15T19:13:22.673-0300] {processor.py:836} INFO - DAG(s) dict_keys(['example_trigger_target_dag']) retrieved from /home/alan/repos/pipeline_airflow/pipeline-airflow-venv/lib/python3.11/site-packages/airflow/example_dags/example_trigger_target_dag.py
[2023-08-15T19:13:22.707-0300] {logging_mixin.py:150} INFO - [2023-08-15T19:13:22.707-0300] {dag.py:2742} INFO - Sync 1 DAGs
[2023-08-15T19:13:22.751-0300] {logging_mixin.py:150} INFO - [2023-08-15T19:13:22.750-0300] {dag.py:3504} INFO - Setting next_dagrun for example_trigger_target_dag to None, run_after=None
[2023-08-15T19:13:22.856-0300] {processor.py:179} INFO - Processing /home/alan/repos/pipeline_airflow/pipeline-airflow-venv/lib/python3.11/site-packages/airflow/example_dags/example_trigger_target_dag.py took 0.210 seconds
[2023-08-15T19:14:25.446-0300] {processor.py:157} INFO - Started process (PID=30233) to work on /home/alan/repos/pipeline_airflow/pipeline-airflow-venv/lib/python3.11/site-packages/airflow/example_dags/example_trigger_target_dag.py
[2023-08-15T19:14:25.459-0300] {processor.py:826} INFO - Processing file /home/alan/repos/pipeline_airflow/pipeline-airflow-venv/lib/python3.11/site-packages/airflow/example_dags/example_trigger_target_dag.py for tasks to queue
[2023-08-15T19:14:25.460-0300] {logging_mixin.py:150} INFO - [2023-08-15T19:14:25.460-0300] {dagbag.py:541} INFO - Filling up the DagBag from /home/alan/repos/pipeline_airflow/pipeline-airflow-venv/lib/python3.11/site-packages/airflow/example_dags/example_trigger_target_dag.py
[2023-08-15T19:14:25.471-0300] {processor.py:836} INFO - DAG(s) dict_keys(['example_trigger_target_dag']) retrieved from /home/alan/repos/pipeline_airflow/pipeline-airflow-venv/lib/python3.11/site-packages/airflow/example_dags/example_trigger_target_dag.py
[2023-08-15T19:14:25.503-0300] {logging_mixin.py:150} INFO - [2023-08-15T19:14:25.503-0300] {dag.py:2742} INFO - Sync 1 DAGs
[2023-08-15T19:14:25.543-0300] {logging_mixin.py:150} INFO - [2023-08-15T19:14:25.542-0300] {dag.py:3504} INFO - Setting next_dagrun for example_trigger_target_dag to None, run_after=None
[2023-08-15T19:14:25.675-0300] {processor.py:179} INFO - Processing /home/alan/repos/pipeline_airflow/pipeline-airflow-venv/lib/python3.11/site-packages/airflow/example_dags/example_trigger_target_dag.py took 0.235 seconds
[2023-08-15T19:15:19.827-0300] {processor.py:157} INFO - Started process (PID=30378) to work on /home/alan/repos/pipeline_airflow/pipeline-airflow-venv/lib/python3.11/site-packages/airflow/example_dags/example_trigger_target_dag.py
[2023-08-15T19:15:19.846-0300] {processor.py:826} INFO - Processing file /home/alan/repos/pipeline_airflow/pipeline-airflow-venv/lib/python3.11/site-packages/airflow/example_dags/example_trigger_target_dag.py for tasks to queue
[2023-08-15T19:15:19.847-0300] {logging_mixin.py:150} INFO - [2023-08-15T19:15:19.846-0300] {dagbag.py:541} INFO - Filling up the DagBag from /home/alan/repos/pipeline_airflow/pipeline-airflow-venv/lib/python3.11/site-packages/airflow/example_dags/example_trigger_target_dag.py
[2023-08-15T19:15:19.862-0300] {processor.py:836} INFO - DAG(s) dict_keys(['example_trigger_target_dag']) retrieved from /home/alan/repos/pipeline_airflow/pipeline-airflow-venv/lib/python3.11/site-packages/airflow/example_dags/example_trigger_target_dag.py
[2023-08-15T19:15:19.899-0300] {logging_mixin.py:150} INFO - [2023-08-15T19:15:19.898-0300] {dag.py:2742} INFO - Sync 1 DAGs
[2023-08-15T19:15:19.937-0300] {logging_mixin.py:150} INFO - [2023-08-15T19:15:19.937-0300] {dag.py:3504} INFO - Setting next_dagrun for example_trigger_target_dag to None, run_after=None
[2023-08-15T19:15:20.043-0300] {processor.py:179} INFO - Processing /home/alan/repos/pipeline_airflow/pipeline-airflow-venv/lib/python3.11/site-packages/airflow/example_dags/example_trigger_target_dag.py took 0.222 seconds
[2023-08-15T19:16:18.579-0300] {processor.py:157} INFO - Started process (PID=30530) to work on /home/alan/repos/pipeline_airflow/pipeline-airflow-venv/lib/python3.11/site-packages/airflow/example_dags/example_trigger_target_dag.py
[2023-08-15T19:16:18.594-0300] {processor.py:826} INFO - Processing file /home/alan/repos/pipeline_airflow/pipeline-airflow-venv/lib/python3.11/site-packages/airflow/example_dags/example_trigger_target_dag.py for tasks to queue
[2023-08-15T19:16:18.596-0300] {logging_mixin.py:150} INFO - [2023-08-15T19:16:18.595-0300] {dagbag.py:541} INFO - Filling up the DagBag from /home/alan/repos/pipeline_airflow/pipeline-airflow-venv/lib/python3.11/site-packages/airflow/example_dags/example_trigger_target_dag.py
[2023-08-15T19:16:18.608-0300] {processor.py:836} INFO - DAG(s) dict_keys(['example_trigger_target_dag']) retrieved from /home/alan/repos/pipeline_airflow/pipeline-airflow-venv/lib/python3.11/site-packages/airflow/example_dags/example_trigger_target_dag.py
[2023-08-15T19:16:18.640-0300] {logging_mixin.py:150} INFO - [2023-08-15T19:16:18.640-0300] {dag.py:2742} INFO - Sync 1 DAGs
[2023-08-15T19:16:18.679-0300] {logging_mixin.py:150} INFO - [2023-08-15T19:16:18.679-0300] {dag.py:3504} INFO - Setting next_dagrun for example_trigger_target_dag to None, run_after=None
[2023-08-15T19:16:18.793-0300] {processor.py:179} INFO - Processing /home/alan/repos/pipeline_airflow/pipeline-airflow-venv/lib/python3.11/site-packages/airflow/example_dags/example_trigger_target_dag.py took 0.220 seconds
[2023-08-15T19:17:18.761-0300] {processor.py:157} INFO - Started process (PID=30691) to work on /home/alan/repos/pipeline_airflow/pipeline-airflow-venv/lib/python3.11/site-packages/airflow/example_dags/example_trigger_target_dag.py
[2023-08-15T19:17:18.770-0300] {processor.py:826} INFO - Processing file /home/alan/repos/pipeline_airflow/pipeline-airflow-venv/lib/python3.11/site-packages/airflow/example_dags/example_trigger_target_dag.py for tasks to queue
[2023-08-15T19:17:18.772-0300] {logging_mixin.py:150} INFO - [2023-08-15T19:17:18.771-0300] {dagbag.py:541} INFO - Filling up the DagBag from /home/alan/repos/pipeline_airflow/pipeline-airflow-venv/lib/python3.11/site-packages/airflow/example_dags/example_trigger_target_dag.py
[2023-08-15T19:17:18.784-0300] {processor.py:836} INFO - DAG(s) dict_keys(['example_trigger_target_dag']) retrieved from /home/alan/repos/pipeline_airflow/pipeline-airflow-venv/lib/python3.11/site-packages/airflow/example_dags/example_trigger_target_dag.py
[2023-08-15T19:17:18.815-0300] {logging_mixin.py:150} INFO - [2023-08-15T19:17:18.815-0300] {dag.py:2742} INFO - Sync 1 DAGs
[2023-08-15T19:17:18.849-0300] {logging_mixin.py:150} INFO - [2023-08-15T19:17:18.849-0300] {dag.py:3504} INFO - Setting next_dagrun for example_trigger_target_dag to None, run_after=None
[2023-08-15T19:17:18.970-0300] {processor.py:179} INFO - Processing /home/alan/repos/pipeline_airflow/pipeline-airflow-venv/lib/python3.11/site-packages/airflow/example_dags/example_trigger_target_dag.py took 0.215 seconds
[2023-08-15T19:18:18.737-0300] {processor.py:157} INFO - Started process (PID=30843) to work on /home/alan/repos/pipeline_airflow/pipeline-airflow-venv/lib/python3.11/site-packages/airflow/example_dags/example_trigger_target_dag.py
[2023-08-15T19:18:18.747-0300] {processor.py:826} INFO - Processing file /home/alan/repos/pipeline_airflow/pipeline-airflow-venv/lib/python3.11/site-packages/airflow/example_dags/example_trigger_target_dag.py for tasks to queue
[2023-08-15T19:18:18.749-0300] {logging_mixin.py:150} INFO - [2023-08-15T19:18:18.748-0300] {dagbag.py:541} INFO - Filling up the DagBag from /home/alan/repos/pipeline_airflow/pipeline-airflow-venv/lib/python3.11/site-packages/airflow/example_dags/example_trigger_target_dag.py
[2023-08-15T19:18:18.762-0300] {processor.py:836} INFO - DAG(s) dict_keys(['example_trigger_target_dag']) retrieved from /home/alan/repos/pipeline_airflow/pipeline-airflow-venv/lib/python3.11/site-packages/airflow/example_dags/example_trigger_target_dag.py
[2023-08-15T19:18:18.794-0300] {logging_mixin.py:150} INFO - [2023-08-15T19:18:18.793-0300] {dag.py:2742} INFO - Sync 1 DAGs
[2023-08-15T19:18:18.827-0300] {logging_mixin.py:150} INFO - [2023-08-15T19:18:18.827-0300] {dag.py:3504} INFO - Setting next_dagrun for example_trigger_target_dag to None, run_after=None
[2023-08-15T19:18:18.930-0300] {processor.py:179} INFO - Processing /home/alan/repos/pipeline_airflow/pipeline-airflow-venv/lib/python3.11/site-packages/airflow/example_dags/example_trigger_target_dag.py took 0.199 seconds
[2023-08-15T19:19:14.839-0300] {processor.py:157} INFO - Started process (PID=30986) to work on /home/alan/repos/pipeline_airflow/pipeline-airflow-venv/lib/python3.11/site-packages/airflow/example_dags/example_trigger_target_dag.py
[2023-08-15T19:19:14.841-0300] {processor.py:826} INFO - Processing file /home/alan/repos/pipeline_airflow/pipeline-airflow-venv/lib/python3.11/site-packages/airflow/example_dags/example_trigger_target_dag.py for tasks to queue
[2023-08-15T19:19:14.842-0300] {logging_mixin.py:150} INFO - [2023-08-15T19:19:14.842-0300] {dagbag.py:541} INFO - Filling up the DagBag from /home/alan/repos/pipeline_airflow/pipeline-airflow-venv/lib/python3.11/site-packages/airflow/example_dags/example_trigger_target_dag.py
[2023-08-15T19:19:14.855-0300] {processor.py:836} INFO - DAG(s) dict_keys(['example_trigger_target_dag']) retrieved from /home/alan/repos/pipeline_airflow/pipeline-airflow-venv/lib/python3.11/site-packages/airflow/example_dags/example_trigger_target_dag.py
[2023-08-15T19:19:14.885-0300] {logging_mixin.py:150} INFO - [2023-08-15T19:19:14.885-0300] {dag.py:2742} INFO - Sync 1 DAGs
[2023-08-15T19:19:14.925-0300] {logging_mixin.py:150} INFO - [2023-08-15T19:19:14.925-0300] {dag.py:3504} INFO - Setting next_dagrun for example_trigger_target_dag to None, run_after=None
[2023-08-15T19:19:15.037-0300] {processor.py:179} INFO - Processing /home/alan/repos/pipeline_airflow/pipeline-airflow-venv/lib/python3.11/site-packages/airflow/example_dags/example_trigger_target_dag.py took 0.204 seconds
[2023-08-15T19:20:12.249-0300] {processor.py:157} INFO - Started process (PID=31139) to work on /home/alan/repos/pipeline_airflow/pipeline-airflow-venv/lib/python3.11/site-packages/airflow/example_dags/example_trigger_target_dag.py
[2023-08-15T19:20:12.266-0300] {processor.py:826} INFO - Processing file /home/alan/repos/pipeline_airflow/pipeline-airflow-venv/lib/python3.11/site-packages/airflow/example_dags/example_trigger_target_dag.py for tasks to queue
[2023-08-15T19:20:12.268-0300] {logging_mixin.py:150} INFO - [2023-08-15T19:20:12.267-0300] {dagbag.py:541} INFO - Filling up the DagBag from /home/alan/repos/pipeline_airflow/pipeline-airflow-venv/lib/python3.11/site-packages/airflow/example_dags/example_trigger_target_dag.py
[2023-08-15T19:20:12.280-0300] {processor.py:836} INFO - DAG(s) dict_keys(['example_trigger_target_dag']) retrieved from /home/alan/repos/pipeline_airflow/pipeline-airflow-venv/lib/python3.11/site-packages/airflow/example_dags/example_trigger_target_dag.py
[2023-08-15T19:20:12.310-0300] {logging_mixin.py:150} INFO - [2023-08-15T19:20:12.309-0300] {dag.py:2742} INFO - Sync 1 DAGs
[2023-08-15T19:20:12.345-0300] {logging_mixin.py:150} INFO - [2023-08-15T19:20:12.344-0300] {dag.py:3504} INFO - Setting next_dagrun for example_trigger_target_dag to None, run_after=None
[2023-08-15T19:20:12.447-0300] {processor.py:179} INFO - Processing /home/alan/repos/pipeline_airflow/pipeline-airflow-venv/lib/python3.11/site-packages/airflow/example_dags/example_trigger_target_dag.py took 0.205 seconds
[2023-08-15T19:21:24.484-0300] {processor.py:157} INFO - Started process (PID=31488) to work on /home/alan/repos/pipeline_airflow/pipeline-airflow-venv/lib/python3.11/site-packages/airflow/example_dags/example_trigger_target_dag.py
[2023-08-15T19:21:24.486-0300] {processor.py:826} INFO - Processing file /home/alan/repos/pipeline_airflow/pipeline-airflow-venv/lib/python3.11/site-packages/airflow/example_dags/example_trigger_target_dag.py for tasks to queue
[2023-08-15T19:21:24.487-0300] {logging_mixin.py:150} INFO - [2023-08-15T19:21:24.487-0300] {dagbag.py:541} INFO - Filling up the DagBag from /home/alan/repos/pipeline_airflow/pipeline-airflow-venv/lib/python3.11/site-packages/airflow/example_dags/example_trigger_target_dag.py
[2023-08-15T19:21:24.500-0300] {processor.py:836} INFO - DAG(s) dict_keys(['example_trigger_target_dag']) retrieved from /home/alan/repos/pipeline_airflow/pipeline-airflow-venv/lib/python3.11/site-packages/airflow/example_dags/example_trigger_target_dag.py
[2023-08-15T19:21:24.532-0300] {logging_mixin.py:150} INFO - [2023-08-15T19:21:24.532-0300] {dag.py:2742} INFO - Sync 1 DAGs
[2023-08-15T19:21:24.571-0300] {logging_mixin.py:150} INFO - [2023-08-15T19:21:24.571-0300] {dag.py:3504} INFO - Setting next_dagrun for example_trigger_target_dag to None, run_after=None
[2023-08-15T19:21:24.680-0300] {processor.py:179} INFO - Processing /home/alan/repos/pipeline_airflow/pipeline-airflow-venv/lib/python3.11/site-packages/airflow/example_dags/example_trigger_target_dag.py took 0.201 seconds
