[2023-08-15T18:19:47.837-0300] {processor.py:157} INFO - Started process (PID=18324) to work on /home/alan/repos/pipeline_airflow/pipeline-airflow-venv/lib/python3.11/site-packages/airflow/example_dags/example_skip_dag.py
[2023-08-15T18:19:47.839-0300] {processor.py:826} INFO - Processing file /home/alan/repos/pipeline_airflow/pipeline-airflow-venv/lib/python3.11/site-packages/airflow/example_dags/example_skip_dag.py for tasks to queue
[2023-08-15T18:19:47.841-0300] {logging_mixin.py:150} INFO - [2023-08-15T18:19:47.840-0300] {dagbag.py:541} INFO - Filling up the DagBag from /home/alan/repos/pipeline_airflow/pipeline-airflow-venv/lib/python3.11/site-packages/airflow/example_dags/example_skip_dag.py
[2023-08-15T18:19:47.855-0300] {processor.py:836} INFO - DAG(s) dict_keys(['example_skip_dag']) retrieved from /home/alan/repos/pipeline_airflow/pipeline-airflow-venv/lib/python3.11/site-packages/airflow/example_dags/example_skip_dag.py
[2023-08-15T18:19:48.207-0300] {logging_mixin.py:150} INFO - [2023-08-15T18:19:48.206-0300] {manager.py:504} INFO - Created Permission View: can delete on DAG:example_skip_dag
[2023-08-15T18:19:48.306-0300] {logging_mixin.py:150} INFO - [2023-08-15T18:19:48.306-0300] {manager.py:504} INFO - Created Permission View: can edit on DAG:example_skip_dag
[2023-08-15T18:19:48.395-0300] {logging_mixin.py:150} INFO - [2023-08-15T18:19:48.394-0300] {manager.py:504} INFO - Created Permission View: can read on DAG:example_skip_dag
[2023-08-15T18:19:48.435-0300] {logging_mixin.py:150} INFO - [2023-08-15T18:19:48.435-0300] {dag.py:2742} INFO - Sync 1 DAGs
[2023-08-15T18:19:48.465-0300] {logging_mixin.py:150} INFO - [2023-08-15T18:19:48.465-0300] {dag.py:2763} INFO - Creating ORM DAG for example_skip_dag
[2023-08-15T18:19:48.484-0300] {logging_mixin.py:150} INFO - [2023-08-15T18:19:48.484-0300] {dag.py:3504} INFO - Setting next_dagrun for example_skip_dag to 2023-08-14T21:19:48.483980+00:00, run_after=2023-08-15T21:19:48.483980+00:00
[2023-08-15T18:19:48.642-0300] {processor.py:179} INFO - Processing /home/alan/repos/pipeline_airflow/pipeline-airflow-venv/lib/python3.11/site-packages/airflow/example_dags/example_skip_dag.py took 0.811 seconds
[2023-08-15T18:21:08.399-0300] {processor.py:157} INFO - Started process (PID=18847) to work on /home/alan/repos/pipeline_airflow/pipeline-airflow-venv/lib/python3.11/site-packages/airflow/example_dags/example_skip_dag.py
[2023-08-15T18:21:08.400-0300] {processor.py:826} INFO - Processing file /home/alan/repos/pipeline_airflow/pipeline-airflow-venv/lib/python3.11/site-packages/airflow/example_dags/example_skip_dag.py for tasks to queue
[2023-08-15T18:21:08.402-0300] {logging_mixin.py:150} INFO - [2023-08-15T18:21:08.401-0300] {dagbag.py:541} INFO - Filling up the DagBag from /home/alan/repos/pipeline_airflow/pipeline-airflow-venv/lib/python3.11/site-packages/airflow/example_dags/example_skip_dag.py
[2023-08-15T18:21:08.415-0300] {processor.py:836} INFO - DAG(s) dict_keys(['example_skip_dag']) retrieved from /home/alan/repos/pipeline_airflow/pipeline-airflow-venv/lib/python3.11/site-packages/airflow/example_dags/example_skip_dag.py
[2023-08-15T18:21:08.446-0300] {logging_mixin.py:150} INFO - [2023-08-15T18:21:08.445-0300] {dag.py:2742} INFO - Sync 1 DAGs
[2023-08-15T18:21:08.482-0300] {logging_mixin.py:150} INFO - [2023-08-15T18:21:08.482-0300] {dag.py:3504} INFO - Setting next_dagrun for example_skip_dag to 2023-08-14T21:21:08.481694+00:00, run_after=2023-08-15T21:21:08.481694+00:00
[2023-08-15T18:21:08.592-0300] {processor.py:179} INFO - Processing /home/alan/repos/pipeline_airflow/pipeline-airflow-venv/lib/python3.11/site-packages/airflow/example_dags/example_skip_dag.py took 0.198 seconds
[2023-08-15T18:22:03.929-0300] {processor.py:157} INFO - Started process (PID=19048) to work on /home/alan/repos/pipeline_airflow/pipeline-airflow-venv/lib/python3.11/site-packages/airflow/example_dags/example_skip_dag.py
[2023-08-15T18:22:03.930-0300] {processor.py:826} INFO - Processing file /home/alan/repos/pipeline_airflow/pipeline-airflow-venv/lib/python3.11/site-packages/airflow/example_dags/example_skip_dag.py for tasks to queue
[2023-08-15T18:22:03.932-0300] {logging_mixin.py:150} INFO - [2023-08-15T18:22:03.931-0300] {dagbag.py:541} INFO - Filling up the DagBag from /home/alan/repos/pipeline_airflow/pipeline-airflow-venv/lib/python3.11/site-packages/airflow/example_dags/example_skip_dag.py
[2023-08-15T18:22:03.945-0300] {processor.py:836} INFO - DAG(s) dict_keys(['example_skip_dag']) retrieved from /home/alan/repos/pipeline_airflow/pipeline-airflow-venv/lib/python3.11/site-packages/airflow/example_dags/example_skip_dag.py
[2023-08-15T18:22:03.974-0300] {logging_mixin.py:150} INFO - [2023-08-15T18:22:03.974-0300] {dag.py:2742} INFO - Sync 1 DAGs
[2023-08-15T18:22:04.009-0300] {logging_mixin.py:150} INFO - [2023-08-15T18:22:04.008-0300] {dag.py:3504} INFO - Setting next_dagrun for example_skip_dag to 2023-08-14T21:22:04.008576+00:00, run_after=2023-08-15T21:22:04.008576+00:00
[2023-08-15T18:22:04.117-0300] {processor.py:179} INFO - Processing /home/alan/repos/pipeline_airflow/pipeline-airflow-venv/lib/python3.11/site-packages/airflow/example_dags/example_skip_dag.py took 0.192 seconds
[2023-08-15T18:22:56.510-0300] {processor.py:157} INFO - Started process (PID=19232) to work on /home/alan/repos/pipeline_airflow/pipeline-airflow-venv/lib/python3.11/site-packages/airflow/example_dags/example_skip_dag.py
[2023-08-15T18:22:56.512-0300] {processor.py:826} INFO - Processing file /home/alan/repos/pipeline_airflow/pipeline-airflow-venv/lib/python3.11/site-packages/airflow/example_dags/example_skip_dag.py for tasks to queue
[2023-08-15T18:22:56.513-0300] {logging_mixin.py:150} INFO - [2023-08-15T18:22:56.513-0300] {dagbag.py:541} INFO - Filling up the DagBag from /home/alan/repos/pipeline_airflow/pipeline-airflow-venv/lib/python3.11/site-packages/airflow/example_dags/example_skip_dag.py
[2023-08-15T18:22:56.527-0300] {processor.py:836} INFO - DAG(s) dict_keys(['example_skip_dag']) retrieved from /home/alan/repos/pipeline_airflow/pipeline-airflow-venv/lib/python3.11/site-packages/airflow/example_dags/example_skip_dag.py
[2023-08-15T18:22:56.556-0300] {logging_mixin.py:150} INFO - [2023-08-15T18:22:56.556-0300] {dag.py:2742} INFO - Sync 1 DAGs
[2023-08-15T18:22:56.600-0300] {logging_mixin.py:150} INFO - [2023-08-15T18:22:56.599-0300] {dag.py:3504} INFO - Setting next_dagrun for example_skip_dag to 2023-08-14T21:22:56.599070+00:00, run_after=2023-08-15T21:22:56.599070+00:00
[2023-08-15T18:22:56.762-0300] {processor.py:179} INFO - Processing /home/alan/repos/pipeline_airflow/pipeline-airflow-venv/lib/python3.11/site-packages/airflow/example_dags/example_skip_dag.py took 0.256 seconds
[2023-08-15T18:23:56.253-0300] {processor.py:157} INFO - Started process (PID=19462) to work on /home/alan/repos/pipeline_airflow/pipeline-airflow-venv/lib/python3.11/site-packages/airflow/example_dags/example_skip_dag.py
[2023-08-15T18:23:56.255-0300] {processor.py:826} INFO - Processing file /home/alan/repos/pipeline_airflow/pipeline-airflow-venv/lib/python3.11/site-packages/airflow/example_dags/example_skip_dag.py for tasks to queue
[2023-08-15T18:23:56.257-0300] {logging_mixin.py:150} INFO - [2023-08-15T18:23:56.257-0300] {dagbag.py:541} INFO - Filling up the DagBag from /home/alan/repos/pipeline_airflow/pipeline-airflow-venv/lib/python3.11/site-packages/airflow/example_dags/example_skip_dag.py
[2023-08-15T18:23:56.271-0300] {processor.py:836} INFO - DAG(s) dict_keys(['example_skip_dag']) retrieved from /home/alan/repos/pipeline_airflow/pipeline-airflow-venv/lib/python3.11/site-packages/airflow/example_dags/example_skip_dag.py
[2023-08-15T18:23:56.301-0300] {logging_mixin.py:150} INFO - [2023-08-15T18:23:56.300-0300] {dag.py:2742} INFO - Sync 1 DAGs
[2023-08-15T18:23:56.476-0300] {logging_mixin.py:150} INFO - [2023-08-15T18:23:56.476-0300] {dag.py:3504} INFO - Setting next_dagrun for example_skip_dag to 2023-08-14T21:23:56.475862+00:00, run_after=2023-08-15T21:23:56.475862+00:00
[2023-08-15T18:23:56.593-0300] {processor.py:179} INFO - Processing /home/alan/repos/pipeline_airflow/pipeline-airflow-venv/lib/python3.11/site-packages/airflow/example_dags/example_skip_dag.py took 0.346 seconds
[2023-08-15T18:25:47.064-0300] {processor.py:157} INFO - Started process (PID=20320) to work on /home/alan/repos/pipeline_airflow/pipeline-airflow-venv/lib/python3.11/site-packages/airflow/example_dags/example_skip_dag.py
[2023-08-15T18:25:47.143-0300] {processor.py:826} INFO - Processing file /home/alan/repos/pipeline_airflow/pipeline-airflow-venv/lib/python3.11/site-packages/airflow/example_dags/example_skip_dag.py for tasks to queue
[2023-08-15T18:25:47.145-0300] {logging_mixin.py:150} INFO - [2023-08-15T18:25:47.144-0300] {dagbag.py:541} INFO - Filling up the DagBag from /home/alan/repos/pipeline_airflow/pipeline-airflow-venv/lib/python3.11/site-packages/airflow/example_dags/example_skip_dag.py
[2023-08-15T18:25:47.189-0300] {processor.py:836} INFO - DAG(s) dict_keys(['example_skip_dag']) retrieved from /home/alan/repos/pipeline_airflow/pipeline-airflow-venv/lib/python3.11/site-packages/airflow/example_dags/example_skip_dag.py
[2023-08-15T18:25:47.223-0300] {logging_mixin.py:150} INFO - [2023-08-15T18:25:47.223-0300] {dag.py:2742} INFO - Sync 1 DAGs
[2023-08-15T18:25:48.915-0300] {logging_mixin.py:150} INFO - [2023-08-15T18:25:48.915-0300] {dag.py:3504} INFO - Setting next_dagrun for example_skip_dag to 2023-08-14T21:25:48.914672+00:00, run_after=2023-08-15T21:25:48.914672+00:00
[2023-08-15T18:25:49.393-0300] {processor.py:179} INFO - Processing /home/alan/repos/pipeline_airflow/pipeline-airflow-venv/lib/python3.11/site-packages/airflow/example_dags/example_skip_dag.py took 2.350 seconds
[2023-08-15T18:27:15.620-0300] {processor.py:157} INFO - Started process (PID=20903) to work on /home/alan/repos/pipeline_airflow/pipeline-airflow-venv/lib/python3.11/site-packages/airflow/example_dags/example_skip_dag.py
[2023-08-15T18:27:15.648-0300] {processor.py:826} INFO - Processing file /home/alan/repos/pipeline_airflow/pipeline-airflow-venv/lib/python3.11/site-packages/airflow/example_dags/example_skip_dag.py for tasks to queue
[2023-08-15T18:27:15.650-0300] {logging_mixin.py:150} INFO - [2023-08-15T18:27:15.649-0300] {dagbag.py:541} INFO - Filling up the DagBag from /home/alan/repos/pipeline_airflow/pipeline-airflow-venv/lib/python3.11/site-packages/airflow/example_dags/example_skip_dag.py
[2023-08-15T18:27:15.671-0300] {processor.py:836} INFO - DAG(s) dict_keys(['example_skip_dag']) retrieved from /home/alan/repos/pipeline_airflow/pipeline-airflow-venv/lib/python3.11/site-packages/airflow/example_dags/example_skip_dag.py
[2023-08-15T18:27:15.708-0300] {logging_mixin.py:150} INFO - [2023-08-15T18:27:15.708-0300] {dag.py:2742} INFO - Sync 1 DAGs
[2023-08-15T18:27:15.745-0300] {logging_mixin.py:150} INFO - [2023-08-15T18:27:15.745-0300] {dag.py:3504} INFO - Setting next_dagrun for example_skip_dag to 2023-08-14T21:27:15.744781+00:00, run_after=2023-08-15T21:27:15.744781+00:00
[2023-08-15T18:27:15.876-0300] {processor.py:179} INFO - Processing /home/alan/repos/pipeline_airflow/pipeline-airflow-venv/lib/python3.11/site-packages/airflow/example_dags/example_skip_dag.py took 0.262 seconds
[2023-08-15T18:28:15.526-0300] {processor.py:157} INFO - Started process (PID=21118) to work on /home/alan/repos/pipeline_airflow/pipeline-airflow-venv/lib/python3.11/site-packages/airflow/example_dags/example_skip_dag.py
[2023-08-15T18:28:15.527-0300] {processor.py:826} INFO - Processing file /home/alan/repos/pipeline_airflow/pipeline-airflow-venv/lib/python3.11/site-packages/airflow/example_dags/example_skip_dag.py for tasks to queue
[2023-08-15T18:28:15.529-0300] {logging_mixin.py:150} INFO - [2023-08-15T18:28:15.528-0300] {dagbag.py:541} INFO - Filling up the DagBag from /home/alan/repos/pipeline_airflow/pipeline-airflow-venv/lib/python3.11/site-packages/airflow/example_dags/example_skip_dag.py
[2023-08-15T18:28:15.546-0300] {processor.py:836} INFO - DAG(s) dict_keys(['example_skip_dag']) retrieved from /home/alan/repos/pipeline_airflow/pipeline-airflow-venv/lib/python3.11/site-packages/airflow/example_dags/example_skip_dag.py
[2023-08-15T18:28:15.578-0300] {logging_mixin.py:150} INFO - [2023-08-15T18:28:15.577-0300] {dag.py:2742} INFO - Sync 1 DAGs
[2023-08-15T18:28:15.612-0300] {logging_mixin.py:150} INFO - [2023-08-15T18:28:15.612-0300] {dag.py:3504} INFO - Setting next_dagrun for example_skip_dag to 2023-08-14T21:28:15.611890+00:00, run_after=2023-08-15T21:28:15.611890+00:00
[2023-08-15T18:28:15.735-0300] {processor.py:179} INFO - Processing /home/alan/repos/pipeline_airflow/pipeline-airflow-venv/lib/python3.11/site-packages/airflow/example_dags/example_skip_dag.py took 0.215 seconds
[2023-08-15T18:29:13.843-0300] {processor.py:157} INFO - Started process (PID=21354) to work on /home/alan/repos/pipeline_airflow/pipeline-airflow-venv/lib/python3.11/site-packages/airflow/example_dags/example_skip_dag.py
[2023-08-15T18:29:13.855-0300] {processor.py:826} INFO - Processing file /home/alan/repos/pipeline_airflow/pipeline-airflow-venv/lib/python3.11/site-packages/airflow/example_dags/example_skip_dag.py for tasks to queue
[2023-08-15T18:29:13.857-0300] {logging_mixin.py:150} INFO - [2023-08-15T18:29:13.856-0300] {dagbag.py:541} INFO - Filling up the DagBag from /home/alan/repos/pipeline_airflow/pipeline-airflow-venv/lib/python3.11/site-packages/airflow/example_dags/example_skip_dag.py
[2023-08-15T18:29:13.873-0300] {processor.py:836} INFO - DAG(s) dict_keys(['example_skip_dag']) retrieved from /home/alan/repos/pipeline_airflow/pipeline-airflow-venv/lib/python3.11/site-packages/airflow/example_dags/example_skip_dag.py
[2023-08-15T18:29:13.910-0300] {logging_mixin.py:150} INFO - [2023-08-15T18:29:13.910-0300] {dag.py:2742} INFO - Sync 1 DAGs
[2023-08-15T18:29:13.950-0300] {logging_mixin.py:150} INFO - [2023-08-15T18:29:13.949-0300] {dag.py:3504} INFO - Setting next_dagrun for example_skip_dag to 2023-08-14T21:29:13.949348+00:00, run_after=2023-08-15T21:29:13.949348+00:00
[2023-08-15T18:29:14.229-0300] {processor.py:179} INFO - Processing /home/alan/repos/pipeline_airflow/pipeline-airflow-venv/lib/python3.11/site-packages/airflow/example_dags/example_skip_dag.py took 0.392 seconds
[2023-08-15T18:30:10.875-0300] {processor.py:157} INFO - Started process (PID=21575) to work on /home/alan/repos/pipeline_airflow/pipeline-airflow-venv/lib/python3.11/site-packages/airflow/example_dags/example_skip_dag.py
[2023-08-15T18:30:10.887-0300] {processor.py:826} INFO - Processing file /home/alan/repos/pipeline_airflow/pipeline-airflow-venv/lib/python3.11/site-packages/airflow/example_dags/example_skip_dag.py for tasks to queue
[2023-08-15T18:30:10.889-0300] {logging_mixin.py:150} INFO - [2023-08-15T18:30:10.888-0300] {dagbag.py:541} INFO - Filling up the DagBag from /home/alan/repos/pipeline_airflow/pipeline-airflow-venv/lib/python3.11/site-packages/airflow/example_dags/example_skip_dag.py
[2023-08-15T18:30:10.904-0300] {processor.py:836} INFO - DAG(s) dict_keys(['example_skip_dag']) retrieved from /home/alan/repos/pipeline_airflow/pipeline-airflow-venv/lib/python3.11/site-packages/airflow/example_dags/example_skip_dag.py
[2023-08-15T18:30:10.935-0300] {logging_mixin.py:150} INFO - [2023-08-15T18:30:10.935-0300] {dag.py:2742} INFO - Sync 1 DAGs
[2023-08-15T18:30:10.973-0300] {logging_mixin.py:150} INFO - [2023-08-15T18:30:10.973-0300] {dag.py:3504} INFO - Setting next_dagrun for example_skip_dag to 2023-08-14T21:30:10.973023+00:00, run_after=2023-08-15T21:30:10.973023+00:00
[2023-08-15T18:30:11.076-0300] {processor.py:179} INFO - Processing /home/alan/repos/pipeline_airflow/pipeline-airflow-venv/lib/python3.11/site-packages/airflow/example_dags/example_skip_dag.py took 0.207 seconds
[2023-08-15T18:31:06.647-0300] {processor.py:157} INFO - Started process (PID=21778) to work on /home/alan/repos/pipeline_airflow/pipeline-airflow-venv/lib/python3.11/site-packages/airflow/example_dags/example_skip_dag.py
[2023-08-15T18:31:06.657-0300] {processor.py:826} INFO - Processing file /home/alan/repos/pipeline_airflow/pipeline-airflow-venv/lib/python3.11/site-packages/airflow/example_dags/example_skip_dag.py for tasks to queue
[2023-08-15T18:31:06.659-0300] {logging_mixin.py:150} INFO - [2023-08-15T18:31:06.658-0300] {dagbag.py:541} INFO - Filling up the DagBag from /home/alan/repos/pipeline_airflow/pipeline-airflow-venv/lib/python3.11/site-packages/airflow/example_dags/example_skip_dag.py
[2023-08-15T18:31:06.676-0300] {processor.py:836} INFO - DAG(s) dict_keys(['example_skip_dag']) retrieved from /home/alan/repos/pipeline_airflow/pipeline-airflow-venv/lib/python3.11/site-packages/airflow/example_dags/example_skip_dag.py
[2023-08-15T18:31:06.719-0300] {logging_mixin.py:150} INFO - [2023-08-15T18:31:06.719-0300] {dag.py:2742} INFO - Sync 1 DAGs
[2023-08-15T18:31:06.783-0300] {logging_mixin.py:150} INFO - [2023-08-15T18:31:06.783-0300] {dag.py:3504} INFO - Setting next_dagrun for example_skip_dag to 2023-08-14T21:31:06.783233+00:00, run_after=2023-08-15T21:31:06.783233+00:00
[2023-08-15T18:31:06.912-0300] {processor.py:179} INFO - Processing /home/alan/repos/pipeline_airflow/pipeline-airflow-venv/lib/python3.11/site-packages/airflow/example_dags/example_skip_dag.py took 0.271 seconds
[2023-08-15T18:32:02.076-0300] {processor.py:157} INFO - Started process (PID=21975) to work on /home/alan/repos/pipeline_airflow/pipeline-airflow-venv/lib/python3.11/site-packages/airflow/example_dags/example_skip_dag.py
[2023-08-15T18:32:02.083-0300] {processor.py:826} INFO - Processing file /home/alan/repos/pipeline_airflow/pipeline-airflow-venv/lib/python3.11/site-packages/airflow/example_dags/example_skip_dag.py for tasks to queue
[2023-08-15T18:32:02.085-0300] {logging_mixin.py:150} INFO - [2023-08-15T18:32:02.084-0300] {dagbag.py:541} INFO - Filling up the DagBag from /home/alan/repos/pipeline_airflow/pipeline-airflow-venv/lib/python3.11/site-packages/airflow/example_dags/example_skip_dag.py
[2023-08-15T18:32:02.101-0300] {processor.py:836} INFO - DAG(s) dict_keys(['example_skip_dag']) retrieved from /home/alan/repos/pipeline_airflow/pipeline-airflow-venv/lib/python3.11/site-packages/airflow/example_dags/example_skip_dag.py
[2023-08-15T18:32:02.132-0300] {logging_mixin.py:150} INFO - [2023-08-15T18:32:02.132-0300] {dag.py:2742} INFO - Sync 1 DAGs
[2023-08-15T18:32:02.166-0300] {logging_mixin.py:150} INFO - [2023-08-15T18:32:02.166-0300] {dag.py:3504} INFO - Setting next_dagrun for example_skip_dag to 2023-08-14T21:32:02.166067+00:00, run_after=2023-08-15T21:32:02.166067+00:00
[2023-08-15T18:32:02.278-0300] {processor.py:179} INFO - Processing /home/alan/repos/pipeline_airflow/pipeline-airflow-venv/lib/python3.11/site-packages/airflow/example_dags/example_skip_dag.py took 0.209 seconds
[2023-08-15T18:32:58.023-0300] {processor.py:157} INFO - Started process (PID=22191) to work on /home/alan/repos/pipeline_airflow/pipeline-airflow-venv/lib/python3.11/site-packages/airflow/example_dags/example_skip_dag.py
[2023-08-15T18:32:58.031-0300] {processor.py:826} INFO - Processing file /home/alan/repos/pipeline_airflow/pipeline-airflow-venv/lib/python3.11/site-packages/airflow/example_dags/example_skip_dag.py for tasks to queue
[2023-08-15T18:32:58.033-0300] {logging_mixin.py:150} INFO - [2023-08-15T18:32:58.032-0300] {dagbag.py:541} INFO - Filling up the DagBag from /home/alan/repos/pipeline_airflow/pipeline-airflow-venv/lib/python3.11/site-packages/airflow/example_dags/example_skip_dag.py
[2023-08-15T18:32:58.048-0300] {processor.py:836} INFO - DAG(s) dict_keys(['example_skip_dag']) retrieved from /home/alan/repos/pipeline_airflow/pipeline-airflow-venv/lib/python3.11/site-packages/airflow/example_dags/example_skip_dag.py
[2023-08-15T18:32:58.081-0300] {logging_mixin.py:150} INFO - [2023-08-15T18:32:58.080-0300] {dag.py:2742} INFO - Sync 1 DAGs
[2023-08-15T18:32:58.120-0300] {logging_mixin.py:150} INFO - [2023-08-15T18:32:58.120-0300] {dag.py:3504} INFO - Setting next_dagrun for example_skip_dag to 2023-08-14T21:32:58.119966+00:00, run_after=2023-08-15T21:32:58.119966+00:00
[2023-08-15T18:32:58.252-0300] {processor.py:179} INFO - Processing /home/alan/repos/pipeline_airflow/pipeline-airflow-venv/lib/python3.11/site-packages/airflow/example_dags/example_skip_dag.py took 0.239 seconds
[2023-08-15T18:33:55.294-0300] {processor.py:157} INFO - Started process (PID=22411) to work on /home/alan/repos/pipeline_airflow/pipeline-airflow-venv/lib/python3.11/site-packages/airflow/example_dags/example_skip_dag.py
[2023-08-15T18:33:55.307-0300] {processor.py:826} INFO - Processing file /home/alan/repos/pipeline_airflow/pipeline-airflow-venv/lib/python3.11/site-packages/airflow/example_dags/example_skip_dag.py for tasks to queue
[2023-08-15T18:33:55.309-0300] {logging_mixin.py:150} INFO - [2023-08-15T18:33:55.308-0300] {dagbag.py:541} INFO - Filling up the DagBag from /home/alan/repos/pipeline_airflow/pipeline-airflow-venv/lib/python3.11/site-packages/airflow/example_dags/example_skip_dag.py
[2023-08-15T18:33:55.325-0300] {processor.py:836} INFO - DAG(s) dict_keys(['example_skip_dag']) retrieved from /home/alan/repos/pipeline_airflow/pipeline-airflow-venv/lib/python3.11/site-packages/airflow/example_dags/example_skip_dag.py
[2023-08-15T18:33:55.355-0300] {logging_mixin.py:150} INFO - [2023-08-15T18:33:55.354-0300] {dag.py:2742} INFO - Sync 1 DAGs
[2023-08-15T18:33:55.389-0300] {logging_mixin.py:150} INFO - [2023-08-15T18:33:55.388-0300] {dag.py:3504} INFO - Setting next_dagrun for example_skip_dag to 2023-08-14T21:33:55.388535+00:00, run_after=2023-08-15T21:33:55.388535+00:00
[2023-08-15T18:33:55.515-0300] {processor.py:179} INFO - Processing /home/alan/repos/pipeline_airflow/pipeline-airflow-venv/lib/python3.11/site-packages/airflow/example_dags/example_skip_dag.py took 0.226 seconds
[2023-08-15T18:34:50.688-0300] {processor.py:157} INFO - Started process (PID=22601) to work on /home/alan/repos/pipeline_airflow/pipeline-airflow-venv/lib/python3.11/site-packages/airflow/example_dags/example_skip_dag.py
[2023-08-15T18:34:50.698-0300] {processor.py:826} INFO - Processing file /home/alan/repos/pipeline_airflow/pipeline-airflow-venv/lib/python3.11/site-packages/airflow/example_dags/example_skip_dag.py for tasks to queue
[2023-08-15T18:34:50.701-0300] {logging_mixin.py:150} INFO - [2023-08-15T18:34:50.700-0300] {dagbag.py:541} INFO - Filling up the DagBag from /home/alan/repos/pipeline_airflow/pipeline-airflow-venv/lib/python3.11/site-packages/airflow/example_dags/example_skip_dag.py
[2023-08-15T18:34:50.715-0300] {processor.py:836} INFO - DAG(s) dict_keys(['example_skip_dag']) retrieved from /home/alan/repos/pipeline_airflow/pipeline-airflow-venv/lib/python3.11/site-packages/airflow/example_dags/example_skip_dag.py
[2023-08-15T18:34:50.746-0300] {logging_mixin.py:150} INFO - [2023-08-15T18:34:50.746-0300] {dag.py:2742} INFO - Sync 1 DAGs
[2023-08-15T18:34:50.785-0300] {logging_mixin.py:150} INFO - [2023-08-15T18:34:50.785-0300] {dag.py:3504} INFO - Setting next_dagrun for example_skip_dag to 2023-08-14T21:34:50.785216+00:00, run_after=2023-08-15T21:34:50.785216+00:00
[2023-08-15T18:34:50.894-0300] {processor.py:179} INFO - Processing /home/alan/repos/pipeline_airflow/pipeline-airflow-venv/lib/python3.11/site-packages/airflow/example_dags/example_skip_dag.py took 0.211 seconds
[2023-08-15T18:35:45.008-0300] {processor.py:157} INFO - Started process (PID=22795) to work on /home/alan/repos/pipeline_airflow/pipeline-airflow-venv/lib/python3.11/site-packages/airflow/example_dags/example_skip_dag.py
[2023-08-15T18:35:45.018-0300] {processor.py:826} INFO - Processing file /home/alan/repos/pipeline_airflow/pipeline-airflow-venv/lib/python3.11/site-packages/airflow/example_dags/example_skip_dag.py for tasks to queue
[2023-08-15T18:35:45.019-0300] {logging_mixin.py:150} INFO - [2023-08-15T18:35:45.018-0300] {dagbag.py:541} INFO - Filling up the DagBag from /home/alan/repos/pipeline_airflow/pipeline-airflow-venv/lib/python3.11/site-packages/airflow/example_dags/example_skip_dag.py
[2023-08-15T18:35:45.033-0300] {processor.py:836} INFO - DAG(s) dict_keys(['example_skip_dag']) retrieved from /home/alan/repos/pipeline_airflow/pipeline-airflow-venv/lib/python3.11/site-packages/airflow/example_dags/example_skip_dag.py
[2023-08-15T18:35:45.062-0300] {logging_mixin.py:150} INFO - [2023-08-15T18:35:45.062-0300] {dag.py:2742} INFO - Sync 1 DAGs
[2023-08-15T18:35:45.097-0300] {logging_mixin.py:150} INFO - [2023-08-15T18:35:45.096-0300] {dag.py:3504} INFO - Setting next_dagrun for example_skip_dag to 2023-08-14T21:35:45.096331+00:00, run_after=2023-08-15T21:35:45.096331+00:00
[2023-08-15T18:35:45.200-0300] {processor.py:179} INFO - Processing /home/alan/repos/pipeline_airflow/pipeline-airflow-venv/lib/python3.11/site-packages/airflow/example_dags/example_skip_dag.py took 0.197 seconds
[2023-08-15T18:36:45.224-0300] {processor.py:157} INFO - Started process (PID=23018) to work on /home/alan/repos/pipeline_airflow/pipeline-airflow-venv/lib/python3.11/site-packages/airflow/example_dags/example_skip_dag.py
[2023-08-15T18:36:45.228-0300] {processor.py:826} INFO - Processing file /home/alan/repos/pipeline_airflow/pipeline-airflow-venv/lib/python3.11/site-packages/airflow/example_dags/example_skip_dag.py for tasks to queue
[2023-08-15T18:36:45.230-0300] {logging_mixin.py:150} INFO - [2023-08-15T18:36:45.229-0300] {dagbag.py:541} INFO - Filling up the DagBag from /home/alan/repos/pipeline_airflow/pipeline-airflow-venv/lib/python3.11/site-packages/airflow/example_dags/example_skip_dag.py
[2023-08-15T18:36:45.274-0300] {processor.py:836} INFO - DAG(s) dict_keys(['example_skip_dag']) retrieved from /home/alan/repos/pipeline_airflow/pipeline-airflow-venv/lib/python3.11/site-packages/airflow/example_dags/example_skip_dag.py
[2023-08-15T18:36:45.322-0300] {logging_mixin.py:150} INFO - [2023-08-15T18:36:45.321-0300] {dag.py:2742} INFO - Sync 1 DAGs
[2023-08-15T18:36:45.361-0300] {logging_mixin.py:150} INFO - [2023-08-15T18:36:45.360-0300] {dag.py:3504} INFO - Setting next_dagrun for example_skip_dag to 2023-08-14T21:36:45.360491+00:00, run_after=2023-08-15T21:36:45.360491+00:00
[2023-08-15T18:36:45.507-0300] {processor.py:179} INFO - Processing /home/alan/repos/pipeline_airflow/pipeline-airflow-venv/lib/python3.11/site-packages/airflow/example_dags/example_skip_dag.py took 0.295 seconds
[2023-08-15T18:38:05.920-0300] {processor.py:157} INFO - Started process (PID=23344) to work on /home/alan/repos/pipeline_airflow/pipeline-airflow-venv/lib/python3.11/site-packages/airflow/example_dags/example_skip_dag.py
[2023-08-15T18:38:05.924-0300] {processor.py:826} INFO - Processing file /home/alan/repos/pipeline_airflow/pipeline-airflow-venv/lib/python3.11/site-packages/airflow/example_dags/example_skip_dag.py for tasks to queue
[2023-08-15T18:38:05.926-0300] {logging_mixin.py:150} INFO - [2023-08-15T18:38:05.925-0300] {dagbag.py:541} INFO - Filling up the DagBag from /home/alan/repos/pipeline_airflow/pipeline-airflow-venv/lib/python3.11/site-packages/airflow/example_dags/example_skip_dag.py
[2023-08-15T18:38:05.941-0300] {processor.py:836} INFO - DAG(s) dict_keys(['example_skip_dag']) retrieved from /home/alan/repos/pipeline_airflow/pipeline-airflow-venv/lib/python3.11/site-packages/airflow/example_dags/example_skip_dag.py
[2023-08-15T18:38:05.974-0300] {logging_mixin.py:150} INFO - [2023-08-15T18:38:05.974-0300] {dag.py:2742} INFO - Sync 1 DAGs
[2023-08-15T18:38:06.026-0300] {logging_mixin.py:150} INFO - [2023-08-15T18:38:06.026-0300] {dag.py:3504} INFO - Setting next_dagrun for example_skip_dag to 2023-08-14T21:38:06.025975+00:00, run_after=2023-08-15T21:38:06.025975+00:00
[2023-08-15T18:38:06.135-0300] {processor.py:179} INFO - Processing /home/alan/repos/pipeline_airflow/pipeline-airflow-venv/lib/python3.11/site-packages/airflow/example_dags/example_skip_dag.py took 0.221 seconds
[2023-08-15T18:44:31.031-0300] {processor.py:157} INFO - Started process (PID=23799) to work on /home/alan/repos/pipeline_airflow/pipeline-airflow-venv/lib/python3.11/site-packages/airflow/example_dags/example_skip_dag.py
[2023-08-15T18:44:31.043-0300] {processor.py:826} INFO - Processing file /home/alan/repos/pipeline_airflow/pipeline-airflow-venv/lib/python3.11/site-packages/airflow/example_dags/example_skip_dag.py for tasks to queue
[2023-08-15T18:44:31.044-0300] {logging_mixin.py:150} INFO - [2023-08-15T18:44:31.044-0300] {dagbag.py:541} INFO - Filling up the DagBag from /home/alan/repos/pipeline_airflow/pipeline-airflow-venv/lib/python3.11/site-packages/airflow/example_dags/example_skip_dag.py
[2023-08-15T18:44:31.062-0300] {processor.py:836} INFO - DAG(s) dict_keys(['example_skip_dag']) retrieved from /home/alan/repos/pipeline_airflow/pipeline-airflow-venv/lib/python3.11/site-packages/airflow/example_dags/example_skip_dag.py
[2023-08-15T18:44:31.103-0300] {logging_mixin.py:150} INFO - [2023-08-15T18:44:31.103-0300] {dag.py:2742} INFO - Sync 1 DAGs
[2023-08-15T18:44:31.145-0300] {logging_mixin.py:150} INFO - [2023-08-15T18:44:31.144-0300] {dag.py:3504} INFO - Setting next_dagrun for example_skip_dag to 2023-08-14T21:44:31.144525+00:00, run_after=2023-08-15T21:44:31.144525+00:00
[2023-08-15T18:44:31.252-0300] {processor.py:179} INFO - Processing /home/alan/repos/pipeline_airflow/pipeline-airflow-venv/lib/python3.11/site-packages/airflow/example_dags/example_skip_dag.py took 0.228 seconds
[2023-08-15T18:45:48.686-0300] {processor.py:157} INFO - Started process (PID=24158) to work on /home/alan/repos/pipeline_airflow/pipeline-airflow-venv/lib/python3.11/site-packages/airflow/example_dags/example_skip_dag.py
[2023-08-15T18:45:48.687-0300] {processor.py:826} INFO - Processing file /home/alan/repos/pipeline_airflow/pipeline-airflow-venv/lib/python3.11/site-packages/airflow/example_dags/example_skip_dag.py for tasks to queue
[2023-08-15T18:45:48.689-0300] {logging_mixin.py:150} INFO - [2023-08-15T18:45:48.688-0300] {dagbag.py:541} INFO - Filling up the DagBag from /home/alan/repos/pipeline_airflow/pipeline-airflow-venv/lib/python3.11/site-packages/airflow/example_dags/example_skip_dag.py
[2023-08-15T18:45:48.703-0300] {processor.py:836} INFO - DAG(s) dict_keys(['example_skip_dag']) retrieved from /home/alan/repos/pipeline_airflow/pipeline-airflow-venv/lib/python3.11/site-packages/airflow/example_dags/example_skip_dag.py
[2023-08-15T18:45:48.738-0300] {logging_mixin.py:150} INFO - [2023-08-15T18:45:48.737-0300] {dag.py:2742} INFO - Sync 1 DAGs
[2023-08-15T18:45:48.777-0300] {logging_mixin.py:150} INFO - [2023-08-15T18:45:48.777-0300] {dag.py:3504} INFO - Setting next_dagrun for example_skip_dag to 2023-08-14T21:45:48.777186+00:00, run_after=2023-08-15T21:45:48.777186+00:00
[2023-08-15T18:45:48.899-0300] {processor.py:179} INFO - Processing /home/alan/repos/pipeline_airflow/pipeline-airflow-venv/lib/python3.11/site-packages/airflow/example_dags/example_skip_dag.py took 0.219 seconds
[2023-08-15T18:46:56.015-0300] {processor.py:157} INFO - Started process (PID=24394) to work on /home/alan/repos/pipeline_airflow/pipeline-airflow-venv/lib/python3.11/site-packages/airflow/example_dags/example_skip_dag.py
[2023-08-15T18:46:56.017-0300] {processor.py:826} INFO - Processing file /home/alan/repos/pipeline_airflow/pipeline-airflow-venv/lib/python3.11/site-packages/airflow/example_dags/example_skip_dag.py for tasks to queue
[2023-08-15T18:46:56.019-0300] {logging_mixin.py:150} INFO - [2023-08-15T18:46:56.018-0300] {dagbag.py:541} INFO - Filling up the DagBag from /home/alan/repos/pipeline_airflow/pipeline-airflow-venv/lib/python3.11/site-packages/airflow/example_dags/example_skip_dag.py
[2023-08-15T18:46:56.037-0300] {processor.py:836} INFO - DAG(s) dict_keys(['example_skip_dag']) retrieved from /home/alan/repos/pipeline_airflow/pipeline-airflow-venv/lib/python3.11/site-packages/airflow/example_dags/example_skip_dag.py
[2023-08-15T18:46:56.077-0300] {logging_mixin.py:150} INFO - [2023-08-15T18:46:56.077-0300] {dag.py:2742} INFO - Sync 1 DAGs
[2023-08-15T18:46:56.122-0300] {logging_mixin.py:150} INFO - [2023-08-15T18:46:56.121-0300] {dag.py:3504} INFO - Setting next_dagrun for example_skip_dag to 2023-08-14T21:46:56.121327+00:00, run_after=2023-08-15T21:46:56.121327+00:00
[2023-08-15T18:46:56.322-0300] {processor.py:179} INFO - Processing /home/alan/repos/pipeline_airflow/pipeline-airflow-venv/lib/python3.11/site-packages/airflow/example_dags/example_skip_dag.py took 0.313 seconds
[2023-08-15T18:47:58.556-0300] {processor.py:157} INFO - Started process (PID=24620) to work on /home/alan/repos/pipeline_airflow/pipeline-airflow-venv/lib/python3.11/site-packages/airflow/example_dags/example_skip_dag.py
[2023-08-15T18:47:58.633-0300] {processor.py:826} INFO - Processing file /home/alan/repos/pipeline_airflow/pipeline-airflow-venv/lib/python3.11/site-packages/airflow/example_dags/example_skip_dag.py for tasks to queue
[2023-08-15T18:47:58.634-0300] {logging_mixin.py:150} INFO - [2023-08-15T18:47:58.634-0300] {dagbag.py:541} INFO - Filling up the DagBag from /home/alan/repos/pipeline_airflow/pipeline-airflow-venv/lib/python3.11/site-packages/airflow/example_dags/example_skip_dag.py
[2023-08-15T18:47:58.671-0300] {processor.py:836} INFO - DAG(s) dict_keys(['example_skip_dag']) retrieved from /home/alan/repos/pipeline_airflow/pipeline-airflow-venv/lib/python3.11/site-packages/airflow/example_dags/example_skip_dag.py
[2023-08-15T18:47:58.769-0300] {logging_mixin.py:150} INFO - [2023-08-15T18:47:58.768-0300] {dag.py:2742} INFO - Sync 1 DAGs
[2023-08-15T18:47:58.820-0300] {logging_mixin.py:150} INFO - [2023-08-15T18:47:58.820-0300] {dag.py:3504} INFO - Setting next_dagrun for example_skip_dag to 2023-08-14T21:47:58.820065+00:00, run_after=2023-08-15T21:47:58.820065+00:00
[2023-08-15T18:47:58.970-0300] {processor.py:179} INFO - Processing /home/alan/repos/pipeline_airflow/pipeline-airflow-venv/lib/python3.11/site-packages/airflow/example_dags/example_skip_dag.py took 0.421 seconds
[2023-08-15T18:49:07.261-0300] {processor.py:157} INFO - Started process (PID=24838) to work on /home/alan/repos/pipeline_airflow/pipeline-airflow-venv/lib/python3.11/site-packages/airflow/example_dags/example_skip_dag.py
[2023-08-15T18:49:07.273-0300] {processor.py:826} INFO - Processing file /home/alan/repos/pipeline_airflow/pipeline-airflow-venv/lib/python3.11/site-packages/airflow/example_dags/example_skip_dag.py for tasks to queue
[2023-08-15T18:49:07.274-0300] {logging_mixin.py:150} INFO - [2023-08-15T18:49:07.273-0300] {dagbag.py:541} INFO - Filling up the DagBag from /home/alan/repos/pipeline_airflow/pipeline-airflow-venv/lib/python3.11/site-packages/airflow/example_dags/example_skip_dag.py
[2023-08-15T18:49:07.287-0300] {processor.py:836} INFO - DAG(s) dict_keys(['example_skip_dag']) retrieved from /home/alan/repos/pipeline_airflow/pipeline-airflow-venv/lib/python3.11/site-packages/airflow/example_dags/example_skip_dag.py
[2023-08-15T18:49:07.480-0300] {logging_mixin.py:150} INFO - [2023-08-15T18:49:07.480-0300] {dag.py:2742} INFO - Sync 1 DAGs
[2023-08-15T18:49:07.512-0300] {logging_mixin.py:150} INFO - [2023-08-15T18:49:07.512-0300] {dag.py:3504} INFO - Setting next_dagrun for example_skip_dag to 2023-08-14T21:49:07.512356+00:00, run_after=2023-08-15T21:49:07.512356+00:00
[2023-08-15T18:49:07.640-0300] {processor.py:179} INFO - Processing /home/alan/repos/pipeline_airflow/pipeline-airflow-venv/lib/python3.11/site-packages/airflow/example_dags/example_skip_dag.py took 0.385 seconds
[2023-08-15T18:50:10.436-0300] {processor.py:157} INFO - Started process (PID=25062) to work on /home/alan/repos/pipeline_airflow/pipeline-airflow-venv/lib/python3.11/site-packages/airflow/example_dags/example_skip_dag.py
[2023-08-15T18:50:10.451-0300] {processor.py:826} INFO - Processing file /home/alan/repos/pipeline_airflow/pipeline-airflow-venv/lib/python3.11/site-packages/airflow/example_dags/example_skip_dag.py for tasks to queue
[2023-08-15T18:50:10.452-0300] {logging_mixin.py:150} INFO - [2023-08-15T18:50:10.451-0300] {dagbag.py:541} INFO - Filling up the DagBag from /home/alan/repos/pipeline_airflow/pipeline-airflow-venv/lib/python3.11/site-packages/airflow/example_dags/example_skip_dag.py
[2023-08-15T18:50:10.467-0300] {processor.py:836} INFO - DAG(s) dict_keys(['example_skip_dag']) retrieved from /home/alan/repos/pipeline_airflow/pipeline-airflow-venv/lib/python3.11/site-packages/airflow/example_dags/example_skip_dag.py
[2023-08-15T18:50:10.514-0300] {logging_mixin.py:150} INFO - [2023-08-15T18:50:10.513-0300] {dag.py:2742} INFO - Sync 1 DAGs
[2023-08-15T18:50:10.574-0300] {logging_mixin.py:150} INFO - [2023-08-15T18:50:10.574-0300] {dag.py:3504} INFO - Setting next_dagrun for example_skip_dag to 2023-08-14T21:50:10.571872+00:00, run_after=2023-08-15T21:50:10.571872+00:00
[2023-08-15T18:50:10.684-0300] {processor.py:179} INFO - Processing /home/alan/repos/pipeline_airflow/pipeline-airflow-venv/lib/python3.11/site-packages/airflow/example_dags/example_skip_dag.py took 0.253 seconds
[2023-08-15T18:51:19.479-0300] {processor.py:157} INFO - Started process (PID=25358) to work on /home/alan/repos/pipeline_airflow/pipeline-airflow-venv/lib/python3.11/site-packages/airflow/example_dags/example_skip_dag.py
[2023-08-15T18:51:19.489-0300] {processor.py:826} INFO - Processing file /home/alan/repos/pipeline_airflow/pipeline-airflow-venv/lib/python3.11/site-packages/airflow/example_dags/example_skip_dag.py for tasks to queue
[2023-08-15T18:51:19.491-0300] {logging_mixin.py:150} INFO - [2023-08-15T18:51:19.490-0300] {dagbag.py:541} INFO - Filling up the DagBag from /home/alan/repos/pipeline_airflow/pipeline-airflow-venv/lib/python3.11/site-packages/airflow/example_dags/example_skip_dag.py
[2023-08-15T18:51:19.510-0300] {processor.py:836} INFO - DAG(s) dict_keys(['example_skip_dag']) retrieved from /home/alan/repos/pipeline_airflow/pipeline-airflow-venv/lib/python3.11/site-packages/airflow/example_dags/example_skip_dag.py
[2023-08-15T18:51:19.543-0300] {logging_mixin.py:150} INFO - [2023-08-15T18:51:19.543-0300] {dag.py:2742} INFO - Sync 1 DAGs
[2023-08-15T18:51:19.581-0300] {logging_mixin.py:150} INFO - [2023-08-15T18:51:19.581-0300] {dag.py:3504} INFO - Setting next_dagrun for example_skip_dag to 2023-08-14T21:51:19.580801+00:00, run_after=2023-08-15T21:51:19.580801+00:00
[2023-08-15T18:51:19.707-0300] {processor.py:179} INFO - Processing /home/alan/repos/pipeline_airflow/pipeline-airflow-venv/lib/python3.11/site-packages/airflow/example_dags/example_skip_dag.py took 0.234 seconds
[2023-08-15T18:52:26.590-0300] {processor.py:157} INFO - Started process (PID=25700) to work on /home/alan/repos/pipeline_airflow/pipeline-airflow-venv/lib/python3.11/site-packages/airflow/example_dags/example_skip_dag.py
[2023-08-15T18:52:26.591-0300] {processor.py:826} INFO - Processing file /home/alan/repos/pipeline_airflow/pipeline-airflow-venv/lib/python3.11/site-packages/airflow/example_dags/example_skip_dag.py for tasks to queue
[2023-08-15T18:52:26.593-0300] {logging_mixin.py:150} INFO - [2023-08-15T18:52:26.592-0300] {dagbag.py:541} INFO - Filling up the DagBag from /home/alan/repos/pipeline_airflow/pipeline-airflow-venv/lib/python3.11/site-packages/airflow/example_dags/example_skip_dag.py
[2023-08-15T18:52:26.606-0300] {processor.py:836} INFO - DAG(s) dict_keys(['example_skip_dag']) retrieved from /home/alan/repos/pipeline_airflow/pipeline-airflow-venv/lib/python3.11/site-packages/airflow/example_dags/example_skip_dag.py
[2023-08-15T18:52:26.635-0300] {logging_mixin.py:150} INFO - [2023-08-15T18:52:26.635-0300] {dag.py:2742} INFO - Sync 1 DAGs
[2023-08-15T18:52:26.670-0300] {logging_mixin.py:150} INFO - [2023-08-15T18:52:26.670-0300] {dag.py:3504} INFO - Setting next_dagrun for example_skip_dag to 2023-08-14T21:52:26.670139+00:00, run_after=2023-08-15T21:52:26.670139+00:00
[2023-08-15T18:52:26.781-0300] {processor.py:179} INFO - Processing /home/alan/repos/pipeline_airflow/pipeline-airflow-venv/lib/python3.11/site-packages/airflow/example_dags/example_skip_dag.py took 0.196 seconds
[2023-08-15T18:53:24.449-0300] {processor.py:157} INFO - Started process (PID=25937) to work on /home/alan/repos/pipeline_airflow/pipeline-airflow-venv/lib/python3.11/site-packages/airflow/example_dags/example_skip_dag.py
[2023-08-15T18:53:24.451-0300] {processor.py:826} INFO - Processing file /home/alan/repos/pipeline_airflow/pipeline-airflow-venv/lib/python3.11/site-packages/airflow/example_dags/example_skip_dag.py for tasks to queue
[2023-08-15T18:53:24.453-0300] {logging_mixin.py:150} INFO - [2023-08-15T18:53:24.452-0300] {dagbag.py:541} INFO - Filling up the DagBag from /home/alan/repos/pipeline_airflow/pipeline-airflow-venv/lib/python3.11/site-packages/airflow/example_dags/example_skip_dag.py
[2023-08-15T18:53:24.467-0300] {processor.py:836} INFO - DAG(s) dict_keys(['example_skip_dag']) retrieved from /home/alan/repos/pipeline_airflow/pipeline-airflow-venv/lib/python3.11/site-packages/airflow/example_dags/example_skip_dag.py
[2023-08-15T18:53:24.499-0300] {logging_mixin.py:150} INFO - [2023-08-15T18:53:24.499-0300] {dag.py:2742} INFO - Sync 1 DAGs
[2023-08-15T18:53:24.534-0300] {logging_mixin.py:150} INFO - [2023-08-15T18:53:24.533-0300] {dag.py:3504} INFO - Setting next_dagrun for example_skip_dag to 2023-08-14T21:53:24.533439+00:00, run_after=2023-08-15T21:53:24.533439+00:00
[2023-08-15T18:53:24.639-0300] {processor.py:179} INFO - Processing /home/alan/repos/pipeline_airflow/pipeline-airflow-venv/lib/python3.11/site-packages/airflow/example_dags/example_skip_dag.py took 0.196 seconds
[2023-08-15T18:54:19.381-0300] {processor.py:157} INFO - Started process (PID=26148) to work on /home/alan/repos/pipeline_airflow/pipeline-airflow-venv/lib/python3.11/site-packages/airflow/example_dags/example_skip_dag.py
[2023-08-15T18:54:19.396-0300] {processor.py:826} INFO - Processing file /home/alan/repos/pipeline_airflow/pipeline-airflow-venv/lib/python3.11/site-packages/airflow/example_dags/example_skip_dag.py for tasks to queue
[2023-08-15T18:54:19.398-0300] {logging_mixin.py:150} INFO - [2023-08-15T18:54:19.397-0300] {dagbag.py:541} INFO - Filling up the DagBag from /home/alan/repos/pipeline_airflow/pipeline-airflow-venv/lib/python3.11/site-packages/airflow/example_dags/example_skip_dag.py
[2023-08-15T18:54:19.415-0300] {processor.py:836} INFO - DAG(s) dict_keys(['example_skip_dag']) retrieved from /home/alan/repos/pipeline_airflow/pipeline-airflow-venv/lib/python3.11/site-packages/airflow/example_dags/example_skip_dag.py
[2023-08-15T18:54:19.448-0300] {logging_mixin.py:150} INFO - [2023-08-15T18:54:19.447-0300] {dag.py:2742} INFO - Sync 1 DAGs
[2023-08-15T18:54:19.483-0300] {logging_mixin.py:150} INFO - [2023-08-15T18:54:19.483-0300] {dag.py:3504} INFO - Setting next_dagrun for example_skip_dag to 2023-08-14T21:54:19.482727+00:00, run_after=2023-08-15T21:54:19.482727+00:00
[2023-08-15T18:54:19.621-0300] {processor.py:179} INFO - Processing /home/alan/repos/pipeline_airflow/pipeline-airflow-venv/lib/python3.11/site-packages/airflow/example_dags/example_skip_dag.py took 0.246 seconds
[2023-08-15T18:56:39.076-0300] {processor.py:157} INFO - Started process (PID=26874) to work on /home/alan/repos/pipeline_airflow/pipeline-airflow-venv/lib/python3.11/site-packages/airflow/example_dags/example_skip_dag.py
[2023-08-15T18:56:39.299-0300] {processor.py:826} INFO - Processing file /home/alan/repos/pipeline_airflow/pipeline-airflow-venv/lib/python3.11/site-packages/airflow/example_dags/example_skip_dag.py for tasks to queue
[2023-08-15T18:56:39.302-0300] {logging_mixin.py:150} INFO - [2023-08-15T18:56:39.300-0300] {dagbag.py:541} INFO - Filling up the DagBag from /home/alan/repos/pipeline_airflow/pipeline-airflow-venv/lib/python3.11/site-packages/airflow/example_dags/example_skip_dag.py
[2023-08-15T18:56:39.363-0300] {processor.py:836} INFO - DAG(s) dict_keys(['example_skip_dag']) retrieved from /home/alan/repos/pipeline_airflow/pipeline-airflow-venv/lib/python3.11/site-packages/airflow/example_dags/example_skip_dag.py
[2023-08-15T18:56:39.508-0300] {logging_mixin.py:150} INFO - [2023-08-15T18:56:39.508-0300] {dag.py:2742} INFO - Sync 1 DAGs
[2023-08-15T18:56:39.561-0300] {logging_mixin.py:150} INFO - [2023-08-15T18:56:39.561-0300] {dag.py:3504} INFO - Setting next_dagrun for example_skip_dag to 2023-08-14T21:56:39.561169+00:00, run_after=2023-08-15T21:56:39.561169+00:00
[2023-08-15T18:56:40.096-0300] {processor.py:179} INFO - Processing /home/alan/repos/pipeline_airflow/pipeline-airflow-venv/lib/python3.11/site-packages/airflow/example_dags/example_skip_dag.py took 1.025 seconds
[2023-08-15T18:58:38.144-0300] {processor.py:157} INFO - Started process (PID=27113) to work on /home/alan/repos/pipeline_airflow/pipeline-airflow-venv/lib/python3.11/site-packages/airflow/example_dags/example_skip_dag.py
[2023-08-15T18:58:38.312-0300] {processor.py:826} INFO - Processing file /home/alan/repos/pipeline_airflow/pipeline-airflow-venv/lib/python3.11/site-packages/airflow/example_dags/example_skip_dag.py for tasks to queue
[2023-08-15T18:58:38.315-0300] {logging_mixin.py:150} INFO - [2023-08-15T18:58:38.314-0300] {dagbag.py:541} INFO - Filling up the DagBag from /home/alan/repos/pipeline_airflow/pipeline-airflow-venv/lib/python3.11/site-packages/airflow/example_dags/example_skip_dag.py
[2023-08-15T18:58:38.413-0300] {processor.py:836} INFO - DAG(s) dict_keys(['example_skip_dag']) retrieved from /home/alan/repos/pipeline_airflow/pipeline-airflow-venv/lib/python3.11/site-packages/airflow/example_dags/example_skip_dag.py
[2023-08-15T18:58:38.531-0300] {logging_mixin.py:150} INFO - [2023-08-15T18:58:38.531-0300] {dag.py:2742} INFO - Sync 1 DAGs
[2023-08-15T18:58:38.567-0300] {logging_mixin.py:150} INFO - [2023-08-15T18:58:38.566-0300] {dag.py:3504} INFO - Setting next_dagrun for example_skip_dag to 2023-08-14T21:58:38.566522+00:00, run_after=2023-08-15T21:58:38.566522+00:00
[2023-08-15T18:58:39.912-0300] {processor.py:179} INFO - Processing /home/alan/repos/pipeline_airflow/pipeline-airflow-venv/lib/python3.11/site-packages/airflow/example_dags/example_skip_dag.py took 1.774 seconds
[2023-08-15T19:01:43.236-0300] {processor.py:157} INFO - Started process (PID=27591) to work on /home/alan/repos/pipeline_airflow/pipeline-airflow-venv/lib/python3.11/site-packages/airflow/example_dags/example_skip_dag.py
[2023-08-15T19:01:43.265-0300] {processor.py:826} INFO - Processing file /home/alan/repos/pipeline_airflow/pipeline-airflow-venv/lib/python3.11/site-packages/airflow/example_dags/example_skip_dag.py for tasks to queue
[2023-08-15T19:01:43.267-0300] {logging_mixin.py:150} INFO - [2023-08-15T19:01:43.266-0300] {dagbag.py:541} INFO - Filling up the DagBag from /home/alan/repos/pipeline_airflow/pipeline-airflow-venv/lib/python3.11/site-packages/airflow/example_dags/example_skip_dag.py
[2023-08-15T19:01:43.321-0300] {processor.py:836} INFO - DAG(s) dict_keys(['example_skip_dag']) retrieved from /home/alan/repos/pipeline_airflow/pipeline-airflow-venv/lib/python3.11/site-packages/airflow/example_dags/example_skip_dag.py
[2023-08-15T19:01:43.387-0300] {logging_mixin.py:150} INFO - [2023-08-15T19:01:43.386-0300] {dag.py:2742} INFO - Sync 1 DAGs
[2023-08-15T19:01:43.429-0300] {logging_mixin.py:150} INFO - [2023-08-15T19:01:43.429-0300] {dag.py:3504} INFO - Setting next_dagrun for example_skip_dag to 2023-08-14T22:01:43.428676+00:00, run_after=2023-08-15T22:01:43.428676+00:00
[2023-08-15T19:01:43.905-0300] {processor.py:179} INFO - Processing /home/alan/repos/pipeline_airflow/pipeline-airflow-venv/lib/python3.11/site-packages/airflow/example_dags/example_skip_dag.py took 0.674 seconds
[2023-08-15T19:03:11.022-0300] {processor.py:157} INFO - Started process (PID=27912) to work on /home/alan/repos/pipeline_airflow/pipeline-airflow-venv/lib/python3.11/site-packages/airflow/example_dags/example_skip_dag.py
[2023-08-15T19:03:11.050-0300] {processor.py:826} INFO - Processing file /home/alan/repos/pipeline_airflow/pipeline-airflow-venv/lib/python3.11/site-packages/airflow/example_dags/example_skip_dag.py for tasks to queue
[2023-08-15T19:03:11.052-0300] {logging_mixin.py:150} INFO - [2023-08-15T19:03:11.051-0300] {dagbag.py:541} INFO - Filling up the DagBag from /home/alan/repos/pipeline_airflow/pipeline-airflow-venv/lib/python3.11/site-packages/airflow/example_dags/example_skip_dag.py
[2023-08-15T19:03:11.068-0300] {processor.py:836} INFO - DAG(s) dict_keys(['example_skip_dag']) retrieved from /home/alan/repos/pipeline_airflow/pipeline-airflow-venv/lib/python3.11/site-packages/airflow/example_dags/example_skip_dag.py
[2023-08-15T19:03:11.425-0300] {logging_mixin.py:150} INFO - [2023-08-15T19:03:11.423-0300] {dag.py:2742} INFO - Sync 1 DAGs
[2023-08-15T19:03:12.802-0300] {logging_mixin.py:150} INFO - [2023-08-15T19:03:12.801-0300] {dag.py:3504} INFO - Setting next_dagrun for example_skip_dag to 2023-08-14T22:03:12.801464+00:00, run_after=2023-08-15T22:03:12.801464+00:00
[2023-08-15T19:03:13.721-0300] {processor.py:179} INFO - Processing /home/alan/repos/pipeline_airflow/pipeline-airflow-venv/lib/python3.11/site-packages/airflow/example_dags/example_skip_dag.py took 2.705 seconds
[2023-08-15T19:04:24.831-0300] {processor.py:157} INFO - Started process (PID=28296) to work on /home/alan/repos/pipeline_airflow/pipeline-airflow-venv/lib/python3.11/site-packages/airflow/example_dags/example_skip_dag.py
[2023-08-15T19:04:24.853-0300] {processor.py:826} INFO - Processing file /home/alan/repos/pipeline_airflow/pipeline-airflow-venv/lib/python3.11/site-packages/airflow/example_dags/example_skip_dag.py for tasks to queue
[2023-08-15T19:04:24.856-0300] {logging_mixin.py:150} INFO - [2023-08-15T19:04:24.855-0300] {dagbag.py:541} INFO - Filling up the DagBag from /home/alan/repos/pipeline_airflow/pipeline-airflow-venv/lib/python3.11/site-packages/airflow/example_dags/example_skip_dag.py
[2023-08-15T19:04:24.875-0300] {processor.py:836} INFO - DAG(s) dict_keys(['example_skip_dag']) retrieved from /home/alan/repos/pipeline_airflow/pipeline-airflow-venv/lib/python3.11/site-packages/airflow/example_dags/example_skip_dag.py
[2023-08-15T19:04:24.913-0300] {logging_mixin.py:150} INFO - [2023-08-15T19:04:24.913-0300] {dag.py:2742} INFO - Sync 1 DAGs
[2023-08-15T19:04:24.952-0300] {logging_mixin.py:150} INFO - [2023-08-15T19:04:24.952-0300] {dag.py:3504} INFO - Setting next_dagrun for example_skip_dag to 2023-08-14T22:04:24.952286+00:00, run_after=2023-08-15T22:04:24.952286+00:00
[2023-08-15T19:04:25.139-0300] {processor.py:179} INFO - Processing /home/alan/repos/pipeline_airflow/pipeline-airflow-venv/lib/python3.11/site-packages/airflow/example_dags/example_skip_dag.py took 0.313 seconds
[2023-08-15T19:05:47.505-0300] {processor.py:157} INFO - Started process (PID=28679) to work on /home/alan/repos/pipeline_airflow/pipeline-airflow-venv/lib/python3.11/site-packages/airflow/example_dags/example_skip_dag.py
[2023-08-15T19:05:47.512-0300] {processor.py:826} INFO - Processing file /home/alan/repos/pipeline_airflow/pipeline-airflow-venv/lib/python3.11/site-packages/airflow/example_dags/example_skip_dag.py for tasks to queue
[2023-08-15T19:05:47.514-0300] {logging_mixin.py:150} INFO - [2023-08-15T19:05:47.513-0300] {dagbag.py:541} INFO - Filling up the DagBag from /home/alan/repos/pipeline_airflow/pipeline-airflow-venv/lib/python3.11/site-packages/airflow/example_dags/example_skip_dag.py
[2023-08-15T19:05:47.532-0300] {processor.py:836} INFO - DAG(s) dict_keys(['example_skip_dag']) retrieved from /home/alan/repos/pipeline_airflow/pipeline-airflow-venv/lib/python3.11/site-packages/airflow/example_dags/example_skip_dag.py
[2023-08-15T19:05:47.566-0300] {logging_mixin.py:150} INFO - [2023-08-15T19:05:47.566-0300] {dag.py:2742} INFO - Sync 1 DAGs
[2023-08-15T19:05:47.606-0300] {logging_mixin.py:150} INFO - [2023-08-15T19:05:47.606-0300] {dag.py:3504} INFO - Setting next_dagrun for example_skip_dag to 2023-08-14T22:05:47.605764+00:00, run_after=2023-08-15T22:05:47.605764+00:00
[2023-08-15T19:05:47.732-0300] {processor.py:179} INFO - Processing /home/alan/repos/pipeline_airflow/pipeline-airflow-venv/lib/python3.11/site-packages/airflow/example_dags/example_skip_dag.py took 0.232 seconds
[2023-08-15T19:06:50.171-0300] {processor.py:157} INFO - Started process (PID=28839) to work on /home/alan/repos/pipeline_airflow/pipeline-airflow-venv/lib/python3.11/site-packages/airflow/example_dags/example_skip_dag.py
[2023-08-15T19:06:50.180-0300] {processor.py:826} INFO - Processing file /home/alan/repos/pipeline_airflow/pipeline-airflow-venv/lib/python3.11/site-packages/airflow/example_dags/example_skip_dag.py for tasks to queue
[2023-08-15T19:06:50.182-0300] {logging_mixin.py:150} INFO - [2023-08-15T19:06:50.181-0300] {dagbag.py:541} INFO - Filling up the DagBag from /home/alan/repos/pipeline_airflow/pipeline-airflow-venv/lib/python3.11/site-packages/airflow/example_dags/example_skip_dag.py
[2023-08-15T19:06:50.196-0300] {processor.py:836} INFO - DAG(s) dict_keys(['example_skip_dag']) retrieved from /home/alan/repos/pipeline_airflow/pipeline-airflow-venv/lib/python3.11/site-packages/airflow/example_dags/example_skip_dag.py
[2023-08-15T19:06:50.228-0300] {logging_mixin.py:150} INFO - [2023-08-15T19:06:50.227-0300] {dag.py:2742} INFO - Sync 1 DAGs
[2023-08-15T19:06:50.263-0300] {logging_mixin.py:150} INFO - [2023-08-15T19:06:50.262-0300] {dag.py:3504} INFO - Setting next_dagrun for example_skip_dag to 2023-08-14T22:06:50.262464+00:00, run_after=2023-08-15T22:06:50.262464+00:00
[2023-08-15T19:06:50.360-0300] {processor.py:179} INFO - Processing /home/alan/repos/pipeline_airflow/pipeline-airflow-venv/lib/python3.11/site-packages/airflow/example_dags/example_skip_dag.py took 0.195 seconds
[2023-08-15T19:07:53.603-0300] {processor.py:157} INFO - Started process (PID=29114) to work on /home/alan/repos/pipeline_airflow/pipeline-airflow-venv/lib/python3.11/site-packages/airflow/example_dags/example_skip_dag.py
[2023-08-15T19:07:53.605-0300] {processor.py:826} INFO - Processing file /home/alan/repos/pipeline_airflow/pipeline-airflow-venv/lib/python3.11/site-packages/airflow/example_dags/example_skip_dag.py for tasks to queue
[2023-08-15T19:07:53.607-0300] {logging_mixin.py:150} INFO - [2023-08-15T19:07:53.606-0300] {dagbag.py:541} INFO - Filling up the DagBag from /home/alan/repos/pipeline_airflow/pipeline-airflow-venv/lib/python3.11/site-packages/airflow/example_dags/example_skip_dag.py
[2023-08-15T19:07:53.622-0300] {processor.py:836} INFO - DAG(s) dict_keys(['example_skip_dag']) retrieved from /home/alan/repos/pipeline_airflow/pipeline-airflow-venv/lib/python3.11/site-packages/airflow/example_dags/example_skip_dag.py
[2023-08-15T19:07:53.657-0300] {logging_mixin.py:150} INFO - [2023-08-15T19:07:53.657-0300] {dag.py:2742} INFO - Sync 1 DAGs
[2023-08-15T19:07:53.695-0300] {logging_mixin.py:150} INFO - [2023-08-15T19:07:53.694-0300] {dag.py:3504} INFO - Setting next_dagrun for example_skip_dag to 2023-08-14T22:07:53.694584+00:00, run_after=2023-08-15T22:07:53.694584+00:00
[2023-08-15T19:07:53.807-0300] {processor.py:179} INFO - Processing /home/alan/repos/pipeline_airflow/pipeline-airflow-venv/lib/python3.11/site-packages/airflow/example_dags/example_skip_dag.py took 0.210 seconds
[2023-08-15T19:08:59.435-0300] {processor.py:157} INFO - Started process (PID=29279) to work on /home/alan/repos/pipeline_airflow/pipeline-airflow-venv/lib/python3.11/site-packages/airflow/example_dags/example_skip_dag.py
[2023-08-15T19:08:59.438-0300] {processor.py:826} INFO - Processing file /home/alan/repos/pipeline_airflow/pipeline-airflow-venv/lib/python3.11/site-packages/airflow/example_dags/example_skip_dag.py for tasks to queue
[2023-08-15T19:08:59.440-0300] {logging_mixin.py:150} INFO - [2023-08-15T19:08:59.439-0300] {dagbag.py:541} INFO - Filling up the DagBag from /home/alan/repos/pipeline_airflow/pipeline-airflow-venv/lib/python3.11/site-packages/airflow/example_dags/example_skip_dag.py
[2023-08-15T19:08:59.457-0300] {processor.py:836} INFO - DAG(s) dict_keys(['example_skip_dag']) retrieved from /home/alan/repos/pipeline_airflow/pipeline-airflow-venv/lib/python3.11/site-packages/airflow/example_dags/example_skip_dag.py
[2023-08-15T19:08:59.504-0300] {logging_mixin.py:150} INFO - [2023-08-15T19:08:59.503-0300] {dag.py:2742} INFO - Sync 1 DAGs
[2023-08-15T19:08:59.552-0300] {logging_mixin.py:150} INFO - [2023-08-15T19:08:59.552-0300] {dag.py:3504} INFO - Setting next_dagrun for example_skip_dag to 2023-08-14T22:08:59.551813+00:00, run_after=2023-08-15T22:08:59.551813+00:00
[2023-08-15T19:08:59.683-0300] {processor.py:179} INFO - Processing /home/alan/repos/pipeline_airflow/pipeline-airflow-venv/lib/python3.11/site-packages/airflow/example_dags/example_skip_dag.py took 0.254 seconds
[2023-08-15T19:09:58.967-0300] {processor.py:157} INFO - Started process (PID=29436) to work on /home/alan/repos/pipeline_airflow/pipeline-airflow-venv/lib/python3.11/site-packages/airflow/example_dags/example_skip_dag.py
[2023-08-15T19:09:58.990-0300] {processor.py:826} INFO - Processing file /home/alan/repos/pipeline_airflow/pipeline-airflow-venv/lib/python3.11/site-packages/airflow/example_dags/example_skip_dag.py for tasks to queue
[2023-08-15T19:09:58.992-0300] {logging_mixin.py:150} INFO - [2023-08-15T19:09:58.991-0300] {dagbag.py:541} INFO - Filling up the DagBag from /home/alan/repos/pipeline_airflow/pipeline-airflow-venv/lib/python3.11/site-packages/airflow/example_dags/example_skip_dag.py
[2023-08-15T19:09:59.007-0300] {processor.py:836} INFO - DAG(s) dict_keys(['example_skip_dag']) retrieved from /home/alan/repos/pipeline_airflow/pipeline-airflow-venv/lib/python3.11/site-packages/airflow/example_dags/example_skip_dag.py
[2023-08-15T19:09:59.045-0300] {logging_mixin.py:150} INFO - [2023-08-15T19:09:59.045-0300] {dag.py:2742} INFO - Sync 1 DAGs
[2023-08-15T19:09:59.086-0300] {logging_mixin.py:150} INFO - [2023-08-15T19:09:59.086-0300] {dag.py:3504} INFO - Setting next_dagrun for example_skip_dag to 2023-08-14T22:09:59.085803+00:00, run_after=2023-08-15T22:09:59.085803+00:00
[2023-08-15T19:09:59.216-0300] {processor.py:179} INFO - Processing /home/alan/repos/pipeline_airflow/pipeline-airflow-venv/lib/python3.11/site-packages/airflow/example_dags/example_skip_dag.py took 0.255 seconds
[2023-08-15T19:10:57.130-0300] {processor.py:157} INFO - Started process (PID=29592) to work on /home/alan/repos/pipeline_airflow/pipeline-airflow-venv/lib/python3.11/site-packages/airflow/example_dags/example_skip_dag.py
[2023-08-15T19:10:57.142-0300] {processor.py:826} INFO - Processing file /home/alan/repos/pipeline_airflow/pipeline-airflow-venv/lib/python3.11/site-packages/airflow/example_dags/example_skip_dag.py for tasks to queue
[2023-08-15T19:10:57.144-0300] {logging_mixin.py:150} INFO - [2023-08-15T19:10:57.143-0300] {dagbag.py:541} INFO - Filling up the DagBag from /home/alan/repos/pipeline_airflow/pipeline-airflow-venv/lib/python3.11/site-packages/airflow/example_dags/example_skip_dag.py
[2023-08-15T19:10:57.158-0300] {processor.py:836} INFO - DAG(s) dict_keys(['example_skip_dag']) retrieved from /home/alan/repos/pipeline_airflow/pipeline-airflow-venv/lib/python3.11/site-packages/airflow/example_dags/example_skip_dag.py
[2023-08-15T19:10:57.192-0300] {logging_mixin.py:150} INFO - [2023-08-15T19:10:57.191-0300] {dag.py:2742} INFO - Sync 1 DAGs
[2023-08-15T19:10:57.227-0300] {logging_mixin.py:150} INFO - [2023-08-15T19:10:57.227-0300] {dag.py:3504} INFO - Setting next_dagrun for example_skip_dag to 2023-08-14T22:10:57.227196+00:00, run_after=2023-08-15T22:10:57.227196+00:00
[2023-08-15T19:10:57.343-0300] {processor.py:179} INFO - Processing /home/alan/repos/pipeline_airflow/pipeline-airflow-venv/lib/python3.11/site-packages/airflow/example_dags/example_skip_dag.py took 0.219 seconds
[2023-08-15T19:12:00.991-0300] {processor.py:157} INFO - Started process (PID=29822) to work on /home/alan/repos/pipeline_airflow/pipeline-airflow-venv/lib/python3.11/site-packages/airflow/example_dags/example_skip_dag.py
[2023-08-15T19:12:00.992-0300] {processor.py:826} INFO - Processing file /home/alan/repos/pipeline_airflow/pipeline-airflow-venv/lib/python3.11/site-packages/airflow/example_dags/example_skip_dag.py for tasks to queue
[2023-08-15T19:12:00.994-0300] {logging_mixin.py:150} INFO - [2023-08-15T19:12:00.993-0300] {dagbag.py:541} INFO - Filling up the DagBag from /home/alan/repos/pipeline_airflow/pipeline-airflow-venv/lib/python3.11/site-packages/airflow/example_dags/example_skip_dag.py
[2023-08-15T19:12:01.011-0300] {processor.py:836} INFO - DAG(s) dict_keys(['example_skip_dag']) retrieved from /home/alan/repos/pipeline_airflow/pipeline-airflow-venv/lib/python3.11/site-packages/airflow/example_dags/example_skip_dag.py
[2023-08-15T19:12:01.042-0300] {logging_mixin.py:150} INFO - [2023-08-15T19:12:01.042-0300] {dag.py:2742} INFO - Sync 1 DAGs
[2023-08-15T19:12:01.086-0300] {logging_mixin.py:150} INFO - [2023-08-15T19:12:01.086-0300] {dag.py:3504} INFO - Setting next_dagrun for example_skip_dag to 2023-08-14T22:12:01.085720+00:00, run_after=2023-08-15T22:12:01.085720+00:00
[2023-08-15T19:12:01.273-0300] {processor.py:179} INFO - Processing /home/alan/repos/pipeline_airflow/pipeline-airflow-venv/lib/python3.11/site-packages/airflow/example_dags/example_skip_dag.py took 0.288 seconds
[2023-08-15T19:13:01.883-0300] {processor.py:157} INFO - Started process (PID=30020) to work on /home/alan/repos/pipeline_airflow/pipeline-airflow-venv/lib/python3.11/site-packages/airflow/example_dags/example_skip_dag.py
[2023-08-15T19:13:01.885-0300] {processor.py:826} INFO - Processing file /home/alan/repos/pipeline_airflow/pipeline-airflow-venv/lib/python3.11/site-packages/airflow/example_dags/example_skip_dag.py for tasks to queue
[2023-08-15T19:13:01.887-0300] {logging_mixin.py:150} INFO - [2023-08-15T19:13:01.886-0300] {dagbag.py:541} INFO - Filling up the DagBag from /home/alan/repos/pipeline_airflow/pipeline-airflow-venv/lib/python3.11/site-packages/airflow/example_dags/example_skip_dag.py
[2023-08-15T19:13:01.909-0300] {processor.py:836} INFO - DAG(s) dict_keys(['example_skip_dag']) retrieved from /home/alan/repos/pipeline_airflow/pipeline-airflow-venv/lib/python3.11/site-packages/airflow/example_dags/example_skip_dag.py
[2023-08-15T19:13:01.948-0300] {logging_mixin.py:150} INFO - [2023-08-15T19:13:01.947-0300] {dag.py:2742} INFO - Sync 1 DAGs
[2023-08-15T19:13:01.991-0300] {logging_mixin.py:150} INFO - [2023-08-15T19:13:01.991-0300] {dag.py:3504} INFO - Setting next_dagrun for example_skip_dag to 2023-08-14T22:13:01.990831+00:00, run_after=2023-08-15T22:13:01.990831+00:00
[2023-08-15T19:13:02.099-0300] {processor.py:179} INFO - Processing /home/alan/repos/pipeline_airflow/pipeline-airflow-venv/lib/python3.11/site-packages/airflow/example_dags/example_skip_dag.py took 0.224 seconds
[2023-08-15T19:14:02.572-0300] {processor.py:157} INFO - Started process (PID=30174) to work on /home/alan/repos/pipeline_airflow/pipeline-airflow-venv/lib/python3.11/site-packages/airflow/example_dags/example_skip_dag.py
[2023-08-15T19:14:02.583-0300] {processor.py:826} INFO - Processing file /home/alan/repos/pipeline_airflow/pipeline-airflow-venv/lib/python3.11/site-packages/airflow/example_dags/example_skip_dag.py for tasks to queue
[2023-08-15T19:14:02.585-0300] {logging_mixin.py:150} INFO - [2023-08-15T19:14:02.584-0300] {dagbag.py:541} INFO - Filling up the DagBag from /home/alan/repos/pipeline_airflow/pipeline-airflow-venv/lib/python3.11/site-packages/airflow/example_dags/example_skip_dag.py
[2023-08-15T19:14:02.600-0300] {processor.py:836} INFO - DAG(s) dict_keys(['example_skip_dag']) retrieved from /home/alan/repos/pipeline_airflow/pipeline-airflow-venv/lib/python3.11/site-packages/airflow/example_dags/example_skip_dag.py
[2023-08-15T19:14:02.638-0300] {logging_mixin.py:150} INFO - [2023-08-15T19:14:02.638-0300] {dag.py:2742} INFO - Sync 1 DAGs
[2023-08-15T19:14:02.678-0300] {logging_mixin.py:150} INFO - [2023-08-15T19:14:02.678-0300] {dag.py:3504} INFO - Setting next_dagrun for example_skip_dag to 2023-08-14T22:14:02.677659+00:00, run_after=2023-08-15T22:14:02.677659+00:00
[2023-08-15T19:14:02.820-0300] {processor.py:179} INFO - Processing /home/alan/repos/pipeline_airflow/pipeline-airflow-venv/lib/python3.11/site-packages/airflow/example_dags/example_skip_dag.py took 0.253 seconds
[2023-08-15T19:14:59.754-0300] {processor.py:157} INFO - Started process (PID=30324) to work on /home/alan/repos/pipeline_airflow/pipeline-airflow-venv/lib/python3.11/site-packages/airflow/example_dags/example_skip_dag.py
[2023-08-15T19:14:59.755-0300] {processor.py:826} INFO - Processing file /home/alan/repos/pipeline_airflow/pipeline-airflow-venv/lib/python3.11/site-packages/airflow/example_dags/example_skip_dag.py for tasks to queue
[2023-08-15T19:14:59.757-0300] {logging_mixin.py:150} INFO - [2023-08-15T19:14:59.756-0300] {dagbag.py:541} INFO - Filling up the DagBag from /home/alan/repos/pipeline_airflow/pipeline-airflow-venv/lib/python3.11/site-packages/airflow/example_dags/example_skip_dag.py
[2023-08-15T19:14:59.774-0300] {processor.py:836} INFO - DAG(s) dict_keys(['example_skip_dag']) retrieved from /home/alan/repos/pipeline_airflow/pipeline-airflow-venv/lib/python3.11/site-packages/airflow/example_dags/example_skip_dag.py
[2023-08-15T19:14:59.805-0300] {logging_mixin.py:150} INFO - [2023-08-15T19:14:59.804-0300] {dag.py:2742} INFO - Sync 1 DAGs
[2023-08-15T19:14:59.840-0300] {logging_mixin.py:150} INFO - [2023-08-15T19:14:59.839-0300] {dag.py:3504} INFO - Setting next_dagrun for example_skip_dag to 2023-08-14T22:14:59.839570+00:00, run_after=2023-08-15T22:14:59.839570+00:00
[2023-08-15T19:15:00.090-0300] {processor.py:179} INFO - Processing /home/alan/repos/pipeline_airflow/pipeline-airflow-venv/lib/python3.11/site-packages/airflow/example_dags/example_skip_dag.py took 0.341 seconds
[2023-08-15T19:15:55.108-0300] {processor.py:157} INFO - Started process (PID=30463) to work on /home/alan/repos/pipeline_airflow/pipeline-airflow-venv/lib/python3.11/site-packages/airflow/example_dags/example_skip_dag.py
[2023-08-15T19:15:55.115-0300] {processor.py:826} INFO - Processing file /home/alan/repos/pipeline_airflow/pipeline-airflow-venv/lib/python3.11/site-packages/airflow/example_dags/example_skip_dag.py for tasks to queue
[2023-08-15T19:15:55.116-0300] {logging_mixin.py:150} INFO - [2023-08-15T19:15:55.116-0300] {dagbag.py:541} INFO - Filling up the DagBag from /home/alan/repos/pipeline_airflow/pipeline-airflow-venv/lib/python3.11/site-packages/airflow/example_dags/example_skip_dag.py
[2023-08-15T19:15:55.130-0300] {processor.py:836} INFO - DAG(s) dict_keys(['example_skip_dag']) retrieved from /home/alan/repos/pipeline_airflow/pipeline-airflow-venv/lib/python3.11/site-packages/airflow/example_dags/example_skip_dag.py
[2023-08-15T19:15:55.160-0300] {logging_mixin.py:150} INFO - [2023-08-15T19:15:55.160-0300] {dag.py:2742} INFO - Sync 1 DAGs
[2023-08-15T19:15:55.199-0300] {logging_mixin.py:150} INFO - [2023-08-15T19:15:55.199-0300] {dag.py:3504} INFO - Setting next_dagrun for example_skip_dag to 2023-08-14T22:15:55.199185+00:00, run_after=2023-08-15T22:15:55.199185+00:00
[2023-08-15T19:15:55.355-0300] {processor.py:179} INFO - Processing /home/alan/repos/pipeline_airflow/pipeline-airflow-venv/lib/python3.11/site-packages/airflow/example_dags/example_skip_dag.py took 0.252 seconds
[2023-08-15T19:16:54.365-0300] {processor.py:157} INFO - Started process (PID=30626) to work on /home/alan/repos/pipeline_airflow/pipeline-airflow-venv/lib/python3.11/site-packages/airflow/example_dags/example_skip_dag.py
[2023-08-15T19:16:54.372-0300] {processor.py:826} INFO - Processing file /home/alan/repos/pipeline_airflow/pipeline-airflow-venv/lib/python3.11/site-packages/airflow/example_dags/example_skip_dag.py for tasks to queue
[2023-08-15T19:16:54.374-0300] {logging_mixin.py:150} INFO - [2023-08-15T19:16:54.373-0300] {dagbag.py:541} INFO - Filling up the DagBag from /home/alan/repos/pipeline_airflow/pipeline-airflow-venv/lib/python3.11/site-packages/airflow/example_dags/example_skip_dag.py
[2023-08-15T19:16:54.389-0300] {processor.py:836} INFO - DAG(s) dict_keys(['example_skip_dag']) retrieved from /home/alan/repos/pipeline_airflow/pipeline-airflow-venv/lib/python3.11/site-packages/airflow/example_dags/example_skip_dag.py
[2023-08-15T19:16:54.418-0300] {logging_mixin.py:150} INFO - [2023-08-15T19:16:54.418-0300] {dag.py:2742} INFO - Sync 1 DAGs
[2023-08-15T19:16:54.454-0300] {logging_mixin.py:150} INFO - [2023-08-15T19:16:54.453-0300] {dag.py:3504} INFO - Setting next_dagrun for example_skip_dag to 2023-08-14T22:16:54.453409+00:00, run_after=2023-08-15T22:16:54.453409+00:00
[2023-08-15T19:16:54.556-0300] {processor.py:179} INFO - Processing /home/alan/repos/pipeline_airflow/pipeline-airflow-venv/lib/python3.11/site-packages/airflow/example_dags/example_skip_dag.py took 0.196 seconds
[2023-08-15T19:17:55.621-0300] {processor.py:157} INFO - Started process (PID=30784) to work on /home/alan/repos/pipeline_airflow/pipeline-airflow-venv/lib/python3.11/site-packages/airflow/example_dags/example_skip_dag.py
[2023-08-15T19:17:55.623-0300] {processor.py:826} INFO - Processing file /home/alan/repos/pipeline_airflow/pipeline-airflow-venv/lib/python3.11/site-packages/airflow/example_dags/example_skip_dag.py for tasks to queue
[2023-08-15T19:17:55.625-0300] {logging_mixin.py:150} INFO - [2023-08-15T19:17:55.625-0300] {dagbag.py:541} INFO - Filling up the DagBag from /home/alan/repos/pipeline_airflow/pipeline-airflow-venv/lib/python3.11/site-packages/airflow/example_dags/example_skip_dag.py
[2023-08-15T19:17:55.644-0300] {processor.py:836} INFO - DAG(s) dict_keys(['example_skip_dag']) retrieved from /home/alan/repos/pipeline_airflow/pipeline-airflow-venv/lib/python3.11/site-packages/airflow/example_dags/example_skip_dag.py
[2023-08-15T19:17:55.680-0300] {logging_mixin.py:150} INFO - [2023-08-15T19:17:55.679-0300] {dag.py:2742} INFO - Sync 1 DAGs
[2023-08-15T19:17:55.730-0300] {logging_mixin.py:150} INFO - [2023-08-15T19:17:55.730-0300] {dag.py:3504} INFO - Setting next_dagrun for example_skip_dag to 2023-08-14T22:17:55.729454+00:00, run_after=2023-08-15T22:17:55.729454+00:00
[2023-08-15T19:17:55.869-0300] {processor.py:179} INFO - Processing /home/alan/repos/pipeline_airflow/pipeline-airflow-venv/lib/python3.11/site-packages/airflow/example_dags/example_skip_dag.py took 0.256 seconds
[2023-08-15T19:18:53.208-0300] {processor.py:157} INFO - Started process (PID=30933) to work on /home/alan/repos/pipeline_airflow/pipeline-airflow-venv/lib/python3.11/site-packages/airflow/example_dags/example_skip_dag.py
[2023-08-15T19:18:53.210-0300] {processor.py:826} INFO - Processing file /home/alan/repos/pipeline_airflow/pipeline-airflow-venv/lib/python3.11/site-packages/airflow/example_dags/example_skip_dag.py for tasks to queue
[2023-08-15T19:18:53.211-0300] {logging_mixin.py:150} INFO - [2023-08-15T19:18:53.210-0300] {dagbag.py:541} INFO - Filling up the DagBag from /home/alan/repos/pipeline_airflow/pipeline-airflow-venv/lib/python3.11/site-packages/airflow/example_dags/example_skip_dag.py
[2023-08-15T19:18:53.225-0300] {processor.py:836} INFO - DAG(s) dict_keys(['example_skip_dag']) retrieved from /home/alan/repos/pipeline_airflow/pipeline-airflow-venv/lib/python3.11/site-packages/airflow/example_dags/example_skip_dag.py
[2023-08-15T19:18:53.257-0300] {logging_mixin.py:150} INFO - [2023-08-15T19:18:53.257-0300] {dag.py:2742} INFO - Sync 1 DAGs
[2023-08-15T19:18:53.296-0300] {logging_mixin.py:150} INFO - [2023-08-15T19:18:53.296-0300] {dag.py:3504} INFO - Setting next_dagrun for example_skip_dag to 2023-08-14T22:18:53.295836+00:00, run_after=2023-08-15T22:18:53.295836+00:00
[2023-08-15T19:18:53.406-0300] {processor.py:179} INFO - Processing /home/alan/repos/pipeline_airflow/pipeline-airflow-venv/lib/python3.11/site-packages/airflow/example_dags/example_skip_dag.py took 0.203 seconds
[2023-08-15T19:19:49.753-0300] {processor.py:157} INFO - Started process (PID=31074) to work on /home/alan/repos/pipeline_airflow/pipeline-airflow-venv/lib/python3.11/site-packages/airflow/example_dags/example_skip_dag.py
[2023-08-15T19:19:49.765-0300] {processor.py:826} INFO - Processing file /home/alan/repos/pipeline_airflow/pipeline-airflow-venv/lib/python3.11/site-packages/airflow/example_dags/example_skip_dag.py for tasks to queue
[2023-08-15T19:19:49.767-0300] {logging_mixin.py:150} INFO - [2023-08-15T19:19:49.766-0300] {dagbag.py:541} INFO - Filling up the DagBag from /home/alan/repos/pipeline_airflow/pipeline-airflow-venv/lib/python3.11/site-packages/airflow/example_dags/example_skip_dag.py
[2023-08-15T19:19:49.784-0300] {processor.py:836} INFO - DAG(s) dict_keys(['example_skip_dag']) retrieved from /home/alan/repos/pipeline_airflow/pipeline-airflow-venv/lib/python3.11/site-packages/airflow/example_dags/example_skip_dag.py
[2023-08-15T19:19:49.817-0300] {logging_mixin.py:150} INFO - [2023-08-15T19:19:49.817-0300] {dag.py:2742} INFO - Sync 1 DAGs
[2023-08-15T19:19:49.853-0300] {logging_mixin.py:150} INFO - [2023-08-15T19:19:49.853-0300] {dag.py:3504} INFO - Setting next_dagrun for example_skip_dag to 2023-08-14T22:19:49.852825+00:00, run_after=2023-08-15T22:19:49.852825+00:00
[2023-08-15T19:19:49.962-0300] {processor.py:179} INFO - Processing /home/alan/repos/pipeline_airflow/pipeline-airflow-venv/lib/python3.11/site-packages/airflow/example_dags/example_skip_dag.py took 0.215 seconds
[2023-08-15T19:20:59.867-0300] {processor.py:157} INFO - Started process (PID=31417) to work on /home/alan/repos/pipeline_airflow/pipeline-airflow-venv/lib/python3.11/site-packages/airflow/example_dags/example_skip_dag.py
[2023-08-15T19:20:59.888-0300] {processor.py:826} INFO - Processing file /home/alan/repos/pipeline_airflow/pipeline-airflow-venv/lib/python3.11/site-packages/airflow/example_dags/example_skip_dag.py for tasks to queue
[2023-08-15T19:20:59.890-0300] {logging_mixin.py:150} INFO - [2023-08-15T19:20:59.889-0300] {dagbag.py:541} INFO - Filling up the DagBag from /home/alan/repos/pipeline_airflow/pipeline-airflow-venv/lib/python3.11/site-packages/airflow/example_dags/example_skip_dag.py
[2023-08-15T19:20:59.905-0300] {processor.py:836} INFO - DAG(s) dict_keys(['example_skip_dag']) retrieved from /home/alan/repos/pipeline_airflow/pipeline-airflow-venv/lib/python3.11/site-packages/airflow/example_dags/example_skip_dag.py
[2023-08-15T19:21:00.285-0300] {logging_mixin.py:150} INFO - [2023-08-15T19:21:00.285-0300] {dag.py:2742} INFO - Sync 1 DAGs
[2023-08-15T19:21:00.322-0300] {logging_mixin.py:150} INFO - [2023-08-15T19:21:00.321-0300] {dag.py:3504} INFO - Setting next_dagrun for example_skip_dag to 2023-08-14T22:21:00.321338+00:00, run_after=2023-08-15T22:21:00.321338+00:00
[2023-08-15T19:21:00.440-0300] {processor.py:179} INFO - Processing /home/alan/repos/pipeline_airflow/pipeline-airflow-venv/lib/python3.11/site-packages/airflow/example_dags/example_skip_dag.py took 0.580 seconds
[2023-08-15T19:22:12.298-0300] {processor.py:157} INFO - Started process (PID=31646) to work on /home/alan/repos/pipeline_airflow/pipeline-airflow-venv/lib/python3.11/site-packages/airflow/example_dags/example_skip_dag.py
[2023-08-15T19:22:12.367-0300] {processor.py:826} INFO - Processing file /home/alan/repos/pipeline_airflow/pipeline-airflow-venv/lib/python3.11/site-packages/airflow/example_dags/example_skip_dag.py for tasks to queue
[2023-08-15T19:22:12.368-0300] {logging_mixin.py:150} INFO - [2023-08-15T19:22:12.368-0300] {dagbag.py:541} INFO - Filling up the DagBag from /home/alan/repos/pipeline_airflow/pipeline-airflow-venv/lib/python3.11/site-packages/airflow/example_dags/example_skip_dag.py
[2023-08-15T19:22:12.382-0300] {processor.py:836} INFO - DAG(s) dict_keys(['example_skip_dag']) retrieved from /home/alan/repos/pipeline_airflow/pipeline-airflow-venv/lib/python3.11/site-packages/airflow/example_dags/example_skip_dag.py
[2023-08-15T19:22:12.412-0300] {logging_mixin.py:150} INFO - [2023-08-15T19:22:12.412-0300] {dag.py:2742} INFO - Sync 1 DAGs
[2023-08-15T19:22:12.453-0300] {logging_mixin.py:150} INFO - [2023-08-15T19:22:12.452-0300] {dag.py:3504} INFO - Setting next_dagrun for example_skip_dag to 2023-08-14T22:22:12.452394+00:00, run_after=2023-08-15T22:22:12.452394+00:00
[2023-08-15T19:22:15.013-0300] {processor.py:179} INFO - Processing /home/alan/repos/pipeline_airflow/pipeline-airflow-venv/lib/python3.11/site-packages/airflow/example_dags/example_skip_dag.py took 2.723 seconds
