[2023-08-15T18:20:32.372-0300] {processor.py:157} INFO - Started process (PID=18699) to work on /home/alan/repos/pipeline_airflow/pipeline-airflow-venv/lib/python3.11/site-packages/airflow/example_dags/example_branch_operator_decorator.py
[2023-08-15T18:20:32.374-0300] {processor.py:826} INFO - Processing file /home/alan/repos/pipeline_airflow/pipeline-airflow-venv/lib/python3.11/site-packages/airflow/example_dags/example_branch_operator_decorator.py for tasks to queue
[2023-08-15T18:20:32.375-0300] {logging_mixin.py:150} INFO - [2023-08-15T18:20:32.375-0300] {dagbag.py:541} INFO - Filling up the DagBag from /home/alan/repos/pipeline_airflow/pipeline-airflow-venv/lib/python3.11/site-packages/airflow/example_dags/example_branch_operator_decorator.py
[2023-08-15T18:20:32.397-0300] {processor.py:836} INFO - DAG(s) dict_keys(['example_branch_python_operator_decorator']) retrieved from /home/alan/repos/pipeline_airflow/pipeline-airflow-venv/lib/python3.11/site-packages/airflow/example_dags/example_branch_operator_decorator.py
[2023-08-15T18:20:32.729-0300] {logging_mixin.py:150} INFO - [2023-08-15T18:20:32.729-0300] {manager.py:504} INFO - Created Permission View: can delete on DAG:example_branch_python_operator_decorator
[2023-08-15T18:20:32.830-0300] {logging_mixin.py:150} INFO - [2023-08-15T18:20:32.829-0300] {manager.py:504} INFO - Created Permission View: can edit on DAG:example_branch_python_operator_decorator
[2023-08-15T18:20:32.917-0300] {logging_mixin.py:150} INFO - [2023-08-15T18:20:32.917-0300] {manager.py:504} INFO - Created Permission View: can read on DAG:example_branch_python_operator_decorator
[2023-08-15T18:20:32.936-0300] {logging_mixin.py:150} INFO - [2023-08-15T18:20:32.936-0300] {dag.py:2742} INFO - Sync 1 DAGs
[2023-08-15T18:20:32.952-0300] {logging_mixin.py:150} INFO - [2023-08-15T18:20:32.951-0300] {dag.py:2763} INFO - Creating ORM DAG for example_branch_python_operator_decorator
[2023-08-15T18:20:32.970-0300] {logging_mixin.py:150} INFO - [2023-08-15T18:20:32.969-0300] {dag.py:3504} INFO - Setting next_dagrun for example_branch_python_operator_decorator to 2023-08-14T00:00:00+00:00, run_after=2023-08-15T00:00:00+00:00
[2023-08-15T18:20:33.133-0300] {processor.py:179} INFO - Processing /home/alan/repos/pipeline_airflow/pipeline-airflow-venv/lib/python3.11/site-packages/airflow/example_dags/example_branch_operator_decorator.py took 0.768 seconds
[2023-08-15T18:21:42.409-0300] {processor.py:157} INFO - Started process (PID=18965) to work on /home/alan/repos/pipeline_airflow/pipeline-airflow-venv/lib/python3.11/site-packages/airflow/example_dags/example_branch_operator_decorator.py
[2023-08-15T18:21:42.411-0300] {processor.py:826} INFO - Processing file /home/alan/repos/pipeline_airflow/pipeline-airflow-venv/lib/python3.11/site-packages/airflow/example_dags/example_branch_operator_decorator.py for tasks to queue
[2023-08-15T18:21:42.412-0300] {logging_mixin.py:150} INFO - [2023-08-15T18:21:42.411-0300] {dagbag.py:541} INFO - Filling up the DagBag from /home/alan/repos/pipeline_airflow/pipeline-airflow-venv/lib/python3.11/site-packages/airflow/example_dags/example_branch_operator_decorator.py
[2023-08-15T18:21:42.432-0300] {processor.py:836} INFO - DAG(s) dict_keys(['example_branch_python_operator_decorator']) retrieved from /home/alan/repos/pipeline_airflow/pipeline-airflow-venv/lib/python3.11/site-packages/airflow/example_dags/example_branch_operator_decorator.py
[2023-08-15T18:21:42.470-0300] {logging_mixin.py:150} INFO - [2023-08-15T18:21:42.470-0300] {dag.py:2742} INFO - Sync 1 DAGs
[2023-08-15T18:21:42.517-0300] {logging_mixin.py:150} INFO - [2023-08-15T18:21:42.517-0300] {dag.py:3504} INFO - Setting next_dagrun for example_branch_python_operator_decorator to 2023-08-14T00:00:00+00:00, run_after=2023-08-15T00:00:00+00:00
[2023-08-15T18:21:42.631-0300] {processor.py:179} INFO - Processing /home/alan/repos/pipeline_airflow/pipeline-airflow-venv/lib/python3.11/site-packages/airflow/example_dags/example_branch_operator_decorator.py took 0.229 seconds
[2023-08-15T18:22:38.952-0300] {processor.py:157} INFO - Started process (PID=19170) to work on /home/alan/repos/pipeline_airflow/pipeline-airflow-venv/lib/python3.11/site-packages/airflow/example_dags/example_branch_operator_decorator.py
[2023-08-15T18:22:38.953-0300] {processor.py:826} INFO - Processing file /home/alan/repos/pipeline_airflow/pipeline-airflow-venv/lib/python3.11/site-packages/airflow/example_dags/example_branch_operator_decorator.py for tasks to queue
[2023-08-15T18:22:38.955-0300] {logging_mixin.py:150} INFO - [2023-08-15T18:22:38.954-0300] {dagbag.py:541} INFO - Filling up the DagBag from /home/alan/repos/pipeline_airflow/pipeline-airflow-venv/lib/python3.11/site-packages/airflow/example_dags/example_branch_operator_decorator.py
[2023-08-15T18:22:38.977-0300] {processor.py:836} INFO - DAG(s) dict_keys(['example_branch_python_operator_decorator']) retrieved from /home/alan/repos/pipeline_airflow/pipeline-airflow-venv/lib/python3.11/site-packages/airflow/example_dags/example_branch_operator_decorator.py
[2023-08-15T18:22:39.013-0300] {logging_mixin.py:150} INFO - [2023-08-15T18:22:39.013-0300] {dag.py:2742} INFO - Sync 1 DAGs
[2023-08-15T18:22:39.050-0300] {logging_mixin.py:150} INFO - [2023-08-15T18:22:39.049-0300] {dag.py:3504} INFO - Setting next_dagrun for example_branch_python_operator_decorator to 2023-08-14T00:00:00+00:00, run_after=2023-08-15T00:00:00+00:00
[2023-08-15T18:22:39.165-0300] {processor.py:179} INFO - Processing /home/alan/repos/pipeline_airflow/pipeline-airflow-venv/lib/python3.11/site-packages/airflow/example_dags/example_branch_operator_decorator.py took 0.220 seconds
[2023-08-15T18:24:04.425-0300] {processor.py:157} INFO - Started process (PID=19491) to work on /home/alan/repos/pipeline_airflow/pipeline-airflow-venv/lib/python3.11/site-packages/airflow/example_dags/example_branch_operator_decorator.py
[2023-08-15T18:24:04.453-0300] {processor.py:826} INFO - Processing file /home/alan/repos/pipeline_airflow/pipeline-airflow-venv/lib/python3.11/site-packages/airflow/example_dags/example_branch_operator_decorator.py for tasks to queue
[2023-08-15T18:24:04.456-0300] {logging_mixin.py:150} INFO - [2023-08-15T18:24:04.455-0300] {dagbag.py:541} INFO - Filling up the DagBag from /home/alan/repos/pipeline_airflow/pipeline-airflow-venv/lib/python3.11/site-packages/airflow/example_dags/example_branch_operator_decorator.py
[2023-08-15T18:24:04.484-0300] {processor.py:836} INFO - DAG(s) dict_keys(['example_branch_python_operator_decorator']) retrieved from /home/alan/repos/pipeline_airflow/pipeline-airflow-venv/lib/python3.11/site-packages/airflow/example_dags/example_branch_operator_decorator.py
[2023-08-15T18:24:04.525-0300] {logging_mixin.py:150} INFO - [2023-08-15T18:24:04.525-0300] {dag.py:2742} INFO - Sync 1 DAGs
[2023-08-15T18:24:04.726-0300] {logging_mixin.py:150} INFO - [2023-08-15T18:24:04.726-0300] {dag.py:3504} INFO - Setting next_dagrun for example_branch_python_operator_decorator to 2023-08-14T00:00:00+00:00, run_after=2023-08-15T00:00:00+00:00
[2023-08-15T18:24:04.883-0300] {processor.py:179} INFO - Processing /home/alan/repos/pipeline_airflow/pipeline-airflow-venv/lib/python3.11/site-packages/airflow/example_dags/example_branch_operator_decorator.py took 0.463 seconds
[2023-08-15T18:26:03.155-0300] {processor.py:157} INFO - Started process (PID=20606) to work on /home/alan/repos/pipeline_airflow/pipeline-airflow-venv/lib/python3.11/site-packages/airflow/example_dags/example_branch_operator_decorator.py
[2023-08-15T18:26:03.182-0300] {processor.py:826} INFO - Processing file /home/alan/repos/pipeline_airflow/pipeline-airflow-venv/lib/python3.11/site-packages/airflow/example_dags/example_branch_operator_decorator.py for tasks to queue
[2023-08-15T18:26:03.184-0300] {logging_mixin.py:150} INFO - [2023-08-15T18:26:03.183-0300] {dagbag.py:541} INFO - Filling up the DagBag from /home/alan/repos/pipeline_airflow/pipeline-airflow-venv/lib/python3.11/site-packages/airflow/example_dags/example_branch_operator_decorator.py
[2023-08-15T18:26:03.235-0300] {processor.py:836} INFO - DAG(s) dict_keys(['example_branch_python_operator_decorator']) retrieved from /home/alan/repos/pipeline_airflow/pipeline-airflow-venv/lib/python3.11/site-packages/airflow/example_dags/example_branch_operator_decorator.py
[2023-08-15T18:26:03.378-0300] {logging_mixin.py:150} INFO - [2023-08-15T18:26:03.378-0300] {dag.py:2742} INFO - Sync 1 DAGs
[2023-08-15T18:26:03.485-0300] {logging_mixin.py:150} INFO - [2023-08-15T18:26:03.484-0300] {dag.py:3504} INFO - Setting next_dagrun for example_branch_python_operator_decorator to 2023-08-14T00:00:00+00:00, run_after=2023-08-15T00:00:00+00:00
[2023-08-15T18:26:03.629-0300] {processor.py:179} INFO - Processing /home/alan/repos/pipeline_airflow/pipeline-airflow-venv/lib/python3.11/site-packages/airflow/example_dags/example_branch_operator_decorator.py took 0.483 seconds
[2023-08-15T18:27:23.819-0300] {processor.py:157} INFO - Started process (PID=20930) to work on /home/alan/repos/pipeline_airflow/pipeline-airflow-venv/lib/python3.11/site-packages/airflow/example_dags/example_branch_operator_decorator.py
[2023-08-15T18:27:23.824-0300] {processor.py:826} INFO - Processing file /home/alan/repos/pipeline_airflow/pipeline-airflow-venv/lib/python3.11/site-packages/airflow/example_dags/example_branch_operator_decorator.py for tasks to queue
[2023-08-15T18:27:23.826-0300] {logging_mixin.py:150} INFO - [2023-08-15T18:27:23.825-0300] {dagbag.py:541} INFO - Filling up the DagBag from /home/alan/repos/pipeline_airflow/pipeline-airflow-venv/lib/python3.11/site-packages/airflow/example_dags/example_branch_operator_decorator.py
[2023-08-15T18:27:23.873-0300] {processor.py:836} INFO - DAG(s) dict_keys(['example_branch_python_operator_decorator']) retrieved from /home/alan/repos/pipeline_airflow/pipeline-airflow-venv/lib/python3.11/site-packages/airflow/example_dags/example_branch_operator_decorator.py
[2023-08-15T18:27:23.932-0300] {logging_mixin.py:150} INFO - [2023-08-15T18:27:23.932-0300] {dag.py:2742} INFO - Sync 1 DAGs
[2023-08-15T18:27:24.002-0300] {logging_mixin.py:150} INFO - [2023-08-15T18:27:24.002-0300] {dag.py:3504} INFO - Setting next_dagrun for example_branch_python_operator_decorator to 2023-08-14T00:00:00+00:00, run_after=2023-08-15T00:00:00+00:00
[2023-08-15T18:27:24.155-0300] {processor.py:179} INFO - Processing /home/alan/repos/pipeline_airflow/pipeline-airflow-venv/lib/python3.11/site-packages/airflow/example_dags/example_branch_operator_decorator.py took 0.355 seconds
[2023-08-15T18:28:22.386-0300] {processor.py:157} INFO - Started process (PID=21159) to work on /home/alan/repos/pipeline_airflow/pipeline-airflow-venv/lib/python3.11/site-packages/airflow/example_dags/example_branch_operator_decorator.py
[2023-08-15T18:28:22.392-0300] {processor.py:826} INFO - Processing file /home/alan/repos/pipeline_airflow/pipeline-airflow-venv/lib/python3.11/site-packages/airflow/example_dags/example_branch_operator_decorator.py for tasks to queue
[2023-08-15T18:28:22.394-0300] {logging_mixin.py:150} INFO - [2023-08-15T18:28:22.393-0300] {dagbag.py:541} INFO - Filling up the DagBag from /home/alan/repos/pipeline_airflow/pipeline-airflow-venv/lib/python3.11/site-packages/airflow/example_dags/example_branch_operator_decorator.py
[2023-08-15T18:28:22.430-0300] {processor.py:836} INFO - DAG(s) dict_keys(['example_branch_python_operator_decorator']) retrieved from /home/alan/repos/pipeline_airflow/pipeline-airflow-venv/lib/python3.11/site-packages/airflow/example_dags/example_branch_operator_decorator.py
[2023-08-15T18:28:22.471-0300] {logging_mixin.py:150} INFO - [2023-08-15T18:28:22.470-0300] {dag.py:2742} INFO - Sync 1 DAGs
[2023-08-15T18:28:22.516-0300] {logging_mixin.py:150} INFO - [2023-08-15T18:28:22.516-0300] {dag.py:3504} INFO - Setting next_dagrun for example_branch_python_operator_decorator to 2023-08-14T00:00:00+00:00, run_after=2023-08-15T00:00:00+00:00
[2023-08-15T18:28:22.633-0300] {processor.py:179} INFO - Processing /home/alan/repos/pipeline_airflow/pipeline-airflow-venv/lib/python3.11/site-packages/airflow/example_dags/example_branch_operator_decorator.py took 0.253 seconds
[2023-08-15T18:29:24.123-0300] {processor.py:157} INFO - Started process (PID=21394) to work on /home/alan/repos/pipeline_airflow/pipeline-airflow-venv/lib/python3.11/site-packages/airflow/example_dags/example_branch_operator_decorator.py
[2023-08-15T18:29:24.136-0300] {processor.py:826} INFO - Processing file /home/alan/repos/pipeline_airflow/pipeline-airflow-venv/lib/python3.11/site-packages/airflow/example_dags/example_branch_operator_decorator.py for tasks to queue
[2023-08-15T18:29:24.137-0300] {logging_mixin.py:150} INFO - [2023-08-15T18:29:24.136-0300] {dagbag.py:541} INFO - Filling up the DagBag from /home/alan/repos/pipeline_airflow/pipeline-airflow-venv/lib/python3.11/site-packages/airflow/example_dags/example_branch_operator_decorator.py
[2023-08-15T18:29:24.166-0300] {processor.py:836} INFO - DAG(s) dict_keys(['example_branch_python_operator_decorator']) retrieved from /home/alan/repos/pipeline_airflow/pipeline-airflow-venv/lib/python3.11/site-packages/airflow/example_dags/example_branch_operator_decorator.py
[2023-08-15T18:29:24.220-0300] {logging_mixin.py:150} INFO - [2023-08-15T18:29:24.220-0300] {dag.py:2742} INFO - Sync 1 DAGs
[2023-08-15T18:29:24.289-0300] {logging_mixin.py:150} INFO - [2023-08-15T18:29:24.289-0300] {dag.py:3504} INFO - Setting next_dagrun for example_branch_python_operator_decorator to 2023-08-14T00:00:00+00:00, run_after=2023-08-15T00:00:00+00:00
[2023-08-15T18:29:24.464-0300] {processor.py:179} INFO - Processing /home/alan/repos/pipeline_airflow/pipeline-airflow-venv/lib/python3.11/site-packages/airflow/example_dags/example_branch_operator_decorator.py took 0.347 seconds
[2023-08-15T18:30:20.778-0300] {processor.py:157} INFO - Started process (PID=21611) to work on /home/alan/repos/pipeline_airflow/pipeline-airflow-venv/lib/python3.11/site-packages/airflow/example_dags/example_branch_operator_decorator.py
[2023-08-15T18:30:20.779-0300] {processor.py:826} INFO - Processing file /home/alan/repos/pipeline_airflow/pipeline-airflow-venv/lib/python3.11/site-packages/airflow/example_dags/example_branch_operator_decorator.py for tasks to queue
[2023-08-15T18:30:20.781-0300] {logging_mixin.py:150} INFO - [2023-08-15T18:30:20.780-0300] {dagbag.py:541} INFO - Filling up the DagBag from /home/alan/repos/pipeline_airflow/pipeline-airflow-venv/lib/python3.11/site-packages/airflow/example_dags/example_branch_operator_decorator.py
[2023-08-15T18:30:20.799-0300] {processor.py:836} INFO - DAG(s) dict_keys(['example_branch_python_operator_decorator']) retrieved from /home/alan/repos/pipeline_airflow/pipeline-airflow-venv/lib/python3.11/site-packages/airflow/example_dags/example_branch_operator_decorator.py
[2023-08-15T18:30:20.841-0300] {logging_mixin.py:150} INFO - [2023-08-15T18:30:20.841-0300] {dag.py:2742} INFO - Sync 1 DAGs
[2023-08-15T18:30:20.881-0300] {logging_mixin.py:150} INFO - [2023-08-15T18:30:20.881-0300] {dag.py:3504} INFO - Setting next_dagrun for example_branch_python_operator_decorator to 2023-08-14T00:00:00+00:00, run_after=2023-08-15T00:00:00+00:00
[2023-08-15T18:30:20.984-0300] {processor.py:179} INFO - Processing /home/alan/repos/pipeline_airflow/pipeline-airflow-venv/lib/python3.11/site-packages/airflow/example_dags/example_branch_operator_decorator.py took 0.212 seconds
[2023-08-15T18:31:18.660-0300] {processor.py:157} INFO - Started process (PID=21818) to work on /home/alan/repos/pipeline_airflow/pipeline-airflow-venv/lib/python3.11/site-packages/airflow/example_dags/example_branch_operator_decorator.py
[2023-08-15T18:31:18.667-0300] {processor.py:826} INFO - Processing file /home/alan/repos/pipeline_airflow/pipeline-airflow-venv/lib/python3.11/site-packages/airflow/example_dags/example_branch_operator_decorator.py for tasks to queue
[2023-08-15T18:31:18.668-0300] {logging_mixin.py:150} INFO - [2023-08-15T18:31:18.667-0300] {dagbag.py:541} INFO - Filling up the DagBag from /home/alan/repos/pipeline_airflow/pipeline-airflow-venv/lib/python3.11/site-packages/airflow/example_dags/example_branch_operator_decorator.py
[2023-08-15T18:31:18.708-0300] {processor.py:836} INFO - DAG(s) dict_keys(['example_branch_python_operator_decorator']) retrieved from /home/alan/repos/pipeline_airflow/pipeline-airflow-venv/lib/python3.11/site-packages/airflow/example_dags/example_branch_operator_decorator.py
[2023-08-15T18:31:18.767-0300] {logging_mixin.py:150} INFO - [2023-08-15T18:31:18.767-0300] {dag.py:2742} INFO - Sync 1 DAGs
[2023-08-15T18:31:18.837-0300] {logging_mixin.py:150} INFO - [2023-08-15T18:31:18.837-0300] {dag.py:3504} INFO - Setting next_dagrun for example_branch_python_operator_decorator to 2023-08-14T00:00:00+00:00, run_after=2023-08-15T00:00:00+00:00
[2023-08-15T18:31:18.983-0300] {processor.py:179} INFO - Processing /home/alan/repos/pipeline_airflow/pipeline-airflow-venv/lib/python3.11/site-packages/airflow/example_dags/example_branch_operator_decorator.py took 0.334 seconds
[2023-08-15T18:32:15.216-0300] {processor.py:157} INFO - Started process (PID=22038) to work on /home/alan/repos/pipeline_airflow/pipeline-airflow-venv/lib/python3.11/site-packages/airflow/example_dags/example_branch_operator_decorator.py
[2023-08-15T18:32:15.217-0300] {processor.py:826} INFO - Processing file /home/alan/repos/pipeline_airflow/pipeline-airflow-venv/lib/python3.11/site-packages/airflow/example_dags/example_branch_operator_decorator.py for tasks to queue
[2023-08-15T18:32:15.219-0300] {logging_mixin.py:150} INFO - [2023-08-15T18:32:15.218-0300] {dagbag.py:541} INFO - Filling up the DagBag from /home/alan/repos/pipeline_airflow/pipeline-airflow-venv/lib/python3.11/site-packages/airflow/example_dags/example_branch_operator_decorator.py
[2023-08-15T18:32:15.241-0300] {processor.py:836} INFO - DAG(s) dict_keys(['example_branch_python_operator_decorator']) retrieved from /home/alan/repos/pipeline_airflow/pipeline-airflow-venv/lib/python3.11/site-packages/airflow/example_dags/example_branch_operator_decorator.py
[2023-08-15T18:32:15.275-0300] {logging_mixin.py:150} INFO - [2023-08-15T18:32:15.274-0300] {dag.py:2742} INFO - Sync 1 DAGs
[2023-08-15T18:32:15.312-0300] {logging_mixin.py:150} INFO - [2023-08-15T18:32:15.312-0300] {dag.py:3504} INFO - Setting next_dagrun for example_branch_python_operator_decorator to 2023-08-14T00:00:00+00:00, run_after=2023-08-15T00:00:00+00:00
[2023-08-15T18:32:15.436-0300] {processor.py:179} INFO - Processing /home/alan/repos/pipeline_airflow/pipeline-airflow-venv/lib/python3.11/site-packages/airflow/example_dags/example_branch_operator_decorator.py took 0.226 seconds
[2023-08-15T18:33:41.289-0300] {processor.py:157} INFO - Started process (PID=22354) to work on /home/alan/repos/pipeline_airflow/pipeline-airflow-venv/lib/python3.11/site-packages/airflow/example_dags/example_branch_operator_decorator.py
[2023-08-15T18:33:41.304-0300] {processor.py:826} INFO - Processing file /home/alan/repos/pipeline_airflow/pipeline-airflow-venv/lib/python3.11/site-packages/airflow/example_dags/example_branch_operator_decorator.py for tasks to queue
[2023-08-15T18:33:41.306-0300] {logging_mixin.py:150} INFO - [2023-08-15T18:33:41.306-0300] {dagbag.py:541} INFO - Filling up the DagBag from /home/alan/repos/pipeline_airflow/pipeline-airflow-venv/lib/python3.11/site-packages/airflow/example_dags/example_branch_operator_decorator.py
[2023-08-15T18:33:41.326-0300] {processor.py:836} INFO - DAG(s) dict_keys(['example_branch_python_operator_decorator']) retrieved from /home/alan/repos/pipeline_airflow/pipeline-airflow-venv/lib/python3.11/site-packages/airflow/example_dags/example_branch_operator_decorator.py
[2023-08-15T18:33:41.361-0300] {logging_mixin.py:150} INFO - [2023-08-15T18:33:41.361-0300] {dag.py:2742} INFO - Sync 1 DAGs
[2023-08-15T18:33:41.406-0300] {logging_mixin.py:150} INFO - [2023-08-15T18:33:41.406-0300] {dag.py:3504} INFO - Setting next_dagrun for example_branch_python_operator_decorator to 2023-08-14T00:00:00+00:00, run_after=2023-08-15T00:00:00+00:00
[2023-08-15T18:33:41.515-0300] {processor.py:179} INFO - Processing /home/alan/repos/pipeline_airflow/pipeline-airflow-venv/lib/python3.11/site-packages/airflow/example_dags/example_branch_operator_decorator.py took 0.231 seconds
[2023-08-15T18:35:01.633-0300] {processor.py:157} INFO - Started process (PID=22640) to work on /home/alan/repos/pipeline_airflow/pipeline-airflow-venv/lib/python3.11/site-packages/airflow/example_dags/example_branch_operator_decorator.py
[2023-08-15T18:35:01.649-0300] {processor.py:826} INFO - Processing file /home/alan/repos/pipeline_airflow/pipeline-airflow-venv/lib/python3.11/site-packages/airflow/example_dags/example_branch_operator_decorator.py for tasks to queue
[2023-08-15T18:35:01.651-0300] {logging_mixin.py:150} INFO - [2023-08-15T18:35:01.650-0300] {dagbag.py:541} INFO - Filling up the DagBag from /home/alan/repos/pipeline_airflow/pipeline-airflow-venv/lib/python3.11/site-packages/airflow/example_dags/example_branch_operator_decorator.py
[2023-08-15T18:35:01.671-0300] {processor.py:836} INFO - DAG(s) dict_keys(['example_branch_python_operator_decorator']) retrieved from /home/alan/repos/pipeline_airflow/pipeline-airflow-venv/lib/python3.11/site-packages/airflow/example_dags/example_branch_operator_decorator.py
[2023-08-15T18:35:01.703-0300] {logging_mixin.py:150} INFO - [2023-08-15T18:35:01.703-0300] {dag.py:2742} INFO - Sync 1 DAGs
[2023-08-15T18:35:01.743-0300] {logging_mixin.py:150} INFO - [2023-08-15T18:35:01.743-0300] {dag.py:3504} INFO - Setting next_dagrun for example_branch_python_operator_decorator to 2023-08-14T00:00:00+00:00, run_after=2023-08-15T00:00:00+00:00
[2023-08-15T18:35:01.856-0300] {processor.py:179} INFO - Processing /home/alan/repos/pipeline_airflow/pipeline-airflow-venv/lib/python3.11/site-packages/airflow/example_dags/example_branch_operator_decorator.py took 0.228 seconds
[2023-08-15T18:36:27.252-0300] {processor.py:157} INFO - Started process (PID=22944) to work on /home/alan/repos/pipeline_airflow/pipeline-airflow-venv/lib/python3.11/site-packages/airflow/example_dags/example_branch_operator_decorator.py
[2023-08-15T18:36:27.259-0300] {processor.py:826} INFO - Processing file /home/alan/repos/pipeline_airflow/pipeline-airflow-venv/lib/python3.11/site-packages/airflow/example_dags/example_branch_operator_decorator.py for tasks to queue
[2023-08-15T18:36:27.261-0300] {logging_mixin.py:150} INFO - [2023-08-15T18:36:27.261-0300] {dagbag.py:541} INFO - Filling up the DagBag from /home/alan/repos/pipeline_airflow/pipeline-airflow-venv/lib/python3.11/site-packages/airflow/example_dags/example_branch_operator_decorator.py
[2023-08-15T18:36:27.283-0300] {processor.py:836} INFO - DAG(s) dict_keys(['example_branch_python_operator_decorator']) retrieved from /home/alan/repos/pipeline_airflow/pipeline-airflow-venv/lib/python3.11/site-packages/airflow/example_dags/example_branch_operator_decorator.py
[2023-08-15T18:36:27.316-0300] {logging_mixin.py:150} INFO - [2023-08-15T18:36:27.315-0300] {dag.py:2742} INFO - Sync 1 DAGs
[2023-08-15T18:36:27.354-0300] {logging_mixin.py:150} INFO - [2023-08-15T18:36:27.353-0300] {dag.py:3504} INFO - Setting next_dagrun for example_branch_python_operator_decorator to 2023-08-14T00:00:00+00:00, run_after=2023-08-15T00:00:00+00:00
[2023-08-15T18:36:27.460-0300] {processor.py:179} INFO - Processing /home/alan/repos/pipeline_airflow/pipeline-airflow-venv/lib/python3.11/site-packages/airflow/example_dags/example_branch_operator_decorator.py took 0.215 seconds
[2023-08-15T18:37:38.144-0300] {processor.py:157} INFO - Started process (PID=23246) to work on /home/alan/repos/pipeline_airflow/pipeline-airflow-venv/lib/python3.11/site-packages/airflow/example_dags/example_branch_operator_decorator.py
[2023-08-15T18:37:38.174-0300] {processor.py:826} INFO - Processing file /home/alan/repos/pipeline_airflow/pipeline-airflow-venv/lib/python3.11/site-packages/airflow/example_dags/example_branch_operator_decorator.py for tasks to queue
[2023-08-15T18:37:38.176-0300] {logging_mixin.py:150} INFO - [2023-08-15T18:37:38.175-0300] {dagbag.py:541} INFO - Filling up the DagBag from /home/alan/repos/pipeline_airflow/pipeline-airflow-venv/lib/python3.11/site-packages/airflow/example_dags/example_branch_operator_decorator.py
[2023-08-15T18:37:38.204-0300] {processor.py:836} INFO - DAG(s) dict_keys(['example_branch_python_operator_decorator']) retrieved from /home/alan/repos/pipeline_airflow/pipeline-airflow-venv/lib/python3.11/site-packages/airflow/example_dags/example_branch_operator_decorator.py
[2023-08-15T18:37:38.240-0300] {logging_mixin.py:150} INFO - [2023-08-15T18:37:38.240-0300] {dag.py:2742} INFO - Sync 1 DAGs
[2023-08-15T18:37:38.279-0300] {logging_mixin.py:150} INFO - [2023-08-15T18:37:38.278-0300] {dag.py:3504} INFO - Setting next_dagrun for example_branch_python_operator_decorator to 2023-08-14T00:00:00+00:00, run_after=2023-08-15T00:00:00+00:00
[2023-08-15T18:37:38.404-0300] {processor.py:179} INFO - Processing /home/alan/repos/pipeline_airflow/pipeline-airflow-venv/lib/python3.11/site-packages/airflow/example_dags/example_branch_operator_decorator.py took 0.266 seconds
[2023-08-15T18:44:59.766-0300] {processor.py:157} INFO - Started process (PID=23940) to work on /home/alan/repos/pipeline_airflow/pipeline-airflow-venv/lib/python3.11/site-packages/airflow/example_dags/example_branch_operator_decorator.py
[2023-08-15T18:44:59.767-0300] {processor.py:826} INFO - Processing file /home/alan/repos/pipeline_airflow/pipeline-airflow-venv/lib/python3.11/site-packages/airflow/example_dags/example_branch_operator_decorator.py for tasks to queue
[2023-08-15T18:44:59.769-0300] {logging_mixin.py:150} INFO - [2023-08-15T18:44:59.768-0300] {dagbag.py:541} INFO - Filling up the DagBag from /home/alan/repos/pipeline_airflow/pipeline-airflow-venv/lib/python3.11/site-packages/airflow/example_dags/example_branch_operator_decorator.py
[2023-08-15T18:44:59.791-0300] {processor.py:836} INFO - DAG(s) dict_keys(['example_branch_python_operator_decorator']) retrieved from /home/alan/repos/pipeline_airflow/pipeline-airflow-venv/lib/python3.11/site-packages/airflow/example_dags/example_branch_operator_decorator.py
[2023-08-15T18:44:59.828-0300] {logging_mixin.py:150} INFO - [2023-08-15T18:44:59.828-0300] {dag.py:2742} INFO - Sync 1 DAGs
[2023-08-15T18:44:59.879-0300] {logging_mixin.py:150} INFO - [2023-08-15T18:44:59.879-0300] {dag.py:3504} INFO - Setting next_dagrun for example_branch_python_operator_decorator to 2023-08-14T00:00:00+00:00, run_after=2023-08-15T00:00:00+00:00
[2023-08-15T18:45:00.038-0300] {processor.py:179} INFO - Processing /home/alan/repos/pipeline_airflow/pipeline-airflow-venv/lib/python3.11/site-packages/airflow/example_dags/example_branch_operator_decorator.py took 0.277 seconds
[2023-08-15T18:46:21.394-0300] {processor.py:157} INFO - Started process (PID=24277) to work on /home/alan/repos/pipeline_airflow/pipeline-airflow-venv/lib/python3.11/site-packages/airflow/example_dags/example_branch_operator_decorator.py
[2023-08-15T18:46:21.402-0300] {processor.py:826} INFO - Processing file /home/alan/repos/pipeline_airflow/pipeline-airflow-venv/lib/python3.11/site-packages/airflow/example_dags/example_branch_operator_decorator.py for tasks to queue
[2023-08-15T18:46:21.403-0300] {logging_mixin.py:150} INFO - [2023-08-15T18:46:21.402-0300] {dagbag.py:541} INFO - Filling up the DagBag from /home/alan/repos/pipeline_airflow/pipeline-airflow-venv/lib/python3.11/site-packages/airflow/example_dags/example_branch_operator_decorator.py
[2023-08-15T18:46:21.422-0300] {processor.py:836} INFO - DAG(s) dict_keys(['example_branch_python_operator_decorator']) retrieved from /home/alan/repos/pipeline_airflow/pipeline-airflow-venv/lib/python3.11/site-packages/airflow/example_dags/example_branch_operator_decorator.py
[2023-08-15T18:46:21.459-0300] {logging_mixin.py:150} INFO - [2023-08-15T18:46:21.459-0300] {dag.py:2742} INFO - Sync 1 DAGs
[2023-08-15T18:46:21.512-0300] {logging_mixin.py:150} INFO - [2023-08-15T18:46:21.511-0300] {dag.py:3504} INFO - Setting next_dagrun for example_branch_python_operator_decorator to 2023-08-14T00:00:00+00:00, run_after=2023-08-15T00:00:00+00:00
[2023-08-15T18:46:21.703-0300] {processor.py:179} INFO - Processing /home/alan/repos/pipeline_airflow/pipeline-airflow-venv/lib/python3.11/site-packages/airflow/example_dags/example_branch_operator_decorator.py took 0.315 seconds
[2023-08-15T18:47:24.479-0300] {processor.py:157} INFO - Started process (PID=24501) to work on /home/alan/repos/pipeline_airflow/pipeline-airflow-venv/lib/python3.11/site-packages/airflow/example_dags/example_branch_operator_decorator.py
[2023-08-15T18:47:24.489-0300] {processor.py:826} INFO - Processing file /home/alan/repos/pipeline_airflow/pipeline-airflow-venv/lib/python3.11/site-packages/airflow/example_dags/example_branch_operator_decorator.py for tasks to queue
[2023-08-15T18:47:24.491-0300] {logging_mixin.py:150} INFO - [2023-08-15T18:47:24.490-0300] {dagbag.py:541} INFO - Filling up the DagBag from /home/alan/repos/pipeline_airflow/pipeline-airflow-venv/lib/python3.11/site-packages/airflow/example_dags/example_branch_operator_decorator.py
[2023-08-15T18:47:24.512-0300] {processor.py:836} INFO - DAG(s) dict_keys(['example_branch_python_operator_decorator']) retrieved from /home/alan/repos/pipeline_airflow/pipeline-airflow-venv/lib/python3.11/site-packages/airflow/example_dags/example_branch_operator_decorator.py
[2023-08-15T18:47:24.557-0300] {logging_mixin.py:150} INFO - [2023-08-15T18:47:24.557-0300] {dag.py:2742} INFO - Sync 1 DAGs
[2023-08-15T18:47:24.609-0300] {logging_mixin.py:150} INFO - [2023-08-15T18:47:24.608-0300] {dag.py:3504} INFO - Setting next_dagrun for example_branch_python_operator_decorator to 2023-08-14T00:00:00+00:00, run_after=2023-08-15T00:00:00+00:00
[2023-08-15T18:47:24.797-0300] {processor.py:179} INFO - Processing /home/alan/repos/pipeline_airflow/pipeline-airflow-venv/lib/python3.11/site-packages/airflow/example_dags/example_branch_operator_decorator.py took 0.323 seconds
[2023-08-15T18:48:29.547-0300] {processor.py:157} INFO - Started process (PID=24721) to work on /home/alan/repos/pipeline_airflow/pipeline-airflow-venv/lib/python3.11/site-packages/airflow/example_dags/example_branch_operator_decorator.py
[2023-08-15T18:48:29.548-0300] {processor.py:826} INFO - Processing file /home/alan/repos/pipeline_airflow/pipeline-airflow-venv/lib/python3.11/site-packages/airflow/example_dags/example_branch_operator_decorator.py for tasks to queue
[2023-08-15T18:48:29.549-0300] {logging_mixin.py:150} INFO - [2023-08-15T18:48:29.549-0300] {dagbag.py:541} INFO - Filling up the DagBag from /home/alan/repos/pipeline_airflow/pipeline-airflow-venv/lib/python3.11/site-packages/airflow/example_dags/example_branch_operator_decorator.py
[2023-08-15T18:48:29.568-0300] {processor.py:836} INFO - DAG(s) dict_keys(['example_branch_python_operator_decorator']) retrieved from /home/alan/repos/pipeline_airflow/pipeline-airflow-venv/lib/python3.11/site-packages/airflow/example_dags/example_branch_operator_decorator.py
[2023-08-15T18:48:29.604-0300] {logging_mixin.py:150} INFO - [2023-08-15T18:48:29.604-0300] {dag.py:2742} INFO - Sync 1 DAGs
[2023-08-15T18:48:29.803-0300] {logging_mixin.py:150} INFO - [2023-08-15T18:48:29.802-0300] {dag.py:3504} INFO - Setting next_dagrun for example_branch_python_operator_decorator to 2023-08-14T00:00:00+00:00, run_after=2023-08-15T00:00:00+00:00
[2023-08-15T18:48:29.913-0300] {processor.py:179} INFO - Processing /home/alan/repos/pipeline_airflow/pipeline-airflow-venv/lib/python3.11/site-packages/airflow/example_dags/example_branch_operator_decorator.py took 0.372 seconds
[2023-08-15T18:49:37.282-0300] {processor.py:157} INFO - Started process (PID=24947) to work on /home/alan/repos/pipeline_airflow/pipeline-airflow-venv/lib/python3.11/site-packages/airflow/example_dags/example_branch_operator_decorator.py
[2023-08-15T18:49:37.292-0300] {processor.py:826} INFO - Processing file /home/alan/repos/pipeline_airflow/pipeline-airflow-venv/lib/python3.11/site-packages/airflow/example_dags/example_branch_operator_decorator.py for tasks to queue
[2023-08-15T18:49:37.294-0300] {logging_mixin.py:150} INFO - [2023-08-15T18:49:37.293-0300] {dagbag.py:541} INFO - Filling up the DagBag from /home/alan/repos/pipeline_airflow/pipeline-airflow-venv/lib/python3.11/site-packages/airflow/example_dags/example_branch_operator_decorator.py
[2023-08-15T18:49:37.323-0300] {processor.py:836} INFO - DAG(s) dict_keys(['example_branch_python_operator_decorator']) retrieved from /home/alan/repos/pipeline_airflow/pipeline-airflow-venv/lib/python3.11/site-packages/airflow/example_dags/example_branch_operator_decorator.py
[2023-08-15T18:49:37.367-0300] {logging_mixin.py:150} INFO - [2023-08-15T18:49:37.367-0300] {dag.py:2742} INFO - Sync 1 DAGs
[2023-08-15T18:49:37.418-0300] {logging_mixin.py:150} INFO - [2023-08-15T18:49:37.418-0300] {dag.py:3504} INFO - Setting next_dagrun for example_branch_python_operator_decorator to 2023-08-14T00:00:00+00:00, run_after=2023-08-15T00:00:00+00:00
[2023-08-15T18:49:37.558-0300] {processor.py:179} INFO - Processing /home/alan/repos/pipeline_airflow/pipeline-airflow-venv/lib/python3.11/site-packages/airflow/example_dags/example_branch_operator_decorator.py took 0.295 seconds
[2023-08-15T18:50:34.971-0300] {processor.py:157} INFO - Started process (PID=25160) to work on /home/alan/repos/pipeline_airflow/pipeline-airflow-venv/lib/python3.11/site-packages/airflow/example_dags/example_branch_operator_decorator.py
[2023-08-15T18:50:34.981-0300] {processor.py:826} INFO - Processing file /home/alan/repos/pipeline_airflow/pipeline-airflow-venv/lib/python3.11/site-packages/airflow/example_dags/example_branch_operator_decorator.py for tasks to queue
[2023-08-15T18:50:34.984-0300] {logging_mixin.py:150} INFO - [2023-08-15T18:50:34.983-0300] {dagbag.py:541} INFO - Filling up the DagBag from /home/alan/repos/pipeline_airflow/pipeline-airflow-venv/lib/python3.11/site-packages/airflow/example_dags/example_branch_operator_decorator.py
[2023-08-15T18:50:35.003-0300] {processor.py:836} INFO - DAG(s) dict_keys(['example_branch_python_operator_decorator']) retrieved from /home/alan/repos/pipeline_airflow/pipeline-airflow-venv/lib/python3.11/site-packages/airflow/example_dags/example_branch_operator_decorator.py
[2023-08-15T18:50:35.038-0300] {logging_mixin.py:150} INFO - [2023-08-15T18:50:35.038-0300] {dag.py:2742} INFO - Sync 1 DAGs
[2023-08-15T18:50:35.077-0300] {logging_mixin.py:150} INFO - [2023-08-15T18:50:35.077-0300] {dag.py:3504} INFO - Setting next_dagrun for example_branch_python_operator_decorator to 2023-08-14T00:00:00+00:00, run_after=2023-08-15T00:00:00+00:00
[2023-08-15T18:50:35.179-0300] {processor.py:179} INFO - Processing /home/alan/repos/pipeline_airflow/pipeline-airflow-venv/lib/python3.11/site-packages/airflow/example_dags/example_branch_operator_decorator.py took 0.218 seconds
[2023-08-15T18:51:51.499-0300] {processor.py:157} INFO - Started process (PID=25554) to work on /home/alan/repos/pipeline_airflow/pipeline-airflow-venv/lib/python3.11/site-packages/airflow/example_dags/example_branch_operator_decorator.py
[2023-08-15T18:51:51.501-0300] {processor.py:826} INFO - Processing file /home/alan/repos/pipeline_airflow/pipeline-airflow-venv/lib/python3.11/site-packages/airflow/example_dags/example_branch_operator_decorator.py for tasks to queue
[2023-08-15T18:51:51.502-0300] {logging_mixin.py:150} INFO - [2023-08-15T18:51:51.502-0300] {dagbag.py:541} INFO - Filling up the DagBag from /home/alan/repos/pipeline_airflow/pipeline-airflow-venv/lib/python3.11/site-packages/airflow/example_dags/example_branch_operator_decorator.py
[2023-08-15T18:51:51.525-0300] {processor.py:836} INFO - DAG(s) dict_keys(['example_branch_python_operator_decorator']) retrieved from /home/alan/repos/pipeline_airflow/pipeline-airflow-venv/lib/python3.11/site-packages/airflow/example_dags/example_branch_operator_decorator.py
[2023-08-15T18:51:51.562-0300] {logging_mixin.py:150} INFO - [2023-08-15T18:51:51.562-0300] {dag.py:2742} INFO - Sync 1 DAGs
[2023-08-15T18:51:51.611-0300] {logging_mixin.py:150} INFO - [2023-08-15T18:51:51.610-0300] {dag.py:3504} INFO - Setting next_dagrun for example_branch_python_operator_decorator to 2023-08-14T00:00:00+00:00, run_after=2023-08-15T00:00:00+00:00
[2023-08-15T18:51:51.730-0300] {processor.py:179} INFO - Processing /home/alan/repos/pipeline_airflow/pipeline-airflow-venv/lib/python3.11/site-packages/airflow/example_dags/example_branch_operator_decorator.py took 0.237 seconds
[2023-08-15T18:52:59.079-0300] {processor.py:157} INFO - Started process (PID=25846) to work on /home/alan/repos/pipeline_airflow/pipeline-airflow-venv/lib/python3.11/site-packages/airflow/example_dags/example_branch_operator_decorator.py
[2023-08-15T18:52:59.089-0300] {processor.py:826} INFO - Processing file /home/alan/repos/pipeline_airflow/pipeline-airflow-venv/lib/python3.11/site-packages/airflow/example_dags/example_branch_operator_decorator.py for tasks to queue
[2023-08-15T18:52:59.091-0300] {logging_mixin.py:150} INFO - [2023-08-15T18:52:59.090-0300] {dagbag.py:541} INFO - Filling up the DagBag from /home/alan/repos/pipeline_airflow/pipeline-airflow-venv/lib/python3.11/site-packages/airflow/example_dags/example_branch_operator_decorator.py
[2023-08-15T18:52:59.111-0300] {processor.py:836} INFO - DAG(s) dict_keys(['example_branch_python_operator_decorator']) retrieved from /home/alan/repos/pipeline_airflow/pipeline-airflow-venv/lib/python3.11/site-packages/airflow/example_dags/example_branch_operator_decorator.py
[2023-08-15T18:52:59.148-0300] {logging_mixin.py:150} INFO - [2023-08-15T18:52:59.148-0300] {dag.py:2742} INFO - Sync 1 DAGs
[2023-08-15T18:52:59.189-0300] {logging_mixin.py:150} INFO - [2023-08-15T18:52:59.189-0300] {dag.py:3504} INFO - Setting next_dagrun for example_branch_python_operator_decorator to 2023-08-14T00:00:00+00:00, run_after=2023-08-15T00:00:00+00:00
[2023-08-15T18:52:59.318-0300] {processor.py:179} INFO - Processing /home/alan/repos/pipeline_airflow/pipeline-airflow-venv/lib/python3.11/site-packages/airflow/example_dags/example_branch_operator_decorator.py took 0.244 seconds
[2023-08-15T18:53:55.369-0300] {processor.py:157} INFO - Started process (PID=26055) to work on /home/alan/repos/pipeline_airflow/pipeline-airflow-venv/lib/python3.11/site-packages/airflow/example_dags/example_branch_operator_decorator.py
[2023-08-15T18:53:55.384-0300] {processor.py:826} INFO - Processing file /home/alan/repos/pipeline_airflow/pipeline-airflow-venv/lib/python3.11/site-packages/airflow/example_dags/example_branch_operator_decorator.py for tasks to queue
[2023-08-15T18:53:55.386-0300] {logging_mixin.py:150} INFO - [2023-08-15T18:53:55.385-0300] {dagbag.py:541} INFO - Filling up the DagBag from /home/alan/repos/pipeline_airflow/pipeline-airflow-venv/lib/python3.11/site-packages/airflow/example_dags/example_branch_operator_decorator.py
[2023-08-15T18:53:55.408-0300] {processor.py:836} INFO - DAG(s) dict_keys(['example_branch_python_operator_decorator']) retrieved from /home/alan/repos/pipeline_airflow/pipeline-airflow-venv/lib/python3.11/site-packages/airflow/example_dags/example_branch_operator_decorator.py
[2023-08-15T18:53:55.444-0300] {logging_mixin.py:150} INFO - [2023-08-15T18:53:55.444-0300] {dag.py:2742} INFO - Sync 1 DAGs
[2023-08-15T18:53:55.481-0300] {logging_mixin.py:150} INFO - [2023-08-15T18:53:55.481-0300] {dag.py:3504} INFO - Setting next_dagrun for example_branch_python_operator_decorator to 2023-08-14T00:00:00+00:00, run_after=2023-08-15T00:00:00+00:00
[2023-08-15T18:53:55.587-0300] {processor.py:179} INFO - Processing /home/alan/repos/pipeline_airflow/pipeline-airflow-venv/lib/python3.11/site-packages/airflow/example_dags/example_branch_operator_decorator.py took 0.225 seconds
[2023-08-15T18:55:06.216-0300] {processor.py:157} INFO - Started process (PID=26410) to work on /home/alan/repos/pipeline_airflow/pipeline-airflow-venv/lib/python3.11/site-packages/airflow/example_dags/example_branch_operator_decorator.py
[2023-08-15T18:55:06.265-0300] {processor.py:826} INFO - Processing file /home/alan/repos/pipeline_airflow/pipeline-airflow-venv/lib/python3.11/site-packages/airflow/example_dags/example_branch_operator_decorator.py for tasks to queue
[2023-08-15T18:55:06.267-0300] {logging_mixin.py:150} INFO - [2023-08-15T18:55:06.266-0300] {dagbag.py:541} INFO - Filling up the DagBag from /home/alan/repos/pipeline_airflow/pipeline-airflow-venv/lib/python3.11/site-packages/airflow/example_dags/example_branch_operator_decorator.py
[2023-08-15T18:55:06.291-0300] {processor.py:836} INFO - DAG(s) dict_keys(['example_branch_python_operator_decorator']) retrieved from /home/alan/repos/pipeline_airflow/pipeline-airflow-venv/lib/python3.11/site-packages/airflow/example_dags/example_branch_operator_decorator.py
[2023-08-15T18:55:06.330-0300] {logging_mixin.py:150} INFO - [2023-08-15T18:55:06.330-0300] {dag.py:2742} INFO - Sync 1 DAGs
[2023-08-15T18:55:06.371-0300] {logging_mixin.py:150} INFO - [2023-08-15T18:55:06.371-0300] {dag.py:3504} INFO - Setting next_dagrun for example_branch_python_operator_decorator to 2023-08-14T00:00:00+00:00, run_after=2023-08-15T00:00:00+00:00
[2023-08-15T18:55:07.150-0300] {processor.py:179} INFO - Processing /home/alan/repos/pipeline_airflow/pipeline-airflow-venv/lib/python3.11/site-packages/airflow/example_dags/example_branch_operator_decorator.py took 0.940 seconds
[2023-08-15T19:00:44.016-0300] {processor.py:157} INFO - Started process (PID=27420) to work on /home/alan/repos/pipeline_airflow/pipeline-airflow-venv/lib/python3.11/site-packages/airflow/example_dags/example_branch_operator_decorator.py
[2023-08-15T19:00:44.190-0300] {processor.py:826} INFO - Processing file /home/alan/repos/pipeline_airflow/pipeline-airflow-venv/lib/python3.11/site-packages/airflow/example_dags/example_branch_operator_decorator.py for tasks to queue
[2023-08-15T19:00:44.193-0300] {logging_mixin.py:150} INFO - [2023-08-15T19:00:44.192-0300] {dagbag.py:541} INFO - Filling up the DagBag from /home/alan/repos/pipeline_airflow/pipeline-airflow-venv/lib/python3.11/site-packages/airflow/example_dags/example_branch_operator_decorator.py
[2023-08-15T19:00:44.578-0300] {processor.py:836} INFO - DAG(s) dict_keys(['example_branch_python_operator_decorator']) retrieved from /home/alan/repos/pipeline_airflow/pipeline-airflow-venv/lib/python3.11/site-packages/airflow/example_dags/example_branch_operator_decorator.py
[2023-08-15T19:00:44.851-0300] {logging_mixin.py:150} INFO - [2023-08-15T19:00:44.850-0300] {dag.py:2742} INFO - Sync 1 DAGs
[2023-08-15T19:00:44.906-0300] {logging_mixin.py:150} INFO - [2023-08-15T19:00:44.906-0300] {dag.py:3504} INFO - Setting next_dagrun for example_branch_python_operator_decorator to 2023-08-14T00:00:00+00:00, run_after=2023-08-15T00:00:00+00:00
[2023-08-15T19:00:45.949-0300] {processor.py:179} INFO - Processing /home/alan/repos/pipeline_airflow/pipeline-airflow-venv/lib/python3.11/site-packages/airflow/example_dags/example_branch_operator_decorator.py took 1.937 seconds
[2023-08-15T19:03:44.672-0300] {processor.py:157} INFO - Started process (PID=28112) to work on /home/alan/repos/pipeline_airflow/pipeline-airflow-venv/lib/python3.11/site-packages/airflow/example_dags/example_branch_operator_decorator.py
[2023-08-15T19:03:44.696-0300] {processor.py:826} INFO - Processing file /home/alan/repos/pipeline_airflow/pipeline-airflow-venv/lib/python3.11/site-packages/airflow/example_dags/example_branch_operator_decorator.py for tasks to queue
[2023-08-15T19:03:44.698-0300] {logging_mixin.py:150} INFO - [2023-08-15T19:03:44.697-0300] {dagbag.py:541} INFO - Filling up the DagBag from /home/alan/repos/pipeline_airflow/pipeline-airflow-venv/lib/python3.11/site-packages/airflow/example_dags/example_branch_operator_decorator.py
[2023-08-15T19:03:44.746-0300] {processor.py:836} INFO - DAG(s) dict_keys(['example_branch_python_operator_decorator']) retrieved from /home/alan/repos/pipeline_airflow/pipeline-airflow-venv/lib/python3.11/site-packages/airflow/example_dags/example_branch_operator_decorator.py
[2023-08-15T19:03:44.810-0300] {logging_mixin.py:150} INFO - [2023-08-15T19:03:44.809-0300] {dag.py:2742} INFO - Sync 1 DAGs
[2023-08-15T19:03:44.875-0300] {logging_mixin.py:150} INFO - [2023-08-15T19:03:44.874-0300] {dag.py:3504} INFO - Setting next_dagrun for example_branch_python_operator_decorator to 2023-08-14T00:00:00+00:00, run_after=2023-08-15T00:00:00+00:00
[2023-08-15T19:03:45.027-0300] {processor.py:179} INFO - Processing /home/alan/repos/pipeline_airflow/pipeline-airflow-venv/lib/python3.11/site-packages/airflow/example_dags/example_branch_operator_decorator.py took 0.368 seconds
[2023-08-15T19:05:19.494-0300] {processor.py:157} INFO - Started process (PID=28558) to work on /home/alan/repos/pipeline_airflow/pipeline-airflow-venv/lib/python3.11/site-packages/airflow/example_dags/example_branch_operator_decorator.py
[2023-08-15T19:05:19.500-0300] {processor.py:826} INFO - Processing file /home/alan/repos/pipeline_airflow/pipeline-airflow-venv/lib/python3.11/site-packages/airflow/example_dags/example_branch_operator_decorator.py for tasks to queue
[2023-08-15T19:05:19.501-0300] {logging_mixin.py:150} INFO - [2023-08-15T19:05:19.501-0300] {dagbag.py:541} INFO - Filling up the DagBag from /home/alan/repos/pipeline_airflow/pipeline-airflow-venv/lib/python3.11/site-packages/airflow/example_dags/example_branch_operator_decorator.py
[2023-08-15T19:05:19.520-0300] {processor.py:836} INFO - DAG(s) dict_keys(['example_branch_python_operator_decorator']) retrieved from /home/alan/repos/pipeline_airflow/pipeline-airflow-venv/lib/python3.11/site-packages/airflow/example_dags/example_branch_operator_decorator.py
[2023-08-15T19:05:19.553-0300] {logging_mixin.py:150} INFO - [2023-08-15T19:05:19.553-0300] {dag.py:2742} INFO - Sync 1 DAGs
[2023-08-15T19:05:19.591-0300] {logging_mixin.py:150} INFO - [2023-08-15T19:05:19.591-0300] {dag.py:3504} INFO - Setting next_dagrun for example_branch_python_operator_decorator to 2023-08-14T00:00:00+00:00, run_after=2023-08-15T00:00:00+00:00
[2023-08-15T19:05:19.701-0300] {processor.py:179} INFO - Processing /home/alan/repos/pipeline_airflow/pipeline-airflow-venv/lib/python3.11/site-packages/airflow/example_dags/example_branch_operator_decorator.py took 0.212 seconds
[2023-08-15T19:06:30.564-0300] {processor.py:157} INFO - Started process (PID=28786) to work on /home/alan/repos/pipeline_airflow/pipeline-airflow-venv/lib/python3.11/site-packages/airflow/example_dags/example_branch_operator_decorator.py
[2023-08-15T19:06:30.566-0300] {processor.py:826} INFO - Processing file /home/alan/repos/pipeline_airflow/pipeline-airflow-venv/lib/python3.11/site-packages/airflow/example_dags/example_branch_operator_decorator.py for tasks to queue
[2023-08-15T19:06:30.568-0300] {logging_mixin.py:150} INFO - [2023-08-15T19:06:30.567-0300] {dagbag.py:541} INFO - Filling up the DagBag from /home/alan/repos/pipeline_airflow/pipeline-airflow-venv/lib/python3.11/site-packages/airflow/example_dags/example_branch_operator_decorator.py
[2023-08-15T19:06:30.589-0300] {processor.py:836} INFO - DAG(s) dict_keys(['example_branch_python_operator_decorator']) retrieved from /home/alan/repos/pipeline_airflow/pipeline-airflow-venv/lib/python3.11/site-packages/airflow/example_dags/example_branch_operator_decorator.py
[2023-08-15T19:06:30.623-0300] {logging_mixin.py:150} INFO - [2023-08-15T19:06:30.623-0300] {dag.py:2742} INFO - Sync 1 DAGs
[2023-08-15T19:06:30.661-0300] {logging_mixin.py:150} INFO - [2023-08-15T19:06:30.661-0300] {dag.py:3504} INFO - Setting next_dagrun for example_branch_python_operator_decorator to 2023-08-14T00:00:00+00:00, run_after=2023-08-15T00:00:00+00:00
[2023-08-15T19:06:30.785-0300] {processor.py:179} INFO - Processing /home/alan/repos/pipeline_airflow/pipeline-airflow-venv/lib/python3.11/site-packages/airflow/example_dags/example_branch_operator_decorator.py took 0.227 seconds
[2023-08-15T19:07:31.066-0300] {processor.py:157} INFO - Started process (PID=28955) to work on /home/alan/repos/pipeline_airflow/pipeline-airflow-venv/lib/python3.11/site-packages/airflow/example_dags/example_branch_operator_decorator.py
[2023-08-15T19:07:31.074-0300] {processor.py:826} INFO - Processing file /home/alan/repos/pipeline_airflow/pipeline-airflow-venv/lib/python3.11/site-packages/airflow/example_dags/example_branch_operator_decorator.py for tasks to queue
[2023-08-15T19:07:31.076-0300] {logging_mixin.py:150} INFO - [2023-08-15T19:07:31.075-0300] {dagbag.py:541} INFO - Filling up the DagBag from /home/alan/repos/pipeline_airflow/pipeline-airflow-venv/lib/python3.11/site-packages/airflow/example_dags/example_branch_operator_decorator.py
[2023-08-15T19:07:31.095-0300] {processor.py:836} INFO - DAG(s) dict_keys(['example_branch_python_operator_decorator']) retrieved from /home/alan/repos/pipeline_airflow/pipeline-airflow-venv/lib/python3.11/site-packages/airflow/example_dags/example_branch_operator_decorator.py
[2023-08-15T19:07:31.128-0300] {logging_mixin.py:150} INFO - [2023-08-15T19:07:31.128-0300] {dag.py:2742} INFO - Sync 1 DAGs
[2023-08-15T19:07:31.167-0300] {logging_mixin.py:150} INFO - [2023-08-15T19:07:31.166-0300] {dag.py:3504} INFO - Setting next_dagrun for example_branch_python_operator_decorator to 2023-08-14T00:00:00+00:00, run_after=2023-08-15T00:00:00+00:00
[2023-08-15T19:07:31.278-0300] {processor.py:179} INFO - Processing /home/alan/repos/pipeline_airflow/pipeline-airflow-venv/lib/python3.11/site-packages/airflow/example_dags/example_branch_operator_decorator.py took 0.217 seconds
[2023-08-15T19:08:38.528-0300] {processor.py:157} INFO - Started process (PID=29229) to work on /home/alan/repos/pipeline_airflow/pipeline-airflow-venv/lib/python3.11/site-packages/airflow/example_dags/example_branch_operator_decorator.py
[2023-08-15T19:08:38.531-0300] {processor.py:826} INFO - Processing file /home/alan/repos/pipeline_airflow/pipeline-airflow-venv/lib/python3.11/site-packages/airflow/example_dags/example_branch_operator_decorator.py for tasks to queue
[2023-08-15T19:08:38.533-0300] {logging_mixin.py:150} INFO - [2023-08-15T19:08:38.532-0300] {dagbag.py:541} INFO - Filling up the DagBag from /home/alan/repos/pipeline_airflow/pipeline-airflow-venv/lib/python3.11/site-packages/airflow/example_dags/example_branch_operator_decorator.py
[2023-08-15T19:08:38.554-0300] {processor.py:836} INFO - DAG(s) dict_keys(['example_branch_python_operator_decorator']) retrieved from /home/alan/repos/pipeline_airflow/pipeline-airflow-venv/lib/python3.11/site-packages/airflow/example_dags/example_branch_operator_decorator.py
[2023-08-15T19:08:38.595-0300] {logging_mixin.py:150} INFO - [2023-08-15T19:08:38.595-0300] {dag.py:2742} INFO - Sync 1 DAGs
[2023-08-15T19:08:38.641-0300] {logging_mixin.py:150} INFO - [2023-08-15T19:08:38.640-0300] {dag.py:3504} INFO - Setting next_dagrun for example_branch_python_operator_decorator to 2023-08-14T00:00:00+00:00, run_after=2023-08-15T00:00:00+00:00
[2023-08-15T19:08:38.781-0300] {processor.py:179} INFO - Processing /home/alan/repos/pipeline_airflow/pipeline-airflow-venv/lib/python3.11/site-packages/airflow/example_dags/example_branch_operator_decorator.py took 0.259 seconds
[2023-08-15T19:09:39.780-0300] {processor.py:157} INFO - Started process (PID=29386) to work on /home/alan/repos/pipeline_airflow/pipeline-airflow-venv/lib/python3.11/site-packages/airflow/example_dags/example_branch_operator_decorator.py
[2023-08-15T19:09:39.782-0300] {processor.py:826} INFO - Processing file /home/alan/repos/pipeline_airflow/pipeline-airflow-venv/lib/python3.11/site-packages/airflow/example_dags/example_branch_operator_decorator.py for tasks to queue
[2023-08-15T19:09:39.785-0300] {logging_mixin.py:150} INFO - [2023-08-15T19:09:39.783-0300] {dagbag.py:541} INFO - Filling up the DagBag from /home/alan/repos/pipeline_airflow/pipeline-airflow-venv/lib/python3.11/site-packages/airflow/example_dags/example_branch_operator_decorator.py
[2023-08-15T19:09:39.804-0300] {processor.py:836} INFO - DAG(s) dict_keys(['example_branch_python_operator_decorator']) retrieved from /home/alan/repos/pipeline_airflow/pipeline-airflow-venv/lib/python3.11/site-packages/airflow/example_dags/example_branch_operator_decorator.py
[2023-08-15T19:09:39.838-0300] {logging_mixin.py:150} INFO - [2023-08-15T19:09:39.838-0300] {dag.py:2742} INFO - Sync 1 DAGs
[2023-08-15T19:09:39.879-0300] {logging_mixin.py:150} INFO - [2023-08-15T19:09:39.878-0300] {dag.py:3504} INFO - Setting next_dagrun for example_branch_python_operator_decorator to 2023-08-14T00:00:00+00:00, run_after=2023-08-15T00:00:00+00:00
[2023-08-15T19:09:39.985-0300] {processor.py:179} INFO - Processing /home/alan/repos/pipeline_airflow/pipeline-airflow-venv/lib/python3.11/site-packages/airflow/example_dags/example_branch_operator_decorator.py took 0.212 seconds
[2023-08-15T19:10:38.433-0300] {processor.py:157} INFO - Started process (PID=29546) to work on /home/alan/repos/pipeline_airflow/pipeline-airflow-venv/lib/python3.11/site-packages/airflow/example_dags/example_branch_operator_decorator.py
[2023-08-15T19:10:38.449-0300] {processor.py:826} INFO - Processing file /home/alan/repos/pipeline_airflow/pipeline-airflow-venv/lib/python3.11/site-packages/airflow/example_dags/example_branch_operator_decorator.py for tasks to queue
[2023-08-15T19:10:38.451-0300] {logging_mixin.py:150} INFO - [2023-08-15T19:10:38.450-0300] {dagbag.py:541} INFO - Filling up the DagBag from /home/alan/repos/pipeline_airflow/pipeline-airflow-venv/lib/python3.11/site-packages/airflow/example_dags/example_branch_operator_decorator.py
[2023-08-15T19:10:38.471-0300] {processor.py:836} INFO - DAG(s) dict_keys(['example_branch_python_operator_decorator']) retrieved from /home/alan/repos/pipeline_airflow/pipeline-airflow-venv/lib/python3.11/site-packages/airflow/example_dags/example_branch_operator_decorator.py
[2023-08-15T19:10:38.509-0300] {logging_mixin.py:150} INFO - [2023-08-15T19:10:38.508-0300] {dag.py:2742} INFO - Sync 1 DAGs
[2023-08-15T19:10:38.553-0300] {logging_mixin.py:150} INFO - [2023-08-15T19:10:38.552-0300] {dag.py:3504} INFO - Setting next_dagrun for example_branch_python_operator_decorator to 2023-08-14T00:00:00+00:00, run_after=2023-08-15T00:00:00+00:00
[2023-08-15T19:10:38.716-0300] {processor.py:179} INFO - Processing /home/alan/repos/pipeline_airflow/pipeline-airflow-venv/lib/python3.11/site-packages/airflow/example_dags/example_branch_operator_decorator.py took 0.289 seconds
[2023-08-15T19:11:41.332-0300] {processor.py:157} INFO - Started process (PID=29773) to work on /home/alan/repos/pipeline_airflow/pipeline-airflow-venv/lib/python3.11/site-packages/airflow/example_dags/example_branch_operator_decorator.py
[2023-08-15T19:11:41.334-0300] {processor.py:826} INFO - Processing file /home/alan/repos/pipeline_airflow/pipeline-airflow-venv/lib/python3.11/site-packages/airflow/example_dags/example_branch_operator_decorator.py for tasks to queue
[2023-08-15T19:11:41.336-0300] {logging_mixin.py:150} INFO - [2023-08-15T19:11:41.335-0300] {dagbag.py:541} INFO - Filling up the DagBag from /home/alan/repos/pipeline_airflow/pipeline-airflow-venv/lib/python3.11/site-packages/airflow/example_dags/example_branch_operator_decorator.py
[2023-08-15T19:11:41.357-0300] {processor.py:836} INFO - DAG(s) dict_keys(['example_branch_python_operator_decorator']) retrieved from /home/alan/repos/pipeline_airflow/pipeline-airflow-venv/lib/python3.11/site-packages/airflow/example_dags/example_branch_operator_decorator.py
[2023-08-15T19:11:41.391-0300] {logging_mixin.py:150} INFO - [2023-08-15T19:11:41.390-0300] {dag.py:2742} INFO - Sync 1 DAGs
[2023-08-15T19:11:41.428-0300] {logging_mixin.py:150} INFO - [2023-08-15T19:11:41.428-0300] {dag.py:3504} INFO - Setting next_dagrun for example_branch_python_operator_decorator to 2023-08-14T00:00:00+00:00, run_after=2023-08-15T00:00:00+00:00
[2023-08-15T19:11:41.544-0300] {processor.py:179} INFO - Processing /home/alan/repos/pipeline_airflow/pipeline-airflow-venv/lib/python3.11/site-packages/airflow/example_dags/example_branch_operator_decorator.py took 0.218 seconds
[2023-08-15T19:12:46.569-0300] {processor.py:157} INFO - Started process (PID=29976) to work on /home/alan/repos/pipeline_airflow/pipeline-airflow-venv/lib/python3.11/site-packages/airflow/example_dags/example_branch_operator_decorator.py
[2023-08-15T19:12:46.571-0300] {processor.py:826} INFO - Processing file /home/alan/repos/pipeline_airflow/pipeline-airflow-venv/lib/python3.11/site-packages/airflow/example_dags/example_branch_operator_decorator.py for tasks to queue
[2023-08-15T19:12:46.573-0300] {logging_mixin.py:150} INFO - [2023-08-15T19:12:46.572-0300] {dagbag.py:541} INFO - Filling up the DagBag from /home/alan/repos/pipeline_airflow/pipeline-airflow-venv/lib/python3.11/site-packages/airflow/example_dags/example_branch_operator_decorator.py
[2023-08-15T19:12:46.598-0300] {processor.py:836} INFO - DAG(s) dict_keys(['example_branch_python_operator_decorator']) retrieved from /home/alan/repos/pipeline_airflow/pipeline-airflow-venv/lib/python3.11/site-packages/airflow/example_dags/example_branch_operator_decorator.py
[2023-08-15T19:12:46.636-0300] {logging_mixin.py:150} INFO - [2023-08-15T19:12:46.636-0300] {dag.py:2742} INFO - Sync 1 DAGs
[2023-08-15T19:12:46.680-0300] {logging_mixin.py:150} INFO - [2023-08-15T19:12:46.679-0300] {dag.py:3504} INFO - Setting next_dagrun for example_branch_python_operator_decorator to 2023-08-14T00:00:00+00:00, run_after=2023-08-15T00:00:00+00:00
[2023-08-15T19:12:46.791-0300] {processor.py:179} INFO - Processing /home/alan/repos/pipeline_airflow/pipeline-airflow-venv/lib/python3.11/site-packages/airflow/example_dags/example_branch_operator_decorator.py took 0.238 seconds
[2023-08-15T19:14:12.851-0300] {processor.py:157} INFO - Started process (PID=30200) to work on /home/alan/repos/pipeline_airflow/pipeline-airflow-venv/lib/python3.11/site-packages/airflow/example_dags/example_branch_operator_decorator.py
[2023-08-15T19:14:12.866-0300] {processor.py:826} INFO - Processing file /home/alan/repos/pipeline_airflow/pipeline-airflow-venv/lib/python3.11/site-packages/airflow/example_dags/example_branch_operator_decorator.py for tasks to queue
[2023-08-15T19:14:12.867-0300] {logging_mixin.py:150} INFO - [2023-08-15T19:14:12.866-0300] {dagbag.py:541} INFO - Filling up the DagBag from /home/alan/repos/pipeline_airflow/pipeline-airflow-venv/lib/python3.11/site-packages/airflow/example_dags/example_branch_operator_decorator.py
[2023-08-15T19:14:12.888-0300] {processor.py:836} INFO - DAG(s) dict_keys(['example_branch_python_operator_decorator']) retrieved from /home/alan/repos/pipeline_airflow/pipeline-airflow-venv/lib/python3.11/site-packages/airflow/example_dags/example_branch_operator_decorator.py
[2023-08-15T19:14:12.923-0300] {logging_mixin.py:150} INFO - [2023-08-15T19:14:12.922-0300] {dag.py:2742} INFO - Sync 1 DAGs
[2023-08-15T19:14:12.962-0300] {logging_mixin.py:150} INFO - [2023-08-15T19:14:12.961-0300] {dag.py:3504} INFO - Setting next_dagrun for example_branch_python_operator_decorator to 2023-08-14T00:00:00+00:00, run_after=2023-08-15T00:00:00+00:00
[2023-08-15T19:14:13.058-0300] {processor.py:179} INFO - Processing /home/alan/repos/pipeline_airflow/pipeline-airflow-venv/lib/python3.11/site-packages/airflow/example_dags/example_branch_operator_decorator.py took 0.212 seconds
[2023-08-15T19:15:08.921-0300] {processor.py:157} INFO - Started process (PID=30350) to work on /home/alan/repos/pipeline_airflow/pipeline-airflow-venv/lib/python3.11/site-packages/airflow/example_dags/example_branch_operator_decorator.py
[2023-08-15T19:15:08.935-0300] {processor.py:826} INFO - Processing file /home/alan/repos/pipeline_airflow/pipeline-airflow-venv/lib/python3.11/site-packages/airflow/example_dags/example_branch_operator_decorator.py for tasks to queue
[2023-08-15T19:15:08.937-0300] {logging_mixin.py:150} INFO - [2023-08-15T19:15:08.936-0300] {dagbag.py:541} INFO - Filling up the DagBag from /home/alan/repos/pipeline_airflow/pipeline-airflow-venv/lib/python3.11/site-packages/airflow/example_dags/example_branch_operator_decorator.py
[2023-08-15T19:15:08.961-0300] {processor.py:836} INFO - DAG(s) dict_keys(['example_branch_python_operator_decorator']) retrieved from /home/alan/repos/pipeline_airflow/pipeline-airflow-venv/lib/python3.11/site-packages/airflow/example_dags/example_branch_operator_decorator.py
[2023-08-15T19:15:08.995-0300] {logging_mixin.py:150} INFO - [2023-08-15T19:15:08.995-0300] {dag.py:2742} INFO - Sync 1 DAGs
[2023-08-15T19:15:09.033-0300] {logging_mixin.py:150} INFO - [2023-08-15T19:15:09.033-0300] {dag.py:3504} INFO - Setting next_dagrun for example_branch_python_operator_decorator to 2023-08-14T00:00:00+00:00, run_after=2023-08-15T00:00:00+00:00
[2023-08-15T19:15:09.138-0300] {processor.py:179} INFO - Processing /home/alan/repos/pipeline_airflow/pipeline-airflow-venv/lib/python3.11/site-packages/airflow/example_dags/example_branch_operator_decorator.py took 0.223 seconds
[2023-08-15T19:16:09.005-0300] {processor.py:157} INFO - Started process (PID=30502) to work on /home/alan/repos/pipeline_airflow/pipeline-airflow-venv/lib/python3.11/site-packages/airflow/example_dags/example_branch_operator_decorator.py
[2023-08-15T19:16:09.012-0300] {processor.py:826} INFO - Processing file /home/alan/repos/pipeline_airflow/pipeline-airflow-venv/lib/python3.11/site-packages/airflow/example_dags/example_branch_operator_decorator.py for tasks to queue
[2023-08-15T19:16:09.014-0300] {logging_mixin.py:150} INFO - [2023-08-15T19:16:09.013-0300] {dagbag.py:541} INFO - Filling up the DagBag from /home/alan/repos/pipeline_airflow/pipeline-airflow-venv/lib/python3.11/site-packages/airflow/example_dags/example_branch_operator_decorator.py
[2023-08-15T19:16:09.037-0300] {processor.py:836} INFO - DAG(s) dict_keys(['example_branch_python_operator_decorator']) retrieved from /home/alan/repos/pipeline_airflow/pipeline-airflow-venv/lib/python3.11/site-packages/airflow/example_dags/example_branch_operator_decorator.py
[2023-08-15T19:16:09.073-0300] {logging_mixin.py:150} INFO - [2023-08-15T19:16:09.073-0300] {dag.py:2742} INFO - Sync 1 DAGs
[2023-08-15T19:16:09.111-0300] {logging_mixin.py:150} INFO - [2023-08-15T19:16:09.111-0300] {dag.py:3504} INFO - Setting next_dagrun for example_branch_python_operator_decorator to 2023-08-14T00:00:00+00:00, run_after=2023-08-15T00:00:00+00:00
[2023-08-15T19:16:09.215-0300] {processor.py:179} INFO - Processing /home/alan/repos/pipeline_airflow/pipeline-airflow-venv/lib/python3.11/site-packages/airflow/example_dags/example_branch_operator_decorator.py took 0.217 seconds
[2023-08-15T19:17:08.199-0300] {processor.py:157} INFO - Started process (PID=30667) to work on /home/alan/repos/pipeline_airflow/pipeline-airflow-venv/lib/python3.11/site-packages/airflow/example_dags/example_branch_operator_decorator.py
[2023-08-15T19:17:08.208-0300] {processor.py:826} INFO - Processing file /home/alan/repos/pipeline_airflow/pipeline-airflow-venv/lib/python3.11/site-packages/airflow/example_dags/example_branch_operator_decorator.py for tasks to queue
[2023-08-15T19:17:08.209-0300] {logging_mixin.py:150} INFO - [2023-08-15T19:17:08.209-0300] {dagbag.py:541} INFO - Filling up the DagBag from /home/alan/repos/pipeline_airflow/pipeline-airflow-venv/lib/python3.11/site-packages/airflow/example_dags/example_branch_operator_decorator.py
[2023-08-15T19:17:08.232-0300] {processor.py:836} INFO - DAG(s) dict_keys(['example_branch_python_operator_decorator']) retrieved from /home/alan/repos/pipeline_airflow/pipeline-airflow-venv/lib/python3.11/site-packages/airflow/example_dags/example_branch_operator_decorator.py
[2023-08-15T19:17:08.266-0300] {logging_mixin.py:150} INFO - [2023-08-15T19:17:08.265-0300] {dag.py:2742} INFO - Sync 1 DAGs
[2023-08-15T19:17:08.303-0300] {logging_mixin.py:150} INFO - [2023-08-15T19:17:08.303-0300] {dag.py:3504} INFO - Setting next_dagrun for example_branch_python_operator_decorator to 2023-08-14T00:00:00+00:00, run_after=2023-08-15T00:00:00+00:00
[2023-08-15T19:17:08.397-0300] {processor.py:179} INFO - Processing /home/alan/repos/pipeline_airflow/pipeline-airflow-venv/lib/python3.11/site-packages/airflow/example_dags/example_branch_operator_decorator.py took 0.204 seconds
[2023-08-15T19:18:10.245-0300] {processor.py:157} INFO - Started process (PID=30821) to work on /home/alan/repos/pipeline_airflow/pipeline-airflow-venv/lib/python3.11/site-packages/airflow/example_dags/example_branch_operator_decorator.py
[2023-08-15T19:18:10.248-0300] {processor.py:826} INFO - Processing file /home/alan/repos/pipeline_airflow/pipeline-airflow-venv/lib/python3.11/site-packages/airflow/example_dags/example_branch_operator_decorator.py for tasks to queue
[2023-08-15T19:18:10.250-0300] {logging_mixin.py:150} INFO - [2023-08-15T19:18:10.249-0300] {dagbag.py:541} INFO - Filling up the DagBag from /home/alan/repos/pipeline_airflow/pipeline-airflow-venv/lib/python3.11/site-packages/airflow/example_dags/example_branch_operator_decorator.py
[2023-08-15T19:18:10.272-0300] {processor.py:836} INFO - DAG(s) dict_keys(['example_branch_python_operator_decorator']) retrieved from /home/alan/repos/pipeline_airflow/pipeline-airflow-venv/lib/python3.11/site-packages/airflow/example_dags/example_branch_operator_decorator.py
[2023-08-15T19:18:10.328-0300] {logging_mixin.py:150} INFO - [2023-08-15T19:18:10.328-0300] {dag.py:2742} INFO - Sync 1 DAGs
[2023-08-15T19:18:10.366-0300] {logging_mixin.py:150} INFO - [2023-08-15T19:18:10.366-0300] {dag.py:3504} INFO - Setting next_dagrun for example_branch_python_operator_decorator to 2023-08-14T00:00:00+00:00, run_after=2023-08-15T00:00:00+00:00
[2023-08-15T19:18:10.466-0300] {processor.py:179} INFO - Processing /home/alan/repos/pipeline_airflow/pipeline-airflow-venv/lib/python3.11/site-packages/airflow/example_dags/example_branch_operator_decorator.py took 0.228 seconds
[2023-08-15T19:19:34.742-0300] {processor.py:157} INFO - Started process (PID=31036) to work on /home/alan/repos/pipeline_airflow/pipeline-airflow-venv/lib/python3.11/site-packages/airflow/example_dags/example_branch_operator_decorator.py
[2023-08-15T19:19:34.754-0300] {processor.py:826} INFO - Processing file /home/alan/repos/pipeline_airflow/pipeline-airflow-venv/lib/python3.11/site-packages/airflow/example_dags/example_branch_operator_decorator.py for tasks to queue
[2023-08-15T19:19:34.756-0300] {logging_mixin.py:150} INFO - [2023-08-15T19:19:34.755-0300] {dagbag.py:541} INFO - Filling up the DagBag from /home/alan/repos/pipeline_airflow/pipeline-airflow-venv/lib/python3.11/site-packages/airflow/example_dags/example_branch_operator_decorator.py
[2023-08-15T19:19:34.797-0300] {processor.py:836} INFO - DAG(s) dict_keys(['example_branch_python_operator_decorator']) retrieved from /home/alan/repos/pipeline_airflow/pipeline-airflow-venv/lib/python3.11/site-packages/airflow/example_dags/example_branch_operator_decorator.py
[2023-08-15T19:19:34.830-0300] {logging_mixin.py:150} INFO - [2023-08-15T19:19:34.830-0300] {dag.py:2742} INFO - Sync 1 DAGs
[2023-08-15T19:19:34.869-0300] {logging_mixin.py:150} INFO - [2023-08-15T19:19:34.869-0300] {dag.py:3504} INFO - Setting next_dagrun for example_branch_python_operator_decorator to 2023-08-14T00:00:00+00:00, run_after=2023-08-15T00:00:00+00:00
[2023-08-15T19:19:34.977-0300] {processor.py:179} INFO - Processing /home/alan/repos/pipeline_airflow/pipeline-airflow-venv/lib/python3.11/site-packages/airflow/example_dags/example_branch_operator_decorator.py took 0.242 seconds
[2023-08-15T19:20:36.944-0300] {processor.py:157} INFO - Started process (PID=31259) to work on /home/alan/repos/pipeline_airflow/pipeline-airflow-venv/lib/python3.11/site-packages/airflow/example_dags/example_branch_operator_decorator.py
[2023-08-15T19:20:36.947-0300] {processor.py:826} INFO - Processing file /home/alan/repos/pipeline_airflow/pipeline-airflow-venv/lib/python3.11/site-packages/airflow/example_dags/example_branch_operator_decorator.py for tasks to queue
[2023-08-15T19:20:36.949-0300] {logging_mixin.py:150} INFO - [2023-08-15T19:20:36.948-0300] {dagbag.py:541} INFO - Filling up the DagBag from /home/alan/repos/pipeline_airflow/pipeline-airflow-venv/lib/python3.11/site-packages/airflow/example_dags/example_branch_operator_decorator.py
[2023-08-15T19:20:36.971-0300] {processor.py:836} INFO - DAG(s) dict_keys(['example_branch_python_operator_decorator']) retrieved from /home/alan/repos/pipeline_airflow/pipeline-airflow-venv/lib/python3.11/site-packages/airflow/example_dags/example_branch_operator_decorator.py
[2023-08-15T19:20:37.005-0300] {logging_mixin.py:150} INFO - [2023-08-15T19:20:37.005-0300] {dag.py:2742} INFO - Sync 1 DAGs
[2023-08-15T19:20:37.054-0300] {logging_mixin.py:150} INFO - [2023-08-15T19:20:37.053-0300] {dag.py:3504} INFO - Setting next_dagrun for example_branch_python_operator_decorator to 2023-08-14T00:00:00+00:00, run_after=2023-08-15T00:00:00+00:00
[2023-08-15T19:20:37.163-0300] {processor.py:179} INFO - Processing /home/alan/repos/pipeline_airflow/pipeline-airflow-venv/lib/python3.11/site-packages/airflow/example_dags/example_branch_operator_decorator.py took 0.225 seconds
[2023-08-15T19:21:51.997-0300] {processor.py:157} INFO - Started process (PID=31601) to work on /home/alan/repos/pipeline_airflow/pipeline-airflow-venv/lib/python3.11/site-packages/airflow/example_dags/example_branch_operator_decorator.py
[2023-08-15T19:21:52.011-0300] {processor.py:826} INFO - Processing file /home/alan/repos/pipeline_airflow/pipeline-airflow-venv/lib/python3.11/site-packages/airflow/example_dags/example_branch_operator_decorator.py for tasks to queue
[2023-08-15T19:21:52.013-0300] {logging_mixin.py:150} INFO - [2023-08-15T19:21:52.012-0300] {dagbag.py:541} INFO - Filling up the DagBag from /home/alan/repos/pipeline_airflow/pipeline-airflow-venv/lib/python3.11/site-packages/airflow/example_dags/example_branch_operator_decorator.py
[2023-08-15T19:21:52.039-0300] {processor.py:836} INFO - DAG(s) dict_keys(['example_branch_python_operator_decorator']) retrieved from /home/alan/repos/pipeline_airflow/pipeline-airflow-venv/lib/python3.11/site-packages/airflow/example_dags/example_branch_operator_decorator.py
[2023-08-15T19:21:52.076-0300] {logging_mixin.py:150} INFO - [2023-08-15T19:21:52.076-0300] {dag.py:2742} INFO - Sync 1 DAGs
[2023-08-15T19:21:52.118-0300] {logging_mixin.py:150} INFO - [2023-08-15T19:21:52.117-0300] {dag.py:3504} INFO - Setting next_dagrun for example_branch_python_operator_decorator to 2023-08-14T00:00:00+00:00, run_after=2023-08-15T00:00:00+00:00
[2023-08-15T19:21:52.336-0300] {processor.py:179} INFO - Processing /home/alan/repos/pipeline_airflow/pipeline-airflow-venv/lib/python3.11/site-packages/airflow/example_dags/example_branch_operator_decorator.py took 0.345 seconds
