[2023-08-15T18:19:45.932-0300] {processor.py:157} INFO - Started process (PID=18312) to work on /home/alan/repos/pipeline_airflow/pipeline-airflow-venv/lib/python3.11/site-packages/airflow/example_dags/example_trigger_controller_dag.py
[2023-08-15T18:19:45.934-0300] {processor.py:826} INFO - Processing file /home/alan/repos/pipeline_airflow/pipeline-airflow-venv/lib/python3.11/site-packages/airflow/example_dags/example_trigger_controller_dag.py for tasks to queue
[2023-08-15T18:19:45.936-0300] {logging_mixin.py:150} INFO - [2023-08-15T18:19:45.935-0300] {dagbag.py:541} INFO - Filling up the DagBag from /home/alan/repos/pipeline_airflow/pipeline-airflow-venv/lib/python3.11/site-packages/airflow/example_dags/example_trigger_controller_dag.py
[2023-08-15T18:19:45.944-0300] {processor.py:836} INFO - DAG(s) dict_keys(['example_trigger_controller_dag']) retrieved from /home/alan/repos/pipeline_airflow/pipeline-airflow-venv/lib/python3.11/site-packages/airflow/example_dags/example_trigger_controller_dag.py
[2023-08-15T18:19:46.292-0300] {logging_mixin.py:150} INFO - [2023-08-15T18:19:46.291-0300] {manager.py:504} INFO - Created Permission View: can delete on DAG:example_trigger_controller_dag
[2023-08-15T18:19:46.402-0300] {logging_mixin.py:150} INFO - [2023-08-15T18:19:46.402-0300] {manager.py:504} INFO - Created Permission View: can edit on DAG:example_trigger_controller_dag
[2023-08-15T18:19:46.490-0300] {logging_mixin.py:150} INFO - [2023-08-15T18:19:46.489-0300] {manager.py:504} INFO - Created Permission View: can read on DAG:example_trigger_controller_dag
[2023-08-15T18:19:46.508-0300] {logging_mixin.py:150} INFO - [2023-08-15T18:19:46.507-0300] {dag.py:2742} INFO - Sync 1 DAGs
[2023-08-15T18:19:46.525-0300] {logging_mixin.py:150} INFO - [2023-08-15T18:19:46.525-0300] {dag.py:2763} INFO - Creating ORM DAG for example_trigger_controller_dag
[2023-08-15T18:19:46.540-0300] {logging_mixin.py:150} INFO - [2023-08-15T18:19:46.540-0300] {dag.py:3504} INFO - Setting next_dagrun for example_trigger_controller_dag to 2021-01-01T00:00:00+00:00, run_after=2021-01-01T00:00:00+00:00
[2023-08-15T18:19:46.710-0300] {processor.py:179} INFO - Processing /home/alan/repos/pipeline_airflow/pipeline-airflow-venv/lib/python3.11/site-packages/airflow/example_dags/example_trigger_controller_dag.py took 0.784 seconds
[2023-08-15T18:21:06.927-0300] {processor.py:157} INFO - Started process (PID=18838) to work on /home/alan/repos/pipeline_airflow/pipeline-airflow-venv/lib/python3.11/site-packages/airflow/example_dags/example_trigger_controller_dag.py
[2023-08-15T18:21:06.929-0300] {processor.py:826} INFO - Processing file /home/alan/repos/pipeline_airflow/pipeline-airflow-venv/lib/python3.11/site-packages/airflow/example_dags/example_trigger_controller_dag.py for tasks to queue
[2023-08-15T18:21:06.931-0300] {logging_mixin.py:150} INFO - [2023-08-15T18:21:06.930-0300] {dagbag.py:541} INFO - Filling up the DagBag from /home/alan/repos/pipeline_airflow/pipeline-airflow-venv/lib/python3.11/site-packages/airflow/example_dags/example_trigger_controller_dag.py
[2023-08-15T18:21:06.940-0300] {processor.py:836} INFO - DAG(s) dict_keys(['example_trigger_controller_dag']) retrieved from /home/alan/repos/pipeline_airflow/pipeline-airflow-venv/lib/python3.11/site-packages/airflow/example_dags/example_trigger_controller_dag.py
[2023-08-15T18:21:06.972-0300] {logging_mixin.py:150} INFO - [2023-08-15T18:21:06.972-0300] {dag.py:2742} INFO - Sync 1 DAGs
[2023-08-15T18:21:07.009-0300] {logging_mixin.py:150} INFO - [2023-08-15T18:21:07.009-0300] {dag.py:3504} INFO - Setting next_dagrun for example_trigger_controller_dag to 2021-01-01T00:00:00+00:00, run_after=2021-01-01T00:00:00+00:00
[2023-08-15T18:21:07.148-0300] {processor.py:179} INFO - Processing /home/alan/repos/pipeline_airflow/pipeline-airflow-venv/lib/python3.11/site-packages/airflow/example_dags/example_trigger_controller_dag.py took 0.227 seconds
[2023-08-15T18:22:02.550-0300] {processor.py:157} INFO - Started process (PID=19045) to work on /home/alan/repos/pipeline_airflow/pipeline-airflow-venv/lib/python3.11/site-packages/airflow/example_dags/example_trigger_controller_dag.py
[2023-08-15T18:22:02.551-0300] {processor.py:826} INFO - Processing file /home/alan/repos/pipeline_airflow/pipeline-airflow-venv/lib/python3.11/site-packages/airflow/example_dags/example_trigger_controller_dag.py for tasks to queue
[2023-08-15T18:22:02.553-0300] {logging_mixin.py:150} INFO - [2023-08-15T18:22:02.552-0300] {dagbag.py:541} INFO - Filling up the DagBag from /home/alan/repos/pipeline_airflow/pipeline-airflow-venv/lib/python3.11/site-packages/airflow/example_dags/example_trigger_controller_dag.py
[2023-08-15T18:22:02.562-0300] {processor.py:836} INFO - DAG(s) dict_keys(['example_trigger_controller_dag']) retrieved from /home/alan/repos/pipeline_airflow/pipeline-airflow-venv/lib/python3.11/site-packages/airflow/example_dags/example_trigger_controller_dag.py
[2023-08-15T18:22:02.598-0300] {logging_mixin.py:150} INFO - [2023-08-15T18:22:02.597-0300] {dag.py:2742} INFO - Sync 1 DAGs
[2023-08-15T18:22:02.637-0300] {logging_mixin.py:150} INFO - [2023-08-15T18:22:02.636-0300] {dag.py:3504} INFO - Setting next_dagrun for example_trigger_controller_dag to 2021-01-01T00:00:00+00:00, run_after=2021-01-01T00:00:00+00:00
[2023-08-15T18:22:02.747-0300] {processor.py:179} INFO - Processing /home/alan/repos/pipeline_airflow/pipeline-airflow-venv/lib/python3.11/site-packages/airflow/example_dags/example_trigger_controller_dag.py took 0.204 seconds
[2023-08-15T18:22:55.157-0300] {processor.py:157} INFO - Started process (PID=19226) to work on /home/alan/repos/pipeline_airflow/pipeline-airflow-venv/lib/python3.11/site-packages/airflow/example_dags/example_trigger_controller_dag.py
[2023-08-15T18:22:55.159-0300] {processor.py:826} INFO - Processing file /home/alan/repos/pipeline_airflow/pipeline-airflow-venv/lib/python3.11/site-packages/airflow/example_dags/example_trigger_controller_dag.py for tasks to queue
[2023-08-15T18:22:55.160-0300] {logging_mixin.py:150} INFO - [2023-08-15T18:22:55.160-0300] {dagbag.py:541} INFO - Filling up the DagBag from /home/alan/repos/pipeline_airflow/pipeline-airflow-venv/lib/python3.11/site-packages/airflow/example_dags/example_trigger_controller_dag.py
[2023-08-15T18:22:55.169-0300] {processor.py:836} INFO - DAG(s) dict_keys(['example_trigger_controller_dag']) retrieved from /home/alan/repos/pipeline_airflow/pipeline-airflow-venv/lib/python3.11/site-packages/airflow/example_dags/example_trigger_controller_dag.py
[2023-08-15T18:22:55.200-0300] {logging_mixin.py:150} INFO - [2023-08-15T18:22:55.200-0300] {dag.py:2742} INFO - Sync 1 DAGs
[2023-08-15T18:22:55.234-0300] {logging_mixin.py:150} INFO - [2023-08-15T18:22:55.234-0300] {dag.py:3504} INFO - Setting next_dagrun for example_trigger_controller_dag to 2021-01-01T00:00:00+00:00, run_after=2021-01-01T00:00:00+00:00
[2023-08-15T18:22:55.330-0300] {processor.py:179} INFO - Processing /home/alan/repos/pipeline_airflow/pipeline-airflow-venv/lib/python3.11/site-packages/airflow/example_dags/example_trigger_controller_dag.py took 0.179 seconds
[2023-08-15T18:23:55.556-0300] {processor.py:157} INFO - Started process (PID=19456) to work on /home/alan/repos/pipeline_airflow/pipeline-airflow-venv/lib/python3.11/site-packages/airflow/example_dags/example_trigger_controller_dag.py
[2023-08-15T18:23:55.569-0300] {processor.py:826} INFO - Processing file /home/alan/repos/pipeline_airflow/pipeline-airflow-venv/lib/python3.11/site-packages/airflow/example_dags/example_trigger_controller_dag.py for tasks to queue
[2023-08-15T18:23:55.571-0300] {logging_mixin.py:150} INFO - [2023-08-15T18:23:55.570-0300] {dagbag.py:541} INFO - Filling up the DagBag from /home/alan/repos/pipeline_airflow/pipeline-airflow-venv/lib/python3.11/site-packages/airflow/example_dags/example_trigger_controller_dag.py
[2023-08-15T18:23:55.581-0300] {processor.py:836} INFO - DAG(s) dict_keys(['example_trigger_controller_dag']) retrieved from /home/alan/repos/pipeline_airflow/pipeline-airflow-venv/lib/python3.11/site-packages/airflow/example_dags/example_trigger_controller_dag.py
[2023-08-15T18:23:55.615-0300] {logging_mixin.py:150} INFO - [2023-08-15T18:23:55.615-0300] {dag.py:2742} INFO - Sync 1 DAGs
[2023-08-15T18:23:55.885-0300] {logging_mixin.py:150} INFO - [2023-08-15T18:23:55.885-0300] {dag.py:3504} INFO - Setting next_dagrun for example_trigger_controller_dag to 2021-01-01T00:00:00+00:00, run_after=2021-01-01T00:00:00+00:00
[2023-08-15T18:23:55.993-0300] {processor.py:179} INFO - Processing /home/alan/repos/pipeline_airflow/pipeline-airflow-venv/lib/python3.11/site-packages/airflow/example_dags/example_trigger_controller_dag.py took 0.443 seconds
[2023-08-15T18:25:40.903-0300] {processor.py:157} INFO - Started process (PID=20253) to work on /home/alan/repos/pipeline_airflow/pipeline-airflow-venv/lib/python3.11/site-packages/airflow/example_dags/example_trigger_controller_dag.py
[2023-08-15T18:25:41.021-0300] {processor.py:826} INFO - Processing file /home/alan/repos/pipeline_airflow/pipeline-airflow-venv/lib/python3.11/site-packages/airflow/example_dags/example_trigger_controller_dag.py for tasks to queue
[2023-08-15T18:25:41.023-0300] {logging_mixin.py:150} INFO - [2023-08-15T18:25:41.022-0300] {dagbag.py:541} INFO - Filling up the DagBag from /home/alan/repos/pipeline_airflow/pipeline-airflow-venv/lib/python3.11/site-packages/airflow/example_dags/example_trigger_controller_dag.py
[2023-08-15T18:25:41.091-0300] {processor.py:836} INFO - DAG(s) dict_keys(['example_trigger_controller_dag']) retrieved from /home/alan/repos/pipeline_airflow/pipeline-airflow-venv/lib/python3.11/site-packages/airflow/example_dags/example_trigger_controller_dag.py
[2023-08-15T18:25:41.289-0300] {logging_mixin.py:150} INFO - [2023-08-15T18:25:41.288-0300] {dag.py:2742} INFO - Sync 1 DAGs
[2023-08-15T18:25:41.859-0300] {logging_mixin.py:150} INFO - [2023-08-15T18:25:41.859-0300] {dag.py:3504} INFO - Setting next_dagrun for example_trigger_controller_dag to 2021-01-01T00:00:00+00:00, run_after=2021-01-01T00:00:00+00:00
[2023-08-15T18:25:43.681-0300] {processor.py:179} INFO - Processing /home/alan/repos/pipeline_airflow/pipeline-airflow-venv/lib/python3.11/site-packages/airflow/example_dags/example_trigger_controller_dag.py took 2.785 seconds
[2023-08-15T18:27:14.257-0300] {processor.py:157} INFO - Started process (PID=20899) to work on /home/alan/repos/pipeline_airflow/pipeline-airflow-venv/lib/python3.11/site-packages/airflow/example_dags/example_trigger_controller_dag.py
[2023-08-15T18:27:14.264-0300] {processor.py:826} INFO - Processing file /home/alan/repos/pipeline_airflow/pipeline-airflow-venv/lib/python3.11/site-packages/airflow/example_dags/example_trigger_controller_dag.py for tasks to queue
[2023-08-15T18:27:14.265-0300] {logging_mixin.py:150} INFO - [2023-08-15T18:27:14.265-0300] {dagbag.py:541} INFO - Filling up the DagBag from /home/alan/repos/pipeline_airflow/pipeline-airflow-venv/lib/python3.11/site-packages/airflow/example_dags/example_trigger_controller_dag.py
[2023-08-15T18:27:14.273-0300] {processor.py:836} INFO - DAG(s) dict_keys(['example_trigger_controller_dag']) retrieved from /home/alan/repos/pipeline_airflow/pipeline-airflow-venv/lib/python3.11/site-packages/airflow/example_dags/example_trigger_controller_dag.py
[2023-08-15T18:27:14.309-0300] {logging_mixin.py:150} INFO - [2023-08-15T18:27:14.308-0300] {dag.py:2742} INFO - Sync 1 DAGs
[2023-08-15T18:27:14.360-0300] {logging_mixin.py:150} INFO - [2023-08-15T18:27:14.360-0300] {dag.py:3504} INFO - Setting next_dagrun for example_trigger_controller_dag to 2021-01-01T00:00:00+00:00, run_after=2021-01-01T00:00:00+00:00
[2023-08-15T18:27:14.450-0300] {processor.py:179} INFO - Processing /home/alan/repos/pipeline_airflow/pipeline-airflow-venv/lib/python3.11/site-packages/airflow/example_dags/example_trigger_controller_dag.py took 0.199 seconds
[2023-08-15T18:28:14.126-0300] {processor.py:157} INFO - Started process (PID=21115) to work on /home/alan/repos/pipeline_airflow/pipeline-airflow-venv/lib/python3.11/site-packages/airflow/example_dags/example_trigger_controller_dag.py
[2023-08-15T18:28:14.141-0300] {processor.py:826} INFO - Processing file /home/alan/repos/pipeline_airflow/pipeline-airflow-venv/lib/python3.11/site-packages/airflow/example_dags/example_trigger_controller_dag.py for tasks to queue
[2023-08-15T18:28:14.143-0300] {logging_mixin.py:150} INFO - [2023-08-15T18:28:14.142-0300] {dagbag.py:541} INFO - Filling up the DagBag from /home/alan/repos/pipeline_airflow/pipeline-airflow-venv/lib/python3.11/site-packages/airflow/example_dags/example_trigger_controller_dag.py
[2023-08-15T18:28:14.151-0300] {processor.py:836} INFO - DAG(s) dict_keys(['example_trigger_controller_dag']) retrieved from /home/alan/repos/pipeline_airflow/pipeline-airflow-venv/lib/python3.11/site-packages/airflow/example_dags/example_trigger_controller_dag.py
[2023-08-15T18:28:14.181-0300] {logging_mixin.py:150} INFO - [2023-08-15T18:28:14.181-0300] {dag.py:2742} INFO - Sync 1 DAGs
[2023-08-15T18:28:14.220-0300] {logging_mixin.py:150} INFO - [2023-08-15T18:28:14.220-0300] {dag.py:3504} INFO - Setting next_dagrun for example_trigger_controller_dag to 2021-01-01T00:00:00+00:00, run_after=2021-01-01T00:00:00+00:00
[2023-08-15T18:28:14.332-0300] {processor.py:179} INFO - Processing /home/alan/repos/pipeline_airflow/pipeline-airflow-venv/lib/python3.11/site-packages/airflow/example_dags/example_trigger_controller_dag.py took 0.211 seconds
[2023-08-15T18:29:12.294-0300] {processor.py:157} INFO - Started process (PID=21347) to work on /home/alan/repos/pipeline_airflow/pipeline-airflow-venv/lib/python3.11/site-packages/airflow/example_dags/example_trigger_controller_dag.py
[2023-08-15T18:29:12.302-0300] {processor.py:826} INFO - Processing file /home/alan/repos/pipeline_airflow/pipeline-airflow-venv/lib/python3.11/site-packages/airflow/example_dags/example_trigger_controller_dag.py for tasks to queue
[2023-08-15T18:29:12.303-0300] {logging_mixin.py:150} INFO - [2023-08-15T18:29:12.302-0300] {dagbag.py:541} INFO - Filling up the DagBag from /home/alan/repos/pipeline_airflow/pipeline-airflow-venv/lib/python3.11/site-packages/airflow/example_dags/example_trigger_controller_dag.py
[2023-08-15T18:29:12.314-0300] {processor.py:836} INFO - DAG(s) dict_keys(['example_trigger_controller_dag']) retrieved from /home/alan/repos/pipeline_airflow/pipeline-airflow-venv/lib/python3.11/site-packages/airflow/example_dags/example_trigger_controller_dag.py
[2023-08-15T18:29:12.397-0300] {logging_mixin.py:150} INFO - [2023-08-15T18:29:12.397-0300] {dag.py:2742} INFO - Sync 1 DAGs
[2023-08-15T18:29:12.465-0300] {logging_mixin.py:150} INFO - [2023-08-15T18:29:12.465-0300] {dag.py:3504} INFO - Setting next_dagrun for example_trigger_controller_dag to 2021-01-01T00:00:00+00:00, run_after=2021-01-01T00:00:00+00:00
[2023-08-15T18:29:12.609-0300] {processor.py:179} INFO - Processing /home/alan/repos/pipeline_airflow/pipeline-airflow-venv/lib/python3.11/site-packages/airflow/example_dags/example_trigger_controller_dag.py took 0.320 seconds
[2023-08-15T18:30:09.484-0300] {processor.py:157} INFO - Started process (PID=21570) to work on /home/alan/repos/pipeline_airflow/pipeline-airflow-venv/lib/python3.11/site-packages/airflow/example_dags/example_trigger_controller_dag.py
[2023-08-15T18:30:09.486-0300] {processor.py:826} INFO - Processing file /home/alan/repos/pipeline_airflow/pipeline-airflow-venv/lib/python3.11/site-packages/airflow/example_dags/example_trigger_controller_dag.py for tasks to queue
[2023-08-15T18:30:09.488-0300] {logging_mixin.py:150} INFO - [2023-08-15T18:30:09.487-0300] {dagbag.py:541} INFO - Filling up the DagBag from /home/alan/repos/pipeline_airflow/pipeline-airflow-venv/lib/python3.11/site-packages/airflow/example_dags/example_trigger_controller_dag.py
[2023-08-15T18:30:09.496-0300] {processor.py:836} INFO - DAG(s) dict_keys(['example_trigger_controller_dag']) retrieved from /home/alan/repos/pipeline_airflow/pipeline-airflow-venv/lib/python3.11/site-packages/airflow/example_dags/example_trigger_controller_dag.py
[2023-08-15T18:30:09.528-0300] {logging_mixin.py:150} INFO - [2023-08-15T18:30:09.528-0300] {dag.py:2742} INFO - Sync 1 DAGs
[2023-08-15T18:30:09.562-0300] {logging_mixin.py:150} INFO - [2023-08-15T18:30:09.562-0300] {dag.py:3504} INFO - Setting next_dagrun for example_trigger_controller_dag to 2021-01-01T00:00:00+00:00, run_after=2021-01-01T00:00:00+00:00
[2023-08-15T18:30:09.694-0300] {processor.py:179} INFO - Processing /home/alan/repos/pipeline_airflow/pipeline-airflow-venv/lib/python3.11/site-packages/airflow/example_dags/example_trigger_controller_dag.py took 0.216 seconds
[2023-08-15T18:31:05.084-0300] {processor.py:157} INFO - Started process (PID=21771) to work on /home/alan/repos/pipeline_airflow/pipeline-airflow-venv/lib/python3.11/site-packages/airflow/example_dags/example_trigger_controller_dag.py
[2023-08-15T18:31:05.085-0300] {processor.py:826} INFO - Processing file /home/alan/repos/pipeline_airflow/pipeline-airflow-venv/lib/python3.11/site-packages/airflow/example_dags/example_trigger_controller_dag.py for tasks to queue
[2023-08-15T18:31:05.087-0300] {logging_mixin.py:150} INFO - [2023-08-15T18:31:05.086-0300] {dagbag.py:541} INFO - Filling up the DagBag from /home/alan/repos/pipeline_airflow/pipeline-airflow-venv/lib/python3.11/site-packages/airflow/example_dags/example_trigger_controller_dag.py
[2023-08-15T18:31:05.098-0300] {processor.py:836} INFO - DAG(s) dict_keys(['example_trigger_controller_dag']) retrieved from /home/alan/repos/pipeline_airflow/pipeline-airflow-venv/lib/python3.11/site-packages/airflow/example_dags/example_trigger_controller_dag.py
[2023-08-15T18:31:05.141-0300] {logging_mixin.py:150} INFO - [2023-08-15T18:31:05.141-0300] {dag.py:2742} INFO - Sync 1 DAGs
[2023-08-15T18:31:05.197-0300] {logging_mixin.py:150} INFO - [2023-08-15T18:31:05.197-0300] {dag.py:3504} INFO - Setting next_dagrun for example_trigger_controller_dag to 2021-01-01T00:00:00+00:00, run_after=2021-01-01T00:00:00+00:00
[2023-08-15T18:31:05.439-0300] {processor.py:179} INFO - Processing /home/alan/repos/pipeline_airflow/pipeline-airflow-venv/lib/python3.11/site-packages/airflow/example_dags/example_trigger_controller_dag.py took 0.365 seconds
[2023-08-15T18:32:01.554-0300] {processor.py:157} INFO - Started process (PID=21971) to work on /home/alan/repos/pipeline_airflow/pipeline-airflow-venv/lib/python3.11/site-packages/airflow/example_dags/example_trigger_controller_dag.py
[2023-08-15T18:32:01.555-0300] {processor.py:826} INFO - Processing file /home/alan/repos/pipeline_airflow/pipeline-airflow-venv/lib/python3.11/site-packages/airflow/example_dags/example_trigger_controller_dag.py for tasks to queue
[2023-08-15T18:32:01.557-0300] {logging_mixin.py:150} INFO - [2023-08-15T18:32:01.556-0300] {dagbag.py:541} INFO - Filling up the DagBag from /home/alan/repos/pipeline_airflow/pipeline-airflow-venv/lib/python3.11/site-packages/airflow/example_dags/example_trigger_controller_dag.py
[2023-08-15T18:32:01.565-0300] {processor.py:836} INFO - DAG(s) dict_keys(['example_trigger_controller_dag']) retrieved from /home/alan/repos/pipeline_airflow/pipeline-airflow-venv/lib/python3.11/site-packages/airflow/example_dags/example_trigger_controller_dag.py
[2023-08-15T18:32:01.595-0300] {logging_mixin.py:150} INFO - [2023-08-15T18:32:01.595-0300] {dag.py:2742} INFO - Sync 1 DAGs
[2023-08-15T18:32:01.629-0300] {logging_mixin.py:150} INFO - [2023-08-15T18:32:01.629-0300] {dag.py:3504} INFO - Setting next_dagrun for example_trigger_controller_dag to 2021-01-01T00:00:00+00:00, run_after=2021-01-01T00:00:00+00:00
[2023-08-15T18:32:01.743-0300] {processor.py:179} INFO - Processing /home/alan/repos/pipeline_airflow/pipeline-airflow-venv/lib/python3.11/site-packages/airflow/example_dags/example_trigger_controller_dag.py took 0.195 seconds
[2023-08-15T18:32:56.628-0300] {processor.py:157} INFO - Started process (PID=22188) to work on /home/alan/repos/pipeline_airflow/pipeline-airflow-venv/lib/python3.11/site-packages/airflow/example_dags/example_trigger_controller_dag.py
[2023-08-15T18:32:56.630-0300] {processor.py:826} INFO - Processing file /home/alan/repos/pipeline_airflow/pipeline-airflow-venv/lib/python3.11/site-packages/airflow/example_dags/example_trigger_controller_dag.py for tasks to queue
[2023-08-15T18:32:56.632-0300] {logging_mixin.py:150} INFO - [2023-08-15T18:32:56.631-0300] {dagbag.py:541} INFO - Filling up the DagBag from /home/alan/repos/pipeline_airflow/pipeline-airflow-venv/lib/python3.11/site-packages/airflow/example_dags/example_trigger_controller_dag.py
[2023-08-15T18:32:56.641-0300] {processor.py:836} INFO - DAG(s) dict_keys(['example_trigger_controller_dag']) retrieved from /home/alan/repos/pipeline_airflow/pipeline-airflow-venv/lib/python3.11/site-packages/airflow/example_dags/example_trigger_controller_dag.py
[2023-08-15T18:32:56.688-0300] {logging_mixin.py:150} INFO - [2023-08-15T18:32:56.688-0300] {dag.py:2742} INFO - Sync 1 DAGs
[2023-08-15T18:32:56.743-0300] {logging_mixin.py:150} INFO - [2023-08-15T18:32:56.742-0300] {dag.py:3504} INFO - Setting next_dagrun for example_trigger_controller_dag to 2021-01-01T00:00:00+00:00, run_after=2021-01-01T00:00:00+00:00
[2023-08-15T18:32:56.900-0300] {processor.py:179} INFO - Processing /home/alan/repos/pipeline_airflow/pipeline-airflow-venv/lib/python3.11/site-packages/airflow/example_dags/example_trigger_controller_dag.py took 0.279 seconds
[2023-08-15T18:33:54.236-0300] {processor.py:157} INFO - Started process (PID=22407) to work on /home/alan/repos/pipeline_airflow/pipeline-airflow-venv/lib/python3.11/site-packages/airflow/example_dags/example_trigger_controller_dag.py
[2023-08-15T18:33:54.238-0300] {processor.py:826} INFO - Processing file /home/alan/repos/pipeline_airflow/pipeline-airflow-venv/lib/python3.11/site-packages/airflow/example_dags/example_trigger_controller_dag.py for tasks to queue
[2023-08-15T18:33:54.240-0300] {logging_mixin.py:150} INFO - [2023-08-15T18:33:54.239-0300] {dagbag.py:541} INFO - Filling up the DagBag from /home/alan/repos/pipeline_airflow/pipeline-airflow-venv/lib/python3.11/site-packages/airflow/example_dags/example_trigger_controller_dag.py
[2023-08-15T18:33:54.252-0300] {processor.py:836} INFO - DAG(s) dict_keys(['example_trigger_controller_dag']) retrieved from /home/alan/repos/pipeline_airflow/pipeline-airflow-venv/lib/python3.11/site-packages/airflow/example_dags/example_trigger_controller_dag.py
[2023-08-15T18:33:54.303-0300] {logging_mixin.py:150} INFO - [2023-08-15T18:33:54.303-0300] {dag.py:2742} INFO - Sync 1 DAGs
[2023-08-15T18:33:54.370-0300] {logging_mixin.py:150} INFO - [2023-08-15T18:33:54.370-0300] {dag.py:3504} INFO - Setting next_dagrun for example_trigger_controller_dag to 2021-01-01T00:00:00+00:00, run_after=2021-01-01T00:00:00+00:00
[2023-08-15T18:33:54.513-0300] {processor.py:179} INFO - Processing /home/alan/repos/pipeline_airflow/pipeline-airflow-venv/lib/python3.11/site-packages/airflow/example_dags/example_trigger_controller_dag.py took 0.286 seconds
[2023-08-15T18:34:49.322-0300] {processor.py:157} INFO - Started process (PID=22598) to work on /home/alan/repos/pipeline_airflow/pipeline-airflow-venv/lib/python3.11/site-packages/airflow/example_dags/example_trigger_controller_dag.py
[2023-08-15T18:34:49.324-0300] {processor.py:826} INFO - Processing file /home/alan/repos/pipeline_airflow/pipeline-airflow-venv/lib/python3.11/site-packages/airflow/example_dags/example_trigger_controller_dag.py for tasks to queue
[2023-08-15T18:34:49.325-0300] {logging_mixin.py:150} INFO - [2023-08-15T18:34:49.325-0300] {dagbag.py:541} INFO - Filling up the DagBag from /home/alan/repos/pipeline_airflow/pipeline-airflow-venv/lib/python3.11/site-packages/airflow/example_dags/example_trigger_controller_dag.py
[2023-08-15T18:34:49.332-0300] {processor.py:836} INFO - DAG(s) dict_keys(['example_trigger_controller_dag']) retrieved from /home/alan/repos/pipeline_airflow/pipeline-airflow-venv/lib/python3.11/site-packages/airflow/example_dags/example_trigger_controller_dag.py
[2023-08-15T18:34:49.362-0300] {logging_mixin.py:150} INFO - [2023-08-15T18:34:49.361-0300] {dag.py:2742} INFO - Sync 1 DAGs
[2023-08-15T18:34:49.401-0300] {logging_mixin.py:150} INFO - [2023-08-15T18:34:49.401-0300] {dag.py:3504} INFO - Setting next_dagrun for example_trigger_controller_dag to 2021-01-01T00:00:00+00:00, run_after=2021-01-01T00:00:00+00:00
[2023-08-15T18:34:49.523-0300] {processor.py:179} INFO - Processing /home/alan/repos/pipeline_airflow/pipeline-airflow-venv/lib/python3.11/site-packages/airflow/example_dags/example_trigger_controller_dag.py took 0.206 seconds
[2023-08-15T18:35:43.723-0300] {processor.py:157} INFO - Started process (PID=22792) to work on /home/alan/repos/pipeline_airflow/pipeline-airflow-venv/lib/python3.11/site-packages/airflow/example_dags/example_trigger_controller_dag.py
[2023-08-15T18:35:43.741-0300] {processor.py:826} INFO - Processing file /home/alan/repos/pipeline_airflow/pipeline-airflow-venv/lib/python3.11/site-packages/airflow/example_dags/example_trigger_controller_dag.py for tasks to queue
[2023-08-15T18:35:43.742-0300] {logging_mixin.py:150} INFO - [2023-08-15T18:35:43.742-0300] {dagbag.py:541} INFO - Filling up the DagBag from /home/alan/repos/pipeline_airflow/pipeline-airflow-venv/lib/python3.11/site-packages/airflow/example_dags/example_trigger_controller_dag.py
[2023-08-15T18:35:43.750-0300] {processor.py:836} INFO - DAG(s) dict_keys(['example_trigger_controller_dag']) retrieved from /home/alan/repos/pipeline_airflow/pipeline-airflow-venv/lib/python3.11/site-packages/airflow/example_dags/example_trigger_controller_dag.py
[2023-08-15T18:35:43.780-0300] {logging_mixin.py:150} INFO - [2023-08-15T18:35:43.780-0300] {dag.py:2742} INFO - Sync 1 DAGs
[2023-08-15T18:35:43.816-0300] {logging_mixin.py:150} INFO - [2023-08-15T18:35:43.816-0300] {dag.py:3504} INFO - Setting next_dagrun for example_trigger_controller_dag to 2021-01-01T00:00:00+00:00, run_after=2021-01-01T00:00:00+00:00
[2023-08-15T18:35:43.913-0300] {processor.py:179} INFO - Processing /home/alan/repos/pipeline_airflow/pipeline-airflow-venv/lib/python3.11/site-packages/airflow/example_dags/example_trigger_controller_dag.py took 0.195 seconds
[2023-08-15T18:36:43.827-0300] {processor.py:157} INFO - Started process (PID=23015) to work on /home/alan/repos/pipeline_airflow/pipeline-airflow-venv/lib/python3.11/site-packages/airflow/example_dags/example_trigger_controller_dag.py
[2023-08-15T18:36:43.850-0300] {processor.py:826} INFO - Processing file /home/alan/repos/pipeline_airflow/pipeline-airflow-venv/lib/python3.11/site-packages/airflow/example_dags/example_trigger_controller_dag.py for tasks to queue
[2023-08-15T18:36:43.852-0300] {logging_mixin.py:150} INFO - [2023-08-15T18:36:43.851-0300] {dagbag.py:541} INFO - Filling up the DagBag from /home/alan/repos/pipeline_airflow/pipeline-airflow-venv/lib/python3.11/site-packages/airflow/example_dags/example_trigger_controller_dag.py
[2023-08-15T18:36:43.862-0300] {processor.py:836} INFO - DAG(s) dict_keys(['example_trigger_controller_dag']) retrieved from /home/alan/repos/pipeline_airflow/pipeline-airflow-venv/lib/python3.11/site-packages/airflow/example_dags/example_trigger_controller_dag.py
[2023-08-15T18:36:43.893-0300] {logging_mixin.py:150} INFO - [2023-08-15T18:36:43.892-0300] {dag.py:2742} INFO - Sync 1 DAGs
[2023-08-15T18:36:43.937-0300] {logging_mixin.py:150} INFO - [2023-08-15T18:36:43.937-0300] {dag.py:3504} INFO - Setting next_dagrun for example_trigger_controller_dag to 2021-01-01T00:00:00+00:00, run_after=2021-01-01T00:00:00+00:00
[2023-08-15T18:36:44.057-0300] {processor.py:179} INFO - Processing /home/alan/repos/pipeline_airflow/pipeline-airflow-venv/lib/python3.11/site-packages/airflow/example_dags/example_trigger_controller_dag.py took 0.238 seconds
[2023-08-15T18:38:04.516-0300] {processor.py:157} INFO - Started process (PID=23341) to work on /home/alan/repos/pipeline_airflow/pipeline-airflow-venv/lib/python3.11/site-packages/airflow/example_dags/example_trigger_controller_dag.py
[2023-08-15T18:38:04.531-0300] {processor.py:826} INFO - Processing file /home/alan/repos/pipeline_airflow/pipeline-airflow-venv/lib/python3.11/site-packages/airflow/example_dags/example_trigger_controller_dag.py for tasks to queue
[2023-08-15T18:38:04.533-0300] {logging_mixin.py:150} INFO - [2023-08-15T18:38:04.532-0300] {dagbag.py:541} INFO - Filling up the DagBag from /home/alan/repos/pipeline_airflow/pipeline-airflow-venv/lib/python3.11/site-packages/airflow/example_dags/example_trigger_controller_dag.py
[2023-08-15T18:38:04.541-0300] {processor.py:836} INFO - DAG(s) dict_keys(['example_trigger_controller_dag']) retrieved from /home/alan/repos/pipeline_airflow/pipeline-airflow-venv/lib/python3.11/site-packages/airflow/example_dags/example_trigger_controller_dag.py
[2023-08-15T18:38:04.574-0300] {logging_mixin.py:150} INFO - [2023-08-15T18:38:04.573-0300] {dag.py:2742} INFO - Sync 1 DAGs
[2023-08-15T18:38:04.625-0300] {logging_mixin.py:150} INFO - [2023-08-15T18:38:04.625-0300] {dag.py:3504} INFO - Setting next_dagrun for example_trigger_controller_dag to 2021-01-01T00:00:00+00:00, run_after=2021-01-01T00:00:00+00:00
[2023-08-15T18:38:04.738-0300] {processor.py:179} INFO - Processing /home/alan/repos/pipeline_airflow/pipeline-airflow-venv/lib/python3.11/site-packages/airflow/example_dags/example_trigger_controller_dag.py took 0.228 seconds
[2023-08-15T18:44:29.141-0300] {processor.py:157} INFO - Started process (PID=23786) to work on /home/alan/repos/pipeline_airflow/pipeline-airflow-venv/lib/python3.11/site-packages/airflow/example_dags/example_trigger_controller_dag.py
[2023-08-15T18:44:29.152-0300] {processor.py:826} INFO - Processing file /home/alan/repos/pipeline_airflow/pipeline-airflow-venv/lib/python3.11/site-packages/airflow/example_dags/example_trigger_controller_dag.py for tasks to queue
[2023-08-15T18:44:29.153-0300] {logging_mixin.py:150} INFO - [2023-08-15T18:44:29.153-0300] {dagbag.py:541} INFO - Filling up the DagBag from /home/alan/repos/pipeline_airflow/pipeline-airflow-venv/lib/python3.11/site-packages/airflow/example_dags/example_trigger_controller_dag.py
[2023-08-15T18:44:29.163-0300] {processor.py:836} INFO - DAG(s) dict_keys(['example_trigger_controller_dag']) retrieved from /home/alan/repos/pipeline_airflow/pipeline-airflow-venv/lib/python3.11/site-packages/airflow/example_dags/example_trigger_controller_dag.py
[2023-08-15T18:44:29.647-0300] {logging_mixin.py:150} INFO - [2023-08-15T18:44:29.647-0300] {dag.py:2742} INFO - Sync 1 DAGs
[2023-08-15T18:44:29.700-0300] {logging_mixin.py:150} INFO - [2023-08-15T18:44:29.700-0300] {dag.py:3504} INFO - Setting next_dagrun for example_trigger_controller_dag to 2021-01-01T00:00:00+00:00, run_after=2021-01-01T00:00:00+00:00
[2023-08-15T18:44:29.858-0300] {processor.py:179} INFO - Processing /home/alan/repos/pipeline_airflow/pipeline-airflow-venv/lib/python3.11/site-packages/airflow/example_dags/example_trigger_controller_dag.py took 0.737 seconds
[2023-08-15T18:45:47.293-0300] {processor.py:157} INFO - Started process (PID=24155) to work on /home/alan/repos/pipeline_airflow/pipeline-airflow-venv/lib/python3.11/site-packages/airflow/example_dags/example_trigger_controller_dag.py
[2023-08-15T18:45:47.306-0300] {processor.py:826} INFO - Processing file /home/alan/repos/pipeline_airflow/pipeline-airflow-venv/lib/python3.11/site-packages/airflow/example_dags/example_trigger_controller_dag.py for tasks to queue
[2023-08-15T18:45:47.307-0300] {logging_mixin.py:150} INFO - [2023-08-15T18:45:47.307-0300] {dagbag.py:541} INFO - Filling up the DagBag from /home/alan/repos/pipeline_airflow/pipeline-airflow-venv/lib/python3.11/site-packages/airflow/example_dags/example_trigger_controller_dag.py
[2023-08-15T18:45:47.317-0300] {processor.py:836} INFO - DAG(s) dict_keys(['example_trigger_controller_dag']) retrieved from /home/alan/repos/pipeline_airflow/pipeline-airflow-venv/lib/python3.11/site-packages/airflow/example_dags/example_trigger_controller_dag.py
[2023-08-15T18:45:47.351-0300] {logging_mixin.py:150} INFO - [2023-08-15T18:45:47.351-0300] {dag.py:2742} INFO - Sync 1 DAGs
[2023-08-15T18:45:47.389-0300] {logging_mixin.py:150} INFO - [2023-08-15T18:45:47.388-0300] {dag.py:3504} INFO - Setting next_dagrun for example_trigger_controller_dag to 2021-01-01T00:00:00+00:00, run_after=2021-01-01T00:00:00+00:00
[2023-08-15T18:45:47.515-0300] {processor.py:179} INFO - Processing /home/alan/repos/pipeline_airflow/pipeline-airflow-venv/lib/python3.11/site-packages/airflow/example_dags/example_trigger_controller_dag.py took 0.228 seconds
[2023-08-15T18:46:54.522-0300] {processor.py:157} INFO - Started process (PID=24386) to work on /home/alan/repos/pipeline_airflow/pipeline-airflow-venv/lib/python3.11/site-packages/airflow/example_dags/example_trigger_controller_dag.py
[2023-08-15T18:46:54.533-0300] {processor.py:826} INFO - Processing file /home/alan/repos/pipeline_airflow/pipeline-airflow-venv/lib/python3.11/site-packages/airflow/example_dags/example_trigger_controller_dag.py for tasks to queue
[2023-08-15T18:46:54.534-0300] {logging_mixin.py:150} INFO - [2023-08-15T18:46:54.534-0300] {dagbag.py:541} INFO - Filling up the DagBag from /home/alan/repos/pipeline_airflow/pipeline-airflow-venv/lib/python3.11/site-packages/airflow/example_dags/example_trigger_controller_dag.py
[2023-08-15T18:46:54.543-0300] {processor.py:836} INFO - DAG(s) dict_keys(['example_trigger_controller_dag']) retrieved from /home/alan/repos/pipeline_airflow/pipeline-airflow-venv/lib/python3.11/site-packages/airflow/example_dags/example_trigger_controller_dag.py
[2023-08-15T18:46:54.668-0300] {logging_mixin.py:150} INFO - [2023-08-15T18:46:54.667-0300] {dag.py:2742} INFO - Sync 1 DAGs
[2023-08-15T18:46:54.727-0300] {logging_mixin.py:150} INFO - [2023-08-15T18:46:54.726-0300] {dag.py:3504} INFO - Setting next_dagrun for example_trigger_controller_dag to 2021-01-01T00:00:00+00:00, run_after=2021-01-01T00:00:00+00:00
[2023-08-15T18:46:54.853-0300] {processor.py:179} INFO - Processing /home/alan/repos/pipeline_airflow/pipeline-airflow-venv/lib/python3.11/site-packages/airflow/example_dags/example_trigger_controller_dag.py took 0.341 seconds
[2023-08-15T18:47:57.633-0300] {processor.py:157} INFO - Started process (PID=24614) to work on /home/alan/repos/pipeline_airflow/pipeline-airflow-venv/lib/python3.11/site-packages/airflow/example_dags/example_trigger_controller_dag.py
[2023-08-15T18:47:57.646-0300] {processor.py:826} INFO - Processing file /home/alan/repos/pipeline_airflow/pipeline-airflow-venv/lib/python3.11/site-packages/airflow/example_dags/example_trigger_controller_dag.py for tasks to queue
[2023-08-15T18:47:57.648-0300] {logging_mixin.py:150} INFO - [2023-08-15T18:47:57.647-0300] {dagbag.py:541} INFO - Filling up the DagBag from /home/alan/repos/pipeline_airflow/pipeline-airflow-venv/lib/python3.11/site-packages/airflow/example_dags/example_trigger_controller_dag.py
[2023-08-15T18:47:57.657-0300] {processor.py:836} INFO - DAG(s) dict_keys(['example_trigger_controller_dag']) retrieved from /home/alan/repos/pipeline_airflow/pipeline-airflow-venv/lib/python3.11/site-packages/airflow/example_dags/example_trigger_controller_dag.py
[2023-08-15T18:47:57.694-0300] {logging_mixin.py:150} INFO - [2023-08-15T18:47:57.694-0300] {dag.py:2742} INFO - Sync 1 DAGs
[2023-08-15T18:47:57.734-0300] {logging_mixin.py:150} INFO - [2023-08-15T18:47:57.733-0300] {dag.py:3504} INFO - Setting next_dagrun for example_trigger_controller_dag to 2021-01-01T00:00:00+00:00, run_after=2021-01-01T00:00:00+00:00
[2023-08-15T18:47:57.844-0300] {processor.py:179} INFO - Processing /home/alan/repos/pipeline_airflow/pipeline-airflow-venv/lib/python3.11/site-packages/airflow/example_dags/example_trigger_controller_dag.py took 0.218 seconds
[2023-08-15T18:49:06.434-0300] {processor.py:157} INFO - Started process (PID=24834) to work on /home/alan/repos/pipeline_airflow/pipeline-airflow-venv/lib/python3.11/site-packages/airflow/example_dags/example_trigger_controller_dag.py
[2023-08-15T18:49:06.445-0300] {processor.py:826} INFO - Processing file /home/alan/repos/pipeline_airflow/pipeline-airflow-venv/lib/python3.11/site-packages/airflow/example_dags/example_trigger_controller_dag.py for tasks to queue
[2023-08-15T18:49:06.447-0300] {logging_mixin.py:150} INFO - [2023-08-15T18:49:06.446-0300] {dagbag.py:541} INFO - Filling up the DagBag from /home/alan/repos/pipeline_airflow/pipeline-airflow-venv/lib/python3.11/site-packages/airflow/example_dags/example_trigger_controller_dag.py
[2023-08-15T18:49:06.459-0300] {processor.py:836} INFO - DAG(s) dict_keys(['example_trigger_controller_dag']) retrieved from /home/alan/repos/pipeline_airflow/pipeline-airflow-venv/lib/python3.11/site-packages/airflow/example_dags/example_trigger_controller_dag.py
[2023-08-15T18:49:06.526-0300] {logging_mixin.py:150} INFO - [2023-08-15T18:49:06.525-0300] {dag.py:2742} INFO - Sync 1 DAGs
[2023-08-15T18:49:06.822-0300] {logging_mixin.py:150} INFO - [2023-08-15T18:49:06.821-0300] {dag.py:3504} INFO - Setting next_dagrun for example_trigger_controller_dag to 2021-01-01T00:00:00+00:00, run_after=2021-01-01T00:00:00+00:00
[2023-08-15T18:49:06.942-0300] {processor.py:179} INFO - Processing /home/alan/repos/pipeline_airflow/pipeline-airflow-venv/lib/python3.11/site-packages/airflow/example_dags/example_trigger_controller_dag.py took 0.514 seconds
[2023-08-15T18:50:09.050-0300] {processor.py:157} INFO - Started process (PID=25058) to work on /home/alan/repos/pipeline_airflow/pipeline-airflow-venv/lib/python3.11/site-packages/airflow/example_dags/example_trigger_controller_dag.py
[2023-08-15T18:50:09.062-0300] {processor.py:826} INFO - Processing file /home/alan/repos/pipeline_airflow/pipeline-airflow-venv/lib/python3.11/site-packages/airflow/example_dags/example_trigger_controller_dag.py for tasks to queue
[2023-08-15T18:50:09.064-0300] {logging_mixin.py:150} INFO - [2023-08-15T18:50:09.063-0300] {dagbag.py:541} INFO - Filling up the DagBag from /home/alan/repos/pipeline_airflow/pipeline-airflow-venv/lib/python3.11/site-packages/airflow/example_dags/example_trigger_controller_dag.py
[2023-08-15T18:50:09.076-0300] {processor.py:836} INFO - DAG(s) dict_keys(['example_trigger_controller_dag']) retrieved from /home/alan/repos/pipeline_airflow/pipeline-airflow-venv/lib/python3.11/site-packages/airflow/example_dags/example_trigger_controller_dag.py
[2023-08-15T18:50:09.140-0300] {logging_mixin.py:150} INFO - [2023-08-15T18:50:09.139-0300] {dag.py:2742} INFO - Sync 1 DAGs
[2023-08-15T18:50:09.187-0300] {logging_mixin.py:150} INFO - [2023-08-15T18:50:09.186-0300] {dag.py:3504} INFO - Setting next_dagrun for example_trigger_controller_dag to 2021-01-01T00:00:00+00:00, run_after=2021-01-01T00:00:00+00:00
[2023-08-15T18:50:09.301-0300] {processor.py:179} INFO - Processing /home/alan/repos/pipeline_airflow/pipeline-airflow-venv/lib/python3.11/site-packages/airflow/example_dags/example_trigger_controller_dag.py took 0.262 seconds
[2023-08-15T18:51:13.996-0300] {processor.py:157} INFO - Started process (PID=25340) to work on /home/alan/repos/pipeline_airflow/pipeline-airflow-venv/lib/python3.11/site-packages/airflow/example_dags/example_trigger_controller_dag.py
[2023-08-15T18:51:13.999-0300] {processor.py:826} INFO - Processing file /home/alan/repos/pipeline_airflow/pipeline-airflow-venv/lib/python3.11/site-packages/airflow/example_dags/example_trigger_controller_dag.py for tasks to queue
[2023-08-15T18:51:14.001-0300] {logging_mixin.py:150} INFO - [2023-08-15T18:51:14.000-0300] {dagbag.py:541} INFO - Filling up the DagBag from /home/alan/repos/pipeline_airflow/pipeline-airflow-venv/lib/python3.11/site-packages/airflow/example_dags/example_trigger_controller_dag.py
[2023-08-15T18:51:14.009-0300] {processor.py:836} INFO - DAG(s) dict_keys(['example_trigger_controller_dag']) retrieved from /home/alan/repos/pipeline_airflow/pipeline-airflow-venv/lib/python3.11/site-packages/airflow/example_dags/example_trigger_controller_dag.py
[2023-08-15T18:51:14.041-0300] {logging_mixin.py:150} INFO - [2023-08-15T18:51:14.040-0300] {dag.py:2742} INFO - Sync 1 DAGs
[2023-08-15T18:51:14.078-0300] {logging_mixin.py:150} INFO - [2023-08-15T18:51:14.078-0300] {dag.py:3504} INFO - Setting next_dagrun for example_trigger_controller_dag to 2021-01-01T00:00:00+00:00, run_after=2021-01-01T00:00:00+00:00
[2023-08-15T18:51:14.248-0300] {processor.py:179} INFO - Processing /home/alan/repos/pipeline_airflow/pipeline-airflow-venv/lib/python3.11/site-packages/airflow/example_dags/example_trigger_controller_dag.py took 0.257 seconds
[2023-08-15T18:52:25.227-0300] {processor.py:157} INFO - Started process (PID=25696) to work on /home/alan/repos/pipeline_airflow/pipeline-airflow-venv/lib/python3.11/site-packages/airflow/example_dags/example_trigger_controller_dag.py
[2023-08-15T18:52:25.245-0300] {processor.py:826} INFO - Processing file /home/alan/repos/pipeline_airflow/pipeline-airflow-venv/lib/python3.11/site-packages/airflow/example_dags/example_trigger_controller_dag.py for tasks to queue
[2023-08-15T18:52:25.246-0300] {logging_mixin.py:150} INFO - [2023-08-15T18:52:25.245-0300] {dagbag.py:541} INFO - Filling up the DagBag from /home/alan/repos/pipeline_airflow/pipeline-airflow-venv/lib/python3.11/site-packages/airflow/example_dags/example_trigger_controller_dag.py
[2023-08-15T18:52:25.255-0300] {processor.py:836} INFO - DAG(s) dict_keys(['example_trigger_controller_dag']) retrieved from /home/alan/repos/pipeline_airflow/pipeline-airflow-venv/lib/python3.11/site-packages/airflow/example_dags/example_trigger_controller_dag.py
[2023-08-15T18:52:25.288-0300] {logging_mixin.py:150} INFO - [2023-08-15T18:52:25.288-0300] {dag.py:2742} INFO - Sync 1 DAGs
[2023-08-15T18:52:25.330-0300] {logging_mixin.py:150} INFO - [2023-08-15T18:52:25.329-0300] {dag.py:3504} INFO - Setting next_dagrun for example_trigger_controller_dag to 2021-01-01T00:00:00+00:00, run_after=2021-01-01T00:00:00+00:00
[2023-08-15T18:52:25.457-0300] {processor.py:179} INFO - Processing /home/alan/repos/pipeline_airflow/pipeline-airflow-venv/lib/python3.11/site-packages/airflow/example_dags/example_trigger_controller_dag.py took 0.235 seconds
[2023-08-15T18:53:23.083-0300] {processor.py:157} INFO - Started process (PID=25933) to work on /home/alan/repos/pipeline_airflow/pipeline-airflow-venv/lib/python3.11/site-packages/airflow/example_dags/example_trigger_controller_dag.py
[2023-08-15T18:53:23.095-0300] {processor.py:826} INFO - Processing file /home/alan/repos/pipeline_airflow/pipeline-airflow-venv/lib/python3.11/site-packages/airflow/example_dags/example_trigger_controller_dag.py for tasks to queue
[2023-08-15T18:53:23.096-0300] {logging_mixin.py:150} INFO - [2023-08-15T18:53:23.095-0300] {dagbag.py:541} INFO - Filling up the DagBag from /home/alan/repos/pipeline_airflow/pipeline-airflow-venv/lib/python3.11/site-packages/airflow/example_dags/example_trigger_controller_dag.py
[2023-08-15T18:53:23.104-0300] {processor.py:836} INFO - DAG(s) dict_keys(['example_trigger_controller_dag']) retrieved from /home/alan/repos/pipeline_airflow/pipeline-airflow-venv/lib/python3.11/site-packages/airflow/example_dags/example_trigger_controller_dag.py
[2023-08-15T18:53:23.135-0300] {logging_mixin.py:150} INFO - [2023-08-15T18:53:23.135-0300] {dag.py:2742} INFO - Sync 1 DAGs
[2023-08-15T18:53:23.179-0300] {logging_mixin.py:150} INFO - [2023-08-15T18:53:23.179-0300] {dag.py:3504} INFO - Setting next_dagrun for example_trigger_controller_dag to 2021-01-01T00:00:00+00:00, run_after=2021-01-01T00:00:00+00:00
[2023-08-15T18:53:23.291-0300] {processor.py:179} INFO - Processing /home/alan/repos/pipeline_airflow/pipeline-airflow-venv/lib/python3.11/site-packages/airflow/example_dags/example_trigger_controller_dag.py took 0.216 seconds
[2023-08-15T18:54:18.002-0300] {processor.py:157} INFO - Started process (PID=26141) to work on /home/alan/repos/pipeline_airflow/pipeline-airflow-venv/lib/python3.11/site-packages/airflow/example_dags/example_trigger_controller_dag.py
[2023-08-15T18:54:18.013-0300] {processor.py:826} INFO - Processing file /home/alan/repos/pipeline_airflow/pipeline-airflow-venv/lib/python3.11/site-packages/airflow/example_dags/example_trigger_controller_dag.py for tasks to queue
[2023-08-15T18:54:18.015-0300] {logging_mixin.py:150} INFO - [2023-08-15T18:54:18.014-0300] {dagbag.py:541} INFO - Filling up the DagBag from /home/alan/repos/pipeline_airflow/pipeline-airflow-venv/lib/python3.11/site-packages/airflow/example_dags/example_trigger_controller_dag.py
[2023-08-15T18:54:18.024-0300] {processor.py:836} INFO - DAG(s) dict_keys(['example_trigger_controller_dag']) retrieved from /home/alan/repos/pipeline_airflow/pipeline-airflow-venv/lib/python3.11/site-packages/airflow/example_dags/example_trigger_controller_dag.py
[2023-08-15T18:54:18.057-0300] {logging_mixin.py:150} INFO - [2023-08-15T18:54:18.057-0300] {dag.py:2742} INFO - Sync 1 DAGs
[2023-08-15T18:54:18.100-0300] {logging_mixin.py:150} INFO - [2023-08-15T18:54:18.099-0300] {dag.py:3504} INFO - Setting next_dagrun for example_trigger_controller_dag to 2021-01-01T00:00:00+00:00, run_after=2021-01-01T00:00:00+00:00
[2023-08-15T18:54:18.203-0300] {processor.py:179} INFO - Processing /home/alan/repos/pipeline_airflow/pipeline-airflow-venv/lib/python3.11/site-packages/airflow/example_dags/example_trigger_controller_dag.py took 0.207 seconds
[2023-08-15T18:56:36.345-0300] {processor.py:157} INFO - Started process (PID=26867) to work on /home/alan/repos/pipeline_airflow/pipeline-airflow-venv/lib/python3.11/site-packages/airflow/example_dags/example_trigger_controller_dag.py
[2023-08-15T18:56:36.430-0300] {processor.py:826} INFO - Processing file /home/alan/repos/pipeline_airflow/pipeline-airflow-venv/lib/python3.11/site-packages/airflow/example_dags/example_trigger_controller_dag.py for tasks to queue
[2023-08-15T18:56:36.433-0300] {logging_mixin.py:150} INFO - [2023-08-15T18:56:36.431-0300] {dagbag.py:541} INFO - Filling up the DagBag from /home/alan/repos/pipeline_airflow/pipeline-airflow-venv/lib/python3.11/site-packages/airflow/example_dags/example_trigger_controller_dag.py
[2023-08-15T18:56:36.527-0300] {processor.py:836} INFO - DAG(s) dict_keys(['example_trigger_controller_dag']) retrieved from /home/alan/repos/pipeline_airflow/pipeline-airflow-venv/lib/python3.11/site-packages/airflow/example_dags/example_trigger_controller_dag.py
[2023-08-15T18:56:36.722-0300] {logging_mixin.py:150} INFO - [2023-08-15T18:56:36.722-0300] {dag.py:2742} INFO - Sync 1 DAGs
[2023-08-15T18:56:36.780-0300] {logging_mixin.py:150} INFO - [2023-08-15T18:56:36.780-0300] {dag.py:3504} INFO - Setting next_dagrun for example_trigger_controller_dag to 2021-01-01T00:00:00+00:00, run_after=2021-01-01T00:00:00+00:00
[2023-08-15T18:56:37.445-0300] {processor.py:179} INFO - Processing /home/alan/repos/pipeline_airflow/pipeline-airflow-venv/lib/python3.11/site-packages/airflow/example_dags/example_trigger_controller_dag.py took 1.105 seconds
[2023-08-15T18:58:34.913-0300] {processor.py:157} INFO - Started process (PID=27105) to work on /home/alan/repos/pipeline_airflow/pipeline-airflow-venv/lib/python3.11/site-packages/airflow/example_dags/example_trigger_controller_dag.py
[2023-08-15T18:58:34.977-0300] {processor.py:826} INFO - Processing file /home/alan/repos/pipeline_airflow/pipeline-airflow-venv/lib/python3.11/site-packages/airflow/example_dags/example_trigger_controller_dag.py for tasks to queue
[2023-08-15T18:58:34.980-0300] {logging_mixin.py:150} INFO - [2023-08-15T18:58:34.978-0300] {dagbag.py:541} INFO - Filling up the DagBag from /home/alan/repos/pipeline_airflow/pipeline-airflow-venv/lib/python3.11/site-packages/airflow/example_dags/example_trigger_controller_dag.py
[2023-08-15T18:58:35.340-0300] {processor.py:836} INFO - DAG(s) dict_keys(['example_trigger_controller_dag']) retrieved from /home/alan/repos/pipeline_airflow/pipeline-airflow-venv/lib/python3.11/site-packages/airflow/example_dags/example_trigger_controller_dag.py
[2023-08-15T18:58:35.494-0300] {logging_mixin.py:150} INFO - [2023-08-15T18:58:35.494-0300] {dag.py:2742} INFO - Sync 1 DAGs
[2023-08-15T18:58:35.542-0300] {logging_mixin.py:150} INFO - [2023-08-15T18:58:35.541-0300] {dag.py:3504} INFO - Setting next_dagrun for example_trigger_controller_dag to 2021-01-01T00:00:00+00:00, run_after=2021-01-01T00:00:00+00:00
[2023-08-15T18:58:36.856-0300] {processor.py:179} INFO - Processing /home/alan/repos/pipeline_airflow/pipeline-airflow-venv/lib/python3.11/site-packages/airflow/example_dags/example_trigger_controller_dag.py took 1.949 seconds
[2023-08-15T19:01:42.087-0300] {processor.py:157} INFO - Started process (PID=27586) to work on /home/alan/repos/pipeline_airflow/pipeline-airflow-venv/lib/python3.11/site-packages/airflow/example_dags/example_trigger_controller_dag.py
[2023-08-15T19:01:42.103-0300] {processor.py:826} INFO - Processing file /home/alan/repos/pipeline_airflow/pipeline-airflow-venv/lib/python3.11/site-packages/airflow/example_dags/example_trigger_controller_dag.py for tasks to queue
[2023-08-15T19:01:42.104-0300] {logging_mixin.py:150} INFO - [2023-08-15T19:01:42.104-0300] {dagbag.py:541} INFO - Filling up the DagBag from /home/alan/repos/pipeline_airflow/pipeline-airflow-venv/lib/python3.11/site-packages/airflow/example_dags/example_trigger_controller_dag.py
[2023-08-15T19:01:42.119-0300] {processor.py:836} INFO - DAG(s) dict_keys(['example_trigger_controller_dag']) retrieved from /home/alan/repos/pipeline_airflow/pipeline-airflow-venv/lib/python3.11/site-packages/airflow/example_dags/example_trigger_controller_dag.py
[2023-08-15T19:01:42.159-0300] {logging_mixin.py:150} INFO - [2023-08-15T19:01:42.159-0300] {dag.py:2742} INFO - Sync 1 DAGs
[2023-08-15T19:01:42.229-0300] {logging_mixin.py:150} INFO - [2023-08-15T19:01:42.229-0300] {dag.py:3504} INFO - Setting next_dagrun for example_trigger_controller_dag to 2021-01-01T00:00:00+00:00, run_after=2021-01-01T00:00:00+00:00
[2023-08-15T19:01:42.370-0300] {processor.py:179} INFO - Processing /home/alan/repos/pipeline_airflow/pipeline-airflow-venv/lib/python3.11/site-packages/airflow/example_dags/example_trigger_controller_dag.py took 0.288 seconds
[2023-08-15T19:03:06.298-0300] {processor.py:157} INFO - Started process (PID=27892) to work on /home/alan/repos/pipeline_airflow/pipeline-airflow-venv/lib/python3.11/site-packages/airflow/example_dags/example_trigger_controller_dag.py
[2023-08-15T19:03:06.375-0300] {processor.py:826} INFO - Processing file /home/alan/repos/pipeline_airflow/pipeline-airflow-venv/lib/python3.11/site-packages/airflow/example_dags/example_trigger_controller_dag.py for tasks to queue
[2023-08-15T19:03:06.377-0300] {logging_mixin.py:150} INFO - [2023-08-15T19:03:06.376-0300] {dagbag.py:541} INFO - Filling up the DagBag from /home/alan/repos/pipeline_airflow/pipeline-airflow-venv/lib/python3.11/site-packages/airflow/example_dags/example_trigger_controller_dag.py
[2023-08-15T19:03:06.387-0300] {processor.py:836} INFO - DAG(s) dict_keys(['example_trigger_controller_dag']) retrieved from /home/alan/repos/pipeline_airflow/pipeline-airflow-venv/lib/python3.11/site-packages/airflow/example_dags/example_trigger_controller_dag.py
[2023-08-15T19:03:06.426-0300] {logging_mixin.py:150} INFO - [2023-08-15T19:03:06.425-0300] {dag.py:2742} INFO - Sync 1 DAGs
[2023-08-15T19:03:06.466-0300] {logging_mixin.py:150} INFO - [2023-08-15T19:03:06.465-0300] {dag.py:3504} INFO - Setting next_dagrun for example_trigger_controller_dag to 2021-01-01T00:00:00+00:00, run_after=2021-01-01T00:00:00+00:00
[2023-08-15T19:03:07.598-0300] {processor.py:179} INFO - Processing /home/alan/repos/pipeline_airflow/pipeline-airflow-venv/lib/python3.11/site-packages/airflow/example_dags/example_trigger_controller_dag.py took 1.305 seconds
[2023-08-15T19:04:23.532-0300] {processor.py:157} INFO - Started process (PID=28293) to work on /home/alan/repos/pipeline_airflow/pipeline-airflow-venv/lib/python3.11/site-packages/airflow/example_dags/example_trigger_controller_dag.py
[2023-08-15T19:04:23.566-0300] {processor.py:826} INFO - Processing file /home/alan/repos/pipeline_airflow/pipeline-airflow-venv/lib/python3.11/site-packages/airflow/example_dags/example_trigger_controller_dag.py for tasks to queue
[2023-08-15T19:04:23.568-0300] {logging_mixin.py:150} INFO - [2023-08-15T19:04:23.567-0300] {dagbag.py:541} INFO - Filling up the DagBag from /home/alan/repos/pipeline_airflow/pipeline-airflow-venv/lib/python3.11/site-packages/airflow/example_dags/example_trigger_controller_dag.py
[2023-08-15T19:04:23.576-0300] {processor.py:836} INFO - DAG(s) dict_keys(['example_trigger_controller_dag']) retrieved from /home/alan/repos/pipeline_airflow/pipeline-airflow-venv/lib/python3.11/site-packages/airflow/example_dags/example_trigger_controller_dag.py
[2023-08-15T19:04:23.608-0300] {logging_mixin.py:150} INFO - [2023-08-15T19:04:23.607-0300] {dag.py:2742} INFO - Sync 1 DAGs
[2023-08-15T19:04:23.644-0300] {logging_mixin.py:150} INFO - [2023-08-15T19:04:23.643-0300] {dag.py:3504} INFO - Setting next_dagrun for example_trigger_controller_dag to 2021-01-01T00:00:00+00:00, run_after=2021-01-01T00:00:00+00:00
[2023-08-15T19:04:23.774-0300] {processor.py:179} INFO - Processing /home/alan/repos/pipeline_airflow/pipeline-airflow-venv/lib/python3.11/site-packages/airflow/example_dags/example_trigger_controller_dag.py took 0.246 seconds
[2023-08-15T19:05:46.029-0300] {processor.py:157} INFO - Started process (PID=28676) to work on /home/alan/repos/pipeline_airflow/pipeline-airflow-venv/lib/python3.11/site-packages/airflow/example_dags/example_trigger_controller_dag.py
[2023-08-15T19:05:46.031-0300] {processor.py:826} INFO - Processing file /home/alan/repos/pipeline_airflow/pipeline-airflow-venv/lib/python3.11/site-packages/airflow/example_dags/example_trigger_controller_dag.py for tasks to queue
[2023-08-15T19:05:46.032-0300] {logging_mixin.py:150} INFO - [2023-08-15T19:05:46.032-0300] {dagbag.py:541} INFO - Filling up the DagBag from /home/alan/repos/pipeline_airflow/pipeline-airflow-venv/lib/python3.11/site-packages/airflow/example_dags/example_trigger_controller_dag.py
[2023-08-15T19:05:46.039-0300] {processor.py:836} INFO - DAG(s) dict_keys(['example_trigger_controller_dag']) retrieved from /home/alan/repos/pipeline_airflow/pipeline-airflow-venv/lib/python3.11/site-packages/airflow/example_dags/example_trigger_controller_dag.py
[2023-08-15T19:05:46.071-0300] {logging_mixin.py:150} INFO - [2023-08-15T19:05:46.070-0300] {dag.py:2742} INFO - Sync 1 DAGs
[2023-08-15T19:05:46.107-0300] {logging_mixin.py:150} INFO - [2023-08-15T19:05:46.106-0300] {dag.py:3504} INFO - Setting next_dagrun for example_trigger_controller_dag to 2021-01-01T00:00:00+00:00, run_after=2021-01-01T00:00:00+00:00
[2023-08-15T19:05:46.403-0300] {processor.py:179} INFO - Processing /home/alan/repos/pipeline_airflow/pipeline-airflow-venv/lib/python3.11/site-packages/airflow/example_dags/example_trigger_controller_dag.py took 0.380 seconds
[2023-08-15T19:06:48.790-0300] {processor.py:157} INFO - Started process (PID=28836) to work on /home/alan/repos/pipeline_airflow/pipeline-airflow-venv/lib/python3.11/site-packages/airflow/example_dags/example_trigger_controller_dag.py
[2023-08-15T19:06:48.793-0300] {processor.py:826} INFO - Processing file /home/alan/repos/pipeline_airflow/pipeline-airflow-venv/lib/python3.11/site-packages/airflow/example_dags/example_trigger_controller_dag.py for tasks to queue
[2023-08-15T19:06:48.795-0300] {logging_mixin.py:150} INFO - [2023-08-15T19:06:48.794-0300] {dagbag.py:541} INFO - Filling up the DagBag from /home/alan/repos/pipeline_airflow/pipeline-airflow-venv/lib/python3.11/site-packages/airflow/example_dags/example_trigger_controller_dag.py
[2023-08-15T19:06:48.808-0300] {processor.py:836} INFO - DAG(s) dict_keys(['example_trigger_controller_dag']) retrieved from /home/alan/repos/pipeline_airflow/pipeline-airflow-venv/lib/python3.11/site-packages/airflow/example_dags/example_trigger_controller_dag.py
[2023-08-15T19:06:48.839-0300] {logging_mixin.py:150} INFO - [2023-08-15T19:06:48.839-0300] {dag.py:2742} INFO - Sync 1 DAGs
[2023-08-15T19:06:48.878-0300] {logging_mixin.py:150} INFO - [2023-08-15T19:06:48.878-0300] {dag.py:3504} INFO - Setting next_dagrun for example_trigger_controller_dag to 2021-01-01T00:00:00+00:00, run_after=2021-01-01T00:00:00+00:00
[2023-08-15T19:06:49.011-0300] {processor.py:179} INFO - Processing /home/alan/repos/pipeline_airflow/pipeline-airflow-venv/lib/python3.11/site-packages/airflow/example_dags/example_trigger_controller_dag.py took 0.226 seconds
[2023-08-15T19:07:52.217-0300] {processor.py:157} INFO - Started process (PID=29111) to work on /home/alan/repos/pipeline_airflow/pipeline-airflow-venv/lib/python3.11/site-packages/airflow/example_dags/example_trigger_controller_dag.py
[2023-08-15T19:07:52.229-0300] {processor.py:826} INFO - Processing file /home/alan/repos/pipeline_airflow/pipeline-airflow-venv/lib/python3.11/site-packages/airflow/example_dags/example_trigger_controller_dag.py for tasks to queue
[2023-08-15T19:07:52.232-0300] {logging_mixin.py:150} INFO - [2023-08-15T19:07:52.231-0300] {dagbag.py:541} INFO - Filling up the DagBag from /home/alan/repos/pipeline_airflow/pipeline-airflow-venv/lib/python3.11/site-packages/airflow/example_dags/example_trigger_controller_dag.py
[2023-08-15T19:07:52.244-0300] {processor.py:836} INFO - DAG(s) dict_keys(['example_trigger_controller_dag']) retrieved from /home/alan/repos/pipeline_airflow/pipeline-airflow-venv/lib/python3.11/site-packages/airflow/example_dags/example_trigger_controller_dag.py
[2023-08-15T19:07:52.276-0300] {logging_mixin.py:150} INFO - [2023-08-15T19:07:52.275-0300] {dag.py:2742} INFO - Sync 1 DAGs
[2023-08-15T19:07:52.311-0300] {logging_mixin.py:150} INFO - [2023-08-15T19:07:52.311-0300] {dag.py:3504} INFO - Setting next_dagrun for example_trigger_controller_dag to 2021-01-01T00:00:00+00:00, run_after=2021-01-01T00:00:00+00:00
[2023-08-15T19:07:52.423-0300] {processor.py:179} INFO - Processing /home/alan/repos/pipeline_airflow/pipeline-airflow-venv/lib/python3.11/site-packages/airflow/example_dags/example_trigger_controller_dag.py took 0.212 seconds
[2023-08-15T19:08:58.126-0300] {processor.py:157} INFO - Started process (PID=29276) to work on /home/alan/repos/pipeline_airflow/pipeline-airflow-venv/lib/python3.11/site-packages/airflow/example_dags/example_trigger_controller_dag.py
[2023-08-15T19:08:58.148-0300] {processor.py:826} INFO - Processing file /home/alan/repos/pipeline_airflow/pipeline-airflow-venv/lib/python3.11/site-packages/airflow/example_dags/example_trigger_controller_dag.py for tasks to queue
[2023-08-15T19:08:58.150-0300] {logging_mixin.py:150} INFO - [2023-08-15T19:08:58.149-0300] {dagbag.py:541} INFO - Filling up the DagBag from /home/alan/repos/pipeline_airflow/pipeline-airflow-venv/lib/python3.11/site-packages/airflow/example_dags/example_trigger_controller_dag.py
[2023-08-15T19:08:58.157-0300] {processor.py:836} INFO - DAG(s) dict_keys(['example_trigger_controller_dag']) retrieved from /home/alan/repos/pipeline_airflow/pipeline-airflow-venv/lib/python3.11/site-packages/airflow/example_dags/example_trigger_controller_dag.py
[2023-08-15T19:08:58.186-0300] {logging_mixin.py:150} INFO - [2023-08-15T19:08:58.185-0300] {dag.py:2742} INFO - Sync 1 DAGs
[2023-08-15T19:08:58.220-0300] {logging_mixin.py:150} INFO - [2023-08-15T19:08:58.219-0300] {dag.py:3504} INFO - Setting next_dagrun for example_trigger_controller_dag to 2021-01-01T00:00:00+00:00, run_after=2021-01-01T00:00:00+00:00
[2023-08-15T19:08:58.345-0300] {processor.py:179} INFO - Processing /home/alan/repos/pipeline_airflow/pipeline-airflow-venv/lib/python3.11/site-packages/airflow/example_dags/example_trigger_controller_dag.py took 0.225 seconds
[2023-08-15T19:09:57.500-0300] {processor.py:157} INFO - Started process (PID=29431) to work on /home/alan/repos/pipeline_airflow/pipeline-airflow-venv/lib/python3.11/site-packages/airflow/example_dags/example_trigger_controller_dag.py
[2023-08-15T19:09:57.502-0300] {processor.py:826} INFO - Processing file /home/alan/repos/pipeline_airflow/pipeline-airflow-venv/lib/python3.11/site-packages/airflow/example_dags/example_trigger_controller_dag.py for tasks to queue
[2023-08-15T19:09:57.505-0300] {logging_mixin.py:150} INFO - [2023-08-15T19:09:57.504-0300] {dagbag.py:541} INFO - Filling up the DagBag from /home/alan/repos/pipeline_airflow/pipeline-airflow-venv/lib/python3.11/site-packages/airflow/example_dags/example_trigger_controller_dag.py
[2023-08-15T19:09:57.513-0300] {processor.py:836} INFO - DAG(s) dict_keys(['example_trigger_controller_dag']) retrieved from /home/alan/repos/pipeline_airflow/pipeline-airflow-venv/lib/python3.11/site-packages/airflow/example_dags/example_trigger_controller_dag.py
[2023-08-15T19:09:57.563-0300] {logging_mixin.py:150} INFO - [2023-08-15T19:09:57.563-0300] {dag.py:2742} INFO - Sync 1 DAGs
[2023-08-15T19:09:57.617-0300] {logging_mixin.py:150} INFO - [2023-08-15T19:09:57.617-0300] {dag.py:3504} INFO - Setting next_dagrun for example_trigger_controller_dag to 2021-01-01T00:00:00+00:00, run_after=2021-01-01T00:00:00+00:00
[2023-08-15T19:09:57.758-0300] {processor.py:179} INFO - Processing /home/alan/repos/pipeline_airflow/pipeline-airflow-venv/lib/python3.11/site-packages/airflow/example_dags/example_trigger_controller_dag.py took 0.264 seconds
[2023-08-15T19:10:56.599-0300] {processor.py:157} INFO - Started process (PID=29589) to work on /home/alan/repos/pipeline_airflow/pipeline-airflow-venv/lib/python3.11/site-packages/airflow/example_dags/example_trigger_controller_dag.py
[2023-08-15T19:10:56.611-0300] {processor.py:826} INFO - Processing file /home/alan/repos/pipeline_airflow/pipeline-airflow-venv/lib/python3.11/site-packages/airflow/example_dags/example_trigger_controller_dag.py for tasks to queue
[2023-08-15T19:10:56.613-0300] {logging_mixin.py:150} INFO - [2023-08-15T19:10:56.612-0300] {dagbag.py:541} INFO - Filling up the DagBag from /home/alan/repos/pipeline_airflow/pipeline-airflow-venv/lib/python3.11/site-packages/airflow/example_dags/example_trigger_controller_dag.py
[2023-08-15T19:10:56.622-0300] {processor.py:836} INFO - DAG(s) dict_keys(['example_trigger_controller_dag']) retrieved from /home/alan/repos/pipeline_airflow/pipeline-airflow-venv/lib/python3.11/site-packages/airflow/example_dags/example_trigger_controller_dag.py
[2023-08-15T19:10:56.654-0300] {logging_mixin.py:150} INFO - [2023-08-15T19:10:56.653-0300] {dag.py:2742} INFO - Sync 1 DAGs
[2023-08-15T19:10:56.689-0300] {logging_mixin.py:150} INFO - [2023-08-15T19:10:56.689-0300] {dag.py:3504} INFO - Setting next_dagrun for example_trigger_controller_dag to 2021-01-01T00:00:00+00:00, run_after=2021-01-01T00:00:00+00:00
[2023-08-15T19:10:56.810-0300] {processor.py:179} INFO - Processing /home/alan/repos/pipeline_airflow/pipeline-airflow-venv/lib/python3.11/site-packages/airflow/example_dags/example_trigger_controller_dag.py took 0.216 seconds
[2023-08-15T19:11:59.595-0300] {processor.py:157} INFO - Started process (PID=29819) to work on /home/alan/repos/pipeline_airflow/pipeline-airflow-venv/lib/python3.11/site-packages/airflow/example_dags/example_trigger_controller_dag.py
[2023-08-15T19:11:59.597-0300] {processor.py:826} INFO - Processing file /home/alan/repos/pipeline_airflow/pipeline-airflow-venv/lib/python3.11/site-packages/airflow/example_dags/example_trigger_controller_dag.py for tasks to queue
[2023-08-15T19:11:59.599-0300] {logging_mixin.py:150} INFO - [2023-08-15T19:11:59.598-0300] {dagbag.py:541} INFO - Filling up the DagBag from /home/alan/repos/pipeline_airflow/pipeline-airflow-venv/lib/python3.11/site-packages/airflow/example_dags/example_trigger_controller_dag.py
[2023-08-15T19:11:59.609-0300] {processor.py:836} INFO - DAG(s) dict_keys(['example_trigger_controller_dag']) retrieved from /home/alan/repos/pipeline_airflow/pipeline-airflow-venv/lib/python3.11/site-packages/airflow/example_dags/example_trigger_controller_dag.py
[2023-08-15T19:11:59.653-0300] {logging_mixin.py:150} INFO - [2023-08-15T19:11:59.653-0300] {dag.py:2742} INFO - Sync 1 DAGs
[2023-08-15T19:11:59.688-0300] {logging_mixin.py:150} INFO - [2023-08-15T19:11:59.688-0300] {dag.py:3504} INFO - Setting next_dagrun for example_trigger_controller_dag to 2021-01-01T00:00:00+00:00, run_after=2021-01-01T00:00:00+00:00
[2023-08-15T19:11:59.793-0300] {processor.py:179} INFO - Processing /home/alan/repos/pipeline_airflow/pipeline-airflow-venv/lib/python3.11/site-packages/airflow/example_dags/example_trigger_controller_dag.py took 0.206 seconds
[2023-08-15T19:13:01.429-0300] {processor.py:157} INFO - Started process (PID=30017) to work on /home/alan/repos/pipeline_airflow/pipeline-airflow-venv/lib/python3.11/site-packages/airflow/example_dags/example_trigger_controller_dag.py
[2023-08-15T19:13:01.431-0300] {processor.py:826} INFO - Processing file /home/alan/repos/pipeline_airflow/pipeline-airflow-venv/lib/python3.11/site-packages/airflow/example_dags/example_trigger_controller_dag.py for tasks to queue
[2023-08-15T19:13:01.433-0300] {logging_mixin.py:150} INFO - [2023-08-15T19:13:01.432-0300] {dagbag.py:541} INFO - Filling up the DagBag from /home/alan/repos/pipeline_airflow/pipeline-airflow-venv/lib/python3.11/site-packages/airflow/example_dags/example_trigger_controller_dag.py
[2023-08-15T19:13:01.445-0300] {processor.py:836} INFO - DAG(s) dict_keys(['example_trigger_controller_dag']) retrieved from /home/alan/repos/pipeline_airflow/pipeline-airflow-venv/lib/python3.11/site-packages/airflow/example_dags/example_trigger_controller_dag.py
[2023-08-15T19:13:01.477-0300] {logging_mixin.py:150} INFO - [2023-08-15T19:13:01.477-0300] {dag.py:2742} INFO - Sync 1 DAGs
[2023-08-15T19:13:01.524-0300] {logging_mixin.py:150} INFO - [2023-08-15T19:13:01.524-0300] {dag.py:3504} INFO - Setting next_dagrun for example_trigger_controller_dag to 2021-01-01T00:00:00+00:00, run_after=2021-01-01T00:00:00+00:00
[2023-08-15T19:13:01.641-0300] {processor.py:179} INFO - Processing /home/alan/repos/pipeline_airflow/pipeline-airflow-venv/lib/python3.11/site-packages/airflow/example_dags/example_trigger_controller_dag.py took 0.217 seconds
[2023-08-15T19:14:01.157-0300] {processor.py:157} INFO - Started process (PID=30171) to work on /home/alan/repos/pipeline_airflow/pipeline-airflow-venv/lib/python3.11/site-packages/airflow/example_dags/example_trigger_controller_dag.py
[2023-08-15T19:14:01.166-0300] {processor.py:826} INFO - Processing file /home/alan/repos/pipeline_airflow/pipeline-airflow-venv/lib/python3.11/site-packages/airflow/example_dags/example_trigger_controller_dag.py for tasks to queue
[2023-08-15T19:14:01.167-0300] {logging_mixin.py:150} INFO - [2023-08-15T19:14:01.167-0300] {dagbag.py:541} INFO - Filling up the DagBag from /home/alan/repos/pipeline_airflow/pipeline-airflow-venv/lib/python3.11/site-packages/airflow/example_dags/example_trigger_controller_dag.py
[2023-08-15T19:14:01.175-0300] {processor.py:836} INFO - DAG(s) dict_keys(['example_trigger_controller_dag']) retrieved from /home/alan/repos/pipeline_airflow/pipeline-airflow-venv/lib/python3.11/site-packages/airflow/example_dags/example_trigger_controller_dag.py
[2023-08-15T19:14:01.240-0300] {logging_mixin.py:150} INFO - [2023-08-15T19:14:01.240-0300] {dag.py:2742} INFO - Sync 1 DAGs
[2023-08-15T19:14:01.282-0300] {logging_mixin.py:150} INFO - [2023-08-15T19:14:01.282-0300] {dag.py:3504} INFO - Setting next_dagrun for example_trigger_controller_dag to 2021-01-01T00:00:00+00:00, run_after=2021-01-01T00:00:00+00:00
[2023-08-15T19:14:01.432-0300] {processor.py:179} INFO - Processing /home/alan/repos/pipeline_airflow/pipeline-airflow-venv/lib/python3.11/site-packages/airflow/example_dags/example_trigger_controller_dag.py took 0.281 seconds
[2023-08-15T19:14:59.336-0300] {processor.py:157} INFO - Started process (PID=30321) to work on /home/alan/repos/pipeline_airflow/pipeline-airflow-venv/lib/python3.11/site-packages/airflow/example_dags/example_trigger_controller_dag.py
[2023-08-15T19:14:59.348-0300] {processor.py:826} INFO - Processing file /home/alan/repos/pipeline_airflow/pipeline-airflow-venv/lib/python3.11/site-packages/airflow/example_dags/example_trigger_controller_dag.py for tasks to queue
[2023-08-15T19:14:59.350-0300] {logging_mixin.py:150} INFO - [2023-08-15T19:14:59.349-0300] {dagbag.py:541} INFO - Filling up the DagBag from /home/alan/repos/pipeline_airflow/pipeline-airflow-venv/lib/python3.11/site-packages/airflow/example_dags/example_trigger_controller_dag.py
[2023-08-15T19:14:59.359-0300] {processor.py:836} INFO - DAG(s) dict_keys(['example_trigger_controller_dag']) retrieved from /home/alan/repos/pipeline_airflow/pipeline-airflow-venv/lib/python3.11/site-packages/airflow/example_dags/example_trigger_controller_dag.py
[2023-08-15T19:14:59.395-0300] {logging_mixin.py:150} INFO - [2023-08-15T19:14:59.395-0300] {dag.py:2742} INFO - Sync 1 DAGs
[2023-08-15T19:14:59.443-0300] {logging_mixin.py:150} INFO - [2023-08-15T19:14:59.442-0300] {dag.py:3504} INFO - Setting next_dagrun for example_trigger_controller_dag to 2021-01-01T00:00:00+00:00, run_after=2021-01-01T00:00:00+00:00
[2023-08-15T19:14:59.555-0300] {processor.py:179} INFO - Processing /home/alan/repos/pipeline_airflow/pipeline-airflow-venv/lib/python3.11/site-packages/airflow/example_dags/example_trigger_controller_dag.py took 0.224 seconds
[2023-08-15T19:15:53.884-0300] {processor.py:157} INFO - Started process (PID=30460) to work on /home/alan/repos/pipeline_airflow/pipeline-airflow-venv/lib/python3.11/site-packages/airflow/example_dags/example_trigger_controller_dag.py
[2023-08-15T19:15:53.890-0300] {processor.py:826} INFO - Processing file /home/alan/repos/pipeline_airflow/pipeline-airflow-venv/lib/python3.11/site-packages/airflow/example_dags/example_trigger_controller_dag.py for tasks to queue
[2023-08-15T19:15:53.892-0300] {logging_mixin.py:150} INFO - [2023-08-15T19:15:53.891-0300] {dagbag.py:541} INFO - Filling up the DagBag from /home/alan/repos/pipeline_airflow/pipeline-airflow-venv/lib/python3.11/site-packages/airflow/example_dags/example_trigger_controller_dag.py
[2023-08-15T19:15:53.900-0300] {processor.py:836} INFO - DAG(s) dict_keys(['example_trigger_controller_dag']) retrieved from /home/alan/repos/pipeline_airflow/pipeline-airflow-venv/lib/python3.11/site-packages/airflow/example_dags/example_trigger_controller_dag.py
[2023-08-15T19:15:53.929-0300] {logging_mixin.py:150} INFO - [2023-08-15T19:15:53.929-0300] {dag.py:2742} INFO - Sync 1 DAGs
[2023-08-15T19:15:53.964-0300] {logging_mixin.py:150} INFO - [2023-08-15T19:15:53.964-0300] {dag.py:3504} INFO - Setting next_dagrun for example_trigger_controller_dag to 2021-01-01T00:00:00+00:00, run_after=2021-01-01T00:00:00+00:00
[2023-08-15T19:15:54.066-0300] {processor.py:179} INFO - Processing /home/alan/repos/pipeline_airflow/pipeline-airflow-venv/lib/python3.11/site-packages/airflow/example_dags/example_trigger_controller_dag.py took 0.188 seconds
[2023-08-15T19:16:53.084-0300] {processor.py:157} INFO - Started process (PID=30623) to work on /home/alan/repos/pipeline_airflow/pipeline-airflow-venv/lib/python3.11/site-packages/airflow/example_dags/example_trigger_controller_dag.py
[2023-08-15T19:16:53.086-0300] {processor.py:826} INFO - Processing file /home/alan/repos/pipeline_airflow/pipeline-airflow-venv/lib/python3.11/site-packages/airflow/example_dags/example_trigger_controller_dag.py for tasks to queue
[2023-08-15T19:16:53.088-0300] {logging_mixin.py:150} INFO - [2023-08-15T19:16:53.087-0300] {dagbag.py:541} INFO - Filling up the DagBag from /home/alan/repos/pipeline_airflow/pipeline-airflow-venv/lib/python3.11/site-packages/airflow/example_dags/example_trigger_controller_dag.py
[2023-08-15T19:16:53.098-0300] {processor.py:836} INFO - DAG(s) dict_keys(['example_trigger_controller_dag']) retrieved from /home/alan/repos/pipeline_airflow/pipeline-airflow-venv/lib/python3.11/site-packages/airflow/example_dags/example_trigger_controller_dag.py
[2023-08-15T19:16:53.131-0300] {logging_mixin.py:150} INFO - [2023-08-15T19:16:53.130-0300] {dag.py:2742} INFO - Sync 1 DAGs
[2023-08-15T19:16:53.165-0300] {logging_mixin.py:150} INFO - [2023-08-15T19:16:53.165-0300] {dag.py:3504} INFO - Setting next_dagrun for example_trigger_controller_dag to 2021-01-01T00:00:00+00:00, run_after=2021-01-01T00:00:00+00:00
[2023-08-15T19:16:53.268-0300] {processor.py:179} INFO - Processing /home/alan/repos/pipeline_airflow/pipeline-airflow-venv/lib/python3.11/site-packages/airflow/example_dags/example_trigger_controller_dag.py took 0.191 seconds
[2023-08-15T19:17:54.261-0300] {processor.py:157} INFO - Started process (PID=30781) to work on /home/alan/repos/pipeline_airflow/pipeline-airflow-venv/lib/python3.11/site-packages/airflow/example_dags/example_trigger_controller_dag.py
[2023-08-15T19:17:54.267-0300] {processor.py:826} INFO - Processing file /home/alan/repos/pipeline_airflow/pipeline-airflow-venv/lib/python3.11/site-packages/airflow/example_dags/example_trigger_controller_dag.py for tasks to queue
[2023-08-15T19:17:54.268-0300] {logging_mixin.py:150} INFO - [2023-08-15T19:17:54.267-0300] {dagbag.py:541} INFO - Filling up the DagBag from /home/alan/repos/pipeline_airflow/pipeline-airflow-venv/lib/python3.11/site-packages/airflow/example_dags/example_trigger_controller_dag.py
[2023-08-15T19:17:54.275-0300] {processor.py:836} INFO - DAG(s) dict_keys(['example_trigger_controller_dag']) retrieved from /home/alan/repos/pipeline_airflow/pipeline-airflow-venv/lib/python3.11/site-packages/airflow/example_dags/example_trigger_controller_dag.py
[2023-08-15T19:17:54.318-0300] {logging_mixin.py:150} INFO - [2023-08-15T19:17:54.317-0300] {dag.py:2742} INFO - Sync 1 DAGs
[2023-08-15T19:17:54.358-0300] {logging_mixin.py:150} INFO - [2023-08-15T19:17:54.358-0300] {dag.py:3504} INFO - Setting next_dagrun for example_trigger_controller_dag to 2021-01-01T00:00:00+00:00, run_after=2021-01-01T00:00:00+00:00
[2023-08-15T19:17:54.504-0300] {processor.py:179} INFO - Processing /home/alan/repos/pipeline_airflow/pipeline-airflow-venv/lib/python3.11/site-packages/airflow/example_dags/example_trigger_controller_dag.py took 0.248 seconds
[2023-08-15T19:18:51.606-0300] {processor.py:157} INFO - Started process (PID=30928) to work on /home/alan/repos/pipeline_airflow/pipeline-airflow-venv/lib/python3.11/site-packages/airflow/example_dags/example_trigger_controller_dag.py
[2023-08-15T19:18:51.612-0300] {processor.py:826} INFO - Processing file /home/alan/repos/pipeline_airflow/pipeline-airflow-venv/lib/python3.11/site-packages/airflow/example_dags/example_trigger_controller_dag.py for tasks to queue
[2023-08-15T19:18:51.614-0300] {logging_mixin.py:150} INFO - [2023-08-15T19:18:51.613-0300] {dagbag.py:541} INFO - Filling up the DagBag from /home/alan/repos/pipeline_airflow/pipeline-airflow-venv/lib/python3.11/site-packages/airflow/example_dags/example_trigger_controller_dag.py
[2023-08-15T19:18:51.622-0300] {processor.py:836} INFO - DAG(s) dict_keys(['example_trigger_controller_dag']) retrieved from /home/alan/repos/pipeline_airflow/pipeline-airflow-venv/lib/python3.11/site-packages/airflow/example_dags/example_trigger_controller_dag.py
[2023-08-15T19:18:51.668-0300] {logging_mixin.py:150} INFO - [2023-08-15T19:18:51.668-0300] {dag.py:2742} INFO - Sync 1 DAGs
[2023-08-15T19:18:51.722-0300] {logging_mixin.py:150} INFO - [2023-08-15T19:18:51.721-0300] {dag.py:3504} INFO - Setting next_dagrun for example_trigger_controller_dag to 2021-01-01T00:00:00+00:00, run_after=2021-01-01T00:00:00+00:00
[2023-08-15T19:18:51.902-0300] {processor.py:179} INFO - Processing /home/alan/repos/pipeline_airflow/pipeline-airflow-venv/lib/python3.11/site-packages/airflow/example_dags/example_trigger_controller_dag.py took 0.302 seconds
[2023-08-15T19:19:48.353-0300] {processor.py:157} INFO - Started process (PID=31071) to work on /home/alan/repos/pipeline_airflow/pipeline-airflow-venv/lib/python3.11/site-packages/airflow/example_dags/example_trigger_controller_dag.py
[2023-08-15T19:19:48.357-0300] {processor.py:826} INFO - Processing file /home/alan/repos/pipeline_airflow/pipeline-airflow-venv/lib/python3.11/site-packages/airflow/example_dags/example_trigger_controller_dag.py for tasks to queue
[2023-08-15T19:19:48.359-0300] {logging_mixin.py:150} INFO - [2023-08-15T19:19:48.358-0300] {dagbag.py:541} INFO - Filling up the DagBag from /home/alan/repos/pipeline_airflow/pipeline-airflow-venv/lib/python3.11/site-packages/airflow/example_dags/example_trigger_controller_dag.py
[2023-08-15T19:19:48.367-0300] {processor.py:836} INFO - DAG(s) dict_keys(['example_trigger_controller_dag']) retrieved from /home/alan/repos/pipeline_airflow/pipeline-airflow-venv/lib/python3.11/site-packages/airflow/example_dags/example_trigger_controller_dag.py
[2023-08-15T19:19:48.405-0300] {logging_mixin.py:150} INFO - [2023-08-15T19:19:48.405-0300] {dag.py:2742} INFO - Sync 1 DAGs
[2023-08-15T19:19:48.440-0300] {logging_mixin.py:150} INFO - [2023-08-15T19:19:48.440-0300] {dag.py:3504} INFO - Setting next_dagrun for example_trigger_controller_dag to 2021-01-01T00:00:00+00:00, run_after=2021-01-01T00:00:00+00:00
[2023-08-15T19:19:48.547-0300] {processor.py:179} INFO - Processing /home/alan/repos/pipeline_airflow/pipeline-airflow-venv/lib/python3.11/site-packages/airflow/example_dags/example_trigger_controller_dag.py took 0.199 seconds
[2023-08-15T19:20:59.006-0300] {processor.py:157} INFO - Started process (PID=31413) to work on /home/alan/repos/pipeline_airflow/pipeline-airflow-venv/lib/python3.11/site-packages/airflow/example_dags/example_trigger_controller_dag.py
[2023-08-15T19:20:59.019-0300] {processor.py:826} INFO - Processing file /home/alan/repos/pipeline_airflow/pipeline-airflow-venv/lib/python3.11/site-packages/airflow/example_dags/example_trigger_controller_dag.py for tasks to queue
[2023-08-15T19:20:59.021-0300] {logging_mixin.py:150} INFO - [2023-08-15T19:20:59.020-0300] {dagbag.py:541} INFO - Filling up the DagBag from /home/alan/repos/pipeline_airflow/pipeline-airflow-venv/lib/python3.11/site-packages/airflow/example_dags/example_trigger_controller_dag.py
[2023-08-15T19:20:59.029-0300] {processor.py:836} INFO - DAG(s) dict_keys(['example_trigger_controller_dag']) retrieved from /home/alan/repos/pipeline_airflow/pipeline-airflow-venv/lib/python3.11/site-packages/airflow/example_dags/example_trigger_controller_dag.py
[2023-08-15T19:20:59.062-0300] {logging_mixin.py:150} INFO - [2023-08-15T19:20:59.062-0300] {dag.py:2742} INFO - Sync 1 DAGs
[2023-08-15T19:20:59.102-0300] {logging_mixin.py:150} INFO - [2023-08-15T19:20:59.102-0300] {dag.py:3504} INFO - Setting next_dagrun for example_trigger_controller_dag to 2021-01-01T00:00:00+00:00, run_after=2021-01-01T00:00:00+00:00
[2023-08-15T19:20:59.233-0300] {processor.py:179} INFO - Processing /home/alan/repos/pipeline_airflow/pipeline-airflow-venv/lib/python3.11/site-packages/airflow/example_dags/example_trigger_controller_dag.py took 0.232 seconds
[2023-08-15T19:22:10.703-0300] {processor.py:157} INFO - Started process (PID=31644) to work on /home/alan/repos/pipeline_airflow/pipeline-airflow-venv/lib/python3.11/site-packages/airflow/example_dags/example_trigger_controller_dag.py
[2023-08-15T19:22:10.727-0300] {processor.py:826} INFO - Processing file /home/alan/repos/pipeline_airflow/pipeline-airflow-venv/lib/python3.11/site-packages/airflow/example_dags/example_trigger_controller_dag.py for tasks to queue
[2023-08-15T19:22:10.729-0300] {logging_mixin.py:150} INFO - [2023-08-15T19:22:10.728-0300] {dagbag.py:541} INFO - Filling up the DagBag from /home/alan/repos/pipeline_airflow/pipeline-airflow-venv/lib/python3.11/site-packages/airflow/example_dags/example_trigger_controller_dag.py
[2023-08-15T19:22:10.738-0300] {processor.py:836} INFO - DAG(s) dict_keys(['example_trigger_controller_dag']) retrieved from /home/alan/repos/pipeline_airflow/pipeline-airflow-venv/lib/python3.11/site-packages/airflow/example_dags/example_trigger_controller_dag.py
[2023-08-15T19:22:10.774-0300] {logging_mixin.py:150} INFO - [2023-08-15T19:22:10.774-0300] {dag.py:2742} INFO - Sync 1 DAGs
[2023-08-15T19:22:10.813-0300] {logging_mixin.py:150} INFO - [2023-08-15T19:22:10.813-0300] {dag.py:3504} INFO - Setting next_dagrun for example_trigger_controller_dag to 2021-01-01T00:00:00+00:00, run_after=2021-01-01T00:00:00+00:00
[2023-08-15T19:22:11.121-0300] {processor.py:179} INFO - Processing /home/alan/repos/pipeline_airflow/pipeline-airflow-venv/lib/python3.11/site-packages/airflow/example_dags/example_trigger_controller_dag.py took 0.424 seconds
