[2023-08-15T18:20:23.497-0300] {processor.py:157} INFO - Started process (PID=18628) to work on /home/alan/repos/pipeline_airflow/pipeline-airflow-venv/lib/python3.11/site-packages/airflow/example_dags/example_branch_labels.py
[2023-08-15T18:20:23.498-0300] {processor.py:826} INFO - Processing file /home/alan/repos/pipeline_airflow/pipeline-airflow-venv/lib/python3.11/site-packages/airflow/example_dags/example_branch_labels.py for tasks to queue
[2023-08-15T18:20:23.500-0300] {logging_mixin.py:150} INFO - [2023-08-15T18:20:23.499-0300] {dagbag.py:541} INFO - Filling up the DagBag from /home/alan/repos/pipeline_airflow/pipeline-airflow-venv/lib/python3.11/site-packages/airflow/example_dags/example_branch_labels.py
[2023-08-15T18:20:23.516-0300] {processor.py:836} INFO - DAG(s) dict_keys(['example_branch_labels']) retrieved from /home/alan/repos/pipeline_airflow/pipeline-airflow-venv/lib/python3.11/site-packages/airflow/example_dags/example_branch_labels.py
[2023-08-15T18:20:23.951-0300] {logging_mixin.py:150} INFO - [2023-08-15T18:20:23.950-0300] {manager.py:504} INFO - Created Permission View: can delete on DAG:example_branch_labels
[2023-08-15T18:20:24.050-0300] {logging_mixin.py:150} INFO - [2023-08-15T18:20:24.050-0300] {manager.py:504} INFO - Created Permission View: can edit on DAG:example_branch_labels
[2023-08-15T18:20:24.150-0300] {logging_mixin.py:150} INFO - [2023-08-15T18:20:24.149-0300] {manager.py:504} INFO - Created Permission View: can read on DAG:example_branch_labels
[2023-08-15T18:20:24.171-0300] {logging_mixin.py:150} INFO - [2023-08-15T18:20:24.171-0300] {dag.py:2742} INFO - Sync 1 DAGs
[2023-08-15T18:20:24.206-0300] {logging_mixin.py:150} INFO - [2023-08-15T18:20:24.206-0300] {dag.py:2763} INFO - Creating ORM DAG for example_branch_labels
[2023-08-15T18:20:24.231-0300] {logging_mixin.py:150} INFO - [2023-08-15T18:20:24.230-0300] {dag.py:3504} INFO - Setting next_dagrun for example_branch_labels to 2023-08-14T00:00:00+00:00, run_after=2023-08-15T00:00:00+00:00
[2023-08-15T18:20:24.377-0300] {processor.py:179} INFO - Processing /home/alan/repos/pipeline_airflow/pipeline-airflow-venv/lib/python3.11/site-packages/airflow/example_dags/example_branch_labels.py took 0.885 seconds
[2023-08-15T18:21:38.186-0300] {processor.py:157} INFO - Started process (PID=18946) to work on /home/alan/repos/pipeline_airflow/pipeline-airflow-venv/lib/python3.11/site-packages/airflow/example_dags/example_branch_labels.py
[2023-08-15T18:21:38.188-0300] {processor.py:826} INFO - Processing file /home/alan/repos/pipeline_airflow/pipeline-airflow-venv/lib/python3.11/site-packages/airflow/example_dags/example_branch_labels.py for tasks to queue
[2023-08-15T18:21:38.189-0300] {logging_mixin.py:150} INFO - [2023-08-15T18:21:38.188-0300] {dagbag.py:541} INFO - Filling up the DagBag from /home/alan/repos/pipeline_airflow/pipeline-airflow-venv/lib/python3.11/site-packages/airflow/example_dags/example_branch_labels.py
[2023-08-15T18:21:38.203-0300] {processor.py:836} INFO - DAG(s) dict_keys(['example_branch_labels']) retrieved from /home/alan/repos/pipeline_airflow/pipeline-airflow-venv/lib/python3.11/site-packages/airflow/example_dags/example_branch_labels.py
[2023-08-15T18:21:38.233-0300] {logging_mixin.py:150} INFO - [2023-08-15T18:21:38.233-0300] {dag.py:2742} INFO - Sync 1 DAGs
[2023-08-15T18:21:38.271-0300] {logging_mixin.py:150} INFO - [2023-08-15T18:21:38.271-0300] {dag.py:3504} INFO - Setting next_dagrun for example_branch_labels to 2023-08-14T00:00:00+00:00, run_after=2023-08-15T00:00:00+00:00
[2023-08-15T18:21:38.373-0300] {processor.py:179} INFO - Processing /home/alan/repos/pipeline_airflow/pipeline-airflow-venv/lib/python3.11/site-packages/airflow/example_dags/example_branch_labels.py took 0.191 seconds
[2023-08-15T18:22:33.459-0300] {processor.py:157} INFO - Started process (PID=19150) to work on /home/alan/repos/pipeline_airflow/pipeline-airflow-venv/lib/python3.11/site-packages/airflow/example_dags/example_branch_labels.py
[2023-08-15T18:22:33.461-0300] {processor.py:826} INFO - Processing file /home/alan/repos/pipeline_airflow/pipeline-airflow-venv/lib/python3.11/site-packages/airflow/example_dags/example_branch_labels.py for tasks to queue
[2023-08-15T18:22:33.462-0300] {logging_mixin.py:150} INFO - [2023-08-15T18:22:33.462-0300] {dagbag.py:541} INFO - Filling up the DagBag from /home/alan/repos/pipeline_airflow/pipeline-airflow-venv/lib/python3.11/site-packages/airflow/example_dags/example_branch_labels.py
[2023-08-15T18:22:33.479-0300] {processor.py:836} INFO - DAG(s) dict_keys(['example_branch_labels']) retrieved from /home/alan/repos/pipeline_airflow/pipeline-airflow-venv/lib/python3.11/site-packages/airflow/example_dags/example_branch_labels.py
[2023-08-15T18:22:33.511-0300] {logging_mixin.py:150} INFO - [2023-08-15T18:22:33.511-0300] {dag.py:2742} INFO - Sync 1 DAGs
[2023-08-15T18:22:33.548-0300] {logging_mixin.py:150} INFO - [2023-08-15T18:22:33.548-0300] {dag.py:3504} INFO - Setting next_dagrun for example_branch_labels to 2023-08-14T00:00:00+00:00, run_after=2023-08-15T00:00:00+00:00
[2023-08-15T18:22:33.668-0300] {processor.py:179} INFO - Processing /home/alan/repos/pipeline_airflow/pipeline-airflow-venv/lib/python3.11/site-packages/airflow/example_dags/example_branch_labels.py took 0.215 seconds
[2023-08-15T18:23:32.621-0300] {processor.py:157} INFO - Started process (PID=19351) to work on /home/alan/repos/pipeline_airflow/pipeline-airflow-venv/lib/python3.11/site-packages/airflow/example_dags/example_branch_labels.py
[2023-08-15T18:23:32.622-0300] {processor.py:826} INFO - Processing file /home/alan/repos/pipeline_airflow/pipeline-airflow-venv/lib/python3.11/site-packages/airflow/example_dags/example_branch_labels.py for tasks to queue
[2023-08-15T18:23:32.624-0300] {logging_mixin.py:150} INFO - [2023-08-15T18:23:32.623-0300] {dagbag.py:541} INFO - Filling up the DagBag from /home/alan/repos/pipeline_airflow/pipeline-airflow-venv/lib/python3.11/site-packages/airflow/example_dags/example_branch_labels.py
[2023-08-15T18:23:32.638-0300] {processor.py:836} INFO - DAG(s) dict_keys(['example_branch_labels']) retrieved from /home/alan/repos/pipeline_airflow/pipeline-airflow-venv/lib/python3.11/site-packages/airflow/example_dags/example_branch_labels.py
[2023-08-15T18:23:32.670-0300] {logging_mixin.py:150} INFO - [2023-08-15T18:23:32.670-0300] {dag.py:2742} INFO - Sync 1 DAGs
[2023-08-15T18:23:32.708-0300] {logging_mixin.py:150} INFO - [2023-08-15T18:23:32.708-0300] {dag.py:3504} INFO - Setting next_dagrun for example_branch_labels to 2023-08-14T00:00:00+00:00, run_after=2023-08-15T00:00:00+00:00
[2023-08-15T18:23:32.955-0300] {processor.py:179} INFO - Processing /home/alan/repos/pipeline_airflow/pipeline-airflow-venv/lib/python3.11/site-packages/airflow/example_dags/example_branch_labels.py took 0.341 seconds
[2023-08-15T18:24:44.926-0300] {processor.py:157} INFO - Started process (PID=19798) to work on /home/alan/repos/pipeline_airflow/pipeline-airflow-venv/lib/python3.11/site-packages/airflow/example_dags/example_branch_labels.py
[2023-08-15T18:24:44.936-0300] {processor.py:826} INFO - Processing file /home/alan/repos/pipeline_airflow/pipeline-airflow-venv/lib/python3.11/site-packages/airflow/example_dags/example_branch_labels.py for tasks to queue
[2023-08-15T18:24:44.938-0300] {logging_mixin.py:150} INFO - [2023-08-15T18:24:44.937-0300] {dagbag.py:541} INFO - Filling up the DagBag from /home/alan/repos/pipeline_airflow/pipeline-airflow-venv/lib/python3.11/site-packages/airflow/example_dags/example_branch_labels.py
[2023-08-15T18:24:44.960-0300] {processor.py:836} INFO - DAG(s) dict_keys(['example_branch_labels']) retrieved from /home/alan/repos/pipeline_airflow/pipeline-airflow-venv/lib/python3.11/site-packages/airflow/example_dags/example_branch_labels.py
[2023-08-15T18:24:45.164-0300] {logging_mixin.py:150} INFO - [2023-08-15T18:24:45.163-0300] {dag.py:2742} INFO - Sync 1 DAGs
[2023-08-15T18:24:45.196-0300] {logging_mixin.py:150} INFO - [2023-08-15T18:24:45.196-0300] {dag.py:3504} INFO - Setting next_dagrun for example_branch_labels to 2023-08-14T00:00:00+00:00, run_after=2023-08-15T00:00:00+00:00
[2023-08-15T18:24:45.318-0300] {processor.py:179} INFO - Processing /home/alan/repos/pipeline_airflow/pipeline-airflow-venv/lib/python3.11/site-packages/airflow/example_dags/example_branch_labels.py took 0.398 seconds
[2023-08-15T18:26:51.450-0300] {processor.py:157} INFO - Started process (PID=20811) to work on /home/alan/repos/pipeline_airflow/pipeline-airflow-venv/lib/python3.11/site-packages/airflow/example_dags/example_branch_labels.py
[2023-08-15T18:26:51.451-0300] {processor.py:826} INFO - Processing file /home/alan/repos/pipeline_airflow/pipeline-airflow-venv/lib/python3.11/site-packages/airflow/example_dags/example_branch_labels.py for tasks to queue
[2023-08-15T18:26:51.453-0300] {logging_mixin.py:150} INFO - [2023-08-15T18:26:51.452-0300] {dagbag.py:541} INFO - Filling up the DagBag from /home/alan/repos/pipeline_airflow/pipeline-airflow-venv/lib/python3.11/site-packages/airflow/example_dags/example_branch_labels.py
[2023-08-15T18:26:51.468-0300] {processor.py:836} INFO - DAG(s) dict_keys(['example_branch_labels']) retrieved from /home/alan/repos/pipeline_airflow/pipeline-airflow-venv/lib/python3.11/site-packages/airflow/example_dags/example_branch_labels.py
[2023-08-15T18:26:51.499-0300] {logging_mixin.py:150} INFO - [2023-08-15T18:26:51.499-0300] {dag.py:2742} INFO - Sync 1 DAGs
[2023-08-15T18:26:51.539-0300] {logging_mixin.py:150} INFO - [2023-08-15T18:26:51.538-0300] {dag.py:3504} INFO - Setting next_dagrun for example_branch_labels to 2023-08-14T00:00:00+00:00, run_after=2023-08-15T00:00:00+00:00
[2023-08-15T18:26:51.728-0300] {processor.py:179} INFO - Processing /home/alan/repos/pipeline_airflow/pipeline-airflow-venv/lib/python3.11/site-packages/airflow/example_dags/example_branch_labels.py took 0.284 seconds
[2023-08-15T18:27:54.733-0300] {processor.py:157} INFO - Started process (PID=21039) to work on /home/alan/repos/pipeline_airflow/pipeline-airflow-venv/lib/python3.11/site-packages/airflow/example_dags/example_branch_labels.py
[2023-08-15T18:27:54.734-0300] {processor.py:826} INFO - Processing file /home/alan/repos/pipeline_airflow/pipeline-airflow-venv/lib/python3.11/site-packages/airflow/example_dags/example_branch_labels.py for tasks to queue
[2023-08-15T18:27:54.736-0300] {logging_mixin.py:150} INFO - [2023-08-15T18:27:54.735-0300] {dagbag.py:541} INFO - Filling up the DagBag from /home/alan/repos/pipeline_airflow/pipeline-airflow-venv/lib/python3.11/site-packages/airflow/example_dags/example_branch_labels.py
[2023-08-15T18:27:54.750-0300] {processor.py:836} INFO - DAG(s) dict_keys(['example_branch_labels']) retrieved from /home/alan/repos/pipeline_airflow/pipeline-airflow-venv/lib/python3.11/site-packages/airflow/example_dags/example_branch_labels.py
[2023-08-15T18:27:54.782-0300] {logging_mixin.py:150} INFO - [2023-08-15T18:27:54.782-0300] {dag.py:2742} INFO - Sync 1 DAGs
[2023-08-15T18:27:54.821-0300] {logging_mixin.py:150} INFO - [2023-08-15T18:27:54.821-0300] {dag.py:3504} INFO - Setting next_dagrun for example_branch_labels to 2023-08-14T00:00:00+00:00, run_after=2023-08-15T00:00:00+00:00
[2023-08-15T18:27:54.941-0300] {processor.py:179} INFO - Processing /home/alan/repos/pipeline_airflow/pipeline-airflow-venv/lib/python3.11/site-packages/airflow/example_dags/example_branch_labels.py took 0.213 seconds
[2023-08-15T18:28:54.292-0300] {processor.py:157} INFO - Started process (PID=21292) to work on /home/alan/repos/pipeline_airflow/pipeline-airflow-venv/lib/python3.11/site-packages/airflow/example_dags/example_branch_labels.py
[2023-08-15T18:28:54.310-0300] {processor.py:826} INFO - Processing file /home/alan/repos/pipeline_airflow/pipeline-airflow-venv/lib/python3.11/site-packages/airflow/example_dags/example_branch_labels.py for tasks to queue
[2023-08-15T18:28:54.311-0300] {logging_mixin.py:150} INFO - [2023-08-15T18:28:54.311-0300] {dagbag.py:541} INFO - Filling up the DagBag from /home/alan/repos/pipeline_airflow/pipeline-airflow-venv/lib/python3.11/site-packages/airflow/example_dags/example_branch_labels.py
[2023-08-15T18:28:54.335-0300] {processor.py:836} INFO - DAG(s) dict_keys(['example_branch_labels']) retrieved from /home/alan/repos/pipeline_airflow/pipeline-airflow-venv/lib/python3.11/site-packages/airflow/example_dags/example_branch_labels.py
[2023-08-15T18:28:54.378-0300] {logging_mixin.py:150} INFO - [2023-08-15T18:28:54.378-0300] {dag.py:2742} INFO - Sync 1 DAGs
[2023-08-15T18:28:54.425-0300] {logging_mixin.py:150} INFO - [2023-08-15T18:28:54.425-0300] {dag.py:3504} INFO - Setting next_dagrun for example_branch_labels to 2023-08-14T00:00:00+00:00, run_after=2023-08-15T00:00:00+00:00
[2023-08-15T18:28:54.568-0300] {processor.py:179} INFO - Processing /home/alan/repos/pipeline_airflow/pipeline-airflow-venv/lib/python3.11/site-packages/airflow/example_dags/example_branch_labels.py took 0.289 seconds
[2023-08-15T18:29:54.362-0300] {processor.py:157} INFO - Started process (PID=21510) to work on /home/alan/repos/pipeline_airflow/pipeline-airflow-venv/lib/python3.11/site-packages/airflow/example_dags/example_branch_labels.py
[2023-08-15T18:29:54.363-0300] {processor.py:826} INFO - Processing file /home/alan/repos/pipeline_airflow/pipeline-airflow-venv/lib/python3.11/site-packages/airflow/example_dags/example_branch_labels.py for tasks to queue
[2023-08-15T18:29:54.365-0300] {logging_mixin.py:150} INFO - [2023-08-15T18:29:54.364-0300] {dagbag.py:541} INFO - Filling up the DagBag from /home/alan/repos/pipeline_airflow/pipeline-airflow-venv/lib/python3.11/site-packages/airflow/example_dags/example_branch_labels.py
[2023-08-15T18:29:54.380-0300] {processor.py:836} INFO - DAG(s) dict_keys(['example_branch_labels']) retrieved from /home/alan/repos/pipeline_airflow/pipeline-airflow-venv/lib/python3.11/site-packages/airflow/example_dags/example_branch_labels.py
[2023-08-15T18:29:54.420-0300] {logging_mixin.py:150} INFO - [2023-08-15T18:29:54.420-0300] {dag.py:2742} INFO - Sync 1 DAGs
[2023-08-15T18:29:54.460-0300] {logging_mixin.py:150} INFO - [2023-08-15T18:29:54.460-0300] {dag.py:3504} INFO - Setting next_dagrun for example_branch_labels to 2023-08-14T00:00:00+00:00, run_after=2023-08-15T00:00:00+00:00
[2023-08-15T18:29:54.571-0300] {processor.py:179} INFO - Processing /home/alan/repos/pipeline_airflow/pipeline-airflow-venv/lib/python3.11/site-packages/airflow/example_dags/example_branch_labels.py took 0.215 seconds
[2023-08-15T18:30:51.535-0300] {processor.py:157} INFO - Started process (PID=21725) to work on /home/alan/repos/pipeline_airflow/pipeline-airflow-venv/lib/python3.11/site-packages/airflow/example_dags/example_branch_labels.py
[2023-08-15T18:30:51.537-0300] {processor.py:826} INFO - Processing file /home/alan/repos/pipeline_airflow/pipeline-airflow-venv/lib/python3.11/site-packages/airflow/example_dags/example_branch_labels.py for tasks to queue
[2023-08-15T18:30:51.538-0300] {logging_mixin.py:150} INFO - [2023-08-15T18:30:51.537-0300] {dagbag.py:541} INFO - Filling up the DagBag from /home/alan/repos/pipeline_airflow/pipeline-airflow-venv/lib/python3.11/site-packages/airflow/example_dags/example_branch_labels.py
[2023-08-15T18:30:51.553-0300] {processor.py:836} INFO - DAG(s) dict_keys(['example_branch_labels']) retrieved from /home/alan/repos/pipeline_airflow/pipeline-airflow-venv/lib/python3.11/site-packages/airflow/example_dags/example_branch_labels.py
[2023-08-15T18:30:51.586-0300] {logging_mixin.py:150} INFO - [2023-08-15T18:30:51.585-0300] {dag.py:2742} INFO - Sync 1 DAGs
[2023-08-15T18:30:51.625-0300] {logging_mixin.py:150} INFO - [2023-08-15T18:30:51.625-0300] {dag.py:3504} INFO - Setting next_dagrun for example_branch_labels to 2023-08-14T00:00:00+00:00, run_after=2023-08-15T00:00:00+00:00
[2023-08-15T18:30:51.758-0300] {processor.py:179} INFO - Processing /home/alan/repos/pipeline_airflow/pipeline-airflow-venv/lib/python3.11/site-packages/airflow/example_dags/example_branch_labels.py took 0.229 seconds
[2023-08-15T18:32:09.641-0300] {processor.py:157} INFO - Started process (PID=22010) to work on /home/alan/repos/pipeline_airflow/pipeline-airflow-venv/lib/python3.11/site-packages/airflow/example_dags/example_branch_labels.py
[2023-08-15T18:32:09.648-0300] {processor.py:826} INFO - Processing file /home/alan/repos/pipeline_airflow/pipeline-airflow-venv/lib/python3.11/site-packages/airflow/example_dags/example_branch_labels.py for tasks to queue
[2023-08-15T18:32:09.650-0300] {logging_mixin.py:150} INFO - [2023-08-15T18:32:09.649-0300] {dagbag.py:541} INFO - Filling up the DagBag from /home/alan/repos/pipeline_airflow/pipeline-airflow-venv/lib/python3.11/site-packages/airflow/example_dags/example_branch_labels.py
[2023-08-15T18:32:09.668-0300] {processor.py:836} INFO - DAG(s) dict_keys(['example_branch_labels']) retrieved from /home/alan/repos/pipeline_airflow/pipeline-airflow-venv/lib/python3.11/site-packages/airflow/example_dags/example_branch_labels.py
[2023-08-15T18:32:09.731-0300] {logging_mixin.py:150} INFO - [2023-08-15T18:32:09.731-0300] {dag.py:2742} INFO - Sync 1 DAGs
[2023-08-15T18:32:09.789-0300] {logging_mixin.py:150} INFO - [2023-08-15T18:32:09.789-0300] {dag.py:3504} INFO - Setting next_dagrun for example_branch_labels to 2023-08-14T00:00:00+00:00, run_after=2023-08-15T00:00:00+00:00
[2023-08-15T18:32:09.937-0300] {processor.py:179} INFO - Processing /home/alan/repos/pipeline_airflow/pipeline-airflow-venv/lib/python3.11/site-packages/airflow/example_dags/example_branch_labels.py took 0.300 seconds
[2023-08-15T18:33:06.815-0300] {processor.py:157} INFO - Started process (PID=22225) to work on /home/alan/repos/pipeline_airflow/pipeline-airflow-venv/lib/python3.11/site-packages/airflow/example_dags/example_branch_labels.py
[2023-08-15T18:33:06.820-0300] {processor.py:826} INFO - Processing file /home/alan/repos/pipeline_airflow/pipeline-airflow-venv/lib/python3.11/site-packages/airflow/example_dags/example_branch_labels.py for tasks to queue
[2023-08-15T18:33:06.821-0300] {logging_mixin.py:150} INFO - [2023-08-15T18:33:06.821-0300] {dagbag.py:541} INFO - Filling up the DagBag from /home/alan/repos/pipeline_airflow/pipeline-airflow-venv/lib/python3.11/site-packages/airflow/example_dags/example_branch_labels.py
[2023-08-15T18:33:06.854-0300] {processor.py:836} INFO - DAG(s) dict_keys(['example_branch_labels']) retrieved from /home/alan/repos/pipeline_airflow/pipeline-airflow-venv/lib/python3.11/site-packages/airflow/example_dags/example_branch_labels.py
[2023-08-15T18:33:06.897-0300] {logging_mixin.py:150} INFO - [2023-08-15T18:33:06.897-0300] {dag.py:2742} INFO - Sync 1 DAGs
[2023-08-15T18:33:06.973-0300] {logging_mixin.py:150} INFO - [2023-08-15T18:33:06.973-0300] {dag.py:3504} INFO - Setting next_dagrun for example_branch_labels to 2023-08-14T00:00:00+00:00, run_after=2023-08-15T00:00:00+00:00
[2023-08-15T18:33:07.101-0300] {processor.py:179} INFO - Processing /home/alan/repos/pipeline_airflow/pipeline-airflow-venv/lib/python3.11/site-packages/airflow/example_dags/example_branch_labels.py took 0.303 seconds
[2023-08-15T18:34:05.135-0300] {processor.py:157} INFO - Started process (PID=22443) to work on /home/alan/repos/pipeline_airflow/pipeline-airflow-venv/lib/python3.11/site-packages/airflow/example_dags/example_branch_labels.py
[2023-08-15T18:34:05.137-0300] {processor.py:826} INFO - Processing file /home/alan/repos/pipeline_airflow/pipeline-airflow-venv/lib/python3.11/site-packages/airflow/example_dags/example_branch_labels.py for tasks to queue
[2023-08-15T18:34:05.139-0300] {logging_mixin.py:150} INFO - [2023-08-15T18:34:05.138-0300] {dagbag.py:541} INFO - Filling up the DagBag from /home/alan/repos/pipeline_airflow/pipeline-airflow-venv/lib/python3.11/site-packages/airflow/example_dags/example_branch_labels.py
[2023-08-15T18:34:05.155-0300] {processor.py:836} INFO - DAG(s) dict_keys(['example_branch_labels']) retrieved from /home/alan/repos/pipeline_airflow/pipeline-airflow-venv/lib/python3.11/site-packages/airflow/example_dags/example_branch_labels.py
[2023-08-15T18:34:05.192-0300] {logging_mixin.py:150} INFO - [2023-08-15T18:34:05.192-0300] {dag.py:2742} INFO - Sync 1 DAGs
[2023-08-15T18:34:05.251-0300] {logging_mixin.py:150} INFO - [2023-08-15T18:34:05.251-0300] {dag.py:3504} INFO - Setting next_dagrun for example_branch_labels to 2023-08-14T00:00:00+00:00, run_after=2023-08-15T00:00:00+00:00
[2023-08-15T18:34:05.412-0300] {processor.py:179} INFO - Processing /home/alan/repos/pipeline_airflow/pipeline-airflow-venv/lib/python3.11/site-packages/airflow/example_dags/example_branch_labels.py took 0.293 seconds
[2023-08-15T18:34:58.905-0300] {processor.py:157} INFO - Started process (PID=22632) to work on /home/alan/repos/pipeline_airflow/pipeline-airflow-venv/lib/python3.11/site-packages/airflow/example_dags/example_branch_labels.py
[2023-08-15T18:34:58.912-0300] {processor.py:826} INFO - Processing file /home/alan/repos/pipeline_airflow/pipeline-airflow-venv/lib/python3.11/site-packages/airflow/example_dags/example_branch_labels.py for tasks to queue
[2023-08-15T18:34:58.914-0300] {logging_mixin.py:150} INFO - [2023-08-15T18:34:58.913-0300] {dagbag.py:541} INFO - Filling up the DagBag from /home/alan/repos/pipeline_airflow/pipeline-airflow-venv/lib/python3.11/site-packages/airflow/example_dags/example_branch_labels.py
[2023-08-15T18:34:58.929-0300] {processor.py:836} INFO - DAG(s) dict_keys(['example_branch_labels']) retrieved from /home/alan/repos/pipeline_airflow/pipeline-airflow-venv/lib/python3.11/site-packages/airflow/example_dags/example_branch_labels.py
[2023-08-15T18:34:58.961-0300] {logging_mixin.py:150} INFO - [2023-08-15T18:34:58.961-0300] {dag.py:2742} INFO - Sync 1 DAGs
[2023-08-15T18:34:59.001-0300] {logging_mixin.py:150} INFO - [2023-08-15T18:34:59.001-0300] {dag.py:3504} INFO - Setting next_dagrun for example_branch_labels to 2023-08-14T00:00:00+00:00, run_after=2023-08-15T00:00:00+00:00
[2023-08-15T18:34:59.122-0300] {processor.py:179} INFO - Processing /home/alan/repos/pipeline_airflow/pipeline-airflow-venv/lib/python3.11/site-packages/airflow/example_dags/example_branch_labels.py took 0.224 seconds
[2023-08-15T18:35:56.297-0300] {processor.py:157} INFO - Started process (PID=22837) to work on /home/alan/repos/pipeline_airflow/pipeline-airflow-venv/lib/python3.11/site-packages/airflow/example_dags/example_branch_labels.py
[2023-08-15T18:35:56.299-0300] {processor.py:826} INFO - Processing file /home/alan/repos/pipeline_airflow/pipeline-airflow-venv/lib/python3.11/site-packages/airflow/example_dags/example_branch_labels.py for tasks to queue
[2023-08-15T18:35:56.301-0300] {logging_mixin.py:150} INFO - [2023-08-15T18:35:56.300-0300] {dagbag.py:541} INFO - Filling up the DagBag from /home/alan/repos/pipeline_airflow/pipeline-airflow-venv/lib/python3.11/site-packages/airflow/example_dags/example_branch_labels.py
[2023-08-15T18:35:56.318-0300] {processor.py:836} INFO - DAG(s) dict_keys(['example_branch_labels']) retrieved from /home/alan/repos/pipeline_airflow/pipeline-airflow-venv/lib/python3.11/site-packages/airflow/example_dags/example_branch_labels.py
[2023-08-15T18:35:56.353-0300] {logging_mixin.py:150} INFO - [2023-08-15T18:35:56.352-0300] {dag.py:2742} INFO - Sync 1 DAGs
[2023-08-15T18:35:56.391-0300] {logging_mixin.py:150} INFO - [2023-08-15T18:35:56.391-0300] {dag.py:3504} INFO - Setting next_dagrun for example_branch_labels to 2023-08-14T00:00:00+00:00, run_after=2023-08-15T00:00:00+00:00
[2023-08-15T18:35:56.514-0300] {processor.py:179} INFO - Processing /home/alan/repos/pipeline_airflow/pipeline-airflow-venv/lib/python3.11/site-packages/airflow/example_dags/example_branch_labels.py took 0.223 seconds
[2023-08-15T18:36:53.817-0300] {processor.py:157} INFO - Started process (PID=23054) to work on /home/alan/repos/pipeline_airflow/pipeline-airflow-venv/lib/python3.11/site-packages/airflow/example_dags/example_branch_labels.py
[2023-08-15T18:36:53.840-0300] {processor.py:826} INFO - Processing file /home/alan/repos/pipeline_airflow/pipeline-airflow-venv/lib/python3.11/site-packages/airflow/example_dags/example_branch_labels.py for tasks to queue
[2023-08-15T18:36:53.841-0300] {logging_mixin.py:150} INFO - [2023-08-15T18:36:53.841-0300] {dagbag.py:541} INFO - Filling up the DagBag from /home/alan/repos/pipeline_airflow/pipeline-airflow-venv/lib/python3.11/site-packages/airflow/example_dags/example_branch_labels.py
[2023-08-15T18:36:53.876-0300] {processor.py:836} INFO - DAG(s) dict_keys(['example_branch_labels']) retrieved from /home/alan/repos/pipeline_airflow/pipeline-airflow-venv/lib/python3.11/site-packages/airflow/example_dags/example_branch_labels.py
[2023-08-15T18:36:53.925-0300] {logging_mixin.py:150} INFO - [2023-08-15T18:36:53.925-0300] {dag.py:2742} INFO - Sync 1 DAGs
[2023-08-15T18:36:54.003-0300] {logging_mixin.py:150} INFO - [2023-08-15T18:36:53.998-0300] {dag.py:3504} INFO - Setting next_dagrun for example_branch_labels to 2023-08-14T00:00:00+00:00, run_after=2023-08-15T00:00:00+00:00
[2023-08-15T18:36:54.127-0300] {processor.py:179} INFO - Processing /home/alan/repos/pipeline_airflow/pipeline-airflow-venv/lib/python3.11/site-packages/airflow/example_dags/example_branch_labels.py took 0.322 seconds
[2023-08-15T18:38:16.344-0300] {processor.py:157} INFO - Started process (PID=23384) to work on /home/alan/repos/pipeline_airflow/pipeline-airflow-venv/lib/python3.11/site-packages/airflow/example_dags/example_branch_labels.py
[2023-08-15T18:38:16.348-0300] {processor.py:826} INFO - Processing file /home/alan/repos/pipeline_airflow/pipeline-airflow-venv/lib/python3.11/site-packages/airflow/example_dags/example_branch_labels.py for tasks to queue
[2023-08-15T18:38:16.350-0300] {logging_mixin.py:150} INFO - [2023-08-15T18:38:16.349-0300] {dagbag.py:541} INFO - Filling up the DagBag from /home/alan/repos/pipeline_airflow/pipeline-airflow-venv/lib/python3.11/site-packages/airflow/example_dags/example_branch_labels.py
[2023-08-15T18:38:16.366-0300] {processor.py:836} INFO - DAG(s) dict_keys(['example_branch_labels']) retrieved from /home/alan/repos/pipeline_airflow/pipeline-airflow-venv/lib/python3.11/site-packages/airflow/example_dags/example_branch_labels.py
[2023-08-15T18:38:16.399-0300] {logging_mixin.py:150} INFO - [2023-08-15T18:38:16.399-0300] {dag.py:2742} INFO - Sync 1 DAGs
[2023-08-15T18:38:16.440-0300] {logging_mixin.py:150} INFO - [2023-08-15T18:38:16.440-0300] {dag.py:3504} INFO - Setting next_dagrun for example_branch_labels to 2023-08-14T00:00:00+00:00, run_after=2023-08-15T00:00:00+00:00
[2023-08-15T18:38:16.537-0300] {processor.py:179} INFO - Processing /home/alan/repos/pipeline_airflow/pipeline-airflow-venv/lib/python3.11/site-packages/airflow/example_dags/example_branch_labels.py took 0.200 seconds
[2023-08-15T18:44:54.581-0300] {processor.py:157} INFO - Started process (PID=23918) to work on /home/alan/repos/pipeline_airflow/pipeline-airflow-venv/lib/python3.11/site-packages/airflow/example_dags/example_branch_labels.py
[2023-08-15T18:44:54.583-0300] {processor.py:826} INFO - Processing file /home/alan/repos/pipeline_airflow/pipeline-airflow-venv/lib/python3.11/site-packages/airflow/example_dags/example_branch_labels.py for tasks to queue
[2023-08-15T18:44:54.584-0300] {logging_mixin.py:150} INFO - [2023-08-15T18:44:54.584-0300] {dagbag.py:541} INFO - Filling up the DagBag from /home/alan/repos/pipeline_airflow/pipeline-airflow-venv/lib/python3.11/site-packages/airflow/example_dags/example_branch_labels.py
[2023-08-15T18:44:54.600-0300] {processor.py:836} INFO - DAG(s) dict_keys(['example_branch_labels']) retrieved from /home/alan/repos/pipeline_airflow/pipeline-airflow-venv/lib/python3.11/site-packages/airflow/example_dags/example_branch_labels.py
[2023-08-15T18:44:54.633-0300] {logging_mixin.py:150} INFO - [2023-08-15T18:44:54.633-0300] {dag.py:2742} INFO - Sync 1 DAGs
[2023-08-15T18:44:54.672-0300] {logging_mixin.py:150} INFO - [2023-08-15T18:44:54.672-0300] {dag.py:3504} INFO - Setting next_dagrun for example_branch_labels to 2023-08-14T00:00:00+00:00, run_after=2023-08-15T00:00:00+00:00
[2023-08-15T18:44:54.779-0300] {processor.py:179} INFO - Processing /home/alan/repos/pipeline_airflow/pipeline-airflow-venv/lib/python3.11/site-packages/airflow/example_dags/example_branch_labels.py took 0.203 seconds
[2023-08-15T18:46:15.159-0300] {processor.py:157} INFO - Started process (PID=24248) to work on /home/alan/repos/pipeline_airflow/pipeline-airflow-venv/lib/python3.11/site-packages/airflow/example_dags/example_branch_labels.py
[2023-08-15T18:46:15.234-0300] {processor.py:826} INFO - Processing file /home/alan/repos/pipeline_airflow/pipeline-airflow-venv/lib/python3.11/site-packages/airflow/example_dags/example_branch_labels.py for tasks to queue
[2023-08-15T18:46:15.237-0300] {logging_mixin.py:150} INFO - [2023-08-15T18:46:15.236-0300] {dagbag.py:541} INFO - Filling up the DagBag from /home/alan/repos/pipeline_airflow/pipeline-airflow-venv/lib/python3.11/site-packages/airflow/example_dags/example_branch_labels.py
[2023-08-15T18:46:15.266-0300] {processor.py:836} INFO - DAG(s) dict_keys(['example_branch_labels']) retrieved from /home/alan/repos/pipeline_airflow/pipeline-airflow-venv/lib/python3.11/site-packages/airflow/example_dags/example_branch_labels.py
[2023-08-15T18:46:15.313-0300] {logging_mixin.py:150} INFO - [2023-08-15T18:46:15.313-0300] {dag.py:2742} INFO - Sync 1 DAGs
[2023-08-15T18:46:15.356-0300] {logging_mixin.py:150} INFO - [2023-08-15T18:46:15.356-0300] {dag.py:3504} INFO - Setting next_dagrun for example_branch_labels to 2023-08-14T00:00:00+00:00, run_after=2023-08-15T00:00:00+00:00
[2023-08-15T18:46:15.732-0300] {processor.py:179} INFO - Processing /home/alan/repos/pipeline_airflow/pipeline-airflow-venv/lib/python3.11/site-packages/airflow/example_dags/example_branch_labels.py took 0.583 seconds
[2023-08-15T18:47:18.676-0300] {processor.py:157} INFO - Started process (PID=24482) to work on /home/alan/repos/pipeline_airflow/pipeline-airflow-venv/lib/python3.11/site-packages/airflow/example_dags/example_branch_labels.py
[2023-08-15T18:47:18.689-0300] {processor.py:826} INFO - Processing file /home/alan/repos/pipeline_airflow/pipeline-airflow-venv/lib/python3.11/site-packages/airflow/example_dags/example_branch_labels.py for tasks to queue
[2023-08-15T18:47:18.690-0300] {logging_mixin.py:150} INFO - [2023-08-15T18:47:18.689-0300] {dagbag.py:541} INFO - Filling up the DagBag from /home/alan/repos/pipeline_airflow/pipeline-airflow-venv/lib/python3.11/site-packages/airflow/example_dags/example_branch_labels.py
[2023-08-15T18:47:18.717-0300] {processor.py:836} INFO - DAG(s) dict_keys(['example_branch_labels']) retrieved from /home/alan/repos/pipeline_airflow/pipeline-airflow-venv/lib/python3.11/site-packages/airflow/example_dags/example_branch_labels.py
[2023-08-15T18:47:18.756-0300] {logging_mixin.py:150} INFO - [2023-08-15T18:47:18.756-0300] {dag.py:2742} INFO - Sync 1 DAGs
[2023-08-15T18:47:18.806-0300] {logging_mixin.py:150} INFO - [2023-08-15T18:47:18.806-0300] {dag.py:3504} INFO - Setting next_dagrun for example_branch_labels to 2023-08-14T00:00:00+00:00, run_after=2023-08-15T00:00:00+00:00
[2023-08-15T18:47:18.910-0300] {processor.py:179} INFO - Processing /home/alan/repos/pipeline_airflow/pipeline-airflow-venv/lib/python3.11/site-packages/airflow/example_dags/example_branch_labels.py took 0.239 seconds
[2023-08-15T18:48:23.844-0300] {processor.py:157} INFO - Started process (PID=24701) to work on /home/alan/repos/pipeline_airflow/pipeline-airflow-venv/lib/python3.11/site-packages/airflow/example_dags/example_branch_labels.py
[2023-08-15T18:48:23.848-0300] {processor.py:826} INFO - Processing file /home/alan/repos/pipeline_airflow/pipeline-airflow-venv/lib/python3.11/site-packages/airflow/example_dags/example_branch_labels.py for tasks to queue
[2023-08-15T18:48:23.850-0300] {logging_mixin.py:150} INFO - [2023-08-15T18:48:23.849-0300] {dagbag.py:541} INFO - Filling up the DagBag from /home/alan/repos/pipeline_airflow/pipeline-airflow-venv/lib/python3.11/site-packages/airflow/example_dags/example_branch_labels.py
[2023-08-15T18:48:23.876-0300] {processor.py:836} INFO - DAG(s) dict_keys(['example_branch_labels']) retrieved from /home/alan/repos/pipeline_airflow/pipeline-airflow-venv/lib/python3.11/site-packages/airflow/example_dags/example_branch_labels.py
[2023-08-15T18:48:23.920-0300] {logging_mixin.py:150} INFO - [2023-08-15T18:48:23.919-0300] {dag.py:2742} INFO - Sync 1 DAGs
[2023-08-15T18:48:24.142-0300] {logging_mixin.py:150} INFO - [2023-08-15T18:48:24.142-0300] {dag.py:3504} INFO - Setting next_dagrun for example_branch_labels to 2023-08-14T00:00:00+00:00, run_after=2023-08-15T00:00:00+00:00
[2023-08-15T18:48:24.271-0300] {processor.py:179} INFO - Processing /home/alan/repos/pipeline_airflow/pipeline-airflow-venv/lib/python3.11/site-packages/airflow/example_dags/example_branch_labels.py took 0.438 seconds
[2023-08-15T18:49:31.748-0300] {processor.py:157} INFO - Started process (PID=24926) to work on /home/alan/repos/pipeline_airflow/pipeline-airflow-venv/lib/python3.11/site-packages/airflow/example_dags/example_branch_labels.py
[2023-08-15T18:49:31.750-0300] {processor.py:826} INFO - Processing file /home/alan/repos/pipeline_airflow/pipeline-airflow-venv/lib/python3.11/site-packages/airflow/example_dags/example_branch_labels.py for tasks to queue
[2023-08-15T18:49:31.752-0300] {logging_mixin.py:150} INFO - [2023-08-15T18:49:31.751-0300] {dagbag.py:541} INFO - Filling up the DagBag from /home/alan/repos/pipeline_airflow/pipeline-airflow-venv/lib/python3.11/site-packages/airflow/example_dags/example_branch_labels.py
[2023-08-15T18:49:31.767-0300] {processor.py:836} INFO - DAG(s) dict_keys(['example_branch_labels']) retrieved from /home/alan/repos/pipeline_airflow/pipeline-airflow-venv/lib/python3.11/site-packages/airflow/example_dags/example_branch_labels.py
[2023-08-15T18:49:31.799-0300] {logging_mixin.py:150} INFO - [2023-08-15T18:49:31.799-0300] {dag.py:2742} INFO - Sync 1 DAGs
[2023-08-15T18:49:31.840-0300] {logging_mixin.py:150} INFO - [2023-08-15T18:49:31.840-0300] {dag.py:3504} INFO - Setting next_dagrun for example_branch_labels to 2023-08-14T00:00:00+00:00, run_after=2023-08-15T00:00:00+00:00
[2023-08-15T18:49:31.973-0300] {processor.py:179} INFO - Processing /home/alan/repos/pipeline_airflow/pipeline-airflow-venv/lib/python3.11/site-packages/airflow/example_dags/example_branch_labels.py took 0.230 seconds
[2023-08-15T18:50:30.952-0300] {processor.py:157} INFO - Started process (PID=25140) to work on /home/alan/repos/pipeline_airflow/pipeline-airflow-venv/lib/python3.11/site-packages/airflow/example_dags/example_branch_labels.py
[2023-08-15T18:50:30.954-0300] {processor.py:826} INFO - Processing file /home/alan/repos/pipeline_airflow/pipeline-airflow-venv/lib/python3.11/site-packages/airflow/example_dags/example_branch_labels.py for tasks to queue
[2023-08-15T18:50:30.955-0300] {logging_mixin.py:150} INFO - [2023-08-15T18:50:30.955-0300] {dagbag.py:541} INFO - Filling up the DagBag from /home/alan/repos/pipeline_airflow/pipeline-airflow-venv/lib/python3.11/site-packages/airflow/example_dags/example_branch_labels.py
[2023-08-15T18:50:30.974-0300] {processor.py:836} INFO - DAG(s) dict_keys(['example_branch_labels']) retrieved from /home/alan/repos/pipeline_airflow/pipeline-airflow-venv/lib/python3.11/site-packages/airflow/example_dags/example_branch_labels.py
[2023-08-15T18:50:31.010-0300] {logging_mixin.py:150} INFO - [2023-08-15T18:50:31.010-0300] {dag.py:2742} INFO - Sync 1 DAGs
[2023-08-15T18:50:31.052-0300] {logging_mixin.py:150} INFO - [2023-08-15T18:50:31.051-0300] {dag.py:3504} INFO - Setting next_dagrun for example_branch_labels to 2023-08-14T00:00:00+00:00, run_after=2023-08-15T00:00:00+00:00
[2023-08-15T18:50:31.162-0300] {processor.py:179} INFO - Processing /home/alan/repos/pipeline_airflow/pipeline-airflow-venv/lib/python3.11/site-packages/airflow/example_dags/example_branch_labels.py took 0.218 seconds
[2023-08-15T18:51:42.602-0300] {processor.py:157} INFO - Started process (PID=25480) to work on /home/alan/repos/pipeline_airflow/pipeline-airflow-venv/lib/python3.11/site-packages/airflow/example_dags/example_branch_labels.py
[2023-08-15T18:51:42.620-0300] {processor.py:826} INFO - Processing file /home/alan/repos/pipeline_airflow/pipeline-airflow-venv/lib/python3.11/site-packages/airflow/example_dags/example_branch_labels.py for tasks to queue
[2023-08-15T18:51:42.622-0300] {logging_mixin.py:150} INFO - [2023-08-15T18:51:42.621-0300] {dagbag.py:541} INFO - Filling up the DagBag from /home/alan/repos/pipeline_airflow/pipeline-airflow-venv/lib/python3.11/site-packages/airflow/example_dags/example_branch_labels.py
[2023-08-15T18:51:42.651-0300] {processor.py:836} INFO - DAG(s) dict_keys(['example_branch_labels']) retrieved from /home/alan/repos/pipeline_airflow/pipeline-airflow-venv/lib/python3.11/site-packages/airflow/example_dags/example_branch_labels.py
[2023-08-15T18:51:42.703-0300] {logging_mixin.py:150} INFO - [2023-08-15T18:51:42.703-0300] {dag.py:2742} INFO - Sync 1 DAGs
[2023-08-15T18:51:42.760-0300] {logging_mixin.py:150} INFO - [2023-08-15T18:51:42.760-0300] {dag.py:3504} INFO - Setting next_dagrun for example_branch_labels to 2023-08-14T00:00:00+00:00, run_after=2023-08-15T00:00:00+00:00
[2023-08-15T18:51:42.881-0300] {processor.py:179} INFO - Processing /home/alan/repos/pipeline_airflow/pipeline-airflow-venv/lib/python3.11/site-packages/airflow/example_dags/example_branch_labels.py took 0.285 seconds
[2023-08-15T18:52:53.599-0300] {processor.py:157} INFO - Started process (PID=25821) to work on /home/alan/repos/pipeline_airflow/pipeline-airflow-venv/lib/python3.11/site-packages/airflow/example_dags/example_branch_labels.py
[2023-08-15T18:52:53.607-0300] {processor.py:826} INFO - Processing file /home/alan/repos/pipeline_airflow/pipeline-airflow-venv/lib/python3.11/site-packages/airflow/example_dags/example_branch_labels.py for tasks to queue
[2023-08-15T18:52:53.609-0300] {logging_mixin.py:150} INFO - [2023-08-15T18:52:53.608-0300] {dagbag.py:541} INFO - Filling up the DagBag from /home/alan/repos/pipeline_airflow/pipeline-airflow-venv/lib/python3.11/site-packages/airflow/example_dags/example_branch_labels.py
[2023-08-15T18:52:53.624-0300] {processor.py:836} INFO - DAG(s) dict_keys(['example_branch_labels']) retrieved from /home/alan/repos/pipeline_airflow/pipeline-airflow-venv/lib/python3.11/site-packages/airflow/example_dags/example_branch_labels.py
[2023-08-15T18:52:53.655-0300] {logging_mixin.py:150} INFO - [2023-08-15T18:52:53.655-0300] {dag.py:2742} INFO - Sync 1 DAGs
[2023-08-15T18:52:53.698-0300] {logging_mixin.py:150} INFO - [2023-08-15T18:52:53.697-0300] {dag.py:3504} INFO - Setting next_dagrun for example_branch_labels to 2023-08-14T00:00:00+00:00, run_after=2023-08-15T00:00:00+00:00
[2023-08-15T18:52:53.808-0300] {processor.py:179} INFO - Processing /home/alan/repos/pipeline_airflow/pipeline-airflow-venv/lib/python3.11/site-packages/airflow/example_dags/example_branch_labels.py took 0.214 seconds
[2023-08-15T18:53:50.208-0300] {processor.py:157} INFO - Started process (PID=26035) to work on /home/alan/repos/pipeline_airflow/pipeline-airflow-venv/lib/python3.11/site-packages/airflow/example_dags/example_branch_labels.py
[2023-08-15T18:53:50.210-0300] {processor.py:826} INFO - Processing file /home/alan/repos/pipeline_airflow/pipeline-airflow-venv/lib/python3.11/site-packages/airflow/example_dags/example_branch_labels.py for tasks to queue
[2023-08-15T18:53:50.212-0300] {logging_mixin.py:150} INFO - [2023-08-15T18:53:50.211-0300] {dagbag.py:541} INFO - Filling up the DagBag from /home/alan/repos/pipeline_airflow/pipeline-airflow-venv/lib/python3.11/site-packages/airflow/example_dags/example_branch_labels.py
[2023-08-15T18:53:50.229-0300] {processor.py:836} INFO - DAG(s) dict_keys(['example_branch_labels']) retrieved from /home/alan/repos/pipeline_airflow/pipeline-airflow-venv/lib/python3.11/site-packages/airflow/example_dags/example_branch_labels.py
[2023-08-15T18:53:50.262-0300] {logging_mixin.py:150} INFO - [2023-08-15T18:53:50.262-0300] {dag.py:2742} INFO - Sync 1 DAGs
[2023-08-15T18:53:50.300-0300] {logging_mixin.py:150} INFO - [2023-08-15T18:53:50.300-0300] {dag.py:3504} INFO - Setting next_dagrun for example_branch_labels to 2023-08-14T00:00:00+00:00, run_after=2023-08-15T00:00:00+00:00
[2023-08-15T18:53:50.406-0300] {processor.py:179} INFO - Processing /home/alan/repos/pipeline_airflow/pipeline-airflow-venv/lib/python3.11/site-packages/airflow/example_dags/example_branch_labels.py took 0.204 seconds
[2023-08-15T18:54:55.352-0300] {processor.py:157} INFO - Started process (PID=26348) to work on /home/alan/repos/pipeline_airflow/pipeline-airflow-venv/lib/python3.11/site-packages/airflow/example_dags/example_branch_labels.py
[2023-08-15T18:54:55.377-0300] {processor.py:826} INFO - Processing file /home/alan/repos/pipeline_airflow/pipeline-airflow-venv/lib/python3.11/site-packages/airflow/example_dags/example_branch_labels.py for tasks to queue
[2023-08-15T18:54:55.379-0300] {logging_mixin.py:150} INFO - [2023-08-15T18:54:55.378-0300] {dagbag.py:541} INFO - Filling up the DagBag from /home/alan/repos/pipeline_airflow/pipeline-airflow-venv/lib/python3.11/site-packages/airflow/example_dags/example_branch_labels.py
[2023-08-15T18:54:55.398-0300] {processor.py:836} INFO - DAG(s) dict_keys(['example_branch_labels']) retrieved from /home/alan/repos/pipeline_airflow/pipeline-airflow-venv/lib/python3.11/site-packages/airflow/example_dags/example_branch_labels.py
[2023-08-15T18:54:55.433-0300] {logging_mixin.py:150} INFO - [2023-08-15T18:54:55.433-0300] {dag.py:2742} INFO - Sync 1 DAGs
[2023-08-15T18:54:55.477-0300] {logging_mixin.py:150} INFO - [2023-08-15T18:54:55.476-0300] {dag.py:3504} INFO - Setting next_dagrun for example_branch_labels to 2023-08-14T00:00:00+00:00, run_after=2023-08-15T00:00:00+00:00
[2023-08-15T18:54:55.823-0300] {processor.py:179} INFO - Processing /home/alan/repos/pipeline_airflow/pipeline-airflow-venv/lib/python3.11/site-packages/airflow/example_dags/example_branch_labels.py took 0.476 seconds
[2023-08-15T19:00:16.466-0300] {processor.py:157} INFO - Started process (PID=27338) to work on /home/alan/repos/pipeline_airflow/pipeline-airflow-venv/lib/python3.11/site-packages/airflow/example_dags/example_branch_labels.py
[2023-08-15T19:00:16.603-0300] {processor.py:826} INFO - Processing file /home/alan/repos/pipeline_airflow/pipeline-airflow-venv/lib/python3.11/site-packages/airflow/example_dags/example_branch_labels.py for tasks to queue
[2023-08-15T19:00:16.606-0300] {logging_mixin.py:150} INFO - [2023-08-15T19:00:16.605-0300] {dagbag.py:541} INFO - Filling up the DagBag from /home/alan/repos/pipeline_airflow/pipeline-airflow-venv/lib/python3.11/site-packages/airflow/example_dags/example_branch_labels.py
[2023-08-15T19:00:16.675-0300] {processor.py:836} INFO - DAG(s) dict_keys(['example_branch_labels']) retrieved from /home/alan/repos/pipeline_airflow/pipeline-airflow-venv/lib/python3.11/site-packages/airflow/example_dags/example_branch_labels.py
[2023-08-15T19:00:16.821-0300] {logging_mixin.py:150} INFO - [2023-08-15T19:00:16.820-0300] {dag.py:2742} INFO - Sync 1 DAGs
[2023-08-15T19:00:16.865-0300] {logging_mixin.py:150} INFO - [2023-08-15T19:00:16.864-0300] {dag.py:3504} INFO - Setting next_dagrun for example_branch_labels to 2023-08-14T00:00:00+00:00, run_after=2023-08-15T00:00:00+00:00
[2023-08-15T19:00:18.318-0300] {processor.py:179} INFO - Processing /home/alan/repos/pipeline_airflow/pipeline-airflow-venv/lib/python3.11/site-packages/airflow/example_dags/example_branch_labels.py took 1.858 seconds
[2023-08-15T19:02:09.952-0300] {processor.py:157} INFO - Started process (PID=27682) to work on /home/alan/repos/pipeline_airflow/pipeline-airflow-venv/lib/python3.11/site-packages/airflow/example_dags/example_branch_labels.py
[2023-08-15T19:02:10.015-0300] {processor.py:826} INFO - Processing file /home/alan/repos/pipeline_airflow/pipeline-airflow-venv/lib/python3.11/site-packages/airflow/example_dags/example_branch_labels.py for tasks to queue
[2023-08-15T19:02:10.017-0300] {logging_mixin.py:150} INFO - [2023-08-15T19:02:10.016-0300] {dagbag.py:541} INFO - Filling up the DagBag from /home/alan/repos/pipeline_airflow/pipeline-airflow-venv/lib/python3.11/site-packages/airflow/example_dags/example_branch_labels.py
[2023-08-15T19:02:10.077-0300] {processor.py:836} INFO - DAG(s) dict_keys(['example_branch_labels']) retrieved from /home/alan/repos/pipeline_airflow/pipeline-airflow-venv/lib/python3.11/site-packages/airflow/example_dags/example_branch_labels.py
[2023-08-15T19:02:10.291-0300] {logging_mixin.py:150} INFO - [2023-08-15T19:02:10.290-0300] {dag.py:2742} INFO - Sync 1 DAGs
[2023-08-15T19:02:10.338-0300] {logging_mixin.py:150} INFO - [2023-08-15T19:02:10.338-0300] {dag.py:3504} INFO - Setting next_dagrun for example_branch_labels to 2023-08-14T00:00:00+00:00, run_after=2023-08-15T00:00:00+00:00
[2023-08-15T19:02:10.752-0300] {processor.py:179} INFO - Processing /home/alan/repos/pipeline_airflow/pipeline-airflow-venv/lib/python3.11/site-packages/airflow/example_dags/example_branch_labels.py took 0.805 seconds
[2023-08-15T19:04:32.432-0300] {processor.py:157} INFO - Started process (PID=28319) to work on /home/alan/repos/pipeline_airflow/pipeline-airflow-venv/lib/python3.11/site-packages/airflow/example_dags/example_branch_labels.py
[2023-08-15T19:04:32.434-0300] {processor.py:826} INFO - Processing file /home/alan/repos/pipeline_airflow/pipeline-airflow-venv/lib/python3.11/site-packages/airflow/example_dags/example_branch_labels.py for tasks to queue
[2023-08-15T19:04:32.436-0300] {logging_mixin.py:150} INFO - [2023-08-15T19:04:32.435-0300] {dagbag.py:541} INFO - Filling up the DagBag from /home/alan/repos/pipeline_airflow/pipeline-airflow-venv/lib/python3.11/site-packages/airflow/example_dags/example_branch_labels.py
[2023-08-15T19:04:32.452-0300] {processor.py:836} INFO - DAG(s) dict_keys(['example_branch_labels']) retrieved from /home/alan/repos/pipeline_airflow/pipeline-airflow-venv/lib/python3.11/site-packages/airflow/example_dags/example_branch_labels.py
[2023-08-15T19:04:32.484-0300] {logging_mixin.py:150} INFO - [2023-08-15T19:04:32.483-0300] {dag.py:2742} INFO - Sync 1 DAGs
[2023-08-15T19:04:32.523-0300] {logging_mixin.py:150} INFO - [2023-08-15T19:04:32.523-0300] {dag.py:3504} INFO - Setting next_dagrun for example_branch_labels to 2023-08-14T00:00:00+00:00, run_after=2023-08-15T00:00:00+00:00
[2023-08-15T19:04:32.629-0300] {processor.py:179} INFO - Processing /home/alan/repos/pipeline_airflow/pipeline-airflow-venv/lib/python3.11/site-packages/airflow/example_dags/example_branch_labels.py took 0.203 seconds
[2023-08-15T19:05:56.795-0300] {processor.py:157} INFO - Started process (PID=28702) to work on /home/alan/repos/pipeline_airflow/pipeline-airflow-venv/lib/python3.11/site-packages/airflow/example_dags/example_branch_labels.py
[2023-08-15T19:05:56.809-0300] {processor.py:826} INFO - Processing file /home/alan/repos/pipeline_airflow/pipeline-airflow-venv/lib/python3.11/site-packages/airflow/example_dags/example_branch_labels.py for tasks to queue
[2023-08-15T19:05:56.810-0300] {logging_mixin.py:150} INFO - [2023-08-15T19:05:56.810-0300] {dagbag.py:541} INFO - Filling up the DagBag from /home/alan/repos/pipeline_airflow/pipeline-airflow-venv/lib/python3.11/site-packages/airflow/example_dags/example_branch_labels.py
[2023-08-15T19:05:56.826-0300] {processor.py:836} INFO - DAG(s) dict_keys(['example_branch_labels']) retrieved from /home/alan/repos/pipeline_airflow/pipeline-airflow-venv/lib/python3.11/site-packages/airflow/example_dags/example_branch_labels.py
[2023-08-15T19:05:56.860-0300] {logging_mixin.py:150} INFO - [2023-08-15T19:05:56.860-0300] {dag.py:2742} INFO - Sync 1 DAGs
[2023-08-15T19:05:56.902-0300] {logging_mixin.py:150} INFO - [2023-08-15T19:05:56.901-0300] {dag.py:3504} INFO - Setting next_dagrun for example_branch_labels to 2023-08-14T00:00:00+00:00, run_after=2023-08-15T00:00:00+00:00
[2023-08-15T19:05:57.007-0300] {processor.py:179} INFO - Processing /home/alan/repos/pipeline_airflow/pipeline-airflow-venv/lib/python3.11/site-packages/airflow/example_dags/example_branch_labels.py took 0.218 seconds
[2023-08-15T19:06:59.354-0300] {processor.py:157} INFO - Started process (PID=28869) to work on /home/alan/repos/pipeline_airflow/pipeline-airflow-venv/lib/python3.11/site-packages/airflow/example_dags/example_branch_labels.py
[2023-08-15T19:06:59.365-0300] {processor.py:826} INFO - Processing file /home/alan/repos/pipeline_airflow/pipeline-airflow-venv/lib/python3.11/site-packages/airflow/example_dags/example_branch_labels.py for tasks to queue
[2023-08-15T19:06:59.367-0300] {logging_mixin.py:150} INFO - [2023-08-15T19:06:59.366-0300] {dagbag.py:541} INFO - Filling up the DagBag from /home/alan/repos/pipeline_airflow/pipeline-airflow-venv/lib/python3.11/site-packages/airflow/example_dags/example_branch_labels.py
[2023-08-15T19:06:59.381-0300] {processor.py:836} INFO - DAG(s) dict_keys(['example_branch_labels']) retrieved from /home/alan/repos/pipeline_airflow/pipeline-airflow-venv/lib/python3.11/site-packages/airflow/example_dags/example_branch_labels.py
[2023-08-15T19:06:59.416-0300] {logging_mixin.py:150} INFO - [2023-08-15T19:06:59.415-0300] {dag.py:2742} INFO - Sync 1 DAGs
[2023-08-15T19:06:59.460-0300] {logging_mixin.py:150} INFO - [2023-08-15T19:06:59.459-0300] {dag.py:3504} INFO - Setting next_dagrun for example_branch_labels to 2023-08-14T00:00:00+00:00, run_after=2023-08-15T00:00:00+00:00
[2023-08-15T19:06:59.635-0300] {processor.py:179} INFO - Processing /home/alan/repos/pipeline_airflow/pipeline-airflow-venv/lib/python3.11/site-packages/airflow/example_dags/example_branch_labels.py took 0.286 seconds
[2023-08-15T19:08:01.646-0300] {processor.py:157} INFO - Started process (PID=29135) to work on /home/alan/repos/pipeline_airflow/pipeline-airflow-venv/lib/python3.11/site-packages/airflow/example_dags/example_branch_labels.py
[2023-08-15T19:08:01.664-0300] {processor.py:826} INFO - Processing file /home/alan/repos/pipeline_airflow/pipeline-airflow-venv/lib/python3.11/site-packages/airflow/example_dags/example_branch_labels.py for tasks to queue
[2023-08-15T19:08:01.666-0300] {logging_mixin.py:150} INFO - [2023-08-15T19:08:01.665-0300] {dagbag.py:541} INFO - Filling up the DagBag from /home/alan/repos/pipeline_airflow/pipeline-airflow-venv/lib/python3.11/site-packages/airflow/example_dags/example_branch_labels.py
[2023-08-15T19:08:01.684-0300] {processor.py:836} INFO - DAG(s) dict_keys(['example_branch_labels']) retrieved from /home/alan/repos/pipeline_airflow/pipeline-airflow-venv/lib/python3.11/site-packages/airflow/example_dags/example_branch_labels.py
[2023-08-15T19:08:01.719-0300] {logging_mixin.py:150} INFO - [2023-08-15T19:08:01.719-0300] {dag.py:2742} INFO - Sync 1 DAGs
[2023-08-15T19:08:01.778-0300] {logging_mixin.py:150} INFO - [2023-08-15T19:08:01.777-0300] {dag.py:3504} INFO - Setting next_dagrun for example_branch_labels to 2023-08-14T00:00:00+00:00, run_after=2023-08-15T00:00:00+00:00
[2023-08-15T19:08:01.942-0300] {processor.py:179} INFO - Processing /home/alan/repos/pipeline_airflow/pipeline-airflow-venv/lib/python3.11/site-packages/airflow/example_dags/example_branch_labels.py took 0.302 seconds
[2023-08-15T19:09:07.902-0300] {processor.py:157} INFO - Started process (PID=29302) to work on /home/alan/repos/pipeline_airflow/pipeline-airflow-venv/lib/python3.11/site-packages/airflow/example_dags/example_branch_labels.py
[2023-08-15T19:09:07.916-0300] {processor.py:826} INFO - Processing file /home/alan/repos/pipeline_airflow/pipeline-airflow-venv/lib/python3.11/site-packages/airflow/example_dags/example_branch_labels.py for tasks to queue
[2023-08-15T19:09:07.918-0300] {logging_mixin.py:150} INFO - [2023-08-15T19:09:07.917-0300] {dagbag.py:541} INFO - Filling up the DagBag from /home/alan/repos/pipeline_airflow/pipeline-airflow-venv/lib/python3.11/site-packages/airflow/example_dags/example_branch_labels.py
[2023-08-15T19:09:07.936-0300] {processor.py:836} INFO - DAG(s) dict_keys(['example_branch_labels']) retrieved from /home/alan/repos/pipeline_airflow/pipeline-airflow-venv/lib/python3.11/site-packages/airflow/example_dags/example_branch_labels.py
[2023-08-15T19:09:07.968-0300] {logging_mixin.py:150} INFO - [2023-08-15T19:09:07.968-0300] {dag.py:2742} INFO - Sync 1 DAGs
[2023-08-15T19:09:08.005-0300] {logging_mixin.py:150} INFO - [2023-08-15T19:09:08.005-0300] {dag.py:3504} INFO - Setting next_dagrun for example_branch_labels to 2023-08-14T00:00:00+00:00, run_after=2023-08-15T00:00:00+00:00
[2023-08-15T19:09:08.122-0300] {processor.py:179} INFO - Processing /home/alan/repos/pipeline_airflow/pipeline-airflow-venv/lib/python3.11/site-packages/airflow/example_dags/example_branch_labels.py took 0.225 seconds
[2023-08-15T19:10:07.855-0300] {processor.py:157} INFO - Started process (PID=29459) to work on /home/alan/repos/pipeline_airflow/pipeline-airflow-venv/lib/python3.11/site-packages/airflow/example_dags/example_branch_labels.py
[2023-08-15T19:10:07.859-0300] {processor.py:826} INFO - Processing file /home/alan/repos/pipeline_airflow/pipeline-airflow-venv/lib/python3.11/site-packages/airflow/example_dags/example_branch_labels.py for tasks to queue
[2023-08-15T19:10:07.861-0300] {logging_mixin.py:150} INFO - [2023-08-15T19:10:07.860-0300] {dagbag.py:541} INFO - Filling up the DagBag from /home/alan/repos/pipeline_airflow/pipeline-airflow-venv/lib/python3.11/site-packages/airflow/example_dags/example_branch_labels.py
[2023-08-15T19:10:07.876-0300] {processor.py:836} INFO - DAG(s) dict_keys(['example_branch_labels']) retrieved from /home/alan/repos/pipeline_airflow/pipeline-airflow-venv/lib/python3.11/site-packages/airflow/example_dags/example_branch_labels.py
[2023-08-15T19:10:07.908-0300] {logging_mixin.py:150} INFO - [2023-08-15T19:10:07.908-0300] {dag.py:2742} INFO - Sync 1 DAGs
[2023-08-15T19:10:07.952-0300] {logging_mixin.py:150} INFO - [2023-08-15T19:10:07.952-0300] {dag.py:3504} INFO - Setting next_dagrun for example_branch_labels to 2023-08-14T00:00:00+00:00, run_after=2023-08-15T00:00:00+00:00
[2023-08-15T19:10:08.061-0300] {processor.py:179} INFO - Processing /home/alan/repos/pipeline_airflow/pipeline-airflow-venv/lib/python3.11/site-packages/airflow/example_dags/example_branch_labels.py took 0.211 seconds
[2023-08-15T19:11:07.164-0300] {processor.py:157} INFO - Started process (PID=29644) to work on /home/alan/repos/pipeline_airflow/pipeline-airflow-venv/lib/python3.11/site-packages/airflow/example_dags/example_branch_labels.py
[2023-08-15T19:11:07.174-0300] {processor.py:826} INFO - Processing file /home/alan/repos/pipeline_airflow/pipeline-airflow-venv/lib/python3.11/site-packages/airflow/example_dags/example_branch_labels.py for tasks to queue
[2023-08-15T19:11:07.175-0300] {logging_mixin.py:150} INFO - [2023-08-15T19:11:07.175-0300] {dagbag.py:541} INFO - Filling up the DagBag from /home/alan/repos/pipeline_airflow/pipeline-airflow-venv/lib/python3.11/site-packages/airflow/example_dags/example_branch_labels.py
[2023-08-15T19:11:07.215-0300] {processor.py:836} INFO - DAG(s) dict_keys(['example_branch_labels']) retrieved from /home/alan/repos/pipeline_airflow/pipeline-airflow-venv/lib/python3.11/site-packages/airflow/example_dags/example_branch_labels.py
[2023-08-15T19:11:07.254-0300] {logging_mixin.py:150} INFO - [2023-08-15T19:11:07.253-0300] {dag.py:2742} INFO - Sync 1 DAGs
[2023-08-15T19:11:07.294-0300] {logging_mixin.py:150} INFO - [2023-08-15T19:11:07.294-0300] {dag.py:3504} INFO - Setting next_dagrun for example_branch_labels to 2023-08-14T00:00:00+00:00, run_after=2023-08-15T00:00:00+00:00
[2023-08-15T19:11:07.408-0300] {processor.py:179} INFO - Processing /home/alan/repos/pipeline_airflow/pipeline-airflow-venv/lib/python3.11/site-packages/airflow/example_dags/example_branch_labels.py took 0.251 seconds
[2023-08-15T19:12:10.754-0300] {processor.py:157} INFO - Started process (PID=29875) to work on /home/alan/repos/pipeline_airflow/pipeline-airflow-venv/lib/python3.11/site-packages/airflow/example_dags/example_branch_labels.py
[2023-08-15T19:12:10.759-0300] {processor.py:826} INFO - Processing file /home/alan/repos/pipeline_airflow/pipeline-airflow-venv/lib/python3.11/site-packages/airflow/example_dags/example_branch_labels.py for tasks to queue
[2023-08-15T19:12:10.763-0300] {logging_mixin.py:150} INFO - [2023-08-15T19:12:10.760-0300] {dagbag.py:541} INFO - Filling up the DagBag from /home/alan/repos/pipeline_airflow/pipeline-airflow-venv/lib/python3.11/site-packages/airflow/example_dags/example_branch_labels.py
[2023-08-15T19:12:10.783-0300] {processor.py:836} INFO - DAG(s) dict_keys(['example_branch_labels']) retrieved from /home/alan/repos/pipeline_airflow/pipeline-airflow-venv/lib/python3.11/site-packages/airflow/example_dags/example_branch_labels.py
[2023-08-15T19:12:10.822-0300] {logging_mixin.py:150} INFO - [2023-08-15T19:12:10.822-0300] {dag.py:2742} INFO - Sync 1 DAGs
[2023-08-15T19:12:10.873-0300] {logging_mixin.py:150} INFO - [2023-08-15T19:12:10.873-0300] {dag.py:3504} INFO - Setting next_dagrun for example_branch_labels to 2023-08-14T00:00:00+00:00, run_after=2023-08-15T00:00:00+00:00
[2023-08-15T19:12:10.966-0300] {processor.py:179} INFO - Processing /home/alan/repos/pipeline_airflow/pipeline-airflow-venv/lib/python3.11/site-packages/airflow/example_dags/example_branch_labels.py took 0.218 seconds
[2023-08-15T19:13:11.017-0300] {processor.py:157} INFO - Started process (PID=30045) to work on /home/alan/repos/pipeline_airflow/pipeline-airflow-venv/lib/python3.11/site-packages/airflow/example_dags/example_branch_labels.py
[2023-08-15T19:13:11.033-0300] {processor.py:826} INFO - Processing file /home/alan/repos/pipeline_airflow/pipeline-airflow-venv/lib/python3.11/site-packages/airflow/example_dags/example_branch_labels.py for tasks to queue
[2023-08-15T19:13:11.035-0300] {logging_mixin.py:150} INFO - [2023-08-15T19:13:11.034-0300] {dagbag.py:541} INFO - Filling up the DagBag from /home/alan/repos/pipeline_airflow/pipeline-airflow-venv/lib/python3.11/site-packages/airflow/example_dags/example_branch_labels.py
[2023-08-15T19:13:11.049-0300] {processor.py:836} INFO - DAG(s) dict_keys(['example_branch_labels']) retrieved from /home/alan/repos/pipeline_airflow/pipeline-airflow-venv/lib/python3.11/site-packages/airflow/example_dags/example_branch_labels.py
[2023-08-15T19:13:11.087-0300] {logging_mixin.py:150} INFO - [2023-08-15T19:13:11.087-0300] {dag.py:2742} INFO - Sync 1 DAGs
[2023-08-15T19:13:11.146-0300] {logging_mixin.py:150} INFO - [2023-08-15T19:13:11.145-0300] {dag.py:3504} INFO - Setting next_dagrun for example_branch_labels to 2023-08-14T00:00:00+00:00, run_after=2023-08-15T00:00:00+00:00
[2023-08-15T19:13:11.259-0300] {processor.py:179} INFO - Processing /home/alan/repos/pipeline_airflow/pipeline-airflow-venv/lib/python3.11/site-packages/airflow/example_dags/example_branch_labels.py took 0.247 seconds
[2023-08-15T19:14:11.483-0300] {processor.py:157} INFO - Started process (PID=30197) to work on /home/alan/repos/pipeline_airflow/pipeline-airflow-venv/lib/python3.11/site-packages/airflow/example_dags/example_branch_labels.py
[2023-08-15T19:14:11.484-0300] {processor.py:826} INFO - Processing file /home/alan/repos/pipeline_airflow/pipeline-airflow-venv/lib/python3.11/site-packages/airflow/example_dags/example_branch_labels.py for tasks to queue
[2023-08-15T19:14:11.485-0300] {logging_mixin.py:150} INFO - [2023-08-15T19:14:11.485-0300] {dagbag.py:541} INFO - Filling up the DagBag from /home/alan/repos/pipeline_airflow/pipeline-airflow-venv/lib/python3.11/site-packages/airflow/example_dags/example_branch_labels.py
[2023-08-15T19:14:11.499-0300] {processor.py:836} INFO - DAG(s) dict_keys(['example_branch_labels']) retrieved from /home/alan/repos/pipeline_airflow/pipeline-airflow-venv/lib/python3.11/site-packages/airflow/example_dags/example_branch_labels.py
[2023-08-15T19:14:11.531-0300] {logging_mixin.py:150} INFO - [2023-08-15T19:14:11.530-0300] {dag.py:2742} INFO - Sync 1 DAGs
[2023-08-15T19:14:11.588-0300] {logging_mixin.py:150} INFO - [2023-08-15T19:14:11.587-0300] {dag.py:3504} INFO - Setting next_dagrun for example_branch_labels to 2023-08-14T00:00:00+00:00, run_after=2023-08-15T00:00:00+00:00
[2023-08-15T19:14:11.729-0300] {processor.py:179} INFO - Processing /home/alan/repos/pipeline_airflow/pipeline-airflow-venv/lib/python3.11/site-packages/airflow/example_dags/example_branch_labels.py took 0.252 seconds
[2023-08-15T19:15:07.460-0300] {processor.py:157} INFO - Started process (PID=30345) to work on /home/alan/repos/pipeline_airflow/pipeline-airflow-venv/lib/python3.11/site-packages/airflow/example_dags/example_branch_labels.py
[2023-08-15T19:15:07.462-0300] {processor.py:826} INFO - Processing file /home/alan/repos/pipeline_airflow/pipeline-airflow-venv/lib/python3.11/site-packages/airflow/example_dags/example_branch_labels.py for tasks to queue
[2023-08-15T19:15:07.464-0300] {logging_mixin.py:150} INFO - [2023-08-15T19:15:07.463-0300] {dagbag.py:541} INFO - Filling up the DagBag from /home/alan/repos/pipeline_airflow/pipeline-airflow-venv/lib/python3.11/site-packages/airflow/example_dags/example_branch_labels.py
[2023-08-15T19:15:07.479-0300] {processor.py:836} INFO - DAG(s) dict_keys(['example_branch_labels']) retrieved from /home/alan/repos/pipeline_airflow/pipeline-airflow-venv/lib/python3.11/site-packages/airflow/example_dags/example_branch_labels.py
[2023-08-15T19:15:07.511-0300] {logging_mixin.py:150} INFO - [2023-08-15T19:15:07.510-0300] {dag.py:2742} INFO - Sync 1 DAGs
[2023-08-15T19:15:07.549-0300] {logging_mixin.py:150} INFO - [2023-08-15T19:15:07.548-0300] {dag.py:3504} INFO - Setting next_dagrun for example_branch_labels to 2023-08-14T00:00:00+00:00, run_after=2023-08-15T00:00:00+00:00
[2023-08-15T19:15:07.649-0300] {processor.py:179} INFO - Processing /home/alan/repos/pipeline_airflow/pipeline-airflow-venv/lib/python3.11/site-packages/airflow/example_dags/example_branch_labels.py took 0.197 seconds
[2023-08-15T19:16:03.506-0300] {processor.py:157} INFO - Started process (PID=30487) to work on /home/alan/repos/pipeline_airflow/pipeline-airflow-venv/lib/python3.11/site-packages/airflow/example_dags/example_branch_labels.py
[2023-08-15T19:16:03.509-0300] {processor.py:826} INFO - Processing file /home/alan/repos/pipeline_airflow/pipeline-airflow-venv/lib/python3.11/site-packages/airflow/example_dags/example_branch_labels.py for tasks to queue
[2023-08-15T19:16:03.511-0300] {logging_mixin.py:150} INFO - [2023-08-15T19:16:03.510-0300] {dagbag.py:541} INFO - Filling up the DagBag from /home/alan/repos/pipeline_airflow/pipeline-airflow-venv/lib/python3.11/site-packages/airflow/example_dags/example_branch_labels.py
[2023-08-15T19:16:03.528-0300] {processor.py:836} INFO - DAG(s) dict_keys(['example_branch_labels']) retrieved from /home/alan/repos/pipeline_airflow/pipeline-airflow-venv/lib/python3.11/site-packages/airflow/example_dags/example_branch_labels.py
[2023-08-15T19:16:03.563-0300] {logging_mixin.py:150} INFO - [2023-08-15T19:16:03.563-0300] {dag.py:2742} INFO - Sync 1 DAGs
[2023-08-15T19:16:03.607-0300] {logging_mixin.py:150} INFO - [2023-08-15T19:16:03.607-0300] {dag.py:3504} INFO - Setting next_dagrun for example_branch_labels to 2023-08-14T00:00:00+00:00, run_after=2023-08-15T00:00:00+00:00
[2023-08-15T19:16:03.701-0300] {processor.py:179} INFO - Processing /home/alan/repos/pipeline_airflow/pipeline-airflow-venv/lib/python3.11/site-packages/airflow/example_dags/example_branch_labels.py took 0.200 seconds
[2023-08-15T19:17:03.353-0300] {processor.py:157} INFO - Started process (PID=30653) to work on /home/alan/repos/pipeline_airflow/pipeline-airflow-venv/lib/python3.11/site-packages/airflow/example_dags/example_branch_labels.py
[2023-08-15T19:17:03.398-0300] {processor.py:826} INFO - Processing file /home/alan/repos/pipeline_airflow/pipeline-airflow-venv/lib/python3.11/site-packages/airflow/example_dags/example_branch_labels.py for tasks to queue
[2023-08-15T19:17:03.400-0300] {logging_mixin.py:150} INFO - [2023-08-15T19:17:03.399-0300] {dagbag.py:541} INFO - Filling up the DagBag from /home/alan/repos/pipeline_airflow/pipeline-airflow-venv/lib/python3.11/site-packages/airflow/example_dags/example_branch_labels.py
[2023-08-15T19:17:03.418-0300] {processor.py:836} INFO - DAG(s) dict_keys(['example_branch_labels']) retrieved from /home/alan/repos/pipeline_airflow/pipeline-airflow-venv/lib/python3.11/site-packages/airflow/example_dags/example_branch_labels.py
[2023-08-15T19:17:03.457-0300] {logging_mixin.py:150} INFO - [2023-08-15T19:17:03.457-0300] {dag.py:2742} INFO - Sync 1 DAGs
[2023-08-15T19:17:03.496-0300] {logging_mixin.py:150} INFO - [2023-08-15T19:17:03.495-0300] {dag.py:3504} INFO - Setting next_dagrun for example_branch_labels to 2023-08-14T00:00:00+00:00, run_after=2023-08-15T00:00:00+00:00
[2023-08-15T19:17:03.592-0300] {processor.py:179} INFO - Processing /home/alan/repos/pipeline_airflow/pipeline-airflow-venv/lib/python3.11/site-packages/airflow/example_dags/example_branch_labels.py took 0.246 seconds
[2023-08-15T19:18:04.749-0300] {processor.py:157} INFO - Started process (PID=30807) to work on /home/alan/repos/pipeline_airflow/pipeline-airflow-venv/lib/python3.11/site-packages/airflow/example_dags/example_branch_labels.py
[2023-08-15T19:18:04.751-0300] {processor.py:826} INFO - Processing file /home/alan/repos/pipeline_airflow/pipeline-airflow-venv/lib/python3.11/site-packages/airflow/example_dags/example_branch_labels.py for tasks to queue
[2023-08-15T19:18:04.753-0300] {logging_mixin.py:150} INFO - [2023-08-15T19:18:04.752-0300] {dagbag.py:541} INFO - Filling up the DagBag from /home/alan/repos/pipeline_airflow/pipeline-airflow-venv/lib/python3.11/site-packages/airflow/example_dags/example_branch_labels.py
[2023-08-15T19:18:04.769-0300] {processor.py:836} INFO - DAG(s) dict_keys(['example_branch_labels']) retrieved from /home/alan/repos/pipeline_airflow/pipeline-airflow-venv/lib/python3.11/site-packages/airflow/example_dags/example_branch_labels.py
[2023-08-15T19:18:04.802-0300] {logging_mixin.py:150} INFO - [2023-08-15T19:18:04.802-0300] {dag.py:2742} INFO - Sync 1 DAGs
[2023-08-15T19:18:04.840-0300] {logging_mixin.py:150} INFO - [2023-08-15T19:18:04.840-0300] {dag.py:3504} INFO - Setting next_dagrun for example_branch_labels to 2023-08-14T00:00:00+00:00, run_after=2023-08-15T00:00:00+00:00
[2023-08-15T19:18:04.941-0300] {processor.py:179} INFO - Processing /home/alan/repos/pipeline_airflow/pipeline-airflow-venv/lib/python3.11/site-packages/airflow/example_dags/example_branch_labels.py took 0.198 seconds
[2023-08-15T19:19:01.528-0300] {processor.py:157} INFO - Started process (PID=30954) to work on /home/alan/repos/pipeline_airflow/pipeline-airflow-venv/lib/python3.11/site-packages/airflow/example_dags/example_branch_labels.py
[2023-08-15T19:19:01.529-0300] {processor.py:826} INFO - Processing file /home/alan/repos/pipeline_airflow/pipeline-airflow-venv/lib/python3.11/site-packages/airflow/example_dags/example_branch_labels.py for tasks to queue
[2023-08-15T19:19:01.531-0300] {logging_mixin.py:150} INFO - [2023-08-15T19:19:01.530-0300] {dagbag.py:541} INFO - Filling up the DagBag from /home/alan/repos/pipeline_airflow/pipeline-airflow-venv/lib/python3.11/site-packages/airflow/example_dags/example_branch_labels.py
[2023-08-15T19:19:01.547-0300] {processor.py:836} INFO - DAG(s) dict_keys(['example_branch_labels']) retrieved from /home/alan/repos/pipeline_airflow/pipeline-airflow-venv/lib/python3.11/site-packages/airflow/example_dags/example_branch_labels.py
[2023-08-15T19:19:01.583-0300] {logging_mixin.py:150} INFO - [2023-08-15T19:19:01.582-0300] {dag.py:2742} INFO - Sync 1 DAGs
[2023-08-15T19:19:01.628-0300] {logging_mixin.py:150} INFO - [2023-08-15T19:19:01.627-0300] {dag.py:3504} INFO - Setting next_dagrun for example_branch_labels to 2023-08-14T00:00:00+00:00, run_after=2023-08-15T00:00:00+00:00
[2023-08-15T19:19:01.765-0300] {processor.py:179} INFO - Processing /home/alan/repos/pipeline_airflow/pipeline-airflow-venv/lib/python3.11/site-packages/airflow/example_dags/example_branch_labels.py took 0.243 seconds
[2023-08-15T19:19:57.348-0300] {processor.py:157} INFO - Started process (PID=31097) to work on /home/alan/repos/pipeline_airflow/pipeline-airflow-venv/lib/python3.11/site-packages/airflow/example_dags/example_branch_labels.py
[2023-08-15T19:19:57.350-0300] {processor.py:826} INFO - Processing file /home/alan/repos/pipeline_airflow/pipeline-airflow-venv/lib/python3.11/site-packages/airflow/example_dags/example_branch_labels.py for tasks to queue
[2023-08-15T19:19:57.351-0300] {logging_mixin.py:150} INFO - [2023-08-15T19:19:57.351-0300] {dagbag.py:541} INFO - Filling up the DagBag from /home/alan/repos/pipeline_airflow/pipeline-airflow-venv/lib/python3.11/site-packages/airflow/example_dags/example_branch_labels.py
[2023-08-15T19:19:57.367-0300] {processor.py:836} INFO - DAG(s) dict_keys(['example_branch_labels']) retrieved from /home/alan/repos/pipeline_airflow/pipeline-airflow-venv/lib/python3.11/site-packages/airflow/example_dags/example_branch_labels.py
[2023-08-15T19:19:57.401-0300] {logging_mixin.py:150} INFO - [2023-08-15T19:19:57.401-0300] {dag.py:2742} INFO - Sync 1 DAGs
[2023-08-15T19:19:57.443-0300] {logging_mixin.py:150} INFO - [2023-08-15T19:19:57.443-0300] {dag.py:3504} INFO - Setting next_dagrun for example_branch_labels to 2023-08-14T00:00:00+00:00, run_after=2023-08-15T00:00:00+00:00
[2023-08-15T19:19:57.554-0300] {processor.py:179} INFO - Processing /home/alan/repos/pipeline_airflow/pipeline-airflow-venv/lib/python3.11/site-packages/airflow/example_dags/example_branch_labels.py took 0.212 seconds
[2023-08-15T19:21:08.708-0300] {processor.py:157} INFO - Started process (PID=31444) to work on /home/alan/repos/pipeline_airflow/pipeline-airflow-venv/lib/python3.11/site-packages/airflow/example_dags/example_branch_labels.py
[2023-08-15T19:21:08.710-0300] {processor.py:826} INFO - Processing file /home/alan/repos/pipeline_airflow/pipeline-airflow-venv/lib/python3.11/site-packages/airflow/example_dags/example_branch_labels.py for tasks to queue
[2023-08-15T19:21:08.712-0300] {logging_mixin.py:150} INFO - [2023-08-15T19:21:08.711-0300] {dagbag.py:541} INFO - Filling up the DagBag from /home/alan/repos/pipeline_airflow/pipeline-airflow-venv/lib/python3.11/site-packages/airflow/example_dags/example_branch_labels.py
[2023-08-15T19:21:08.730-0300] {processor.py:836} INFO - DAG(s) dict_keys(['example_branch_labels']) retrieved from /home/alan/repos/pipeline_airflow/pipeline-airflow-venv/lib/python3.11/site-packages/airflow/example_dags/example_branch_labels.py
[2023-08-15T19:21:08.765-0300] {logging_mixin.py:150} INFO - [2023-08-15T19:21:08.764-0300] {dag.py:2742} INFO - Sync 1 DAGs
[2023-08-15T19:21:08.805-0300] {logging_mixin.py:150} INFO - [2023-08-15T19:21:08.805-0300] {dag.py:3504} INFO - Setting next_dagrun for example_branch_labels to 2023-08-14T00:00:00+00:00, run_after=2023-08-15T00:00:00+00:00
[2023-08-15T19:21:08.925-0300] {processor.py:179} INFO - Processing /home/alan/repos/pipeline_airflow/pipeline-airflow-venv/lib/python3.11/site-packages/airflow/example_dags/example_branch_labels.py took 0.224 seconds
