[2023-08-15T18:20:25.396-0300] {processor.py:157} INFO - Started process (PID=18641) to work on /home/alan/repos/pipeline_airflow/pipeline-airflow-venv/lib/python3.11/site-packages/airflow/example_dags/example_branch_python_dop_operator_3.py
[2023-08-15T18:20:25.397-0300] {processor.py:826} INFO - Processing file /home/alan/repos/pipeline_airflow/pipeline-airflow-venv/lib/python3.11/site-packages/airflow/example_dags/example_branch_python_dop_operator_3.py for tasks to queue
[2023-08-15T18:20:25.398-0300] {logging_mixin.py:150} INFO - [2023-08-15T18:20:25.398-0300] {dagbag.py:541} INFO - Filling up the DagBag from /home/alan/repos/pipeline_airflow/pipeline-airflow-venv/lib/python3.11/site-packages/airflow/example_dags/example_branch_python_dop_operator_3.py
[2023-08-15T18:20:25.415-0300] {processor.py:836} INFO - DAG(s) dict_keys(['example_branch_dop_operator_v3']) retrieved from /home/alan/repos/pipeline_airflow/pipeline-airflow-venv/lib/python3.11/site-packages/airflow/example_dags/example_branch_python_dop_operator_3.py
[2023-08-15T18:20:25.777-0300] {logging_mixin.py:150} INFO - [2023-08-15T18:20:25.777-0300] {manager.py:504} INFO - Created Permission View: can delete on DAG:example_branch_dop_operator_v3
[2023-08-15T18:20:25.866-0300] {logging_mixin.py:150} INFO - [2023-08-15T18:20:25.865-0300] {manager.py:504} INFO - Created Permission View: can edit on DAG:example_branch_dop_operator_v3
[2023-08-15T18:20:25.966-0300] {logging_mixin.py:150} INFO - [2023-08-15T18:20:25.966-0300] {manager.py:504} INFO - Created Permission View: can read on DAG:example_branch_dop_operator_v3
[2023-08-15T18:20:26.003-0300] {logging_mixin.py:150} INFO - [2023-08-15T18:20:26.002-0300] {dag.py:2742} INFO - Sync 1 DAGs
[2023-08-15T18:20:26.028-0300] {logging_mixin.py:150} INFO - [2023-08-15T18:20:26.028-0300] {dag.py:2763} INFO - Creating ORM DAG for example_branch_dop_operator_v3
[2023-08-15T18:20:26.062-0300] {logging_mixin.py:150} INFO - [2023-08-15T18:20:26.062-0300] {dag.py:3504} INFO - Setting next_dagrun for example_branch_dop_operator_v3 to 2023-08-15T21:19:00+00:00, run_after=2023-08-15T21:20:00+00:00
[2023-08-15T18:20:26.191-0300] {processor.py:179} INFO - Processing /home/alan/repos/pipeline_airflow/pipeline-airflow-venv/lib/python3.11/site-packages/airflow/example_dags/example_branch_python_dop_operator_3.py took 0.800 seconds
[2023-08-15T18:21:39.060-0300] {processor.py:157} INFO - Started process (PID=18950) to work on /home/alan/repos/pipeline_airflow/pipeline-airflow-venv/lib/python3.11/site-packages/airflow/example_dags/example_branch_python_dop_operator_3.py
[2023-08-15T18:21:39.062-0300] {processor.py:826} INFO - Processing file /home/alan/repos/pipeline_airflow/pipeline-airflow-venv/lib/python3.11/site-packages/airflow/example_dags/example_branch_python_dop_operator_3.py for tasks to queue
[2023-08-15T18:21:39.064-0300] {logging_mixin.py:150} INFO - [2023-08-15T18:21:39.063-0300] {dagbag.py:541} INFO - Filling up the DagBag from /home/alan/repos/pipeline_airflow/pipeline-airflow-venv/lib/python3.11/site-packages/airflow/example_dags/example_branch_python_dop_operator_3.py
[2023-08-15T18:21:39.082-0300] {processor.py:836} INFO - DAG(s) dict_keys(['example_branch_dop_operator_v3']) retrieved from /home/alan/repos/pipeline_airflow/pipeline-airflow-venv/lib/python3.11/site-packages/airflow/example_dags/example_branch_python_dop_operator_3.py
[2023-08-15T18:21:39.112-0300] {logging_mixin.py:150} INFO - [2023-08-15T18:21:39.112-0300] {dag.py:2742} INFO - Sync 1 DAGs
[2023-08-15T18:21:39.158-0300] {logging_mixin.py:150} INFO - [2023-08-15T18:21:39.157-0300] {dag.py:3504} INFO - Setting next_dagrun for example_branch_dop_operator_v3 to 2023-08-15T21:20:00+00:00, run_after=2023-08-15T21:21:00+00:00
[2023-08-15T18:21:39.313-0300] {processor.py:179} INFO - Processing /home/alan/repos/pipeline_airflow/pipeline-airflow-venv/lib/python3.11/site-packages/airflow/example_dags/example_branch_python_dop_operator_3.py took 0.260 seconds
[2023-08-15T18:22:34.936-0300] {processor.py:157} INFO - Started process (PID=19156) to work on /home/alan/repos/pipeline_airflow/pipeline-airflow-venv/lib/python3.11/site-packages/airflow/example_dags/example_branch_python_dop_operator_3.py
[2023-08-15T18:22:34.937-0300] {processor.py:826} INFO - Processing file /home/alan/repos/pipeline_airflow/pipeline-airflow-venv/lib/python3.11/site-packages/airflow/example_dags/example_branch_python_dop_operator_3.py for tasks to queue
[2023-08-15T18:22:34.939-0300] {logging_mixin.py:150} INFO - [2023-08-15T18:22:34.938-0300] {dagbag.py:541} INFO - Filling up the DagBag from /home/alan/repos/pipeline_airflow/pipeline-airflow-venv/lib/python3.11/site-packages/airflow/example_dags/example_branch_python_dop_operator_3.py
[2023-08-15T18:22:34.959-0300] {processor.py:836} INFO - DAG(s) dict_keys(['example_branch_dop_operator_v3']) retrieved from /home/alan/repos/pipeline_airflow/pipeline-airflow-venv/lib/python3.11/site-packages/airflow/example_dags/example_branch_python_dop_operator_3.py
[2023-08-15T18:22:34.993-0300] {logging_mixin.py:150} INFO - [2023-08-15T18:22:34.992-0300] {dag.py:2742} INFO - Sync 1 DAGs
[2023-08-15T18:22:35.061-0300] {logging_mixin.py:150} INFO - [2023-08-15T18:22:35.061-0300] {dag.py:3504} INFO - Setting next_dagrun for example_branch_dop_operator_v3 to 2023-08-15T21:21:00+00:00, run_after=2023-08-15T21:22:00+00:00
[2023-08-15T18:22:35.191-0300] {processor.py:179} INFO - Processing /home/alan/repos/pipeline_airflow/pipeline-airflow-venv/lib/python3.11/site-packages/airflow/example_dags/example_branch_python_dop_operator_3.py took 0.261 seconds
[2023-08-15T18:23:33.557-0300] {processor.py:157} INFO - Started process (PID=19355) to work on /home/alan/repos/pipeline_airflow/pipeline-airflow-venv/lib/python3.11/site-packages/airflow/example_dags/example_branch_python_dop_operator_3.py
[2023-08-15T18:23:33.559-0300] {processor.py:826} INFO - Processing file /home/alan/repos/pipeline_airflow/pipeline-airflow-venv/lib/python3.11/site-packages/airflow/example_dags/example_branch_python_dop_operator_3.py for tasks to queue
[2023-08-15T18:23:33.560-0300] {logging_mixin.py:150} INFO - [2023-08-15T18:23:33.560-0300] {dagbag.py:541} INFO - Filling up the DagBag from /home/alan/repos/pipeline_airflow/pipeline-airflow-venv/lib/python3.11/site-packages/airflow/example_dags/example_branch_python_dop_operator_3.py
[2023-08-15T18:23:33.577-0300] {processor.py:836} INFO - DAG(s) dict_keys(['example_branch_dop_operator_v3']) retrieved from /home/alan/repos/pipeline_airflow/pipeline-airflow-venv/lib/python3.11/site-packages/airflow/example_dags/example_branch_python_dop_operator_3.py
[2023-08-15T18:23:33.617-0300] {logging_mixin.py:150} INFO - [2023-08-15T18:23:33.616-0300] {dag.py:2742} INFO - Sync 1 DAGs
[2023-08-15T18:23:33.662-0300] {logging_mixin.py:150} INFO - [2023-08-15T18:23:33.662-0300] {dag.py:3504} INFO - Setting next_dagrun for example_branch_dop_operator_v3 to 2023-08-15T21:22:00+00:00, run_after=2023-08-15T21:23:00+00:00
[2023-08-15T18:23:33.939-0300] {processor.py:179} INFO - Processing /home/alan/repos/pipeline_airflow/pipeline-airflow-venv/lib/python3.11/site-packages/airflow/example_dags/example_branch_python_dop_operator_3.py took 0.387 seconds
[2023-08-15T18:24:46.115-0300] {processor.py:157} INFO - Started process (PID=19803) to work on /home/alan/repos/pipeline_airflow/pipeline-airflow-venv/lib/python3.11/site-packages/airflow/example_dags/example_branch_python_dop_operator_3.py
[2023-08-15T18:24:46.125-0300] {processor.py:826} INFO - Processing file /home/alan/repos/pipeline_airflow/pipeline-airflow-venv/lib/python3.11/site-packages/airflow/example_dags/example_branch_python_dop_operator_3.py for tasks to queue
[2023-08-15T18:24:46.126-0300] {logging_mixin.py:150} INFO - [2023-08-15T18:24:46.126-0300] {dagbag.py:541} INFO - Filling up the DagBag from /home/alan/repos/pipeline_airflow/pipeline-airflow-venv/lib/python3.11/site-packages/airflow/example_dags/example_branch_python_dop_operator_3.py
[2023-08-15T18:24:46.144-0300] {processor.py:836} INFO - DAG(s) dict_keys(['example_branch_dop_operator_v3']) retrieved from /home/alan/repos/pipeline_airflow/pipeline-airflow-venv/lib/python3.11/site-packages/airflow/example_dags/example_branch_python_dop_operator_3.py
[2023-08-15T18:24:46.315-0300] {logging_mixin.py:150} INFO - [2023-08-15T18:24:46.315-0300] {dag.py:2742} INFO - Sync 1 DAGs
[2023-08-15T18:24:46.354-0300] {logging_mixin.py:150} INFO - [2023-08-15T18:24:46.354-0300] {dag.py:3504} INFO - Setting next_dagrun for example_branch_dop_operator_v3 to 2023-08-15T21:23:00+00:00, run_after=2023-08-15T21:24:00+00:00
[2023-08-15T18:24:46.486-0300] {processor.py:179} INFO - Processing /home/alan/repos/pipeline_airflow/pipeline-airflow-venv/lib/python3.11/site-packages/airflow/example_dags/example_branch_python_dop_operator_3.py took 0.378 seconds
[2023-08-15T18:26:52.861-0300] {processor.py:157} INFO - Started process (PID=20815) to work on /home/alan/repos/pipeline_airflow/pipeline-airflow-venv/lib/python3.11/site-packages/airflow/example_dags/example_branch_python_dop_operator_3.py
[2023-08-15T18:26:52.863-0300] {processor.py:826} INFO - Processing file /home/alan/repos/pipeline_airflow/pipeline-airflow-venv/lib/python3.11/site-packages/airflow/example_dags/example_branch_python_dop_operator_3.py for tasks to queue
[2023-08-15T18:26:52.864-0300] {logging_mixin.py:150} INFO - [2023-08-15T18:26:52.863-0300] {dagbag.py:541} INFO - Filling up the DagBag from /home/alan/repos/pipeline_airflow/pipeline-airflow-venv/lib/python3.11/site-packages/airflow/example_dags/example_branch_python_dop_operator_3.py
[2023-08-15T18:26:52.890-0300] {processor.py:836} INFO - DAG(s) dict_keys(['example_branch_dop_operator_v3']) retrieved from /home/alan/repos/pipeline_airflow/pipeline-airflow-venv/lib/python3.11/site-packages/airflow/example_dags/example_branch_python_dop_operator_3.py
[2023-08-15T18:26:52.931-0300] {logging_mixin.py:150} INFO - [2023-08-15T18:26:52.931-0300] {dag.py:2742} INFO - Sync 1 DAGs
[2023-08-15T18:26:53.006-0300] {logging_mixin.py:150} INFO - [2023-08-15T18:26:53.006-0300] {dag.py:3504} INFO - Setting next_dagrun for example_branch_dop_operator_v3 to 2023-08-15T21:25:00+00:00, run_after=2023-08-15T21:26:00+00:00
[2023-08-15T18:26:53.176-0300] {processor.py:179} INFO - Processing /home/alan/repos/pipeline_airflow/pipeline-airflow-venv/lib/python3.11/site-packages/airflow/example_dags/example_branch_python_dop_operator_3.py took 0.344 seconds
[2023-08-15T18:27:56.129-0300] {processor.py:157} INFO - Started process (PID=21043) to work on /home/alan/repos/pipeline_airflow/pipeline-airflow-venv/lib/python3.11/site-packages/airflow/example_dags/example_branch_python_dop_operator_3.py
[2023-08-15T18:27:56.132-0300] {processor.py:826} INFO - Processing file /home/alan/repos/pipeline_airflow/pipeline-airflow-venv/lib/python3.11/site-packages/airflow/example_dags/example_branch_python_dop_operator_3.py for tasks to queue
[2023-08-15T18:27:56.133-0300] {logging_mixin.py:150} INFO - [2023-08-15T18:27:56.132-0300] {dagbag.py:541} INFO - Filling up the DagBag from /home/alan/repos/pipeline_airflow/pipeline-airflow-venv/lib/python3.11/site-packages/airflow/example_dags/example_branch_python_dop_operator_3.py
[2023-08-15T18:27:56.150-0300] {processor.py:836} INFO - DAG(s) dict_keys(['example_branch_dop_operator_v3']) retrieved from /home/alan/repos/pipeline_airflow/pipeline-airflow-venv/lib/python3.11/site-packages/airflow/example_dags/example_branch_python_dop_operator_3.py
[2023-08-15T18:27:56.181-0300] {logging_mixin.py:150} INFO - [2023-08-15T18:27:56.181-0300] {dag.py:2742} INFO - Sync 1 DAGs
[2023-08-15T18:27:56.231-0300] {logging_mixin.py:150} INFO - [2023-08-15T18:27:56.230-0300] {dag.py:3504} INFO - Setting next_dagrun for example_branch_dop_operator_v3 to 2023-08-15T21:26:00+00:00, run_after=2023-08-15T21:27:00+00:00
[2023-08-15T18:27:56.356-0300] {processor.py:179} INFO - Processing /home/alan/repos/pipeline_airflow/pipeline-airflow-venv/lib/python3.11/site-packages/airflow/example_dags/example_branch_python_dop_operator_3.py took 0.233 seconds
[2023-08-15T18:28:55.325-0300] {processor.py:157} INFO - Started process (PID=21295) to work on /home/alan/repos/pipeline_airflow/pipeline-airflow-venv/lib/python3.11/site-packages/airflow/example_dags/example_branch_python_dop_operator_3.py
[2023-08-15T18:28:55.335-0300] {processor.py:826} INFO - Processing file /home/alan/repos/pipeline_airflow/pipeline-airflow-venv/lib/python3.11/site-packages/airflow/example_dags/example_branch_python_dop_operator_3.py for tasks to queue
[2023-08-15T18:28:55.338-0300] {logging_mixin.py:150} INFO - [2023-08-15T18:28:55.335-0300] {dagbag.py:541} INFO - Filling up the DagBag from /home/alan/repos/pipeline_airflow/pipeline-airflow-venv/lib/python3.11/site-packages/airflow/example_dags/example_branch_python_dop_operator_3.py
[2023-08-15T18:28:55.369-0300] {processor.py:836} INFO - DAG(s) dict_keys(['example_branch_dop_operator_v3']) retrieved from /home/alan/repos/pipeline_airflow/pipeline-airflow-venv/lib/python3.11/site-packages/airflow/example_dags/example_branch_python_dop_operator_3.py
[2023-08-15T18:28:55.437-0300] {logging_mixin.py:150} INFO - [2023-08-15T18:28:55.437-0300] {dag.py:2742} INFO - Sync 1 DAGs
[2023-08-15T18:28:55.494-0300] {logging_mixin.py:150} INFO - [2023-08-15T18:28:55.493-0300] {dag.py:3504} INFO - Setting next_dagrun for example_branch_dop_operator_v3 to 2023-08-15T21:27:00+00:00, run_after=2023-08-15T21:28:00+00:00
[2023-08-15T18:28:55.633-0300] {processor.py:179} INFO - Processing /home/alan/repos/pipeline_airflow/pipeline-airflow-venv/lib/python3.11/site-packages/airflow/example_dags/example_branch_python_dop_operator_3.py took 0.312 seconds
[2023-08-15T18:29:55.033-0300] {processor.py:157} INFO - Started process (PID=21514) to work on /home/alan/repos/pipeline_airflow/pipeline-airflow-venv/lib/python3.11/site-packages/airflow/example_dags/example_branch_python_dop_operator_3.py
[2023-08-15T18:29:55.035-0300] {processor.py:826} INFO - Processing file /home/alan/repos/pipeline_airflow/pipeline-airflow-venv/lib/python3.11/site-packages/airflow/example_dags/example_branch_python_dop_operator_3.py for tasks to queue
[2023-08-15T18:29:55.037-0300] {logging_mixin.py:150} INFO - [2023-08-15T18:29:55.036-0300] {dagbag.py:541} INFO - Filling up the DagBag from /home/alan/repos/pipeline_airflow/pipeline-airflow-venv/lib/python3.11/site-packages/airflow/example_dags/example_branch_python_dop_operator_3.py
[2023-08-15T18:29:55.056-0300] {processor.py:836} INFO - DAG(s) dict_keys(['example_branch_dop_operator_v3']) retrieved from /home/alan/repos/pipeline_airflow/pipeline-airflow-venv/lib/python3.11/site-packages/airflow/example_dags/example_branch_python_dop_operator_3.py
[2023-08-15T18:29:55.089-0300] {logging_mixin.py:150} INFO - [2023-08-15T18:29:55.089-0300] {dag.py:2742} INFO - Sync 1 DAGs
[2023-08-15T18:29:55.136-0300] {logging_mixin.py:150} INFO - [2023-08-15T18:29:55.136-0300] {dag.py:3504} INFO - Setting next_dagrun for example_branch_dop_operator_v3 to 2023-08-15T21:28:00+00:00, run_after=2023-08-15T21:29:00+00:00
[2023-08-15T18:29:55.260-0300] {processor.py:179} INFO - Processing /home/alan/repos/pipeline_airflow/pipeline-airflow-venv/lib/python3.11/site-packages/airflow/example_dags/example_branch_python_dop_operator_3.py took 0.234 seconds
[2023-08-15T18:31:14.392-0300] {processor.py:157} INFO - Started process (PID=21802) to work on /home/alan/repos/pipeline_airflow/pipeline-airflow-venv/lib/python3.11/site-packages/airflow/example_dags/example_branch_python_dop_operator_3.py
[2023-08-15T18:31:14.401-0300] {processor.py:826} INFO - Processing file /home/alan/repos/pipeline_airflow/pipeline-airflow-venv/lib/python3.11/site-packages/airflow/example_dags/example_branch_python_dop_operator_3.py for tasks to queue
[2023-08-15T18:31:14.402-0300] {logging_mixin.py:150} INFO - [2023-08-15T18:31:14.402-0300] {dagbag.py:541} INFO - Filling up the DagBag from /home/alan/repos/pipeline_airflow/pipeline-airflow-venv/lib/python3.11/site-packages/airflow/example_dags/example_branch_python_dop_operator_3.py
[2023-08-15T18:31:14.424-0300] {processor.py:836} INFO - DAG(s) dict_keys(['example_branch_dop_operator_v3']) retrieved from /home/alan/repos/pipeline_airflow/pipeline-airflow-venv/lib/python3.11/site-packages/airflow/example_dags/example_branch_python_dop_operator_3.py
[2023-08-15T18:31:14.470-0300] {logging_mixin.py:150} INFO - [2023-08-15T18:31:14.469-0300] {dag.py:2742} INFO - Sync 1 DAGs
[2023-08-15T18:31:14.529-0300] {logging_mixin.py:150} INFO - [2023-08-15T18:31:14.528-0300] {dag.py:3504} INFO - Setting next_dagrun for example_branch_dop_operator_v3 to 2023-08-15T21:30:00+00:00, run_after=2023-08-15T21:31:00+00:00
[2023-08-15T18:31:14.672-0300] {processor.py:179} INFO - Processing /home/alan/repos/pipeline_airflow/pipeline-airflow-venv/lib/python3.11/site-packages/airflow/example_dags/example_branch_python_dop_operator_3.py took 0.293 seconds
[2023-08-15T18:32:11.214-0300] {processor.py:157} INFO - Started process (PID=22016) to work on /home/alan/repos/pipeline_airflow/pipeline-airflow-venv/lib/python3.11/site-packages/airflow/example_dags/example_branch_python_dop_operator_3.py
[2023-08-15T18:32:11.227-0300] {processor.py:826} INFO - Processing file /home/alan/repos/pipeline_airflow/pipeline-airflow-venv/lib/python3.11/site-packages/airflow/example_dags/example_branch_python_dop_operator_3.py for tasks to queue
[2023-08-15T18:32:11.229-0300] {logging_mixin.py:150} INFO - [2023-08-15T18:32:11.228-0300] {dagbag.py:541} INFO - Filling up the DagBag from /home/alan/repos/pipeline_airflow/pipeline-airflow-venv/lib/python3.11/site-packages/airflow/example_dags/example_branch_python_dop_operator_3.py
[2023-08-15T18:32:11.257-0300] {processor.py:836} INFO - DAG(s) dict_keys(['example_branch_dop_operator_v3']) retrieved from /home/alan/repos/pipeline_airflow/pipeline-airflow-venv/lib/python3.11/site-packages/airflow/example_dags/example_branch_python_dop_operator_3.py
[2023-08-15T18:32:11.342-0300] {logging_mixin.py:150} INFO - [2023-08-15T18:32:11.342-0300] {dag.py:2742} INFO - Sync 1 DAGs
[2023-08-15T18:32:11.425-0300] {logging_mixin.py:150} INFO - [2023-08-15T18:32:11.424-0300] {dag.py:3504} INFO - Setting next_dagrun for example_branch_dop_operator_v3 to 2023-08-15T21:31:00+00:00, run_after=2023-08-15T21:32:00+00:00
[2023-08-15T18:32:11.572-0300] {processor.py:179} INFO - Processing /home/alan/repos/pipeline_airflow/pipeline-airflow-venv/lib/python3.11/site-packages/airflow/example_dags/example_branch_python_dop_operator_3.py took 0.367 seconds
[2023-08-15T18:33:08.273-0300] {processor.py:157} INFO - Started process (PID=22229) to work on /home/alan/repos/pipeline_airflow/pipeline-airflow-venv/lib/python3.11/site-packages/airflow/example_dags/example_branch_python_dop_operator_3.py
[2023-08-15T18:33:08.276-0300] {processor.py:826} INFO - Processing file /home/alan/repos/pipeline_airflow/pipeline-airflow-venv/lib/python3.11/site-packages/airflow/example_dags/example_branch_python_dop_operator_3.py for tasks to queue
[2023-08-15T18:33:08.277-0300] {logging_mixin.py:150} INFO - [2023-08-15T18:33:08.276-0300] {dagbag.py:541} INFO - Filling up the DagBag from /home/alan/repos/pipeline_airflow/pipeline-airflow-venv/lib/python3.11/site-packages/airflow/example_dags/example_branch_python_dop_operator_3.py
[2023-08-15T18:33:08.292-0300] {processor.py:836} INFO - DAG(s) dict_keys(['example_branch_dop_operator_v3']) retrieved from /home/alan/repos/pipeline_airflow/pipeline-airflow-venv/lib/python3.11/site-packages/airflow/example_dags/example_branch_python_dop_operator_3.py
[2023-08-15T18:33:08.322-0300] {logging_mixin.py:150} INFO - [2023-08-15T18:33:08.322-0300] {dag.py:2742} INFO - Sync 1 DAGs
[2023-08-15T18:33:08.378-0300] {logging_mixin.py:150} INFO - [2023-08-15T18:33:08.378-0300] {dag.py:3504} INFO - Setting next_dagrun for example_branch_dop_operator_v3 to 2023-08-15T21:32:00+00:00, run_after=2023-08-15T21:33:00+00:00
[2023-08-15T18:33:08.546-0300] {processor.py:179} INFO - Processing /home/alan/repos/pipeline_airflow/pipeline-airflow-venv/lib/python3.11/site-packages/airflow/example_dags/example_branch_python_dop_operator_3.py took 0.278 seconds
[2023-08-15T18:34:05.691-0300] {processor.py:157} INFO - Started process (PID=22447) to work on /home/alan/repos/pipeline_airflow/pipeline-airflow-venv/lib/python3.11/site-packages/airflow/example_dags/example_branch_python_dop_operator_3.py
[2023-08-15T18:34:05.701-0300] {processor.py:826} INFO - Processing file /home/alan/repos/pipeline_airflow/pipeline-airflow-venv/lib/python3.11/site-packages/airflow/example_dags/example_branch_python_dop_operator_3.py for tasks to queue
[2023-08-15T18:34:05.703-0300] {logging_mixin.py:150} INFO - [2023-08-15T18:34:05.702-0300] {dagbag.py:541} INFO - Filling up the DagBag from /home/alan/repos/pipeline_airflow/pipeline-airflow-venv/lib/python3.11/site-packages/airflow/example_dags/example_branch_python_dop_operator_3.py
[2023-08-15T18:34:05.727-0300] {processor.py:836} INFO - DAG(s) dict_keys(['example_branch_dop_operator_v3']) retrieved from /home/alan/repos/pipeline_airflow/pipeline-airflow-venv/lib/python3.11/site-packages/airflow/example_dags/example_branch_python_dop_operator_3.py
[2023-08-15T18:34:05.779-0300] {logging_mixin.py:150} INFO - [2023-08-15T18:34:05.779-0300] {dag.py:2742} INFO - Sync 1 DAGs
[2023-08-15T18:34:05.858-0300] {logging_mixin.py:150} INFO - [2023-08-15T18:34:05.858-0300] {dag.py:3504} INFO - Setting next_dagrun for example_branch_dop_operator_v3 to 2023-08-15T21:33:00+00:00, run_after=2023-08-15T21:34:00+00:00
[2023-08-15T18:34:06.025-0300] {processor.py:179} INFO - Processing /home/alan/repos/pipeline_airflow/pipeline-airflow-venv/lib/python3.11/site-packages/airflow/example_dags/example_branch_python_dop_operator_3.py took 0.339 seconds
[2023-08-15T18:35:00.264-0300] {processor.py:157} INFO - Started process (PID=22637) to work on /home/alan/repos/pipeline_airflow/pipeline-airflow-venv/lib/python3.11/site-packages/airflow/example_dags/example_branch_python_dop_operator_3.py
[2023-08-15T18:35:00.279-0300] {processor.py:826} INFO - Processing file /home/alan/repos/pipeline_airflow/pipeline-airflow-venv/lib/python3.11/site-packages/airflow/example_dags/example_branch_python_dop_operator_3.py for tasks to queue
[2023-08-15T18:35:00.280-0300] {logging_mixin.py:150} INFO - [2023-08-15T18:35:00.280-0300] {dagbag.py:541} INFO - Filling up the DagBag from /home/alan/repos/pipeline_airflow/pipeline-airflow-venv/lib/python3.11/site-packages/airflow/example_dags/example_branch_python_dop_operator_3.py
[2023-08-15T18:35:00.296-0300] {processor.py:836} INFO - DAG(s) dict_keys(['example_branch_dop_operator_v3']) retrieved from /home/alan/repos/pipeline_airflow/pipeline-airflow-venv/lib/python3.11/site-packages/airflow/example_dags/example_branch_python_dop_operator_3.py
[2023-08-15T18:35:00.328-0300] {logging_mixin.py:150} INFO - [2023-08-15T18:35:00.328-0300] {dag.py:2742} INFO - Sync 1 DAGs
[2023-08-15T18:35:00.379-0300] {logging_mixin.py:150} INFO - [2023-08-15T18:35:00.378-0300] {dag.py:3504} INFO - Setting next_dagrun for example_branch_dop_operator_v3 to 2023-08-15T21:34:00+00:00, run_after=2023-08-15T21:35:00+00:00
[2023-08-15T18:35:00.514-0300] {processor.py:179} INFO - Processing /home/alan/repos/pipeline_airflow/pipeline-airflow-venv/lib/python3.11/site-packages/airflow/example_dags/example_branch_python_dop_operator_3.py took 0.255 seconds
[2023-08-15T18:35:57.432-0300] {processor.py:157} INFO - Started process (PID=22842) to work on /home/alan/repos/pipeline_airflow/pipeline-airflow-venv/lib/python3.11/site-packages/airflow/example_dags/example_branch_python_dop_operator_3.py
[2023-08-15T18:35:57.436-0300] {processor.py:826} INFO - Processing file /home/alan/repos/pipeline_airflow/pipeline-airflow-venv/lib/python3.11/site-packages/airflow/example_dags/example_branch_python_dop_operator_3.py for tasks to queue
[2023-08-15T18:35:57.438-0300] {logging_mixin.py:150} INFO - [2023-08-15T18:35:57.437-0300] {dagbag.py:541} INFO - Filling up the DagBag from /home/alan/repos/pipeline_airflow/pipeline-airflow-venv/lib/python3.11/site-packages/airflow/example_dags/example_branch_python_dop_operator_3.py
[2023-08-15T18:35:57.456-0300] {processor.py:836} INFO - DAG(s) dict_keys(['example_branch_dop_operator_v3']) retrieved from /home/alan/repos/pipeline_airflow/pipeline-airflow-venv/lib/python3.11/site-packages/airflow/example_dags/example_branch_python_dop_operator_3.py
[2023-08-15T18:35:57.488-0300] {logging_mixin.py:150} INFO - [2023-08-15T18:35:57.488-0300] {dag.py:2742} INFO - Sync 1 DAGs
[2023-08-15T18:35:57.537-0300] {logging_mixin.py:150} INFO - [2023-08-15T18:35:57.536-0300] {dag.py:3504} INFO - Setting next_dagrun for example_branch_dop_operator_v3 to 2023-08-15T21:34:00+00:00, run_after=2023-08-15T21:35:00+00:00
[2023-08-15T18:35:57.657-0300] {processor.py:179} INFO - Processing /home/alan/repos/pipeline_airflow/pipeline-airflow-venv/lib/python3.11/site-packages/airflow/example_dags/example_branch_python_dop_operator_3.py took 0.233 seconds
[2023-08-15T18:36:55.442-0300] {processor.py:157} INFO - Started process (PID=23063) to work on /home/alan/repos/pipeline_airflow/pipeline-airflow-venv/lib/python3.11/site-packages/airflow/example_dags/example_branch_python_dop_operator_3.py
[2023-08-15T18:36:55.461-0300] {processor.py:826} INFO - Processing file /home/alan/repos/pipeline_airflow/pipeline-airflow-venv/lib/python3.11/site-packages/airflow/example_dags/example_branch_python_dop_operator_3.py for tasks to queue
[2023-08-15T18:36:55.463-0300] {logging_mixin.py:150} INFO - [2023-08-15T18:36:55.462-0300] {dagbag.py:541} INFO - Filling up the DagBag from /home/alan/repos/pipeline_airflow/pipeline-airflow-venv/lib/python3.11/site-packages/airflow/example_dags/example_branch_python_dop_operator_3.py
[2023-08-15T18:36:55.485-0300] {processor.py:836} INFO - DAG(s) dict_keys(['example_branch_dop_operator_v3']) retrieved from /home/alan/repos/pipeline_airflow/pipeline-airflow-venv/lib/python3.11/site-packages/airflow/example_dags/example_branch_python_dop_operator_3.py
[2023-08-15T18:36:55.520-0300] {logging_mixin.py:150} INFO - [2023-08-15T18:36:55.519-0300] {dag.py:2742} INFO - Sync 1 DAGs
[2023-08-15T18:36:55.565-0300] {logging_mixin.py:150} INFO - [2023-08-15T18:36:55.565-0300] {dag.py:3504} INFO - Setting next_dagrun for example_branch_dop_operator_v3 to 2023-08-15T21:35:00+00:00, run_after=2023-08-15T21:36:00+00:00
[2023-08-15T18:36:55.740-0300] {processor.py:179} INFO - Processing /home/alan/repos/pipeline_airflow/pipeline-airflow-venv/lib/python3.11/site-packages/airflow/example_dags/example_branch_python_dop_operator_3.py took 0.305 seconds
[2023-08-15T18:38:17.720-0300] {processor.py:157} INFO - Started process (PID=23389) to work on /home/alan/repos/pipeline_airflow/pipeline-airflow-venv/lib/python3.11/site-packages/airflow/example_dags/example_branch_python_dop_operator_3.py
[2023-08-15T18:38:17.732-0300] {processor.py:826} INFO - Processing file /home/alan/repos/pipeline_airflow/pipeline-airflow-venv/lib/python3.11/site-packages/airflow/example_dags/example_branch_python_dop_operator_3.py for tasks to queue
[2023-08-15T18:38:17.734-0300] {logging_mixin.py:150} INFO - [2023-08-15T18:38:17.733-0300] {dagbag.py:541} INFO - Filling up the DagBag from /home/alan/repos/pipeline_airflow/pipeline-airflow-venv/lib/python3.11/site-packages/airflow/example_dags/example_branch_python_dop_operator_3.py
[2023-08-15T18:38:17.754-0300] {processor.py:836} INFO - DAG(s) dict_keys(['example_branch_dop_operator_v3']) retrieved from /home/alan/repos/pipeline_airflow/pipeline-airflow-venv/lib/python3.11/site-packages/airflow/example_dags/example_branch_python_dop_operator_3.py
[2023-08-15T18:38:17.845-0300] {logging_mixin.py:150} INFO - [2023-08-15T18:38:17.845-0300] {dag.py:2742} INFO - Sync 1 DAGs
[2023-08-15T18:38:17.905-0300] {logging_mixin.py:150} INFO - [2023-08-15T18:38:17.905-0300] {dag.py:3504} INFO - Setting next_dagrun for example_branch_dop_operator_v3 to 2023-08-15T21:37:00+00:00, run_after=2023-08-15T21:38:00+00:00
[2023-08-15T18:38:18.031-0300] {processor.py:179} INFO - Processing /home/alan/repos/pipeline_airflow/pipeline-airflow-venv/lib/python3.11/site-packages/airflow/example_dags/example_branch_python_dop_operator_3.py took 0.317 seconds
[2023-08-15T18:44:55.979-0300] {processor.py:157} INFO - Started process (PID=23921) to work on /home/alan/repos/pipeline_airflow/pipeline-airflow-venv/lib/python3.11/site-packages/airflow/example_dags/example_branch_python_dop_operator_3.py
[2023-08-15T18:44:55.996-0300] {processor.py:826} INFO - Processing file /home/alan/repos/pipeline_airflow/pipeline-airflow-venv/lib/python3.11/site-packages/airflow/example_dags/example_branch_python_dop_operator_3.py for tasks to queue
[2023-08-15T18:44:55.997-0300] {logging_mixin.py:150} INFO - [2023-08-15T18:44:55.997-0300] {dagbag.py:541} INFO - Filling up the DagBag from /home/alan/repos/pipeline_airflow/pipeline-airflow-venv/lib/python3.11/site-packages/airflow/example_dags/example_branch_python_dop_operator_3.py
[2023-08-15T18:44:56.015-0300] {processor.py:836} INFO - DAG(s) dict_keys(['example_branch_dop_operator_v3']) retrieved from /home/alan/repos/pipeline_airflow/pipeline-airflow-venv/lib/python3.11/site-packages/airflow/example_dags/example_branch_python_dop_operator_3.py
[2023-08-15T18:44:56.050-0300] {logging_mixin.py:150} INFO - [2023-08-15T18:44:56.050-0300] {dag.py:2742} INFO - Sync 1 DAGs
[2023-08-15T18:44:56.104-0300] {logging_mixin.py:150} INFO - [2023-08-15T18:44:56.104-0300] {dag.py:3504} INFO - Setting next_dagrun for example_branch_dop_operator_v3 to 2023-08-15T21:43:00+00:00, run_after=2023-08-15T21:44:00+00:00
[2023-08-15T18:44:56.241-0300] {processor.py:179} INFO - Processing /home/alan/repos/pipeline_airflow/pipeline-airflow-venv/lib/python3.11/site-packages/airflow/example_dags/example_branch_python_dop_operator_3.py took 0.268 seconds
[2023-08-15T18:46:16.730-0300] {processor.py:157} INFO - Started process (PID=24258) to work on /home/alan/repos/pipeline_airflow/pipeline-airflow-venv/lib/python3.11/site-packages/airflow/example_dags/example_branch_python_dop_operator_3.py
[2023-08-15T18:46:16.740-0300] {processor.py:826} INFO - Processing file /home/alan/repos/pipeline_airflow/pipeline-airflow-venv/lib/python3.11/site-packages/airflow/example_dags/example_branch_python_dop_operator_3.py for tasks to queue
[2023-08-15T18:46:16.742-0300] {logging_mixin.py:150} INFO - [2023-08-15T18:46:16.741-0300] {dagbag.py:541} INFO - Filling up the DagBag from /home/alan/repos/pipeline_airflow/pipeline-airflow-venv/lib/python3.11/site-packages/airflow/example_dags/example_branch_python_dop_operator_3.py
[2023-08-15T18:46:16.763-0300] {processor.py:836} INFO - DAG(s) dict_keys(['example_branch_dop_operator_v3']) retrieved from /home/alan/repos/pipeline_airflow/pipeline-airflow-venv/lib/python3.11/site-packages/airflow/example_dags/example_branch_python_dop_operator_3.py
[2023-08-15T18:46:16.805-0300] {logging_mixin.py:150} INFO - [2023-08-15T18:46:16.805-0300] {dag.py:2742} INFO - Sync 1 DAGs
[2023-08-15T18:46:16.915-0300] {logging_mixin.py:150} INFO - [2023-08-15T18:46:16.915-0300] {dag.py:3504} INFO - Setting next_dagrun for example_branch_dop_operator_v3 to 2023-08-15T21:45:00+00:00, run_after=2023-08-15T21:46:00+00:00
[2023-08-15T18:46:17.146-0300] {processor.py:179} INFO - Processing /home/alan/repos/pipeline_airflow/pipeline-airflow-venv/lib/python3.11/site-packages/airflow/example_dags/example_branch_python_dop_operator_3.py took 0.424 seconds
[2023-08-15T18:47:20.053-0300] {processor.py:157} INFO - Started process (PID=24486) to work on /home/alan/repos/pipeline_airflow/pipeline-airflow-venv/lib/python3.11/site-packages/airflow/example_dags/example_branch_python_dop_operator_3.py
[2023-08-15T18:47:20.056-0300] {processor.py:826} INFO - Processing file /home/alan/repos/pipeline_airflow/pipeline-airflow-venv/lib/python3.11/site-packages/airflow/example_dags/example_branch_python_dop_operator_3.py for tasks to queue
[2023-08-15T18:47:20.058-0300] {logging_mixin.py:150} INFO - [2023-08-15T18:47:20.057-0300] {dagbag.py:541} INFO - Filling up the DagBag from /home/alan/repos/pipeline_airflow/pipeline-airflow-venv/lib/python3.11/site-packages/airflow/example_dags/example_branch_python_dop_operator_3.py
[2023-08-15T18:47:20.083-0300] {processor.py:836} INFO - DAG(s) dict_keys(['example_branch_dop_operator_v3']) retrieved from /home/alan/repos/pipeline_airflow/pipeline-airflow-venv/lib/python3.11/site-packages/airflow/example_dags/example_branch_python_dop_operator_3.py
[2023-08-15T18:47:20.119-0300] {logging_mixin.py:150} INFO - [2023-08-15T18:47:20.119-0300] {dag.py:2742} INFO - Sync 1 DAGs
[2023-08-15T18:47:20.173-0300] {logging_mixin.py:150} INFO - [2023-08-15T18:47:20.173-0300] {dag.py:3504} INFO - Setting next_dagrun for example_branch_dop_operator_v3 to 2023-08-15T21:46:00+00:00, run_after=2023-08-15T21:47:00+00:00
[2023-08-15T18:47:20.307-0300] {processor.py:179} INFO - Processing /home/alan/repos/pipeline_airflow/pipeline-airflow-venv/lib/python3.11/site-packages/airflow/example_dags/example_branch_python_dop_operator_3.py took 0.260 seconds
[2023-08-15T18:48:25.414-0300] {processor.py:157} INFO - Started process (PID=24708) to work on /home/alan/repos/pipeline_airflow/pipeline-airflow-venv/lib/python3.11/site-packages/airflow/example_dags/example_branch_python_dop_operator_3.py
[2023-08-15T18:48:25.426-0300] {processor.py:826} INFO - Processing file /home/alan/repos/pipeline_airflow/pipeline-airflow-venv/lib/python3.11/site-packages/airflow/example_dags/example_branch_python_dop_operator_3.py for tasks to queue
[2023-08-15T18:48:25.428-0300] {logging_mixin.py:150} INFO - [2023-08-15T18:48:25.427-0300] {dagbag.py:541} INFO - Filling up the DagBag from /home/alan/repos/pipeline_airflow/pipeline-airflow-venv/lib/python3.11/site-packages/airflow/example_dags/example_branch_python_dop_operator_3.py
[2023-08-15T18:48:25.444-0300] {processor.py:836} INFO - DAG(s) dict_keys(['example_branch_dop_operator_v3']) retrieved from /home/alan/repos/pipeline_airflow/pipeline-airflow-venv/lib/python3.11/site-packages/airflow/example_dags/example_branch_python_dop_operator_3.py
[2023-08-15T18:48:25.483-0300] {logging_mixin.py:150} INFO - [2023-08-15T18:48:25.483-0300] {dag.py:2742} INFO - Sync 1 DAGs
[2023-08-15T18:48:25.740-0300] {logging_mixin.py:150} INFO - [2023-08-15T18:48:25.739-0300] {dag.py:3504} INFO - Setting next_dagrun for example_branch_dop_operator_v3 to 2023-08-15T21:47:00+00:00, run_after=2023-08-15T21:48:00+00:00
[2023-08-15T18:48:25.864-0300] {processor.py:179} INFO - Processing /home/alan/repos/pipeline_airflow/pipeline-airflow-venv/lib/python3.11/site-packages/airflow/example_dags/example_branch_python_dop_operator_3.py took 0.455 seconds
[2023-08-15T18:49:32.826-0300] {processor.py:157} INFO - Started process (PID=24930) to work on /home/alan/repos/pipeline_airflow/pipeline-airflow-venv/lib/python3.11/site-packages/airflow/example_dags/example_branch_python_dop_operator_3.py
[2023-08-15T18:49:32.842-0300] {processor.py:826} INFO - Processing file /home/alan/repos/pipeline_airflow/pipeline-airflow-venv/lib/python3.11/site-packages/airflow/example_dags/example_branch_python_dop_operator_3.py for tasks to queue
[2023-08-15T18:49:32.845-0300] {logging_mixin.py:150} INFO - [2023-08-15T18:49:32.844-0300] {dagbag.py:541} INFO - Filling up the DagBag from /home/alan/repos/pipeline_airflow/pipeline-airflow-venv/lib/python3.11/site-packages/airflow/example_dags/example_branch_python_dop_operator_3.py
[2023-08-15T18:49:32.865-0300] {processor.py:836} INFO - DAG(s) dict_keys(['example_branch_dop_operator_v3']) retrieved from /home/alan/repos/pipeline_airflow/pipeline-airflow-venv/lib/python3.11/site-packages/airflow/example_dags/example_branch_python_dop_operator_3.py
[2023-08-15T18:49:32.898-0300] {logging_mixin.py:150} INFO - [2023-08-15T18:49:32.898-0300] {dag.py:2742} INFO - Sync 1 DAGs
[2023-08-15T18:49:32.946-0300] {logging_mixin.py:150} INFO - [2023-08-15T18:49:32.946-0300] {dag.py:3504} INFO - Setting next_dagrun for example_branch_dop_operator_v3 to 2023-08-15T21:48:00+00:00, run_after=2023-08-15T21:49:00+00:00
[2023-08-15T18:49:33.076-0300] {processor.py:179} INFO - Processing /home/alan/repos/pipeline_airflow/pipeline-airflow-venv/lib/python3.11/site-packages/airflow/example_dags/example_branch_python_dop_operator_3.py took 0.255 seconds
[2023-08-15T18:50:32.356-0300] {processor.py:157} INFO - Started process (PID=25145) to work on /home/alan/repos/pipeline_airflow/pipeline-airflow-venv/lib/python3.11/site-packages/airflow/example_dags/example_branch_python_dop_operator_3.py
[2023-08-15T18:50:32.388-0300] {processor.py:826} INFO - Processing file /home/alan/repos/pipeline_airflow/pipeline-airflow-venv/lib/python3.11/site-packages/airflow/example_dags/example_branch_python_dop_operator_3.py for tasks to queue
[2023-08-15T18:50:32.389-0300] {logging_mixin.py:150} INFO - [2023-08-15T18:50:32.389-0300] {dagbag.py:541} INFO - Filling up the DagBag from /home/alan/repos/pipeline_airflow/pipeline-airflow-venv/lib/python3.11/site-packages/airflow/example_dags/example_branch_python_dop_operator_3.py
[2023-08-15T18:50:32.408-0300] {processor.py:836} INFO - DAG(s) dict_keys(['example_branch_dop_operator_v3']) retrieved from /home/alan/repos/pipeline_airflow/pipeline-airflow-venv/lib/python3.11/site-packages/airflow/example_dags/example_branch_python_dop_operator_3.py
[2023-08-15T18:50:32.512-0300] {logging_mixin.py:150} INFO - [2023-08-15T18:50:32.511-0300] {dag.py:2742} INFO - Sync 1 DAGs
[2023-08-15T18:50:32.576-0300] {logging_mixin.py:150} INFO - [2023-08-15T18:50:32.575-0300] {dag.py:3504} INFO - Setting next_dagrun for example_branch_dop_operator_v3 to 2023-08-15T21:49:00+00:00, run_after=2023-08-15T21:50:00+00:00
[2023-08-15T18:50:32.712-0300] {processor.py:179} INFO - Processing /home/alan/repos/pipeline_airflow/pipeline-airflow-venv/lib/python3.11/site-packages/airflow/example_dags/example_branch_python_dop_operator_3.py took 0.361 seconds
[2023-08-15T18:51:43.980-0300] {processor.py:157} INFO - Started process (PID=25483) to work on /home/alan/repos/pipeline_airflow/pipeline-airflow-venv/lib/python3.11/site-packages/airflow/example_dags/example_branch_python_dop_operator_3.py
[2023-08-15T18:51:43.994-0300] {processor.py:826} INFO - Processing file /home/alan/repos/pipeline_airflow/pipeline-airflow-venv/lib/python3.11/site-packages/airflow/example_dags/example_branch_python_dop_operator_3.py for tasks to queue
[2023-08-15T18:51:43.996-0300] {logging_mixin.py:150} INFO - [2023-08-15T18:51:43.995-0300] {dagbag.py:541} INFO - Filling up the DagBag from /home/alan/repos/pipeline_airflow/pipeline-airflow-venv/lib/python3.11/site-packages/airflow/example_dags/example_branch_python_dop_operator_3.py
[2023-08-15T18:51:44.014-0300] {processor.py:836} INFO - DAG(s) dict_keys(['example_branch_dop_operator_v3']) retrieved from /home/alan/repos/pipeline_airflow/pipeline-airflow-venv/lib/python3.11/site-packages/airflow/example_dags/example_branch_python_dop_operator_3.py
[2023-08-15T18:51:44.047-0300] {logging_mixin.py:150} INFO - [2023-08-15T18:51:44.047-0300] {dag.py:2742} INFO - Sync 1 DAGs
[2023-08-15T18:51:44.097-0300] {logging_mixin.py:150} INFO - [2023-08-15T18:51:44.097-0300] {dag.py:3504} INFO - Setting next_dagrun for example_branch_dop_operator_v3 to 2023-08-15T21:50:00+00:00, run_after=2023-08-15T21:51:00+00:00
[2023-08-15T18:51:44.225-0300] {processor.py:179} INFO - Processing /home/alan/repos/pipeline_airflow/pipeline-airflow-venv/lib/python3.11/site-packages/airflow/example_dags/example_branch_python_dop_operator_3.py took 0.251 seconds
[2023-08-15T18:52:55.081-0300] {processor.py:157} INFO - Started process (PID=25828) to work on /home/alan/repos/pipeline_airflow/pipeline-airflow-venv/lib/python3.11/site-packages/airflow/example_dags/example_branch_python_dop_operator_3.py
[2023-08-15T18:52:55.096-0300] {processor.py:826} INFO - Processing file /home/alan/repos/pipeline_airflow/pipeline-airflow-venv/lib/python3.11/site-packages/airflow/example_dags/example_branch_python_dop_operator_3.py for tasks to queue
[2023-08-15T18:52:55.098-0300] {logging_mixin.py:150} INFO - [2023-08-15T18:52:55.097-0300] {dagbag.py:541} INFO - Filling up the DagBag from /home/alan/repos/pipeline_airflow/pipeline-airflow-venv/lib/python3.11/site-packages/airflow/example_dags/example_branch_python_dop_operator_3.py
[2023-08-15T18:52:55.115-0300] {processor.py:836} INFO - DAG(s) dict_keys(['example_branch_dop_operator_v3']) retrieved from /home/alan/repos/pipeline_airflow/pipeline-airflow-venv/lib/python3.11/site-packages/airflow/example_dags/example_branch_python_dop_operator_3.py
[2023-08-15T18:52:55.144-0300] {logging_mixin.py:150} INFO - [2023-08-15T18:52:55.144-0300] {dag.py:2742} INFO - Sync 1 DAGs
[2023-08-15T18:52:55.192-0300] {logging_mixin.py:150} INFO - [2023-08-15T18:52:55.192-0300] {dag.py:3504} INFO - Setting next_dagrun for example_branch_dop_operator_v3 to 2023-08-15T21:51:00+00:00, run_after=2023-08-15T21:52:00+00:00
[2023-08-15T18:52:55.315-0300] {processor.py:179} INFO - Processing /home/alan/repos/pipeline_airflow/pipeline-airflow-venv/lib/python3.11/site-packages/airflow/example_dags/example_branch_python_dop_operator_3.py took 0.240 seconds
[2023-08-15T18:53:51.609-0300] {processor.py:157} INFO - Started process (PID=26039) to work on /home/alan/repos/pipeline_airflow/pipeline-airflow-venv/lib/python3.11/site-packages/airflow/example_dags/example_branch_python_dop_operator_3.py
[2023-08-15T18:53:51.627-0300] {processor.py:826} INFO - Processing file /home/alan/repos/pipeline_airflow/pipeline-airflow-venv/lib/python3.11/site-packages/airflow/example_dags/example_branch_python_dop_operator_3.py for tasks to queue
[2023-08-15T18:53:51.629-0300] {logging_mixin.py:150} INFO - [2023-08-15T18:53:51.628-0300] {dagbag.py:541} INFO - Filling up the DagBag from /home/alan/repos/pipeline_airflow/pipeline-airflow-venv/lib/python3.11/site-packages/airflow/example_dags/example_branch_python_dop_operator_3.py
[2023-08-15T18:53:51.648-0300] {processor.py:836} INFO - DAG(s) dict_keys(['example_branch_dop_operator_v3']) retrieved from /home/alan/repos/pipeline_airflow/pipeline-airflow-venv/lib/python3.11/site-packages/airflow/example_dags/example_branch_python_dop_operator_3.py
[2023-08-15T18:53:51.684-0300] {logging_mixin.py:150} INFO - [2023-08-15T18:53:51.683-0300] {dag.py:2742} INFO - Sync 1 DAGs
[2023-08-15T18:53:51.731-0300] {logging_mixin.py:150} INFO - [2023-08-15T18:53:51.730-0300] {dag.py:3504} INFO - Setting next_dagrun for example_branch_dop_operator_v3 to 2023-08-15T21:52:00+00:00, run_after=2023-08-15T21:53:00+00:00
[2023-08-15T18:53:51.926-0300] {processor.py:179} INFO - Processing /home/alan/repos/pipeline_airflow/pipeline-airflow-venv/lib/python3.11/site-packages/airflow/example_dags/example_branch_python_dop_operator_3.py took 0.322 seconds
[2023-08-15T18:54:56.952-0300] {processor.py:157} INFO - Started process (PID=26351) to work on /home/alan/repos/pipeline_airflow/pipeline-airflow-venv/lib/python3.11/site-packages/airflow/example_dags/example_branch_python_dop_operator_3.py
[2023-08-15T18:54:56.995-0300] {processor.py:826} INFO - Processing file /home/alan/repos/pipeline_airflow/pipeline-airflow-venv/lib/python3.11/site-packages/airflow/example_dags/example_branch_python_dop_operator_3.py for tasks to queue
[2023-08-15T18:54:56.997-0300] {logging_mixin.py:150} INFO - [2023-08-15T18:54:56.996-0300] {dagbag.py:541} INFO - Filling up the DagBag from /home/alan/repos/pipeline_airflow/pipeline-airflow-venv/lib/python3.11/site-packages/airflow/example_dags/example_branch_python_dop_operator_3.py
[2023-08-15T18:54:57.019-0300] {processor.py:836} INFO - DAG(s) dict_keys(['example_branch_dop_operator_v3']) retrieved from /home/alan/repos/pipeline_airflow/pipeline-airflow-venv/lib/python3.11/site-packages/airflow/example_dags/example_branch_python_dop_operator_3.py
[2023-08-15T18:54:57.055-0300] {logging_mixin.py:150} INFO - [2023-08-15T18:54:57.054-0300] {dag.py:2742} INFO - Sync 1 DAGs
[2023-08-15T18:54:57.113-0300] {logging_mixin.py:150} INFO - [2023-08-15T18:54:57.113-0300] {dag.py:3504} INFO - Setting next_dagrun for example_branch_dop_operator_v3 to 2023-08-15T21:53:00+00:00, run_after=2023-08-15T21:54:00+00:00
[2023-08-15T18:54:57.870-0300] {processor.py:179} INFO - Processing /home/alan/repos/pipeline_airflow/pipeline-airflow-venv/lib/python3.11/site-packages/airflow/example_dags/example_branch_python_dop_operator_3.py took 0.923 seconds
[2023-08-15T19:00:18.956-0300] {processor.py:157} INFO - Started process (PID=27342) to work on /home/alan/repos/pipeline_airflow/pipeline-airflow-venv/lib/python3.11/site-packages/airflow/example_dags/example_branch_python_dop_operator_3.py
[2023-08-15T19:00:19.130-0300] {processor.py:826} INFO - Processing file /home/alan/repos/pipeline_airflow/pipeline-airflow-venv/lib/python3.11/site-packages/airflow/example_dags/example_branch_python_dop_operator_3.py for tasks to queue
[2023-08-15T19:00:19.133-0300] {logging_mixin.py:150} INFO - [2023-08-15T19:00:19.132-0300] {dagbag.py:541} INFO - Filling up the DagBag from /home/alan/repos/pipeline_airflow/pipeline-airflow-venv/lib/python3.11/site-packages/airflow/example_dags/example_branch_python_dop_operator_3.py
[2023-08-15T19:00:19.380-0300] {processor.py:836} INFO - DAG(s) dict_keys(['example_branch_dop_operator_v3']) retrieved from /home/alan/repos/pipeline_airflow/pipeline-airflow-venv/lib/python3.11/site-packages/airflow/example_dags/example_branch_python_dop_operator_3.py
[2023-08-15T19:00:19.653-0300] {logging_mixin.py:150} INFO - [2023-08-15T19:00:19.652-0300] {dag.py:2742} INFO - Sync 1 DAGs
[2023-08-15T19:00:19.712-0300] {logging_mixin.py:150} INFO - [2023-08-15T19:00:19.711-0300] {dag.py:3504} INFO - Setting next_dagrun for example_branch_dop_operator_v3 to 2023-08-15T21:59:00+00:00, run_after=2023-08-15T22:00:00+00:00
[2023-08-15T19:00:22.753-0300] {processor.py:179} INFO - Processing /home/alan/repos/pipeline_airflow/pipeline-airflow-venv/lib/python3.11/site-packages/airflow/example_dags/example_branch_python_dop_operator_3.py took 3.803 seconds
[2023-08-15T19:03:40.347-0300] {processor.py:157} INFO - Started process (PID=28094) to work on /home/alan/repos/pipeline_airflow/pipeline-airflow-venv/lib/python3.11/site-packages/airflow/example_dags/example_branch_python_dop_operator_3.py
[2023-08-15T19:03:40.380-0300] {processor.py:826} INFO - Processing file /home/alan/repos/pipeline_airflow/pipeline-airflow-venv/lib/python3.11/site-packages/airflow/example_dags/example_branch_python_dop_operator_3.py for tasks to queue
[2023-08-15T19:03:40.382-0300] {logging_mixin.py:150} INFO - [2023-08-15T19:03:40.381-0300] {dagbag.py:541} INFO - Filling up the DagBag from /home/alan/repos/pipeline_airflow/pipeline-airflow-venv/lib/python3.11/site-packages/airflow/example_dags/example_branch_python_dop_operator_3.py
[2023-08-15T19:03:40.425-0300] {processor.py:836} INFO - DAG(s) dict_keys(['example_branch_dop_operator_v3']) retrieved from /home/alan/repos/pipeline_airflow/pipeline-airflow-venv/lib/python3.11/site-packages/airflow/example_dags/example_branch_python_dop_operator_3.py
[2023-08-15T19:03:40.463-0300] {logging_mixin.py:150} INFO - [2023-08-15T19:03:40.463-0300] {dag.py:2742} INFO - Sync 1 DAGs
[2023-08-15T19:03:40.510-0300] {logging_mixin.py:150} INFO - [2023-08-15T19:03:40.510-0300] {dag.py:3504} INFO - Setting next_dagrun for example_branch_dop_operator_v3 to 2023-08-15T22:02:00+00:00, run_after=2023-08-15T22:03:00+00:00
[2023-08-15T19:03:40.678-0300] {processor.py:179} INFO - Processing /home/alan/repos/pipeline_airflow/pipeline-airflow-venv/lib/python3.11/site-packages/airflow/example_dags/example_branch_python_dop_operator_3.py took 0.340 seconds
[2023-08-15T19:05:15.180-0300] {processor.py:157} INFO - Started process (PID=28545) to work on /home/alan/repos/pipeline_airflow/pipeline-airflow-venv/lib/python3.11/site-packages/airflow/example_dags/example_branch_python_dop_operator_3.py
[2023-08-15T19:05:15.183-0300] {processor.py:826} INFO - Processing file /home/alan/repos/pipeline_airflow/pipeline-airflow-venv/lib/python3.11/site-packages/airflow/example_dags/example_branch_python_dop_operator_3.py for tasks to queue
[2023-08-15T19:05:15.185-0300] {logging_mixin.py:150} INFO - [2023-08-15T19:05:15.184-0300] {dagbag.py:541} INFO - Filling up the DagBag from /home/alan/repos/pipeline_airflow/pipeline-airflow-venv/lib/python3.11/site-packages/airflow/example_dags/example_branch_python_dop_operator_3.py
[2023-08-15T19:05:15.205-0300] {processor.py:836} INFO - DAG(s) dict_keys(['example_branch_dop_operator_v3']) retrieved from /home/alan/repos/pipeline_airflow/pipeline-airflow-venv/lib/python3.11/site-packages/airflow/example_dags/example_branch_python_dop_operator_3.py
[2023-08-15T19:05:15.237-0300] {logging_mixin.py:150} INFO - [2023-08-15T19:05:15.237-0300] {dag.py:2742} INFO - Sync 1 DAGs
[2023-08-15T19:05:15.283-0300] {logging_mixin.py:150} INFO - [2023-08-15T19:05:15.283-0300] {dag.py:3504} INFO - Setting next_dagrun for example_branch_dop_operator_v3 to 2023-08-15T22:04:00+00:00, run_after=2023-08-15T22:05:00+00:00
[2023-08-15T19:05:15.396-0300] {processor.py:179} INFO - Processing /home/alan/repos/pipeline_airflow/pipeline-airflow-venv/lib/python3.11/site-packages/airflow/example_dags/example_branch_python_dop_operator_3.py took 0.223 seconds
[2023-08-15T19:06:26.568-0300] {processor.py:157} INFO - Started process (PID=28777) to work on /home/alan/repos/pipeline_airflow/pipeline-airflow-venv/lib/python3.11/site-packages/airflow/example_dags/example_branch_python_dop_operator_3.py
[2023-08-15T19:06:26.570-0300] {processor.py:826} INFO - Processing file /home/alan/repos/pipeline_airflow/pipeline-airflow-venv/lib/python3.11/site-packages/airflow/example_dags/example_branch_python_dop_operator_3.py for tasks to queue
[2023-08-15T19:06:26.571-0300] {logging_mixin.py:150} INFO - [2023-08-15T19:06:26.571-0300] {dagbag.py:541} INFO - Filling up the DagBag from /home/alan/repos/pipeline_airflow/pipeline-airflow-venv/lib/python3.11/site-packages/airflow/example_dags/example_branch_python_dop_operator_3.py
[2023-08-15T19:06:26.589-0300] {processor.py:836} INFO - DAG(s) dict_keys(['example_branch_dop_operator_v3']) retrieved from /home/alan/repos/pipeline_airflow/pipeline-airflow-venv/lib/python3.11/site-packages/airflow/example_dags/example_branch_python_dop_operator_3.py
[2023-08-15T19:06:26.620-0300] {logging_mixin.py:150} INFO - [2023-08-15T19:06:26.619-0300] {dag.py:2742} INFO - Sync 1 DAGs
[2023-08-15T19:06:26.665-0300] {logging_mixin.py:150} INFO - [2023-08-15T19:06:26.665-0300] {dag.py:3504} INFO - Setting next_dagrun for example_branch_dop_operator_v3 to 2023-08-15T22:05:00+00:00, run_after=2023-08-15T22:06:00+00:00
[2023-08-15T19:06:26.804-0300] {processor.py:179} INFO - Processing /home/alan/repos/pipeline_airflow/pipeline-airflow-venv/lib/python3.11/site-packages/airflow/example_dags/example_branch_python_dop_operator_3.py took 0.242 seconds
[2023-08-15T19:07:27.354-0300] {processor.py:157} INFO - Started process (PID=28941) to work on /home/alan/repos/pipeline_airflow/pipeline-airflow-venv/lib/python3.11/site-packages/airflow/example_dags/example_branch_python_dop_operator_3.py
[2023-08-15T19:07:27.376-0300] {processor.py:826} INFO - Processing file /home/alan/repos/pipeline_airflow/pipeline-airflow-venv/lib/python3.11/site-packages/airflow/example_dags/example_branch_python_dop_operator_3.py for tasks to queue
[2023-08-15T19:07:27.378-0300] {logging_mixin.py:150} INFO - [2023-08-15T19:07:27.377-0300] {dagbag.py:541} INFO - Filling up the DagBag from /home/alan/repos/pipeline_airflow/pipeline-airflow-venv/lib/python3.11/site-packages/airflow/example_dags/example_branch_python_dop_operator_3.py
[2023-08-15T19:07:27.400-0300] {processor.py:836} INFO - DAG(s) dict_keys(['example_branch_dop_operator_v3']) retrieved from /home/alan/repos/pipeline_airflow/pipeline-airflow-venv/lib/python3.11/site-packages/airflow/example_dags/example_branch_python_dop_operator_3.py
[2023-08-15T19:07:27.434-0300] {logging_mixin.py:150} INFO - [2023-08-15T19:07:27.434-0300] {dag.py:2742} INFO - Sync 1 DAGs
[2023-08-15T19:07:27.479-0300] {logging_mixin.py:150} INFO - [2023-08-15T19:07:27.479-0300] {dag.py:3504} INFO - Setting next_dagrun for example_branch_dop_operator_v3 to 2023-08-15T22:06:00+00:00, run_after=2023-08-15T22:07:00+00:00
[2023-08-15T19:07:27.613-0300] {processor.py:179} INFO - Processing /home/alan/repos/pipeline_airflow/pipeline-airflow-venv/lib/python3.11/site-packages/airflow/example_dags/example_branch_python_dop_operator_3.py took 0.264 seconds
[2023-08-15T19:08:34.833-0300] {processor.py:157} INFO - Started process (PID=29219) to work on /home/alan/repos/pipeline_airflow/pipeline-airflow-venv/lib/python3.11/site-packages/airflow/example_dags/example_branch_python_dop_operator_3.py
[2023-08-15T19:08:34.835-0300] {processor.py:826} INFO - Processing file /home/alan/repos/pipeline_airflow/pipeline-airflow-venv/lib/python3.11/site-packages/airflow/example_dags/example_branch_python_dop_operator_3.py for tasks to queue
[2023-08-15T19:08:34.837-0300] {logging_mixin.py:150} INFO - [2023-08-15T19:08:34.836-0300] {dagbag.py:541} INFO - Filling up the DagBag from /home/alan/repos/pipeline_airflow/pipeline-airflow-venv/lib/python3.11/site-packages/airflow/example_dags/example_branch_python_dop_operator_3.py
[2023-08-15T19:08:34.856-0300] {processor.py:836} INFO - DAG(s) dict_keys(['example_branch_dop_operator_v3']) retrieved from /home/alan/repos/pipeline_airflow/pipeline-airflow-venv/lib/python3.11/site-packages/airflow/example_dags/example_branch_python_dop_operator_3.py
[2023-08-15T19:08:34.887-0300] {logging_mixin.py:150} INFO - [2023-08-15T19:08:34.886-0300] {dag.py:2742} INFO - Sync 1 DAGs
[2023-08-15T19:08:34.933-0300] {logging_mixin.py:150} INFO - [2023-08-15T19:08:34.932-0300] {dag.py:3504} INFO - Setting next_dagrun for example_branch_dop_operator_v3 to 2023-08-15T22:07:00+00:00, run_after=2023-08-15T22:08:00+00:00
[2023-08-15T19:08:35.065-0300] {processor.py:179} INFO - Processing /home/alan/repos/pipeline_airflow/pipeline-airflow-venv/lib/python3.11/site-packages/airflow/example_dags/example_branch_python_dop_operator_3.py took 0.239 seconds
[2023-08-15T19:09:36.446-0300] {processor.py:157} INFO - Started process (PID=29375) to work on /home/alan/repos/pipeline_airflow/pipeline-airflow-venv/lib/python3.11/site-packages/airflow/example_dags/example_branch_python_dop_operator_3.py
[2023-08-15T19:09:36.457-0300] {processor.py:826} INFO - Processing file /home/alan/repos/pipeline_airflow/pipeline-airflow-venv/lib/python3.11/site-packages/airflow/example_dags/example_branch_python_dop_operator_3.py for tasks to queue
[2023-08-15T19:09:36.459-0300] {logging_mixin.py:150} INFO - [2023-08-15T19:09:36.458-0300] {dagbag.py:541} INFO - Filling up the DagBag from /home/alan/repos/pipeline_airflow/pipeline-airflow-venv/lib/python3.11/site-packages/airflow/example_dags/example_branch_python_dop_operator_3.py
[2023-08-15T19:09:36.484-0300] {processor.py:836} INFO - DAG(s) dict_keys(['example_branch_dop_operator_v3']) retrieved from /home/alan/repos/pipeline_airflow/pipeline-airflow-venv/lib/python3.11/site-packages/airflow/example_dags/example_branch_python_dop_operator_3.py
[2023-08-15T19:09:36.521-0300] {logging_mixin.py:150} INFO - [2023-08-15T19:09:36.521-0300] {dag.py:2742} INFO - Sync 1 DAGs
[2023-08-15T19:09:36.580-0300] {logging_mixin.py:150} INFO - [2023-08-15T19:09:36.579-0300] {dag.py:3504} INFO - Setting next_dagrun for example_branch_dop_operator_v3 to 2023-08-15T22:08:00+00:00, run_after=2023-08-15T22:09:00+00:00
[2023-08-15T19:09:36.716-0300] {processor.py:179} INFO - Processing /home/alan/repos/pipeline_airflow/pipeline-airflow-venv/lib/python3.11/site-packages/airflow/example_dags/example_branch_python_dop_operator_3.py took 0.276 seconds
[2023-08-15T19:10:35.584-0300] {processor.py:157} INFO - Started process (PID=29535) to work on /home/alan/repos/pipeline_airflow/pipeline-airflow-venv/lib/python3.11/site-packages/airflow/example_dags/example_branch_python_dop_operator_3.py
[2023-08-15T19:10:35.593-0300] {processor.py:826} INFO - Processing file /home/alan/repos/pipeline_airflow/pipeline-airflow-venv/lib/python3.11/site-packages/airflow/example_dags/example_branch_python_dop_operator_3.py for tasks to queue
[2023-08-15T19:10:35.595-0300] {logging_mixin.py:150} INFO - [2023-08-15T19:10:35.595-0300] {dagbag.py:541} INFO - Filling up the DagBag from /home/alan/repos/pipeline_airflow/pipeline-airflow-venv/lib/python3.11/site-packages/airflow/example_dags/example_branch_python_dop_operator_3.py
[2023-08-15T19:10:35.637-0300] {processor.py:836} INFO - DAG(s) dict_keys(['example_branch_dop_operator_v3']) retrieved from /home/alan/repos/pipeline_airflow/pipeline-airflow-venv/lib/python3.11/site-packages/airflow/example_dags/example_branch_python_dop_operator_3.py
[2023-08-15T19:10:35.694-0300] {logging_mixin.py:150} INFO - [2023-08-15T19:10:35.694-0300] {dag.py:2742} INFO - Sync 1 DAGs
[2023-08-15T19:10:35.779-0300] {logging_mixin.py:150} INFO - [2023-08-15T19:10:35.778-0300] {dag.py:3504} INFO - Setting next_dagrun for example_branch_dop_operator_v3 to 2023-08-15T22:09:00+00:00, run_after=2023-08-15T22:10:00+00:00
[2023-08-15T19:10:35.914-0300] {processor.py:179} INFO - Processing /home/alan/repos/pipeline_airflow/pipeline-airflow-venv/lib/python3.11/site-packages/airflow/example_dags/example_branch_python_dop_operator_3.py took 0.337 seconds
[2023-08-15T19:11:37.839-0300] {processor.py:157} INFO - Started process (PID=29764) to work on /home/alan/repos/pipeline_airflow/pipeline-airflow-venv/lib/python3.11/site-packages/airflow/example_dags/example_branch_python_dop_operator_3.py
[2023-08-15T19:11:37.846-0300] {processor.py:826} INFO - Processing file /home/alan/repos/pipeline_airflow/pipeline-airflow-venv/lib/python3.11/site-packages/airflow/example_dags/example_branch_python_dop_operator_3.py for tasks to queue
[2023-08-15T19:11:37.847-0300] {logging_mixin.py:150} INFO - [2023-08-15T19:11:37.847-0300] {dagbag.py:541} INFO - Filling up the DagBag from /home/alan/repos/pipeline_airflow/pipeline-airflow-venv/lib/python3.11/site-packages/airflow/example_dags/example_branch_python_dop_operator_3.py
[2023-08-15T19:11:37.863-0300] {processor.py:836} INFO - DAG(s) dict_keys(['example_branch_dop_operator_v3']) retrieved from /home/alan/repos/pipeline_airflow/pipeline-airflow-venv/lib/python3.11/site-packages/airflow/example_dags/example_branch_python_dop_operator_3.py
[2023-08-15T19:11:37.894-0300] {logging_mixin.py:150} INFO - [2023-08-15T19:11:37.893-0300] {dag.py:2742} INFO - Sync 1 DAGs
[2023-08-15T19:11:37.938-0300] {logging_mixin.py:150} INFO - [2023-08-15T19:11:37.937-0300] {dag.py:3504} INFO - Setting next_dagrun for example_branch_dop_operator_v3 to 2023-08-15T22:10:00+00:00, run_after=2023-08-15T22:11:00+00:00
[2023-08-15T19:11:38.061-0300] {processor.py:179} INFO - Processing /home/alan/repos/pipeline_airflow/pipeline-airflow-venv/lib/python3.11/site-packages/airflow/example_dags/example_branch_python_dop_operator_3.py took 0.227 seconds
[2023-08-15T19:12:42.290-0300] {processor.py:157} INFO - Started process (PID=29964) to work on /home/alan/repos/pipeline_airflow/pipeline-airflow-venv/lib/python3.11/site-packages/airflow/example_dags/example_branch_python_dop_operator_3.py
[2023-08-15T19:12:42.292-0300] {processor.py:826} INFO - Processing file /home/alan/repos/pipeline_airflow/pipeline-airflow-venv/lib/python3.11/site-packages/airflow/example_dags/example_branch_python_dop_operator_3.py for tasks to queue
[2023-08-15T19:12:42.293-0300] {logging_mixin.py:150} INFO - [2023-08-15T19:12:42.292-0300] {dagbag.py:541} INFO - Filling up the DagBag from /home/alan/repos/pipeline_airflow/pipeline-airflow-venv/lib/python3.11/site-packages/airflow/example_dags/example_branch_python_dop_operator_3.py
[2023-08-15T19:12:42.309-0300] {processor.py:836} INFO - DAG(s) dict_keys(['example_branch_dop_operator_v3']) retrieved from /home/alan/repos/pipeline_airflow/pipeline-airflow-venv/lib/python3.11/site-packages/airflow/example_dags/example_branch_python_dop_operator_3.py
[2023-08-15T19:12:42.338-0300] {logging_mixin.py:150} INFO - [2023-08-15T19:12:42.338-0300] {dag.py:2742} INFO - Sync 1 DAGs
[2023-08-15T19:12:42.382-0300] {logging_mixin.py:150} INFO - [2023-08-15T19:12:42.382-0300] {dag.py:3504} INFO - Setting next_dagrun for example_branch_dop_operator_v3 to 2023-08-15T22:11:00+00:00, run_after=2023-08-15T22:12:00+00:00
[2023-08-15T19:12:42.495-0300] {processor.py:179} INFO - Processing /home/alan/repos/pipeline_airflow/pipeline-airflow-venv/lib/python3.11/site-packages/airflow/example_dags/example_branch_python_dop_operator_3.py took 0.209 seconds
[2023-08-15T19:13:42.830-0300] {processor.py:157} INFO - Started process (PID=30126) to work on /home/alan/repos/pipeline_airflow/pipeline-airflow-venv/lib/python3.11/site-packages/airflow/example_dags/example_branch_python_dop_operator_3.py
[2023-08-15T19:13:42.834-0300] {processor.py:826} INFO - Processing file /home/alan/repos/pipeline_airflow/pipeline-airflow-venv/lib/python3.11/site-packages/airflow/example_dags/example_branch_python_dop_operator_3.py for tasks to queue
[2023-08-15T19:13:42.835-0300] {logging_mixin.py:150} INFO - [2023-08-15T19:13:42.835-0300] {dagbag.py:541} INFO - Filling up the DagBag from /home/alan/repos/pipeline_airflow/pipeline-airflow-venv/lib/python3.11/site-packages/airflow/example_dags/example_branch_python_dop_operator_3.py
[2023-08-15T19:13:42.859-0300] {processor.py:836} INFO - DAG(s) dict_keys(['example_branch_dop_operator_v3']) retrieved from /home/alan/repos/pipeline_airflow/pipeline-airflow-venv/lib/python3.11/site-packages/airflow/example_dags/example_branch_python_dop_operator_3.py
[2023-08-15T19:13:42.913-0300] {logging_mixin.py:150} INFO - [2023-08-15T19:13:42.913-0300] {dag.py:2742} INFO - Sync 1 DAGs
[2023-08-15T19:13:42.975-0300] {logging_mixin.py:150} INFO - [2023-08-15T19:13:42.975-0300] {dag.py:3504} INFO - Setting next_dagrun for example_branch_dop_operator_v3 to 2023-08-15T22:12:00+00:00, run_after=2023-08-15T22:13:00+00:00
[2023-08-15T19:13:43.128-0300] {processor.py:179} INFO - Processing /home/alan/repos/pipeline_airflow/pipeline-airflow-venv/lib/python3.11/site-packages/airflow/example_dags/example_branch_python_dop_operator_3.py took 0.308 seconds
[2023-08-15T19:14:43.103-0300] {processor.py:157} INFO - Started process (PID=30279) to work on /home/alan/repos/pipeline_airflow/pipeline-airflow-venv/lib/python3.11/site-packages/airflow/example_dags/example_branch_python_dop_operator_3.py
[2023-08-15T19:14:43.152-0300] {processor.py:826} INFO - Processing file /home/alan/repos/pipeline_airflow/pipeline-airflow-venv/lib/python3.11/site-packages/airflow/example_dags/example_branch_python_dop_operator_3.py for tasks to queue
[2023-08-15T19:14:43.154-0300] {logging_mixin.py:150} INFO - [2023-08-15T19:14:43.153-0300] {dagbag.py:541} INFO - Filling up the DagBag from /home/alan/repos/pipeline_airflow/pipeline-airflow-venv/lib/python3.11/site-packages/airflow/example_dags/example_branch_python_dop_operator_3.py
[2023-08-15T19:14:43.172-0300] {processor.py:836} INFO - DAG(s) dict_keys(['example_branch_dop_operator_v3']) retrieved from /home/alan/repos/pipeline_airflow/pipeline-airflow-venv/lib/python3.11/site-packages/airflow/example_dags/example_branch_python_dop_operator_3.py
[2023-08-15T19:14:43.205-0300] {logging_mixin.py:150} INFO - [2023-08-15T19:14:43.204-0300] {dag.py:2742} INFO - Sync 1 DAGs
[2023-08-15T19:14:43.259-0300] {logging_mixin.py:150} INFO - [2023-08-15T19:14:43.259-0300] {dag.py:3504} INFO - Setting next_dagrun for example_branch_dop_operator_v3 to 2023-08-15T22:13:00+00:00, run_after=2023-08-15T22:14:00+00:00
[2023-08-15T19:14:43.412-0300] {processor.py:179} INFO - Processing /home/alan/repos/pipeline_airflow/pipeline-airflow-venv/lib/python3.11/site-packages/airflow/example_dags/example_branch_python_dop_operator_3.py took 0.314 seconds
[2023-08-15T19:16:04.901-0300] {processor.py:157} INFO - Started process (PID=30491) to work on /home/alan/repos/pipeline_airflow/pipeline-airflow-venv/lib/python3.11/site-packages/airflow/example_dags/example_branch_python_dop_operator_3.py
[2023-08-15T19:16:04.912-0300] {processor.py:826} INFO - Processing file /home/alan/repos/pipeline_airflow/pipeline-airflow-venv/lib/python3.11/site-packages/airflow/example_dags/example_branch_python_dop_operator_3.py for tasks to queue
[2023-08-15T19:16:04.914-0300] {logging_mixin.py:150} INFO - [2023-08-15T19:16:04.913-0300] {dagbag.py:541} INFO - Filling up the DagBag from /home/alan/repos/pipeline_airflow/pipeline-airflow-venv/lib/python3.11/site-packages/airflow/example_dags/example_branch_python_dop_operator_3.py
[2023-08-15T19:16:04.932-0300] {processor.py:836} INFO - DAG(s) dict_keys(['example_branch_dop_operator_v3']) retrieved from /home/alan/repos/pipeline_airflow/pipeline-airflow-venv/lib/python3.11/site-packages/airflow/example_dags/example_branch_python_dop_operator_3.py
[2023-08-15T19:16:04.964-0300] {logging_mixin.py:150} INFO - [2023-08-15T19:16:04.963-0300] {dag.py:2742} INFO - Sync 1 DAGs
[2023-08-15T19:16:05.008-0300] {logging_mixin.py:150} INFO - [2023-08-15T19:16:05.008-0300] {dag.py:3504} INFO - Setting next_dagrun for example_branch_dop_operator_v3 to 2023-08-15T22:15:00+00:00, run_after=2023-08-15T22:16:00+00:00
[2023-08-15T19:16:05.118-0300] {processor.py:179} INFO - Processing /home/alan/repos/pipeline_airflow/pipeline-airflow-venv/lib/python3.11/site-packages/airflow/example_dags/example_branch_python_dop_operator_3.py took 0.223 seconds
[2023-08-15T19:17:04.728-0300] {processor.py:157} INFO - Started process (PID=30656) to work on /home/alan/repos/pipeline_airflow/pipeline-airflow-venv/lib/python3.11/site-packages/airflow/example_dags/example_branch_python_dop_operator_3.py
[2023-08-15T19:17:04.741-0300] {processor.py:826} INFO - Processing file /home/alan/repos/pipeline_airflow/pipeline-airflow-venv/lib/python3.11/site-packages/airflow/example_dags/example_branch_python_dop_operator_3.py for tasks to queue
[2023-08-15T19:17:04.743-0300] {logging_mixin.py:150} INFO - [2023-08-15T19:17:04.742-0300] {dagbag.py:541} INFO - Filling up the DagBag from /home/alan/repos/pipeline_airflow/pipeline-airflow-venv/lib/python3.11/site-packages/airflow/example_dags/example_branch_python_dop_operator_3.py
[2023-08-15T19:17:04.761-0300] {processor.py:836} INFO - DAG(s) dict_keys(['example_branch_dop_operator_v3']) retrieved from /home/alan/repos/pipeline_airflow/pipeline-airflow-venv/lib/python3.11/site-packages/airflow/example_dags/example_branch_python_dop_operator_3.py
[2023-08-15T19:17:04.792-0300] {logging_mixin.py:150} INFO - [2023-08-15T19:17:04.792-0300] {dag.py:2742} INFO - Sync 1 DAGs
[2023-08-15T19:17:04.841-0300] {logging_mixin.py:150} INFO - [2023-08-15T19:17:04.840-0300] {dag.py:3504} INFO - Setting next_dagrun for example_branch_dop_operator_v3 to 2023-08-15T22:16:00+00:00, run_after=2023-08-15T22:17:00+00:00
[2023-08-15T19:17:04.968-0300] {processor.py:179} INFO - Processing /home/alan/repos/pipeline_airflow/pipeline-airflow-venv/lib/python3.11/site-packages/airflow/example_dags/example_branch_python_dop_operator_3.py took 0.245 seconds
[2023-08-15T19:18:06.131-0300] {processor.py:157} INFO - Started process (PID=30810) to work on /home/alan/repos/pipeline_airflow/pipeline-airflow-venv/lib/python3.11/site-packages/airflow/example_dags/example_branch_python_dop_operator_3.py
[2023-08-15T19:18:06.133-0300] {processor.py:826} INFO - Processing file /home/alan/repos/pipeline_airflow/pipeline-airflow-venv/lib/python3.11/site-packages/airflow/example_dags/example_branch_python_dop_operator_3.py for tasks to queue
[2023-08-15T19:18:06.135-0300] {logging_mixin.py:150} INFO - [2023-08-15T19:18:06.134-0300] {dagbag.py:541} INFO - Filling up the DagBag from /home/alan/repos/pipeline_airflow/pipeline-airflow-venv/lib/python3.11/site-packages/airflow/example_dags/example_branch_python_dop_operator_3.py
[2023-08-15T19:18:06.153-0300] {processor.py:836} INFO - DAG(s) dict_keys(['example_branch_dop_operator_v3']) retrieved from /home/alan/repos/pipeline_airflow/pipeline-airflow-venv/lib/python3.11/site-packages/airflow/example_dags/example_branch_python_dop_operator_3.py
[2023-08-15T19:18:06.183-0300] {logging_mixin.py:150} INFO - [2023-08-15T19:18:06.183-0300] {dag.py:2742} INFO - Sync 1 DAGs
[2023-08-15T19:18:06.228-0300] {logging_mixin.py:150} INFO - [2023-08-15T19:18:06.227-0300] {dag.py:3504} INFO - Setting next_dagrun for example_branch_dop_operator_v3 to 2023-08-15T22:17:00+00:00, run_after=2023-08-15T22:18:00+00:00
[2023-08-15T19:18:06.354-0300] {processor.py:179} INFO - Processing /home/alan/repos/pipeline_airflow/pipeline-airflow-venv/lib/python3.11/site-packages/airflow/example_dags/example_branch_python_dop_operator_3.py took 0.229 seconds
[2023-08-15T19:19:02.654-0300] {processor.py:157} INFO - Started process (PID=30957) to work on /home/alan/repos/pipeline_airflow/pipeline-airflow-venv/lib/python3.11/site-packages/airflow/example_dags/example_branch_python_dop_operator_3.py
[2023-08-15T19:19:02.656-0300] {processor.py:826} INFO - Processing file /home/alan/repos/pipeline_airflow/pipeline-airflow-venv/lib/python3.11/site-packages/airflow/example_dags/example_branch_python_dop_operator_3.py for tasks to queue
[2023-08-15T19:19:02.659-0300] {logging_mixin.py:150} INFO - [2023-08-15T19:19:02.658-0300] {dagbag.py:541} INFO - Filling up the DagBag from /home/alan/repos/pipeline_airflow/pipeline-airflow-venv/lib/python3.11/site-packages/airflow/example_dags/example_branch_python_dop_operator_3.py
[2023-08-15T19:19:02.676-0300] {processor.py:836} INFO - DAG(s) dict_keys(['example_branch_dop_operator_v3']) retrieved from /home/alan/repos/pipeline_airflow/pipeline-airflow-venv/lib/python3.11/site-packages/airflow/example_dags/example_branch_python_dop_operator_3.py
[2023-08-15T19:19:02.709-0300] {logging_mixin.py:150} INFO - [2023-08-15T19:19:02.708-0300] {dag.py:2742} INFO - Sync 1 DAGs
[2023-08-15T19:19:02.757-0300] {logging_mixin.py:150} INFO - [2023-08-15T19:19:02.757-0300] {dag.py:3504} INFO - Setting next_dagrun for example_branch_dop_operator_v3 to 2023-08-15T22:18:00+00:00, run_after=2023-08-15T22:19:00+00:00
[2023-08-15T19:19:02.894-0300] {processor.py:179} INFO - Processing /home/alan/repos/pipeline_airflow/pipeline-airflow-venv/lib/python3.11/site-packages/airflow/example_dags/example_branch_python_dop_operator_3.py took 0.246 seconds
[2023-08-15T19:19:58.732-0300] {processor.py:157} INFO - Started process (PID=31100) to work on /home/alan/repos/pipeline_airflow/pipeline-airflow-venv/lib/python3.11/site-packages/airflow/example_dags/example_branch_python_dop_operator_3.py
[2023-08-15T19:19:58.733-0300] {processor.py:826} INFO - Processing file /home/alan/repos/pipeline_airflow/pipeline-airflow-venv/lib/python3.11/site-packages/airflow/example_dags/example_branch_python_dop_operator_3.py for tasks to queue
[2023-08-15T19:19:58.735-0300] {logging_mixin.py:150} INFO - [2023-08-15T19:19:58.734-0300] {dagbag.py:541} INFO - Filling up the DagBag from /home/alan/repos/pipeline_airflow/pipeline-airflow-venv/lib/python3.11/site-packages/airflow/example_dags/example_branch_python_dop_operator_3.py
[2023-08-15T19:19:58.750-0300] {processor.py:836} INFO - DAG(s) dict_keys(['example_branch_dop_operator_v3']) retrieved from /home/alan/repos/pipeline_airflow/pipeline-airflow-venv/lib/python3.11/site-packages/airflow/example_dags/example_branch_python_dop_operator_3.py
[2023-08-15T19:19:58.779-0300] {logging_mixin.py:150} INFO - [2023-08-15T19:19:58.779-0300] {dag.py:2742} INFO - Sync 1 DAGs
[2023-08-15T19:19:58.824-0300] {logging_mixin.py:150} INFO - [2023-08-15T19:19:58.824-0300] {dag.py:3504} INFO - Setting next_dagrun for example_branch_dop_operator_v3 to 2023-08-15T22:18:00+00:00, run_after=2023-08-15T22:19:00+00:00
[2023-08-15T19:19:58.930-0300] {processor.py:179} INFO - Processing /home/alan/repos/pipeline_airflow/pipeline-airflow-venv/lib/python3.11/site-packages/airflow/example_dags/example_branch_python_dop_operator_3.py took 0.203 seconds
[2023-08-15T19:21:10.083-0300] {processor.py:157} INFO - Started process (PID=31447) to work on /home/alan/repos/pipeline_airflow/pipeline-airflow-venv/lib/python3.11/site-packages/airflow/example_dags/example_branch_python_dop_operator_3.py
[2023-08-15T19:21:10.085-0300] {processor.py:826} INFO - Processing file /home/alan/repos/pipeline_airflow/pipeline-airflow-venv/lib/python3.11/site-packages/airflow/example_dags/example_branch_python_dop_operator_3.py for tasks to queue
[2023-08-15T19:21:10.087-0300] {logging_mixin.py:150} INFO - [2023-08-15T19:21:10.086-0300] {dagbag.py:541} INFO - Filling up the DagBag from /home/alan/repos/pipeline_airflow/pipeline-airflow-venv/lib/python3.11/site-packages/airflow/example_dags/example_branch_python_dop_operator_3.py
[2023-08-15T19:21:10.103-0300] {processor.py:836} INFO - DAG(s) dict_keys(['example_branch_dop_operator_v3']) retrieved from /home/alan/repos/pipeline_airflow/pipeline-airflow-venv/lib/python3.11/site-packages/airflow/example_dags/example_branch_python_dop_operator_3.py
[2023-08-15T19:21:10.135-0300] {logging_mixin.py:150} INFO - [2023-08-15T19:21:10.135-0300] {dag.py:2742} INFO - Sync 1 DAGs
[2023-08-15T19:21:10.185-0300] {logging_mixin.py:150} INFO - [2023-08-15T19:21:10.185-0300] {dag.py:3504} INFO - Setting next_dagrun for example_branch_dop_operator_v3 to 2023-08-15T22:20:00+00:00, run_after=2023-08-15T22:21:00+00:00
[2023-08-15T19:21:10.311-0300] {processor.py:179} INFO - Processing /home/alan/repos/pipeline_airflow/pipeline-airflow-venv/lib/python3.11/site-packages/airflow/example_dags/example_branch_python_dop_operator_3.py took 0.236 seconds
