[2023-08-15T18:19:43.968-0300] {processor.py:157} INFO - Started process (PID=18301) to work on /home/alan/repos/pipeline_airflow/pipeline-airflow-venv/lib/python3.11/site-packages/airflow/example_dags/example_short_circuit_decorator.py
[2023-08-15T18:19:43.969-0300] {processor.py:826} INFO - Processing file /home/alan/repos/pipeline_airflow/pipeline-airflow-venv/lib/python3.11/site-packages/airflow/example_dags/example_short_circuit_decorator.py for tasks to queue
[2023-08-15T18:19:43.971-0300] {logging_mixin.py:150} INFO - [2023-08-15T18:19:43.970-0300] {dagbag.py:541} INFO - Filling up the DagBag from /home/alan/repos/pipeline_airflow/pipeline-airflow-venv/lib/python3.11/site-packages/airflow/example_dags/example_short_circuit_decorator.py
[2023-08-15T18:19:43.990-0300] {processor.py:836} INFO - DAG(s) dict_keys(['example_short_circuit_decorator']) retrieved from /home/alan/repos/pipeline_airflow/pipeline-airflow-venv/lib/python3.11/site-packages/airflow/example_dags/example_short_circuit_decorator.py
[2023-08-15T18:19:44.366-0300] {logging_mixin.py:150} INFO - [2023-08-15T18:19:44.365-0300] {manager.py:504} INFO - Created Permission View: can delete on DAG:example_short_circuit_decorator
[2023-08-15T18:19:44.466-0300] {logging_mixin.py:150} INFO - [2023-08-15T18:19:44.465-0300] {manager.py:504} INFO - Created Permission View: can edit on DAG:example_short_circuit_decorator
[2023-08-15T18:19:44.565-0300] {logging_mixin.py:150} INFO - [2023-08-15T18:19:44.565-0300] {manager.py:504} INFO - Created Permission View: can read on DAG:example_short_circuit_decorator
[2023-08-15T18:19:44.604-0300] {logging_mixin.py:150} INFO - [2023-08-15T18:19:44.603-0300] {dag.py:2742} INFO - Sync 1 DAGs
[2023-08-15T18:19:44.633-0300] {logging_mixin.py:150} INFO - [2023-08-15T18:19:44.633-0300] {dag.py:2763} INFO - Creating ORM DAG for example_short_circuit_decorator
[2023-08-15T18:19:44.651-0300] {logging_mixin.py:150} INFO - [2023-08-15T18:19:44.651-0300] {dag.py:3504} INFO - Setting next_dagrun for example_short_circuit_decorator to 2023-08-14T21:19:44.650952+00:00, run_after=2023-08-15T21:19:44.650952+00:00
[2023-08-15T18:19:44.812-0300] {processor.py:179} INFO - Processing /home/alan/repos/pipeline_airflow/pipeline-airflow-venv/lib/python3.11/site-packages/airflow/example_dags/example_short_circuit_decorator.py took 0.850 seconds
[2023-08-15T18:21:05.786-0300] {processor.py:157} INFO - Started process (PID=18834) to work on /home/alan/repos/pipeline_airflow/pipeline-airflow-venv/lib/python3.11/site-packages/airflow/example_dags/example_short_circuit_decorator.py
[2023-08-15T18:21:05.788-0300] {processor.py:826} INFO - Processing file /home/alan/repos/pipeline_airflow/pipeline-airflow-venv/lib/python3.11/site-packages/airflow/example_dags/example_short_circuit_decorator.py for tasks to queue
[2023-08-15T18:21:05.789-0300] {logging_mixin.py:150} INFO - [2023-08-15T18:21:05.789-0300] {dagbag.py:541} INFO - Filling up the DagBag from /home/alan/repos/pipeline_airflow/pipeline-airflow-venv/lib/python3.11/site-packages/airflow/example_dags/example_short_circuit_decorator.py
[2023-08-15T18:21:05.809-0300] {processor.py:836} INFO - DAG(s) dict_keys(['example_short_circuit_decorator']) retrieved from /home/alan/repos/pipeline_airflow/pipeline-airflow-venv/lib/python3.11/site-packages/airflow/example_dags/example_short_circuit_decorator.py
[2023-08-15T18:21:05.844-0300] {logging_mixin.py:150} INFO - [2023-08-15T18:21:05.844-0300] {dag.py:2742} INFO - Sync 1 DAGs
[2023-08-15T18:21:05.883-0300] {logging_mixin.py:150} INFO - [2023-08-15T18:21:05.883-0300] {dag.py:3504} INFO - Setting next_dagrun for example_short_circuit_decorator to 2023-08-14T21:21:05.883199+00:00, run_after=2023-08-15T21:21:05.883199+00:00
[2023-08-15T18:21:06.016-0300] {processor.py:179} INFO - Processing /home/alan/repos/pipeline_airflow/pipeline-airflow-venv/lib/python3.11/site-packages/airflow/example_dags/example_short_circuit_decorator.py took 0.235 seconds
[2023-08-15T18:22:01.079-0300] {processor.py:157} INFO - Started process (PID=19039) to work on /home/alan/repos/pipeline_airflow/pipeline-airflow-venv/lib/python3.11/site-packages/airflow/example_dags/example_short_circuit_decorator.py
[2023-08-15T18:22:01.081-0300] {processor.py:826} INFO - Processing file /home/alan/repos/pipeline_airflow/pipeline-airflow-venv/lib/python3.11/site-packages/airflow/example_dags/example_short_circuit_decorator.py for tasks to queue
[2023-08-15T18:22:01.082-0300] {logging_mixin.py:150} INFO - [2023-08-15T18:22:01.082-0300] {dagbag.py:541} INFO - Filling up the DagBag from /home/alan/repos/pipeline_airflow/pipeline-airflow-venv/lib/python3.11/site-packages/airflow/example_dags/example_short_circuit_decorator.py
[2023-08-15T18:22:01.101-0300] {processor.py:836} INFO - DAG(s) dict_keys(['example_short_circuit_decorator']) retrieved from /home/alan/repos/pipeline_airflow/pipeline-airflow-venv/lib/python3.11/site-packages/airflow/example_dags/example_short_circuit_decorator.py
[2023-08-15T18:22:01.133-0300] {logging_mixin.py:150} INFO - [2023-08-15T18:22:01.133-0300] {dag.py:2742} INFO - Sync 1 DAGs
[2023-08-15T18:22:01.168-0300] {logging_mixin.py:150} INFO - [2023-08-15T18:22:01.167-0300] {dag.py:3504} INFO - Setting next_dagrun for example_short_circuit_decorator to 2023-08-14T21:22:01.167507+00:00, run_after=2023-08-15T21:22:01.167507+00:00
[2023-08-15T18:22:01.286-0300] {processor.py:179} INFO - Processing /home/alan/repos/pipeline_airflow/pipeline-airflow-venv/lib/python3.11/site-packages/airflow/example_dags/example_short_circuit_decorator.py took 0.212 seconds
[2023-08-15T18:22:53.920-0300] {processor.py:157} INFO - Started process (PID=19223) to work on /home/alan/repos/pipeline_airflow/pipeline-airflow-venv/lib/python3.11/site-packages/airflow/example_dags/example_short_circuit_decorator.py
[2023-08-15T18:22:53.922-0300] {processor.py:826} INFO - Processing file /home/alan/repos/pipeline_airflow/pipeline-airflow-venv/lib/python3.11/site-packages/airflow/example_dags/example_short_circuit_decorator.py for tasks to queue
[2023-08-15T18:22:53.924-0300] {logging_mixin.py:150} INFO - [2023-08-15T18:22:53.923-0300] {dagbag.py:541} INFO - Filling up the DagBag from /home/alan/repos/pipeline_airflow/pipeline-airflow-venv/lib/python3.11/site-packages/airflow/example_dags/example_short_circuit_decorator.py
[2023-08-15T18:22:53.944-0300] {processor.py:836} INFO - DAG(s) dict_keys(['example_short_circuit_decorator']) retrieved from /home/alan/repos/pipeline_airflow/pipeline-airflow-venv/lib/python3.11/site-packages/airflow/example_dags/example_short_circuit_decorator.py
[2023-08-15T18:22:53.982-0300] {logging_mixin.py:150} INFO - [2023-08-15T18:22:53.982-0300] {dag.py:2742} INFO - Sync 1 DAGs
[2023-08-15T18:22:54.020-0300] {logging_mixin.py:150} INFO - [2023-08-15T18:22:54.020-0300] {dag.py:3504} INFO - Setting next_dagrun for example_short_circuit_decorator to 2023-08-14T21:22:54.020081+00:00, run_after=2023-08-15T21:22:54.020081+00:00
[2023-08-15T18:22:54.123-0300] {processor.py:179} INFO - Processing /home/alan/repos/pipeline_airflow/pipeline-airflow-venv/lib/python3.11/site-packages/airflow/example_dags/example_short_circuit_decorator.py took 0.210 seconds
[2023-08-15T18:23:53.856-0300] {processor.py:157} INFO - Started process (PID=19451) to work on /home/alan/repos/pipeline_airflow/pipeline-airflow-venv/lib/python3.11/site-packages/airflow/example_dags/example_short_circuit_decorator.py
[2023-08-15T18:23:53.861-0300] {processor.py:826} INFO - Processing file /home/alan/repos/pipeline_airflow/pipeline-airflow-venv/lib/python3.11/site-packages/airflow/example_dags/example_short_circuit_decorator.py for tasks to queue
[2023-08-15T18:23:53.862-0300] {logging_mixin.py:150} INFO - [2023-08-15T18:23:53.862-0300] {dagbag.py:541} INFO - Filling up the DagBag from /home/alan/repos/pipeline_airflow/pipeline-airflow-venv/lib/python3.11/site-packages/airflow/example_dags/example_short_circuit_decorator.py
[2023-08-15T18:23:53.881-0300] {processor.py:836} INFO - DAG(s) dict_keys(['example_short_circuit_decorator']) retrieved from /home/alan/repos/pipeline_airflow/pipeline-airflow-venv/lib/python3.11/site-packages/airflow/example_dags/example_short_circuit_decorator.py
[2023-08-15T18:23:53.936-0300] {logging_mixin.py:150} INFO - [2023-08-15T18:23:53.936-0300] {dag.py:2742} INFO - Sync 1 DAGs
[2023-08-15T18:23:54.260-0300] {logging_mixin.py:150} INFO - [2023-08-15T18:23:54.260-0300] {dag.py:3504} INFO - Setting next_dagrun for example_short_circuit_decorator to 2023-08-14T21:23:54.259824+00:00, run_after=2023-08-15T21:23:54.259824+00:00
[2023-08-15T18:23:54.427-0300] {processor.py:179} INFO - Processing /home/alan/repos/pipeline_airflow/pipeline-airflow-venv/lib/python3.11/site-packages/airflow/example_dags/example_short_circuit_decorator.py took 0.577 seconds
[2023-08-15T18:25:32.232-0300] {processor.py:157} INFO - Started process (PID=20103) to work on /home/alan/repos/pipeline_airflow/pipeline-airflow-venv/lib/python3.11/site-packages/airflow/example_dags/example_short_circuit_decorator.py
[2023-08-15T18:25:32.246-0300] {processor.py:826} INFO - Processing file /home/alan/repos/pipeline_airflow/pipeline-airflow-venv/lib/python3.11/site-packages/airflow/example_dags/example_short_circuit_decorator.py for tasks to queue
[2023-08-15T18:25:32.248-0300] {logging_mixin.py:150} INFO - [2023-08-15T18:25:32.247-0300] {dagbag.py:541} INFO - Filling up the DagBag from /home/alan/repos/pipeline_airflow/pipeline-airflow-venv/lib/python3.11/site-packages/airflow/example_dags/example_short_circuit_decorator.py
[2023-08-15T18:25:32.468-0300] {processor.py:836} INFO - DAG(s) dict_keys(['example_short_circuit_decorator']) retrieved from /home/alan/repos/pipeline_airflow/pipeline-airflow-venv/lib/python3.11/site-packages/airflow/example_dags/example_short_circuit_decorator.py
[2023-08-15T18:25:33.370-0300] {logging_mixin.py:150} INFO - [2023-08-15T18:25:33.370-0300] {dag.py:2742} INFO - Sync 1 DAGs
[2023-08-15T18:25:33.414-0300] {logging_mixin.py:150} INFO - [2023-08-15T18:25:33.413-0300] {dag.py:3504} INFO - Setting next_dagrun for example_short_circuit_decorator to 2023-08-14T21:25:33.413387+00:00, run_after=2023-08-15T21:25:33.413387+00:00
[2023-08-15T18:25:36.715-0300] {processor.py:179} INFO - Processing /home/alan/repos/pipeline_airflow/pipeline-airflow-venv/lib/python3.11/site-packages/airflow/example_dags/example_short_circuit_decorator.py took 4.488 seconds
[2023-08-15T18:26:38.299-0300] {processor.py:157} INFO - Started process (PID=20761) to work on /home/alan/repos/pipeline_airflow/pipeline-airflow-venv/lib/python3.11/site-packages/airflow/example_dags/example_short_circuit_decorator.py
[2023-08-15T18:26:38.301-0300] {processor.py:826} INFO - Processing file /home/alan/repos/pipeline_airflow/pipeline-airflow-venv/lib/python3.11/site-packages/airflow/example_dags/example_short_circuit_decorator.py for tasks to queue
[2023-08-15T18:26:38.303-0300] {logging_mixin.py:150} INFO - [2023-08-15T18:26:38.302-0300] {dagbag.py:541} INFO - Filling up the DagBag from /home/alan/repos/pipeline_airflow/pipeline-airflow-venv/lib/python3.11/site-packages/airflow/example_dags/example_short_circuit_decorator.py
[2023-08-15T18:26:38.324-0300] {processor.py:836} INFO - DAG(s) dict_keys(['example_short_circuit_decorator']) retrieved from /home/alan/repos/pipeline_airflow/pipeline-airflow-venv/lib/python3.11/site-packages/airflow/example_dags/example_short_circuit_decorator.py
[2023-08-15T18:26:38.365-0300] {logging_mixin.py:150} INFO - [2023-08-15T18:26:38.364-0300] {dag.py:2742} INFO - Sync 1 DAGs
[2023-08-15T18:26:38.400-0300] {logging_mixin.py:150} INFO - [2023-08-15T18:26:38.399-0300] {dag.py:3504} INFO - Setting next_dagrun for example_short_circuit_decorator to 2023-08-14T21:26:38.399520+00:00, run_after=2023-08-15T21:26:38.399520+00:00
[2023-08-15T18:26:38.532-0300] {processor.py:179} INFO - Processing /home/alan/repos/pipeline_airflow/pipeline-airflow-venv/lib/python3.11/site-packages/airflow/example_dags/example_short_circuit_decorator.py took 0.239 seconds
[2023-08-15T18:27:41.433-0300] {processor.py:157} INFO - Started process (PID=20991) to work on /home/alan/repos/pipeline_airflow/pipeline-airflow-venv/lib/python3.11/site-packages/airflow/example_dags/example_short_circuit_decorator.py
[2023-08-15T18:27:41.439-0300] {processor.py:826} INFO - Processing file /home/alan/repos/pipeline_airflow/pipeline-airflow-venv/lib/python3.11/site-packages/airflow/example_dags/example_short_circuit_decorator.py for tasks to queue
[2023-08-15T18:27:41.440-0300] {logging_mixin.py:150} INFO - [2023-08-15T18:27:41.440-0300] {dagbag.py:541} INFO - Filling up the DagBag from /home/alan/repos/pipeline_airflow/pipeline-airflow-venv/lib/python3.11/site-packages/airflow/example_dags/example_short_circuit_decorator.py
[2023-08-15T18:27:41.460-0300] {processor.py:836} INFO - DAG(s) dict_keys(['example_short_circuit_decorator']) retrieved from /home/alan/repos/pipeline_airflow/pipeline-airflow-venv/lib/python3.11/site-packages/airflow/example_dags/example_short_circuit_decorator.py
[2023-08-15T18:27:41.501-0300] {logging_mixin.py:150} INFO - [2023-08-15T18:27:41.500-0300] {dag.py:2742} INFO - Sync 1 DAGs
[2023-08-15T18:27:41.562-0300] {logging_mixin.py:150} INFO - [2023-08-15T18:27:41.562-0300] {dag.py:3504} INFO - Setting next_dagrun for example_short_circuit_decorator to 2023-08-14T21:27:41.561617+00:00, run_after=2023-08-15T21:27:41.561617+00:00
[2023-08-15T18:27:41.698-0300] {processor.py:179} INFO - Processing /home/alan/repos/pipeline_airflow/pipeline-airflow-venv/lib/python3.11/site-packages/airflow/example_dags/example_short_circuit_decorator.py took 0.270 seconds
[2023-08-15T18:28:40.304-0300] {processor.py:157} INFO - Started process (PID=21224) to work on /home/alan/repos/pipeline_airflow/pipeline-airflow-venv/lib/python3.11/site-packages/airflow/example_dags/example_short_circuit_decorator.py
[2023-08-15T18:28:40.306-0300] {processor.py:826} INFO - Processing file /home/alan/repos/pipeline_airflow/pipeline-airflow-venv/lib/python3.11/site-packages/airflow/example_dags/example_short_circuit_decorator.py for tasks to queue
[2023-08-15T18:28:40.308-0300] {logging_mixin.py:150} INFO - [2023-08-15T18:28:40.307-0300] {dagbag.py:541} INFO - Filling up the DagBag from /home/alan/repos/pipeline_airflow/pipeline-airflow-venv/lib/python3.11/site-packages/airflow/example_dags/example_short_circuit_decorator.py
[2023-08-15T18:28:40.333-0300] {processor.py:836} INFO - DAG(s) dict_keys(['example_short_circuit_decorator']) retrieved from /home/alan/repos/pipeline_airflow/pipeline-airflow-venv/lib/python3.11/site-packages/airflow/example_dags/example_short_circuit_decorator.py
[2023-08-15T18:28:40.372-0300] {logging_mixin.py:150} INFO - [2023-08-15T18:28:40.372-0300] {dag.py:2742} INFO - Sync 1 DAGs
[2023-08-15T18:28:40.415-0300] {logging_mixin.py:150} INFO - [2023-08-15T18:28:40.415-0300] {dag.py:3504} INFO - Setting next_dagrun for example_short_circuit_decorator to 2023-08-14T21:28:40.415085+00:00, run_after=2023-08-15T21:28:40.415085+00:00
[2023-08-15T18:28:40.538-0300] {processor.py:179} INFO - Processing /home/alan/repos/pipeline_airflow/pipeline-airflow-venv/lib/python3.11/site-packages/airflow/example_dags/example_short_circuit_decorator.py took 0.240 seconds
[2023-08-15T18:29:42.606-0300] {processor.py:157} INFO - Started process (PID=21454) to work on /home/alan/repos/pipeline_airflow/pipeline-airflow-venv/lib/python3.11/site-packages/airflow/example_dags/example_short_circuit_decorator.py
[2023-08-15T18:29:42.609-0300] {processor.py:826} INFO - Processing file /home/alan/repos/pipeline_airflow/pipeline-airflow-venv/lib/python3.11/site-packages/airflow/example_dags/example_short_circuit_decorator.py for tasks to queue
[2023-08-15T18:29:42.611-0300] {logging_mixin.py:150} INFO - [2023-08-15T18:29:42.610-0300] {dagbag.py:541} INFO - Filling up the DagBag from /home/alan/repos/pipeline_airflow/pipeline-airflow-venv/lib/python3.11/site-packages/airflow/example_dags/example_short_circuit_decorator.py
[2023-08-15T18:29:42.638-0300] {processor.py:836} INFO - DAG(s) dict_keys(['example_short_circuit_decorator']) retrieved from /home/alan/repos/pipeline_airflow/pipeline-airflow-venv/lib/python3.11/site-packages/airflow/example_dags/example_short_circuit_decorator.py
[2023-08-15T18:29:42.672-0300] {logging_mixin.py:150} INFO - [2023-08-15T18:29:42.672-0300] {dag.py:2742} INFO - Sync 1 DAGs
[2023-08-15T18:29:42.716-0300] {logging_mixin.py:150} INFO - [2023-08-15T18:29:42.716-0300] {dag.py:3504} INFO - Setting next_dagrun for example_short_circuit_decorator to 2023-08-14T21:29:42.715578+00:00, run_after=2023-08-15T21:29:42.715578+00:00
[2023-08-15T18:29:43.059-0300] {processor.py:179} INFO - Processing /home/alan/repos/pipeline_airflow/pipeline-airflow-venv/lib/python3.11/site-packages/airflow/example_dags/example_short_circuit_decorator.py took 0.458 seconds
[2023-08-15T18:30:39.159-0300] {processor.py:157} INFO - Started process (PID=21682) to work on /home/alan/repos/pipeline_airflow/pipeline-airflow-venv/lib/python3.11/site-packages/airflow/example_dags/example_short_circuit_decorator.py
[2023-08-15T18:30:39.160-0300] {processor.py:826} INFO - Processing file /home/alan/repos/pipeline_airflow/pipeline-airflow-venv/lib/python3.11/site-packages/airflow/example_dags/example_short_circuit_decorator.py for tasks to queue
[2023-08-15T18:30:39.162-0300] {logging_mixin.py:150} INFO - [2023-08-15T18:30:39.161-0300] {dagbag.py:541} INFO - Filling up the DagBag from /home/alan/repos/pipeline_airflow/pipeline-airflow-venv/lib/python3.11/site-packages/airflow/example_dags/example_short_circuit_decorator.py
[2023-08-15T18:30:39.182-0300] {processor.py:836} INFO - DAG(s) dict_keys(['example_short_circuit_decorator']) retrieved from /home/alan/repos/pipeline_airflow/pipeline-airflow-venv/lib/python3.11/site-packages/airflow/example_dags/example_short_circuit_decorator.py
[2023-08-15T18:30:39.214-0300] {logging_mixin.py:150} INFO - [2023-08-15T18:30:39.213-0300] {dag.py:2742} INFO - Sync 1 DAGs
[2023-08-15T18:30:39.248-0300] {logging_mixin.py:150} INFO - [2023-08-15T18:30:39.247-0300] {dag.py:3504} INFO - Setting next_dagrun for example_short_circuit_decorator to 2023-08-14T21:30:39.247573+00:00, run_after=2023-08-15T21:30:39.247573+00:00
[2023-08-15T18:30:39.370-0300] {processor.py:179} INFO - Processing /home/alan/repos/pipeline_airflow/pipeline-airflow-venv/lib/python3.11/site-packages/airflow/example_dags/example_short_circuit_decorator.py took 0.217 seconds
[2023-08-15T18:31:35.434-0300] {processor.py:157} INFO - Started process (PID=21871) to work on /home/alan/repos/pipeline_airflow/pipeline-airflow-venv/lib/python3.11/site-packages/airflow/example_dags/example_short_circuit_decorator.py
[2023-08-15T18:31:35.440-0300] {processor.py:826} INFO - Processing file /home/alan/repos/pipeline_airflow/pipeline-airflow-venv/lib/python3.11/site-packages/airflow/example_dags/example_short_circuit_decorator.py for tasks to queue
[2023-08-15T18:31:35.442-0300] {logging_mixin.py:150} INFO - [2023-08-15T18:31:35.441-0300] {dagbag.py:541} INFO - Filling up the DagBag from /home/alan/repos/pipeline_airflow/pipeline-airflow-venv/lib/python3.11/site-packages/airflow/example_dags/example_short_circuit_decorator.py
[2023-08-15T18:31:35.478-0300] {processor.py:836} INFO - DAG(s) dict_keys(['example_short_circuit_decorator']) retrieved from /home/alan/repos/pipeline_airflow/pipeline-airflow-venv/lib/python3.11/site-packages/airflow/example_dags/example_short_circuit_decorator.py
[2023-08-15T18:31:35.550-0300] {logging_mixin.py:150} INFO - [2023-08-15T18:31:35.550-0300] {dag.py:2742} INFO - Sync 1 DAGs
[2023-08-15T18:31:35.615-0300] {logging_mixin.py:150} INFO - [2023-08-15T18:31:35.615-0300] {dag.py:3504} INFO - Setting next_dagrun for example_short_circuit_decorator to 2023-08-14T21:31:35.615067+00:00, run_after=2023-08-15T21:31:35.615067+00:00
[2023-08-15T18:31:35.782-0300] {processor.py:179} INFO - Processing /home/alan/repos/pipeline_airflow/pipeline-airflow-venv/lib/python3.11/site-packages/airflow/example_dags/example_short_circuit_decorator.py took 0.357 seconds
[2023-08-15T18:32:31.397-0300] {processor.py:157} INFO - Started process (PID=22091) to work on /home/alan/repos/pipeline_airflow/pipeline-airflow-venv/lib/python3.11/site-packages/airflow/example_dags/example_short_circuit_decorator.py
[2023-08-15T18:32:31.399-0300] {processor.py:826} INFO - Processing file /home/alan/repos/pipeline_airflow/pipeline-airflow-venv/lib/python3.11/site-packages/airflow/example_dags/example_short_circuit_decorator.py for tasks to queue
[2023-08-15T18:32:31.404-0300] {logging_mixin.py:150} INFO - [2023-08-15T18:32:31.403-0300] {dagbag.py:541} INFO - Filling up the DagBag from /home/alan/repos/pipeline_airflow/pipeline-airflow-venv/lib/python3.11/site-packages/airflow/example_dags/example_short_circuit_decorator.py
[2023-08-15T18:32:31.422-0300] {processor.py:836} INFO - DAG(s) dict_keys(['example_short_circuit_decorator']) retrieved from /home/alan/repos/pipeline_airflow/pipeline-airflow-venv/lib/python3.11/site-packages/airflow/example_dags/example_short_circuit_decorator.py
[2023-08-15T18:32:31.470-0300] {logging_mixin.py:150} INFO - [2023-08-15T18:32:31.470-0300] {dag.py:2742} INFO - Sync 1 DAGs
[2023-08-15T18:32:31.526-0300] {logging_mixin.py:150} INFO - [2023-08-15T18:32:31.525-0300] {dag.py:3504} INFO - Setting next_dagrun for example_short_circuit_decorator to 2023-08-14T21:32:31.525382+00:00, run_after=2023-08-15T21:32:31.525382+00:00
[2023-08-15T18:32:31.652-0300] {processor.py:179} INFO - Processing /home/alan/repos/pipeline_airflow/pipeline-airflow-venv/lib/python3.11/site-packages/airflow/example_dags/example_short_circuit_decorator.py took 0.261 seconds
[2023-08-15T18:33:28.084-0300] {processor.py:157} INFO - Started process (PID=22310) to work on /home/alan/repos/pipeline_airflow/pipeline-airflow-venv/lib/python3.11/site-packages/airflow/example_dags/example_short_circuit_decorator.py
[2023-08-15T18:33:28.086-0300] {processor.py:826} INFO - Processing file /home/alan/repos/pipeline_airflow/pipeline-airflow-venv/lib/python3.11/site-packages/airflow/example_dags/example_short_circuit_decorator.py for tasks to queue
[2023-08-15T18:33:28.087-0300] {logging_mixin.py:150} INFO - [2023-08-15T18:33:28.087-0300] {dagbag.py:541} INFO - Filling up the DagBag from /home/alan/repos/pipeline_airflow/pipeline-airflow-venv/lib/python3.11/site-packages/airflow/example_dags/example_short_circuit_decorator.py
[2023-08-15T18:33:28.106-0300] {processor.py:836} INFO - DAG(s) dict_keys(['example_short_circuit_decorator']) retrieved from /home/alan/repos/pipeline_airflow/pipeline-airflow-venv/lib/python3.11/site-packages/airflow/example_dags/example_short_circuit_decorator.py
[2023-08-15T18:33:28.141-0300] {logging_mixin.py:150} INFO - [2023-08-15T18:33:28.140-0300] {dag.py:2742} INFO - Sync 1 DAGs
[2023-08-15T18:33:28.178-0300] {logging_mixin.py:150} INFO - [2023-08-15T18:33:28.178-0300] {dag.py:3504} INFO - Setting next_dagrun for example_short_circuit_decorator to 2023-08-14T21:33:28.177939+00:00, run_after=2023-08-15T21:33:28.177939+00:00
[2023-08-15T18:33:28.299-0300] {processor.py:179} INFO - Processing /home/alan/repos/pipeline_airflow/pipeline-airflow-venv/lib/python3.11/site-packages/airflow/example_dags/example_short_circuit_decorator.py took 0.221 seconds
[2023-08-15T18:34:25.351-0300] {processor.py:157} INFO - Started process (PID=22509) to work on /home/alan/repos/pipeline_airflow/pipeline-airflow-venv/lib/python3.11/site-packages/airflow/example_dags/example_short_circuit_decorator.py
[2023-08-15T18:34:25.353-0300] {processor.py:826} INFO - Processing file /home/alan/repos/pipeline_airflow/pipeline-airflow-venv/lib/python3.11/site-packages/airflow/example_dags/example_short_circuit_decorator.py for tasks to queue
[2023-08-15T18:34:25.354-0300] {logging_mixin.py:150} INFO - [2023-08-15T18:34:25.354-0300] {dagbag.py:541} INFO - Filling up the DagBag from /home/alan/repos/pipeline_airflow/pipeline-airflow-venv/lib/python3.11/site-packages/airflow/example_dags/example_short_circuit_decorator.py
[2023-08-15T18:34:25.373-0300] {processor.py:836} INFO - DAG(s) dict_keys(['example_short_circuit_decorator']) retrieved from /home/alan/repos/pipeline_airflow/pipeline-airflow-venv/lib/python3.11/site-packages/airflow/example_dags/example_short_circuit_decorator.py
[2023-08-15T18:34:25.405-0300] {logging_mixin.py:150} INFO - [2023-08-15T18:34:25.404-0300] {dag.py:2742} INFO - Sync 1 DAGs
[2023-08-15T18:34:25.439-0300] {logging_mixin.py:150} INFO - [2023-08-15T18:34:25.439-0300] {dag.py:3504} INFO - Setting next_dagrun for example_short_circuit_decorator to 2023-08-14T21:34:25.438678+00:00, run_after=2023-08-15T21:34:25.438678+00:00
[2023-08-15T18:34:25.538-0300] {processor.py:179} INFO - Processing /home/alan/repos/pipeline_airflow/pipeline-airflow-venv/lib/python3.11/site-packages/airflow/example_dags/example_short_circuit_decorator.py took 0.192 seconds
[2023-08-15T18:35:18.312-0300] {processor.py:157} INFO - Started process (PID=22698) to work on /home/alan/repos/pipeline_airflow/pipeline-airflow-venv/lib/python3.11/site-packages/airflow/example_dags/example_short_circuit_decorator.py
[2023-08-15T18:35:18.326-0300] {processor.py:826} INFO - Processing file /home/alan/repos/pipeline_airflow/pipeline-airflow-venv/lib/python3.11/site-packages/airflow/example_dags/example_short_circuit_decorator.py for tasks to queue
[2023-08-15T18:35:18.328-0300] {logging_mixin.py:150} INFO - [2023-08-15T18:35:18.326-0300] {dagbag.py:541} INFO - Filling up the DagBag from /home/alan/repos/pipeline_airflow/pipeline-airflow-venv/lib/python3.11/site-packages/airflow/example_dags/example_short_circuit_decorator.py
[2023-08-15T18:35:18.381-0300] {processor.py:836} INFO - DAG(s) dict_keys(['example_short_circuit_decorator']) retrieved from /home/alan/repos/pipeline_airflow/pipeline-airflow-venv/lib/python3.11/site-packages/airflow/example_dags/example_short_circuit_decorator.py
[2023-08-15T18:35:18.440-0300] {logging_mixin.py:150} INFO - [2023-08-15T18:35:18.439-0300] {dag.py:2742} INFO - Sync 1 DAGs
[2023-08-15T18:35:18.492-0300] {logging_mixin.py:150} INFO - [2023-08-15T18:35:18.491-0300] {dag.py:3504} INFO - Setting next_dagrun for example_short_circuit_decorator to 2023-08-14T21:35:18.491326+00:00, run_after=2023-08-15T21:35:18.491326+00:00
[2023-08-15T18:35:18.609-0300] {processor.py:179} INFO - Processing /home/alan/repos/pipeline_airflow/pipeline-airflow-venv/lib/python3.11/site-packages/airflow/example_dags/example_short_circuit_decorator.py took 0.302 seconds
[2023-08-15T18:36:15.199-0300] {processor.py:157} INFO - Started process (PID=22902) to work on /home/alan/repos/pipeline_airflow/pipeline-airflow-venv/lib/python3.11/site-packages/airflow/example_dags/example_short_circuit_decorator.py
[2023-08-15T18:36:15.203-0300] {processor.py:826} INFO - Processing file /home/alan/repos/pipeline_airflow/pipeline-airflow-venv/lib/python3.11/site-packages/airflow/example_dags/example_short_circuit_decorator.py for tasks to queue
[2023-08-15T18:36:15.205-0300] {logging_mixin.py:150} INFO - [2023-08-15T18:36:15.205-0300] {dagbag.py:541} INFO - Filling up the DagBag from /home/alan/repos/pipeline_airflow/pipeline-airflow-venv/lib/python3.11/site-packages/airflow/example_dags/example_short_circuit_decorator.py
[2023-08-15T18:36:15.225-0300] {processor.py:836} INFO - DAG(s) dict_keys(['example_short_circuit_decorator']) retrieved from /home/alan/repos/pipeline_airflow/pipeline-airflow-venv/lib/python3.11/site-packages/airflow/example_dags/example_short_circuit_decorator.py
[2023-08-15T18:36:15.264-0300] {logging_mixin.py:150} INFO - [2023-08-15T18:36:15.264-0300] {dag.py:2742} INFO - Sync 1 DAGs
[2023-08-15T18:36:15.306-0300] {logging_mixin.py:150} INFO - [2023-08-15T18:36:15.306-0300] {dag.py:3504} INFO - Setting next_dagrun for example_short_circuit_decorator to 2023-08-14T21:36:15.305739+00:00, run_after=2023-08-15T21:36:15.305739+00:00
[2023-08-15T18:36:15.459-0300] {processor.py:179} INFO - Processing /home/alan/repos/pipeline_airflow/pipeline-airflow-venv/lib/python3.11/site-packages/airflow/example_dags/example_short_circuit_decorator.py took 0.268 seconds
[2023-08-15T18:37:14.510-0300] {processor.py:157} INFO - Started process (PID=23127) to work on /home/alan/repos/pipeline_airflow/pipeline-airflow-venv/lib/python3.11/site-packages/airflow/example_dags/example_short_circuit_decorator.py
[2023-08-15T18:37:14.527-0300] {processor.py:826} INFO - Processing file /home/alan/repos/pipeline_airflow/pipeline-airflow-venv/lib/python3.11/site-packages/airflow/example_dags/example_short_circuit_decorator.py for tasks to queue
[2023-08-15T18:37:14.529-0300] {logging_mixin.py:150} INFO - [2023-08-15T18:37:14.528-0300] {dagbag.py:541} INFO - Filling up the DagBag from /home/alan/repos/pipeline_airflow/pipeline-airflow-venv/lib/python3.11/site-packages/airflow/example_dags/example_short_circuit_decorator.py
[2023-08-15T18:37:14.552-0300] {processor.py:836} INFO - DAG(s) dict_keys(['example_short_circuit_decorator']) retrieved from /home/alan/repos/pipeline_airflow/pipeline-airflow-venv/lib/python3.11/site-packages/airflow/example_dags/example_short_circuit_decorator.py
[2023-08-15T18:37:14.587-0300] {logging_mixin.py:150} INFO - [2023-08-15T18:37:14.587-0300] {dag.py:2742} INFO - Sync 1 DAGs
[2023-08-15T18:37:14.623-0300] {logging_mixin.py:150} INFO - [2023-08-15T18:37:14.623-0300] {dag.py:3504} INFO - Setting next_dagrun for example_short_circuit_decorator to 2023-08-14T21:37:14.622712+00:00, run_after=2023-08-15T21:37:14.622712+00:00
[2023-08-15T18:37:14.860-0300] {processor.py:179} INFO - Processing /home/alan/repos/pipeline_airflow/pipeline-airflow-venv/lib/python3.11/site-packages/airflow/example_dags/example_short_circuit_decorator.py took 0.356 seconds
[2023-08-15T18:44:28.369-0300] {processor.py:157} INFO - Started process (PID=23782) to work on /home/alan/repos/pipeline_airflow/pipeline-airflow-venv/lib/python3.11/site-packages/airflow/example_dags/example_short_circuit_decorator.py
[2023-08-15T18:44:28.384-0300] {processor.py:826} INFO - Processing file /home/alan/repos/pipeline_airflow/pipeline-airflow-venv/lib/python3.11/site-packages/airflow/example_dags/example_short_circuit_decorator.py for tasks to queue
[2023-08-15T18:44:28.385-0300] {logging_mixin.py:150} INFO - [2023-08-15T18:44:28.385-0300] {dagbag.py:541} INFO - Filling up the DagBag from /home/alan/repos/pipeline_airflow/pipeline-airflow-venv/lib/python3.11/site-packages/airflow/example_dags/example_short_circuit_decorator.py
[2023-08-15T18:44:28.412-0300] {processor.py:836} INFO - DAG(s) dict_keys(['example_short_circuit_decorator']) retrieved from /home/alan/repos/pipeline_airflow/pipeline-airflow-venv/lib/python3.11/site-packages/airflow/example_dags/example_short_circuit_decorator.py
[2023-08-15T18:44:28.470-0300] {logging_mixin.py:150} INFO - [2023-08-15T18:44:28.469-0300] {dag.py:2742} INFO - Sync 1 DAGs
[2023-08-15T18:44:28.513-0300] {logging_mixin.py:150} INFO - [2023-08-15T18:44:28.512-0300] {dag.py:3504} INFO - Setting next_dagrun for example_short_circuit_decorator to 2023-08-14T21:44:28.512547+00:00, run_after=2023-08-15T21:44:28.512547+00:00
[2023-08-15T18:44:28.728-0300] {processor.py:179} INFO - Processing /home/alan/repos/pipeline_airflow/pipeline-airflow-venv/lib/python3.11/site-packages/airflow/example_dags/example_short_circuit_decorator.py took 0.365 seconds
[2023-08-15T18:45:45.895-0300] {processor.py:157} INFO - Started process (PID=24152) to work on /home/alan/repos/pipeline_airflow/pipeline-airflow-venv/lib/python3.11/site-packages/airflow/example_dags/example_short_circuit_decorator.py
[2023-08-15T18:45:45.907-0300] {processor.py:826} INFO - Processing file /home/alan/repos/pipeline_airflow/pipeline-airflow-venv/lib/python3.11/site-packages/airflow/example_dags/example_short_circuit_decorator.py for tasks to queue
[2023-08-15T18:45:45.908-0300] {logging_mixin.py:150} INFO - [2023-08-15T18:45:45.908-0300] {dagbag.py:541} INFO - Filling up the DagBag from /home/alan/repos/pipeline_airflow/pipeline-airflow-venv/lib/python3.11/site-packages/airflow/example_dags/example_short_circuit_decorator.py
[2023-08-15T18:45:45.926-0300] {processor.py:836} INFO - DAG(s) dict_keys(['example_short_circuit_decorator']) retrieved from /home/alan/repos/pipeline_airflow/pipeline-airflow-venv/lib/python3.11/site-packages/airflow/example_dags/example_short_circuit_decorator.py
[2023-08-15T18:45:45.959-0300] {logging_mixin.py:150} INFO - [2023-08-15T18:45:45.959-0300] {dag.py:2742} INFO - Sync 1 DAGs
[2023-08-15T18:45:45.995-0300] {logging_mixin.py:150} INFO - [2023-08-15T18:45:45.994-0300] {dag.py:3504} INFO - Setting next_dagrun for example_short_circuit_decorator to 2023-08-14T21:45:45.994385+00:00, run_after=2023-08-15T21:45:45.994385+00:00
[2023-08-15T18:45:46.114-0300] {processor.py:179} INFO - Processing /home/alan/repos/pipeline_airflow/pipeline-airflow-venv/lib/python3.11/site-packages/airflow/example_dags/example_short_circuit_decorator.py took 0.224 seconds
[2023-08-15T18:46:53.506-0300] {processor.py:157} INFO - Started process (PID=24382) to work on /home/alan/repos/pipeline_airflow/pipeline-airflow-venv/lib/python3.11/site-packages/airflow/example_dags/example_short_circuit_decorator.py
[2023-08-15T18:46:53.523-0300] {processor.py:826} INFO - Processing file /home/alan/repos/pipeline_airflow/pipeline-airflow-venv/lib/python3.11/site-packages/airflow/example_dags/example_short_circuit_decorator.py for tasks to queue
[2023-08-15T18:46:53.525-0300] {logging_mixin.py:150} INFO - [2023-08-15T18:46:53.524-0300] {dagbag.py:541} INFO - Filling up the DagBag from /home/alan/repos/pipeline_airflow/pipeline-airflow-venv/lib/python3.11/site-packages/airflow/example_dags/example_short_circuit_decorator.py
[2023-08-15T18:46:53.550-0300] {processor.py:836} INFO - DAG(s) dict_keys(['example_short_circuit_decorator']) retrieved from /home/alan/repos/pipeline_airflow/pipeline-airflow-venv/lib/python3.11/site-packages/airflow/example_dags/example_short_circuit_decorator.py
[2023-08-15T18:46:53.587-0300] {logging_mixin.py:150} INFO - [2023-08-15T18:46:53.586-0300] {dag.py:2742} INFO - Sync 1 DAGs
[2023-08-15T18:46:53.621-0300] {logging_mixin.py:150} INFO - [2023-08-15T18:46:53.621-0300] {dag.py:3504} INFO - Setting next_dagrun for example_short_circuit_decorator to 2023-08-14T21:46:53.621264+00:00, run_after=2023-08-15T21:46:53.621264+00:00
[2023-08-15T18:46:53.732-0300] {processor.py:179} INFO - Processing /home/alan/repos/pipeline_airflow/pipeline-airflow-venv/lib/python3.11/site-packages/airflow/example_dags/example_short_circuit_decorator.py took 0.232 seconds
[2023-08-15T18:47:56.140-0300] {processor.py:157} INFO - Started process (PID=24610) to work on /home/alan/repos/pipeline_airflow/pipeline-airflow-venv/lib/python3.11/site-packages/airflow/example_dags/example_short_circuit_decorator.py
[2023-08-15T18:47:56.142-0300] {processor.py:826} INFO - Processing file /home/alan/repos/pipeline_airflow/pipeline-airflow-venv/lib/python3.11/site-packages/airflow/example_dags/example_short_circuit_decorator.py for tasks to queue
[2023-08-15T18:47:56.149-0300] {logging_mixin.py:150} INFO - [2023-08-15T18:47:56.148-0300] {dagbag.py:541} INFO - Filling up the DagBag from /home/alan/repos/pipeline_airflow/pipeline-airflow-venv/lib/python3.11/site-packages/airflow/example_dags/example_short_circuit_decorator.py
[2023-08-15T18:47:56.173-0300] {processor.py:836} INFO - DAG(s) dict_keys(['example_short_circuit_decorator']) retrieved from /home/alan/repos/pipeline_airflow/pipeline-airflow-venv/lib/python3.11/site-packages/airflow/example_dags/example_short_circuit_decorator.py
[2023-08-15T18:47:56.235-0300] {logging_mixin.py:150} INFO - [2023-08-15T18:47:56.234-0300] {dag.py:2742} INFO - Sync 1 DAGs
[2023-08-15T18:47:56.305-0300] {logging_mixin.py:150} INFO - [2023-08-15T18:47:56.305-0300] {dag.py:3504} INFO - Setting next_dagrun for example_short_circuit_decorator to 2023-08-14T21:47:56.304632+00:00, run_after=2023-08-15T21:47:56.304632+00:00
[2023-08-15T18:47:56.447-0300] {processor.py:179} INFO - Processing /home/alan/repos/pipeline_airflow/pipeline-airflow-venv/lib/python3.11/site-packages/airflow/example_dags/example_short_circuit_decorator.py took 0.318 seconds
[2023-08-15T18:49:04.845-0300] {processor.py:157} INFO - Started process (PID=24830) to work on /home/alan/repos/pipeline_airflow/pipeline-airflow-venv/lib/python3.11/site-packages/airflow/example_dags/example_short_circuit_decorator.py
[2023-08-15T18:49:04.846-0300] {processor.py:826} INFO - Processing file /home/alan/repos/pipeline_airflow/pipeline-airflow-venv/lib/python3.11/site-packages/airflow/example_dags/example_short_circuit_decorator.py for tasks to queue
[2023-08-15T18:49:04.848-0300] {logging_mixin.py:150} INFO - [2023-08-15T18:49:04.847-0300] {dagbag.py:541} INFO - Filling up the DagBag from /home/alan/repos/pipeline_airflow/pipeline-airflow-venv/lib/python3.11/site-packages/airflow/example_dags/example_short_circuit_decorator.py
[2023-08-15T18:49:04.867-0300] {processor.py:836} INFO - DAG(s) dict_keys(['example_short_circuit_decorator']) retrieved from /home/alan/repos/pipeline_airflow/pipeline-airflow-venv/lib/python3.11/site-packages/airflow/example_dags/example_short_circuit_decorator.py
[2023-08-15T18:49:05.114-0300] {logging_mixin.py:150} INFO - [2023-08-15T18:49:05.114-0300] {dag.py:2742} INFO - Sync 1 DAGs
[2023-08-15T18:49:05.167-0300] {logging_mixin.py:150} INFO - [2023-08-15T18:49:05.167-0300] {dag.py:3504} INFO - Setting next_dagrun for example_short_circuit_decorator to 2023-08-14T21:49:05.166761+00:00, run_after=2023-08-15T21:49:05.166761+00:00
[2023-08-15T18:49:05.300-0300] {processor.py:179} INFO - Processing /home/alan/repos/pipeline_airflow/pipeline-airflow-venv/lib/python3.11/site-packages/airflow/example_dags/example_short_circuit_decorator.py took 0.461 seconds
[2023-08-15T18:50:07.470-0300] {processor.py:157} INFO - Started process (PID=25052) to work on /home/alan/repos/pipeline_airflow/pipeline-airflow-venv/lib/python3.11/site-packages/airflow/example_dags/example_short_circuit_decorator.py
[2023-08-15T18:50:07.479-0300] {processor.py:826} INFO - Processing file /home/alan/repos/pipeline_airflow/pipeline-airflow-venv/lib/python3.11/site-packages/airflow/example_dags/example_short_circuit_decorator.py for tasks to queue
[2023-08-15T18:50:07.481-0300] {logging_mixin.py:150} INFO - [2023-08-15T18:50:07.480-0300] {dagbag.py:541} INFO - Filling up the DagBag from /home/alan/repos/pipeline_airflow/pipeline-airflow-venv/lib/python3.11/site-packages/airflow/example_dags/example_short_circuit_decorator.py
[2023-08-15T18:50:07.511-0300] {processor.py:836} INFO - DAG(s) dict_keys(['example_short_circuit_decorator']) retrieved from /home/alan/repos/pipeline_airflow/pipeline-airflow-venv/lib/python3.11/site-packages/airflow/example_dags/example_short_circuit_decorator.py
[2023-08-15T18:50:07.547-0300] {logging_mixin.py:150} INFO - [2023-08-15T18:50:07.547-0300] {dag.py:2742} INFO - Sync 1 DAGs
[2023-08-15T18:50:07.595-0300] {logging_mixin.py:150} INFO - [2023-08-15T18:50:07.594-0300] {dag.py:3504} INFO - Setting next_dagrun for example_short_circuit_decorator to 2023-08-14T21:50:07.594299+00:00, run_after=2023-08-15T21:50:07.594299+00:00
[2023-08-15T18:50:07.756-0300] {processor.py:179} INFO - Processing /home/alan/repos/pipeline_airflow/pipeline-airflow-venv/lib/python3.11/site-packages/airflow/example_dags/example_short_circuit_decorator.py took 0.298 seconds
[2023-08-15T18:51:12.785-0300] {processor.py:157} INFO - Started process (PID=25337) to work on /home/alan/repos/pipeline_airflow/pipeline-airflow-venv/lib/python3.11/site-packages/airflow/example_dags/example_short_circuit_decorator.py
[2023-08-15T18:51:12.787-0300] {processor.py:826} INFO - Processing file /home/alan/repos/pipeline_airflow/pipeline-airflow-venv/lib/python3.11/site-packages/airflow/example_dags/example_short_circuit_decorator.py for tasks to queue
[2023-08-15T18:51:12.788-0300] {logging_mixin.py:150} INFO - [2023-08-15T18:51:12.787-0300] {dagbag.py:541} INFO - Filling up the DagBag from /home/alan/repos/pipeline_airflow/pipeline-airflow-venv/lib/python3.11/site-packages/airflow/example_dags/example_short_circuit_decorator.py
[2023-08-15T18:51:12.822-0300] {processor.py:836} INFO - DAG(s) dict_keys(['example_short_circuit_decorator']) retrieved from /home/alan/repos/pipeline_airflow/pipeline-airflow-venv/lib/python3.11/site-packages/airflow/example_dags/example_short_circuit_decorator.py
[2023-08-15T18:51:12.857-0300] {logging_mixin.py:150} INFO - [2023-08-15T18:51:12.857-0300] {dag.py:2742} INFO - Sync 1 DAGs
[2023-08-15T18:51:12.893-0300] {logging_mixin.py:150} INFO - [2023-08-15T18:51:12.892-0300] {dag.py:3504} INFO - Setting next_dagrun for example_short_circuit_decorator to 2023-08-14T21:51:12.892550+00:00, run_after=2023-08-15T21:51:12.892550+00:00
[2023-08-15T18:51:13.004-0300] {processor.py:179} INFO - Processing /home/alan/repos/pipeline_airflow/pipeline-airflow-venv/lib/python3.11/site-packages/airflow/example_dags/example_short_circuit_decorator.py took 0.229 seconds
[2023-08-15T18:52:23.879-0300] {processor.py:157} INFO - Started process (PID=25684) to work on /home/alan/repos/pipeline_airflow/pipeline-airflow-venv/lib/python3.11/site-packages/airflow/example_dags/example_short_circuit_decorator.py
[2023-08-15T18:52:23.898-0300] {processor.py:826} INFO - Processing file /home/alan/repos/pipeline_airflow/pipeline-airflow-venv/lib/python3.11/site-packages/airflow/example_dags/example_short_circuit_decorator.py for tasks to queue
[2023-08-15T18:52:23.900-0300] {logging_mixin.py:150} INFO - [2023-08-15T18:52:23.899-0300] {dagbag.py:541} INFO - Filling up the DagBag from /home/alan/repos/pipeline_airflow/pipeline-airflow-venv/lib/python3.11/site-packages/airflow/example_dags/example_short_circuit_decorator.py
[2023-08-15T18:52:23.918-0300] {processor.py:836} INFO - DAG(s) dict_keys(['example_short_circuit_decorator']) retrieved from /home/alan/repos/pipeline_airflow/pipeline-airflow-venv/lib/python3.11/site-packages/airflow/example_dags/example_short_circuit_decorator.py
[2023-08-15T18:52:23.958-0300] {logging_mixin.py:150} INFO - [2023-08-15T18:52:23.958-0300] {dag.py:2742} INFO - Sync 1 DAGs
[2023-08-15T18:52:23.999-0300] {logging_mixin.py:150} INFO - [2023-08-15T18:52:23.999-0300] {dag.py:3504} INFO - Setting next_dagrun for example_short_circuit_decorator to 2023-08-14T21:52:23.998705+00:00, run_after=2023-08-15T21:52:23.998705+00:00
[2023-08-15T18:52:24.123-0300] {processor.py:179} INFO - Processing /home/alan/repos/pipeline_airflow/pipeline-airflow-venv/lib/python3.11/site-packages/airflow/example_dags/example_short_circuit_decorator.py took 0.249 seconds
[2023-08-15T18:53:21.716-0300] {processor.py:157} INFO - Started process (PID=25928) to work on /home/alan/repos/pipeline_airflow/pipeline-airflow-venv/lib/python3.11/site-packages/airflow/example_dags/example_short_circuit_decorator.py
[2023-08-15T18:53:21.728-0300] {processor.py:826} INFO - Processing file /home/alan/repos/pipeline_airflow/pipeline-airflow-venv/lib/python3.11/site-packages/airflow/example_dags/example_short_circuit_decorator.py for tasks to queue
[2023-08-15T18:53:21.730-0300] {logging_mixin.py:150} INFO - [2023-08-15T18:53:21.729-0300] {dagbag.py:541} INFO - Filling up the DagBag from /home/alan/repos/pipeline_airflow/pipeline-airflow-venv/lib/python3.11/site-packages/airflow/example_dags/example_short_circuit_decorator.py
[2023-08-15T18:53:21.752-0300] {processor.py:836} INFO - DAG(s) dict_keys(['example_short_circuit_decorator']) retrieved from /home/alan/repos/pipeline_airflow/pipeline-airflow-venv/lib/python3.11/site-packages/airflow/example_dags/example_short_circuit_decorator.py
[2023-08-15T18:53:21.787-0300] {logging_mixin.py:150} INFO - [2023-08-15T18:53:21.786-0300] {dag.py:2742} INFO - Sync 1 DAGs
[2023-08-15T18:53:21.821-0300] {logging_mixin.py:150} INFO - [2023-08-15T18:53:21.820-0300] {dag.py:3504} INFO - Setting next_dagrun for example_short_circuit_decorator to 2023-08-14T21:53:21.820437+00:00, run_after=2023-08-15T21:53:21.820437+00:00
[2023-08-15T18:53:21.977-0300] {processor.py:179} INFO - Processing /home/alan/repos/pipeline_airflow/pipeline-airflow-venv/lib/python3.11/site-packages/airflow/example_dags/example_short_circuit_decorator.py took 0.268 seconds
[2023-08-15T18:54:16.607-0300] {processor.py:157} INFO - Started process (PID=26137) to work on /home/alan/repos/pipeline_airflow/pipeline-airflow-venv/lib/python3.11/site-packages/airflow/example_dags/example_short_circuit_decorator.py
[2023-08-15T18:54:16.624-0300] {processor.py:826} INFO - Processing file /home/alan/repos/pipeline_airflow/pipeline-airflow-venv/lib/python3.11/site-packages/airflow/example_dags/example_short_circuit_decorator.py for tasks to queue
[2023-08-15T18:54:16.626-0300] {logging_mixin.py:150} INFO - [2023-08-15T18:54:16.625-0300] {dagbag.py:541} INFO - Filling up the DagBag from /home/alan/repos/pipeline_airflow/pipeline-airflow-venv/lib/python3.11/site-packages/airflow/example_dags/example_short_circuit_decorator.py
[2023-08-15T18:54:16.648-0300] {processor.py:836} INFO - DAG(s) dict_keys(['example_short_circuit_decorator']) retrieved from /home/alan/repos/pipeline_airflow/pipeline-airflow-venv/lib/python3.11/site-packages/airflow/example_dags/example_short_circuit_decorator.py
[2023-08-15T18:54:16.683-0300] {logging_mixin.py:150} INFO - [2023-08-15T18:54:16.682-0300] {dag.py:2742} INFO - Sync 1 DAGs
[2023-08-15T18:54:16.718-0300] {logging_mixin.py:150} INFO - [2023-08-15T18:54:16.717-0300] {dag.py:3504} INFO - Setting next_dagrun for example_short_circuit_decorator to 2023-08-14T21:54:16.717411+00:00, run_after=2023-08-15T21:54:16.717411+00:00
[2023-08-15T18:54:16.838-0300] {processor.py:179} INFO - Processing /home/alan/repos/pipeline_airflow/pipeline-airflow-venv/lib/python3.11/site-packages/airflow/example_dags/example_short_circuit_decorator.py took 0.237 seconds
[2023-08-15T18:56:33.441-0300] {processor.py:157} INFO - Started process (PID=26859) to work on /home/alan/repos/pipeline_airflow/pipeline-airflow-venv/lib/python3.11/site-packages/airflow/example_dags/example_short_circuit_decorator.py
[2023-08-15T18:56:33.529-0300] {processor.py:826} INFO - Processing file /home/alan/repos/pipeline_airflow/pipeline-airflow-venv/lib/python3.11/site-packages/airflow/example_dags/example_short_circuit_decorator.py for tasks to queue
[2023-08-15T18:56:33.531-0300] {logging_mixin.py:150} INFO - [2023-08-15T18:56:33.530-0300] {dagbag.py:541} INFO - Filling up the DagBag from /home/alan/repos/pipeline_airflow/pipeline-airflow-venv/lib/python3.11/site-packages/airflow/example_dags/example_short_circuit_decorator.py
[2023-08-15T18:56:33.700-0300] {processor.py:836} INFO - DAG(s) dict_keys(['example_short_circuit_decorator']) retrieved from /home/alan/repos/pipeline_airflow/pipeline-airflow-venv/lib/python3.11/site-packages/airflow/example_dags/example_short_circuit_decorator.py
[2023-08-15T18:56:34.509-0300] {logging_mixin.py:150} INFO - [2023-08-15T18:56:34.509-0300] {dag.py:2742} INFO - Sync 1 DAGs
[2023-08-15T18:56:34.563-0300] {logging_mixin.py:150} INFO - [2023-08-15T18:56:34.562-0300] {dag.py:3504} INFO - Setting next_dagrun for example_short_circuit_decorator to 2023-08-14T21:56:34.562480+00:00, run_after=2023-08-15T21:56:34.562480+00:00
[2023-08-15T18:56:35.313-0300] {processor.py:179} INFO - Processing /home/alan/repos/pipeline_airflow/pipeline-airflow-venv/lib/python3.11/site-packages/airflow/example_dags/example_short_circuit_decorator.py took 1.878 seconds
[2023-08-15T18:58:30.789-0300] {processor.py:157} INFO - Started process (PID=27096) to work on /home/alan/repos/pipeline_airflow/pipeline-airflow-venv/lib/python3.11/site-packages/airflow/example_dags/example_short_circuit_decorator.py
[2023-08-15T18:58:30.848-0300] {processor.py:826} INFO - Processing file /home/alan/repos/pipeline_airflow/pipeline-airflow-venv/lib/python3.11/site-packages/airflow/example_dags/example_short_circuit_decorator.py for tasks to queue
[2023-08-15T18:58:30.850-0300] {logging_mixin.py:150} INFO - [2023-08-15T18:58:30.849-0300] {dagbag.py:541} INFO - Filling up the DagBag from /home/alan/repos/pipeline_airflow/pipeline-airflow-venv/lib/python3.11/site-packages/airflow/example_dags/example_short_circuit_decorator.py
[2023-08-15T18:58:30.921-0300] {processor.py:836} INFO - DAG(s) dict_keys(['example_short_circuit_decorator']) retrieved from /home/alan/repos/pipeline_airflow/pipeline-airflow-venv/lib/python3.11/site-packages/airflow/example_dags/example_short_circuit_decorator.py
[2023-08-15T18:58:31.003-0300] {logging_mixin.py:150} INFO - [2023-08-15T18:58:31.002-0300] {dag.py:2742} INFO - Sync 1 DAGs
[2023-08-15T18:58:31.046-0300] {logging_mixin.py:150} INFO - [2023-08-15T18:58:31.046-0300] {dag.py:3504} INFO - Setting next_dagrun for example_short_circuit_decorator to 2023-08-14T21:58:31.045975+00:00, run_after=2023-08-15T21:58:31.045975+00:00
[2023-08-15T18:58:31.825-0300] {processor.py:179} INFO - Processing /home/alan/repos/pipeline_airflow/pipeline-airflow-venv/lib/python3.11/site-packages/airflow/example_dags/example_short_circuit_decorator.py took 1.042 seconds
[2023-08-15T19:01:40.827-0300] {processor.py:157} INFO - Started process (PID=27582) to work on /home/alan/repos/pipeline_airflow/pipeline-airflow-venv/lib/python3.11/site-packages/airflow/example_dags/example_short_circuit_decorator.py
[2023-08-15T19:01:40.848-0300] {processor.py:826} INFO - Processing file /home/alan/repos/pipeline_airflow/pipeline-airflow-venv/lib/python3.11/site-packages/airflow/example_dags/example_short_circuit_decorator.py for tasks to queue
[2023-08-15T19:01:40.849-0300] {logging_mixin.py:150} INFO - [2023-08-15T19:01:40.849-0300] {dagbag.py:541} INFO - Filling up the DagBag from /home/alan/repos/pipeline_airflow/pipeline-airflow-venv/lib/python3.11/site-packages/airflow/example_dags/example_short_circuit_decorator.py
[2023-08-15T19:01:40.878-0300] {processor.py:836} INFO - DAG(s) dict_keys(['example_short_circuit_decorator']) retrieved from /home/alan/repos/pipeline_airflow/pipeline-airflow-venv/lib/python3.11/site-packages/airflow/example_dags/example_short_circuit_decorator.py
[2023-08-15T19:01:40.938-0300] {logging_mixin.py:150} INFO - [2023-08-15T19:01:40.938-0300] {dag.py:2742} INFO - Sync 1 DAGs
[2023-08-15T19:01:40.987-0300] {logging_mixin.py:150} INFO - [2023-08-15T19:01:40.987-0300] {dag.py:3504} INFO - Setting next_dagrun for example_short_circuit_decorator to 2023-08-14T22:01:40.986645+00:00, run_after=2023-08-15T22:01:40.986645+00:00
[2023-08-15T19:01:41.155-0300] {processor.py:179} INFO - Processing /home/alan/repos/pipeline_airflow/pipeline-airflow-venv/lib/python3.11/site-packages/airflow/example_dags/example_short_circuit_decorator.py took 0.333 seconds
[2023-08-15T19:03:02.272-0300] {processor.py:157} INFO - Started process (PID=27859) to work on /home/alan/repos/pipeline_airflow/pipeline-airflow-venv/lib/python3.11/site-packages/airflow/example_dags/example_short_circuit_decorator.py
[2023-08-15T19:03:02.311-0300] {processor.py:826} INFO - Processing file /home/alan/repos/pipeline_airflow/pipeline-airflow-venv/lib/python3.11/site-packages/airflow/example_dags/example_short_circuit_decorator.py for tasks to queue
[2023-08-15T19:03:02.313-0300] {logging_mixin.py:150} INFO - [2023-08-15T19:03:02.312-0300] {dagbag.py:541} INFO - Filling up the DagBag from /home/alan/repos/pipeline_airflow/pipeline-airflow-venv/lib/python3.11/site-packages/airflow/example_dags/example_short_circuit_decorator.py
[2023-08-15T19:03:02.331-0300] {processor.py:836} INFO - DAG(s) dict_keys(['example_short_circuit_decorator']) retrieved from /home/alan/repos/pipeline_airflow/pipeline-airflow-venv/lib/python3.11/site-packages/airflow/example_dags/example_short_circuit_decorator.py
[2023-08-15T19:03:02.369-0300] {logging_mixin.py:150} INFO - [2023-08-15T19:03:02.368-0300] {dag.py:2742} INFO - Sync 1 DAGs
[2023-08-15T19:03:02.406-0300] {logging_mixin.py:150} INFO - [2023-08-15T19:03:02.406-0300] {dag.py:3504} INFO - Setting next_dagrun for example_short_circuit_decorator to 2023-08-14T22:03:02.405638+00:00, run_after=2023-08-15T22:03:02.405638+00:00
[2023-08-15T19:03:02.944-0300] {processor.py:179} INFO - Processing /home/alan/repos/pipeline_airflow/pipeline-airflow-venv/lib/python3.11/site-packages/airflow/example_dags/example_short_circuit_decorator.py took 0.680 seconds
[2023-08-15T19:04:22.156-0300] {processor.py:157} INFO - Started process (PID=28290) to work on /home/alan/repos/pipeline_airflow/pipeline-airflow-venv/lib/python3.11/site-packages/airflow/example_dags/example_short_circuit_decorator.py
[2023-08-15T19:04:22.203-0300] {processor.py:826} INFO - Processing file /home/alan/repos/pipeline_airflow/pipeline-airflow-venv/lib/python3.11/site-packages/airflow/example_dags/example_short_circuit_decorator.py for tasks to queue
[2023-08-15T19:04:22.205-0300] {logging_mixin.py:150} INFO - [2023-08-15T19:04:22.204-0300] {dagbag.py:541} INFO - Filling up the DagBag from /home/alan/repos/pipeline_airflow/pipeline-airflow-venv/lib/python3.11/site-packages/airflow/example_dags/example_short_circuit_decorator.py
[2023-08-15T19:04:22.224-0300] {processor.py:836} INFO - DAG(s) dict_keys(['example_short_circuit_decorator']) retrieved from /home/alan/repos/pipeline_airflow/pipeline-airflow-venv/lib/python3.11/site-packages/airflow/example_dags/example_short_circuit_decorator.py
[2023-08-15T19:04:22.258-0300] {logging_mixin.py:150} INFO - [2023-08-15T19:04:22.257-0300] {dag.py:2742} INFO - Sync 1 DAGs
[2023-08-15T19:04:22.296-0300] {logging_mixin.py:150} INFO - [2023-08-15T19:04:22.295-0300] {dag.py:3504} INFO - Setting next_dagrun for example_short_circuit_decorator to 2023-08-14T22:04:22.295328+00:00, run_after=2023-08-15T22:04:22.295328+00:00
[2023-08-15T19:04:22.413-0300] {processor.py:179} INFO - Processing /home/alan/repos/pipeline_airflow/pipeline-airflow-venv/lib/python3.11/site-packages/airflow/example_dags/example_short_circuit_decorator.py took 0.262 seconds
[2023-08-15T19:05:44.980-0300] {processor.py:157} INFO - Started process (PID=28673) to work on /home/alan/repos/pipeline_airflow/pipeline-airflow-venv/lib/python3.11/site-packages/airflow/example_dags/example_short_circuit_decorator.py
[2023-08-15T19:05:44.991-0300] {processor.py:826} INFO - Processing file /home/alan/repos/pipeline_airflow/pipeline-airflow-venv/lib/python3.11/site-packages/airflow/example_dags/example_short_circuit_decorator.py for tasks to queue
[2023-08-15T19:05:44.993-0300] {logging_mixin.py:150} INFO - [2023-08-15T19:05:44.992-0300] {dagbag.py:541} INFO - Filling up the DagBag from /home/alan/repos/pipeline_airflow/pipeline-airflow-venv/lib/python3.11/site-packages/airflow/example_dags/example_short_circuit_decorator.py
[2023-08-15T19:05:45.011-0300] {processor.py:836} INFO - DAG(s) dict_keys(['example_short_circuit_decorator']) retrieved from /home/alan/repos/pipeline_airflow/pipeline-airflow-venv/lib/python3.11/site-packages/airflow/example_dags/example_short_circuit_decorator.py
[2023-08-15T19:05:45.044-0300] {logging_mixin.py:150} INFO - [2023-08-15T19:05:45.044-0300] {dag.py:2742} INFO - Sync 1 DAGs
[2023-08-15T19:05:45.082-0300] {logging_mixin.py:150} INFO - [2023-08-15T19:05:45.082-0300] {dag.py:3504} INFO - Setting next_dagrun for example_short_circuit_decorator to 2023-08-14T22:05:45.081669+00:00, run_after=2023-08-15T22:05:45.081669+00:00
[2023-08-15T19:05:45.212-0300] {processor.py:179} INFO - Processing /home/alan/repos/pipeline_airflow/pipeline-airflow-venv/lib/python3.11/site-packages/airflow/example_dags/example_short_circuit_decorator.py took 0.239 seconds
[2023-08-15T19:06:47.385-0300] {processor.py:157} INFO - Started process (PID=28833) to work on /home/alan/repos/pipeline_airflow/pipeline-airflow-venv/lib/python3.11/site-packages/airflow/example_dags/example_short_circuit_decorator.py
[2023-08-15T19:06:47.392-0300] {processor.py:826} INFO - Processing file /home/alan/repos/pipeline_airflow/pipeline-airflow-venv/lib/python3.11/site-packages/airflow/example_dags/example_short_circuit_decorator.py for tasks to queue
[2023-08-15T19:06:47.394-0300] {logging_mixin.py:150} INFO - [2023-08-15T19:06:47.393-0300] {dagbag.py:541} INFO - Filling up the DagBag from /home/alan/repos/pipeline_airflow/pipeline-airflow-venv/lib/python3.11/site-packages/airflow/example_dags/example_short_circuit_decorator.py
[2023-08-15T19:06:47.416-0300] {processor.py:836} INFO - DAG(s) dict_keys(['example_short_circuit_decorator']) retrieved from /home/alan/repos/pipeline_airflow/pipeline-airflow-venv/lib/python3.11/site-packages/airflow/example_dags/example_short_circuit_decorator.py
[2023-08-15T19:06:47.450-0300] {logging_mixin.py:150} INFO - [2023-08-15T19:06:47.450-0300] {dag.py:2742} INFO - Sync 1 DAGs
[2023-08-15T19:06:47.487-0300] {logging_mixin.py:150} INFO - [2023-08-15T19:06:47.487-0300] {dag.py:3504} INFO - Setting next_dagrun for example_short_circuit_decorator to 2023-08-14T22:06:47.487242+00:00, run_after=2023-08-15T22:06:47.487242+00:00
[2023-08-15T19:06:47.581-0300] {processor.py:179} INFO - Processing /home/alan/repos/pipeline_airflow/pipeline-airflow-venv/lib/python3.11/site-packages/airflow/example_dags/example_short_circuit_decorator.py took 0.202 seconds
[2023-08-15T19:07:50.709-0300] {processor.py:157} INFO - Started process (PID=29106) to work on /home/alan/repos/pipeline_airflow/pipeline-airflow-venv/lib/python3.11/site-packages/airflow/example_dags/example_short_circuit_decorator.py
[2023-08-15T19:07:50.722-0300] {processor.py:826} INFO - Processing file /home/alan/repos/pipeline_airflow/pipeline-airflow-venv/lib/python3.11/site-packages/airflow/example_dags/example_short_circuit_decorator.py for tasks to queue
[2023-08-15T19:07:50.724-0300] {logging_mixin.py:150} INFO - [2023-08-15T19:07:50.724-0300] {dagbag.py:541} INFO - Filling up the DagBag from /home/alan/repos/pipeline_airflow/pipeline-airflow-venv/lib/python3.11/site-packages/airflow/example_dags/example_short_circuit_decorator.py
[2023-08-15T19:07:50.746-0300] {processor.py:836} INFO - DAG(s) dict_keys(['example_short_circuit_decorator']) retrieved from /home/alan/repos/pipeline_airflow/pipeline-airflow-venv/lib/python3.11/site-packages/airflow/example_dags/example_short_circuit_decorator.py
[2023-08-15T19:07:50.783-0300] {logging_mixin.py:150} INFO - [2023-08-15T19:07:50.783-0300] {dag.py:2742} INFO - Sync 1 DAGs
[2023-08-15T19:07:50.821-0300] {logging_mixin.py:150} INFO - [2023-08-15T19:07:50.821-0300] {dag.py:3504} INFO - Setting next_dagrun for example_short_circuit_decorator to 2023-08-14T22:07:50.820819+00:00, run_after=2023-08-15T22:07:50.820819+00:00
[2023-08-15T19:07:50.941-0300] {processor.py:179} INFO - Processing /home/alan/repos/pipeline_airflow/pipeline-airflow-venv/lib/python3.11/site-packages/airflow/example_dags/example_short_circuit_decorator.py took 0.240 seconds
[2023-08-15T19:08:56.734-0300] {processor.py:157} INFO - Started process (PID=29273) to work on /home/alan/repos/pipeline_airflow/pipeline-airflow-venv/lib/python3.11/site-packages/airflow/example_dags/example_short_circuit_decorator.py
[2023-08-15T19:08:56.735-0300] {processor.py:826} INFO - Processing file /home/alan/repos/pipeline_airflow/pipeline-airflow-venv/lib/python3.11/site-packages/airflow/example_dags/example_short_circuit_decorator.py for tasks to queue
[2023-08-15T19:08:56.737-0300] {logging_mixin.py:150} INFO - [2023-08-15T19:08:56.736-0300] {dagbag.py:541} INFO - Filling up the DagBag from /home/alan/repos/pipeline_airflow/pipeline-airflow-venv/lib/python3.11/site-packages/airflow/example_dags/example_short_circuit_decorator.py
[2023-08-15T19:08:56.756-0300] {processor.py:836} INFO - DAG(s) dict_keys(['example_short_circuit_decorator']) retrieved from /home/alan/repos/pipeline_airflow/pipeline-airflow-venv/lib/python3.11/site-packages/airflow/example_dags/example_short_circuit_decorator.py
[2023-08-15T19:08:56.789-0300] {logging_mixin.py:150} INFO - [2023-08-15T19:08:56.788-0300] {dag.py:2742} INFO - Sync 1 DAGs
[2023-08-15T19:08:56.825-0300] {logging_mixin.py:150} INFO - [2023-08-15T19:08:56.824-0300] {dag.py:3504} INFO - Setting next_dagrun for example_short_circuit_decorator to 2023-08-14T22:08:56.824395+00:00, run_after=2023-08-15T22:08:56.824395+00:00
[2023-08-15T19:08:56.957-0300] {processor.py:179} INFO - Processing /home/alan/repos/pipeline_airflow/pipeline-airflow-venv/lib/python3.11/site-packages/airflow/example_dags/example_short_circuit_decorator.py took 0.228 seconds
[2023-08-15T19:09:56.131-0300] {processor.py:157} INFO - Started process (PID=29428) to work on /home/alan/repos/pipeline_airflow/pipeline-airflow-venv/lib/python3.11/site-packages/airflow/example_dags/example_short_circuit_decorator.py
[2023-08-15T19:09:56.134-0300] {processor.py:826} INFO - Processing file /home/alan/repos/pipeline_airflow/pipeline-airflow-venv/lib/python3.11/site-packages/airflow/example_dags/example_short_circuit_decorator.py for tasks to queue
[2023-08-15T19:09:56.135-0300] {logging_mixin.py:150} INFO - [2023-08-15T19:09:56.134-0300] {dagbag.py:541} INFO - Filling up the DagBag from /home/alan/repos/pipeline_airflow/pipeline-airflow-venv/lib/python3.11/site-packages/airflow/example_dags/example_short_circuit_decorator.py
[2023-08-15T19:09:56.164-0300] {processor.py:836} INFO - DAG(s) dict_keys(['example_short_circuit_decorator']) retrieved from /home/alan/repos/pipeline_airflow/pipeline-airflow-venv/lib/python3.11/site-packages/airflow/example_dags/example_short_circuit_decorator.py
[2023-08-15T19:09:56.213-0300] {logging_mixin.py:150} INFO - [2023-08-15T19:09:56.213-0300] {dag.py:2742} INFO - Sync 1 DAGs
[2023-08-15T19:09:56.255-0300] {logging_mixin.py:150} INFO - [2023-08-15T19:09:56.255-0300] {dag.py:3504} INFO - Setting next_dagrun for example_short_circuit_decorator to 2023-08-14T22:09:56.255045+00:00, run_after=2023-08-15T22:09:56.255045+00:00
[2023-08-15T19:09:56.367-0300] {processor.py:179} INFO - Processing /home/alan/repos/pipeline_airflow/pipeline-airflow-venv/lib/python3.11/site-packages/airflow/example_dags/example_short_circuit_decorator.py took 0.243 seconds
[2023-08-15T19:10:55.230-0300] {processor.py:157} INFO - Started process (PID=29586) to work on /home/alan/repos/pipeline_airflow/pipeline-airflow-venv/lib/python3.11/site-packages/airflow/example_dags/example_short_circuit_decorator.py
[2023-08-15T19:10:55.238-0300] {processor.py:826} INFO - Processing file /home/alan/repos/pipeline_airflow/pipeline-airflow-venv/lib/python3.11/site-packages/airflow/example_dags/example_short_circuit_decorator.py for tasks to queue
[2023-08-15T19:10:55.240-0300] {logging_mixin.py:150} INFO - [2023-08-15T19:10:55.239-0300] {dagbag.py:541} INFO - Filling up the DagBag from /home/alan/repos/pipeline_airflow/pipeline-airflow-venv/lib/python3.11/site-packages/airflow/example_dags/example_short_circuit_decorator.py
[2023-08-15T19:10:55.262-0300] {processor.py:836} INFO - DAG(s) dict_keys(['example_short_circuit_decorator']) retrieved from /home/alan/repos/pipeline_airflow/pipeline-airflow-venv/lib/python3.11/site-packages/airflow/example_dags/example_short_circuit_decorator.py
[2023-08-15T19:10:55.297-0300] {logging_mixin.py:150} INFO - [2023-08-15T19:10:55.296-0300] {dag.py:2742} INFO - Sync 1 DAGs
[2023-08-15T19:10:55.336-0300] {logging_mixin.py:150} INFO - [2023-08-15T19:10:55.336-0300] {dag.py:3504} INFO - Setting next_dagrun for example_short_circuit_decorator to 2023-08-14T22:10:55.335699+00:00, run_after=2023-08-15T22:10:55.335699+00:00
[2023-08-15T19:10:55.450-0300] {processor.py:179} INFO - Processing /home/alan/repos/pipeline_airflow/pipeline-airflow-venv/lib/python3.11/site-packages/airflow/example_dags/example_short_circuit_decorator.py took 0.225 seconds
[2023-08-15T19:11:58.104-0300] {processor.py:157} INFO - Started process (PID=29814) to work on /home/alan/repos/pipeline_airflow/pipeline-airflow-venv/lib/python3.11/site-packages/airflow/example_dags/example_short_circuit_decorator.py
[2023-08-15T19:11:58.106-0300] {processor.py:826} INFO - Processing file /home/alan/repos/pipeline_airflow/pipeline-airflow-venv/lib/python3.11/site-packages/airflow/example_dags/example_short_circuit_decorator.py for tasks to queue
[2023-08-15T19:11:58.107-0300] {logging_mixin.py:150} INFO - [2023-08-15T19:11:58.107-0300] {dagbag.py:541} INFO - Filling up the DagBag from /home/alan/repos/pipeline_airflow/pipeline-airflow-venv/lib/python3.11/site-packages/airflow/example_dags/example_short_circuit_decorator.py
[2023-08-15T19:11:58.128-0300] {processor.py:836} INFO - DAG(s) dict_keys(['example_short_circuit_decorator']) retrieved from /home/alan/repos/pipeline_airflow/pipeline-airflow-venv/lib/python3.11/site-packages/airflow/example_dags/example_short_circuit_decorator.py
[2023-08-15T19:11:58.160-0300] {logging_mixin.py:150} INFO - [2023-08-15T19:11:58.160-0300] {dag.py:2742} INFO - Sync 1 DAGs
[2023-08-15T19:11:58.196-0300] {logging_mixin.py:150} INFO - [2023-08-15T19:11:58.196-0300] {dag.py:3504} INFO - Setting next_dagrun for example_short_circuit_decorator to 2023-08-14T22:11:58.195899+00:00, run_after=2023-08-15T22:11:58.195899+00:00
[2023-08-15T19:11:58.304-0300] {processor.py:179} INFO - Processing /home/alan/repos/pipeline_airflow/pipeline-airflow-venv/lib/python3.11/site-packages/airflow/example_dags/example_short_circuit_decorator.py took 0.206 seconds
[2023-08-15T19:13:00.073-0300] {processor.py:157} INFO - Started process (PID=30014) to work on /home/alan/repos/pipeline_airflow/pipeline-airflow-venv/lib/python3.11/site-packages/airflow/example_dags/example_short_circuit_decorator.py
[2023-08-15T19:13:00.091-0300] {processor.py:826} INFO - Processing file /home/alan/repos/pipeline_airflow/pipeline-airflow-venv/lib/python3.11/site-packages/airflow/example_dags/example_short_circuit_decorator.py for tasks to queue
[2023-08-15T19:13:00.093-0300] {logging_mixin.py:150} INFO - [2023-08-15T19:13:00.092-0300] {dagbag.py:541} INFO - Filling up the DagBag from /home/alan/repos/pipeline_airflow/pipeline-airflow-venv/lib/python3.11/site-packages/airflow/example_dags/example_short_circuit_decorator.py
[2023-08-15T19:13:00.114-0300] {processor.py:836} INFO - DAG(s) dict_keys(['example_short_circuit_decorator']) retrieved from /home/alan/repos/pipeline_airflow/pipeline-airflow-venv/lib/python3.11/site-packages/airflow/example_dags/example_short_circuit_decorator.py
[2023-08-15T19:13:00.149-0300] {logging_mixin.py:150} INFO - [2023-08-15T19:13:00.149-0300] {dag.py:2742} INFO - Sync 1 DAGs
[2023-08-15T19:13:00.188-0300] {logging_mixin.py:150} INFO - [2023-08-15T19:13:00.187-0300] {dag.py:3504} INFO - Setting next_dagrun for example_short_circuit_decorator to 2023-08-14T22:13:00.187351+00:00, run_after=2023-08-15T22:13:00.187351+00:00
[2023-08-15T19:13:00.295-0300] {processor.py:179} INFO - Processing /home/alan/repos/pipeline_airflow/pipeline-airflow-venv/lib/python3.11/site-packages/airflow/example_dags/example_short_circuit_decorator.py took 0.233 seconds
[2023-08-15T19:13:59.709-0300] {processor.py:157} INFO - Started process (PID=30168) to work on /home/alan/repos/pipeline_airflow/pipeline-airflow-venv/lib/python3.11/site-packages/airflow/example_dags/example_short_circuit_decorator.py
[2023-08-15T19:13:59.711-0300] {processor.py:826} INFO - Processing file /home/alan/repos/pipeline_airflow/pipeline-airflow-venv/lib/python3.11/site-packages/airflow/example_dags/example_short_circuit_decorator.py for tasks to queue
[2023-08-15T19:13:59.713-0300] {logging_mixin.py:150} INFO - [2023-08-15T19:13:59.712-0300] {dagbag.py:541} INFO - Filling up the DagBag from /home/alan/repos/pipeline_airflow/pipeline-airflow-venv/lib/python3.11/site-packages/airflow/example_dags/example_short_circuit_decorator.py
[2023-08-15T19:13:59.736-0300] {processor.py:836} INFO - DAG(s) dict_keys(['example_short_circuit_decorator']) retrieved from /home/alan/repos/pipeline_airflow/pipeline-airflow-venv/lib/python3.11/site-packages/airflow/example_dags/example_short_circuit_decorator.py
[2023-08-15T19:13:59.772-0300] {logging_mixin.py:150} INFO - [2023-08-15T19:13:59.772-0300] {dag.py:2742} INFO - Sync 1 DAGs
[2023-08-15T19:13:59.813-0300] {logging_mixin.py:150} INFO - [2023-08-15T19:13:59.813-0300] {dag.py:3504} INFO - Setting next_dagrun for example_short_circuit_decorator to 2023-08-14T22:13:59.813117+00:00, run_after=2023-08-15T22:13:59.813117+00:00
[2023-08-15T19:13:59.943-0300] {processor.py:179} INFO - Processing /home/alan/repos/pipeline_airflow/pipeline-airflow-venv/lib/python3.11/site-packages/airflow/example_dags/example_short_circuit_decorator.py took 0.241 seconds
[2023-08-15T19:14:57.955-0300] {processor.py:157} INFO - Started process (PID=30318) to work on /home/alan/repos/pipeline_airflow/pipeline-airflow-venv/lib/python3.11/site-packages/airflow/example_dags/example_short_circuit_decorator.py
[2023-08-15T19:14:57.964-0300] {processor.py:826} INFO - Processing file /home/alan/repos/pipeline_airflow/pipeline-airflow-venv/lib/python3.11/site-packages/airflow/example_dags/example_short_circuit_decorator.py for tasks to queue
[2023-08-15T19:14:57.966-0300] {logging_mixin.py:150} INFO - [2023-08-15T19:14:57.965-0300] {dagbag.py:541} INFO - Filling up the DagBag from /home/alan/repos/pipeline_airflow/pipeline-airflow-venv/lib/python3.11/site-packages/airflow/example_dags/example_short_circuit_decorator.py
[2023-08-15T19:14:57.987-0300] {processor.py:836} INFO - DAG(s) dict_keys(['example_short_circuit_decorator']) retrieved from /home/alan/repos/pipeline_airflow/pipeline-airflow-venv/lib/python3.11/site-packages/airflow/example_dags/example_short_circuit_decorator.py
[2023-08-15T19:14:58.025-0300] {logging_mixin.py:150} INFO - [2023-08-15T19:14:58.025-0300] {dag.py:2742} INFO - Sync 1 DAGs
[2023-08-15T19:14:58.066-0300] {logging_mixin.py:150} INFO - [2023-08-15T19:14:58.065-0300] {dag.py:3504} INFO - Setting next_dagrun for example_short_circuit_decorator to 2023-08-14T22:14:58.065531+00:00, run_after=2023-08-15T22:14:58.065531+00:00
[2023-08-15T19:14:58.174-0300] {processor.py:179} INFO - Processing /home/alan/repos/pipeline_airflow/pipeline-airflow-venv/lib/python3.11/site-packages/airflow/example_dags/example_short_circuit_decorator.py took 0.225 seconds
[2023-08-15T19:15:52.487-0300] {processor.py:157} INFO - Started process (PID=30457) to work on /home/alan/repos/pipeline_airflow/pipeline-airflow-venv/lib/python3.11/site-packages/airflow/example_dags/example_short_circuit_decorator.py
[2023-08-15T19:15:52.502-0300] {processor.py:826} INFO - Processing file /home/alan/repos/pipeline_airflow/pipeline-airflow-venv/lib/python3.11/site-packages/airflow/example_dags/example_short_circuit_decorator.py for tasks to queue
[2023-08-15T19:15:52.503-0300] {logging_mixin.py:150} INFO - [2023-08-15T19:15:52.503-0300] {dagbag.py:541} INFO - Filling up the DagBag from /home/alan/repos/pipeline_airflow/pipeline-airflow-venv/lib/python3.11/site-packages/airflow/example_dags/example_short_circuit_decorator.py
[2023-08-15T19:15:52.520-0300] {processor.py:836} INFO - DAG(s) dict_keys(['example_short_circuit_decorator']) retrieved from /home/alan/repos/pipeline_airflow/pipeline-airflow-venv/lib/python3.11/site-packages/airflow/example_dags/example_short_circuit_decorator.py
[2023-08-15T19:15:52.552-0300] {logging_mixin.py:150} INFO - [2023-08-15T19:15:52.552-0300] {dag.py:2742} INFO - Sync 1 DAGs
[2023-08-15T19:15:52.587-0300] {logging_mixin.py:150} INFO - [2023-08-15T19:15:52.587-0300] {dag.py:3504} INFO - Setting next_dagrun for example_short_circuit_decorator to 2023-08-14T22:15:52.586792+00:00, run_after=2023-08-15T22:15:52.586792+00:00
[2023-08-15T19:15:52.685-0300] {processor.py:179} INFO - Processing /home/alan/repos/pipeline_airflow/pipeline-airflow-venv/lib/python3.11/site-packages/airflow/example_dags/example_short_circuit_decorator.py took 0.204 seconds
[2023-08-15T19:16:51.702-0300] {processor.py:157} INFO - Started process (PID=30620) to work on /home/alan/repos/pipeline_airflow/pipeline-airflow-venv/lib/python3.11/site-packages/airflow/example_dags/example_short_circuit_decorator.py
[2023-08-15T19:16:51.715-0300] {processor.py:826} INFO - Processing file /home/alan/repos/pipeline_airflow/pipeline-airflow-venv/lib/python3.11/site-packages/airflow/example_dags/example_short_circuit_decorator.py for tasks to queue
[2023-08-15T19:16:51.716-0300] {logging_mixin.py:150} INFO - [2023-08-15T19:16:51.716-0300] {dagbag.py:541} INFO - Filling up the DagBag from /home/alan/repos/pipeline_airflow/pipeline-airflow-venv/lib/python3.11/site-packages/airflow/example_dags/example_short_circuit_decorator.py
[2023-08-15T19:16:51.738-0300] {processor.py:836} INFO - DAG(s) dict_keys(['example_short_circuit_decorator']) retrieved from /home/alan/repos/pipeline_airflow/pipeline-airflow-venv/lib/python3.11/site-packages/airflow/example_dags/example_short_circuit_decorator.py
[2023-08-15T19:16:51.775-0300] {logging_mixin.py:150} INFO - [2023-08-15T19:16:51.775-0300] {dag.py:2742} INFO - Sync 1 DAGs
[2023-08-15T19:16:51.817-0300] {logging_mixin.py:150} INFO - [2023-08-15T19:16:51.816-0300] {dag.py:3504} INFO - Setting next_dagrun for example_short_circuit_decorator to 2023-08-14T22:16:51.816519+00:00, run_after=2023-08-15T22:16:51.816519+00:00
[2023-08-15T19:16:51.937-0300] {processor.py:179} INFO - Processing /home/alan/repos/pipeline_airflow/pipeline-airflow-venv/lib/python3.11/site-packages/airflow/example_dags/example_short_circuit_decorator.py took 0.243 seconds
[2023-08-15T19:17:52.802-0300] {processor.py:157} INFO - Started process (PID=30776) to work on /home/alan/repos/pipeline_airflow/pipeline-airflow-venv/lib/python3.11/site-packages/airflow/example_dags/example_short_circuit_decorator.py
[2023-08-15T19:17:52.821-0300] {processor.py:826} INFO - Processing file /home/alan/repos/pipeline_airflow/pipeline-airflow-venv/lib/python3.11/site-packages/airflow/example_dags/example_short_circuit_decorator.py for tasks to queue
[2023-08-15T19:17:52.823-0300] {logging_mixin.py:150} INFO - [2023-08-15T19:17:52.822-0300] {dagbag.py:541} INFO - Filling up the DagBag from /home/alan/repos/pipeline_airflow/pipeline-airflow-venv/lib/python3.11/site-packages/airflow/example_dags/example_short_circuit_decorator.py
[2023-08-15T19:17:52.846-0300] {processor.py:836} INFO - DAG(s) dict_keys(['example_short_circuit_decorator']) retrieved from /home/alan/repos/pipeline_airflow/pipeline-airflow-venv/lib/python3.11/site-packages/airflow/example_dags/example_short_circuit_decorator.py
[2023-08-15T19:17:52.898-0300] {logging_mixin.py:150} INFO - [2023-08-15T19:17:52.897-0300] {dag.py:2742} INFO - Sync 1 DAGs
[2023-08-15T19:17:52.949-0300] {logging_mixin.py:150} INFO - [2023-08-15T19:17:52.949-0300] {dag.py:3504} INFO - Setting next_dagrun for example_short_circuit_decorator to 2023-08-14T22:17:52.948745+00:00, run_after=2023-08-15T22:17:52.948745+00:00
[2023-08-15T19:17:53.061-0300] {processor.py:179} INFO - Processing /home/alan/repos/pipeline_airflow/pipeline-airflow-venv/lib/python3.11/site-packages/airflow/example_dags/example_short_circuit_decorator.py took 0.266 seconds
[2023-08-15T19:18:50.434-0300] {processor.py:157} INFO - Started process (PID=30925) to work on /home/alan/repos/pipeline_airflow/pipeline-airflow-venv/lib/python3.11/site-packages/airflow/example_dags/example_short_circuit_decorator.py
[2023-08-15T19:18:50.466-0300] {processor.py:826} INFO - Processing file /home/alan/repos/pipeline_airflow/pipeline-airflow-venv/lib/python3.11/site-packages/airflow/example_dags/example_short_circuit_decorator.py for tasks to queue
[2023-08-15T19:18:50.468-0300] {logging_mixin.py:150} INFO - [2023-08-15T19:18:50.467-0300] {dagbag.py:541} INFO - Filling up the DagBag from /home/alan/repos/pipeline_airflow/pipeline-airflow-venv/lib/python3.11/site-packages/airflow/example_dags/example_short_circuit_decorator.py
[2023-08-15T19:18:50.491-0300] {processor.py:836} INFO - DAG(s) dict_keys(['example_short_circuit_decorator']) retrieved from /home/alan/repos/pipeline_airflow/pipeline-airflow-venv/lib/python3.11/site-packages/airflow/example_dags/example_short_circuit_decorator.py
[2023-08-15T19:18:50.524-0300] {logging_mixin.py:150} INFO - [2023-08-15T19:18:50.524-0300] {dag.py:2742} INFO - Sync 1 DAGs
[2023-08-15T19:18:50.563-0300] {logging_mixin.py:150} INFO - [2023-08-15T19:18:50.562-0300] {dag.py:3504} INFO - Setting next_dagrun for example_short_circuit_decorator to 2023-08-14T22:18:50.562242+00:00, run_after=2023-08-15T22:18:50.562242+00:00
[2023-08-15T19:18:50.712-0300] {processor.py:179} INFO - Processing /home/alan/repos/pipeline_airflow/pipeline-airflow-venv/lib/python3.11/site-packages/airflow/example_dags/example_short_circuit_decorator.py took 0.285 seconds
[2023-08-15T19:19:46.985-0300] {processor.py:157} INFO - Started process (PID=31068) to work on /home/alan/repos/pipeline_airflow/pipeline-airflow-venv/lib/python3.11/site-packages/airflow/example_dags/example_short_circuit_decorator.py
[2023-08-15T19:19:46.987-0300] {processor.py:826} INFO - Processing file /home/alan/repos/pipeline_airflow/pipeline-airflow-venv/lib/python3.11/site-packages/airflow/example_dags/example_short_circuit_decorator.py for tasks to queue
[2023-08-15T19:19:46.988-0300] {logging_mixin.py:150} INFO - [2023-08-15T19:19:46.987-0300] {dagbag.py:541} INFO - Filling up the DagBag from /home/alan/repos/pipeline_airflow/pipeline-airflow-venv/lib/python3.11/site-packages/airflow/example_dags/example_short_circuit_decorator.py
[2023-08-15T19:19:47.008-0300] {processor.py:836} INFO - DAG(s) dict_keys(['example_short_circuit_decorator']) retrieved from /home/alan/repos/pipeline_airflow/pipeline-airflow-venv/lib/python3.11/site-packages/airflow/example_dags/example_short_circuit_decorator.py
[2023-08-15T19:19:47.042-0300] {logging_mixin.py:150} INFO - [2023-08-15T19:19:47.042-0300] {dag.py:2742} INFO - Sync 1 DAGs
[2023-08-15T19:19:47.077-0300] {logging_mixin.py:150} INFO - [2023-08-15T19:19:47.077-0300] {dag.py:3504} INFO - Setting next_dagrun for example_short_circuit_decorator to 2023-08-14T22:19:47.077172+00:00, run_after=2023-08-15T22:19:47.077172+00:00
[2023-08-15T19:19:47.182-0300] {processor.py:179} INFO - Processing /home/alan/repos/pipeline_airflow/pipeline-airflow-venv/lib/python3.11/site-packages/airflow/example_dags/example_short_circuit_decorator.py took 0.206 seconds
[2023-08-15T19:20:57.297-0300] {processor.py:157} INFO - Started process (PID=31404) to work on /home/alan/repos/pipeline_airflow/pipeline-airflow-venv/lib/python3.11/site-packages/airflow/example_dags/example_short_circuit_decorator.py
[2023-08-15T19:20:57.306-0300] {processor.py:826} INFO - Processing file /home/alan/repos/pipeline_airflow/pipeline-airflow-venv/lib/python3.11/site-packages/airflow/example_dags/example_short_circuit_decorator.py for tasks to queue
[2023-08-15T19:20:57.317-0300] {logging_mixin.py:150} INFO - [2023-08-15T19:20:57.312-0300] {dagbag.py:541} INFO - Filling up the DagBag from /home/alan/repos/pipeline_airflow/pipeline-airflow-venv/lib/python3.11/site-packages/airflow/example_dags/example_short_circuit_decorator.py
[2023-08-15T19:20:57.349-0300] {processor.py:836} INFO - DAG(s) dict_keys(['example_short_circuit_decorator']) retrieved from /home/alan/repos/pipeline_airflow/pipeline-airflow-venv/lib/python3.11/site-packages/airflow/example_dags/example_short_circuit_decorator.py
[2023-08-15T19:20:57.478-0300] {logging_mixin.py:150} INFO - [2023-08-15T19:20:57.477-0300] {dag.py:2742} INFO - Sync 1 DAGs
[2023-08-15T19:20:57.696-0300] {logging_mixin.py:150} INFO - [2023-08-15T19:20:57.696-0300] {dag.py:3504} INFO - Setting next_dagrun for example_short_circuit_decorator to 2023-08-14T22:20:57.695805+00:00, run_after=2023-08-15T22:20:57.695805+00:00
[2023-08-15T19:20:57.815-0300] {processor.py:179} INFO - Processing /home/alan/repos/pipeline_airflow/pipeline-airflow-venv/lib/python3.11/site-packages/airflow/example_dags/example_short_circuit_decorator.py took 0.542 seconds
[2023-08-15T19:22:08.825-0300] {processor.py:157} INFO - Started process (PID=31642) to work on /home/alan/repos/pipeline_airflow/pipeline-airflow-venv/lib/python3.11/site-packages/airflow/example_dags/example_short_circuit_decorator.py
[2023-08-15T19:22:08.884-0300] {processor.py:826} INFO - Processing file /home/alan/repos/pipeline_airflow/pipeline-airflow-venv/lib/python3.11/site-packages/airflow/example_dags/example_short_circuit_decorator.py for tasks to queue
[2023-08-15T19:22:08.887-0300] {logging_mixin.py:150} INFO - [2023-08-15T19:22:08.885-0300] {dagbag.py:541} INFO - Filling up the DagBag from /home/alan/repos/pipeline_airflow/pipeline-airflow-venv/lib/python3.11/site-packages/airflow/example_dags/example_short_circuit_decorator.py
[2023-08-15T19:22:08.914-0300] {processor.py:836} INFO - DAG(s) dict_keys(['example_short_circuit_decorator']) retrieved from /home/alan/repos/pipeline_airflow/pipeline-airflow-venv/lib/python3.11/site-packages/airflow/example_dags/example_short_circuit_decorator.py
[2023-08-15T19:22:08.957-0300] {logging_mixin.py:150} INFO - [2023-08-15T19:22:08.957-0300] {dag.py:2742} INFO - Sync 1 DAGs
[2023-08-15T19:22:09.003-0300] {logging_mixin.py:150} INFO - [2023-08-15T19:22:09.002-0300] {dag.py:3504} INFO - Setting next_dagrun for example_short_circuit_decorator to 2023-08-14T22:22:09.001341+00:00, run_after=2023-08-15T22:22:09.001341+00:00
[2023-08-15T19:22:09.555-0300] {processor.py:179} INFO - Processing /home/alan/repos/pipeline_airflow/pipeline-airflow-venv/lib/python3.11/site-packages/airflow/example_dags/example_short_circuit_decorator.py took 0.736 seconds
