[2023-08-15T18:19:26.811-0300] {processor.py:157} INFO - Started process (PID=18195) to work on /home/alan/repos/pipeline_airflow/pipeline-airflow-venv/lib/python3.11/site-packages/airflow/example_dags/example_sensor_decorator.py
[2023-08-15T18:19:26.812-0300] {processor.py:826} INFO - Processing file /home/alan/repos/pipeline_airflow/pipeline-airflow-venv/lib/python3.11/site-packages/airflow/example_dags/example_sensor_decorator.py for tasks to queue
[2023-08-15T18:19:26.815-0300] {logging_mixin.py:150} INFO - [2023-08-15T18:19:26.813-0300] {dagbag.py:541} INFO - Filling up the DagBag from /home/alan/repos/pipeline_airflow/pipeline-airflow-venv/lib/python3.11/site-packages/airflow/example_dags/example_sensor_decorator.py
[2023-08-15T18:19:26.830-0300] {processor.py:836} INFO - DAG(s) dict_keys(['example_sensor_decorator']) retrieved from /home/alan/repos/pipeline_airflow/pipeline-airflow-venv/lib/python3.11/site-packages/airflow/example_dags/example_sensor_decorator.py
[2023-08-15T18:19:27.241-0300] {logging_mixin.py:150} INFO - [2023-08-15T18:19:27.240-0300] {manager.py:504} INFO - Created Permission View: can delete on DAG:example_sensor_decorator
[2023-08-15T18:19:27.351-0300] {logging_mixin.py:150} INFO - [2023-08-15T18:19:27.350-0300] {manager.py:504} INFO - Created Permission View: can edit on DAG:example_sensor_decorator
[2023-08-15T18:19:27.451-0300] {logging_mixin.py:150} INFO - [2023-08-15T18:19:27.450-0300] {manager.py:504} INFO - Created Permission View: can read on DAG:example_sensor_decorator
[2023-08-15T18:19:27.486-0300] {logging_mixin.py:150} INFO - [2023-08-15T18:19:27.486-0300] {dag.py:2742} INFO - Sync 1 DAGs
[2023-08-15T18:19:27.508-0300] {logging_mixin.py:150} INFO - [2023-08-15T18:19:27.507-0300] {dag.py:2763} INFO - Creating ORM DAG for example_sensor_decorator
[2023-08-15T18:19:27.527-0300] {logging_mixin.py:150} INFO - [2023-08-15T18:19:27.527-0300] {dag.py:3504} INFO - Setting next_dagrun for example_sensor_decorator to None, run_after=None
[2023-08-15T18:19:27.730-0300] {processor.py:179} INFO - Processing /home/alan/repos/pipeline_airflow/pipeline-airflow-venv/lib/python3.11/site-packages/airflow/example_dags/example_sensor_decorator.py took 0.924 seconds
[2023-08-15T18:20:54.333-0300] {processor.py:157} INFO - Started process (PID=18790) to work on /home/alan/repos/pipeline_airflow/pipeline-airflow-venv/lib/python3.11/site-packages/airflow/example_dags/example_sensor_decorator.py
[2023-08-15T18:20:54.345-0300] {processor.py:826} INFO - Processing file /home/alan/repos/pipeline_airflow/pipeline-airflow-venv/lib/python3.11/site-packages/airflow/example_dags/example_sensor_decorator.py for tasks to queue
[2023-08-15T18:20:54.349-0300] {logging_mixin.py:150} INFO - [2023-08-15T18:20:54.346-0300] {dagbag.py:541} INFO - Filling up the DagBag from /home/alan/repos/pipeline_airflow/pipeline-airflow-venv/lib/python3.11/site-packages/airflow/example_dags/example_sensor_decorator.py
[2023-08-15T18:20:54.359-0300] {processor.py:836} INFO - DAG(s) dict_keys(['example_sensor_decorator']) retrieved from /home/alan/repos/pipeline_airflow/pipeline-airflow-venv/lib/python3.11/site-packages/airflow/example_dags/example_sensor_decorator.py
[2023-08-15T18:20:54.390-0300] {logging_mixin.py:150} INFO - [2023-08-15T18:20:54.390-0300] {dag.py:2742} INFO - Sync 1 DAGs
[2023-08-15T18:20:54.427-0300] {logging_mixin.py:150} INFO - [2023-08-15T18:20:54.427-0300] {dag.py:3504} INFO - Setting next_dagrun for example_sensor_decorator to None, run_after=None
[2023-08-15T18:20:54.554-0300] {processor.py:179} INFO - Processing /home/alan/repos/pipeline_airflow/pipeline-airflow-venv/lib/python3.11/site-packages/airflow/example_dags/example_sensor_decorator.py took 0.228 seconds
[2023-08-15T18:21:49.541-0300] {processor.py:157} INFO - Started process (PID=18989) to work on /home/alan/repos/pipeline_airflow/pipeline-airflow-venv/lib/python3.11/site-packages/airflow/example_dags/example_sensor_decorator.py
[2023-08-15T18:21:49.543-0300] {processor.py:826} INFO - Processing file /home/alan/repos/pipeline_airflow/pipeline-airflow-venv/lib/python3.11/site-packages/airflow/example_dags/example_sensor_decorator.py for tasks to queue
[2023-08-15T18:21:49.545-0300] {logging_mixin.py:150} INFO - [2023-08-15T18:21:49.544-0300] {dagbag.py:541} INFO - Filling up the DagBag from /home/alan/repos/pipeline_airflow/pipeline-airflow-venv/lib/python3.11/site-packages/airflow/example_dags/example_sensor_decorator.py
[2023-08-15T18:21:49.556-0300] {processor.py:836} INFO - DAG(s) dict_keys(['example_sensor_decorator']) retrieved from /home/alan/repos/pipeline_airflow/pipeline-airflow-venv/lib/python3.11/site-packages/airflow/example_dags/example_sensor_decorator.py
[2023-08-15T18:21:49.586-0300] {logging_mixin.py:150} INFO - [2023-08-15T18:21:49.586-0300] {dag.py:2742} INFO - Sync 1 DAGs
[2023-08-15T18:21:49.624-0300] {logging_mixin.py:150} INFO - [2023-08-15T18:21:49.623-0300] {dag.py:3504} INFO - Setting next_dagrun for example_sensor_decorator to None, run_after=None
[2023-08-15T18:21:49.745-0300] {processor.py:179} INFO - Processing /home/alan/repos/pipeline_airflow/pipeline-airflow-venv/lib/python3.11/site-packages/airflow/example_dags/example_sensor_decorator.py took 0.210 seconds
[2023-08-15T18:22:41.967-0300] {processor.py:157} INFO - Started process (PID=19178) to work on /home/alan/repos/pipeline_airflow/pipeline-airflow-venv/lib/python3.11/site-packages/airflow/example_dags/example_sensor_decorator.py
[2023-08-15T18:22:41.974-0300] {processor.py:826} INFO - Processing file /home/alan/repos/pipeline_airflow/pipeline-airflow-venv/lib/python3.11/site-packages/airflow/example_dags/example_sensor_decorator.py for tasks to queue
[2023-08-15T18:22:41.976-0300] {logging_mixin.py:150} INFO - [2023-08-15T18:22:41.975-0300] {dagbag.py:541} INFO - Filling up the DagBag from /home/alan/repos/pipeline_airflow/pipeline-airflow-venv/lib/python3.11/site-packages/airflow/example_dags/example_sensor_decorator.py
[2023-08-15T18:22:41.987-0300] {processor.py:836} INFO - DAG(s) dict_keys(['example_sensor_decorator']) retrieved from /home/alan/repos/pipeline_airflow/pipeline-airflow-venv/lib/python3.11/site-packages/airflow/example_dags/example_sensor_decorator.py
[2023-08-15T18:22:42.020-0300] {logging_mixin.py:150} INFO - [2023-08-15T18:22:42.019-0300] {dag.py:2742} INFO - Sync 1 DAGs
[2023-08-15T18:22:42.060-0300] {logging_mixin.py:150} INFO - [2023-08-15T18:22:42.059-0300] {dag.py:3504} INFO - Setting next_dagrun for example_sensor_decorator to None, run_after=None
[2023-08-15T18:22:42.183-0300] {processor.py:179} INFO - Processing /home/alan/repos/pipeline_airflow/pipeline-airflow-venv/lib/python3.11/site-packages/airflow/example_dags/example_sensor_decorator.py took 0.220 seconds
[2023-08-15T18:23:40.388-0300] {processor.py:157} INFO - Started process (PID=19376) to work on /home/alan/repos/pipeline_airflow/pipeline-airflow-venv/lib/python3.11/site-packages/airflow/example_dags/example_sensor_decorator.py
[2023-08-15T18:23:40.423-0300] {processor.py:826} INFO - Processing file /home/alan/repos/pipeline_airflow/pipeline-airflow-venv/lib/python3.11/site-packages/airflow/example_dags/example_sensor_decorator.py for tasks to queue
[2023-08-15T18:23:40.425-0300] {logging_mixin.py:150} INFO - [2023-08-15T18:23:40.424-0300] {dagbag.py:541} INFO - Filling up the DagBag from /home/alan/repos/pipeline_airflow/pipeline-airflow-venv/lib/python3.11/site-packages/airflow/example_dags/example_sensor_decorator.py
[2023-08-15T18:23:40.435-0300] {processor.py:836} INFO - DAG(s) dict_keys(['example_sensor_decorator']) retrieved from /home/alan/repos/pipeline_airflow/pipeline-airflow-venv/lib/python3.11/site-packages/airflow/example_dags/example_sensor_decorator.py
[2023-08-15T18:23:40.467-0300] {logging_mixin.py:150} INFO - [2023-08-15T18:23:40.466-0300] {dag.py:2742} INFO - Sync 1 DAGs
[2023-08-15T18:23:40.717-0300] {logging_mixin.py:150} INFO - [2023-08-15T18:23:40.717-0300] {dag.py:3504} INFO - Setting next_dagrun for example_sensor_decorator to None, run_after=None
[2023-08-15T18:23:40.948-0300] {processor.py:179} INFO - Processing /home/alan/repos/pipeline_airflow/pipeline-airflow-venv/lib/python3.11/site-packages/airflow/example_dags/example_sensor_decorator.py took 0.566 seconds
[2023-08-15T18:24:56.181-0300] {processor.py:157} INFO - Started process (PID=19857) to work on /home/alan/repos/pipeline_airflow/pipeline-airflow-venv/lib/python3.11/site-packages/airflow/example_dags/example_sensor_decorator.py
[2023-08-15T18:24:56.206-0300] {processor.py:826} INFO - Processing file /home/alan/repos/pipeline_airflow/pipeline-airflow-venv/lib/python3.11/site-packages/airflow/example_dags/example_sensor_decorator.py for tasks to queue
[2023-08-15T18:24:56.208-0300] {logging_mixin.py:150} INFO - [2023-08-15T18:24:56.207-0300] {dagbag.py:541} INFO - Filling up the DagBag from /home/alan/repos/pipeline_airflow/pipeline-airflow-venv/lib/python3.11/site-packages/airflow/example_dags/example_sensor_decorator.py
[2023-08-15T18:24:56.222-0300] {processor.py:836} INFO - DAG(s) dict_keys(['example_sensor_decorator']) retrieved from /home/alan/repos/pipeline_airflow/pipeline-airflow-venv/lib/python3.11/site-packages/airflow/example_dags/example_sensor_decorator.py
[2023-08-15T18:24:56.256-0300] {logging_mixin.py:150} INFO - [2023-08-15T18:24:56.255-0300] {dag.py:2742} INFO - Sync 1 DAGs
[2023-08-15T18:24:56.309-0300] {logging_mixin.py:150} INFO - [2023-08-15T18:24:56.309-0300] {dag.py:3504} INFO - Setting next_dagrun for example_sensor_decorator to None, run_after=None
[2023-08-15T18:24:56.820-0300] {processor.py:179} INFO - Processing /home/alan/repos/pipeline_airflow/pipeline-airflow-venv/lib/python3.11/site-packages/airflow/example_dags/example_sensor_decorator.py took 0.644 seconds
[2023-08-15T18:26:24.847-0300] {processor.py:157} INFO - Started process (PID=20717) to work on /home/alan/repos/pipeline_airflow/pipeline-airflow-venv/lib/python3.11/site-packages/airflow/example_dags/example_sensor_decorator.py
[2023-08-15T18:26:24.865-0300] {processor.py:826} INFO - Processing file /home/alan/repos/pipeline_airflow/pipeline-airflow-venv/lib/python3.11/site-packages/airflow/example_dags/example_sensor_decorator.py for tasks to queue
[2023-08-15T18:26:24.867-0300] {logging_mixin.py:150} INFO - [2023-08-15T18:26:24.866-0300] {dagbag.py:541} INFO - Filling up the DagBag from /home/alan/repos/pipeline_airflow/pipeline-airflow-venv/lib/python3.11/site-packages/airflow/example_dags/example_sensor_decorator.py
[2023-08-15T18:26:24.879-0300] {processor.py:836} INFO - DAG(s) dict_keys(['example_sensor_decorator']) retrieved from /home/alan/repos/pipeline_airflow/pipeline-airflow-venv/lib/python3.11/site-packages/airflow/example_dags/example_sensor_decorator.py
[2023-08-15T18:26:24.909-0300] {logging_mixin.py:150} INFO - [2023-08-15T18:26:24.909-0300] {dag.py:2742} INFO - Sync 1 DAGs
[2023-08-15T18:26:24.951-0300] {logging_mixin.py:150} INFO - [2023-08-15T18:26:24.950-0300] {dag.py:3504} INFO - Setting next_dagrun for example_sensor_decorator to None, run_after=None
[2023-08-15T18:26:25.060-0300] {processor.py:179} INFO - Processing /home/alan/repos/pipeline_airflow/pipeline-airflow-venv/lib/python3.11/site-packages/airflow/example_dags/example_sensor_decorator.py took 0.219 seconds
[2023-08-15T18:27:12.291-0300] {processor.py:157} INFO - Started process (PID=20880) to work on /home/alan/repos/pipeline_airflow/pipeline-airflow-venv/lib/python3.11/site-packages/airflow/example_dags/example_sensor_decorator.py
[2023-08-15T18:27:12.300-0300] {processor.py:826} INFO - Processing file /home/alan/repos/pipeline_airflow/pipeline-airflow-venv/lib/python3.11/site-packages/airflow/example_dags/example_sensor_decorator.py for tasks to queue
[2023-08-15T18:27:12.301-0300] {logging_mixin.py:150} INFO - [2023-08-15T18:27:12.300-0300] {dagbag.py:541} INFO - Filling up the DagBag from /home/alan/repos/pipeline_airflow/pipeline-airflow-venv/lib/python3.11/site-packages/airflow/example_dags/example_sensor_decorator.py
[2023-08-15T18:27:12.312-0300] {processor.py:836} INFO - DAG(s) dict_keys(['example_sensor_decorator']) retrieved from /home/alan/repos/pipeline_airflow/pipeline-airflow-venv/lib/python3.11/site-packages/airflow/example_dags/example_sensor_decorator.py
[2023-08-15T18:27:12.343-0300] {logging_mixin.py:150} INFO - [2023-08-15T18:27:12.343-0300] {dag.py:2742} INFO - Sync 1 DAGs
[2023-08-15T18:27:12.381-0300] {logging_mixin.py:150} INFO - [2023-08-15T18:27:12.381-0300] {dag.py:3504} INFO - Setting next_dagrun for example_sensor_decorator to None, run_after=None
[2023-08-15T18:27:12.518-0300] {processor.py:179} INFO - Processing /home/alan/repos/pipeline_airflow/pipeline-airflow-venv/lib/python3.11/site-packages/airflow/example_dags/example_sensor_decorator.py took 0.232 seconds
[2023-08-15T18:28:12.181-0300] {processor.py:157} INFO - Started process (PID=21093) to work on /home/alan/repos/pipeline_airflow/pipeline-airflow-venv/lib/python3.11/site-packages/airflow/example_dags/example_sensor_decorator.py
[2023-08-15T18:28:12.184-0300] {processor.py:826} INFO - Processing file /home/alan/repos/pipeline_airflow/pipeline-airflow-venv/lib/python3.11/site-packages/airflow/example_dags/example_sensor_decorator.py for tasks to queue
[2023-08-15T18:28:12.186-0300] {logging_mixin.py:150} INFO - [2023-08-15T18:28:12.185-0300] {dagbag.py:541} INFO - Filling up the DagBag from /home/alan/repos/pipeline_airflow/pipeline-airflow-venv/lib/python3.11/site-packages/airflow/example_dags/example_sensor_decorator.py
[2023-08-15T18:28:12.210-0300] {processor.py:836} INFO - DAG(s) dict_keys(['example_sensor_decorator']) retrieved from /home/alan/repos/pipeline_airflow/pipeline-airflow-venv/lib/python3.11/site-packages/airflow/example_dags/example_sensor_decorator.py
[2023-08-15T18:28:12.261-0300] {logging_mixin.py:150} INFO - [2023-08-15T18:28:12.261-0300] {dag.py:2742} INFO - Sync 1 DAGs
[2023-08-15T18:28:12.319-0300] {logging_mixin.py:150} INFO - [2023-08-15T18:28:12.319-0300] {dag.py:3504} INFO - Setting next_dagrun for example_sensor_decorator to None, run_after=None
[2023-08-15T18:28:12.458-0300] {processor.py:179} INFO - Processing /home/alan/repos/pipeline_airflow/pipeline-airflow-venv/lib/python3.11/site-packages/airflow/example_dags/example_sensor_decorator.py took 0.290 seconds
[2023-08-15T18:29:09.489-0300] {processor.py:157} INFO - Started process (PID=21339) to work on /home/alan/repos/pipeline_airflow/pipeline-airflow-venv/lib/python3.11/site-packages/airflow/example_dags/example_sensor_decorator.py
[2023-08-15T18:29:09.496-0300] {processor.py:826} INFO - Processing file /home/alan/repos/pipeline_airflow/pipeline-airflow-venv/lib/python3.11/site-packages/airflow/example_dags/example_sensor_decorator.py for tasks to queue
[2023-08-15T18:29:09.498-0300] {logging_mixin.py:150} INFO - [2023-08-15T18:29:09.497-0300] {dagbag.py:541} INFO - Filling up the DagBag from /home/alan/repos/pipeline_airflow/pipeline-airflow-venv/lib/python3.11/site-packages/airflow/example_dags/example_sensor_decorator.py
[2023-08-15T18:29:09.510-0300] {processor.py:836} INFO - DAG(s) dict_keys(['example_sensor_decorator']) retrieved from /home/alan/repos/pipeline_airflow/pipeline-airflow-venv/lib/python3.11/site-packages/airflow/example_dags/example_sensor_decorator.py
[2023-08-15T18:29:09.542-0300] {logging_mixin.py:150} INFO - [2023-08-15T18:29:09.542-0300] {dag.py:2742} INFO - Sync 1 DAGs
[2023-08-15T18:29:09.582-0300] {logging_mixin.py:150} INFO - [2023-08-15T18:29:09.581-0300] {dag.py:3504} INFO - Setting next_dagrun for example_sensor_decorator to None, run_after=None
[2023-08-15T18:29:09.708-0300] {processor.py:179} INFO - Processing /home/alan/repos/pipeline_airflow/pipeline-airflow-venv/lib/python3.11/site-packages/airflow/example_dags/example_sensor_decorator.py took 0.225 seconds
[2023-08-15T18:30:07.356-0300] {processor.py:157} INFO - Started process (PID=21562) to work on /home/alan/repos/pipeline_airflow/pipeline-airflow-venv/lib/python3.11/site-packages/airflow/example_dags/example_sensor_decorator.py
[2023-08-15T18:30:07.358-0300] {processor.py:826} INFO - Processing file /home/alan/repos/pipeline_airflow/pipeline-airflow-venv/lib/python3.11/site-packages/airflow/example_dags/example_sensor_decorator.py for tasks to queue
[2023-08-15T18:30:07.360-0300] {logging_mixin.py:150} INFO - [2023-08-15T18:30:07.359-0300] {dagbag.py:541} INFO - Filling up the DagBag from /home/alan/repos/pipeline_airflow/pipeline-airflow-venv/lib/python3.11/site-packages/airflow/example_dags/example_sensor_decorator.py
[2023-08-15T18:30:07.372-0300] {processor.py:836} INFO - DAG(s) dict_keys(['example_sensor_decorator']) retrieved from /home/alan/repos/pipeline_airflow/pipeline-airflow-venv/lib/python3.11/site-packages/airflow/example_dags/example_sensor_decorator.py
[2023-08-15T18:30:07.403-0300] {logging_mixin.py:150} INFO - [2023-08-15T18:30:07.402-0300] {dag.py:2742} INFO - Sync 1 DAGs
[2023-08-15T18:30:07.436-0300] {logging_mixin.py:150} INFO - [2023-08-15T18:30:07.436-0300] {dag.py:3504} INFO - Setting next_dagrun for example_sensor_decorator to None, run_after=None
[2023-08-15T18:30:07.565-0300] {processor.py:179} INFO - Processing /home/alan/repos/pipeline_airflow/pipeline-airflow-venv/lib/python3.11/site-packages/airflow/example_dags/example_sensor_decorator.py took 0.216 seconds
[2023-08-15T18:31:02.389-0300] {processor.py:157} INFO - Started process (PID=21761) to work on /home/alan/repos/pipeline_airflow/pipeline-airflow-venv/lib/python3.11/site-packages/airflow/example_dags/example_sensor_decorator.py
[2023-08-15T18:31:02.391-0300] {processor.py:826} INFO - Processing file /home/alan/repos/pipeline_airflow/pipeline-airflow-venv/lib/python3.11/site-packages/airflow/example_dags/example_sensor_decorator.py for tasks to queue
[2023-08-15T18:31:02.392-0300] {logging_mixin.py:150} INFO - [2023-08-15T18:31:02.392-0300] {dagbag.py:541} INFO - Filling up the DagBag from /home/alan/repos/pipeline_airflow/pipeline-airflow-venv/lib/python3.11/site-packages/airflow/example_dags/example_sensor_decorator.py
[2023-08-15T18:31:02.404-0300] {processor.py:836} INFO - DAG(s) dict_keys(['example_sensor_decorator']) retrieved from /home/alan/repos/pipeline_airflow/pipeline-airflow-venv/lib/python3.11/site-packages/airflow/example_dags/example_sensor_decorator.py
[2023-08-15T18:31:02.434-0300] {logging_mixin.py:150} INFO - [2023-08-15T18:31:02.433-0300] {dag.py:2742} INFO - Sync 1 DAGs
[2023-08-15T18:31:02.471-0300] {logging_mixin.py:150} INFO - [2023-08-15T18:31:02.470-0300] {dag.py:3504} INFO - Setting next_dagrun for example_sensor_decorator to None, run_after=None
[2023-08-15T18:31:02.574-0300] {processor.py:179} INFO - Processing /home/alan/repos/pipeline_airflow/pipeline-airflow-venv/lib/python3.11/site-packages/airflow/example_dags/example_sensor_decorator.py took 0.191 seconds
[2023-08-15T18:31:58.685-0300] {processor.py:157} INFO - Started process (PID=21961) to work on /home/alan/repos/pipeline_airflow/pipeline-airflow-venv/lib/python3.11/site-packages/airflow/example_dags/example_sensor_decorator.py
[2023-08-15T18:31:58.687-0300] {processor.py:826} INFO - Processing file /home/alan/repos/pipeline_airflow/pipeline-airflow-venv/lib/python3.11/site-packages/airflow/example_dags/example_sensor_decorator.py for tasks to queue
[2023-08-15T18:31:58.689-0300] {logging_mixin.py:150} INFO - [2023-08-15T18:31:58.688-0300] {dagbag.py:541} INFO - Filling up the DagBag from /home/alan/repos/pipeline_airflow/pipeline-airflow-venv/lib/python3.11/site-packages/airflow/example_dags/example_sensor_decorator.py
[2023-08-15T18:31:58.701-0300] {processor.py:836} INFO - DAG(s) dict_keys(['example_sensor_decorator']) retrieved from /home/alan/repos/pipeline_airflow/pipeline-airflow-venv/lib/python3.11/site-packages/airflow/example_dags/example_sensor_decorator.py
[2023-08-15T18:31:58.732-0300] {logging_mixin.py:150} INFO - [2023-08-15T18:31:58.732-0300] {dag.py:2742} INFO - Sync 1 DAGs
[2023-08-15T18:31:58.766-0300] {logging_mixin.py:150} INFO - [2023-08-15T18:31:58.766-0300] {dag.py:3504} INFO - Setting next_dagrun for example_sensor_decorator to None, run_after=None
[2023-08-15T18:31:58.895-0300] {processor.py:179} INFO - Processing /home/alan/repos/pipeline_airflow/pipeline-airflow-venv/lib/python3.11/site-packages/airflow/example_dags/example_sensor_decorator.py took 0.216 seconds
[2023-08-15T18:32:53.731-0300] {processor.py:157} INFO - Started process (PID=22171) to work on /home/alan/repos/pipeline_airflow/pipeline-airflow-venv/lib/python3.11/site-packages/airflow/example_dags/example_sensor_decorator.py
[2023-08-15T18:32:53.755-0300] {processor.py:826} INFO - Processing file /home/alan/repos/pipeline_airflow/pipeline-airflow-venv/lib/python3.11/site-packages/airflow/example_dags/example_sensor_decorator.py for tasks to queue
[2023-08-15T18:32:53.756-0300] {logging_mixin.py:150} INFO - [2023-08-15T18:32:53.755-0300] {dagbag.py:541} INFO - Filling up the DagBag from /home/alan/repos/pipeline_airflow/pipeline-airflow-venv/lib/python3.11/site-packages/airflow/example_dags/example_sensor_decorator.py
[2023-08-15T18:32:53.771-0300] {processor.py:836} INFO - DAG(s) dict_keys(['example_sensor_decorator']) retrieved from /home/alan/repos/pipeline_airflow/pipeline-airflow-venv/lib/python3.11/site-packages/airflow/example_dags/example_sensor_decorator.py
[2023-08-15T18:32:53.825-0300] {logging_mixin.py:150} INFO - [2023-08-15T18:32:53.824-0300] {dag.py:2742} INFO - Sync 1 DAGs
[2023-08-15T18:32:53.922-0300] {logging_mixin.py:150} INFO - [2023-08-15T18:32:53.922-0300] {dag.py:3504} INFO - Setting next_dagrun for example_sensor_decorator to None, run_after=None
[2023-08-15T18:32:54.094-0300] {processor.py:179} INFO - Processing /home/alan/repos/pipeline_airflow/pipeline-airflow-venv/lib/python3.11/site-packages/airflow/example_dags/example_sensor_decorator.py took 0.372 seconds
[2023-08-15T18:33:52.410-0300] {processor.py:157} INFO - Started process (PID=22396) to work on /home/alan/repos/pipeline_airflow/pipeline-airflow-venv/lib/python3.11/site-packages/airflow/example_dags/example_sensor_decorator.py
[2023-08-15T18:33:52.411-0300] {processor.py:826} INFO - Processing file /home/alan/repos/pipeline_airflow/pipeline-airflow-venv/lib/python3.11/site-packages/airflow/example_dags/example_sensor_decorator.py for tasks to queue
[2023-08-15T18:33:52.413-0300] {logging_mixin.py:150} INFO - [2023-08-15T18:33:52.413-0300] {dagbag.py:541} INFO - Filling up the DagBag from /home/alan/repos/pipeline_airflow/pipeline-airflow-venv/lib/python3.11/site-packages/airflow/example_dags/example_sensor_decorator.py
[2023-08-15T18:33:52.424-0300] {processor.py:836} INFO - DAG(s) dict_keys(['example_sensor_decorator']) retrieved from /home/alan/repos/pipeline_airflow/pipeline-airflow-venv/lib/python3.11/site-packages/airflow/example_dags/example_sensor_decorator.py
[2023-08-15T18:33:52.452-0300] {logging_mixin.py:150} INFO - [2023-08-15T18:33:52.452-0300] {dag.py:2742} INFO - Sync 1 DAGs
[2023-08-15T18:33:52.486-0300] {logging_mixin.py:150} INFO - [2023-08-15T18:33:52.486-0300] {dag.py:3504} INFO - Setting next_dagrun for example_sensor_decorator to None, run_after=None
[2023-08-15T18:33:52.585-0300] {processor.py:179} INFO - Processing /home/alan/repos/pipeline_airflow/pipeline-airflow-venv/lib/python3.11/site-packages/airflow/example_dags/example_sensor_decorator.py took 0.181 seconds
[2023-08-15T18:34:47.474-0300] {processor.py:157} INFO - Started process (PID=22588) to work on /home/alan/repos/pipeline_airflow/pipeline-airflow-venv/lib/python3.11/site-packages/airflow/example_dags/example_sensor_decorator.py
[2023-08-15T18:34:47.476-0300] {processor.py:826} INFO - Processing file /home/alan/repos/pipeline_airflow/pipeline-airflow-venv/lib/python3.11/site-packages/airflow/example_dags/example_sensor_decorator.py for tasks to queue
[2023-08-15T18:34:47.478-0300] {logging_mixin.py:150} INFO - [2023-08-15T18:34:47.477-0300] {dagbag.py:541} INFO - Filling up the DagBag from /home/alan/repos/pipeline_airflow/pipeline-airflow-venv/lib/python3.11/site-packages/airflow/example_dags/example_sensor_decorator.py
[2023-08-15T18:34:47.494-0300] {processor.py:836} INFO - DAG(s) dict_keys(['example_sensor_decorator']) retrieved from /home/alan/repos/pipeline_airflow/pipeline-airflow-venv/lib/python3.11/site-packages/airflow/example_dags/example_sensor_decorator.py
[2023-08-15T18:34:47.543-0300] {logging_mixin.py:150} INFO - [2023-08-15T18:34:47.542-0300] {dag.py:2742} INFO - Sync 1 DAGs
[2023-08-15T18:34:47.588-0300] {logging_mixin.py:150} INFO - [2023-08-15T18:34:47.587-0300] {dag.py:3504} INFO - Setting next_dagrun for example_sensor_decorator to None, run_after=None
[2023-08-15T18:34:47.698-0300] {processor.py:179} INFO - Processing /home/alan/repos/pipeline_airflow/pipeline-airflow-venv/lib/python3.11/site-packages/airflow/example_dags/example_sensor_decorator.py took 0.229 seconds
[2023-08-15T18:35:41.483-0300] {processor.py:157} INFO - Started process (PID=22782) to work on /home/alan/repos/pipeline_airflow/pipeline-airflow-venv/lib/python3.11/site-packages/airflow/example_dags/example_sensor_decorator.py
[2023-08-15T18:35:41.498-0300] {processor.py:826} INFO - Processing file /home/alan/repos/pipeline_airflow/pipeline-airflow-venv/lib/python3.11/site-packages/airflow/example_dags/example_sensor_decorator.py for tasks to queue
[2023-08-15T18:35:41.499-0300] {logging_mixin.py:150} INFO - [2023-08-15T18:35:41.499-0300] {dagbag.py:541} INFO - Filling up the DagBag from /home/alan/repos/pipeline_airflow/pipeline-airflow-venv/lib/python3.11/site-packages/airflow/example_dags/example_sensor_decorator.py
[2023-08-15T18:35:41.511-0300] {processor.py:836} INFO - DAG(s) dict_keys(['example_sensor_decorator']) retrieved from /home/alan/repos/pipeline_airflow/pipeline-airflow-venv/lib/python3.11/site-packages/airflow/example_dags/example_sensor_decorator.py
[2023-08-15T18:35:41.546-0300] {logging_mixin.py:150} INFO - [2023-08-15T18:35:41.546-0300] {dag.py:2742} INFO - Sync 1 DAGs
[2023-08-15T18:35:41.596-0300] {logging_mixin.py:150} INFO - [2023-08-15T18:35:41.595-0300] {dag.py:3504} INFO - Setting next_dagrun for example_sensor_decorator to None, run_after=None
[2023-08-15T18:35:41.731-0300] {processor.py:179} INFO - Processing /home/alan/repos/pipeline_airflow/pipeline-airflow-venv/lib/python3.11/site-packages/airflow/example_dags/example_sensor_decorator.py took 0.254 seconds
[2023-08-15T18:36:42.001-0300] {processor.py:157} INFO - Started process (PID=23005) to work on /home/alan/repos/pipeline_airflow/pipeline-airflow-venv/lib/python3.11/site-packages/airflow/example_dags/example_sensor_decorator.py
[2023-08-15T18:36:42.017-0300] {processor.py:826} INFO - Processing file /home/alan/repos/pipeline_airflow/pipeline-airflow-venv/lib/python3.11/site-packages/airflow/example_dags/example_sensor_decorator.py for tasks to queue
[2023-08-15T18:36:42.019-0300] {logging_mixin.py:150} INFO - [2023-08-15T18:36:42.018-0300] {dagbag.py:541} INFO - Filling up the DagBag from /home/alan/repos/pipeline_airflow/pipeline-airflow-venv/lib/python3.11/site-packages/airflow/example_dags/example_sensor_decorator.py
[2023-08-15T18:36:42.038-0300] {processor.py:836} INFO - DAG(s) dict_keys(['example_sensor_decorator']) retrieved from /home/alan/repos/pipeline_airflow/pipeline-airflow-venv/lib/python3.11/site-packages/airflow/example_dags/example_sensor_decorator.py
[2023-08-15T18:36:42.088-0300] {logging_mixin.py:150} INFO - [2023-08-15T18:36:42.087-0300] {dag.py:2742} INFO - Sync 1 DAGs
[2023-08-15T18:36:42.140-0300] {logging_mixin.py:150} INFO - [2023-08-15T18:36:42.139-0300] {dag.py:3504} INFO - Setting next_dagrun for example_sensor_decorator to None, run_after=None
[2023-08-15T18:36:42.261-0300] {processor.py:179} INFO - Processing /home/alan/repos/pipeline_airflow/pipeline-airflow-venv/lib/python3.11/site-packages/airflow/example_dags/example_sensor_decorator.py took 0.273 seconds
[2023-08-15T18:37:55.598-0300] {processor.py:157} INFO - Started process (PID=23307) to work on /home/alan/repos/pipeline_airflow/pipeline-airflow-venv/lib/python3.11/site-packages/airflow/example_dags/example_sensor_decorator.py
[2023-08-15T18:37:55.621-0300] {processor.py:826} INFO - Processing file /home/alan/repos/pipeline_airflow/pipeline-airflow-venv/lib/python3.11/site-packages/airflow/example_dags/example_sensor_decorator.py for tasks to queue
[2023-08-15T18:37:55.623-0300] {logging_mixin.py:150} INFO - [2023-08-15T18:37:55.622-0300] {dagbag.py:541} INFO - Filling up the DagBag from /home/alan/repos/pipeline_airflow/pipeline-airflow-venv/lib/python3.11/site-packages/airflow/example_dags/example_sensor_decorator.py
[2023-08-15T18:37:55.641-0300] {processor.py:836} INFO - DAG(s) dict_keys(['example_sensor_decorator']) retrieved from /home/alan/repos/pipeline_airflow/pipeline-airflow-venv/lib/python3.11/site-packages/airflow/example_dags/example_sensor_decorator.py
[2023-08-15T18:37:55.685-0300] {logging_mixin.py:150} INFO - [2023-08-15T18:37:55.684-0300] {dag.py:2742} INFO - Sync 1 DAGs
[2023-08-15T18:37:55.757-0300] {logging_mixin.py:150} INFO - [2023-08-15T18:37:55.757-0300] {dag.py:3504} INFO - Setting next_dagrun for example_sensor_decorator to None, run_after=None
[2023-08-15T18:37:55.879-0300] {processor.py:179} INFO - Processing /home/alan/repos/pipeline_airflow/pipeline-airflow-venv/lib/python3.11/site-packages/airflow/example_dags/example_sensor_decorator.py took 0.288 seconds
[2023-08-15T18:43:33.093-0300] {processor.py:157} INFO - Started process (PID=23592) to work on /home/alan/repos/pipeline_airflow/pipeline-airflow-venv/lib/python3.11/site-packages/airflow/example_dags/example_sensor_decorator.py
[2023-08-15T18:43:33.104-0300] {processor.py:826} INFO - Processing file /home/alan/repos/pipeline_airflow/pipeline-airflow-venv/lib/python3.11/site-packages/airflow/example_dags/example_sensor_decorator.py for tasks to queue
[2023-08-15T18:43:33.105-0300] {logging_mixin.py:150} INFO - [2023-08-15T18:43:33.105-0300] {dagbag.py:541} INFO - Filling up the DagBag from /home/alan/repos/pipeline_airflow/pipeline-airflow-venv/lib/python3.11/site-packages/airflow/example_dags/example_sensor_decorator.py
[2023-08-15T18:43:33.122-0300] {processor.py:836} INFO - DAG(s) dict_keys(['example_sensor_decorator']) retrieved from /home/alan/repos/pipeline_airflow/pipeline-airflow-venv/lib/python3.11/site-packages/airflow/example_dags/example_sensor_decorator.py
[2023-08-15T18:43:33.140-0300] {logging_mixin.py:150} INFO - [2023-08-15T18:43:33.139-0300] {dag.py:2742} INFO - Sync 1 DAGs
[2023-08-15T18:43:33.176-0300] {logging_mixin.py:150} INFO - [2023-08-15T18:43:33.176-0300] {dag.py:3504} INFO - Setting next_dagrun for example_sensor_decorator to None, run_after=None
[2023-08-15T18:43:33.285-0300] {processor.py:179} INFO - Processing /home/alan/repos/pipeline_airflow/pipeline-airflow-venv/lib/python3.11/site-packages/airflow/example_dags/example_sensor_decorator.py took 0.198 seconds
[2023-08-15T18:44:13.390-0300] {processor.py:157} INFO - Started process (PID=23697) to work on /home/alan/repos/pipeline_airflow/pipeline-airflow-venv/lib/python3.11/site-packages/airflow/example_dags/example_sensor_decorator.py
[2023-08-15T18:44:13.392-0300] {processor.py:826} INFO - Processing file /home/alan/repos/pipeline_airflow/pipeline-airflow-venv/lib/python3.11/site-packages/airflow/example_dags/example_sensor_decorator.py for tasks to queue
[2023-08-15T18:44:13.393-0300] {logging_mixin.py:150} INFO - [2023-08-15T18:44:13.393-0300] {dagbag.py:541} INFO - Filling up the DagBag from /home/alan/repos/pipeline_airflow/pipeline-airflow-venv/lib/python3.11/site-packages/airflow/example_dags/example_sensor_decorator.py
[2023-08-15T18:44:13.410-0300] {processor.py:836} INFO - DAG(s) dict_keys(['example_sensor_decorator']) retrieved from /home/alan/repos/pipeline_airflow/pipeline-airflow-venv/lib/python3.11/site-packages/airflow/example_dags/example_sensor_decorator.py
[2023-08-15T18:44:13.426-0300] {logging_mixin.py:150} INFO - [2023-08-15T18:44:13.426-0300] {dag.py:2742} INFO - Sync 1 DAGs
[2023-08-15T18:44:13.462-0300] {logging_mixin.py:150} INFO - [2023-08-15T18:44:13.462-0300] {dag.py:3504} INFO - Setting next_dagrun for example_sensor_decorator to None, run_after=None
[2023-08-15T18:44:13.559-0300] {processor.py:179} INFO - Processing /home/alan/repos/pipeline_airflow/pipeline-airflow-venv/lib/python3.11/site-packages/airflow/example_dags/example_sensor_decorator.py took 0.175 seconds
[2023-08-15T18:45:32.365-0300] {processor.py:157} INFO - Started process (PID=24104) to work on /home/alan/repos/pipeline_airflow/pipeline-airflow-venv/lib/python3.11/site-packages/airflow/example_dags/example_sensor_decorator.py
[2023-08-15T18:45:32.371-0300] {processor.py:826} INFO - Processing file /home/alan/repos/pipeline_airflow/pipeline-airflow-venv/lib/python3.11/site-packages/airflow/example_dags/example_sensor_decorator.py for tasks to queue
[2023-08-15T18:45:32.372-0300] {logging_mixin.py:150} INFO - [2023-08-15T18:45:32.372-0300] {dagbag.py:541} INFO - Filling up the DagBag from /home/alan/repos/pipeline_airflow/pipeline-airflow-venv/lib/python3.11/site-packages/airflow/example_dags/example_sensor_decorator.py
[2023-08-15T18:45:32.383-0300] {processor.py:836} INFO - DAG(s) dict_keys(['example_sensor_decorator']) retrieved from /home/alan/repos/pipeline_airflow/pipeline-airflow-venv/lib/python3.11/site-packages/airflow/example_dags/example_sensor_decorator.py
[2023-08-15T18:45:32.412-0300] {logging_mixin.py:150} INFO - [2023-08-15T18:45:32.412-0300] {dag.py:2742} INFO - Sync 1 DAGs
[2023-08-15T18:45:32.449-0300] {logging_mixin.py:150} INFO - [2023-08-15T18:45:32.449-0300] {dag.py:3504} INFO - Setting next_dagrun for example_sensor_decorator to None, run_after=None
[2023-08-15T18:45:32.568-0300] {processor.py:179} INFO - Processing /home/alan/repos/pipeline_airflow/pipeline-airflow-venv/lib/python3.11/site-packages/airflow/example_dags/example_sensor_decorator.py took 0.208 seconds
[2023-08-15T18:46:39.840-0300] {processor.py:157} INFO - Started process (PID=24339) to work on /home/alan/repos/pipeline_airflow/pipeline-airflow-venv/lib/python3.11/site-packages/airflow/example_dags/example_sensor_decorator.py
[2023-08-15T18:46:39.849-0300] {processor.py:826} INFO - Processing file /home/alan/repos/pipeline_airflow/pipeline-airflow-venv/lib/python3.11/site-packages/airflow/example_dags/example_sensor_decorator.py for tasks to queue
[2023-08-15T18:46:39.851-0300] {logging_mixin.py:150} INFO - [2023-08-15T18:46:39.850-0300] {dagbag.py:541} INFO - Filling up the DagBag from /home/alan/repos/pipeline_airflow/pipeline-airflow-venv/lib/python3.11/site-packages/airflow/example_dags/example_sensor_decorator.py
[2023-08-15T18:46:39.862-0300] {processor.py:836} INFO - DAG(s) dict_keys(['example_sensor_decorator']) retrieved from /home/alan/repos/pipeline_airflow/pipeline-airflow-venv/lib/python3.11/site-packages/airflow/example_dags/example_sensor_decorator.py
[2023-08-15T18:46:39.891-0300] {logging_mixin.py:150} INFO - [2023-08-15T18:46:39.890-0300] {dag.py:2742} INFO - Sync 1 DAGs
[2023-08-15T18:46:39.930-0300] {logging_mixin.py:150} INFO - [2023-08-15T18:46:39.929-0300] {dag.py:3504} INFO - Setting next_dagrun for example_sensor_decorator to None, run_after=None
[2023-08-15T18:46:40.087-0300] {processor.py:179} INFO - Processing /home/alan/repos/pipeline_airflow/pipeline-airflow-venv/lib/python3.11/site-packages/airflow/example_dags/example_sensor_decorator.py took 0.252 seconds
[2023-08-15T18:47:43.884-0300] {processor.py:157} INFO - Started process (PID=24565) to work on /home/alan/repos/pipeline_airflow/pipeline-airflow-venv/lib/python3.11/site-packages/airflow/example_dags/example_sensor_decorator.py
[2023-08-15T18:47:43.889-0300] {processor.py:826} INFO - Processing file /home/alan/repos/pipeline_airflow/pipeline-airflow-venv/lib/python3.11/site-packages/airflow/example_dags/example_sensor_decorator.py for tasks to queue
[2023-08-15T18:47:43.890-0300] {logging_mixin.py:150} INFO - [2023-08-15T18:47:43.890-0300] {dagbag.py:541} INFO - Filling up the DagBag from /home/alan/repos/pipeline_airflow/pipeline-airflow-venv/lib/python3.11/site-packages/airflow/example_dags/example_sensor_decorator.py
[2023-08-15T18:47:43.904-0300] {processor.py:836} INFO - DAG(s) dict_keys(['example_sensor_decorator']) retrieved from /home/alan/repos/pipeline_airflow/pipeline-airflow-venv/lib/python3.11/site-packages/airflow/example_dags/example_sensor_decorator.py
[2023-08-15T18:47:43.937-0300] {logging_mixin.py:150} INFO - [2023-08-15T18:47:43.936-0300] {dag.py:2742} INFO - Sync 1 DAGs
[2023-08-15T18:47:43.976-0300] {logging_mixin.py:150} INFO - [2023-08-15T18:47:43.976-0300] {dag.py:3504} INFO - Setting next_dagrun for example_sensor_decorator to None, run_after=None
[2023-08-15T18:47:44.164-0300] {processor.py:179} INFO - Processing /home/alan/repos/pipeline_airflow/pipeline-airflow-venv/lib/python3.11/site-packages/airflow/example_dags/example_sensor_decorator.py took 0.289 seconds
[2023-08-15T18:48:51.384-0300] {processor.py:157} INFO - Started process (PID=24787) to work on /home/alan/repos/pipeline_airflow/pipeline-airflow-venv/lib/python3.11/site-packages/airflow/example_dags/example_sensor_decorator.py
[2023-08-15T18:48:51.385-0300] {processor.py:826} INFO - Processing file /home/alan/repos/pipeline_airflow/pipeline-airflow-venv/lib/python3.11/site-packages/airflow/example_dags/example_sensor_decorator.py for tasks to queue
[2023-08-15T18:48:51.387-0300] {logging_mixin.py:150} INFO - [2023-08-15T18:48:51.386-0300] {dagbag.py:541} INFO - Filling up the DagBag from /home/alan/repos/pipeline_airflow/pipeline-airflow-venv/lib/python3.11/site-packages/airflow/example_dags/example_sensor_decorator.py
[2023-08-15T18:48:51.397-0300] {processor.py:836} INFO - DAG(s) dict_keys(['example_sensor_decorator']) retrieved from /home/alan/repos/pipeline_airflow/pipeline-airflow-venv/lib/python3.11/site-packages/airflow/example_dags/example_sensor_decorator.py
[2023-08-15T18:48:51.428-0300] {logging_mixin.py:150} INFO - [2023-08-15T18:48:51.427-0300] {dag.py:2742} INFO - Sync 1 DAGs
[2023-08-15T18:48:51.621-0300] {logging_mixin.py:150} INFO - [2023-08-15T18:48:51.620-0300] {dag.py:3504} INFO - Setting next_dagrun for example_sensor_decorator to None, run_after=None
[2023-08-15T18:48:51.725-0300] {processor.py:179} INFO - Processing /home/alan/repos/pipeline_airflow/pipeline-airflow-venv/lib/python3.11/site-packages/airflow/example_dags/example_sensor_decorator.py took 0.346 seconds
[2023-08-15T18:49:55.815-0300] {processor.py:157} INFO - Started process (PID=25008) to work on /home/alan/repos/pipeline_airflow/pipeline-airflow-venv/lib/python3.11/site-packages/airflow/example_dags/example_sensor_decorator.py
[2023-08-15T18:49:55.820-0300] {processor.py:826} INFO - Processing file /home/alan/repos/pipeline_airflow/pipeline-airflow-venv/lib/python3.11/site-packages/airflow/example_dags/example_sensor_decorator.py for tasks to queue
[2023-08-15T18:49:55.822-0300] {logging_mixin.py:150} INFO - [2023-08-15T18:49:55.821-0300] {dagbag.py:541} INFO - Filling up the DagBag from /home/alan/repos/pipeline_airflow/pipeline-airflow-venv/lib/python3.11/site-packages/airflow/example_dags/example_sensor_decorator.py
[2023-08-15T18:49:55.836-0300] {processor.py:836} INFO - DAG(s) dict_keys(['example_sensor_decorator']) retrieved from /home/alan/repos/pipeline_airflow/pipeline-airflow-venv/lib/python3.11/site-packages/airflow/example_dags/example_sensor_decorator.py
[2023-08-15T18:49:55.882-0300] {logging_mixin.py:150} INFO - [2023-08-15T18:49:55.881-0300] {dag.py:2742} INFO - Sync 1 DAGs
[2023-08-15T18:49:55.929-0300] {logging_mixin.py:150} INFO - [2023-08-15T18:49:55.929-0300] {dag.py:3504} INFO - Setting next_dagrun for example_sensor_decorator to None, run_after=None
[2023-08-15T18:49:56.103-0300] {processor.py:179} INFO - Processing /home/alan/repos/pipeline_airflow/pipeline-airflow-venv/lib/python3.11/site-packages/airflow/example_dags/example_sensor_decorator.py took 0.300 seconds
[2023-08-15T18:50:59.090-0300] {processor.py:157} INFO - Started process (PID=25292) to work on /home/alan/repos/pipeline_airflow/pipeline-airflow-venv/lib/python3.11/site-packages/airflow/example_dags/example_sensor_decorator.py
[2023-08-15T18:50:59.106-0300] {processor.py:826} INFO - Processing file /home/alan/repos/pipeline_airflow/pipeline-airflow-venv/lib/python3.11/site-packages/airflow/example_dags/example_sensor_decorator.py for tasks to queue
[2023-08-15T18:50:59.108-0300] {logging_mixin.py:150} INFO - [2023-08-15T18:50:59.107-0300] {dagbag.py:541} INFO - Filling up the DagBag from /home/alan/repos/pipeline_airflow/pipeline-airflow-venv/lib/python3.11/site-packages/airflow/example_dags/example_sensor_decorator.py
[2023-08-15T18:50:59.118-0300] {processor.py:836} INFO - DAG(s) dict_keys(['example_sensor_decorator']) retrieved from /home/alan/repos/pipeline_airflow/pipeline-airflow-venv/lib/python3.11/site-packages/airflow/example_dags/example_sensor_decorator.py
[2023-08-15T18:50:59.153-0300] {logging_mixin.py:150} INFO - [2023-08-15T18:50:59.152-0300] {dag.py:2742} INFO - Sync 1 DAGs
[2023-08-15T18:50:59.190-0300] {logging_mixin.py:150} INFO - [2023-08-15T18:50:59.190-0300] {dag.py:3504} INFO - Setting next_dagrun for example_sensor_decorator to None, run_after=None
[2023-08-15T18:50:59.312-0300] {processor.py:179} INFO - Processing /home/alan/repos/pipeline_airflow/pipeline-airflow-venv/lib/python3.11/site-packages/airflow/example_dags/example_sensor_decorator.py took 0.230 seconds
[2023-08-15T18:52:10.588-0300] {processor.py:157} INFO - Started process (PID=25618) to work on /home/alan/repos/pipeline_airflow/pipeline-airflow-venv/lib/python3.11/site-packages/airflow/example_dags/example_sensor_decorator.py
[2023-08-15T18:52:10.599-0300] {processor.py:826} INFO - Processing file /home/alan/repos/pipeline_airflow/pipeline-airflow-venv/lib/python3.11/site-packages/airflow/example_dags/example_sensor_decorator.py for tasks to queue
[2023-08-15T18:52:10.601-0300] {logging_mixin.py:150} INFO - [2023-08-15T18:52:10.600-0300] {dagbag.py:541} INFO - Filling up the DagBag from /home/alan/repos/pipeline_airflow/pipeline-airflow-venv/lib/python3.11/site-packages/airflow/example_dags/example_sensor_decorator.py
[2023-08-15T18:52:10.612-0300] {processor.py:836} INFO - DAG(s) dict_keys(['example_sensor_decorator']) retrieved from /home/alan/repos/pipeline_airflow/pipeline-airflow-venv/lib/python3.11/site-packages/airflow/example_dags/example_sensor_decorator.py
[2023-08-15T18:52:10.643-0300] {logging_mixin.py:150} INFO - [2023-08-15T18:52:10.642-0300] {dag.py:2742} INFO - Sync 1 DAGs
[2023-08-15T18:52:10.678-0300] {logging_mixin.py:150} INFO - [2023-08-15T18:52:10.678-0300] {dag.py:3504} INFO - Setting next_dagrun for example_sensor_decorator to None, run_after=None
[2023-08-15T18:52:10.819-0300] {processor.py:179} INFO - Processing /home/alan/repos/pipeline_airflow/pipeline-airflow-venv/lib/python3.11/site-packages/airflow/example_dags/example_sensor_decorator.py took 0.236 seconds
[2023-08-15T18:53:09.684-0300] {processor.py:157} INFO - Started process (PID=25882) to work on /home/alan/repos/pipeline_airflow/pipeline-airflow-venv/lib/python3.11/site-packages/airflow/example_dags/example_sensor_decorator.py
[2023-08-15T18:53:09.691-0300] {processor.py:826} INFO - Processing file /home/alan/repos/pipeline_airflow/pipeline-airflow-venv/lib/python3.11/site-packages/airflow/example_dags/example_sensor_decorator.py for tasks to queue
[2023-08-15T18:53:09.693-0300] {logging_mixin.py:150} INFO - [2023-08-15T18:53:09.692-0300] {dagbag.py:541} INFO - Filling up the DagBag from /home/alan/repos/pipeline_airflow/pipeline-airflow-venv/lib/python3.11/site-packages/airflow/example_dags/example_sensor_decorator.py
[2023-08-15T18:53:09.704-0300] {processor.py:836} INFO - DAG(s) dict_keys(['example_sensor_decorator']) retrieved from /home/alan/repos/pipeline_airflow/pipeline-airflow-venv/lib/python3.11/site-packages/airflow/example_dags/example_sensor_decorator.py
[2023-08-15T18:53:09.734-0300] {logging_mixin.py:150} INFO - [2023-08-15T18:53:09.734-0300] {dag.py:2742} INFO - Sync 1 DAGs
[2023-08-15T18:53:09.771-0300] {logging_mixin.py:150} INFO - [2023-08-15T18:53:09.771-0300] {dag.py:3504} INFO - Setting next_dagrun for example_sensor_decorator to None, run_after=None
[2023-08-15T18:53:09.866-0300] {processor.py:179} INFO - Processing /home/alan/repos/pipeline_airflow/pipeline-airflow-venv/lib/python3.11/site-packages/airflow/example_dags/example_sensor_decorator.py took 0.188 seconds
[2023-08-15T18:54:03.416-0300] {processor.py:157} INFO - Started process (PID=26092) to work on /home/alan/repos/pipeline_airflow/pipeline-airflow-venv/lib/python3.11/site-packages/airflow/example_dags/example_sensor_decorator.py
[2023-08-15T18:54:03.418-0300] {processor.py:826} INFO - Processing file /home/alan/repos/pipeline_airflow/pipeline-airflow-venv/lib/python3.11/site-packages/airflow/example_dags/example_sensor_decorator.py for tasks to queue
[2023-08-15T18:54:03.420-0300] {logging_mixin.py:150} INFO - [2023-08-15T18:54:03.419-0300] {dagbag.py:541} INFO - Filling up the DagBag from /home/alan/repos/pipeline_airflow/pipeline-airflow-venv/lib/python3.11/site-packages/airflow/example_dags/example_sensor_decorator.py
[2023-08-15T18:54:03.432-0300] {processor.py:836} INFO - DAG(s) dict_keys(['example_sensor_decorator']) retrieved from /home/alan/repos/pipeline_airflow/pipeline-airflow-venv/lib/python3.11/site-packages/airflow/example_dags/example_sensor_decorator.py
[2023-08-15T18:54:03.464-0300] {logging_mixin.py:150} INFO - [2023-08-15T18:54:03.463-0300] {dag.py:2742} INFO - Sync 1 DAGs
[2023-08-15T18:54:03.497-0300] {logging_mixin.py:150} INFO - [2023-08-15T18:54:03.497-0300] {dag.py:3504} INFO - Setting next_dagrun for example_sensor_decorator to None, run_after=None
[2023-08-15T18:54:03.633-0300] {processor.py:179} INFO - Processing /home/alan/repos/pipeline_airflow/pipeline-airflow-venv/lib/python3.11/site-packages/airflow/example_dags/example_sensor_decorator.py took 0.223 seconds
[2023-08-15T18:55:38.104-0300] {processor.py:157} INFO - Started process (PID=26721) to work on /home/alan/repos/pipeline_airflow/pipeline-airflow-venv/lib/python3.11/site-packages/airflow/example_dags/example_sensor_decorator.py
[2023-08-15T18:55:38.144-0300] {processor.py:826} INFO - Processing file /home/alan/repos/pipeline_airflow/pipeline-airflow-venv/lib/python3.11/site-packages/airflow/example_dags/example_sensor_decorator.py for tasks to queue
[2023-08-15T18:55:38.145-0300] {logging_mixin.py:150} INFO - [2023-08-15T18:55:38.145-0300] {dagbag.py:541} INFO - Filling up the DagBag from /home/alan/repos/pipeline_airflow/pipeline-airflow-venv/lib/python3.11/site-packages/airflow/example_dags/example_sensor_decorator.py
[2023-08-15T18:55:38.219-0300] {processor.py:836} INFO - DAG(s) dict_keys(['example_sensor_decorator']) retrieved from /home/alan/repos/pipeline_airflow/pipeline-airflow-venv/lib/python3.11/site-packages/airflow/example_dags/example_sensor_decorator.py
[2023-08-15T18:55:39.145-0300] {logging_mixin.py:150} INFO - [2023-08-15T18:55:39.145-0300] {dag.py:2742} INFO - Sync 1 DAGs
[2023-08-15T18:55:39.186-0300] {logging_mixin.py:150} INFO - [2023-08-15T18:55:39.186-0300] {dag.py:3504} INFO - Setting next_dagrun for example_sensor_decorator to None, run_after=None
[2023-08-15T18:55:39.353-0300] {processor.py:179} INFO - Processing /home/alan/repos/pipeline_airflow/pipeline-airflow-venv/lib/python3.11/site-packages/airflow/example_dags/example_sensor_decorator.py took 1.254 seconds
[2023-08-15T18:57:58.269-0300] {processor.py:157} INFO - Started process (PID=27040) to work on /home/alan/repos/pipeline_airflow/pipeline-airflow-venv/lib/python3.11/site-packages/airflow/example_dags/example_sensor_decorator.py
[2023-08-15T18:57:58.345-0300] {processor.py:826} INFO - Processing file /home/alan/repos/pipeline_airflow/pipeline-airflow-venv/lib/python3.11/site-packages/airflow/example_dags/example_sensor_decorator.py for tasks to queue
[2023-08-15T18:57:58.347-0300] {logging_mixin.py:150} INFO - [2023-08-15T18:57:58.346-0300] {dagbag.py:541} INFO - Filling up the DagBag from /home/alan/repos/pipeline_airflow/pipeline-airflow-venv/lib/python3.11/site-packages/airflow/example_dags/example_sensor_decorator.py
[2023-08-15T18:57:58.674-0300] {processor.py:836} INFO - DAG(s) dict_keys(['example_sensor_decorator']) retrieved from /home/alan/repos/pipeline_airflow/pipeline-airflow-venv/lib/python3.11/site-packages/airflow/example_dags/example_sensor_decorator.py
[2023-08-15T18:57:58.704-0300] {logging_mixin.py:150} INFO - [2023-08-15T18:57:58.703-0300] {dag.py:2742} INFO - Sync 1 DAGs
[2023-08-15T18:57:58.738-0300] {logging_mixin.py:150} INFO - [2023-08-15T18:57:58.738-0300] {dag.py:3504} INFO - Setting next_dagrun for example_sensor_decorator to None, run_after=None
[2023-08-15T18:57:59.878-0300] {processor.py:179} INFO - Processing /home/alan/repos/pipeline_airflow/pipeline-airflow-venv/lib/python3.11/site-packages/airflow/example_dags/example_sensor_decorator.py took 1.614 seconds
[2023-08-15T19:01:26.857-0300] {processor.py:157} INFO - Started process (PID=27541) to work on /home/alan/repos/pipeline_airflow/pipeline-airflow-venv/lib/python3.11/site-packages/airflow/example_dags/example_sensor_decorator.py
[2023-08-15T19:01:26.879-0300] {processor.py:826} INFO - Processing file /home/alan/repos/pipeline_airflow/pipeline-airflow-venv/lib/python3.11/site-packages/airflow/example_dags/example_sensor_decorator.py for tasks to queue
[2023-08-15T19:01:26.880-0300] {logging_mixin.py:150} INFO - [2023-08-15T19:01:26.880-0300] {dagbag.py:541} INFO - Filling up the DagBag from /home/alan/repos/pipeline_airflow/pipeline-airflow-venv/lib/python3.11/site-packages/airflow/example_dags/example_sensor_decorator.py
[2023-08-15T19:01:26.912-0300] {processor.py:836} INFO - DAG(s) dict_keys(['example_sensor_decorator']) retrieved from /home/alan/repos/pipeline_airflow/pipeline-airflow-venv/lib/python3.11/site-packages/airflow/example_dags/example_sensor_decorator.py
[2023-08-15T19:01:26.958-0300] {logging_mixin.py:150} INFO - [2023-08-15T19:01:26.957-0300] {dag.py:2742} INFO - Sync 1 DAGs
[2023-08-15T19:01:27.001-0300] {logging_mixin.py:150} INFO - [2023-08-15T19:01:27.000-0300] {dag.py:3504} INFO - Setting next_dagrun for example_sensor_decorator to None, run_after=None
[2023-08-15T19:01:27.171-0300] {processor.py:179} INFO - Processing /home/alan/repos/pipeline_airflow/pipeline-airflow-venv/lib/python3.11/site-packages/airflow/example_dags/example_sensor_decorator.py took 0.324 seconds
[2023-08-15T19:02:45.193-0300] {processor.py:157} INFO - Started process (PID=27780) to work on /home/alan/repos/pipeline_airflow/pipeline-airflow-venv/lib/python3.11/site-packages/airflow/example_dags/example_sensor_decorator.py
[2023-08-15T19:02:45.199-0300] {processor.py:826} INFO - Processing file /home/alan/repos/pipeline_airflow/pipeline-airflow-venv/lib/python3.11/site-packages/airflow/example_dags/example_sensor_decorator.py for tasks to queue
[2023-08-15T19:02:45.200-0300] {logging_mixin.py:150} INFO - [2023-08-15T19:02:45.199-0300] {dagbag.py:541} INFO - Filling up the DagBag from /home/alan/repos/pipeline_airflow/pipeline-airflow-venv/lib/python3.11/site-packages/airflow/example_dags/example_sensor_decorator.py
[2023-08-15T19:02:45.220-0300] {processor.py:836} INFO - DAG(s) dict_keys(['example_sensor_decorator']) retrieved from /home/alan/repos/pipeline_airflow/pipeline-airflow-venv/lib/python3.11/site-packages/airflow/example_dags/example_sensor_decorator.py
[2023-08-15T19:02:45.249-0300] {logging_mixin.py:150} INFO - [2023-08-15T19:02:45.248-0300] {dag.py:2742} INFO - Sync 1 DAGs
[2023-08-15T19:02:45.293-0300] {logging_mixin.py:150} INFO - [2023-08-15T19:02:45.293-0300] {dag.py:3504} INFO - Setting next_dagrun for example_sensor_decorator to None, run_after=None
[2023-08-15T19:02:45.433-0300] {processor.py:179} INFO - Processing /home/alan/repos/pipeline_airflow/pipeline-airflow-venv/lib/python3.11/site-packages/airflow/example_dags/example_sensor_decorator.py took 0.245 seconds
[2023-08-15T19:04:05.438-0300] {processor.py:157} INFO - Started process (PID=28199) to work on /home/alan/repos/pipeline_airflow/pipeline-airflow-venv/lib/python3.11/site-packages/airflow/example_dags/example_sensor_decorator.py
[2023-08-15T19:04:05.456-0300] {processor.py:826} INFO - Processing file /home/alan/repos/pipeline_airflow/pipeline-airflow-venv/lib/python3.11/site-packages/airflow/example_dags/example_sensor_decorator.py for tasks to queue
[2023-08-15T19:04:05.457-0300] {logging_mixin.py:150} INFO - [2023-08-15T19:04:05.456-0300] {dagbag.py:541} INFO - Filling up the DagBag from /home/alan/repos/pipeline_airflow/pipeline-airflow-venv/lib/python3.11/site-packages/airflow/example_dags/example_sensor_decorator.py
[2023-08-15T19:04:05.474-0300] {processor.py:836} INFO - DAG(s) dict_keys(['example_sensor_decorator']) retrieved from /home/alan/repos/pipeline_airflow/pipeline-airflow-venv/lib/python3.11/site-packages/airflow/example_dags/example_sensor_decorator.py
[2023-08-15T19:04:05.527-0300] {logging_mixin.py:150} INFO - [2023-08-15T19:04:05.527-0300] {dag.py:2742} INFO - Sync 1 DAGs
[2023-08-15T19:04:05.584-0300] {logging_mixin.py:150} INFO - [2023-08-15T19:04:05.584-0300] {dag.py:3504} INFO - Setting next_dagrun for example_sensor_decorator to None, run_after=None
[2023-08-15T19:04:05.707-0300] {processor.py:179} INFO - Processing /home/alan/repos/pipeline_airflow/pipeline-airflow-venv/lib/python3.11/site-packages/airflow/example_dags/example_sensor_decorator.py took 0.282 seconds
[2023-08-15T19:05:03.677-0300] {processor.py:157} INFO - Started process (PID=28516) to work on /home/alan/repos/pipeline_airflow/pipeline-airflow-venv/lib/python3.11/site-packages/airflow/example_dags/example_sensor_decorator.py
[2023-08-15T19:05:03.679-0300] {processor.py:826} INFO - Processing file /home/alan/repos/pipeline_airflow/pipeline-airflow-venv/lib/python3.11/site-packages/airflow/example_dags/example_sensor_decorator.py for tasks to queue
[2023-08-15T19:05:03.681-0300] {logging_mixin.py:150} INFO - [2023-08-15T19:05:03.680-0300] {dagbag.py:541} INFO - Filling up the DagBag from /home/alan/repos/pipeline_airflow/pipeline-airflow-venv/lib/python3.11/site-packages/airflow/example_dags/example_sensor_decorator.py
[2023-08-15T19:05:03.693-0300] {processor.py:836} INFO - DAG(s) dict_keys(['example_sensor_decorator']) retrieved from /home/alan/repos/pipeline_airflow/pipeline-airflow-venv/lib/python3.11/site-packages/airflow/example_dags/example_sensor_decorator.py
[2023-08-15T19:05:03.723-0300] {logging_mixin.py:150} INFO - [2023-08-15T19:05:03.723-0300] {dag.py:2742} INFO - Sync 1 DAGs
[2023-08-15T19:05:03.758-0300] {logging_mixin.py:150} INFO - [2023-08-15T19:05:03.758-0300] {dag.py:3504} INFO - Setting next_dagrun for example_sensor_decorator to None, run_after=None
[2023-08-15T19:05:03.946-0300] {processor.py:179} INFO - Processing /home/alan/repos/pipeline_airflow/pipeline-airflow-venv/lib/python3.11/site-packages/airflow/example_dags/example_sensor_decorator.py took 0.275 seconds
[2023-08-15T19:06:15.772-0300] {processor.py:157} INFO - Started process (PID=28748) to work on /home/alan/repos/pipeline_airflow/pipeline-airflow-venv/lib/python3.11/site-packages/airflow/example_dags/example_sensor_decorator.py
[2023-08-15T19:06:15.774-0300] {processor.py:826} INFO - Processing file /home/alan/repos/pipeline_airflow/pipeline-airflow-venv/lib/python3.11/site-packages/airflow/example_dags/example_sensor_decorator.py for tasks to queue
[2023-08-15T19:06:15.776-0300] {logging_mixin.py:150} INFO - [2023-08-15T19:06:15.775-0300] {dagbag.py:541} INFO - Filling up the DagBag from /home/alan/repos/pipeline_airflow/pipeline-airflow-venv/lib/python3.11/site-packages/airflow/example_dags/example_sensor_decorator.py
[2023-08-15T19:06:15.788-0300] {processor.py:836} INFO - DAG(s) dict_keys(['example_sensor_decorator']) retrieved from /home/alan/repos/pipeline_airflow/pipeline-airflow-venv/lib/python3.11/site-packages/airflow/example_dags/example_sensor_decorator.py
[2023-08-15T19:06:15.819-0300] {logging_mixin.py:150} INFO - [2023-08-15T19:06:15.819-0300] {dag.py:2742} INFO - Sync 1 DAGs
[2023-08-15T19:06:15.855-0300] {logging_mixin.py:150} INFO - [2023-08-15T19:06:15.854-0300] {dag.py:3504} INFO - Setting next_dagrun for example_sensor_decorator to None, run_after=None
[2023-08-15T19:06:15.976-0300] {processor.py:179} INFO - Processing /home/alan/repos/pipeline_airflow/pipeline-airflow-venv/lib/python3.11/site-packages/airflow/example_dags/example_sensor_decorator.py took 0.211 seconds
[2023-08-15T19:07:16.202-0300] {processor.py:157} INFO - Started process (PID=28906) to work on /home/alan/repos/pipeline_airflow/pipeline-airflow-venv/lib/python3.11/site-packages/airflow/example_dags/example_sensor_decorator.py
[2023-08-15T19:07:16.204-0300] {processor.py:826} INFO - Processing file /home/alan/repos/pipeline_airflow/pipeline-airflow-venv/lib/python3.11/site-packages/airflow/example_dags/example_sensor_decorator.py for tasks to queue
[2023-08-15T19:07:16.205-0300] {logging_mixin.py:150} INFO - [2023-08-15T19:07:16.205-0300] {dagbag.py:541} INFO - Filling up the DagBag from /home/alan/repos/pipeline_airflow/pipeline-airflow-venv/lib/python3.11/site-packages/airflow/example_dags/example_sensor_decorator.py
[2023-08-15T19:07:16.218-0300] {processor.py:836} INFO - DAG(s) dict_keys(['example_sensor_decorator']) retrieved from /home/alan/repos/pipeline_airflow/pipeline-airflow-venv/lib/python3.11/site-packages/airflow/example_dags/example_sensor_decorator.py
[2023-08-15T19:07:16.247-0300] {logging_mixin.py:150} INFO - [2023-08-15T19:07:16.246-0300] {dag.py:2742} INFO - Sync 1 DAGs
[2023-08-15T19:07:16.282-0300] {logging_mixin.py:150} INFO - [2023-08-15T19:07:16.281-0300] {dag.py:3504} INFO - Setting next_dagrun for example_sensor_decorator to None, run_after=None
[2023-08-15T19:07:16.399-0300] {processor.py:179} INFO - Processing /home/alan/repos/pipeline_airflow/pipeline-airflow-venv/lib/python3.11/site-packages/airflow/example_dags/example_sensor_decorator.py took 0.204 seconds
[2023-08-15T19:08:24.243-0300] {processor.py:157} INFO - Started process (PID=29188) to work on /home/alan/repos/pipeline_airflow/pipeline-airflow-venv/lib/python3.11/site-packages/airflow/example_dags/example_sensor_decorator.py
[2023-08-15T19:08:24.255-0300] {processor.py:826} INFO - Processing file /home/alan/repos/pipeline_airflow/pipeline-airflow-venv/lib/python3.11/site-packages/airflow/example_dags/example_sensor_decorator.py for tasks to queue
[2023-08-15T19:08:24.257-0300] {logging_mixin.py:150} INFO - [2023-08-15T19:08:24.256-0300] {dagbag.py:541} INFO - Filling up the DagBag from /home/alan/repos/pipeline_airflow/pipeline-airflow-venv/lib/python3.11/site-packages/airflow/example_dags/example_sensor_decorator.py
[2023-08-15T19:08:24.271-0300] {processor.py:836} INFO - DAG(s) dict_keys(['example_sensor_decorator']) retrieved from /home/alan/repos/pipeline_airflow/pipeline-airflow-venv/lib/python3.11/site-packages/airflow/example_dags/example_sensor_decorator.py
[2023-08-15T19:08:24.299-0300] {logging_mixin.py:150} INFO - [2023-08-15T19:08:24.299-0300] {dag.py:2742} INFO - Sync 1 DAGs
[2023-08-15T19:08:24.336-0300] {logging_mixin.py:150} INFO - [2023-08-15T19:08:24.336-0300] {dag.py:3504} INFO - Setting next_dagrun for example_sensor_decorator to None, run_after=None
[2023-08-15T19:08:24.434-0300] {processor.py:179} INFO - Processing /home/alan/repos/pipeline_airflow/pipeline-airflow-venv/lib/python3.11/site-packages/airflow/example_dags/example_sensor_decorator.py took 0.196 seconds
[2023-08-15T19:09:25.404-0300] {processor.py:157} INFO - Started process (PID=29346) to work on /home/alan/repos/pipeline_airflow/pipeline-airflow-venv/lib/python3.11/site-packages/airflow/example_dags/example_sensor_decorator.py
[2023-08-15T19:09:25.417-0300] {processor.py:826} INFO - Processing file /home/alan/repos/pipeline_airflow/pipeline-airflow-venv/lib/python3.11/site-packages/airflow/example_dags/example_sensor_decorator.py for tasks to queue
[2023-08-15T19:09:25.418-0300] {logging_mixin.py:150} INFO - [2023-08-15T19:09:25.418-0300] {dagbag.py:541} INFO - Filling up the DagBag from /home/alan/repos/pipeline_airflow/pipeline-airflow-venv/lib/python3.11/site-packages/airflow/example_dags/example_sensor_decorator.py
[2023-08-15T19:09:25.431-0300] {processor.py:836} INFO - DAG(s) dict_keys(['example_sensor_decorator']) retrieved from /home/alan/repos/pipeline_airflow/pipeline-airflow-venv/lib/python3.11/site-packages/airflow/example_dags/example_sensor_decorator.py
[2023-08-15T19:09:25.464-0300] {logging_mixin.py:150} INFO - [2023-08-15T19:09:25.464-0300] {dag.py:2742} INFO - Sync 1 DAGs
[2023-08-15T19:09:25.502-0300] {logging_mixin.py:150} INFO - [2023-08-15T19:09:25.502-0300] {dag.py:3504} INFO - Setting next_dagrun for example_sensor_decorator to None, run_after=None
[2023-08-15T19:09:25.664-0300] {processor.py:179} INFO - Processing /home/alan/repos/pipeline_airflow/pipeline-airflow-venv/lib/python3.11/site-packages/airflow/example_dags/example_sensor_decorator.py took 0.266 seconds
[2023-08-15T19:10:25.128-0300] {processor.py:157} INFO - Started process (PID=29503) to work on /home/alan/repos/pipeline_airflow/pipeline-airflow-venv/lib/python3.11/site-packages/airflow/example_dags/example_sensor_decorator.py
[2023-08-15T19:10:25.139-0300] {processor.py:826} INFO - Processing file /home/alan/repos/pipeline_airflow/pipeline-airflow-venv/lib/python3.11/site-packages/airflow/example_dags/example_sensor_decorator.py for tasks to queue
[2023-08-15T19:10:25.141-0300] {logging_mixin.py:150} INFO - [2023-08-15T19:10:25.140-0300] {dagbag.py:541} INFO - Filling up the DagBag from /home/alan/repos/pipeline_airflow/pipeline-airflow-venv/lib/python3.11/site-packages/airflow/example_dags/example_sensor_decorator.py
[2023-08-15T19:10:25.151-0300] {processor.py:836} INFO - DAG(s) dict_keys(['example_sensor_decorator']) retrieved from /home/alan/repos/pipeline_airflow/pipeline-airflow-venv/lib/python3.11/site-packages/airflow/example_dags/example_sensor_decorator.py
[2023-08-15T19:10:25.179-0300] {logging_mixin.py:150} INFO - [2023-08-15T19:10:25.179-0300] {dag.py:2742} INFO - Sync 1 DAGs
[2023-08-15T19:10:25.213-0300] {logging_mixin.py:150} INFO - [2023-08-15T19:10:25.213-0300] {dag.py:3504} INFO - Setting next_dagrun for example_sensor_decorator to None, run_after=None
[2023-08-15T19:10:25.316-0300] {processor.py:179} INFO - Processing /home/alan/repos/pipeline_airflow/pipeline-airflow-venv/lib/python3.11/site-packages/airflow/example_dags/example_sensor_decorator.py took 0.195 seconds
[2023-08-15T19:11:25.435-0300] {processor.py:157} INFO - Started process (PID=29732) to work on /home/alan/repos/pipeline_airflow/pipeline-airflow-venv/lib/python3.11/site-packages/airflow/example_dags/example_sensor_decorator.py
[2023-08-15T19:11:25.436-0300] {processor.py:826} INFO - Processing file /home/alan/repos/pipeline_airflow/pipeline-airflow-venv/lib/python3.11/site-packages/airflow/example_dags/example_sensor_decorator.py for tasks to queue
[2023-08-15T19:11:25.438-0300] {logging_mixin.py:150} INFO - [2023-08-15T19:11:25.437-0300] {dagbag.py:541} INFO - Filling up the DagBag from /home/alan/repos/pipeline_airflow/pipeline-airflow-venv/lib/python3.11/site-packages/airflow/example_dags/example_sensor_decorator.py
[2023-08-15T19:11:25.468-0300] {processor.py:836} INFO - DAG(s) dict_keys(['example_sensor_decorator']) retrieved from /home/alan/repos/pipeline_airflow/pipeline-airflow-venv/lib/python3.11/site-packages/airflow/example_dags/example_sensor_decorator.py
[2023-08-15T19:11:25.520-0300] {logging_mixin.py:150} INFO - [2023-08-15T19:11:25.520-0300] {dag.py:2742} INFO - Sync 1 DAGs
[2023-08-15T19:11:25.561-0300] {logging_mixin.py:150} INFO - [2023-08-15T19:11:25.561-0300] {dag.py:3504} INFO - Setting next_dagrun for example_sensor_decorator to None, run_after=None
[2023-08-15T19:11:25.672-0300] {processor.py:179} INFO - Processing /home/alan/repos/pipeline_airflow/pipeline-airflow-venv/lib/python3.11/site-packages/airflow/example_dags/example_sensor_decorator.py took 0.244 seconds
[2023-08-15T19:12:31.637-0300] {processor.py:157} INFO - Started process (PID=29930) to work on /home/alan/repos/pipeline_airflow/pipeline-airflow-venv/lib/python3.11/site-packages/airflow/example_dags/example_sensor_decorator.py
[2023-08-15T19:12:31.639-0300] {processor.py:826} INFO - Processing file /home/alan/repos/pipeline_airflow/pipeline-airflow-venv/lib/python3.11/site-packages/airflow/example_dags/example_sensor_decorator.py for tasks to queue
[2023-08-15T19:12:31.640-0300] {logging_mixin.py:150} INFO - [2023-08-15T19:12:31.639-0300] {dagbag.py:541} INFO - Filling up the DagBag from /home/alan/repos/pipeline_airflow/pipeline-airflow-venv/lib/python3.11/site-packages/airflow/example_dags/example_sensor_decorator.py
[2023-08-15T19:12:31.650-0300] {processor.py:836} INFO - DAG(s) dict_keys(['example_sensor_decorator']) retrieved from /home/alan/repos/pipeline_airflow/pipeline-airflow-venv/lib/python3.11/site-packages/airflow/example_dags/example_sensor_decorator.py
[2023-08-15T19:12:31.679-0300] {logging_mixin.py:150} INFO - [2023-08-15T19:12:31.679-0300] {dag.py:2742} INFO - Sync 1 DAGs
[2023-08-15T19:12:31.714-0300] {logging_mixin.py:150} INFO - [2023-08-15T19:12:31.714-0300] {dag.py:3504} INFO - Setting next_dagrun for example_sensor_decorator to None, run_after=None
[2023-08-15T19:12:31.826-0300] {processor.py:179} INFO - Processing /home/alan/repos/pipeline_airflow/pipeline-airflow-venv/lib/python3.11/site-packages/airflow/example_dags/example_sensor_decorator.py took 0.195 seconds
[2023-08-15T19:13:30.888-0300] {processor.py:157} INFO - Started process (PID=30094) to work on /home/alan/repos/pipeline_airflow/pipeline-airflow-venv/lib/python3.11/site-packages/airflow/example_dags/example_sensor_decorator.py
[2023-08-15T19:13:30.890-0300] {processor.py:826} INFO - Processing file /home/alan/repos/pipeline_airflow/pipeline-airflow-venv/lib/python3.11/site-packages/airflow/example_dags/example_sensor_decorator.py for tasks to queue
[2023-08-15T19:13:30.891-0300] {logging_mixin.py:150} INFO - [2023-08-15T19:13:30.891-0300] {dagbag.py:541} INFO - Filling up the DagBag from /home/alan/repos/pipeline_airflow/pipeline-airflow-venv/lib/python3.11/site-packages/airflow/example_dags/example_sensor_decorator.py
[2023-08-15T19:13:30.907-0300] {processor.py:836} INFO - DAG(s) dict_keys(['example_sensor_decorator']) retrieved from /home/alan/repos/pipeline_airflow/pipeline-airflow-venv/lib/python3.11/site-packages/airflow/example_dags/example_sensor_decorator.py
[2023-08-15T19:13:30.939-0300] {logging_mixin.py:150} INFO - [2023-08-15T19:13:30.938-0300] {dag.py:2742} INFO - Sync 1 DAGs
[2023-08-15T19:13:30.977-0300] {logging_mixin.py:150} INFO - [2023-08-15T19:13:30.977-0300] {dag.py:3504} INFO - Setting next_dagrun for example_sensor_decorator to None, run_after=None
[2023-08-15T19:13:31.097-0300] {processor.py:179} INFO - Processing /home/alan/repos/pipeline_airflow/pipeline-airflow-venv/lib/python3.11/site-packages/airflow/example_dags/example_sensor_decorator.py took 0.215 seconds
[2023-08-15T19:14:32.362-0300] {processor.py:157} INFO - Started process (PID=30250) to work on /home/alan/repos/pipeline_airflow/pipeline-airflow-venv/lib/python3.11/site-packages/airflow/example_dags/example_sensor_decorator.py
[2023-08-15T19:14:32.402-0300] {processor.py:826} INFO - Processing file /home/alan/repos/pipeline_airflow/pipeline-airflow-venv/lib/python3.11/site-packages/airflow/example_dags/example_sensor_decorator.py for tasks to queue
[2023-08-15T19:14:32.405-0300] {logging_mixin.py:150} INFO - [2023-08-15T19:14:32.404-0300] {dagbag.py:541} INFO - Filling up the DagBag from /home/alan/repos/pipeline_airflow/pipeline-airflow-venv/lib/python3.11/site-packages/airflow/example_dags/example_sensor_decorator.py
[2023-08-15T19:14:32.420-0300] {processor.py:836} INFO - DAG(s) dict_keys(['example_sensor_decorator']) retrieved from /home/alan/repos/pipeline_airflow/pipeline-airflow-venv/lib/python3.11/site-packages/airflow/example_dags/example_sensor_decorator.py
[2023-08-15T19:14:32.457-0300] {logging_mixin.py:150} INFO - [2023-08-15T19:14:32.457-0300] {dag.py:2742} INFO - Sync 1 DAGs
[2023-08-15T19:14:32.495-0300] {logging_mixin.py:150} INFO - [2023-08-15T19:14:32.494-0300] {dag.py:3504} INFO - Setting next_dagrun for example_sensor_decorator to None, run_after=None
[2023-08-15T19:14:32.598-0300] {processor.py:179} INFO - Processing /home/alan/repos/pipeline_airflow/pipeline-airflow-venv/lib/python3.11/site-packages/airflow/example_dags/example_sensor_decorator.py took 0.241 seconds
[2023-08-15T19:15:28.872-0300] {processor.py:157} INFO - Started process (PID=30395) to work on /home/alan/repos/pipeline_airflow/pipeline-airflow-venv/lib/python3.11/site-packages/airflow/example_dags/example_sensor_decorator.py
[2023-08-15T19:15:28.874-0300] {processor.py:826} INFO - Processing file /home/alan/repos/pipeline_airflow/pipeline-airflow-venv/lib/python3.11/site-packages/airflow/example_dags/example_sensor_decorator.py for tasks to queue
[2023-08-15T19:15:28.875-0300] {logging_mixin.py:150} INFO - [2023-08-15T19:15:28.875-0300] {dagbag.py:541} INFO - Filling up the DagBag from /home/alan/repos/pipeline_airflow/pipeline-airflow-venv/lib/python3.11/site-packages/airflow/example_dags/example_sensor_decorator.py
[2023-08-15T19:15:28.887-0300] {processor.py:836} INFO - DAG(s) dict_keys(['example_sensor_decorator']) retrieved from /home/alan/repos/pipeline_airflow/pipeline-airflow-venv/lib/python3.11/site-packages/airflow/example_dags/example_sensor_decorator.py
[2023-08-15T19:15:28.917-0300] {logging_mixin.py:150} INFO - [2023-08-15T19:15:28.917-0300] {dag.py:2742} INFO - Sync 1 DAGs
[2023-08-15T19:15:28.958-0300] {logging_mixin.py:150} INFO - [2023-08-15T19:15:28.958-0300] {dag.py:3504} INFO - Setting next_dagrun for example_sensor_decorator to None, run_after=None
[2023-08-15T19:15:29.065-0300] {processor.py:179} INFO - Processing /home/alan/repos/pipeline_airflow/pipeline-airflow-venv/lib/python3.11/site-packages/airflow/example_dags/example_sensor_decorator.py took 0.199 seconds
[2023-08-15T19:16:27.007-0300] {processor.py:157} INFO - Started process (PID=30549) to work on /home/alan/repos/pipeline_airflow/pipeline-airflow-venv/lib/python3.11/site-packages/airflow/example_dags/example_sensor_decorator.py
[2023-08-15T19:16:27.008-0300] {processor.py:826} INFO - Processing file /home/alan/repos/pipeline_airflow/pipeline-airflow-venv/lib/python3.11/site-packages/airflow/example_dags/example_sensor_decorator.py for tasks to queue
[2023-08-15T19:16:27.010-0300] {logging_mixin.py:150} INFO - [2023-08-15T19:16:27.009-0300] {dagbag.py:541} INFO - Filling up the DagBag from /home/alan/repos/pipeline_airflow/pipeline-airflow-venv/lib/python3.11/site-packages/airflow/example_dags/example_sensor_decorator.py
[2023-08-15T19:16:27.022-0300] {processor.py:836} INFO - DAG(s) dict_keys(['example_sensor_decorator']) retrieved from /home/alan/repos/pipeline_airflow/pipeline-airflow-venv/lib/python3.11/site-packages/airflow/example_dags/example_sensor_decorator.py
[2023-08-15T19:16:27.053-0300] {logging_mixin.py:150} INFO - [2023-08-15T19:16:27.053-0300] {dag.py:2742} INFO - Sync 1 DAGs
[2023-08-15T19:16:27.088-0300] {logging_mixin.py:150} INFO - [2023-08-15T19:16:27.088-0300] {dag.py:3504} INFO - Setting next_dagrun for example_sensor_decorator to None, run_after=None
[2023-08-15T19:16:27.183-0300] {processor.py:179} INFO - Processing /home/alan/repos/pipeline_airflow/pipeline-airflow-venv/lib/python3.11/site-packages/airflow/example_dags/example_sensor_decorator.py took 0.182 seconds
[2023-08-15T19:17:28.019-0300] {processor.py:157} INFO - Started process (PID=30711) to work on /home/alan/repos/pipeline_airflow/pipeline-airflow-venv/lib/python3.11/site-packages/airflow/example_dags/example_sensor_decorator.py
[2023-08-15T19:17:28.036-0300] {processor.py:826} INFO - Processing file /home/alan/repos/pipeline_airflow/pipeline-airflow-venv/lib/python3.11/site-packages/airflow/example_dags/example_sensor_decorator.py for tasks to queue
[2023-08-15T19:17:28.038-0300] {logging_mixin.py:150} INFO - [2023-08-15T19:17:28.037-0300] {dagbag.py:541} INFO - Filling up the DagBag from /home/alan/repos/pipeline_airflow/pipeline-airflow-venv/lib/python3.11/site-packages/airflow/example_dags/example_sensor_decorator.py
[2023-08-15T19:17:28.048-0300] {processor.py:836} INFO - DAG(s) dict_keys(['example_sensor_decorator']) retrieved from /home/alan/repos/pipeline_airflow/pipeline-airflow-venv/lib/python3.11/site-packages/airflow/example_dags/example_sensor_decorator.py
[2023-08-15T19:17:28.077-0300] {logging_mixin.py:150} INFO - [2023-08-15T19:17:28.077-0300] {dag.py:2742} INFO - Sync 1 DAGs
[2023-08-15T19:17:28.113-0300] {logging_mixin.py:150} INFO - [2023-08-15T19:17:28.113-0300] {dag.py:3504} INFO - Setting next_dagrun for example_sensor_decorator to None, run_after=None
[2023-08-15T19:17:28.221-0300] {processor.py:179} INFO - Processing /home/alan/repos/pipeline_airflow/pipeline-airflow-venv/lib/python3.11/site-packages/airflow/example_dags/example_sensor_decorator.py took 0.211 seconds
[2023-08-15T19:18:26.306-0300] {processor.py:157} INFO - Started process (PID=30862) to work on /home/alan/repos/pipeline_airflow/pipeline-airflow-venv/lib/python3.11/site-packages/airflow/example_dags/example_sensor_decorator.py
[2023-08-15T19:18:26.308-0300] {processor.py:826} INFO - Processing file /home/alan/repos/pipeline_airflow/pipeline-airflow-venv/lib/python3.11/site-packages/airflow/example_dags/example_sensor_decorator.py for tasks to queue
[2023-08-15T19:18:26.309-0300] {logging_mixin.py:150} INFO - [2023-08-15T19:18:26.309-0300] {dagbag.py:541} INFO - Filling up the DagBag from /home/alan/repos/pipeline_airflow/pipeline-airflow-venv/lib/python3.11/site-packages/airflow/example_dags/example_sensor_decorator.py
[2023-08-15T19:18:26.322-0300] {processor.py:836} INFO - DAG(s) dict_keys(['example_sensor_decorator']) retrieved from /home/alan/repos/pipeline_airflow/pipeline-airflow-venv/lib/python3.11/site-packages/airflow/example_dags/example_sensor_decorator.py
[2023-08-15T19:18:26.354-0300] {logging_mixin.py:150} INFO - [2023-08-15T19:18:26.353-0300] {dag.py:2742} INFO - Sync 1 DAGs
[2023-08-15T19:18:26.389-0300] {logging_mixin.py:150} INFO - [2023-08-15T19:18:26.388-0300] {dag.py:3504} INFO - Setting next_dagrun for example_sensor_decorator to None, run_after=None
[2023-08-15T19:18:26.507-0300] {processor.py:179} INFO - Processing /home/alan/repos/pipeline_airflow/pipeline-airflow-venv/lib/python3.11/site-packages/airflow/example_dags/example_sensor_decorator.py took 0.207 seconds
[2023-08-15T19:19:23.085-0300] {processor.py:157} INFO - Started process (PID=31004) to work on /home/alan/repos/pipeline_airflow/pipeline-airflow-venv/lib/python3.11/site-packages/airflow/example_dags/example_sensor_decorator.py
[2023-08-15T19:19:23.106-0300] {processor.py:826} INFO - Processing file /home/alan/repos/pipeline_airflow/pipeline-airflow-venv/lib/python3.11/site-packages/airflow/example_dags/example_sensor_decorator.py for tasks to queue
[2023-08-15T19:19:23.108-0300] {logging_mixin.py:150} INFO - [2023-08-15T19:19:23.108-0300] {dagbag.py:541} INFO - Filling up the DagBag from /home/alan/repos/pipeline_airflow/pipeline-airflow-venv/lib/python3.11/site-packages/airflow/example_dags/example_sensor_decorator.py
[2023-08-15T19:19:23.119-0300] {processor.py:836} INFO - DAG(s) dict_keys(['example_sensor_decorator']) retrieved from /home/alan/repos/pipeline_airflow/pipeline-airflow-venv/lib/python3.11/site-packages/airflow/example_dags/example_sensor_decorator.py
[2023-08-15T19:19:23.154-0300] {logging_mixin.py:150} INFO - [2023-08-15T19:19:23.154-0300] {dag.py:2742} INFO - Sync 1 DAGs
[2023-08-15T19:19:23.200-0300] {logging_mixin.py:150} INFO - [2023-08-15T19:19:23.199-0300] {dag.py:3504} INFO - Setting next_dagrun for example_sensor_decorator to None, run_after=None
[2023-08-15T19:19:23.323-0300] {processor.py:179} INFO - Processing /home/alan/repos/pipeline_airflow/pipeline-airflow-venv/lib/python3.11/site-packages/airflow/example_dags/example_sensor_decorator.py took 0.243 seconds
[2023-08-15T19:20:24.851-0300] {processor.py:157} INFO - Started process (PID=31219) to work on /home/alan/repos/pipeline_airflow/pipeline-airflow-venv/lib/python3.11/site-packages/airflow/example_dags/example_sensor_decorator.py
[2023-08-15T19:20:24.875-0300] {processor.py:826} INFO - Processing file /home/alan/repos/pipeline_airflow/pipeline-airflow-venv/lib/python3.11/site-packages/airflow/example_dags/example_sensor_decorator.py for tasks to queue
[2023-08-15T19:20:24.877-0300] {logging_mixin.py:150} INFO - [2023-08-15T19:20:24.876-0300] {dagbag.py:541} INFO - Filling up the DagBag from /home/alan/repos/pipeline_airflow/pipeline-airflow-venv/lib/python3.11/site-packages/airflow/example_dags/example_sensor_decorator.py
[2023-08-15T19:20:24.888-0300] {processor.py:836} INFO - DAG(s) dict_keys(['example_sensor_decorator']) retrieved from /home/alan/repos/pipeline_airflow/pipeline-airflow-venv/lib/python3.11/site-packages/airflow/example_dags/example_sensor_decorator.py
[2023-08-15T19:20:24.922-0300] {logging_mixin.py:150} INFO - [2023-08-15T19:20:24.922-0300] {dag.py:2742} INFO - Sync 1 DAGs
[2023-08-15T19:20:24.967-0300] {logging_mixin.py:150} INFO - [2023-08-15T19:20:24.967-0300] {dag.py:3504} INFO - Setting next_dagrun for example_sensor_decorator to None, run_after=None
[2023-08-15T19:20:25.169-0300] {processor.py:179} INFO - Processing /home/alan/repos/pipeline_airflow/pipeline-airflow-venv/lib/python3.11/site-packages/airflow/example_dags/example_sensor_decorator.py took 0.324 seconds
[2023-08-15T19:21:37.125-0300] {processor.py:157} INFO - Started process (PID=31558) to work on /home/alan/repos/pipeline_airflow/pipeline-airflow-venv/lib/python3.11/site-packages/airflow/example_dags/example_sensor_decorator.py
[2023-08-15T19:21:37.135-0300] {processor.py:826} INFO - Processing file /home/alan/repos/pipeline_airflow/pipeline-airflow-venv/lib/python3.11/site-packages/airflow/example_dags/example_sensor_decorator.py for tasks to queue
[2023-08-15T19:21:37.137-0300] {logging_mixin.py:150} INFO - [2023-08-15T19:21:37.136-0300] {dagbag.py:541} INFO - Filling up the DagBag from /home/alan/repos/pipeline_airflow/pipeline-airflow-venv/lib/python3.11/site-packages/airflow/example_dags/example_sensor_decorator.py
[2023-08-15T19:21:37.149-0300] {processor.py:836} INFO - DAG(s) dict_keys(['example_sensor_decorator']) retrieved from /home/alan/repos/pipeline_airflow/pipeline-airflow-venv/lib/python3.11/site-packages/airflow/example_dags/example_sensor_decorator.py
[2023-08-15T19:21:37.180-0300] {logging_mixin.py:150} INFO - [2023-08-15T19:21:37.180-0300] {dag.py:2742} INFO - Sync 1 DAGs
[2023-08-15T19:21:37.221-0300] {logging_mixin.py:150} INFO - [2023-08-15T19:21:37.221-0300] {dag.py:3504} INFO - Setting next_dagrun for example_sensor_decorator to None, run_after=None
[2023-08-15T19:21:37.342-0300] {processor.py:179} INFO - Processing /home/alan/repos/pipeline_airflow/pipeline-airflow-venv/lib/python3.11/site-packages/airflow/example_dags/example_sensor_decorator.py took 0.223 seconds
