[2023-08-15T18:20:18.814-0300] {processor.py:157} INFO - Started process (PID=18576) to work on /home/alan/repos/pipeline_airflow/pipeline-airflow-venv/lib/python3.11/site-packages/airflow/example_dags/example_bash_operator.py
[2023-08-15T18:20:18.817-0300] {processor.py:826} INFO - Processing file /home/alan/repos/pipeline_airflow/pipeline-airflow-venv/lib/python3.11/site-packages/airflow/example_dags/example_bash_operator.py for tasks to queue
[2023-08-15T18:20:18.819-0300] {logging_mixin.py:150} INFO - [2023-08-15T18:20:18.818-0300] {dagbag.py:541} INFO - Filling up the DagBag from /home/alan/repos/pipeline_airflow/pipeline-airflow-venv/lib/python3.11/site-packages/airflow/example_dags/example_bash_operator.py
[2023-08-15T18:20:18.851-0300] {processor.py:836} INFO - DAG(s) dict_keys(['example_bash_operator']) retrieved from /home/alan/repos/pipeline_airflow/pipeline-airflow-venv/lib/python3.11/site-packages/airflow/example_dags/example_bash_operator.py
[2023-08-15T18:20:19.657-0300] {logging_mixin.py:150} INFO - [2023-08-15T18:20:19.656-0300] {manager.py:504} INFO - Created Permission View: can delete on DAG:example_bash_operator
[2023-08-15T18:20:20.077-0300] {logging_mixin.py:150} INFO - [2023-08-15T18:20:20.076-0300] {manager.py:504} INFO - Created Permission View: can edit on DAG:example_bash_operator
[2023-08-15T18:20:20.264-0300] {logging_mixin.py:150} INFO - [2023-08-15T18:20:20.264-0300] {manager.py:504} INFO - Created Permission View: can read on DAG:example_bash_operator
[2023-08-15T18:20:20.623-0300] {logging_mixin.py:150} INFO - [2023-08-15T18:20:20.623-0300] {dag.py:2742} INFO - Sync 1 DAGs
[2023-08-15T18:20:21.620-0300] {logging_mixin.py:150} INFO - [2023-08-15T18:20:21.619-0300] {dag.py:2763} INFO - Creating ORM DAG for example_bash_operator
[2023-08-15T18:20:21.882-0300] {logging_mixin.py:150} INFO - [2023-08-15T18:20:21.882-0300] {dag.py:3504} INFO - Setting next_dagrun for example_bash_operator to 2023-08-14T00:00:00+00:00, run_after=2023-08-15T00:00:00+00:00
[2023-08-15T18:20:22.297-0300] {processor.py:179} INFO - Processing /home/alan/repos/pipeline_airflow/pipeline-airflow-venv/lib/python3.11/site-packages/airflow/example_dags/example_bash_operator.py took 3.487 seconds
[2023-08-15T18:21:36.822-0300] {processor.py:157} INFO - Started process (PID=18942) to work on /home/alan/repos/pipeline_airflow/pipeline-airflow-venv/lib/python3.11/site-packages/airflow/example_dags/example_bash_operator.py
[2023-08-15T18:21:36.824-0300] {processor.py:826} INFO - Processing file /home/alan/repos/pipeline_airflow/pipeline-airflow-venv/lib/python3.11/site-packages/airflow/example_dags/example_bash_operator.py for tasks to queue
[2023-08-15T18:21:36.825-0300] {logging_mixin.py:150} INFO - [2023-08-15T18:21:36.824-0300] {dagbag.py:541} INFO - Filling up the DagBag from /home/alan/repos/pipeline_airflow/pipeline-airflow-venv/lib/python3.11/site-packages/airflow/example_dags/example_bash_operator.py
[2023-08-15T18:21:36.847-0300] {processor.py:836} INFO - DAG(s) dict_keys(['example_bash_operator']) retrieved from /home/alan/repos/pipeline_airflow/pipeline-airflow-venv/lib/python3.11/site-packages/airflow/example_dags/example_bash_operator.py
[2023-08-15T18:21:36.888-0300] {logging_mixin.py:150} INFO - [2023-08-15T18:21:36.887-0300] {dag.py:2742} INFO - Sync 1 DAGs
[2023-08-15T18:21:36.925-0300] {logging_mixin.py:150} INFO - [2023-08-15T18:21:36.925-0300] {dag.py:3504} INFO - Setting next_dagrun for example_bash_operator to 2023-08-14T00:00:00+00:00, run_after=2023-08-15T00:00:00+00:00
[2023-08-15T18:21:37.019-0300] {processor.py:179} INFO - Processing /home/alan/repos/pipeline_airflow/pipeline-airflow-venv/lib/python3.11/site-packages/airflow/example_dags/example_bash_operator.py took 0.203 seconds
[2023-08-15T18:22:32.217-0300] {processor.py:157} INFO - Started process (PID=19141) to work on /home/alan/repos/pipeline_airflow/pipeline-airflow-venv/lib/python3.11/site-packages/airflow/example_dags/example_bash_operator.py
[2023-08-15T18:22:32.219-0300] {processor.py:826} INFO - Processing file /home/alan/repos/pipeline_airflow/pipeline-airflow-venv/lib/python3.11/site-packages/airflow/example_dags/example_bash_operator.py for tasks to queue
[2023-08-15T18:22:32.220-0300] {logging_mixin.py:150} INFO - [2023-08-15T18:22:32.220-0300] {dagbag.py:541} INFO - Filling up the DagBag from /home/alan/repos/pipeline_airflow/pipeline-airflow-venv/lib/python3.11/site-packages/airflow/example_dags/example_bash_operator.py
[2023-08-15T18:22:32.244-0300] {processor.py:836} INFO - DAG(s) dict_keys(['example_bash_operator']) retrieved from /home/alan/repos/pipeline_airflow/pipeline-airflow-venv/lib/python3.11/site-packages/airflow/example_dags/example_bash_operator.py
[2023-08-15T18:22:32.285-0300] {logging_mixin.py:150} INFO - [2023-08-15T18:22:32.285-0300] {dag.py:2742} INFO - Sync 1 DAGs
[2023-08-15T18:22:32.322-0300] {logging_mixin.py:150} INFO - [2023-08-15T18:22:32.322-0300] {dag.py:3504} INFO - Setting next_dagrun for example_bash_operator to 2023-08-14T00:00:00+00:00, run_after=2023-08-15T00:00:00+00:00
[2023-08-15T18:22:32.436-0300] {processor.py:179} INFO - Processing /home/alan/repos/pipeline_airflow/pipeline-airflow-venv/lib/python3.11/site-packages/airflow/example_dags/example_bash_operator.py took 0.226 seconds
[2023-08-15T18:23:31.139-0300] {processor.py:157} INFO - Started process (PID=19347) to work on /home/alan/repos/pipeline_airflow/pipeline-airflow-venv/lib/python3.11/site-packages/airflow/example_dags/example_bash_operator.py
[2023-08-15T18:23:31.155-0300] {processor.py:826} INFO - Processing file /home/alan/repos/pipeline_airflow/pipeline-airflow-venv/lib/python3.11/site-packages/airflow/example_dags/example_bash_operator.py for tasks to queue
[2023-08-15T18:23:31.157-0300] {logging_mixin.py:150} INFO - [2023-08-15T18:23:31.156-0300] {dagbag.py:541} INFO - Filling up the DagBag from /home/alan/repos/pipeline_airflow/pipeline-airflow-venv/lib/python3.11/site-packages/airflow/example_dags/example_bash_operator.py
[2023-08-15T18:23:31.181-0300] {processor.py:836} INFO - DAG(s) dict_keys(['example_bash_operator']) retrieved from /home/alan/repos/pipeline_airflow/pipeline-airflow-venv/lib/python3.11/site-packages/airflow/example_dags/example_bash_operator.py
[2023-08-15T18:23:31.223-0300] {logging_mixin.py:150} INFO - [2023-08-15T18:23:31.222-0300] {dag.py:2742} INFO - Sync 1 DAGs
[2023-08-15T18:23:31.397-0300] {logging_mixin.py:150} INFO - [2023-08-15T18:23:31.397-0300] {dag.py:3504} INFO - Setting next_dagrun for example_bash_operator to 2023-08-14T00:00:00+00:00, run_after=2023-08-15T00:00:00+00:00
[2023-08-15T18:23:31.504-0300] {processor.py:179} INFO - Processing /home/alan/repos/pipeline_airflow/pipeline-airflow-venv/lib/python3.11/site-packages/airflow/example_dags/example_bash_operator.py took 0.371 seconds
[2023-08-15T18:24:43.351-0300] {processor.py:157} INFO - Started process (PID=19794) to work on /home/alan/repos/pipeline_airflow/pipeline-airflow-venv/lib/python3.11/site-packages/airflow/example_dags/example_bash_operator.py
[2023-08-15T18:24:43.364-0300] {processor.py:826} INFO - Processing file /home/alan/repos/pipeline_airflow/pipeline-airflow-venv/lib/python3.11/site-packages/airflow/example_dags/example_bash_operator.py for tasks to queue
[2023-08-15T18:24:43.365-0300] {logging_mixin.py:150} INFO - [2023-08-15T18:24:43.365-0300] {dagbag.py:541} INFO - Filling up the DagBag from /home/alan/repos/pipeline_airflow/pipeline-airflow-venv/lib/python3.11/site-packages/airflow/example_dags/example_bash_operator.py
[2023-08-15T18:24:43.554-0300] {processor.py:836} INFO - DAG(s) dict_keys(['example_bash_operator']) retrieved from /home/alan/repos/pipeline_airflow/pipeline-airflow-venv/lib/python3.11/site-packages/airflow/example_dags/example_bash_operator.py
[2023-08-15T18:24:43.597-0300] {logging_mixin.py:150} INFO - [2023-08-15T18:24:43.597-0300] {dag.py:2742} INFO - Sync 1 DAGs
[2023-08-15T18:24:43.633-0300] {logging_mixin.py:150} INFO - [2023-08-15T18:24:43.633-0300] {dag.py:3504} INFO - Setting next_dagrun for example_bash_operator to 2023-08-14T00:00:00+00:00, run_after=2023-08-15T00:00:00+00:00
[2023-08-15T18:24:43.818-0300] {processor.py:179} INFO - Processing /home/alan/repos/pipeline_airflow/pipeline-airflow-venv/lib/python3.11/site-packages/airflow/example_dags/example_bash_operator.py took 0.482 seconds
[2023-08-15T18:26:50.314-0300] {processor.py:157} INFO - Started process (PID=20805) to work on /home/alan/repos/pipeline_airflow/pipeline-airflow-venv/lib/python3.11/site-packages/airflow/example_dags/example_bash_operator.py
[2023-08-15T18:26:50.319-0300] {processor.py:826} INFO - Processing file /home/alan/repos/pipeline_airflow/pipeline-airflow-venv/lib/python3.11/site-packages/airflow/example_dags/example_bash_operator.py for tasks to queue
[2023-08-15T18:26:50.320-0300] {logging_mixin.py:150} INFO - [2023-08-15T18:26:50.320-0300] {dagbag.py:541} INFO - Filling up the DagBag from /home/alan/repos/pipeline_airflow/pipeline-airflow-venv/lib/python3.11/site-packages/airflow/example_dags/example_bash_operator.py
[2023-08-15T18:26:50.346-0300] {processor.py:836} INFO - DAG(s) dict_keys(['example_bash_operator']) retrieved from /home/alan/repos/pipeline_airflow/pipeline-airflow-venv/lib/python3.11/site-packages/airflow/example_dags/example_bash_operator.py
[2023-08-15T18:26:50.397-0300] {logging_mixin.py:150} INFO - [2023-08-15T18:26:50.397-0300] {dag.py:2742} INFO - Sync 1 DAGs
[2023-08-15T18:26:50.445-0300] {logging_mixin.py:150} INFO - [2023-08-15T18:26:50.445-0300] {dag.py:3504} INFO - Setting next_dagrun for example_bash_operator to 2023-08-14T00:00:00+00:00, run_after=2023-08-15T00:00:00+00:00
[2023-08-15T18:26:50.551-0300] {processor.py:179} INFO - Processing /home/alan/repos/pipeline_airflow/pipeline-airflow-venv/lib/python3.11/site-packages/airflow/example_dags/example_bash_operator.py took 0.247 seconds
[2023-08-15T18:27:53.319-0300] {processor.py:157} INFO - Started process (PID=21036) to work on /home/alan/repos/pipeline_airflow/pipeline-airflow-venv/lib/python3.11/site-packages/airflow/example_dags/example_bash_operator.py
[2023-08-15T18:27:53.321-0300] {processor.py:826} INFO - Processing file /home/alan/repos/pipeline_airflow/pipeline-airflow-venv/lib/python3.11/site-packages/airflow/example_dags/example_bash_operator.py for tasks to queue
[2023-08-15T18:27:53.322-0300] {logging_mixin.py:150} INFO - [2023-08-15T18:27:53.321-0300] {dagbag.py:541} INFO - Filling up the DagBag from /home/alan/repos/pipeline_airflow/pipeline-airflow-venv/lib/python3.11/site-packages/airflow/example_dags/example_bash_operator.py
[2023-08-15T18:27:53.343-0300] {processor.py:836} INFO - DAG(s) dict_keys(['example_bash_operator']) retrieved from /home/alan/repos/pipeline_airflow/pipeline-airflow-venv/lib/python3.11/site-packages/airflow/example_dags/example_bash_operator.py
[2023-08-15T18:27:53.416-0300] {logging_mixin.py:150} INFO - [2023-08-15T18:27:53.415-0300] {dag.py:2742} INFO - Sync 1 DAGs
[2023-08-15T18:27:53.460-0300] {logging_mixin.py:150} INFO - [2023-08-15T18:27:53.459-0300] {dag.py:3504} INFO - Setting next_dagrun for example_bash_operator to 2023-08-14T00:00:00+00:00, run_after=2023-08-15T00:00:00+00:00
[2023-08-15T18:27:53.597-0300] {processor.py:179} INFO - Processing /home/alan/repos/pipeline_airflow/pipeline-airflow-venv/lib/python3.11/site-packages/airflow/example_dags/example_bash_operator.py took 0.283 seconds
[2023-08-15T18:28:52.749-0300] {processor.py:157} INFO - Started process (PID=21287) to work on /home/alan/repos/pipeline_airflow/pipeline-airflow-venv/lib/python3.11/site-packages/airflow/example_dags/example_bash_operator.py
[2023-08-15T18:28:52.759-0300] {processor.py:826} INFO - Processing file /home/alan/repos/pipeline_airflow/pipeline-airflow-venv/lib/python3.11/site-packages/airflow/example_dags/example_bash_operator.py for tasks to queue
[2023-08-15T18:28:52.760-0300] {logging_mixin.py:150} INFO - [2023-08-15T18:28:52.759-0300] {dagbag.py:541} INFO - Filling up the DagBag from /home/alan/repos/pipeline_airflow/pipeline-airflow-venv/lib/python3.11/site-packages/airflow/example_dags/example_bash_operator.py
[2023-08-15T18:28:52.781-0300] {processor.py:836} INFO - DAG(s) dict_keys(['example_bash_operator']) retrieved from /home/alan/repos/pipeline_airflow/pipeline-airflow-venv/lib/python3.11/site-packages/airflow/example_dags/example_bash_operator.py
[2023-08-15T18:28:52.843-0300] {logging_mixin.py:150} INFO - [2023-08-15T18:28:52.842-0300] {dag.py:2742} INFO - Sync 1 DAGs
[2023-08-15T18:28:52.942-0300] {logging_mixin.py:150} INFO - [2023-08-15T18:28:52.942-0300] {dag.py:3504} INFO - Setting next_dagrun for example_bash_operator to 2023-08-14T00:00:00+00:00, run_after=2023-08-15T00:00:00+00:00
[2023-08-15T18:28:53.122-0300] {processor.py:179} INFO - Processing /home/alan/repos/pipeline_airflow/pipeline-airflow-venv/lib/python3.11/site-packages/airflow/example_dags/example_bash_operator.py took 0.378 seconds
[2023-08-15T18:29:52.991-0300] {processor.py:157} INFO - Started process (PID=21506) to work on /home/alan/repos/pipeline_airflow/pipeline-airflow-venv/lib/python3.11/site-packages/airflow/example_dags/example_bash_operator.py
[2023-08-15T18:29:52.993-0300] {processor.py:826} INFO - Processing file /home/alan/repos/pipeline_airflow/pipeline-airflow-venv/lib/python3.11/site-packages/airflow/example_dags/example_bash_operator.py for tasks to queue
[2023-08-15T18:29:52.994-0300] {logging_mixin.py:150} INFO - [2023-08-15T18:29:52.994-0300] {dagbag.py:541} INFO - Filling up the DagBag from /home/alan/repos/pipeline_airflow/pipeline-airflow-venv/lib/python3.11/site-packages/airflow/example_dags/example_bash_operator.py
[2023-08-15T18:29:53.016-0300] {processor.py:836} INFO - DAG(s) dict_keys(['example_bash_operator']) retrieved from /home/alan/repos/pipeline_airflow/pipeline-airflow-venv/lib/python3.11/site-packages/airflow/example_dags/example_bash_operator.py
[2023-08-15T18:29:53.068-0300] {logging_mixin.py:150} INFO - [2023-08-15T18:29:53.067-0300] {dag.py:2742} INFO - Sync 1 DAGs
[2023-08-15T18:29:53.110-0300] {logging_mixin.py:150} INFO - [2023-08-15T18:29:53.110-0300] {dag.py:3504} INFO - Setting next_dagrun for example_bash_operator to 2023-08-14T00:00:00+00:00, run_after=2023-08-15T00:00:00+00:00
[2023-08-15T18:29:53.244-0300] {processor.py:179} INFO - Processing /home/alan/repos/pipeline_airflow/pipeline-airflow-venv/lib/python3.11/site-packages/airflow/example_dags/example_bash_operator.py took 0.258 seconds
[2023-08-15T18:30:50.917-0300] {processor.py:157} INFO - Started process (PID=21722) to work on /home/alan/repos/pipeline_airflow/pipeline-airflow-venv/lib/python3.11/site-packages/airflow/example_dags/example_bash_operator.py
[2023-08-15T18:30:50.943-0300] {processor.py:826} INFO - Processing file /home/alan/repos/pipeline_airflow/pipeline-airflow-venv/lib/python3.11/site-packages/airflow/example_dags/example_bash_operator.py for tasks to queue
[2023-08-15T18:30:50.945-0300] {logging_mixin.py:150} INFO - [2023-08-15T18:30:50.944-0300] {dagbag.py:541} INFO - Filling up the DagBag from /home/alan/repos/pipeline_airflow/pipeline-airflow-venv/lib/python3.11/site-packages/airflow/example_dags/example_bash_operator.py
[2023-08-15T18:30:50.967-0300] {processor.py:836} INFO - DAG(s) dict_keys(['example_bash_operator']) retrieved from /home/alan/repos/pipeline_airflow/pipeline-airflow-venv/lib/python3.11/site-packages/airflow/example_dags/example_bash_operator.py
[2023-08-15T18:30:51.008-0300] {logging_mixin.py:150} INFO - [2023-08-15T18:30:51.007-0300] {dag.py:2742} INFO - Sync 1 DAGs
[2023-08-15T18:30:51.045-0300] {logging_mixin.py:150} INFO - [2023-08-15T18:30:51.045-0300] {dag.py:3504} INFO - Setting next_dagrun for example_bash_operator to 2023-08-14T00:00:00+00:00, run_after=2023-08-15T00:00:00+00:00
[2023-08-15T18:30:51.140-0300] {processor.py:179} INFO - Processing /home/alan/repos/pipeline_airflow/pipeline-airflow-venv/lib/python3.11/site-packages/airflow/example_dags/example_bash_operator.py took 0.228 seconds
[2023-08-15T18:32:08.995-0300] {processor.py:157} INFO - Started process (PID=22006) to work on /home/alan/repos/pipeline_airflow/pipeline-airflow-venv/lib/python3.11/site-packages/airflow/example_dags/example_bash_operator.py
[2023-08-15T18:32:09.008-0300] {processor.py:826} INFO - Processing file /home/alan/repos/pipeline_airflow/pipeline-airflow-venv/lib/python3.11/site-packages/airflow/example_dags/example_bash_operator.py for tasks to queue
[2023-08-15T18:32:09.009-0300] {logging_mixin.py:150} INFO - [2023-08-15T18:32:09.009-0300] {dagbag.py:541} INFO - Filling up the DagBag from /home/alan/repos/pipeline_airflow/pipeline-airflow-venv/lib/python3.11/site-packages/airflow/example_dags/example_bash_operator.py
[2023-08-15T18:32:09.030-0300] {processor.py:836} INFO - DAG(s) dict_keys(['example_bash_operator']) retrieved from /home/alan/repos/pipeline_airflow/pipeline-airflow-venv/lib/python3.11/site-packages/airflow/example_dags/example_bash_operator.py
[2023-08-15T18:32:09.080-0300] {logging_mixin.py:150} INFO - [2023-08-15T18:32:09.079-0300] {dag.py:2742} INFO - Sync 1 DAGs
[2023-08-15T18:32:09.121-0300] {logging_mixin.py:150} INFO - [2023-08-15T18:32:09.121-0300] {dag.py:3504} INFO - Setting next_dagrun for example_bash_operator to 2023-08-14T00:00:00+00:00, run_after=2023-08-15T00:00:00+00:00
[2023-08-15T18:32:09.246-0300] {processor.py:179} INFO - Processing /home/alan/repos/pipeline_airflow/pipeline-airflow-venv/lib/python3.11/site-packages/airflow/example_dags/example_bash_operator.py took 0.256 seconds
[2023-08-15T18:33:05.440-0300] {processor.py:157} INFO - Started process (PID=22218) to work on /home/alan/repos/pipeline_airflow/pipeline-airflow-venv/lib/python3.11/site-packages/airflow/example_dags/example_bash_operator.py
[2023-08-15T18:33:05.442-0300] {processor.py:826} INFO - Processing file /home/alan/repos/pipeline_airflow/pipeline-airflow-venv/lib/python3.11/site-packages/airflow/example_dags/example_bash_operator.py for tasks to queue
[2023-08-15T18:33:05.443-0300] {logging_mixin.py:150} INFO - [2023-08-15T18:33:05.443-0300] {dagbag.py:541} INFO - Filling up the DagBag from /home/alan/repos/pipeline_airflow/pipeline-airflow-venv/lib/python3.11/site-packages/airflow/example_dags/example_bash_operator.py
[2023-08-15T18:33:05.465-0300] {processor.py:836} INFO - DAG(s) dict_keys(['example_bash_operator']) retrieved from /home/alan/repos/pipeline_airflow/pipeline-airflow-venv/lib/python3.11/site-packages/airflow/example_dags/example_bash_operator.py
[2023-08-15T18:33:05.510-0300] {logging_mixin.py:150} INFO - [2023-08-15T18:33:05.510-0300] {dag.py:2742} INFO - Sync 1 DAGs
[2023-08-15T18:33:05.552-0300] {logging_mixin.py:150} INFO - [2023-08-15T18:33:05.551-0300] {dag.py:3504} INFO - Setting next_dagrun for example_bash_operator to 2023-08-14T00:00:00+00:00, run_after=2023-08-15T00:00:00+00:00
[2023-08-15T18:33:05.677-0300] {processor.py:179} INFO - Processing /home/alan/repos/pipeline_airflow/pipeline-airflow-venv/lib/python3.11/site-packages/airflow/example_dags/example_bash_operator.py took 0.242 seconds
[2023-08-15T18:34:03.661-0300] {processor.py:157} INFO - Started process (PID=22435) to work on /home/alan/repos/pipeline_airflow/pipeline-airflow-venv/lib/python3.11/site-packages/airflow/example_dags/example_bash_operator.py
[2023-08-15T18:34:03.667-0300] {processor.py:826} INFO - Processing file /home/alan/repos/pipeline_airflow/pipeline-airflow-venv/lib/python3.11/site-packages/airflow/example_dags/example_bash_operator.py for tasks to queue
[2023-08-15T18:34:03.670-0300] {logging_mixin.py:150} INFO - [2023-08-15T18:34:03.669-0300] {dagbag.py:541} INFO - Filling up the DagBag from /home/alan/repos/pipeline_airflow/pipeline-airflow-venv/lib/python3.11/site-packages/airflow/example_dags/example_bash_operator.py
[2023-08-15T18:34:03.705-0300] {processor.py:836} INFO - DAG(s) dict_keys(['example_bash_operator']) retrieved from /home/alan/repos/pipeline_airflow/pipeline-airflow-venv/lib/python3.11/site-packages/airflow/example_dags/example_bash_operator.py
[2023-08-15T18:34:03.754-0300] {logging_mixin.py:150} INFO - [2023-08-15T18:34:03.754-0300] {dag.py:2742} INFO - Sync 1 DAGs
[2023-08-15T18:34:03.799-0300] {logging_mixin.py:150} INFO - [2023-08-15T18:34:03.798-0300] {dag.py:3504} INFO - Setting next_dagrun for example_bash_operator to 2023-08-14T00:00:00+00:00, run_after=2023-08-15T00:00:00+00:00
[2023-08-15T18:34:03.908-0300] {processor.py:179} INFO - Processing /home/alan/repos/pipeline_airflow/pipeline-airflow-venv/lib/python3.11/site-packages/airflow/example_dags/example_bash_operator.py took 0.252 seconds
[2023-08-15T18:34:57.230-0300] {processor.py:157} INFO - Started process (PID=22625) to work on /home/alan/repos/pipeline_airflow/pipeline-airflow-venv/lib/python3.11/site-packages/airflow/example_dags/example_bash_operator.py
[2023-08-15T18:34:57.241-0300] {processor.py:826} INFO - Processing file /home/alan/repos/pipeline_airflow/pipeline-airflow-venv/lib/python3.11/site-packages/airflow/example_dags/example_bash_operator.py for tasks to queue
[2023-08-15T18:34:57.243-0300] {logging_mixin.py:150} INFO - [2023-08-15T18:34:57.242-0300] {dagbag.py:541} INFO - Filling up the DagBag from /home/alan/repos/pipeline_airflow/pipeline-airflow-venv/lib/python3.11/site-packages/airflow/example_dags/example_bash_operator.py
[2023-08-15T18:34:57.271-0300] {processor.py:836} INFO - DAG(s) dict_keys(['example_bash_operator']) retrieved from /home/alan/repos/pipeline_airflow/pipeline-airflow-venv/lib/python3.11/site-packages/airflow/example_dags/example_bash_operator.py
[2023-08-15T18:34:57.315-0300] {logging_mixin.py:150} INFO - [2023-08-15T18:34:57.315-0300] {dag.py:2742} INFO - Sync 1 DAGs
[2023-08-15T18:34:57.353-0300] {logging_mixin.py:150} INFO - [2023-08-15T18:34:57.353-0300] {dag.py:3504} INFO - Setting next_dagrun for example_bash_operator to 2023-08-14T00:00:00+00:00, run_after=2023-08-15T00:00:00+00:00
[2023-08-15T18:34:57.464-0300] {processor.py:179} INFO - Processing /home/alan/repos/pipeline_airflow/pipeline-airflow-venv/lib/python3.11/site-packages/airflow/example_dags/example_bash_operator.py took 0.241 seconds
[2023-08-15T18:35:54.812-0300] {processor.py:157} INFO - Started process (PID=22830) to work on /home/alan/repos/pipeline_airflow/pipeline-airflow-venv/lib/python3.11/site-packages/airflow/example_dags/example_bash_operator.py
[2023-08-15T18:35:54.817-0300] {processor.py:826} INFO - Processing file /home/alan/repos/pipeline_airflow/pipeline-airflow-venv/lib/python3.11/site-packages/airflow/example_dags/example_bash_operator.py for tasks to queue
[2023-08-15T18:35:54.819-0300] {logging_mixin.py:150} INFO - [2023-08-15T18:35:54.818-0300] {dagbag.py:541} INFO - Filling up the DagBag from /home/alan/repos/pipeline_airflow/pipeline-airflow-venv/lib/python3.11/site-packages/airflow/example_dags/example_bash_operator.py
[2023-08-15T18:35:54.840-0300] {processor.py:836} INFO - DAG(s) dict_keys(['example_bash_operator']) retrieved from /home/alan/repos/pipeline_airflow/pipeline-airflow-venv/lib/python3.11/site-packages/airflow/example_dags/example_bash_operator.py
[2023-08-15T18:35:54.885-0300] {logging_mixin.py:150} INFO - [2023-08-15T18:35:54.885-0300] {dag.py:2742} INFO - Sync 1 DAGs
[2023-08-15T18:35:54.938-0300] {logging_mixin.py:150} INFO - [2023-08-15T18:35:54.937-0300] {dag.py:3504} INFO - Setting next_dagrun for example_bash_operator to 2023-08-14T00:00:00+00:00, run_after=2023-08-15T00:00:00+00:00
[2023-08-15T18:35:55.129-0300] {processor.py:179} INFO - Processing /home/alan/repos/pipeline_airflow/pipeline-airflow-venv/lib/python3.11/site-packages/airflow/example_dags/example_bash_operator.py took 0.322 seconds
[2023-08-15T18:36:53.040-0300] {processor.py:157} INFO - Started process (PID=23051) to work on /home/alan/repos/pipeline_airflow/pipeline-airflow-venv/lib/python3.11/site-packages/airflow/example_dags/example_bash_operator.py
[2023-08-15T18:36:53.045-0300] {processor.py:826} INFO - Processing file /home/alan/repos/pipeline_airflow/pipeline-airflow-venv/lib/python3.11/site-packages/airflow/example_dags/example_bash_operator.py for tasks to queue
[2023-08-15T18:36:53.046-0300] {logging_mixin.py:150} INFO - [2023-08-15T18:36:53.045-0300] {dagbag.py:541} INFO - Filling up the DagBag from /home/alan/repos/pipeline_airflow/pipeline-airflow-venv/lib/python3.11/site-packages/airflow/example_dags/example_bash_operator.py
[2023-08-15T18:36:53.071-0300] {processor.py:836} INFO - DAG(s) dict_keys(['example_bash_operator']) retrieved from /home/alan/repos/pipeline_airflow/pipeline-airflow-venv/lib/python3.11/site-packages/airflow/example_dags/example_bash_operator.py
[2023-08-15T18:36:53.117-0300] {logging_mixin.py:150} INFO - [2023-08-15T18:36:53.117-0300] {dag.py:2742} INFO - Sync 1 DAGs
[2023-08-15T18:36:53.166-0300] {logging_mixin.py:150} INFO - [2023-08-15T18:36:53.166-0300] {dag.py:3504} INFO - Setting next_dagrun for example_bash_operator to 2023-08-14T00:00:00+00:00, run_after=2023-08-15T00:00:00+00:00
[2023-08-15T18:36:53.323-0300] {processor.py:179} INFO - Processing /home/alan/repos/pipeline_airflow/pipeline-airflow-venv/lib/python3.11/site-packages/airflow/example_dags/example_bash_operator.py took 0.289 seconds
[2023-08-15T18:38:15.171-0300] {processor.py:157} INFO - Started process (PID=23378) to work on /home/alan/repos/pipeline_airflow/pipeline-airflow-venv/lib/python3.11/site-packages/airflow/example_dags/example_bash_operator.py
[2023-08-15T18:38:15.186-0300] {processor.py:826} INFO - Processing file /home/alan/repos/pipeline_airflow/pipeline-airflow-venv/lib/python3.11/site-packages/airflow/example_dags/example_bash_operator.py for tasks to queue
[2023-08-15T18:38:15.187-0300] {logging_mixin.py:150} INFO - [2023-08-15T18:38:15.186-0300] {dagbag.py:541} INFO - Filling up the DagBag from /home/alan/repos/pipeline_airflow/pipeline-airflow-venv/lib/python3.11/site-packages/airflow/example_dags/example_bash_operator.py
[2023-08-15T18:38:15.211-0300] {processor.py:836} INFO - DAG(s) dict_keys(['example_bash_operator']) retrieved from /home/alan/repos/pipeline_airflow/pipeline-airflow-venv/lib/python3.11/site-packages/airflow/example_dags/example_bash_operator.py
[2023-08-15T18:38:15.258-0300] {logging_mixin.py:150} INFO - [2023-08-15T18:38:15.258-0300] {dag.py:2742} INFO - Sync 1 DAGs
[2023-08-15T18:38:15.307-0300] {logging_mixin.py:150} INFO - [2023-08-15T18:38:15.307-0300] {dag.py:3504} INFO - Setting next_dagrun for example_bash_operator to 2023-08-14T00:00:00+00:00, run_after=2023-08-15T00:00:00+00:00
[2023-08-15T18:38:15.433-0300] {processor.py:179} INFO - Processing /home/alan/repos/pipeline_airflow/pipeline-airflow-venv/lib/python3.11/site-packages/airflow/example_dags/example_bash_operator.py took 0.268 seconds
[2023-08-15T18:44:53.185-0300] {processor.py:157} INFO - Started process (PID=23915) to work on /home/alan/repos/pipeline_airflow/pipeline-airflow-venv/lib/python3.11/site-packages/airflow/example_dags/example_bash_operator.py
[2023-08-15T18:44:53.188-0300] {processor.py:826} INFO - Processing file /home/alan/repos/pipeline_airflow/pipeline-airflow-venv/lib/python3.11/site-packages/airflow/example_dags/example_bash_operator.py for tasks to queue
[2023-08-15T18:44:53.190-0300] {logging_mixin.py:150} INFO - [2023-08-15T18:44:53.189-0300] {dagbag.py:541} INFO - Filling up the DagBag from /home/alan/repos/pipeline_airflow/pipeline-airflow-venv/lib/python3.11/site-packages/airflow/example_dags/example_bash_operator.py
[2023-08-15T18:44:53.211-0300] {processor.py:836} INFO - DAG(s) dict_keys(['example_bash_operator']) retrieved from /home/alan/repos/pipeline_airflow/pipeline-airflow-venv/lib/python3.11/site-packages/airflow/example_dags/example_bash_operator.py
[2023-08-15T18:44:53.262-0300] {logging_mixin.py:150} INFO - [2023-08-15T18:44:53.261-0300] {dag.py:2742} INFO - Sync 1 DAGs
[2023-08-15T18:44:53.299-0300] {logging_mixin.py:150} INFO - [2023-08-15T18:44:53.299-0300] {dag.py:3504} INFO - Setting next_dagrun for example_bash_operator to 2023-08-14T00:00:00+00:00, run_after=2023-08-15T00:00:00+00:00
[2023-08-15T18:44:53.462-0300] {processor.py:179} INFO - Processing /home/alan/repos/pipeline_airflow/pipeline-airflow-venv/lib/python3.11/site-packages/airflow/example_dags/example_bash_operator.py took 0.283 seconds
[2023-08-15T18:46:14.092-0300] {processor.py:157} INFO - Started process (PID=24245) to work on /home/alan/repos/pipeline_airflow/pipeline-airflow-venv/lib/python3.11/site-packages/airflow/example_dags/example_bash_operator.py
[2023-08-15T18:46:14.182-0300] {processor.py:826} INFO - Processing file /home/alan/repos/pipeline_airflow/pipeline-airflow-venv/lib/python3.11/site-packages/airflow/example_dags/example_bash_operator.py for tasks to queue
[2023-08-15T18:46:14.185-0300] {logging_mixin.py:150} INFO - [2023-08-15T18:46:14.184-0300] {dagbag.py:541} INFO - Filling up the DagBag from /home/alan/repos/pipeline_airflow/pipeline-airflow-venv/lib/python3.11/site-packages/airflow/example_dags/example_bash_operator.py
[2023-08-15T18:46:14.235-0300] {processor.py:836} INFO - DAG(s) dict_keys(['example_bash_operator']) retrieved from /home/alan/repos/pipeline_airflow/pipeline-airflow-venv/lib/python3.11/site-packages/airflow/example_dags/example_bash_operator.py
[2023-08-15T18:46:14.292-0300] {logging_mixin.py:150} INFO - [2023-08-15T18:46:14.292-0300] {dag.py:2742} INFO - Sync 1 DAGs
[2023-08-15T18:46:14.341-0300] {logging_mixin.py:150} INFO - [2023-08-15T18:46:14.340-0300] {dag.py:3504} INFO - Setting next_dagrun for example_bash_operator to 2023-08-14T00:00:00+00:00, run_after=2023-08-15T00:00:00+00:00
[2023-08-15T18:46:14.767-0300] {processor.py:179} INFO - Processing /home/alan/repos/pipeline_airflow/pipeline-airflow-venv/lib/python3.11/site-packages/airflow/example_dags/example_bash_operator.py took 0.680 seconds
[2023-08-15T18:47:17.290-0300] {processor.py:157} INFO - Started process (PID=24474) to work on /home/alan/repos/pipeline_airflow/pipeline-airflow-venv/lib/python3.11/site-packages/airflow/example_dags/example_bash_operator.py
[2023-08-15T18:47:17.298-0300] {processor.py:826} INFO - Processing file /home/alan/repos/pipeline_airflow/pipeline-airflow-venv/lib/python3.11/site-packages/airflow/example_dags/example_bash_operator.py for tasks to queue
[2023-08-15T18:47:17.299-0300] {logging_mixin.py:150} INFO - [2023-08-15T18:47:17.298-0300] {dagbag.py:541} INFO - Filling up the DagBag from /home/alan/repos/pipeline_airflow/pipeline-airflow-venv/lib/python3.11/site-packages/airflow/example_dags/example_bash_operator.py
[2023-08-15T18:47:17.325-0300] {processor.py:836} INFO - DAG(s) dict_keys(['example_bash_operator']) retrieved from /home/alan/repos/pipeline_airflow/pipeline-airflow-venv/lib/python3.11/site-packages/airflow/example_dags/example_bash_operator.py
[2023-08-15T18:47:17.369-0300] {logging_mixin.py:150} INFO - [2023-08-15T18:47:17.369-0300] {dag.py:2742} INFO - Sync 1 DAGs
[2023-08-15T18:47:17.409-0300] {logging_mixin.py:150} INFO - [2023-08-15T18:47:17.408-0300] {dag.py:3504} INFO - Setting next_dagrun for example_bash_operator to 2023-08-14T00:00:00+00:00, run_after=2023-08-15T00:00:00+00:00
[2023-08-15T18:47:17.558-0300] {processor.py:179} INFO - Processing /home/alan/repos/pipeline_airflow/pipeline-airflow-venv/lib/python3.11/site-packages/airflow/example_dags/example_bash_operator.py took 0.272 seconds
[2023-08-15T18:48:22.283-0300] {processor.py:157} INFO - Started process (PID=24695) to work on /home/alan/repos/pipeline_airflow/pipeline-airflow-venv/lib/python3.11/site-packages/airflow/example_dags/example_bash_operator.py
[2023-08-15T18:48:22.285-0300] {processor.py:826} INFO - Processing file /home/alan/repos/pipeline_airflow/pipeline-airflow-venv/lib/python3.11/site-packages/airflow/example_dags/example_bash_operator.py for tasks to queue
[2023-08-15T18:48:22.287-0300] {logging_mixin.py:150} INFO - [2023-08-15T18:48:22.286-0300] {dagbag.py:541} INFO - Filling up the DagBag from /home/alan/repos/pipeline_airflow/pipeline-airflow-venv/lib/python3.11/site-packages/airflow/example_dags/example_bash_operator.py
[2023-08-15T18:48:22.307-0300] {processor.py:836} INFO - DAG(s) dict_keys(['example_bash_operator']) retrieved from /home/alan/repos/pipeline_airflow/pipeline-airflow-venv/lib/python3.11/site-packages/airflow/example_dags/example_bash_operator.py
[2023-08-15T18:48:22.351-0300] {logging_mixin.py:150} INFO - [2023-08-15T18:48:22.350-0300] {dag.py:2742} INFO - Sync 1 DAGs
[2023-08-15T18:48:22.537-0300] {logging_mixin.py:150} INFO - [2023-08-15T18:48:22.537-0300] {dag.py:3504} INFO - Setting next_dagrun for example_bash_operator to 2023-08-14T00:00:00+00:00, run_after=2023-08-15T00:00:00+00:00
[2023-08-15T18:48:22.645-0300] {processor.py:179} INFO - Processing /home/alan/repos/pipeline_airflow/pipeline-airflow-venv/lib/python3.11/site-packages/airflow/example_dags/example_bash_operator.py took 0.369 seconds
[2023-08-15T18:49:30.735-0300] {processor.py:157} INFO - Started process (PID=24922) to work on /home/alan/repos/pipeline_airflow/pipeline-airflow-venv/lib/python3.11/site-packages/airflow/example_dags/example_bash_operator.py
[2023-08-15T18:49:30.737-0300] {processor.py:826} INFO - Processing file /home/alan/repos/pipeline_airflow/pipeline-airflow-venv/lib/python3.11/site-packages/airflow/example_dags/example_bash_operator.py for tasks to queue
[2023-08-15T18:49:30.738-0300] {logging_mixin.py:150} INFO - [2023-08-15T18:49:30.738-0300] {dagbag.py:541} INFO - Filling up the DagBag from /home/alan/repos/pipeline_airflow/pipeline-airflow-venv/lib/python3.11/site-packages/airflow/example_dags/example_bash_operator.py
[2023-08-15T18:49:30.765-0300] {processor.py:836} INFO - DAG(s) dict_keys(['example_bash_operator']) retrieved from /home/alan/repos/pipeline_airflow/pipeline-airflow-venv/lib/python3.11/site-packages/airflow/example_dags/example_bash_operator.py
[2023-08-15T18:49:30.808-0300] {logging_mixin.py:150} INFO - [2023-08-15T18:49:30.807-0300] {dag.py:2742} INFO - Sync 1 DAGs
[2023-08-15T18:49:30.857-0300] {logging_mixin.py:150} INFO - [2023-08-15T18:49:30.857-0300] {dag.py:3504} INFO - Setting next_dagrun for example_bash_operator to 2023-08-14T00:00:00+00:00, run_after=2023-08-15T00:00:00+00:00
[2023-08-15T18:49:30.988-0300] {processor.py:179} INFO - Processing /home/alan/repos/pipeline_airflow/pipeline-airflow-venv/lib/python3.11/site-packages/airflow/example_dags/example_bash_operator.py took 0.258 seconds
[2023-08-15T18:50:29.407-0300] {processor.py:157} INFO - Started process (PID=25134) to work on /home/alan/repos/pipeline_airflow/pipeline-airflow-venv/lib/python3.11/site-packages/airflow/example_dags/example_bash_operator.py
[2023-08-15T18:50:29.409-0300] {processor.py:826} INFO - Processing file /home/alan/repos/pipeline_airflow/pipeline-airflow-venv/lib/python3.11/site-packages/airflow/example_dags/example_bash_operator.py for tasks to queue
[2023-08-15T18:50:29.411-0300] {logging_mixin.py:150} INFO - [2023-08-15T18:50:29.410-0300] {dagbag.py:541} INFO - Filling up the DagBag from /home/alan/repos/pipeline_airflow/pipeline-airflow-venv/lib/python3.11/site-packages/airflow/example_dags/example_bash_operator.py
[2023-08-15T18:50:29.437-0300] {processor.py:836} INFO - DAG(s) dict_keys(['example_bash_operator']) retrieved from /home/alan/repos/pipeline_airflow/pipeline-airflow-venv/lib/python3.11/site-packages/airflow/example_dags/example_bash_operator.py
[2023-08-15T18:50:29.498-0300] {logging_mixin.py:150} INFO - [2023-08-15T18:50:29.497-0300] {dag.py:2742} INFO - Sync 1 DAGs
[2023-08-15T18:50:29.569-0300] {logging_mixin.py:150} INFO - [2023-08-15T18:50:29.569-0300] {dag.py:3504} INFO - Setting next_dagrun for example_bash_operator to 2023-08-14T00:00:00+00:00, run_after=2023-08-15T00:00:00+00:00
[2023-08-15T18:50:29.709-0300] {processor.py:179} INFO - Processing /home/alan/repos/pipeline_airflow/pipeline-airflow-venv/lib/python3.11/site-packages/airflow/example_dags/example_bash_operator.py took 0.307 seconds
[2023-08-15T18:51:37.853-0300] {processor.py:157} INFO - Started process (PID=25432) to work on /home/alan/repos/pipeline_airflow/pipeline-airflow-venv/lib/python3.11/site-packages/airflow/example_dags/example_bash_operator.py
[2023-08-15T18:51:37.871-0300] {processor.py:826} INFO - Processing file /home/alan/repos/pipeline_airflow/pipeline-airflow-venv/lib/python3.11/site-packages/airflow/example_dags/example_bash_operator.py for tasks to queue
[2023-08-15T18:51:37.872-0300] {logging_mixin.py:150} INFO - [2023-08-15T18:51:37.871-0300] {dagbag.py:541} INFO - Filling up the DagBag from /home/alan/repos/pipeline_airflow/pipeline-airflow-venv/lib/python3.11/site-packages/airflow/example_dags/example_bash_operator.py
[2023-08-15T18:51:37.894-0300] {processor.py:836} INFO - DAG(s) dict_keys(['example_bash_operator']) retrieved from /home/alan/repos/pipeline_airflow/pipeline-airflow-venv/lib/python3.11/site-packages/airflow/example_dags/example_bash_operator.py
[2023-08-15T18:51:37.949-0300] {logging_mixin.py:150} INFO - [2023-08-15T18:51:37.949-0300] {dag.py:2742} INFO - Sync 1 DAGs
[2023-08-15T18:51:38.017-0300] {logging_mixin.py:150} INFO - [2023-08-15T18:51:38.017-0300] {dag.py:3504} INFO - Setting next_dagrun for example_bash_operator to 2023-08-14T00:00:00+00:00, run_after=2023-08-15T00:00:00+00:00
[2023-08-15T18:51:39.599-0300] {processor.py:179} INFO - Processing /home/alan/repos/pipeline_airflow/pipeline-airflow-venv/lib/python3.11/site-packages/airflow/example_dags/example_bash_operator.py took 1.753 seconds
[2023-08-15T18:52:52.533-0300] {processor.py:157} INFO - Started process (PID=25815) to work on /home/alan/repos/pipeline_airflow/pipeline-airflow-venv/lib/python3.11/site-packages/airflow/example_dags/example_bash_operator.py
[2023-08-15T18:52:52.535-0300] {processor.py:826} INFO - Processing file /home/alan/repos/pipeline_airflow/pipeline-airflow-venv/lib/python3.11/site-packages/airflow/example_dags/example_bash_operator.py for tasks to queue
[2023-08-15T18:52:52.536-0300] {logging_mixin.py:150} INFO - [2023-08-15T18:52:52.536-0300] {dagbag.py:541} INFO - Filling up the DagBag from /home/alan/repos/pipeline_airflow/pipeline-airflow-venv/lib/python3.11/site-packages/airflow/example_dags/example_bash_operator.py
[2023-08-15T18:52:52.556-0300] {processor.py:836} INFO - DAG(s) dict_keys(['example_bash_operator']) retrieved from /home/alan/repos/pipeline_airflow/pipeline-airflow-venv/lib/python3.11/site-packages/airflow/example_dags/example_bash_operator.py
[2023-08-15T18:52:52.597-0300] {logging_mixin.py:150} INFO - [2023-08-15T18:52:52.597-0300] {dag.py:2742} INFO - Sync 1 DAGs
[2023-08-15T18:52:52.634-0300] {logging_mixin.py:150} INFO - [2023-08-15T18:52:52.634-0300] {dag.py:3504} INFO - Setting next_dagrun for example_bash_operator to 2023-08-14T00:00:00+00:00, run_after=2023-08-15T00:00:00+00:00
[2023-08-15T18:52:52.761-0300] {processor.py:179} INFO - Processing /home/alan/repos/pipeline_airflow/pipeline-airflow-venv/lib/python3.11/site-packages/airflow/example_dags/example_bash_operator.py took 0.232 seconds
[2023-08-15T18:53:48.839-0300] {processor.py:157} INFO - Started process (PID=26031) to work on /home/alan/repos/pipeline_airflow/pipeline-airflow-venv/lib/python3.11/site-packages/airflow/example_dags/example_bash_operator.py
[2023-08-15T18:53:48.841-0300] {processor.py:826} INFO - Processing file /home/alan/repos/pipeline_airflow/pipeline-airflow-venv/lib/python3.11/site-packages/airflow/example_dags/example_bash_operator.py for tasks to queue
[2023-08-15T18:53:48.843-0300] {logging_mixin.py:150} INFO - [2023-08-15T18:53:48.842-0300] {dagbag.py:541} INFO - Filling up the DagBag from /home/alan/repos/pipeline_airflow/pipeline-airflow-venv/lib/python3.11/site-packages/airflow/example_dags/example_bash_operator.py
[2023-08-15T18:53:48.867-0300] {processor.py:836} INFO - DAG(s) dict_keys(['example_bash_operator']) retrieved from /home/alan/repos/pipeline_airflow/pipeline-airflow-venv/lib/python3.11/site-packages/airflow/example_dags/example_bash_operator.py
[2023-08-15T18:53:48.909-0300] {logging_mixin.py:150} INFO - [2023-08-15T18:53:48.909-0300] {dag.py:2742} INFO - Sync 1 DAGs
[2023-08-15T18:53:48.946-0300] {logging_mixin.py:150} INFO - [2023-08-15T18:53:48.946-0300] {dag.py:3504} INFO - Setting next_dagrun for example_bash_operator to 2023-08-14T00:00:00+00:00, run_after=2023-08-15T00:00:00+00:00
[2023-08-15T18:53:49.063-0300] {processor.py:179} INFO - Processing /home/alan/repos/pipeline_airflow/pipeline-airflow-venv/lib/python3.11/site-packages/airflow/example_dags/example_bash_operator.py took 0.230 seconds
[2023-08-15T18:54:53.227-0300] {processor.py:157} INFO - Started process (PID=26343) to work on /home/alan/repos/pipeline_airflow/pipeline-airflow-venv/lib/python3.11/site-packages/airflow/example_dags/example_bash_operator.py
[2023-08-15T18:54:53.267-0300] {processor.py:826} INFO - Processing file /home/alan/repos/pipeline_airflow/pipeline-airflow-venv/lib/python3.11/site-packages/airflow/example_dags/example_bash_operator.py for tasks to queue
[2023-08-15T18:54:53.268-0300] {logging_mixin.py:150} INFO - [2023-08-15T18:54:53.268-0300] {dagbag.py:541} INFO - Filling up the DagBag from /home/alan/repos/pipeline_airflow/pipeline-airflow-venv/lib/python3.11/site-packages/airflow/example_dags/example_bash_operator.py
[2023-08-15T18:54:53.290-0300] {processor.py:836} INFO - DAG(s) dict_keys(['example_bash_operator']) retrieved from /home/alan/repos/pipeline_airflow/pipeline-airflow-venv/lib/python3.11/site-packages/airflow/example_dags/example_bash_operator.py
[2023-08-15T18:54:53.370-0300] {logging_mixin.py:150} INFO - [2023-08-15T18:54:53.370-0300] {dag.py:2742} INFO - Sync 1 DAGs
[2023-08-15T18:54:53.417-0300] {logging_mixin.py:150} INFO - [2023-08-15T18:54:53.417-0300] {dag.py:3504} INFO - Setting next_dagrun for example_bash_operator to 2023-08-14T00:00:00+00:00, run_after=2023-08-15T00:00:00+00:00
[2023-08-15T18:54:53.823-0300] {processor.py:179} INFO - Processing /home/alan/repos/pipeline_airflow/pipeline-airflow-venv/lib/python3.11/site-packages/airflow/example_dags/example_bash_operator.py took 0.603 seconds
[2023-08-15T19:00:13.024-0300] {processor.py:157} INFO - Started process (PID=27327) to work on /home/alan/repos/pipeline_airflow/pipeline-airflow-venv/lib/python3.11/site-packages/airflow/example_dags/example_bash_operator.py
[2023-08-15T19:00:13.184-0300] {processor.py:826} INFO - Processing file /home/alan/repos/pipeline_airflow/pipeline-airflow-venv/lib/python3.11/site-packages/airflow/example_dags/example_bash_operator.py for tasks to queue
[2023-08-15T19:00:13.186-0300] {logging_mixin.py:150} INFO - [2023-08-15T19:00:13.185-0300] {dagbag.py:541} INFO - Filling up the DagBag from /home/alan/repos/pipeline_airflow/pipeline-airflow-venv/lib/python3.11/site-packages/airflow/example_dags/example_bash_operator.py
[2023-08-15T19:00:13.240-0300] {processor.py:836} INFO - DAG(s) dict_keys(['example_bash_operator']) retrieved from /home/alan/repos/pipeline_airflow/pipeline-airflow-venv/lib/python3.11/site-packages/airflow/example_dags/example_bash_operator.py
[2023-08-15T19:00:13.346-0300] {logging_mixin.py:150} INFO - [2023-08-15T19:00:13.346-0300] {dag.py:2742} INFO - Sync 1 DAGs
[2023-08-15T19:00:13.390-0300] {logging_mixin.py:150} INFO - [2023-08-15T19:00:13.389-0300] {dag.py:3504} INFO - Setting next_dagrun for example_bash_operator to 2023-08-14T00:00:00+00:00, run_after=2023-08-15T00:00:00+00:00
[2023-08-15T19:00:14.061-0300] {processor.py:179} INFO - Processing /home/alan/repos/pipeline_airflow/pipeline-airflow-venv/lib/python3.11/site-packages/airflow/example_dags/example_bash_operator.py took 1.043 seconds
[2023-08-15T19:02:07.652-0300] {processor.py:157} INFO - Started process (PID=27679) to work on /home/alan/repos/pipeline_airflow/pipeline-airflow-venv/lib/python3.11/site-packages/airflow/example_dags/example_bash_operator.py
[2023-08-15T19:02:07.781-0300] {processor.py:826} INFO - Processing file /home/alan/repos/pipeline_airflow/pipeline-airflow-venv/lib/python3.11/site-packages/airflow/example_dags/example_bash_operator.py for tasks to queue
[2023-08-15T19:02:07.883-0300] {logging_mixin.py:150} INFO - [2023-08-15T19:02:07.882-0300] {dagbag.py:541} INFO - Filling up the DagBag from /home/alan/repos/pipeline_airflow/pipeline-airflow-venv/lib/python3.11/site-packages/airflow/example_dags/example_bash_operator.py
[2023-08-15T19:02:08.000-0300] {processor.py:836} INFO - DAG(s) dict_keys(['example_bash_operator']) retrieved from /home/alan/repos/pipeline_airflow/pipeline-airflow-venv/lib/python3.11/site-packages/airflow/example_dags/example_bash_operator.py
[2023-08-15T19:02:08.243-0300] {logging_mixin.py:150} INFO - [2023-08-15T19:02:08.243-0300] {dag.py:2742} INFO - Sync 1 DAGs
[2023-08-15T19:02:08.292-0300] {logging_mixin.py:150} INFO - [2023-08-15T19:02:08.291-0300] {dag.py:3504} INFO - Setting next_dagrun for example_bash_operator to 2023-08-14T00:00:00+00:00, run_after=2023-08-15T00:00:00+00:00
[2023-08-15T19:02:08.762-0300] {processor.py:179} INFO - Processing /home/alan/repos/pipeline_airflow/pipeline-airflow-venv/lib/python3.11/site-packages/airflow/example_dags/example_bash_operator.py took 1.116 seconds
[2023-08-15T19:04:30.954-0300] {processor.py:157} INFO - Started process (PID=28314) to work on /home/alan/repos/pipeline_airflow/pipeline-airflow-venv/lib/python3.11/site-packages/airflow/example_dags/example_bash_operator.py
[2023-08-15T19:04:30.956-0300] {processor.py:826} INFO - Processing file /home/alan/repos/pipeline_airflow/pipeline-airflow-venv/lib/python3.11/site-packages/airflow/example_dags/example_bash_operator.py for tasks to queue
[2023-08-15T19:04:30.957-0300] {logging_mixin.py:150} INFO - [2023-08-15T19:04:30.956-0300] {dagbag.py:541} INFO - Filling up the DagBag from /home/alan/repos/pipeline_airflow/pipeline-airflow-venv/lib/python3.11/site-packages/airflow/example_dags/example_bash_operator.py
[2023-08-15T19:04:30.978-0300] {processor.py:836} INFO - DAG(s) dict_keys(['example_bash_operator']) retrieved from /home/alan/repos/pipeline_airflow/pipeline-airflow-venv/lib/python3.11/site-packages/airflow/example_dags/example_bash_operator.py
[2023-08-15T19:04:31.022-0300] {logging_mixin.py:150} INFO - [2023-08-15T19:04:31.022-0300] {dag.py:2742} INFO - Sync 1 DAGs
[2023-08-15T19:04:31.066-0300] {logging_mixin.py:150} INFO - [2023-08-15T19:04:31.066-0300] {dag.py:3504} INFO - Setting next_dagrun for example_bash_operator to 2023-08-14T00:00:00+00:00, run_after=2023-08-15T00:00:00+00:00
[2023-08-15T19:04:31.204-0300] {processor.py:179} INFO - Processing /home/alan/repos/pipeline_airflow/pipeline-airflow-venv/lib/python3.11/site-packages/airflow/example_dags/example_bash_operator.py took 0.256 seconds
[2023-08-15T19:05:55.381-0300] {processor.py:157} INFO - Started process (PID=28699) to work on /home/alan/repos/pipeline_airflow/pipeline-airflow-venv/lib/python3.11/site-packages/airflow/example_dags/example_bash_operator.py
[2023-08-15T19:05:55.383-0300] {processor.py:826} INFO - Processing file /home/alan/repos/pipeline_airflow/pipeline-airflow-venv/lib/python3.11/site-packages/airflow/example_dags/example_bash_operator.py for tasks to queue
[2023-08-15T19:05:55.384-0300] {logging_mixin.py:150} INFO - [2023-08-15T19:05:55.384-0300] {dagbag.py:541} INFO - Filling up the DagBag from /home/alan/repos/pipeline_airflow/pipeline-airflow-venv/lib/python3.11/site-packages/airflow/example_dags/example_bash_operator.py
[2023-08-15T19:05:55.407-0300] {processor.py:836} INFO - DAG(s) dict_keys(['example_bash_operator']) retrieved from /home/alan/repos/pipeline_airflow/pipeline-airflow-venv/lib/python3.11/site-packages/airflow/example_dags/example_bash_operator.py
[2023-08-15T19:05:55.450-0300] {logging_mixin.py:150} INFO - [2023-08-15T19:05:55.449-0300] {dag.py:2742} INFO - Sync 1 DAGs
[2023-08-15T19:05:55.490-0300] {logging_mixin.py:150} INFO - [2023-08-15T19:05:55.490-0300] {dag.py:3504} INFO - Setting next_dagrun for example_bash_operator to 2023-08-14T00:00:00+00:00, run_after=2023-08-15T00:00:00+00:00
[2023-08-15T19:05:55.613-0300] {processor.py:179} INFO - Processing /home/alan/repos/pipeline_airflow/pipeline-airflow-venv/lib/python3.11/site-packages/airflow/example_dags/example_bash_operator.py took 0.237 seconds
[2023-08-15T19:06:57.790-0300] {processor.py:157} INFO - Started process (PID=28861) to work on /home/alan/repos/pipeline_airflow/pipeline-airflow-venv/lib/python3.11/site-packages/airflow/example_dags/example_bash_operator.py
[2023-08-15T19:06:57.802-0300] {processor.py:826} INFO - Processing file /home/alan/repos/pipeline_airflow/pipeline-airflow-venv/lib/python3.11/site-packages/airflow/example_dags/example_bash_operator.py for tasks to queue
[2023-08-15T19:06:57.805-0300] {logging_mixin.py:150} INFO - [2023-08-15T19:06:57.803-0300] {dagbag.py:541} INFO - Filling up the DagBag from /home/alan/repos/pipeline_airflow/pipeline-airflow-venv/lib/python3.11/site-packages/airflow/example_dags/example_bash_operator.py
[2023-08-15T19:06:57.827-0300] {processor.py:836} INFO - DAG(s) dict_keys(['example_bash_operator']) retrieved from /home/alan/repos/pipeline_airflow/pipeline-airflow-venv/lib/python3.11/site-packages/airflow/example_dags/example_bash_operator.py
[2023-08-15T19:06:57.869-0300] {logging_mixin.py:150} INFO - [2023-08-15T19:06:57.868-0300] {dag.py:2742} INFO - Sync 1 DAGs
[2023-08-15T19:06:57.912-0300] {logging_mixin.py:150} INFO - [2023-08-15T19:06:57.911-0300] {dag.py:3504} INFO - Setting next_dagrun for example_bash_operator to 2023-08-14T00:00:00+00:00, run_after=2023-08-15T00:00:00+00:00
[2023-08-15T19:06:58.077-0300] {processor.py:179} INFO - Processing /home/alan/repos/pipeline_airflow/pipeline-airflow-venv/lib/python3.11/site-packages/airflow/example_dags/example_bash_operator.py took 0.294 seconds
[2023-08-15T19:08:01.196-0300] {processor.py:157} INFO - Started process (PID=29132) to work on /home/alan/repos/pipeline_airflow/pipeline-airflow-venv/lib/python3.11/site-packages/airflow/example_dags/example_bash_operator.py
[2023-08-15T19:08:01.209-0300] {processor.py:826} INFO - Processing file /home/alan/repos/pipeline_airflow/pipeline-airflow-venv/lib/python3.11/site-packages/airflow/example_dags/example_bash_operator.py for tasks to queue
[2023-08-15T19:08:01.211-0300] {logging_mixin.py:150} INFO - [2023-08-15T19:08:01.211-0300] {dagbag.py:541} INFO - Filling up the DagBag from /home/alan/repos/pipeline_airflow/pipeline-airflow-venv/lib/python3.11/site-packages/airflow/example_dags/example_bash_operator.py
[2023-08-15T19:08:01.236-0300] {processor.py:836} INFO - DAG(s) dict_keys(['example_bash_operator']) retrieved from /home/alan/repos/pipeline_airflow/pipeline-airflow-venv/lib/python3.11/site-packages/airflow/example_dags/example_bash_operator.py
[2023-08-15T19:08:01.289-0300] {logging_mixin.py:150} INFO - [2023-08-15T19:08:01.289-0300] {dag.py:2742} INFO - Sync 1 DAGs
[2023-08-15T19:08:01.337-0300] {logging_mixin.py:150} INFO - [2023-08-15T19:08:01.337-0300] {dag.py:3504} INFO - Setting next_dagrun for example_bash_operator to 2023-08-14T00:00:00+00:00, run_after=2023-08-15T00:00:00+00:00
[2023-08-15T19:08:01.452-0300] {processor.py:179} INFO - Processing /home/alan/repos/pipeline_airflow/pipeline-airflow-venv/lib/python3.11/site-packages/airflow/example_dags/example_bash_operator.py took 0.262 seconds
[2023-08-15T19:09:06.534-0300] {processor.py:157} INFO - Started process (PID=29299) to work on /home/alan/repos/pipeline_airflow/pipeline-airflow-venv/lib/python3.11/site-packages/airflow/example_dags/example_bash_operator.py
[2023-08-15T19:09:06.535-0300] {processor.py:826} INFO - Processing file /home/alan/repos/pipeline_airflow/pipeline-airflow-venv/lib/python3.11/site-packages/airflow/example_dags/example_bash_operator.py for tasks to queue
[2023-08-15T19:09:06.537-0300] {logging_mixin.py:150} INFO - [2023-08-15T19:09:06.536-0300] {dagbag.py:541} INFO - Filling up the DagBag from /home/alan/repos/pipeline_airflow/pipeline-airflow-venv/lib/python3.11/site-packages/airflow/example_dags/example_bash_operator.py
[2023-08-15T19:09:06.557-0300] {processor.py:836} INFO - DAG(s) dict_keys(['example_bash_operator']) retrieved from /home/alan/repos/pipeline_airflow/pipeline-airflow-venv/lib/python3.11/site-packages/airflow/example_dags/example_bash_operator.py
[2023-08-15T19:09:06.598-0300] {logging_mixin.py:150} INFO - [2023-08-15T19:09:06.597-0300] {dag.py:2742} INFO - Sync 1 DAGs
[2023-08-15T19:09:06.635-0300] {logging_mixin.py:150} INFO - [2023-08-15T19:09:06.635-0300] {dag.py:3504} INFO - Setting next_dagrun for example_bash_operator to 2023-08-14T00:00:00+00:00, run_after=2023-08-15T00:00:00+00:00
[2023-08-15T19:09:06.742-0300] {processor.py:179} INFO - Processing /home/alan/repos/pipeline_airflow/pipeline-airflow-venv/lib/python3.11/site-packages/airflow/example_dags/example_bash_operator.py took 0.213 seconds
[2023-08-15T19:10:06.483-0300] {processor.py:157} INFO - Started process (PID=29456) to work on /home/alan/repos/pipeline_airflow/pipeline-airflow-venv/lib/python3.11/site-packages/airflow/example_dags/example_bash_operator.py
[2023-08-15T19:10:06.496-0300] {processor.py:826} INFO - Processing file /home/alan/repos/pipeline_airflow/pipeline-airflow-venv/lib/python3.11/site-packages/airflow/example_dags/example_bash_operator.py for tasks to queue
[2023-08-15T19:10:06.498-0300] {logging_mixin.py:150} INFO - [2023-08-15T19:10:06.497-0300] {dagbag.py:541} INFO - Filling up the DagBag from /home/alan/repos/pipeline_airflow/pipeline-airflow-venv/lib/python3.11/site-packages/airflow/example_dags/example_bash_operator.py
[2023-08-15T19:10:06.522-0300] {processor.py:836} INFO - DAG(s) dict_keys(['example_bash_operator']) retrieved from /home/alan/repos/pipeline_airflow/pipeline-airflow-venv/lib/python3.11/site-packages/airflow/example_dags/example_bash_operator.py
[2023-08-15T19:10:06.564-0300] {logging_mixin.py:150} INFO - [2023-08-15T19:10:06.564-0300] {dag.py:2742} INFO - Sync 1 DAGs
[2023-08-15T19:10:06.603-0300] {logging_mixin.py:150} INFO - [2023-08-15T19:10:06.603-0300] {dag.py:3504} INFO - Setting next_dagrun for example_bash_operator to 2023-08-14T00:00:00+00:00, run_after=2023-08-15T00:00:00+00:00
[2023-08-15T19:10:06.706-0300] {processor.py:179} INFO - Processing /home/alan/repos/pipeline_airflow/pipeline-airflow-venv/lib/python3.11/site-packages/airflow/example_dags/example_bash_operator.py took 0.229 seconds
[2023-08-15T19:11:05.789-0300] {processor.py:157} INFO - Started process (PID=29641) to work on /home/alan/repos/pipeline_airflow/pipeline-airflow-venv/lib/python3.11/site-packages/airflow/example_dags/example_bash_operator.py
[2023-08-15T19:11:05.801-0300] {processor.py:826} INFO - Processing file /home/alan/repos/pipeline_airflow/pipeline-airflow-venv/lib/python3.11/site-packages/airflow/example_dags/example_bash_operator.py for tasks to queue
[2023-08-15T19:11:05.802-0300] {logging_mixin.py:150} INFO - [2023-08-15T19:11:05.802-0300] {dagbag.py:541} INFO - Filling up the DagBag from /home/alan/repos/pipeline_airflow/pipeline-airflow-venv/lib/python3.11/site-packages/airflow/example_dags/example_bash_operator.py
[2023-08-15T19:11:05.851-0300] {processor.py:836} INFO - DAG(s) dict_keys(['example_bash_operator']) retrieved from /home/alan/repos/pipeline_airflow/pipeline-airflow-venv/lib/python3.11/site-packages/airflow/example_dags/example_bash_operator.py
[2023-08-15T19:11:05.903-0300] {logging_mixin.py:150} INFO - [2023-08-15T19:11:05.903-0300] {dag.py:2742} INFO - Sync 1 DAGs
[2023-08-15T19:11:05.944-0300] {logging_mixin.py:150} INFO - [2023-08-15T19:11:05.944-0300] {dag.py:3504} INFO - Setting next_dagrun for example_bash_operator to 2023-08-14T00:00:00+00:00, run_after=2023-08-15T00:00:00+00:00
[2023-08-15T19:11:06.068-0300] {processor.py:179} INFO - Processing /home/alan/repos/pipeline_airflow/pipeline-airflow-venv/lib/python3.11/site-packages/airflow/example_dags/example_bash_operator.py took 0.285 seconds
[2023-08-15T19:12:09.985-0300] {processor.py:157} INFO - Started process (PID=29870) to work on /home/alan/repos/pipeline_airflow/pipeline-airflow-venv/lib/python3.11/site-packages/airflow/example_dags/example_bash_operator.py
[2023-08-15T19:12:09.987-0300] {processor.py:826} INFO - Processing file /home/alan/repos/pipeline_airflow/pipeline-airflow-venv/lib/python3.11/site-packages/airflow/example_dags/example_bash_operator.py for tasks to queue
[2023-08-15T19:12:09.989-0300] {logging_mixin.py:150} INFO - [2023-08-15T19:12:09.988-0300] {dagbag.py:541} INFO - Filling up the DagBag from /home/alan/repos/pipeline_airflow/pipeline-airflow-venv/lib/python3.11/site-packages/airflow/example_dags/example_bash_operator.py
[2023-08-15T19:12:10.010-0300] {processor.py:836} INFO - DAG(s) dict_keys(['example_bash_operator']) retrieved from /home/alan/repos/pipeline_airflow/pipeline-airflow-venv/lib/python3.11/site-packages/airflow/example_dags/example_bash_operator.py
[2023-08-15T19:12:10.051-0300] {logging_mixin.py:150} INFO - [2023-08-15T19:12:10.051-0300] {dag.py:2742} INFO - Sync 1 DAGs
[2023-08-15T19:12:10.091-0300] {logging_mixin.py:150} INFO - [2023-08-15T19:12:10.091-0300] {dag.py:3504} INFO - Setting next_dagrun for example_bash_operator to 2023-08-14T00:00:00+00:00, run_after=2023-08-15T00:00:00+00:00
[2023-08-15T19:12:10.198-0300] {processor.py:179} INFO - Processing /home/alan/repos/pipeline_airflow/pipeline-airflow-venv/lib/python3.11/site-packages/airflow/example_dags/example_bash_operator.py took 0.218 seconds
[2023-08-15T19:13:09.558-0300] {processor.py:157} INFO - Started process (PID=30039) to work on /home/alan/repos/pipeline_airflow/pipeline-airflow-venv/lib/python3.11/site-packages/airflow/example_dags/example_bash_operator.py
[2023-08-15T19:13:09.560-0300] {processor.py:826} INFO - Processing file /home/alan/repos/pipeline_airflow/pipeline-airflow-venv/lib/python3.11/site-packages/airflow/example_dags/example_bash_operator.py for tasks to queue
[2023-08-15T19:13:09.562-0300] {logging_mixin.py:150} INFO - [2023-08-15T19:13:09.562-0300] {dagbag.py:541} INFO - Filling up the DagBag from /home/alan/repos/pipeline_airflow/pipeline-airflow-venv/lib/python3.11/site-packages/airflow/example_dags/example_bash_operator.py
[2023-08-15T19:13:09.588-0300] {processor.py:836} INFO - DAG(s) dict_keys(['example_bash_operator']) retrieved from /home/alan/repos/pipeline_airflow/pipeline-airflow-venv/lib/python3.11/site-packages/airflow/example_dags/example_bash_operator.py
[2023-08-15T19:13:09.644-0300] {logging_mixin.py:150} INFO - [2023-08-15T19:13:09.644-0300] {dag.py:2742} INFO - Sync 1 DAGs
[2023-08-15T19:13:09.694-0300] {logging_mixin.py:150} INFO - [2023-08-15T19:13:09.694-0300] {dag.py:3504} INFO - Setting next_dagrun for example_bash_operator to 2023-08-14T00:00:00+00:00, run_after=2023-08-15T00:00:00+00:00
[2023-08-15T19:13:09.821-0300] {processor.py:179} INFO - Processing /home/alan/repos/pipeline_airflow/pipeline-airflow-venv/lib/python3.11/site-packages/airflow/example_dags/example_bash_operator.py took 0.270 seconds
[2023-08-15T19:14:10.094-0300] {processor.py:157} INFO - Started process (PID=30194) to work on /home/alan/repos/pipeline_airflow/pipeline-airflow-venv/lib/python3.11/site-packages/airflow/example_dags/example_bash_operator.py
[2023-08-15T19:14:10.095-0300] {processor.py:826} INFO - Processing file /home/alan/repos/pipeline_airflow/pipeline-airflow-venv/lib/python3.11/site-packages/airflow/example_dags/example_bash_operator.py for tasks to queue
[2023-08-15T19:14:10.097-0300] {logging_mixin.py:150} INFO - [2023-08-15T19:14:10.096-0300] {dagbag.py:541} INFO - Filling up the DagBag from /home/alan/repos/pipeline_airflow/pipeline-airflow-venv/lib/python3.11/site-packages/airflow/example_dags/example_bash_operator.py
[2023-08-15T19:14:10.121-0300] {processor.py:836} INFO - DAG(s) dict_keys(['example_bash_operator']) retrieved from /home/alan/repos/pipeline_airflow/pipeline-airflow-venv/lib/python3.11/site-packages/airflow/example_dags/example_bash_operator.py
[2023-08-15T19:14:10.163-0300] {logging_mixin.py:150} INFO - [2023-08-15T19:14:10.162-0300] {dag.py:2742} INFO - Sync 1 DAGs
[2023-08-15T19:14:10.202-0300] {logging_mixin.py:150} INFO - [2023-08-15T19:14:10.202-0300] {dag.py:3504} INFO - Setting next_dagrun for example_bash_operator to 2023-08-14T00:00:00+00:00, run_after=2023-08-15T00:00:00+00:00
[2023-08-15T19:14:10.303-0300] {processor.py:179} INFO - Processing /home/alan/repos/pipeline_airflow/pipeline-airflow-venv/lib/python3.11/site-packages/airflow/example_dags/example_bash_operator.py took 0.216 seconds
[2023-08-15T19:15:06.960-0300] {processor.py:157} INFO - Started process (PID=30342) to work on /home/alan/repos/pipeline_airflow/pipeline-airflow-venv/lib/python3.11/site-packages/airflow/example_dags/example_bash_operator.py
[2023-08-15T19:15:06.974-0300] {processor.py:826} INFO - Processing file /home/alan/repos/pipeline_airflow/pipeline-airflow-venv/lib/python3.11/site-packages/airflow/example_dags/example_bash_operator.py for tasks to queue
[2023-08-15T19:15:06.976-0300] {logging_mixin.py:150} INFO - [2023-08-15T19:15:06.975-0300] {dagbag.py:541} INFO - Filling up the DagBag from /home/alan/repos/pipeline_airflow/pipeline-airflow-venv/lib/python3.11/site-packages/airflow/example_dags/example_bash_operator.py
[2023-08-15T19:15:07.015-0300] {processor.py:836} INFO - DAG(s) dict_keys(['example_bash_operator']) retrieved from /home/alan/repos/pipeline_airflow/pipeline-airflow-venv/lib/python3.11/site-packages/airflow/example_dags/example_bash_operator.py
[2023-08-15T19:15:07.068-0300] {logging_mixin.py:150} INFO - [2023-08-15T19:15:07.067-0300] {dag.py:2742} INFO - Sync 1 DAGs
[2023-08-15T19:15:07.110-0300] {logging_mixin.py:150} INFO - [2023-08-15T19:15:07.109-0300] {dag.py:3504} INFO - Setting next_dagrun for example_bash_operator to 2023-08-14T00:00:00+00:00, run_after=2023-08-15T00:00:00+00:00
[2023-08-15T19:15:07.237-0300] {processor.py:179} INFO - Processing /home/alan/repos/pipeline_airflow/pipeline-airflow-venv/lib/python3.11/site-packages/airflow/example_dags/example_bash_operator.py took 0.282 seconds
[2023-08-15T19:16:02.110-0300] {processor.py:157} INFO - Started process (PID=30483) to work on /home/alan/repos/pipeline_airflow/pipeline-airflow-venv/lib/python3.11/site-packages/airflow/example_dags/example_bash_operator.py
[2023-08-15T19:16:02.147-0300] {processor.py:826} INFO - Processing file /home/alan/repos/pipeline_airflow/pipeline-airflow-venv/lib/python3.11/site-packages/airflow/example_dags/example_bash_operator.py for tasks to queue
[2023-08-15T19:16:02.149-0300] {logging_mixin.py:150} INFO - [2023-08-15T19:16:02.148-0300] {dagbag.py:541} INFO - Filling up the DagBag from /home/alan/repos/pipeline_airflow/pipeline-airflow-venv/lib/python3.11/site-packages/airflow/example_dags/example_bash_operator.py
[2023-08-15T19:16:02.173-0300] {processor.py:836} INFO - DAG(s) dict_keys(['example_bash_operator']) retrieved from /home/alan/repos/pipeline_airflow/pipeline-airflow-venv/lib/python3.11/site-packages/airflow/example_dags/example_bash_operator.py
[2023-08-15T19:16:02.216-0300] {logging_mixin.py:150} INFO - [2023-08-15T19:16:02.216-0300] {dag.py:2742} INFO - Sync 1 DAGs
[2023-08-15T19:16:02.254-0300] {logging_mixin.py:150} INFO - [2023-08-15T19:16:02.254-0300] {dag.py:3504} INFO - Setting next_dagrun for example_bash_operator to 2023-08-14T00:00:00+00:00, run_after=2023-08-15T00:00:00+00:00
[2023-08-15T19:16:02.362-0300] {processor.py:179} INFO - Processing /home/alan/repos/pipeline_airflow/pipeline-airflow-venv/lib/python3.11/site-packages/airflow/example_dags/example_bash_operator.py took 0.259 seconds
[2023-08-15T19:17:01.847-0300] {processor.py:157} INFO - Started process (PID=30648) to work on /home/alan/repos/pipeline_airflow/pipeline-airflow-venv/lib/python3.11/site-packages/airflow/example_dags/example_bash_operator.py
[2023-08-15T19:17:01.870-0300] {processor.py:826} INFO - Processing file /home/alan/repos/pipeline_airflow/pipeline-airflow-venv/lib/python3.11/site-packages/airflow/example_dags/example_bash_operator.py for tasks to queue
[2023-08-15T19:17:01.872-0300] {logging_mixin.py:150} INFO - [2023-08-15T19:17:01.871-0300] {dagbag.py:541} INFO - Filling up the DagBag from /home/alan/repos/pipeline_airflow/pipeline-airflow-venv/lib/python3.11/site-packages/airflow/example_dags/example_bash_operator.py
[2023-08-15T19:17:01.901-0300] {processor.py:836} INFO - DAG(s) dict_keys(['example_bash_operator']) retrieved from /home/alan/repos/pipeline_airflow/pipeline-airflow-venv/lib/python3.11/site-packages/airflow/example_dags/example_bash_operator.py
[2023-08-15T19:17:01.948-0300] {logging_mixin.py:150} INFO - [2023-08-15T19:17:01.948-0300] {dag.py:2742} INFO - Sync 1 DAGs
[2023-08-15T19:17:01.987-0300] {logging_mixin.py:150} INFO - [2023-08-15T19:17:01.987-0300] {dag.py:3504} INFO - Setting next_dagrun for example_bash_operator to 2023-08-14T00:00:00+00:00, run_after=2023-08-15T00:00:00+00:00
[2023-08-15T19:17:02.167-0300] {processor.py:179} INFO - Processing /home/alan/repos/pipeline_airflow/pipeline-airflow-venv/lib/python3.11/site-packages/airflow/example_dags/example_bash_operator.py took 0.325 seconds
[2023-08-15T19:18:03.266-0300] {processor.py:157} INFO - Started process (PID=30802) to work on /home/alan/repos/pipeline_airflow/pipeline-airflow-venv/lib/python3.11/site-packages/airflow/example_dags/example_bash_operator.py
[2023-08-15T19:18:03.275-0300] {processor.py:826} INFO - Processing file /home/alan/repos/pipeline_airflow/pipeline-airflow-venv/lib/python3.11/site-packages/airflow/example_dags/example_bash_operator.py for tasks to queue
[2023-08-15T19:18:03.276-0300] {logging_mixin.py:150} INFO - [2023-08-15T19:18:03.276-0300] {dagbag.py:541} INFO - Filling up the DagBag from /home/alan/repos/pipeline_airflow/pipeline-airflow-venv/lib/python3.11/site-packages/airflow/example_dags/example_bash_operator.py
[2023-08-15T19:18:03.301-0300] {processor.py:836} INFO - DAG(s) dict_keys(['example_bash_operator']) retrieved from /home/alan/repos/pipeline_airflow/pipeline-airflow-venv/lib/python3.11/site-packages/airflow/example_dags/example_bash_operator.py
[2023-08-15T19:18:03.354-0300] {logging_mixin.py:150} INFO - [2023-08-15T19:18:03.352-0300] {dag.py:2742} INFO - Sync 1 DAGs
[2023-08-15T19:18:03.398-0300] {logging_mixin.py:150} INFO - [2023-08-15T19:18:03.398-0300] {dag.py:3504} INFO - Setting next_dagrun for example_bash_operator to 2023-08-14T00:00:00+00:00, run_after=2023-08-15T00:00:00+00:00
[2023-08-15T19:18:03.503-0300] {processor.py:179} INFO - Processing /home/alan/repos/pipeline_airflow/pipeline-airflow-venv/lib/python3.11/site-packages/airflow/example_dags/example_bash_operator.py took 0.242 seconds
[2023-08-15T19:19:00.055-0300] {processor.py:157} INFO - Started process (PID=30951) to work on /home/alan/repos/pipeline_airflow/pipeline-airflow-venv/lib/python3.11/site-packages/airflow/example_dags/example_bash_operator.py
[2023-08-15T19:19:00.057-0300] {processor.py:826} INFO - Processing file /home/alan/repos/pipeline_airflow/pipeline-airflow-venv/lib/python3.11/site-packages/airflow/example_dags/example_bash_operator.py for tasks to queue
[2023-08-15T19:19:00.058-0300] {logging_mixin.py:150} INFO - [2023-08-15T19:19:00.058-0300] {dagbag.py:541} INFO - Filling up the DagBag from /home/alan/repos/pipeline_airflow/pipeline-airflow-venv/lib/python3.11/site-packages/airflow/example_dags/example_bash_operator.py
[2023-08-15T19:19:00.080-0300] {processor.py:836} INFO - DAG(s) dict_keys(['example_bash_operator']) retrieved from /home/alan/repos/pipeline_airflow/pipeline-airflow-venv/lib/python3.11/site-packages/airflow/example_dags/example_bash_operator.py
[2023-08-15T19:19:00.129-0300] {logging_mixin.py:150} INFO - [2023-08-15T19:19:00.129-0300] {dag.py:2742} INFO - Sync 1 DAGs
[2023-08-15T19:19:00.176-0300] {logging_mixin.py:150} INFO - [2023-08-15T19:19:00.175-0300] {dag.py:3504} INFO - Setting next_dagrun for example_bash_operator to 2023-08-14T00:00:00+00:00, run_after=2023-08-15T00:00:00+00:00
[2023-08-15T19:19:00.293-0300] {processor.py:179} INFO - Processing /home/alan/repos/pipeline_airflow/pipeline-airflow-venv/lib/python3.11/site-packages/airflow/example_dags/example_bash_operator.py took 0.244 seconds
[2023-08-15T19:19:56.453-0300] {processor.py:157} INFO - Started process (PID=31092) to work on /home/alan/repos/pipeline_airflow/pipeline-airflow-venv/lib/python3.11/site-packages/airflow/example_dags/example_bash_operator.py
[2023-08-15T19:19:56.454-0300] {processor.py:826} INFO - Processing file /home/alan/repos/pipeline_airflow/pipeline-airflow-venv/lib/python3.11/site-packages/airflow/example_dags/example_bash_operator.py for tasks to queue
[2023-08-15T19:19:56.456-0300] {logging_mixin.py:150} INFO - [2023-08-15T19:19:56.455-0300] {dagbag.py:541} INFO - Filling up the DagBag from /home/alan/repos/pipeline_airflow/pipeline-airflow-venv/lib/python3.11/site-packages/airflow/example_dags/example_bash_operator.py
[2023-08-15T19:19:56.477-0300] {processor.py:836} INFO - DAG(s) dict_keys(['example_bash_operator']) retrieved from /home/alan/repos/pipeline_airflow/pipeline-airflow-venv/lib/python3.11/site-packages/airflow/example_dags/example_bash_operator.py
[2023-08-15T19:19:56.519-0300] {logging_mixin.py:150} INFO - [2023-08-15T19:19:56.519-0300] {dag.py:2742} INFO - Sync 1 DAGs
[2023-08-15T19:19:56.559-0300] {logging_mixin.py:150} INFO - [2023-08-15T19:19:56.558-0300] {dag.py:3504} INFO - Setting next_dagrun for example_bash_operator to 2023-08-14T00:00:00+00:00, run_after=2023-08-15T00:00:00+00:00
[2023-08-15T19:19:56.699-0300] {processor.py:179} INFO - Processing /home/alan/repos/pipeline_airflow/pipeline-airflow-venv/lib/python3.11/site-packages/airflow/example_dags/example_bash_operator.py took 0.253 seconds
[2023-08-15T19:21:07.292-0300] {processor.py:157} INFO - Started process (PID=31441) to work on /home/alan/repos/pipeline_airflow/pipeline-airflow-venv/lib/python3.11/site-packages/airflow/example_dags/example_bash_operator.py
[2023-08-15T19:21:07.294-0300] {processor.py:826} INFO - Processing file /home/alan/repos/pipeline_airflow/pipeline-airflow-venv/lib/python3.11/site-packages/airflow/example_dags/example_bash_operator.py for tasks to queue
[2023-08-15T19:21:07.296-0300] {logging_mixin.py:150} INFO - [2023-08-15T19:21:07.295-0300] {dagbag.py:541} INFO - Filling up the DagBag from /home/alan/repos/pipeline_airflow/pipeline-airflow-venv/lib/python3.11/site-packages/airflow/example_dags/example_bash_operator.py
[2023-08-15T19:21:07.322-0300] {processor.py:836} INFO - DAG(s) dict_keys(['example_bash_operator']) retrieved from /home/alan/repos/pipeline_airflow/pipeline-airflow-venv/lib/python3.11/site-packages/airflow/example_dags/example_bash_operator.py
[2023-08-15T19:21:07.367-0300] {logging_mixin.py:150} INFO - [2023-08-15T19:21:07.367-0300] {dag.py:2742} INFO - Sync 1 DAGs
[2023-08-15T19:21:07.410-0300] {logging_mixin.py:150} INFO - [2023-08-15T19:21:07.410-0300] {dag.py:3504} INFO - Setting next_dagrun for example_bash_operator to 2023-08-14T00:00:00+00:00, run_after=2023-08-15T00:00:00+00:00
[2023-08-15T19:21:07.507-0300] {processor.py:179} INFO - Processing /home/alan/repos/pipeline_airflow/pipeline-airflow-venv/lib/python3.11/site-packages/airflow/example_dags/example_bash_operator.py took 0.221 seconds
