[2023-08-15T18:19:14.686-0300] {processor.py:157} INFO - Started process (PID=18070) to work on /home/alan/repos/pipeline_airflow/pipeline-airflow-venv/lib/python3.11/site-packages/airflow/example_dags/tutorial.py
[2023-08-15T18:19:14.687-0300] {processor.py:826} INFO - Processing file /home/alan/repos/pipeline_airflow/pipeline-airflow-venv/lib/python3.11/site-packages/airflow/example_dags/tutorial.py for tasks to queue
[2023-08-15T18:19:14.689-0300] {logging_mixin.py:150} INFO - [2023-08-15T18:19:14.688-0300] {dagbag.py:541} INFO - Filling up the DagBag from /home/alan/repos/pipeline_airflow/pipeline-airflow-venv/lib/python3.11/site-packages/airflow/example_dags/tutorial.py
[2023-08-15T18:19:14.706-0300] {processor.py:836} INFO - DAG(s) dict_keys(['tutorial']) retrieved from /home/alan/repos/pipeline_airflow/pipeline-airflow-venv/lib/python3.11/site-packages/airflow/example_dags/tutorial.py
[2023-08-15T18:19:17.553-0300] {logging_mixin.py:150} INFO - [2023-08-15T18:19:17.553-0300] {manager.py:504} INFO - Created Permission View: can delete on DAG:tutorial
[2023-08-15T18:19:17.633-0300] {logging_mixin.py:150} INFO - [2023-08-15T18:19:17.633-0300] {manager.py:504} INFO - Created Permission View: can edit on DAG:tutorial
[2023-08-15T18:19:17.709-0300] {logging_mixin.py:150} INFO - [2023-08-15T18:19:17.709-0300] {manager.py:504} INFO - Created Permission View: can read on DAG:tutorial
[2023-08-15T18:19:17.747-0300] {logging_mixin.py:150} INFO - [2023-08-15T18:19:17.746-0300] {dag.py:2742} INFO - Sync 1 DAGs
[2023-08-15T18:19:17.768-0300] {logging_mixin.py:150} INFO - [2023-08-15T18:19:17.768-0300] {dag.py:2763} INFO - Creating ORM DAG for tutorial
[2023-08-15T18:19:17.793-0300] {logging_mixin.py:150} INFO - [2023-08-15T18:19:17.793-0300] {dag.py:3504} INFO - Setting next_dagrun for tutorial to 2023-08-14T21:19:17.793017+00:00, run_after=2023-08-15T21:19:17.793017+00:00
[2023-08-15T18:19:20.170-0300] {processor.py:179} INFO - Processing /home/alan/repos/pipeline_airflow/pipeline-airflow-venv/lib/python3.11/site-packages/airflow/example_dags/tutorial.py took 5.493 seconds
[2023-08-15T18:20:47.934-0300] {processor.py:157} INFO - Started process (PID=18774) to work on /home/alan/repos/pipeline_airflow/pipeline-airflow-venv/lib/python3.11/site-packages/airflow/example_dags/tutorial.py
[2023-08-15T18:20:47.936-0300] {processor.py:826} INFO - Processing file /home/alan/repos/pipeline_airflow/pipeline-airflow-venv/lib/python3.11/site-packages/airflow/example_dags/tutorial.py for tasks to queue
[2023-08-15T18:20:47.937-0300] {logging_mixin.py:150} INFO - [2023-08-15T18:20:47.937-0300] {dagbag.py:541} INFO - Filling up the DagBag from /home/alan/repos/pipeline_airflow/pipeline-airflow-venv/lib/python3.11/site-packages/airflow/example_dags/tutorial.py
[2023-08-15T18:20:47.950-0300] {processor.py:836} INFO - DAG(s) dict_keys(['tutorial']) retrieved from /home/alan/repos/pipeline_airflow/pipeline-airflow-venv/lib/python3.11/site-packages/airflow/example_dags/tutorial.py
[2023-08-15T18:20:47.983-0300] {logging_mixin.py:150} INFO - [2023-08-15T18:20:47.983-0300] {dag.py:2742} INFO - Sync 1 DAGs
[2023-08-15T18:20:48.023-0300] {logging_mixin.py:150} INFO - [2023-08-15T18:20:48.023-0300] {dag.py:3504} INFO - Setting next_dagrun for tutorial to 2023-08-14T21:20:48.022912+00:00, run_after=2023-08-15T21:20:48.022912+00:00
[2023-08-15T18:20:48.136-0300] {processor.py:179} INFO - Processing /home/alan/repos/pipeline_airflow/pipeline-airflow-venv/lib/python3.11/site-packages/airflow/example_dags/tutorial.py took 0.207 seconds
[2023-08-15T18:21:28.589-0300] {processor.py:157} INFO - Started process (PID=18912) to work on /home/alan/repos/pipeline_airflow/pipeline-airflow-venv/lib/python3.11/site-packages/airflow/example_dags/tutorial.py
[2023-08-15T18:21:28.591-0300] {processor.py:826} INFO - Processing file /home/alan/repos/pipeline_airflow/pipeline-airflow-venv/lib/python3.11/site-packages/airflow/example_dags/tutorial.py for tasks to queue
[2023-08-15T18:21:28.593-0300] {logging_mixin.py:150} INFO - [2023-08-15T18:21:28.592-0300] {dagbag.py:541} INFO - Filling up the DagBag from /home/alan/repos/pipeline_airflow/pipeline-airflow-venv/lib/python3.11/site-packages/airflow/example_dags/tutorial.py
[2023-08-15T18:21:28.606-0300] {processor.py:836} INFO - DAG(s) dict_keys(['tutorial']) retrieved from /home/alan/repos/pipeline_airflow/pipeline-airflow-venv/lib/python3.11/site-packages/airflow/example_dags/tutorial.py
[2023-08-15T18:21:28.637-0300] {logging_mixin.py:150} INFO - [2023-08-15T18:21:28.636-0300] {dag.py:2742} INFO - Sync 1 DAGs
[2023-08-15T18:21:28.686-0300] {logging_mixin.py:150} INFO - [2023-08-15T18:21:28.686-0300] {dag.py:3504} INFO - Setting next_dagrun for tutorial to 2023-08-14T21:21:28.685919+00:00, run_after=2023-08-15T21:21:28.685919+00:00
[2023-08-15T18:21:28.823-0300] {processor.py:179} INFO - Processing /home/alan/repos/pipeline_airflow/pipeline-airflow-venv/lib/python3.11/site-packages/airflow/example_dags/tutorial.py took 0.239 seconds
[2023-08-15T18:22:20.465-0300] {processor.py:157} INFO - Started process (PID=19105) to work on /home/alan/repos/pipeline_airflow/pipeline-airflow-venv/lib/python3.11/site-packages/airflow/example_dags/tutorial.py
[2023-08-15T18:22:20.469-0300] {processor.py:826} INFO - Processing file /home/alan/repos/pipeline_airflow/pipeline-airflow-venv/lib/python3.11/site-packages/airflow/example_dags/tutorial.py for tasks to queue
[2023-08-15T18:22:20.470-0300] {logging_mixin.py:150} INFO - [2023-08-15T18:22:20.469-0300] {dagbag.py:541} INFO - Filling up the DagBag from /home/alan/repos/pipeline_airflow/pipeline-airflow-venv/lib/python3.11/site-packages/airflow/example_dags/tutorial.py
[2023-08-15T18:22:20.482-0300] {processor.py:836} INFO - DAG(s) dict_keys(['tutorial']) retrieved from /home/alan/repos/pipeline_airflow/pipeline-airflow-venv/lib/python3.11/site-packages/airflow/example_dags/tutorial.py
[2023-08-15T18:22:20.510-0300] {logging_mixin.py:150} INFO - [2023-08-15T18:22:20.509-0300] {dag.py:2742} INFO - Sync 1 DAGs
[2023-08-15T18:22:20.544-0300] {logging_mixin.py:150} INFO - [2023-08-15T18:22:20.543-0300] {dag.py:3504} INFO - Setting next_dagrun for tutorial to 2023-08-14T21:22:20.543316+00:00, run_after=2023-08-15T21:22:20.543316+00:00
[2023-08-15T18:22:20.661-0300] {processor.py:179} INFO - Processing /home/alan/repos/pipeline_airflow/pipeline-airflow-venv/lib/python3.11/site-packages/airflow/example_dags/tutorial.py took 0.201 seconds
[2023-08-15T18:23:15.599-0300] {processor.py:157} INFO - Started process (PID=19299) to work on /home/alan/repos/pipeline_airflow/pipeline-airflow-venv/lib/python3.11/site-packages/airflow/example_dags/tutorial.py
[2023-08-15T18:23:15.608-0300] {processor.py:826} INFO - Processing file /home/alan/repos/pipeline_airflow/pipeline-airflow-venv/lib/python3.11/site-packages/airflow/example_dags/tutorial.py for tasks to queue
[2023-08-15T18:23:15.609-0300] {logging_mixin.py:150} INFO - [2023-08-15T18:23:15.609-0300] {dagbag.py:541} INFO - Filling up the DagBag from /home/alan/repos/pipeline_airflow/pipeline-airflow-venv/lib/python3.11/site-packages/airflow/example_dags/tutorial.py
[2023-08-15T18:23:15.623-0300] {processor.py:836} INFO - DAG(s) dict_keys(['tutorial']) retrieved from /home/alan/repos/pipeline_airflow/pipeline-airflow-venv/lib/python3.11/site-packages/airflow/example_dags/tutorial.py
[2023-08-15T18:23:15.649-0300] {logging_mixin.py:150} INFO - [2023-08-15T18:23:15.649-0300] {dag.py:2742} INFO - Sync 1 DAGs
[2023-08-15T18:23:15.683-0300] {logging_mixin.py:150} INFO - [2023-08-15T18:23:15.683-0300] {dag.py:3504} INFO - Setting next_dagrun for tutorial to 2023-08-14T21:23:15.683240+00:00, run_after=2023-08-15T21:23:15.683240+00:00
[2023-08-15T18:23:15.929-0300] {processor.py:179} INFO - Processing /home/alan/repos/pipeline_airflow/pipeline-airflow-venv/lib/python3.11/site-packages/airflow/example_dags/tutorial.py took 0.335 seconds
[2023-08-15T18:24:21.254-0300] {processor.py:157} INFO - Started process (PID=19577) to work on /home/alan/repos/pipeline_airflow/pipeline-airflow-venv/lib/python3.11/site-packages/airflow/example_dags/tutorial.py
[2023-08-15T18:24:21.264-0300] {processor.py:826} INFO - Processing file /home/alan/repos/pipeline_airflow/pipeline-airflow-venv/lib/python3.11/site-packages/airflow/example_dags/tutorial.py for tasks to queue
[2023-08-15T18:24:21.265-0300] {logging_mixin.py:150} INFO - [2023-08-15T18:24:21.265-0300] {dagbag.py:541} INFO - Filling up the DagBag from /home/alan/repos/pipeline_airflow/pipeline-airflow-venv/lib/python3.11/site-packages/airflow/example_dags/tutorial.py
[2023-08-15T18:24:21.282-0300] {processor.py:836} INFO - DAG(s) dict_keys(['tutorial']) retrieved from /home/alan/repos/pipeline_airflow/pipeline-airflow-venv/lib/python3.11/site-packages/airflow/example_dags/tutorial.py
[2023-08-15T18:24:21.502-0300] {logging_mixin.py:150} INFO - [2023-08-15T18:24:21.501-0300] {dag.py:2742} INFO - Sync 1 DAGs
[2023-08-15T18:24:21.534-0300] {logging_mixin.py:150} INFO - [2023-08-15T18:24:21.533-0300] {dag.py:3504} INFO - Setting next_dagrun for tutorial to 2023-08-14T21:24:21.533479+00:00, run_after=2023-08-15T21:24:21.533479+00:00
[2023-08-15T18:24:21.677-0300] {processor.py:179} INFO - Processing /home/alan/repos/pipeline_airflow/pipeline-airflow-venv/lib/python3.11/site-packages/airflow/example_dags/tutorial.py took 0.429 seconds
[2023-08-15T18:26:18.254-0300] {processor.py:157} INFO - Started process (PID=20682) to work on /home/alan/repos/pipeline_airflow/pipeline-airflow-venv/lib/python3.11/site-packages/airflow/example_dags/tutorial.py
[2023-08-15T18:26:18.264-0300] {processor.py:826} INFO - Processing file /home/alan/repos/pipeline_airflow/pipeline-airflow-venv/lib/python3.11/site-packages/airflow/example_dags/tutorial.py for tasks to queue
[2023-08-15T18:26:18.266-0300] {logging_mixin.py:150} INFO - [2023-08-15T18:26:18.265-0300] {dagbag.py:541} INFO - Filling up the DagBag from /home/alan/repos/pipeline_airflow/pipeline-airflow-venv/lib/python3.11/site-packages/airflow/example_dags/tutorial.py
[2023-08-15T18:26:18.291-0300] {processor.py:836} INFO - DAG(s) dict_keys(['tutorial']) retrieved from /home/alan/repos/pipeline_airflow/pipeline-airflow-venv/lib/python3.11/site-packages/airflow/example_dags/tutorial.py
[2023-08-15T18:26:18.321-0300] {logging_mixin.py:150} INFO - [2023-08-15T18:26:18.321-0300] {dag.py:2742} INFO - Sync 1 DAGs
[2023-08-15T18:26:18.382-0300] {logging_mixin.py:150} INFO - [2023-08-15T18:26:18.381-0300] {dag.py:3504} INFO - Setting next_dagrun for tutorial to 2023-08-14T21:26:18.381439+00:00, run_after=2023-08-15T21:26:18.381439+00:00
[2023-08-15T18:26:18.528-0300] {processor.py:179} INFO - Processing /home/alan/repos/pipeline_airflow/pipeline-airflow-venv/lib/python3.11/site-packages/airflow/example_dags/tutorial.py took 0.273 seconds
[2023-08-15T18:27:06.090-0300] {processor.py:157} INFO - Started process (PID=20864) to work on /home/alan/repos/pipeline_airflow/pipeline-airflow-venv/lib/python3.11/site-packages/airflow/example_dags/tutorial.py
[2023-08-15T18:27:06.092-0300] {processor.py:826} INFO - Processing file /home/alan/repos/pipeline_airflow/pipeline-airflow-venv/lib/python3.11/site-packages/airflow/example_dags/tutorial.py for tasks to queue
[2023-08-15T18:27:06.093-0300] {logging_mixin.py:150} INFO - [2023-08-15T18:27:06.092-0300] {dagbag.py:541} INFO - Filling up the DagBag from /home/alan/repos/pipeline_airflow/pipeline-airflow-venv/lib/python3.11/site-packages/airflow/example_dags/tutorial.py
[2023-08-15T18:27:06.106-0300] {processor.py:836} INFO - DAG(s) dict_keys(['tutorial']) retrieved from /home/alan/repos/pipeline_airflow/pipeline-airflow-venv/lib/python3.11/site-packages/airflow/example_dags/tutorial.py
[2023-08-15T18:27:06.140-0300] {logging_mixin.py:150} INFO - [2023-08-15T18:27:06.139-0300] {dag.py:2742} INFO - Sync 1 DAGs
[2023-08-15T18:27:06.183-0300] {logging_mixin.py:150} INFO - [2023-08-15T18:27:06.183-0300] {dag.py:3504} INFO - Setting next_dagrun for tutorial to 2023-08-14T21:27:06.182649+00:00, run_after=2023-08-15T21:27:06.182649+00:00
[2023-08-15T18:27:06.311-0300] {processor.py:179} INFO - Processing /home/alan/repos/pipeline_airflow/pipeline-airflow-venv/lib/python3.11/site-packages/airflow/example_dags/tutorial.py took 0.226 seconds
[2023-08-15T18:28:06.632-0300] {processor.py:157} INFO - Started process (PID=21078) to work on /home/alan/repos/pipeline_airflow/pipeline-airflow-venv/lib/python3.11/site-packages/airflow/example_dags/tutorial.py
[2023-08-15T18:28:06.642-0300] {processor.py:826} INFO - Processing file /home/alan/repos/pipeline_airflow/pipeline-airflow-venv/lib/python3.11/site-packages/airflow/example_dags/tutorial.py for tasks to queue
[2023-08-15T18:28:06.653-0300] {logging_mixin.py:150} INFO - [2023-08-15T18:28:06.653-0300] {dagbag.py:541} INFO - Filling up the DagBag from /home/alan/repos/pipeline_airflow/pipeline-airflow-venv/lib/python3.11/site-packages/airflow/example_dags/tutorial.py
[2023-08-15T18:28:06.685-0300] {processor.py:836} INFO - DAG(s) dict_keys(['tutorial']) retrieved from /home/alan/repos/pipeline_airflow/pipeline-airflow-venv/lib/python3.11/site-packages/airflow/example_dags/tutorial.py
[2023-08-15T18:28:06.745-0300] {logging_mixin.py:150} INFO - [2023-08-15T18:28:06.745-0300] {dag.py:2742} INFO - Sync 1 DAGs
[2023-08-15T18:28:06.791-0300] {logging_mixin.py:150} INFO - [2023-08-15T18:28:06.791-0300] {dag.py:3504} INFO - Setting next_dagrun for tutorial to 2023-08-14T21:28:06.790898+00:00, run_after=2023-08-15T21:28:06.790898+00:00
[2023-08-15T18:28:06.916-0300] {processor.py:179} INFO - Processing /home/alan/repos/pipeline_airflow/pipeline-airflow-venv/lib/python3.11/site-packages/airflow/example_dags/tutorial.py took 0.297 seconds
[2023-08-15T18:29:03.098-0300] {processor.py:157} INFO - Started process (PID=21324) to work on /home/alan/repos/pipeline_airflow/pipeline-airflow-venv/lib/python3.11/site-packages/airflow/example_dags/tutorial.py
[2023-08-15T18:29:03.111-0300] {processor.py:826} INFO - Processing file /home/alan/repos/pipeline_airflow/pipeline-airflow-venv/lib/python3.11/site-packages/airflow/example_dags/tutorial.py for tasks to queue
[2023-08-15T18:29:03.113-0300] {logging_mixin.py:150} INFO - [2023-08-15T18:29:03.112-0300] {dagbag.py:541} INFO - Filling up the DagBag from /home/alan/repos/pipeline_airflow/pipeline-airflow-venv/lib/python3.11/site-packages/airflow/example_dags/tutorial.py
[2023-08-15T18:29:03.127-0300] {processor.py:836} INFO - DAG(s) dict_keys(['tutorial']) retrieved from /home/alan/repos/pipeline_airflow/pipeline-airflow-venv/lib/python3.11/site-packages/airflow/example_dags/tutorial.py
[2023-08-15T18:29:03.156-0300] {logging_mixin.py:150} INFO - [2023-08-15T18:29:03.155-0300] {dag.py:2742} INFO - Sync 1 DAGs
[2023-08-15T18:29:03.191-0300] {logging_mixin.py:150} INFO - [2023-08-15T18:29:03.191-0300] {dag.py:3504} INFO - Setting next_dagrun for tutorial to 2023-08-14T21:29:03.190652+00:00, run_after=2023-08-15T21:29:03.190652+00:00
[2023-08-15T18:29:03.303-0300] {processor.py:179} INFO - Processing /home/alan/repos/pipeline_airflow/pipeline-airflow-venv/lib/python3.11/site-packages/airflow/example_dags/tutorial.py took 0.211 seconds
[2023-08-15T18:30:01.988-0300] {processor.py:157} INFO - Started process (PID=21545) to work on /home/alan/repos/pipeline_airflow/pipeline-airflow-venv/lib/python3.11/site-packages/airflow/example_dags/tutorial.py
[2023-08-15T18:30:02.003-0300] {processor.py:826} INFO - Processing file /home/alan/repos/pipeline_airflow/pipeline-airflow-venv/lib/python3.11/site-packages/airflow/example_dags/tutorial.py for tasks to queue
[2023-08-15T18:30:02.005-0300] {logging_mixin.py:150} INFO - [2023-08-15T18:30:02.004-0300] {dagbag.py:541} INFO - Filling up the DagBag from /home/alan/repos/pipeline_airflow/pipeline-airflow-venv/lib/python3.11/site-packages/airflow/example_dags/tutorial.py
[2023-08-15T18:30:02.017-0300] {processor.py:836} INFO - DAG(s) dict_keys(['tutorial']) retrieved from /home/alan/repos/pipeline_airflow/pipeline-airflow-venv/lib/python3.11/site-packages/airflow/example_dags/tutorial.py
[2023-08-15T18:30:02.046-0300] {logging_mixin.py:150} INFO - [2023-08-15T18:30:02.046-0300] {dag.py:2742} INFO - Sync 1 DAGs
[2023-08-15T18:30:02.084-0300] {logging_mixin.py:150} INFO - [2023-08-15T18:30:02.083-0300] {dag.py:3504} INFO - Setting next_dagrun for tutorial to 2023-08-14T21:30:02.083317+00:00, run_after=2023-08-15T21:30:02.083317+00:00
[2023-08-15T18:30:02.407-0300] {processor.py:179} INFO - Processing /home/alan/repos/pipeline_airflow/pipeline-airflow-venv/lib/python3.11/site-packages/airflow/example_dags/tutorial.py took 0.423 seconds
[2023-08-15T18:30:55.806-0300] {processor.py:157} INFO - Started process (PID=21744) to work on /home/alan/repos/pipeline_airflow/pipeline-airflow-venv/lib/python3.11/site-packages/airflow/example_dags/tutorial.py
[2023-08-15T18:30:55.814-0300] {processor.py:826} INFO - Processing file /home/alan/repos/pipeline_airflow/pipeline-airflow-venv/lib/python3.11/site-packages/airflow/example_dags/tutorial.py for tasks to queue
[2023-08-15T18:30:55.816-0300] {logging_mixin.py:150} INFO - [2023-08-15T18:30:55.815-0300] {dagbag.py:541} INFO - Filling up the DagBag from /home/alan/repos/pipeline_airflow/pipeline-airflow-venv/lib/python3.11/site-packages/airflow/example_dags/tutorial.py
[2023-08-15T18:30:55.829-0300] {processor.py:836} INFO - DAG(s) dict_keys(['tutorial']) retrieved from /home/alan/repos/pipeline_airflow/pipeline-airflow-venv/lib/python3.11/site-packages/airflow/example_dags/tutorial.py
[2023-08-15T18:30:55.858-0300] {logging_mixin.py:150} INFO - [2023-08-15T18:30:55.858-0300] {dag.py:2742} INFO - Sync 1 DAGs
[2023-08-15T18:30:55.896-0300] {logging_mixin.py:150} INFO - [2023-08-15T18:30:55.895-0300] {dag.py:3504} INFO - Setting next_dagrun for tutorial to 2023-08-14T21:30:55.895433+00:00, run_after=2023-08-15T21:30:55.895433+00:00
[2023-08-15T18:30:56.026-0300] {processor.py:179} INFO - Processing /home/alan/repos/pipeline_airflow/pipeline-airflow-venv/lib/python3.11/site-packages/airflow/example_dags/tutorial.py took 0.225 seconds
[2023-08-15T18:31:52.394-0300] {processor.py:157} INFO - Started process (PID=21945) to work on /home/alan/repos/pipeline_airflow/pipeline-airflow-venv/lib/python3.11/site-packages/airflow/example_dags/tutorial.py
[2023-08-15T18:31:52.396-0300] {processor.py:826} INFO - Processing file /home/alan/repos/pipeline_airflow/pipeline-airflow-venv/lib/python3.11/site-packages/airflow/example_dags/tutorial.py for tasks to queue
[2023-08-15T18:31:52.398-0300] {logging_mixin.py:150} INFO - [2023-08-15T18:31:52.397-0300] {dagbag.py:541} INFO - Filling up the DagBag from /home/alan/repos/pipeline_airflow/pipeline-airflow-venv/lib/python3.11/site-packages/airflow/example_dags/tutorial.py
[2023-08-15T18:31:52.411-0300] {processor.py:836} INFO - DAG(s) dict_keys(['tutorial']) retrieved from /home/alan/repos/pipeline_airflow/pipeline-airflow-venv/lib/python3.11/site-packages/airflow/example_dags/tutorial.py
[2023-08-15T18:31:52.441-0300] {logging_mixin.py:150} INFO - [2023-08-15T18:31:52.441-0300] {dag.py:2742} INFO - Sync 1 DAGs
[2023-08-15T18:31:52.479-0300] {logging_mixin.py:150} INFO - [2023-08-15T18:31:52.478-0300] {dag.py:3504} INFO - Setting next_dagrun for tutorial to 2023-08-14T21:31:52.478366+00:00, run_after=2023-08-15T21:31:52.478366+00:00
[2023-08-15T18:31:52.594-0300] {processor.py:179} INFO - Processing /home/alan/repos/pipeline_airflow/pipeline-airflow-venv/lib/python3.11/site-packages/airflow/example_dags/tutorial.py took 0.205 seconds
[2023-08-15T18:32:47.474-0300] {processor.py:157} INFO - Started process (PID=22152) to work on /home/alan/repos/pipeline_airflow/pipeline-airflow-venv/lib/python3.11/site-packages/airflow/example_dags/tutorial.py
[2023-08-15T18:32:47.475-0300] {processor.py:826} INFO - Processing file /home/alan/repos/pipeline_airflow/pipeline-airflow-venv/lib/python3.11/site-packages/airflow/example_dags/tutorial.py for tasks to queue
[2023-08-15T18:32:47.477-0300] {logging_mixin.py:150} INFO - [2023-08-15T18:32:47.476-0300] {dagbag.py:541} INFO - Filling up the DagBag from /home/alan/repos/pipeline_airflow/pipeline-airflow-venv/lib/python3.11/site-packages/airflow/example_dags/tutorial.py
[2023-08-15T18:32:47.490-0300] {processor.py:836} INFO - DAG(s) dict_keys(['tutorial']) retrieved from /home/alan/repos/pipeline_airflow/pipeline-airflow-venv/lib/python3.11/site-packages/airflow/example_dags/tutorial.py
[2023-08-15T18:32:47.519-0300] {logging_mixin.py:150} INFO - [2023-08-15T18:32:47.519-0300] {dag.py:2742} INFO - Sync 1 DAGs
[2023-08-15T18:32:47.558-0300] {logging_mixin.py:150} INFO - [2023-08-15T18:32:47.558-0300] {dag.py:3504} INFO - Setting next_dagrun for tutorial to 2023-08-14T21:32:47.557657+00:00, run_after=2023-08-15T21:32:47.557657+00:00
[2023-08-15T18:32:47.670-0300] {processor.py:179} INFO - Processing /home/alan/repos/pipeline_airflow/pipeline-airflow-venv/lib/python3.11/site-packages/airflow/example_dags/tutorial.py took 0.204 seconds
[2023-08-15T18:33:46.587-0300] {processor.py:157} INFO - Started process (PID=22382) to work on /home/alan/repos/pipeline_airflow/pipeline-airflow-venv/lib/python3.11/site-packages/airflow/example_dags/tutorial.py
[2023-08-15T18:33:46.592-0300] {processor.py:826} INFO - Processing file /home/alan/repos/pipeline_airflow/pipeline-airflow-venv/lib/python3.11/site-packages/airflow/example_dags/tutorial.py for tasks to queue
[2023-08-15T18:33:46.594-0300] {logging_mixin.py:150} INFO - [2023-08-15T18:33:46.593-0300] {dagbag.py:541} INFO - Filling up the DagBag from /home/alan/repos/pipeline_airflow/pipeline-airflow-venv/lib/python3.11/site-packages/airflow/example_dags/tutorial.py
[2023-08-15T18:33:46.610-0300] {processor.py:836} INFO - DAG(s) dict_keys(['tutorial']) retrieved from /home/alan/repos/pipeline_airflow/pipeline-airflow-venv/lib/python3.11/site-packages/airflow/example_dags/tutorial.py
[2023-08-15T18:33:46.643-0300] {logging_mixin.py:150} INFO - [2023-08-15T18:33:46.643-0300] {dag.py:2742} INFO - Sync 1 DAGs
[2023-08-15T18:33:46.698-0300] {logging_mixin.py:150} INFO - [2023-08-15T18:33:46.697-0300] {dag.py:3504} INFO - Setting next_dagrun for tutorial to 2023-08-14T21:33:46.697395+00:00, run_after=2023-08-15T21:33:46.697395+00:00
[2023-08-15T18:33:46.842-0300] {processor.py:179} INFO - Processing /home/alan/repos/pipeline_airflow/pipeline-airflow-venv/lib/python3.11/site-packages/airflow/example_dags/tutorial.py took 0.264 seconds
[2023-08-15T18:34:41.156-0300] {processor.py:157} INFO - Started process (PID=22567) to work on /home/alan/repos/pipeline_airflow/pipeline-airflow-venv/lib/python3.11/site-packages/airflow/example_dags/tutorial.py
[2023-08-15T18:34:41.158-0300] {processor.py:826} INFO - Processing file /home/alan/repos/pipeline_airflow/pipeline-airflow-venv/lib/python3.11/site-packages/airflow/example_dags/tutorial.py for tasks to queue
[2023-08-15T18:34:41.160-0300] {logging_mixin.py:150} INFO - [2023-08-15T18:34:41.159-0300] {dagbag.py:541} INFO - Filling up the DagBag from /home/alan/repos/pipeline_airflow/pipeline-airflow-venv/lib/python3.11/site-packages/airflow/example_dags/tutorial.py
[2023-08-15T18:34:41.178-0300] {processor.py:836} INFO - DAG(s) dict_keys(['tutorial']) retrieved from /home/alan/repos/pipeline_airflow/pipeline-airflow-venv/lib/python3.11/site-packages/airflow/example_dags/tutorial.py
[2023-08-15T18:34:41.216-0300] {logging_mixin.py:150} INFO - [2023-08-15T18:34:41.216-0300] {dag.py:2742} INFO - Sync 1 DAGs
[2023-08-15T18:34:41.255-0300] {logging_mixin.py:150} INFO - [2023-08-15T18:34:41.255-0300] {dag.py:3504} INFO - Setting next_dagrun for tutorial to 2023-08-14T21:34:41.254665+00:00, run_after=2023-08-15T21:34:41.254665+00:00
[2023-08-15T18:34:41.368-0300] {processor.py:179} INFO - Processing /home/alan/repos/pipeline_airflow/pipeline-airflow-venv/lib/python3.11/site-packages/airflow/example_dags/tutorial.py took 0.218 seconds
[2023-08-15T18:35:35.910-0300] {processor.py:157} INFO - Started process (PID=22766) to work on /home/alan/repos/pipeline_airflow/pipeline-airflow-venv/lib/python3.11/site-packages/airflow/example_dags/tutorial.py
[2023-08-15T18:35:35.912-0300] {processor.py:826} INFO - Processing file /home/alan/repos/pipeline_airflow/pipeline-airflow-venv/lib/python3.11/site-packages/airflow/example_dags/tutorial.py for tasks to queue
[2023-08-15T18:35:35.918-0300] {logging_mixin.py:150} INFO - [2023-08-15T18:35:35.913-0300] {dagbag.py:541} INFO - Filling up the DagBag from /home/alan/repos/pipeline_airflow/pipeline-airflow-venv/lib/python3.11/site-packages/airflow/example_dags/tutorial.py
[2023-08-15T18:35:35.966-0300] {processor.py:836} INFO - DAG(s) dict_keys(['tutorial']) retrieved from /home/alan/repos/pipeline_airflow/pipeline-airflow-venv/lib/python3.11/site-packages/airflow/example_dags/tutorial.py
[2023-08-15T18:35:36.034-0300] {logging_mixin.py:150} INFO - [2023-08-15T18:35:36.034-0300] {dag.py:2742} INFO - Sync 1 DAGs
[2023-08-15T18:35:36.088-0300] {logging_mixin.py:150} INFO - [2023-08-15T18:35:36.088-0300] {dag.py:3504} INFO - Setting next_dagrun for tutorial to 2023-08-14T21:35:36.087646+00:00, run_after=2023-08-15T21:35:36.087646+00:00
[2023-08-15T18:35:36.231-0300] {processor.py:179} INFO - Processing /home/alan/repos/pipeline_airflow/pipeline-airflow-venv/lib/python3.11/site-packages/airflow/example_dags/tutorial.py took 0.335 seconds
[2023-08-15T18:36:35.292-0300] {processor.py:157} INFO - Started process (PID=22986) to work on /home/alan/repos/pipeline_airflow/pipeline-airflow-venv/lib/python3.11/site-packages/airflow/example_dags/tutorial.py
[2023-08-15T18:36:35.311-0300] {processor.py:826} INFO - Processing file /home/alan/repos/pipeline_airflow/pipeline-airflow-venv/lib/python3.11/site-packages/airflow/example_dags/tutorial.py for tasks to queue
[2023-08-15T18:36:35.313-0300] {logging_mixin.py:150} INFO - [2023-08-15T18:36:35.312-0300] {dagbag.py:541} INFO - Filling up the DagBag from /home/alan/repos/pipeline_airflow/pipeline-airflow-venv/lib/python3.11/site-packages/airflow/example_dags/tutorial.py
[2023-08-15T18:36:35.343-0300] {processor.py:836} INFO - DAG(s) dict_keys(['tutorial']) retrieved from /home/alan/repos/pipeline_airflow/pipeline-airflow-venv/lib/python3.11/site-packages/airflow/example_dags/tutorial.py
[2023-08-15T18:36:35.390-0300] {logging_mixin.py:150} INFO - [2023-08-15T18:36:35.389-0300] {dag.py:2742} INFO - Sync 1 DAGs
[2023-08-15T18:36:35.443-0300] {logging_mixin.py:150} INFO - [2023-08-15T18:36:35.442-0300] {dag.py:3504} INFO - Setting next_dagrun for tutorial to 2023-08-14T21:36:35.442376+00:00, run_after=2023-08-15T21:36:35.442376+00:00
[2023-08-15T18:36:35.656-0300] {processor.py:179} INFO - Processing /home/alan/repos/pipeline_airflow/pipeline-airflow-venv/lib/python3.11/site-packages/airflow/example_dags/tutorial.py took 0.371 seconds
[2023-08-15T18:37:50.037-0300] {processor.py:157} INFO - Started process (PID=23288) to work on /home/alan/repos/pipeline_airflow/pipeline-airflow-venv/lib/python3.11/site-packages/airflow/example_dags/tutorial.py
[2023-08-15T18:37:50.039-0300] {processor.py:826} INFO - Processing file /home/alan/repos/pipeline_airflow/pipeline-airflow-venv/lib/python3.11/site-packages/airflow/example_dags/tutorial.py for tasks to queue
[2023-08-15T18:37:50.040-0300] {logging_mixin.py:150} INFO - [2023-08-15T18:37:50.040-0300] {dagbag.py:541} INFO - Filling up the DagBag from /home/alan/repos/pipeline_airflow/pipeline-airflow-venv/lib/python3.11/site-packages/airflow/example_dags/tutorial.py
[2023-08-15T18:37:50.054-0300] {processor.py:836} INFO - DAG(s) dict_keys(['tutorial']) retrieved from /home/alan/repos/pipeline_airflow/pipeline-airflow-venv/lib/python3.11/site-packages/airflow/example_dags/tutorial.py
[2023-08-15T18:37:50.090-0300] {logging_mixin.py:150} INFO - [2023-08-15T18:37:50.090-0300] {dag.py:2742} INFO - Sync 1 DAGs
[2023-08-15T18:37:50.125-0300] {logging_mixin.py:150} INFO - [2023-08-15T18:37:50.124-0300] {dag.py:3504} INFO - Setting next_dagrun for tutorial to 2023-08-14T21:37:50.124328+00:00, run_after=2023-08-15T21:37:50.124328+00:00
[2023-08-15T18:37:50.232-0300] {processor.py:179} INFO - Processing /home/alan/repos/pipeline_airflow/pipeline-airflow-venv/lib/python3.11/site-packages/airflow/example_dags/tutorial.py took 0.200 seconds
[2023-08-15T18:38:31.712-0300] {processor.py:157} INFO - Started process (PID=23444) to work on /home/alan/repos/pipeline_airflow/pipeline-airflow-venv/lib/python3.11/site-packages/airflow/example_dags/tutorial.py
[2023-08-15T18:38:31.715-0300] {processor.py:826} INFO - Processing file /home/alan/repos/pipeline_airflow/pipeline-airflow-venv/lib/python3.11/site-packages/airflow/example_dags/tutorial.py for tasks to queue
[2023-08-15T18:38:31.716-0300] {logging_mixin.py:150} INFO - [2023-08-15T18:38:31.716-0300] {dagbag.py:541} INFO - Filling up the DagBag from /home/alan/repos/pipeline_airflow/pipeline-airflow-venv/lib/python3.11/site-packages/airflow/example_dags/tutorial.py
[2023-08-15T18:38:31.730-0300] {processor.py:836} INFO - DAG(s) dict_keys(['tutorial']) retrieved from /home/alan/repos/pipeline_airflow/pipeline-airflow-venv/lib/python3.11/site-packages/airflow/example_dags/tutorial.py
[2023-08-15T18:38:31.761-0300] {logging_mixin.py:150} INFO - [2023-08-15T18:38:31.760-0300] {dag.py:2742} INFO - Sync 1 DAGs
[2023-08-15T18:38:31.803-0300] {logging_mixin.py:150} INFO - [2023-08-15T18:38:31.802-0300] {dag.py:3504} INFO - Setting next_dagrun for tutorial to 2023-08-14T21:38:31.802069+00:00, run_after=2023-08-15T21:38:31.802069+00:00
[2023-08-15T18:38:31.944-0300] {processor.py:179} INFO - Processing /home/alan/repos/pipeline_airflow/pipeline-airflow-venv/lib/python3.11/site-packages/airflow/example_dags/tutorial.py took 0.241 seconds
[2023-08-15T18:43:26.986-0300] {processor.py:157} INFO - Started process (PID=23577) to work on /home/alan/repos/pipeline_airflow/pipeline-airflow-venv/lib/python3.11/site-packages/airflow/example_dags/tutorial.py
[2023-08-15T18:43:26.988-0300] {processor.py:826} INFO - Processing file /home/alan/repos/pipeline_airflow/pipeline-airflow-venv/lib/python3.11/site-packages/airflow/example_dags/tutorial.py for tasks to queue
[2023-08-15T18:43:26.990-0300] {logging_mixin.py:150} INFO - [2023-08-15T18:43:26.989-0300] {dagbag.py:541} INFO - Filling up the DagBag from /home/alan/repos/pipeline_airflow/pipeline-airflow-venv/lib/python3.11/site-packages/airflow/example_dags/tutorial.py
[2023-08-15T18:43:27.007-0300] {processor.py:836} INFO - DAG(s) dict_keys(['tutorial']) retrieved from /home/alan/repos/pipeline_airflow/pipeline-airflow-venv/lib/python3.11/site-packages/airflow/example_dags/tutorial.py
[2023-08-15T18:43:27.022-0300] {logging_mixin.py:150} INFO - [2023-08-15T18:43:27.022-0300] {dag.py:2742} INFO - Sync 1 DAGs
[2023-08-15T18:43:27.057-0300] {logging_mixin.py:150} INFO - [2023-08-15T18:43:27.057-0300] {dag.py:3504} INFO - Setting next_dagrun for tutorial to 2023-08-14T21:43:27.057008+00:00, run_after=2023-08-15T21:43:27.057008+00:00
[2023-08-15T18:43:27.158-0300] {processor.py:179} INFO - Processing /home/alan/repos/pipeline_airflow/pipeline-airflow-venv/lib/python3.11/site-packages/airflow/example_dags/tutorial.py took 0.177 seconds
[2023-08-15T18:44:07.320-0300] {processor.py:157} INFO - Started process (PID=23680) to work on /home/alan/repos/pipeline_airflow/pipeline-airflow-venv/lib/python3.11/site-packages/airflow/example_dags/tutorial.py
[2023-08-15T18:44:07.333-0300] {processor.py:826} INFO - Processing file /home/alan/repos/pipeline_airflow/pipeline-airflow-venv/lib/python3.11/site-packages/airflow/example_dags/tutorial.py for tasks to queue
[2023-08-15T18:44:07.335-0300] {logging_mixin.py:150} INFO - [2023-08-15T18:44:07.334-0300] {dagbag.py:541} INFO - Filling up the DagBag from /home/alan/repos/pipeline_airflow/pipeline-airflow-venv/lib/python3.11/site-packages/airflow/example_dags/tutorial.py
[2023-08-15T18:44:07.352-0300] {processor.py:836} INFO - DAG(s) dict_keys(['tutorial']) retrieved from /home/alan/repos/pipeline_airflow/pipeline-airflow-venv/lib/python3.11/site-packages/airflow/example_dags/tutorial.py
[2023-08-15T18:44:07.366-0300] {logging_mixin.py:150} INFO - [2023-08-15T18:44:07.366-0300] {dag.py:2742} INFO - Sync 1 DAGs
[2023-08-15T18:44:07.402-0300] {logging_mixin.py:150} INFO - [2023-08-15T18:44:07.401-0300] {dag.py:3504} INFO - Setting next_dagrun for tutorial to 2023-08-14T21:44:07.401467+00:00, run_after=2023-08-15T21:44:07.401467+00:00
[2023-08-15T18:44:07.523-0300] {processor.py:179} INFO - Processing /home/alan/repos/pipeline_airflow/pipeline-airflow-venv/lib/python3.11/site-packages/airflow/example_dags/tutorial.py took 0.209 seconds
[2023-08-15T18:45:26.406-0300] {processor.py:157} INFO - Started process (PID=24089) to work on /home/alan/repos/pipeline_airflow/pipeline-airflow-venv/lib/python3.11/site-packages/airflow/example_dags/tutorial.py
[2023-08-15T18:45:26.419-0300] {processor.py:826} INFO - Processing file /home/alan/repos/pipeline_airflow/pipeline-airflow-venv/lib/python3.11/site-packages/airflow/example_dags/tutorial.py for tasks to queue
[2023-08-15T18:45:26.420-0300] {logging_mixin.py:150} INFO - [2023-08-15T18:45:26.419-0300] {dagbag.py:541} INFO - Filling up the DagBag from /home/alan/repos/pipeline_airflow/pipeline-airflow-venv/lib/python3.11/site-packages/airflow/example_dags/tutorial.py
[2023-08-15T18:45:26.432-0300] {processor.py:836} INFO - DAG(s) dict_keys(['tutorial']) retrieved from /home/alan/repos/pipeline_airflow/pipeline-airflow-venv/lib/python3.11/site-packages/airflow/example_dags/tutorial.py
[2023-08-15T18:45:26.460-0300] {logging_mixin.py:150} INFO - [2023-08-15T18:45:26.459-0300] {dag.py:2742} INFO - Sync 1 DAGs
[2023-08-15T18:45:26.497-0300] {logging_mixin.py:150} INFO - [2023-08-15T18:45:26.496-0300] {dag.py:3504} INFO - Setting next_dagrun for tutorial to 2023-08-14T21:45:26.496297+00:00, run_after=2023-08-15T21:45:26.496297+00:00
[2023-08-15T18:45:26.623-0300] {processor.py:179} INFO - Processing /home/alan/repos/pipeline_airflow/pipeline-airflow-venv/lib/python3.11/site-packages/airflow/example_dags/tutorial.py took 0.223 seconds
[2023-08-15T18:46:33.185-0300] {processor.py:157} INFO - Started process (PID=24321) to work on /home/alan/repos/pipeline_airflow/pipeline-airflow-venv/lib/python3.11/site-packages/airflow/example_dags/tutorial.py
[2023-08-15T18:46:33.203-0300] {processor.py:826} INFO - Processing file /home/alan/repos/pipeline_airflow/pipeline-airflow-venv/lib/python3.11/site-packages/airflow/example_dags/tutorial.py for tasks to queue
[2023-08-15T18:46:33.205-0300] {logging_mixin.py:150} INFO - [2023-08-15T18:46:33.204-0300] {dagbag.py:541} INFO - Filling up the DagBag from /home/alan/repos/pipeline_airflow/pipeline-airflow-venv/lib/python3.11/site-packages/airflow/example_dags/tutorial.py
[2023-08-15T18:46:33.231-0300] {processor.py:836} INFO - DAG(s) dict_keys(['tutorial']) retrieved from /home/alan/repos/pipeline_airflow/pipeline-airflow-venv/lib/python3.11/site-packages/airflow/example_dags/tutorial.py
[2023-08-15T18:46:33.275-0300] {logging_mixin.py:150} INFO - [2023-08-15T18:46:33.275-0300] {dag.py:2742} INFO - Sync 1 DAGs
[2023-08-15T18:46:33.330-0300] {logging_mixin.py:150} INFO - [2023-08-15T18:46:33.329-0300] {dag.py:3504} INFO - Setting next_dagrun for tutorial to 2023-08-14T21:46:33.329320+00:00, run_after=2023-08-15T21:46:33.329320+00:00
[2023-08-15T18:46:33.478-0300] {processor.py:179} INFO - Processing /home/alan/repos/pipeline_airflow/pipeline-airflow-venv/lib/python3.11/site-packages/airflow/example_dags/tutorial.py took 0.300 seconds
[2023-08-15T18:47:38.373-0300] {processor.py:157} INFO - Started process (PID=24548) to work on /home/alan/repos/pipeline_airflow/pipeline-airflow-venv/lib/python3.11/site-packages/airflow/example_dags/tutorial.py
[2023-08-15T18:47:38.383-0300] {processor.py:826} INFO - Processing file /home/alan/repos/pipeline_airflow/pipeline-airflow-venv/lib/python3.11/site-packages/airflow/example_dags/tutorial.py for tasks to queue
[2023-08-15T18:47:38.385-0300] {logging_mixin.py:150} INFO - [2023-08-15T18:47:38.384-0300] {dagbag.py:541} INFO - Filling up the DagBag from /home/alan/repos/pipeline_airflow/pipeline-airflow-venv/lib/python3.11/site-packages/airflow/example_dags/tutorial.py
[2023-08-15T18:47:38.399-0300] {processor.py:836} INFO - DAG(s) dict_keys(['tutorial']) retrieved from /home/alan/repos/pipeline_airflow/pipeline-airflow-venv/lib/python3.11/site-packages/airflow/example_dags/tutorial.py
[2023-08-15T18:47:38.431-0300] {logging_mixin.py:150} INFO - [2023-08-15T18:47:38.431-0300] {dag.py:2742} INFO - Sync 1 DAGs
[2023-08-15T18:47:38.474-0300] {logging_mixin.py:150} INFO - [2023-08-15T18:47:38.473-0300] {dag.py:3504} INFO - Setting next_dagrun for tutorial to 2023-08-14T21:47:38.473487+00:00, run_after=2023-08-15T21:47:38.473487+00:00
[2023-08-15T18:47:38.603-0300] {processor.py:179} INFO - Processing /home/alan/repos/pipeline_airflow/pipeline-airflow-venv/lib/python3.11/site-packages/airflow/example_dags/tutorial.py took 0.235 seconds
[2023-08-15T18:48:44.924-0300] {processor.py:157} INFO - Started process (PID=24769) to work on /home/alan/repos/pipeline_airflow/pipeline-airflow-venv/lib/python3.11/site-packages/airflow/example_dags/tutorial.py
[2023-08-15T18:48:44.933-0300] {processor.py:826} INFO - Processing file /home/alan/repos/pipeline_airflow/pipeline-airflow-venv/lib/python3.11/site-packages/airflow/example_dags/tutorial.py for tasks to queue
[2023-08-15T18:48:44.935-0300] {logging_mixin.py:150} INFO - [2023-08-15T18:48:44.934-0300] {dagbag.py:541} INFO - Filling up the DagBag from /home/alan/repos/pipeline_airflow/pipeline-airflow-venv/lib/python3.11/site-packages/airflow/example_dags/tutorial.py
[2023-08-15T18:48:44.948-0300] {processor.py:836} INFO - DAG(s) dict_keys(['tutorial']) retrieved from /home/alan/repos/pipeline_airflow/pipeline-airflow-venv/lib/python3.11/site-packages/airflow/example_dags/tutorial.py
[2023-08-15T18:48:44.976-0300] {logging_mixin.py:150} INFO - [2023-08-15T18:48:44.976-0300] {dag.py:2742} INFO - Sync 1 DAGs
[2023-08-15T18:48:45.166-0300] {logging_mixin.py:150} INFO - [2023-08-15T18:48:45.165-0300] {dag.py:3504} INFO - Setting next_dagrun for tutorial to 2023-08-14T21:48:45.165567+00:00, run_after=2023-08-15T21:48:45.165567+00:00
[2023-08-15T18:48:45.290-0300] {processor.py:179} INFO - Processing /home/alan/repos/pipeline_airflow/pipeline-airflow-venv/lib/python3.11/site-packages/airflow/example_dags/tutorial.py took 0.373 seconds
[2023-08-15T18:49:49.785-0300] {processor.py:157} INFO - Started process (PID=24989) to work on /home/alan/repos/pipeline_airflow/pipeline-airflow-venv/lib/python3.11/site-packages/airflow/example_dags/tutorial.py
[2023-08-15T18:49:49.786-0300] {processor.py:826} INFO - Processing file /home/alan/repos/pipeline_airflow/pipeline-airflow-venv/lib/python3.11/site-packages/airflow/example_dags/tutorial.py for tasks to queue
[2023-08-15T18:49:49.788-0300] {logging_mixin.py:150} INFO - [2023-08-15T18:49:49.787-0300] {dagbag.py:541} INFO - Filling up the DagBag from /home/alan/repos/pipeline_airflow/pipeline-airflow-venv/lib/python3.11/site-packages/airflow/example_dags/tutorial.py
[2023-08-15T18:49:49.804-0300] {processor.py:836} INFO - DAG(s) dict_keys(['tutorial']) retrieved from /home/alan/repos/pipeline_airflow/pipeline-airflow-venv/lib/python3.11/site-packages/airflow/example_dags/tutorial.py
[2023-08-15T18:49:49.854-0300] {logging_mixin.py:150} INFO - [2023-08-15T18:49:49.854-0300] {dag.py:2742} INFO - Sync 1 DAGs
[2023-08-15T18:49:49.918-0300] {logging_mixin.py:150} INFO - [2023-08-15T18:49:49.918-0300] {dag.py:3504} INFO - Setting next_dagrun for tutorial to 2023-08-14T21:49:49.918112+00:00, run_after=2023-08-15T21:49:49.918112+00:00
[2023-08-15T18:49:50.065-0300] {processor.py:179} INFO - Processing /home/alan/repos/pipeline_airflow/pipeline-airflow-venv/lib/python3.11/site-packages/airflow/example_dags/tutorial.py took 0.286 seconds
[2023-08-15T18:50:53.721-0300] {processor.py:157} INFO - Started process (PID=25265) to work on /home/alan/repos/pipeline_airflow/pipeline-airflow-venv/lib/python3.11/site-packages/airflow/example_dags/tutorial.py
[2023-08-15T18:50:53.732-0300] {processor.py:826} INFO - Processing file /home/alan/repos/pipeline_airflow/pipeline-airflow-venv/lib/python3.11/site-packages/airflow/example_dags/tutorial.py for tasks to queue
[2023-08-15T18:50:53.734-0300] {logging_mixin.py:150} INFO - [2023-08-15T18:50:53.733-0300] {dagbag.py:541} INFO - Filling up the DagBag from /home/alan/repos/pipeline_airflow/pipeline-airflow-venv/lib/python3.11/site-packages/airflow/example_dags/tutorial.py
[2023-08-15T18:50:53.747-0300] {processor.py:836} INFO - DAG(s) dict_keys(['tutorial']) retrieved from /home/alan/repos/pipeline_airflow/pipeline-airflow-venv/lib/python3.11/site-packages/airflow/example_dags/tutorial.py
[2023-08-15T18:50:53.780-0300] {logging_mixin.py:150} INFO - [2023-08-15T18:50:53.779-0300] {dag.py:2742} INFO - Sync 1 DAGs
[2023-08-15T18:50:53.820-0300] {logging_mixin.py:150} INFO - [2023-08-15T18:50:53.820-0300] {dag.py:3504} INFO - Setting next_dagrun for tutorial to 2023-08-14T21:50:53.819779+00:00, run_after=2023-08-15T21:50:53.819779+00:00
[2023-08-15T18:50:54.015-0300] {processor.py:179} INFO - Processing /home/alan/repos/pipeline_airflow/pipeline-airflow-venv/lib/python3.11/site-packages/airflow/example_dags/tutorial.py took 0.298 seconds
[2023-08-15T18:52:04.687-0300] {processor.py:157} INFO - Started process (PID=25605) to work on /home/alan/repos/pipeline_airflow/pipeline-airflow-venv/lib/python3.11/site-packages/airflow/example_dags/tutorial.py
[2023-08-15T18:52:04.689-0300] {processor.py:826} INFO - Processing file /home/alan/repos/pipeline_airflow/pipeline-airflow-venv/lib/python3.11/site-packages/airflow/example_dags/tutorial.py for tasks to queue
[2023-08-15T18:52:04.691-0300] {logging_mixin.py:150} INFO - [2023-08-15T18:52:04.690-0300] {dagbag.py:541} INFO - Filling up the DagBag from /home/alan/repos/pipeline_airflow/pipeline-airflow-venv/lib/python3.11/site-packages/airflow/example_dags/tutorial.py
[2023-08-15T18:52:04.704-0300] {processor.py:836} INFO - DAG(s) dict_keys(['tutorial']) retrieved from /home/alan/repos/pipeline_airflow/pipeline-airflow-venv/lib/python3.11/site-packages/airflow/example_dags/tutorial.py
[2023-08-15T18:52:04.735-0300] {logging_mixin.py:150} INFO - [2023-08-15T18:52:04.735-0300] {dag.py:2742} INFO - Sync 1 DAGs
[2023-08-15T18:52:04.778-0300] {logging_mixin.py:150} INFO - [2023-08-15T18:52:04.778-0300] {dag.py:3504} INFO - Setting next_dagrun for tutorial to 2023-08-14T21:52:04.777781+00:00, run_after=2023-08-15T21:52:04.777781+00:00
[2023-08-15T18:52:04.947-0300] {processor.py:179} INFO - Processing /home/alan/repos/pipeline_airflow/pipeline-airflow-venv/lib/python3.11/site-packages/airflow/example_dags/tutorial.py took 0.265 seconds
[2023-08-15T18:53:04.086-0300] {processor.py:157} INFO - Started process (PID=25865) to work on /home/alan/repos/pipeline_airflow/pipeline-airflow-venv/lib/python3.11/site-packages/airflow/example_dags/tutorial.py
[2023-08-15T18:53:04.099-0300] {processor.py:826} INFO - Processing file /home/alan/repos/pipeline_airflow/pipeline-airflow-venv/lib/python3.11/site-packages/airflow/example_dags/tutorial.py for tasks to queue
[2023-08-15T18:53:04.101-0300] {logging_mixin.py:150} INFO - [2023-08-15T18:53:04.100-0300] {dagbag.py:541} INFO - Filling up the DagBag from /home/alan/repos/pipeline_airflow/pipeline-airflow-venv/lib/python3.11/site-packages/airflow/example_dags/tutorial.py
[2023-08-15T18:53:04.118-0300] {processor.py:836} INFO - DAG(s) dict_keys(['tutorial']) retrieved from /home/alan/repos/pipeline_airflow/pipeline-airflow-venv/lib/python3.11/site-packages/airflow/example_dags/tutorial.py
[2023-08-15T18:53:04.259-0300] {logging_mixin.py:150} INFO - [2023-08-15T18:53:04.258-0300] {dag.py:2742} INFO - Sync 1 DAGs
[2023-08-15T18:53:04.301-0300] {logging_mixin.py:150} INFO - [2023-08-15T18:53:04.300-0300] {dag.py:3504} INFO - Setting next_dagrun for tutorial to 2023-08-14T21:53:04.300314+00:00, run_after=2023-08-15T21:53:04.300314+00:00
[2023-08-15T18:53:04.434-0300] {processor.py:179} INFO - Processing /home/alan/repos/pipeline_airflow/pipeline-airflow-venv/lib/python3.11/site-packages/airflow/example_dags/tutorial.py took 0.354 seconds
[2023-08-15T18:53:57.227-0300] {processor.py:157} INFO - Started process (PID=26065) to work on /home/alan/repos/pipeline_airflow/pipeline-airflow-venv/lib/python3.11/site-packages/airflow/example_dags/tutorial.py
[2023-08-15T18:53:57.235-0300] {processor.py:826} INFO - Processing file /home/alan/repos/pipeline_airflow/pipeline-airflow-venv/lib/python3.11/site-packages/airflow/example_dags/tutorial.py for tasks to queue
[2023-08-15T18:53:57.236-0300] {logging_mixin.py:150} INFO - [2023-08-15T18:53:57.236-0300] {dagbag.py:541} INFO - Filling up the DagBag from /home/alan/repos/pipeline_airflow/pipeline-airflow-venv/lib/python3.11/site-packages/airflow/example_dags/tutorial.py
[2023-08-15T18:53:57.248-0300] {processor.py:836} INFO - DAG(s) dict_keys(['tutorial']) retrieved from /home/alan/repos/pipeline_airflow/pipeline-airflow-venv/lib/python3.11/site-packages/airflow/example_dags/tutorial.py
[2023-08-15T18:53:57.275-0300] {logging_mixin.py:150} INFO - [2023-08-15T18:53:57.275-0300] {dag.py:2742} INFO - Sync 1 DAGs
[2023-08-15T18:53:57.309-0300] {logging_mixin.py:150} INFO - [2023-08-15T18:53:57.309-0300] {dag.py:3504} INFO - Setting next_dagrun for tutorial to 2023-08-14T21:53:57.309224+00:00, run_after=2023-08-15T21:53:57.309224+00:00
[2023-08-15T18:53:57.427-0300] {processor.py:179} INFO - Processing /home/alan/repos/pipeline_airflow/pipeline-airflow-venv/lib/python3.11/site-packages/airflow/example_dags/tutorial.py took 0.204 seconds
[2023-08-15T18:55:28.842-0300] {processor.py:157} INFO - Started process (PID=26651) to work on /home/alan/repos/pipeline_airflow/pipeline-airflow-venv/lib/python3.11/site-packages/airflow/example_dags/tutorial.py
[2023-08-15T18:55:28.877-0300] {processor.py:826} INFO - Processing file /home/alan/repos/pipeline_airflow/pipeline-airflow-venv/lib/python3.11/site-packages/airflow/example_dags/tutorial.py for tasks to queue
[2023-08-15T18:55:28.878-0300] {logging_mixin.py:150} INFO - [2023-08-15T18:55:28.878-0300] {dagbag.py:541} INFO - Filling up the DagBag from /home/alan/repos/pipeline_airflow/pipeline-airflow-venv/lib/python3.11/site-packages/airflow/example_dags/tutorial.py
[2023-08-15T18:55:28.913-0300] {processor.py:836} INFO - DAG(s) dict_keys(['tutorial']) retrieved from /home/alan/repos/pipeline_airflow/pipeline-airflow-venv/lib/python3.11/site-packages/airflow/example_dags/tutorial.py
[2023-08-15T18:55:28.958-0300] {logging_mixin.py:150} INFO - [2023-08-15T18:55:28.958-0300] {dag.py:2742} INFO - Sync 1 DAGs
[2023-08-15T18:55:29.002-0300] {logging_mixin.py:150} INFO - [2023-08-15T18:55:29.001-0300] {dag.py:3504} INFO - Setting next_dagrun for tutorial to 2023-08-14T21:55:29.001410+00:00, run_after=2023-08-15T21:55:29.001410+00:00
[2023-08-15T18:55:29.355-0300] {processor.py:179} INFO - Processing /home/alan/repos/pipeline_airflow/pipeline-airflow-venv/lib/python3.11/site-packages/airflow/example_dags/tutorial.py took 0.519 seconds
[2023-08-15T18:57:48.551-0300] {processor.py:157} INFO - Started process (PID=27022) to work on /home/alan/repos/pipeline_airflow/pipeline-airflow-venv/lib/python3.11/site-packages/airflow/example_dags/tutorial.py
[2023-08-15T18:57:48.591-0300] {processor.py:826} INFO - Processing file /home/alan/repos/pipeline_airflow/pipeline-airflow-venv/lib/python3.11/site-packages/airflow/example_dags/tutorial.py for tasks to queue
[2023-08-15T18:57:48.593-0300] {logging_mixin.py:150} INFO - [2023-08-15T18:57:48.592-0300] {dagbag.py:541} INFO - Filling up the DagBag from /home/alan/repos/pipeline_airflow/pipeline-airflow-venv/lib/python3.11/site-packages/airflow/example_dags/tutorial.py
[2023-08-15T18:57:48.914-0300] {processor.py:836} INFO - DAG(s) dict_keys(['tutorial']) retrieved from /home/alan/repos/pipeline_airflow/pipeline-airflow-venv/lib/python3.11/site-packages/airflow/example_dags/tutorial.py
[2023-08-15T18:57:50.253-0300] {logging_mixin.py:150} INFO - [2023-08-15T18:57:50.252-0300] {dag.py:2742} INFO - Sync 1 DAGs
[2023-08-15T18:57:50.379-0300] {logging_mixin.py:150} INFO - [2023-08-15T18:57:50.378-0300] {dag.py:3504} INFO - Setting next_dagrun for tutorial to 2023-08-14T21:57:50.302046+00:00, run_after=2023-08-15T21:57:50.302046+00:00
[2023-08-15T18:57:50.698-0300] {processor.py:179} INFO - Processing /home/alan/repos/pipeline_airflow/pipeline-airflow-venv/lib/python3.11/site-packages/airflow/example_dags/tutorial.py took 2.153 seconds
[2023-08-15T19:01:16.745-0300] {processor.py:157} INFO - Started process (PID=27518) to work on /home/alan/repos/pipeline_airflow/pipeline-airflow-venv/lib/python3.11/site-packages/airflow/example_dags/tutorial.py
[2023-08-15T19:01:16.872-0300] {processor.py:826} INFO - Processing file /home/alan/repos/pipeline_airflow/pipeline-airflow-venv/lib/python3.11/site-packages/airflow/example_dags/tutorial.py for tasks to queue
[2023-08-15T19:01:16.874-0300] {logging_mixin.py:150} INFO - [2023-08-15T19:01:16.873-0300] {dagbag.py:541} INFO - Filling up the DagBag from /home/alan/repos/pipeline_airflow/pipeline-airflow-venv/lib/python3.11/site-packages/airflow/example_dags/tutorial.py
[2023-08-15T19:01:16.961-0300] {processor.py:836} INFO - DAG(s) dict_keys(['tutorial']) retrieved from /home/alan/repos/pipeline_airflow/pipeline-airflow-venv/lib/python3.11/site-packages/airflow/example_dags/tutorial.py
[2023-08-15T19:01:17.570-0300] {logging_mixin.py:150} INFO - [2023-08-15T19:01:17.570-0300] {dag.py:2742} INFO - Sync 1 DAGs
[2023-08-15T19:01:17.606-0300] {logging_mixin.py:150} INFO - [2023-08-15T19:01:17.606-0300] {dag.py:3504} INFO - Setting next_dagrun for tutorial to 2023-08-14T22:01:17.605917+00:00, run_after=2023-08-15T22:01:17.605917+00:00
[2023-08-15T19:01:18.237-0300] {processor.py:179} INFO - Processing /home/alan/repos/pipeline_airflow/pipeline-airflow-venv/lib/python3.11/site-packages/airflow/example_dags/tutorial.py took 1.497 seconds
[2023-08-15T19:02:39.374-0300] {processor.py:157} INFO - Started process (PID=27744) to work on /home/alan/repos/pipeline_airflow/pipeline-airflow-venv/lib/python3.11/site-packages/airflow/example_dags/tutorial.py
[2023-08-15T19:02:39.376-0300] {processor.py:826} INFO - Processing file /home/alan/repos/pipeline_airflow/pipeline-airflow-venv/lib/python3.11/site-packages/airflow/example_dags/tutorial.py for tasks to queue
[2023-08-15T19:02:39.377-0300] {logging_mixin.py:150} INFO - [2023-08-15T19:02:39.377-0300] {dagbag.py:541} INFO - Filling up the DagBag from /home/alan/repos/pipeline_airflow/pipeline-airflow-venv/lib/python3.11/site-packages/airflow/example_dags/tutorial.py
[2023-08-15T19:02:39.391-0300] {processor.py:836} INFO - DAG(s) dict_keys(['tutorial']) retrieved from /home/alan/repos/pipeline_airflow/pipeline-airflow-venv/lib/python3.11/site-packages/airflow/example_dags/tutorial.py
[2023-08-15T19:02:39.418-0300] {logging_mixin.py:150} INFO - [2023-08-15T19:02:39.418-0300] {dag.py:2742} INFO - Sync 1 DAGs
[2023-08-15T19:02:39.453-0300] {logging_mixin.py:150} INFO - [2023-08-15T19:02:39.453-0300] {dag.py:3504} INFO - Setting next_dagrun for tutorial to 2023-08-14T22:02:39.453259+00:00, run_after=2023-08-15T22:02:39.453259+00:00
[2023-08-15T19:02:39.586-0300] {processor.py:179} INFO - Processing /home/alan/repos/pipeline_airflow/pipeline-airflow-venv/lib/python3.11/site-packages/airflow/example_dags/tutorial.py took 0.217 seconds
[2023-08-15T19:03:58.764-0300] {processor.py:157} INFO - Started process (PID=28188) to work on /home/alan/repos/pipeline_airflow/pipeline-airflow-venv/lib/python3.11/site-packages/airflow/example_dags/tutorial.py
[2023-08-15T19:03:58.791-0300] {processor.py:826} INFO - Processing file /home/alan/repos/pipeline_airflow/pipeline-airflow-venv/lib/python3.11/site-packages/airflow/example_dags/tutorial.py for tasks to queue
[2023-08-15T19:03:58.793-0300] {logging_mixin.py:150} INFO - [2023-08-15T19:03:58.792-0300] {dagbag.py:541} INFO - Filling up the DagBag from /home/alan/repos/pipeline_airflow/pipeline-airflow-venv/lib/python3.11/site-packages/airflow/example_dags/tutorial.py
[2023-08-15T19:03:58.821-0300] {processor.py:836} INFO - DAG(s) dict_keys(['tutorial']) retrieved from /home/alan/repos/pipeline_airflow/pipeline-airflow-venv/lib/python3.11/site-packages/airflow/example_dags/tutorial.py
[2023-08-15T19:03:58.868-0300] {logging_mixin.py:150} INFO - [2023-08-15T19:03:58.868-0300] {dag.py:2742} INFO - Sync 1 DAGs
[2023-08-15T19:03:58.929-0300] {logging_mixin.py:150} INFO - [2023-08-15T19:03:58.929-0300] {dag.py:3504} INFO - Setting next_dagrun for tutorial to 2023-08-14T22:03:58.929036+00:00, run_after=2023-08-15T22:03:58.929036+00:00
[2023-08-15T19:03:59.115-0300] {processor.py:179} INFO - Processing /home/alan/repos/pipeline_airflow/pipeline-airflow-venv/lib/python3.11/site-packages/airflow/example_dags/tutorial.py took 0.368 seconds
[2023-08-15T19:04:57.205-0300] {processor.py:157} INFO - Started process (PID=28495) to work on /home/alan/repos/pipeline_airflow/pipeline-airflow-venv/lib/python3.11/site-packages/airflow/example_dags/tutorial.py
[2023-08-15T19:04:57.230-0300] {processor.py:826} INFO - Processing file /home/alan/repos/pipeline_airflow/pipeline-airflow-venv/lib/python3.11/site-packages/airflow/example_dags/tutorial.py for tasks to queue
[2023-08-15T19:04:57.232-0300] {logging_mixin.py:150} INFO - [2023-08-15T19:04:57.231-0300] {dagbag.py:541} INFO - Filling up the DagBag from /home/alan/repos/pipeline_airflow/pipeline-airflow-venv/lib/python3.11/site-packages/airflow/example_dags/tutorial.py
[2023-08-15T19:04:57.247-0300] {processor.py:836} INFO - DAG(s) dict_keys(['tutorial']) retrieved from /home/alan/repos/pipeline_airflow/pipeline-airflow-venv/lib/python3.11/site-packages/airflow/example_dags/tutorial.py
[2023-08-15T19:04:57.281-0300] {logging_mixin.py:150} INFO - [2023-08-15T19:04:57.280-0300] {dag.py:2742} INFO - Sync 1 DAGs
[2023-08-15T19:04:57.321-0300] {logging_mixin.py:150} INFO - [2023-08-15T19:04:57.321-0300] {dag.py:3504} INFO - Setting next_dagrun for tutorial to 2023-08-14T22:04:57.321023+00:00, run_after=2023-08-15T22:04:57.321023+00:00
[2023-08-15T19:04:57.445-0300] {processor.py:179} INFO - Processing /home/alan/repos/pipeline_airflow/pipeline-airflow-venv/lib/python3.11/site-packages/airflow/example_dags/tutorial.py took 0.246 seconds
[2023-08-15T19:06:09.155-0300] {processor.py:157} INFO - Started process (PID=28735) to work on /home/alan/repos/pipeline_airflow/pipeline-airflow-venv/lib/python3.11/site-packages/airflow/example_dags/tutorial.py
[2023-08-15T19:06:09.156-0300] {processor.py:826} INFO - Processing file /home/alan/repos/pipeline_airflow/pipeline-airflow-venv/lib/python3.11/site-packages/airflow/example_dags/tutorial.py for tasks to queue
[2023-08-15T19:06:09.158-0300] {logging_mixin.py:150} INFO - [2023-08-15T19:06:09.157-0300] {dagbag.py:541} INFO - Filling up the DagBag from /home/alan/repos/pipeline_airflow/pipeline-airflow-venv/lib/python3.11/site-packages/airflow/example_dags/tutorial.py
[2023-08-15T19:06:09.172-0300] {processor.py:836} INFO - DAG(s) dict_keys(['tutorial']) retrieved from /home/alan/repos/pipeline_airflow/pipeline-airflow-venv/lib/python3.11/site-packages/airflow/example_dags/tutorial.py
[2023-08-15T19:06:09.202-0300] {logging_mixin.py:150} INFO - [2023-08-15T19:06:09.202-0300] {dag.py:2742} INFO - Sync 1 DAGs
[2023-08-15T19:06:09.238-0300] {logging_mixin.py:150} INFO - [2023-08-15T19:06:09.238-0300] {dag.py:3504} INFO - Setting next_dagrun for tutorial to 2023-08-14T22:06:09.238210+00:00, run_after=2023-08-15T22:06:09.238210+00:00
[2023-08-15T19:06:09.364-0300] {processor.py:179} INFO - Processing /home/alan/repos/pipeline_airflow/pipeline-airflow-venv/lib/python3.11/site-packages/airflow/example_dags/tutorial.py took 0.215 seconds
[2023-08-15T19:07:09.821-0300] {processor.py:157} INFO - Started process (PID=28895) to work on /home/alan/repos/pipeline_airflow/pipeline-airflow-venv/lib/python3.11/site-packages/airflow/example_dags/tutorial.py
[2023-08-15T19:07:09.839-0300] {processor.py:826} INFO - Processing file /home/alan/repos/pipeline_airflow/pipeline-airflow-venv/lib/python3.11/site-packages/airflow/example_dags/tutorial.py for tasks to queue
[2023-08-15T19:07:09.840-0300] {logging_mixin.py:150} INFO - [2023-08-15T19:07:09.839-0300] {dagbag.py:541} INFO - Filling up the DagBag from /home/alan/repos/pipeline_airflow/pipeline-airflow-venv/lib/python3.11/site-packages/airflow/example_dags/tutorial.py
[2023-08-15T19:07:09.860-0300] {processor.py:836} INFO - DAG(s) dict_keys(['tutorial']) retrieved from /home/alan/repos/pipeline_airflow/pipeline-airflow-venv/lib/python3.11/site-packages/airflow/example_dags/tutorial.py
[2023-08-15T19:07:09.906-0300] {logging_mixin.py:150} INFO - [2023-08-15T19:07:09.905-0300] {dag.py:2742} INFO - Sync 1 DAGs
[2023-08-15T19:07:09.953-0300] {logging_mixin.py:150} INFO - [2023-08-15T19:07:09.953-0300] {dag.py:3504} INFO - Setting next_dagrun for tutorial to 2023-08-14T22:07:09.952495+00:00, run_after=2023-08-15T22:07:09.952495+00:00
[2023-08-15T19:07:10.052-0300] {processor.py:179} INFO - Processing /home/alan/repos/pipeline_airflow/pipeline-airflow-venv/lib/python3.11/site-packages/airflow/example_dags/tutorial.py took 0.239 seconds
[2023-08-15T19:08:17.807-0300] {processor.py:157} INFO - Started process (PID=29171) to work on /home/alan/repos/pipeline_airflow/pipeline-airflow-venv/lib/python3.11/site-packages/airflow/example_dags/tutorial.py
[2023-08-15T19:08:17.808-0300] {processor.py:826} INFO - Processing file /home/alan/repos/pipeline_airflow/pipeline-airflow-venv/lib/python3.11/site-packages/airflow/example_dags/tutorial.py for tasks to queue
[2023-08-15T19:08:17.810-0300] {logging_mixin.py:150} INFO - [2023-08-15T19:08:17.809-0300] {dagbag.py:541} INFO - Filling up the DagBag from /home/alan/repos/pipeline_airflow/pipeline-airflow-venv/lib/python3.11/site-packages/airflow/example_dags/tutorial.py
[2023-08-15T19:08:17.824-0300] {processor.py:836} INFO - DAG(s) dict_keys(['tutorial']) retrieved from /home/alan/repos/pipeline_airflow/pipeline-airflow-venv/lib/python3.11/site-packages/airflow/example_dags/tutorial.py
[2023-08-15T19:08:17.852-0300] {logging_mixin.py:150} INFO - [2023-08-15T19:08:17.852-0300] {dag.py:2742} INFO - Sync 1 DAGs
[2023-08-15T19:08:17.888-0300] {logging_mixin.py:150} INFO - [2023-08-15T19:08:17.888-0300] {dag.py:3504} INFO - Setting next_dagrun for tutorial to 2023-08-14T22:08:17.887845+00:00, run_after=2023-08-15T22:08:17.887845+00:00
[2023-08-15T19:08:18.002-0300] {processor.py:179} INFO - Processing /home/alan/repos/pipeline_airflow/pipeline-airflow-venv/lib/python3.11/site-packages/airflow/example_dags/tutorial.py took 0.201 seconds
[2023-08-15T19:09:20.113-0300] {processor.py:157} INFO - Started process (PID=29334) to work on /home/alan/repos/pipeline_airflow/pipeline-airflow-venv/lib/python3.11/site-packages/airflow/example_dags/tutorial.py
[2023-08-15T19:09:20.115-0300] {processor.py:826} INFO - Processing file /home/alan/repos/pipeline_airflow/pipeline-airflow-venv/lib/python3.11/site-packages/airflow/example_dags/tutorial.py for tasks to queue
[2023-08-15T19:09:20.116-0300] {logging_mixin.py:150} INFO - [2023-08-15T19:09:20.116-0300] {dagbag.py:541} INFO - Filling up the DagBag from /home/alan/repos/pipeline_airflow/pipeline-airflow-venv/lib/python3.11/site-packages/airflow/example_dags/tutorial.py
[2023-08-15T19:09:20.129-0300] {processor.py:836} INFO - DAG(s) dict_keys(['tutorial']) retrieved from /home/alan/repos/pipeline_airflow/pipeline-airflow-venv/lib/python3.11/site-packages/airflow/example_dags/tutorial.py
[2023-08-15T19:09:20.160-0300] {logging_mixin.py:150} INFO - [2023-08-15T19:09:20.159-0300] {dag.py:2742} INFO - Sync 1 DAGs
[2023-08-15T19:09:20.200-0300] {logging_mixin.py:150} INFO - [2023-08-15T19:09:20.200-0300] {dag.py:3504} INFO - Setting next_dagrun for tutorial to 2023-08-14T22:09:20.199823+00:00, run_after=2023-08-15T22:09:20.199823+00:00
[2023-08-15T19:09:20.306-0300] {processor.py:179} INFO - Processing /home/alan/repos/pipeline_airflow/pipeline-airflow-venv/lib/python3.11/site-packages/airflow/example_dags/tutorial.py took 0.199 seconds
[2023-08-15T19:10:19.640-0300] {processor.py:157} INFO - Started process (PID=29491) to work on /home/alan/repos/pipeline_airflow/pipeline-airflow-venv/lib/python3.11/site-packages/airflow/example_dags/tutorial.py
[2023-08-15T19:10:19.649-0300] {processor.py:826} INFO - Processing file /home/alan/repos/pipeline_airflow/pipeline-airflow-venv/lib/python3.11/site-packages/airflow/example_dags/tutorial.py for tasks to queue
[2023-08-15T19:10:19.651-0300] {logging_mixin.py:150} INFO - [2023-08-15T19:10:19.650-0300] {dagbag.py:541} INFO - Filling up the DagBag from /home/alan/repos/pipeline_airflow/pipeline-airflow-venv/lib/python3.11/site-packages/airflow/example_dags/tutorial.py
[2023-08-15T19:10:19.666-0300] {processor.py:836} INFO - DAG(s) dict_keys(['tutorial']) retrieved from /home/alan/repos/pipeline_airflow/pipeline-airflow-venv/lib/python3.11/site-packages/airflow/example_dags/tutorial.py
[2023-08-15T19:10:19.699-0300] {logging_mixin.py:150} INFO - [2023-08-15T19:10:19.699-0300] {dag.py:2742} INFO - Sync 1 DAGs
[2023-08-15T19:10:19.735-0300] {logging_mixin.py:150} INFO - [2023-08-15T19:10:19.734-0300] {dag.py:3504} INFO - Setting next_dagrun for tutorial to 2023-08-14T22:10:19.734493+00:00, run_after=2023-08-15T22:10:19.734493+00:00
[2023-08-15T19:10:19.853-0300] {processor.py:179} INFO - Processing /home/alan/repos/pipeline_airflow/pipeline-airflow-venv/lib/python3.11/site-packages/airflow/example_dags/tutorial.py took 0.220 seconds
[2023-08-15T19:11:19.747-0300] {processor.py:157} INFO - Started process (PID=29721) to work on /home/alan/repos/pipeline_airflow/pipeline-airflow-venv/lib/python3.11/site-packages/airflow/example_dags/tutorial.py
[2023-08-15T19:11:19.760-0300] {processor.py:826} INFO - Processing file /home/alan/repos/pipeline_airflow/pipeline-airflow-venv/lib/python3.11/site-packages/airflow/example_dags/tutorial.py for tasks to queue
[2023-08-15T19:11:19.763-0300] {logging_mixin.py:150} INFO - [2023-08-15T19:11:19.762-0300] {dagbag.py:541} INFO - Filling up the DagBag from /home/alan/repos/pipeline_airflow/pipeline-airflow-venv/lib/python3.11/site-packages/airflow/example_dags/tutorial.py
[2023-08-15T19:11:19.818-0300] {processor.py:836} INFO - DAG(s) dict_keys(['tutorial']) retrieved from /home/alan/repos/pipeline_airflow/pipeline-airflow-venv/lib/python3.11/site-packages/airflow/example_dags/tutorial.py
[2023-08-15T19:11:19.862-0300] {logging_mixin.py:150} INFO - [2023-08-15T19:11:19.862-0300] {dag.py:2742} INFO - Sync 1 DAGs
[2023-08-15T19:11:19.918-0300] {logging_mixin.py:150} INFO - [2023-08-15T19:11:19.918-0300] {dag.py:3504} INFO - Setting next_dagrun for tutorial to 2023-08-14T22:11:19.910398+00:00, run_after=2023-08-15T22:11:19.910398+00:00
[2023-08-15T19:11:20.141-0300] {processor.py:179} INFO - Processing /home/alan/repos/pipeline_airflow/pipeline-airflow-venv/lib/python3.11/site-packages/airflow/example_dags/tutorial.py took 0.404 seconds
[2023-08-15T19:12:26.142-0300] {processor.py:157} INFO - Started process (PID=29919) to work on /home/alan/repos/pipeline_airflow/pipeline-airflow-venv/lib/python3.11/site-packages/airflow/example_dags/tutorial.py
[2023-08-15T19:12:26.158-0300] {processor.py:826} INFO - Processing file /home/alan/repos/pipeline_airflow/pipeline-airflow-venv/lib/python3.11/site-packages/airflow/example_dags/tutorial.py for tasks to queue
[2023-08-15T19:12:26.160-0300] {logging_mixin.py:150} INFO - [2023-08-15T19:12:26.159-0300] {dagbag.py:541} INFO - Filling up the DagBag from /home/alan/repos/pipeline_airflow/pipeline-airflow-venv/lib/python3.11/site-packages/airflow/example_dags/tutorial.py
[2023-08-15T19:12:26.175-0300] {processor.py:836} INFO - DAG(s) dict_keys(['tutorial']) retrieved from /home/alan/repos/pipeline_airflow/pipeline-airflow-venv/lib/python3.11/site-packages/airflow/example_dags/tutorial.py
[2023-08-15T19:12:26.207-0300] {logging_mixin.py:150} INFO - [2023-08-15T19:12:26.207-0300] {dag.py:2742} INFO - Sync 1 DAGs
[2023-08-15T19:12:26.243-0300] {logging_mixin.py:150} INFO - [2023-08-15T19:12:26.242-0300] {dag.py:3504} INFO - Setting next_dagrun for tutorial to 2023-08-14T22:12:26.242482+00:00, run_after=2023-08-15T22:12:26.242482+00:00
[2023-08-15T19:12:26.345-0300] {processor.py:179} INFO - Processing /home/alan/repos/pipeline_airflow/pipeline-airflow-venv/lib/python3.11/site-packages/airflow/example_dags/tutorial.py took 0.211 seconds
[2023-08-15T19:13:25.424-0300] {processor.py:157} INFO - Started process (PID=30083) to work on /home/alan/repos/pipeline_airflow/pipeline-airflow-venv/lib/python3.11/site-packages/airflow/example_dags/tutorial.py
[2023-08-15T19:13:25.437-0300] {processor.py:826} INFO - Processing file /home/alan/repos/pipeline_airflow/pipeline-airflow-venv/lib/python3.11/site-packages/airflow/example_dags/tutorial.py for tasks to queue
[2023-08-15T19:13:25.439-0300] {logging_mixin.py:150} INFO - [2023-08-15T19:13:25.438-0300] {dagbag.py:541} INFO - Filling up the DagBag from /home/alan/repos/pipeline_airflow/pipeline-airflow-venv/lib/python3.11/site-packages/airflow/example_dags/tutorial.py
[2023-08-15T19:13:25.454-0300] {processor.py:836} INFO - DAG(s) dict_keys(['tutorial']) retrieved from /home/alan/repos/pipeline_airflow/pipeline-airflow-venv/lib/python3.11/site-packages/airflow/example_dags/tutorial.py
[2023-08-15T19:13:25.487-0300] {logging_mixin.py:150} INFO - [2023-08-15T19:13:25.486-0300] {dag.py:2742} INFO - Sync 1 DAGs
[2023-08-15T19:13:25.521-0300] {logging_mixin.py:150} INFO - [2023-08-15T19:13:25.521-0300] {dag.py:3504} INFO - Setting next_dagrun for tutorial to 2023-08-14T22:13:25.521170+00:00, run_after=2023-08-15T22:13:25.521170+00:00
[2023-08-15T19:13:25.624-0300] {processor.py:179} INFO - Processing /home/alan/repos/pipeline_airflow/pipeline-airflow-venv/lib/python3.11/site-packages/airflow/example_dags/tutorial.py took 0.206 seconds
[2023-08-15T19:14:26.620-0300] {processor.py:157} INFO - Started process (PID=30239) to work on /home/alan/repos/pipeline_airflow/pipeline-airflow-venv/lib/python3.11/site-packages/airflow/example_dags/tutorial.py
[2023-08-15T19:14:26.622-0300] {processor.py:826} INFO - Processing file /home/alan/repos/pipeline_airflow/pipeline-airflow-venv/lib/python3.11/site-packages/airflow/example_dags/tutorial.py for tasks to queue
[2023-08-15T19:14:26.623-0300] {logging_mixin.py:150} INFO - [2023-08-15T19:14:26.623-0300] {dagbag.py:541} INFO - Filling up the DagBag from /home/alan/repos/pipeline_airflow/pipeline-airflow-venv/lib/python3.11/site-packages/airflow/example_dags/tutorial.py
[2023-08-15T19:14:26.636-0300] {processor.py:836} INFO - DAG(s) dict_keys(['tutorial']) retrieved from /home/alan/repos/pipeline_airflow/pipeline-airflow-venv/lib/python3.11/site-packages/airflow/example_dags/tutorial.py
[2023-08-15T19:14:26.673-0300] {logging_mixin.py:150} INFO - [2023-08-15T19:14:26.673-0300] {dag.py:2742} INFO - Sync 1 DAGs
[2023-08-15T19:14:26.729-0300] {logging_mixin.py:150} INFO - [2023-08-15T19:14:26.727-0300] {dag.py:3504} INFO - Setting next_dagrun for tutorial to 2023-08-14T22:14:26.727350+00:00, run_after=2023-08-15T22:14:26.727350+00:00
[2023-08-15T19:14:26.830-0300] {processor.py:179} INFO - Processing /home/alan/repos/pipeline_airflow/pipeline-airflow-venv/lib/python3.11/site-packages/airflow/example_dags/tutorial.py took 0.216 seconds
[2023-08-15T19:15:22.592-0300] {processor.py:157} INFO - Started process (PID=30384) to work on /home/alan/repos/pipeline_airflow/pipeline-airflow-venv/lib/python3.11/site-packages/airflow/example_dags/tutorial.py
[2023-08-15T19:15:22.594-0300] {processor.py:826} INFO - Processing file /home/alan/repos/pipeline_airflow/pipeline-airflow-venv/lib/python3.11/site-packages/airflow/example_dags/tutorial.py for tasks to queue
[2023-08-15T19:15:22.597-0300] {logging_mixin.py:150} INFO - [2023-08-15T19:15:22.595-0300] {dagbag.py:541} INFO - Filling up the DagBag from /home/alan/repos/pipeline_airflow/pipeline-airflow-venv/lib/python3.11/site-packages/airflow/example_dags/tutorial.py
[2023-08-15T19:15:22.612-0300] {processor.py:836} INFO - DAG(s) dict_keys(['tutorial']) retrieved from /home/alan/repos/pipeline_airflow/pipeline-airflow-venv/lib/python3.11/site-packages/airflow/example_dags/tutorial.py
[2023-08-15T19:15:22.639-0300] {logging_mixin.py:150} INFO - [2023-08-15T19:15:22.639-0300] {dag.py:2742} INFO - Sync 1 DAGs
[2023-08-15T19:15:22.677-0300] {logging_mixin.py:150} INFO - [2023-08-15T19:15:22.676-0300] {dag.py:3504} INFO - Setting next_dagrun for tutorial to 2023-08-14T22:15:22.676337+00:00, run_after=2023-08-15T22:15:22.676337+00:00
[2023-08-15T19:15:22.825-0300] {processor.py:179} INFO - Processing /home/alan/repos/pipeline_airflow/pipeline-airflow-venv/lib/python3.11/site-packages/airflow/example_dags/tutorial.py took 0.242 seconds
[2023-08-15T19:16:20.822-0300] {processor.py:157} INFO - Started process (PID=30536) to work on /home/alan/repos/pipeline_airflow/pipeline-airflow-venv/lib/python3.11/site-packages/airflow/example_dags/tutorial.py
[2023-08-15T19:16:20.823-0300] {processor.py:826} INFO - Processing file /home/alan/repos/pipeline_airflow/pipeline-airflow-venv/lib/python3.11/site-packages/airflow/example_dags/tutorial.py for tasks to queue
[2023-08-15T19:16:20.825-0300] {logging_mixin.py:150} INFO - [2023-08-15T19:16:20.824-0300] {dagbag.py:541} INFO - Filling up the DagBag from /home/alan/repos/pipeline_airflow/pipeline-airflow-venv/lib/python3.11/site-packages/airflow/example_dags/tutorial.py
[2023-08-15T19:16:20.837-0300] {processor.py:836} INFO - DAG(s) dict_keys(['tutorial']) retrieved from /home/alan/repos/pipeline_airflow/pipeline-airflow-venv/lib/python3.11/site-packages/airflow/example_dags/tutorial.py
[2023-08-15T19:16:20.864-0300] {logging_mixin.py:150} INFO - [2023-08-15T19:16:20.864-0300] {dag.py:2742} INFO - Sync 1 DAGs
[2023-08-15T19:16:20.898-0300] {logging_mixin.py:150} INFO - [2023-08-15T19:16:20.898-0300] {dag.py:3504} INFO - Setting next_dagrun for tutorial to 2023-08-14T22:16:20.898090+00:00, run_after=2023-08-15T22:16:20.898090+00:00
[2023-08-15T19:16:21.006-0300] {processor.py:179} INFO - Processing /home/alan/repos/pipeline_airflow/pipeline-airflow-venv/lib/python3.11/site-packages/airflow/example_dags/tutorial.py took 0.190 seconds
[2023-08-15T19:17:21.298-0300] {processor.py:157} INFO - Started process (PID=30697) to work on /home/alan/repos/pipeline_airflow/pipeline-airflow-venv/lib/python3.11/site-packages/airflow/example_dags/tutorial.py
[2023-08-15T19:17:21.313-0300] {processor.py:826} INFO - Processing file /home/alan/repos/pipeline_airflow/pipeline-airflow-venv/lib/python3.11/site-packages/airflow/example_dags/tutorial.py for tasks to queue
[2023-08-15T19:17:21.315-0300] {logging_mixin.py:150} INFO - [2023-08-15T19:17:21.314-0300] {dagbag.py:541} INFO - Filling up the DagBag from /home/alan/repos/pipeline_airflow/pipeline-airflow-venv/lib/python3.11/site-packages/airflow/example_dags/tutorial.py
[2023-08-15T19:17:21.335-0300] {processor.py:836} INFO - DAG(s) dict_keys(['tutorial']) retrieved from /home/alan/repos/pipeline_airflow/pipeline-airflow-venv/lib/python3.11/site-packages/airflow/example_dags/tutorial.py
[2023-08-15T19:17:21.386-0300] {logging_mixin.py:150} INFO - [2023-08-15T19:17:21.386-0300] {dag.py:2742} INFO - Sync 1 DAGs
[2023-08-15T19:17:21.435-0300] {logging_mixin.py:150} INFO - [2023-08-15T19:17:21.431-0300] {dag.py:3504} INFO - Setting next_dagrun for tutorial to 2023-08-14T22:17:21.430991+00:00, run_after=2023-08-15T22:17:21.430991+00:00
[2023-08-15T19:17:21.598-0300] {processor.py:179} INFO - Processing /home/alan/repos/pipeline_airflow/pipeline-airflow-venv/lib/python3.11/site-packages/airflow/example_dags/tutorial.py took 0.318 seconds
[2023-08-15T19:18:21.010-0300] {processor.py:157} INFO - Started process (PID=30851) to work on /home/alan/repos/pipeline_airflow/pipeline-airflow-venv/lib/python3.11/site-packages/airflow/example_dags/tutorial.py
[2023-08-15T19:18:21.012-0300] {processor.py:826} INFO - Processing file /home/alan/repos/pipeline_airflow/pipeline-airflow-venv/lib/python3.11/site-packages/airflow/example_dags/tutorial.py for tasks to queue
[2023-08-15T19:18:21.013-0300] {logging_mixin.py:150} INFO - [2023-08-15T19:18:21.013-0300] {dagbag.py:541} INFO - Filling up the DagBag from /home/alan/repos/pipeline_airflow/pipeline-airflow-venv/lib/python3.11/site-packages/airflow/example_dags/tutorial.py
[2023-08-15T19:18:21.028-0300] {processor.py:836} INFO - DAG(s) dict_keys(['tutorial']) retrieved from /home/alan/repos/pipeline_airflow/pipeline-airflow-venv/lib/python3.11/site-packages/airflow/example_dags/tutorial.py
[2023-08-15T19:18:21.056-0300] {logging_mixin.py:150} INFO - [2023-08-15T19:18:21.056-0300] {dag.py:2742} INFO - Sync 1 DAGs
[2023-08-15T19:18:21.091-0300] {logging_mixin.py:150} INFO - [2023-08-15T19:18:21.091-0300] {dag.py:3504} INFO - Setting next_dagrun for tutorial to 2023-08-14T22:18:21.090932+00:00, run_after=2023-08-15T22:18:21.090932+00:00
[2023-08-15T19:18:21.215-0300] {processor.py:179} INFO - Processing /home/alan/repos/pipeline_airflow/pipeline-airflow-venv/lib/python3.11/site-packages/airflow/example_dags/tutorial.py took 0.210 seconds
[2023-08-15T19:19:17.339-0300] {processor.py:157} INFO - Started process (PID=30992) to work on /home/alan/repos/pipeline_airflow/pipeline-airflow-venv/lib/python3.11/site-packages/airflow/example_dags/tutorial.py
[2023-08-15T19:19:17.359-0300] {processor.py:826} INFO - Processing file /home/alan/repos/pipeline_airflow/pipeline-airflow-venv/lib/python3.11/site-packages/airflow/example_dags/tutorial.py for tasks to queue
[2023-08-15T19:19:17.361-0300] {logging_mixin.py:150} INFO - [2023-08-15T19:19:17.360-0300] {dagbag.py:541} INFO - Filling up the DagBag from /home/alan/repos/pipeline_airflow/pipeline-airflow-venv/lib/python3.11/site-packages/airflow/example_dags/tutorial.py
[2023-08-15T19:19:17.380-0300] {processor.py:836} INFO - DAG(s) dict_keys(['tutorial']) retrieved from /home/alan/repos/pipeline_airflow/pipeline-airflow-venv/lib/python3.11/site-packages/airflow/example_dags/tutorial.py
[2023-08-15T19:19:17.424-0300] {logging_mixin.py:150} INFO - [2023-08-15T19:19:17.423-0300] {dag.py:2742} INFO - Sync 1 DAGs
[2023-08-15T19:19:17.484-0300] {logging_mixin.py:150} INFO - [2023-08-15T19:19:17.484-0300] {dag.py:3504} INFO - Setting next_dagrun for tutorial to 2023-08-14T22:19:17.478530+00:00, run_after=2023-08-15T22:19:17.478530+00:00
[2023-08-15T19:19:17.597-0300] {processor.py:179} INFO - Processing /home/alan/repos/pipeline_airflow/pipeline-airflow-venv/lib/python3.11/site-packages/airflow/example_dags/tutorial.py took 0.270 seconds
[2023-08-15T19:20:15.129-0300] {processor.py:157} INFO - Started process (PID=31149) to work on /home/alan/repos/pipeline_airflow/pipeline-airflow-venv/lib/python3.11/site-packages/airflow/example_dags/tutorial.py
[2023-08-15T19:20:15.161-0300] {processor.py:826} INFO - Processing file /home/alan/repos/pipeline_airflow/pipeline-airflow-venv/lib/python3.11/site-packages/airflow/example_dags/tutorial.py for tasks to queue
[2023-08-15T19:20:15.167-0300] {logging_mixin.py:150} INFO - [2023-08-15T19:20:15.163-0300] {dagbag.py:541} INFO - Filling up the DagBag from /home/alan/repos/pipeline_airflow/pipeline-airflow-venv/lib/python3.11/site-packages/airflow/example_dags/tutorial.py
[2023-08-15T19:20:15.183-0300] {processor.py:836} INFO - DAG(s) dict_keys(['tutorial']) retrieved from /home/alan/repos/pipeline_airflow/pipeline-airflow-venv/lib/python3.11/site-packages/airflow/example_dags/tutorial.py
[2023-08-15T19:20:15.222-0300] {logging_mixin.py:150} INFO - [2023-08-15T19:20:15.221-0300] {dag.py:2742} INFO - Sync 1 DAGs
[2023-08-15T19:20:15.285-0300] {logging_mixin.py:150} INFO - [2023-08-15T19:20:15.285-0300] {dag.py:3504} INFO - Setting next_dagrun for tutorial to 2023-08-14T22:20:15.284883+00:00, run_after=2023-08-15T22:20:15.284883+00:00
[2023-08-15T19:20:15.737-0300] {processor.py:179} INFO - Processing /home/alan/repos/pipeline_airflow/pipeline-airflow-venv/lib/python3.11/site-packages/airflow/example_dags/tutorial.py took 0.613 seconds
[2023-08-15T19:21:30.795-0300] {processor.py:157} INFO - Started process (PID=31547) to work on /home/alan/repos/pipeline_airflow/pipeline-airflow-venv/lib/python3.11/site-packages/airflow/example_dags/tutorial.py
[2023-08-15T19:21:30.796-0300] {processor.py:826} INFO - Processing file /home/alan/repos/pipeline_airflow/pipeline-airflow-venv/lib/python3.11/site-packages/airflow/example_dags/tutorial.py for tasks to queue
[2023-08-15T19:21:30.798-0300] {logging_mixin.py:150} INFO - [2023-08-15T19:21:30.797-0300] {dagbag.py:541} INFO - Filling up the DagBag from /home/alan/repos/pipeline_airflow/pipeline-airflow-venv/lib/python3.11/site-packages/airflow/example_dags/tutorial.py
[2023-08-15T19:21:30.813-0300] {processor.py:836} INFO - DAG(s) dict_keys(['tutorial']) retrieved from /home/alan/repos/pipeline_airflow/pipeline-airflow-venv/lib/python3.11/site-packages/airflow/example_dags/tutorial.py
[2023-08-15T19:21:30.855-0300] {logging_mixin.py:150} INFO - [2023-08-15T19:21:30.855-0300] {dag.py:2742} INFO - Sync 1 DAGs
[2023-08-15T19:21:30.902-0300] {logging_mixin.py:150} INFO - [2023-08-15T19:21:30.902-0300] {dag.py:3504} INFO - Setting next_dagrun for tutorial to 2023-08-14T22:21:30.901667+00:00, run_after=2023-08-15T22:21:30.901667+00:00
[2023-08-15T19:21:31.010-0300] {processor.py:179} INFO - Processing /home/alan/repos/pipeline_airflow/pipeline-airflow-venv/lib/python3.11/site-packages/airflow/example_dags/tutorial.py took 0.221 seconds
