[2023-08-15T18:18:48.437-0300] {processor.py:157} INFO - Started process (PID=17700) to work on /home/alan/repos/pipeline_airflow/pipeline-airflow-venv/lib/python3.11/site-packages/airflow/example_dags/tutorial_taskflow_api.py
[2023-08-15T18:18:48.438-0300] {processor.py:826} INFO - Processing file /home/alan/repos/pipeline_airflow/pipeline-airflow-venv/lib/python3.11/site-packages/airflow/example_dags/tutorial_taskflow_api.py for tasks to queue
[2023-08-15T18:18:48.439-0300] {logging_mixin.py:150} INFO - [2023-08-15T18:18:48.439-0300] {dagbag.py:541} INFO - Filling up the DagBag from /home/alan/repos/pipeline_airflow/pipeline-airflow-venv/lib/python3.11/site-packages/airflow/example_dags/tutorial_taskflow_api.py
[2023-08-15T18:18:48.454-0300] {processor.py:836} INFO - DAG(s) dict_keys(['tutorial_taskflow_api']) retrieved from /home/alan/repos/pipeline_airflow/pipeline-airflow-venv/lib/python3.11/site-packages/airflow/example_dags/tutorial_taskflow_api.py
[2023-08-15T18:18:49.779-0300] {logging_mixin.py:150} INFO - [2023-08-15T18:18:49.778-0300] {manager.py:504} INFO - Created Permission View: can delete on DAG:tutorial_taskflow_api
[2023-08-15T18:18:50.034-0300] {logging_mixin.py:150} INFO - [2023-08-15T18:18:50.033-0300] {manager.py:504} INFO - Created Permission View: can edit on DAG:tutorial_taskflow_api
[2023-08-15T18:18:50.454-0300] {logging_mixin.py:150} INFO - [2023-08-15T18:18:50.454-0300] {manager.py:504} INFO - Created Permission View: can read on DAG:tutorial_taskflow_api
[2023-08-15T18:18:50.577-0300] {logging_mixin.py:150} INFO - [2023-08-15T18:18:50.577-0300] {dag.py:2742} INFO - Sync 1 DAGs
[2023-08-15T18:18:50.597-0300] {logging_mixin.py:150} INFO - [2023-08-15T18:18:50.596-0300] {dag.py:2763} INFO - Creating ORM DAG for tutorial_taskflow_api
[2023-08-15T18:18:50.843-0300] {logging_mixin.py:150} INFO - [2023-08-15T18:18:50.843-0300] {dag.py:3504} INFO - Setting next_dagrun for tutorial_taskflow_api to None, run_after=None
[2023-08-15T18:18:51.199-0300] {processor.py:179} INFO - Processing /home/alan/repos/pipeline_airflow/pipeline-airflow-venv/lib/python3.11/site-packages/airflow/example_dags/tutorial_taskflow_api.py took 2.767 seconds
[2023-08-15T18:20:42.780-0300] {processor.py:157} INFO - Started process (PID=18756) to work on /home/alan/repos/pipeline_airflow/pipeline-airflow-venv/lib/python3.11/site-packages/airflow/example_dags/tutorial_taskflow_api.py
[2023-08-15T18:20:42.781-0300] {processor.py:826} INFO - Processing file /home/alan/repos/pipeline_airflow/pipeline-airflow-venv/lib/python3.11/site-packages/airflow/example_dags/tutorial_taskflow_api.py for tasks to queue
[2023-08-15T18:20:42.783-0300] {logging_mixin.py:150} INFO - [2023-08-15T18:20:42.782-0300] {dagbag.py:541} INFO - Filling up the DagBag from /home/alan/repos/pipeline_airflow/pipeline-airflow-venv/lib/python3.11/site-packages/airflow/example_dags/tutorial_taskflow_api.py
[2023-08-15T18:20:42.796-0300] {processor.py:836} INFO - DAG(s) dict_keys(['tutorial_taskflow_api']) retrieved from /home/alan/repos/pipeline_airflow/pipeline-airflow-venv/lib/python3.11/site-packages/airflow/example_dags/tutorial_taskflow_api.py
[2023-08-15T18:20:42.825-0300] {logging_mixin.py:150} INFO - [2023-08-15T18:20:42.824-0300] {dag.py:2742} INFO - Sync 1 DAGs
[2023-08-15T18:20:42.858-0300] {logging_mixin.py:150} INFO - [2023-08-15T18:20:42.858-0300] {dag.py:3504} INFO - Setting next_dagrun for tutorial_taskflow_api to None, run_after=None
[2023-08-15T18:20:42.968-0300] {processor.py:179} INFO - Processing /home/alan/repos/pipeline_airflow/pipeline-airflow-venv/lib/python3.11/site-packages/airflow/example_dags/tutorial_taskflow_api.py took 0.194 seconds
[2023-08-15T18:21:23.324-0300] {processor.py:157} INFO - Started process (PID=18892) to work on /home/alan/repos/pipeline_airflow/pipeline-airflow-venv/lib/python3.11/site-packages/airflow/example_dags/tutorial_taskflow_api.py
[2023-08-15T18:21:23.326-0300] {processor.py:826} INFO - Processing file /home/alan/repos/pipeline_airflow/pipeline-airflow-venv/lib/python3.11/site-packages/airflow/example_dags/tutorial_taskflow_api.py for tasks to queue
[2023-08-15T18:21:23.328-0300] {logging_mixin.py:150} INFO - [2023-08-15T18:21:23.327-0300] {dagbag.py:541} INFO - Filling up the DagBag from /home/alan/repos/pipeline_airflow/pipeline-airflow-venv/lib/python3.11/site-packages/airflow/example_dags/tutorial_taskflow_api.py
[2023-08-15T18:21:23.339-0300] {processor.py:836} INFO - DAG(s) dict_keys(['tutorial_taskflow_api']) retrieved from /home/alan/repos/pipeline_airflow/pipeline-airflow-venv/lib/python3.11/site-packages/airflow/example_dags/tutorial_taskflow_api.py
[2023-08-15T18:21:23.369-0300] {logging_mixin.py:150} INFO - [2023-08-15T18:21:23.369-0300] {dag.py:2742} INFO - Sync 1 DAGs
[2023-08-15T18:21:23.406-0300] {logging_mixin.py:150} INFO - [2023-08-15T18:21:23.406-0300] {dag.py:3504} INFO - Setting next_dagrun for tutorial_taskflow_api to None, run_after=None
[2023-08-15T18:21:23.533-0300] {processor.py:179} INFO - Processing /home/alan/repos/pipeline_airflow/pipeline-airflow-venv/lib/python3.11/site-packages/airflow/example_dags/tutorial_taskflow_api.py took 0.214 seconds
[2023-08-15T18:22:15.920-0300] {processor.py:157} INFO - Started process (PID=19086) to work on /home/alan/repos/pipeline_airflow/pipeline-airflow-venv/lib/python3.11/site-packages/airflow/example_dags/tutorial_taskflow_api.py
[2023-08-15T18:22:15.922-0300] {processor.py:826} INFO - Processing file /home/alan/repos/pipeline_airflow/pipeline-airflow-venv/lib/python3.11/site-packages/airflow/example_dags/tutorial_taskflow_api.py for tasks to queue
[2023-08-15T18:22:15.924-0300] {logging_mixin.py:150} INFO - [2023-08-15T18:22:15.923-0300] {dagbag.py:541} INFO - Filling up the DagBag from /home/alan/repos/pipeline_airflow/pipeline-airflow-venv/lib/python3.11/site-packages/airflow/example_dags/tutorial_taskflow_api.py
[2023-08-15T18:22:15.936-0300] {processor.py:836} INFO - DAG(s) dict_keys(['tutorial_taskflow_api']) retrieved from /home/alan/repos/pipeline_airflow/pipeline-airflow-venv/lib/python3.11/site-packages/airflow/example_dags/tutorial_taskflow_api.py
[2023-08-15T18:22:15.966-0300] {logging_mixin.py:150} INFO - [2023-08-15T18:22:15.966-0300] {dag.py:2742} INFO - Sync 1 DAGs
[2023-08-15T18:22:16.000-0300] {logging_mixin.py:150} INFO - [2023-08-15T18:22:16.000-0300] {dag.py:3504} INFO - Setting next_dagrun for tutorial_taskflow_api to None, run_after=None
[2023-08-15T18:22:16.109-0300] {processor.py:179} INFO - Processing /home/alan/repos/pipeline_airflow/pipeline-airflow-venv/lib/python3.11/site-packages/airflow/example_dags/tutorial_taskflow_api.py took 0.195 seconds
[2023-08-15T18:23:11.321-0300] {processor.py:157} INFO - Started process (PID=19280) to work on /home/alan/repos/pipeline_airflow/pipeline-airflow-venv/lib/python3.11/site-packages/airflow/example_dags/tutorial_taskflow_api.py
[2023-08-15T18:23:11.334-0300] {processor.py:826} INFO - Processing file /home/alan/repos/pipeline_airflow/pipeline-airflow-venv/lib/python3.11/site-packages/airflow/example_dags/tutorial_taskflow_api.py for tasks to queue
[2023-08-15T18:23:11.336-0300] {logging_mixin.py:150} INFO - [2023-08-15T18:23:11.335-0300] {dagbag.py:541} INFO - Filling up the DagBag from /home/alan/repos/pipeline_airflow/pipeline-airflow-venv/lib/python3.11/site-packages/airflow/example_dags/tutorial_taskflow_api.py
[2023-08-15T18:23:11.349-0300] {processor.py:836} INFO - DAG(s) dict_keys(['tutorial_taskflow_api']) retrieved from /home/alan/repos/pipeline_airflow/pipeline-airflow-venv/lib/python3.11/site-packages/airflow/example_dags/tutorial_taskflow_api.py
[2023-08-15T18:23:11.381-0300] {logging_mixin.py:150} INFO - [2023-08-15T18:23:11.381-0300] {dag.py:2742} INFO - Sync 1 DAGs
[2023-08-15T18:23:11.421-0300] {logging_mixin.py:150} INFO - [2023-08-15T18:23:11.420-0300] {dag.py:3504} INFO - Setting next_dagrun for tutorial_taskflow_api to None, run_after=None
[2023-08-15T18:23:11.591-0300] {processor.py:179} INFO - Processing /home/alan/repos/pipeline_airflow/pipeline-airflow-venv/lib/python3.11/site-packages/airflow/example_dags/tutorial_taskflow_api.py took 0.275 seconds
[2023-08-15T18:24:12.999-0300] {processor.py:157} INFO - Started process (PID=19525) to work on /home/alan/repos/pipeline_airflow/pipeline-airflow-venv/lib/python3.11/site-packages/airflow/example_dags/tutorial_taskflow_api.py
[2023-08-15T18:24:13.016-0300] {processor.py:826} INFO - Processing file /home/alan/repos/pipeline_airflow/pipeline-airflow-venv/lib/python3.11/site-packages/airflow/example_dags/tutorial_taskflow_api.py for tasks to queue
[2023-08-15T18:24:13.017-0300] {logging_mixin.py:150} INFO - [2023-08-15T18:24:13.017-0300] {dagbag.py:541} INFO - Filling up the DagBag from /home/alan/repos/pipeline_airflow/pipeline-airflow-venv/lib/python3.11/site-packages/airflow/example_dags/tutorial_taskflow_api.py
[2023-08-15T18:24:13.039-0300] {processor.py:836} INFO - DAG(s) dict_keys(['tutorial_taskflow_api']) retrieved from /home/alan/repos/pipeline_airflow/pipeline-airflow-venv/lib/python3.11/site-packages/airflow/example_dags/tutorial_taskflow_api.py
[2023-08-15T18:24:13.105-0300] {logging_mixin.py:150} INFO - [2023-08-15T18:24:13.103-0300] {dag.py:2742} INFO - Sync 1 DAGs
[2023-08-15T18:24:13.639-0300] {logging_mixin.py:150} INFO - [2023-08-15T18:24:13.638-0300] {dag.py:3504} INFO - Setting next_dagrun for tutorial_taskflow_api to None, run_after=None
[2023-08-15T18:24:14.308-0300] {processor.py:179} INFO - Processing /home/alan/repos/pipeline_airflow/pipeline-airflow-venv/lib/python3.11/site-packages/airflow/example_dags/tutorial_taskflow_api.py took 1.319 seconds
[2023-08-15T18:24:52.335-0300] {processor.py:157} INFO - Started process (PID=19829) to work on /home/alan/repos/pipeline_airflow/pipeline-airflow-venv/lib/python3.11/site-packages/airflow/example_dags/tutorial_taskflow_api.py
[2023-08-15T18:24:52.347-0300] {processor.py:826} INFO - Processing file /home/alan/repos/pipeline_airflow/pipeline-airflow-venv/lib/python3.11/site-packages/airflow/example_dags/tutorial_taskflow_api.py for tasks to queue
[2023-08-15T18:24:52.352-0300] {logging_mixin.py:150} INFO - [2023-08-15T18:24:52.351-0300] {dagbag.py:541} INFO - Filling up the DagBag from /home/alan/repos/pipeline_airflow/pipeline-airflow-venv/lib/python3.11/site-packages/airflow/example_dags/tutorial_taskflow_api.py
[2023-08-15T18:24:52.368-0300] {processor.py:836} INFO - DAG(s) dict_keys(['tutorial_taskflow_api']) retrieved from /home/alan/repos/pipeline_airflow/pipeline-airflow-venv/lib/python3.11/site-packages/airflow/example_dags/tutorial_taskflow_api.py
[2023-08-15T18:24:52.399-0300] {logging_mixin.py:150} INFO - [2023-08-15T18:24:52.399-0300] {dag.py:2742} INFO - Sync 1 DAGs
[2023-08-15T18:24:52.435-0300] {logging_mixin.py:150} INFO - [2023-08-15T18:24:52.435-0300] {dag.py:3504} INFO - Setting next_dagrun for tutorial_taskflow_api to None, run_after=None
[2023-08-15T18:24:52.575-0300] {processor.py:179} INFO - Processing /home/alan/repos/pipeline_airflow/pipeline-airflow-venv/lib/python3.11/site-packages/airflow/example_dags/tutorial_taskflow_api.py took 0.246 seconds
[2023-08-15T18:26:12.324-0300] {processor.py:157} INFO - Started process (PID=20662) to work on /home/alan/repos/pipeline_airflow/pipeline-airflow-venv/lib/python3.11/site-packages/airflow/example_dags/tutorial_taskflow_api.py
[2023-08-15T18:26:12.338-0300] {processor.py:826} INFO - Processing file /home/alan/repos/pipeline_airflow/pipeline-airflow-venv/lib/python3.11/site-packages/airflow/example_dags/tutorial_taskflow_api.py for tasks to queue
[2023-08-15T18:26:12.340-0300] {logging_mixin.py:150} INFO - [2023-08-15T18:26:12.339-0300] {dagbag.py:541} INFO - Filling up the DagBag from /home/alan/repos/pipeline_airflow/pipeline-airflow-venv/lib/python3.11/site-packages/airflow/example_dags/tutorial_taskflow_api.py
[2023-08-15T18:26:12.375-0300] {processor.py:836} INFO - DAG(s) dict_keys(['tutorial_taskflow_api']) retrieved from /home/alan/repos/pipeline_airflow/pipeline-airflow-venv/lib/python3.11/site-packages/airflow/example_dags/tutorial_taskflow_api.py
[2023-08-15T18:26:12.464-0300] {logging_mixin.py:150} INFO - [2023-08-15T18:26:12.464-0300] {dag.py:2742} INFO - Sync 1 DAGs
[2023-08-15T18:26:12.570-0300] {logging_mixin.py:150} INFO - [2023-08-15T18:26:12.570-0300] {dag.py:3504} INFO - Setting next_dagrun for tutorial_taskflow_api to None, run_after=None
[2023-08-15T18:26:12.837-0300] {processor.py:179} INFO - Processing /home/alan/repos/pipeline_airflow/pipeline-airflow-venv/lib/python3.11/site-packages/airflow/example_dags/tutorial_taskflow_api.py took 0.525 seconds
[2023-08-15T18:27:00.226-0300] {processor.py:157} INFO - Started process (PID=20842) to work on /home/alan/repos/pipeline_airflow/pipeline-airflow-venv/lib/python3.11/site-packages/airflow/example_dags/tutorial_taskflow_api.py
[2023-08-15T18:27:00.247-0300] {processor.py:826} INFO - Processing file /home/alan/repos/pipeline_airflow/pipeline-airflow-venv/lib/python3.11/site-packages/airflow/example_dags/tutorial_taskflow_api.py for tasks to queue
[2023-08-15T18:27:00.248-0300] {logging_mixin.py:150} INFO - [2023-08-15T18:27:00.248-0300] {dagbag.py:541} INFO - Filling up the DagBag from /home/alan/repos/pipeline_airflow/pipeline-airflow-venv/lib/python3.11/site-packages/airflow/example_dags/tutorial_taskflow_api.py
[2023-08-15T18:27:00.268-0300] {processor.py:836} INFO - DAG(s) dict_keys(['tutorial_taskflow_api']) retrieved from /home/alan/repos/pipeline_airflow/pipeline-airflow-venv/lib/python3.11/site-packages/airflow/example_dags/tutorial_taskflow_api.py
[2023-08-15T18:27:00.329-0300] {logging_mixin.py:150} INFO - [2023-08-15T18:27:00.329-0300] {dag.py:2742} INFO - Sync 1 DAGs
[2023-08-15T18:27:00.425-0300] {logging_mixin.py:150} INFO - [2023-08-15T18:27:00.425-0300] {dag.py:3504} INFO - Setting next_dagrun for tutorial_taskflow_api to None, run_after=None
[2023-08-15T18:27:00.609-0300] {processor.py:179} INFO - Processing /home/alan/repos/pipeline_airflow/pipeline-airflow-venv/lib/python3.11/site-packages/airflow/example_dags/tutorial_taskflow_api.py took 0.392 seconds
[2023-08-15T18:28:01.585-0300] {processor.py:157} INFO - Started process (PID=21060) to work on /home/alan/repos/pipeline_airflow/pipeline-airflow-venv/lib/python3.11/site-packages/airflow/example_dags/tutorial_taskflow_api.py
[2023-08-15T18:28:01.587-0300] {processor.py:826} INFO - Processing file /home/alan/repos/pipeline_airflow/pipeline-airflow-venv/lib/python3.11/site-packages/airflow/example_dags/tutorial_taskflow_api.py for tasks to queue
[2023-08-15T18:28:01.588-0300] {logging_mixin.py:150} INFO - [2023-08-15T18:28:01.587-0300] {dagbag.py:541} INFO - Filling up the DagBag from /home/alan/repos/pipeline_airflow/pipeline-airflow-venv/lib/python3.11/site-packages/airflow/example_dags/tutorial_taskflow_api.py
[2023-08-15T18:28:01.598-0300] {processor.py:836} INFO - DAG(s) dict_keys(['tutorial_taskflow_api']) retrieved from /home/alan/repos/pipeline_airflow/pipeline-airflow-venv/lib/python3.11/site-packages/airflow/example_dags/tutorial_taskflow_api.py
[2023-08-15T18:28:01.630-0300] {logging_mixin.py:150} INFO - [2023-08-15T18:28:01.630-0300] {dag.py:2742} INFO - Sync 1 DAGs
[2023-08-15T18:28:01.665-0300] {logging_mixin.py:150} INFO - [2023-08-15T18:28:01.664-0300] {dag.py:3504} INFO - Setting next_dagrun for tutorial_taskflow_api to None, run_after=None
[2023-08-15T18:28:01.778-0300] {processor.py:179} INFO - Processing /home/alan/repos/pipeline_airflow/pipeline-airflow-venv/lib/python3.11/site-packages/airflow/example_dags/tutorial_taskflow_api.py took 0.198 seconds
[2023-08-15T18:28:57.524-0300] {processor.py:157} INFO - Started process (PID=21304) to work on /home/alan/repos/pipeline_airflow/pipeline-airflow-venv/lib/python3.11/site-packages/airflow/example_dags/tutorial_taskflow_api.py
[2023-08-15T18:28:57.533-0300] {processor.py:826} INFO - Processing file /home/alan/repos/pipeline_airflow/pipeline-airflow-venv/lib/python3.11/site-packages/airflow/example_dags/tutorial_taskflow_api.py for tasks to queue
[2023-08-15T18:28:57.535-0300] {logging_mixin.py:150} INFO - [2023-08-15T18:28:57.534-0300] {dagbag.py:541} INFO - Filling up the DagBag from /home/alan/repos/pipeline_airflow/pipeline-airflow-venv/lib/python3.11/site-packages/airflow/example_dags/tutorial_taskflow_api.py
[2023-08-15T18:28:57.552-0300] {processor.py:836} INFO - DAG(s) dict_keys(['tutorial_taskflow_api']) retrieved from /home/alan/repos/pipeline_airflow/pipeline-airflow-venv/lib/python3.11/site-packages/airflow/example_dags/tutorial_taskflow_api.py
[2023-08-15T18:28:57.586-0300] {logging_mixin.py:150} INFO - [2023-08-15T18:28:57.585-0300] {dag.py:2742} INFO - Sync 1 DAGs
[2023-08-15T18:28:57.626-0300] {logging_mixin.py:150} INFO - [2023-08-15T18:28:57.625-0300] {dag.py:3504} INFO - Setting next_dagrun for tutorial_taskflow_api to None, run_after=None
[2023-08-15T18:28:57.722-0300] {processor.py:179} INFO - Processing /home/alan/repos/pipeline_airflow/pipeline-airflow-venv/lib/python3.11/site-packages/airflow/example_dags/tutorial_taskflow_api.py took 0.206 seconds
[2023-08-15T18:29:31.805-0300] {processor.py:157} INFO - Started process (PID=21415) to work on /home/alan/repos/pipeline_airflow/pipeline-airflow-venv/lib/python3.11/site-packages/airflow/example_dags/tutorial_taskflow_api.py
[2023-08-15T18:29:31.817-0300] {processor.py:826} INFO - Processing file /home/alan/repos/pipeline_airflow/pipeline-airflow-venv/lib/python3.11/site-packages/airflow/example_dags/tutorial_taskflow_api.py for tasks to queue
[2023-08-15T18:29:31.819-0300] {logging_mixin.py:150} INFO - [2023-08-15T18:29:31.818-0300] {dagbag.py:541} INFO - Filling up the DagBag from /home/alan/repos/pipeline_airflow/pipeline-airflow-venv/lib/python3.11/site-packages/airflow/example_dags/tutorial_taskflow_api.py
[2023-08-15T18:29:31.832-0300] {processor.py:836} INFO - DAG(s) dict_keys(['tutorial_taskflow_api']) retrieved from /home/alan/repos/pipeline_airflow/pipeline-airflow-venv/lib/python3.11/site-packages/airflow/example_dags/tutorial_taskflow_api.py
[2023-08-15T18:29:31.866-0300] {logging_mixin.py:150} INFO - [2023-08-15T18:29:31.865-0300] {dag.py:2742} INFO - Sync 1 DAGs
[2023-08-15T18:29:31.900-0300] {logging_mixin.py:150} INFO - [2023-08-15T18:29:31.900-0300] {dag.py:3504} INFO - Setting next_dagrun for tutorial_taskflow_api to None, run_after=None
[2023-08-15T18:29:32.013-0300] {processor.py:179} INFO - Processing /home/alan/repos/pipeline_airflow/pipeline-airflow-venv/lib/python3.11/site-packages/airflow/example_dags/tutorial_taskflow_api.py took 0.215 seconds
[2023-08-15T18:30:28.772-0300] {processor.py:157} INFO - Started process (PID=21639) to work on /home/alan/repos/pipeline_airflow/pipeline-airflow-venv/lib/python3.11/site-packages/airflow/example_dags/tutorial_taskflow_api.py
[2023-08-15T18:30:28.783-0300] {processor.py:826} INFO - Processing file /home/alan/repos/pipeline_airflow/pipeline-airflow-venv/lib/python3.11/site-packages/airflow/example_dags/tutorial_taskflow_api.py for tasks to queue
[2023-08-15T18:30:28.785-0300] {logging_mixin.py:150} INFO - [2023-08-15T18:30:28.784-0300] {dagbag.py:541} INFO - Filling up the DagBag from /home/alan/repos/pipeline_airflow/pipeline-airflow-venv/lib/python3.11/site-packages/airflow/example_dags/tutorial_taskflow_api.py
[2023-08-15T18:30:28.796-0300] {processor.py:836} INFO - DAG(s) dict_keys(['tutorial_taskflow_api']) retrieved from /home/alan/repos/pipeline_airflow/pipeline-airflow-venv/lib/python3.11/site-packages/airflow/example_dags/tutorial_taskflow_api.py
[2023-08-15T18:30:28.827-0300] {logging_mixin.py:150} INFO - [2023-08-15T18:30:28.827-0300] {dag.py:2742} INFO - Sync 1 DAGs
[2023-08-15T18:30:28.869-0300] {logging_mixin.py:150} INFO - [2023-08-15T18:30:28.869-0300] {dag.py:3504} INFO - Setting next_dagrun for tutorial_taskflow_api to None, run_after=None
[2023-08-15T18:30:28.973-0300] {processor.py:179} INFO - Processing /home/alan/repos/pipeline_airflow/pipeline-airflow-venv/lib/python3.11/site-packages/airflow/example_dags/tutorial_taskflow_api.py took 0.206 seconds
[2023-08-15T18:31:23.219-0300] {processor.py:157} INFO - Started process (PID=21834) to work on /home/alan/repos/pipeline_airflow/pipeline-airflow-venv/lib/python3.11/site-packages/airflow/example_dags/tutorial_taskflow_api.py
[2023-08-15T18:31:23.220-0300] {processor.py:826} INFO - Processing file /home/alan/repos/pipeline_airflow/pipeline-airflow-venv/lib/python3.11/site-packages/airflow/example_dags/tutorial_taskflow_api.py for tasks to queue
[2023-08-15T18:31:23.222-0300] {logging_mixin.py:150} INFO - [2023-08-15T18:31:23.221-0300] {dagbag.py:541} INFO - Filling up the DagBag from /home/alan/repos/pipeline_airflow/pipeline-airflow-venv/lib/python3.11/site-packages/airflow/example_dags/tutorial_taskflow_api.py
[2023-08-15T18:31:23.233-0300] {processor.py:836} INFO - DAG(s) dict_keys(['tutorial_taskflow_api']) retrieved from /home/alan/repos/pipeline_airflow/pipeline-airflow-venv/lib/python3.11/site-packages/airflow/example_dags/tutorial_taskflow_api.py
[2023-08-15T18:31:23.264-0300] {logging_mixin.py:150} INFO - [2023-08-15T18:31:23.263-0300] {dag.py:2742} INFO - Sync 1 DAGs
[2023-08-15T18:31:23.333-0300] {logging_mixin.py:150} INFO - [2023-08-15T18:31:23.332-0300] {dag.py:3504} INFO - Setting next_dagrun for tutorial_taskflow_api to None, run_after=None
[2023-08-15T18:31:23.502-0300] {processor.py:179} INFO - Processing /home/alan/repos/pipeline_airflow/pipeline-airflow-venv/lib/python3.11/site-packages/airflow/example_dags/tutorial_taskflow_api.py took 0.289 seconds
[2023-08-15T18:32:20.344-0300] {processor.py:157} INFO - Started process (PID=22052) to work on /home/alan/repos/pipeline_airflow/pipeline-airflow-venv/lib/python3.11/site-packages/airflow/example_dags/tutorial_taskflow_api.py
[2023-08-15T18:32:20.361-0300] {processor.py:826} INFO - Processing file /home/alan/repos/pipeline_airflow/pipeline-airflow-venv/lib/python3.11/site-packages/airflow/example_dags/tutorial_taskflow_api.py for tasks to queue
[2023-08-15T18:32:20.363-0300] {logging_mixin.py:150} INFO - [2023-08-15T18:32:20.362-0300] {dagbag.py:541} INFO - Filling up the DagBag from /home/alan/repos/pipeline_airflow/pipeline-airflow-venv/lib/python3.11/site-packages/airflow/example_dags/tutorial_taskflow_api.py
[2023-08-15T18:32:20.376-0300] {processor.py:836} INFO - DAG(s) dict_keys(['tutorial_taskflow_api']) retrieved from /home/alan/repos/pipeline_airflow/pipeline-airflow-venv/lib/python3.11/site-packages/airflow/example_dags/tutorial_taskflow_api.py
[2023-08-15T18:32:20.411-0300] {logging_mixin.py:150} INFO - [2023-08-15T18:32:20.411-0300] {dag.py:2742} INFO - Sync 1 DAGs
[2023-08-15T18:32:20.450-0300] {logging_mixin.py:150} INFO - [2023-08-15T18:32:20.450-0300] {dag.py:3504} INFO - Setting next_dagrun for tutorial_taskflow_api to None, run_after=None
[2023-08-15T18:32:20.563-0300] {processor.py:179} INFO - Processing /home/alan/repos/pipeline_airflow/pipeline-airflow-venv/lib/python3.11/site-packages/airflow/example_dags/tutorial_taskflow_api.py took 0.224 seconds
[2023-08-15T18:33:17.113-0300] {processor.py:157} INFO - Started process (PID=22264) to work on /home/alan/repos/pipeline_airflow/pipeline-airflow-venv/lib/python3.11/site-packages/airflow/example_dags/tutorial_taskflow_api.py
[2023-08-15T18:33:17.127-0300] {processor.py:826} INFO - Processing file /home/alan/repos/pipeline_airflow/pipeline-airflow-venv/lib/python3.11/site-packages/airflow/example_dags/tutorial_taskflow_api.py for tasks to queue
[2023-08-15T18:33:17.128-0300] {logging_mixin.py:150} INFO - [2023-08-15T18:33:17.128-0300] {dagbag.py:541} INFO - Filling up the DagBag from /home/alan/repos/pipeline_airflow/pipeline-airflow-venv/lib/python3.11/site-packages/airflow/example_dags/tutorial_taskflow_api.py
[2023-08-15T18:33:17.142-0300] {processor.py:836} INFO - DAG(s) dict_keys(['tutorial_taskflow_api']) retrieved from /home/alan/repos/pipeline_airflow/pipeline-airflow-venv/lib/python3.11/site-packages/airflow/example_dags/tutorial_taskflow_api.py
[2023-08-15T18:33:17.179-0300] {logging_mixin.py:150} INFO - [2023-08-15T18:33:17.179-0300] {dag.py:2742} INFO - Sync 1 DAGs
[2023-08-15T18:33:17.219-0300] {logging_mixin.py:150} INFO - [2023-08-15T18:33:17.219-0300] {dag.py:3504} INFO - Setting next_dagrun for tutorial_taskflow_api to None, run_after=None
[2023-08-15T18:33:17.343-0300] {processor.py:179} INFO - Processing /home/alan/repos/pipeline_airflow/pipeline-airflow-venv/lib/python3.11/site-packages/airflow/example_dags/tutorial_taskflow_api.py took 0.236 seconds
[2023-08-15T18:34:14.282-0300] {processor.py:157} INFO - Started process (PID=22471) to work on /home/alan/repos/pipeline_airflow/pipeline-airflow-venv/lib/python3.11/site-packages/airflow/example_dags/tutorial_taskflow_api.py
[2023-08-15T18:34:14.298-0300] {processor.py:826} INFO - Processing file /home/alan/repos/pipeline_airflow/pipeline-airflow-venv/lib/python3.11/site-packages/airflow/example_dags/tutorial_taskflow_api.py for tasks to queue
[2023-08-15T18:34:14.301-0300] {logging_mixin.py:150} INFO - [2023-08-15T18:34:14.300-0300] {dagbag.py:541} INFO - Filling up the DagBag from /home/alan/repos/pipeline_airflow/pipeline-airflow-venv/lib/python3.11/site-packages/airflow/example_dags/tutorial_taskflow_api.py
[2023-08-15T18:34:14.321-0300] {processor.py:836} INFO - DAG(s) dict_keys(['tutorial_taskflow_api']) retrieved from /home/alan/repos/pipeline_airflow/pipeline-airflow-venv/lib/python3.11/site-packages/airflow/example_dags/tutorial_taskflow_api.py
[2023-08-15T18:34:14.357-0300] {logging_mixin.py:150} INFO - [2023-08-15T18:34:14.357-0300] {dag.py:2742} INFO - Sync 1 DAGs
[2023-08-15T18:34:14.392-0300] {logging_mixin.py:150} INFO - [2023-08-15T18:34:14.392-0300] {dag.py:3504} INFO - Setting next_dagrun for tutorial_taskflow_api to None, run_after=None
[2023-08-15T18:34:14.519-0300] {processor.py:179} INFO - Processing /home/alan/repos/pipeline_airflow/pipeline-airflow-venv/lib/python3.11/site-packages/airflow/example_dags/tutorial_taskflow_api.py took 0.244 seconds
[2023-08-15T18:35:07.894-0300] {processor.py:157} INFO - Started process (PID=22660) to work on /home/alan/repos/pipeline_airflow/pipeline-airflow-venv/lib/python3.11/site-packages/airflow/example_dags/tutorial_taskflow_api.py
[2023-08-15T18:35:07.909-0300] {processor.py:826} INFO - Processing file /home/alan/repos/pipeline_airflow/pipeline-airflow-venv/lib/python3.11/site-packages/airflow/example_dags/tutorial_taskflow_api.py for tasks to queue
[2023-08-15T18:35:07.911-0300] {logging_mixin.py:150} INFO - [2023-08-15T18:35:07.911-0300] {dagbag.py:541} INFO - Filling up the DagBag from /home/alan/repos/pipeline_airflow/pipeline-airflow-venv/lib/python3.11/site-packages/airflow/example_dags/tutorial_taskflow_api.py
[2023-08-15T18:35:07.926-0300] {processor.py:836} INFO - DAG(s) dict_keys(['tutorial_taskflow_api']) retrieved from /home/alan/repos/pipeline_airflow/pipeline-airflow-venv/lib/python3.11/site-packages/airflow/example_dags/tutorial_taskflow_api.py
[2023-08-15T18:35:07.959-0300] {logging_mixin.py:150} INFO - [2023-08-15T18:35:07.959-0300] {dag.py:2742} INFO - Sync 1 DAGs
[2023-08-15T18:35:07.993-0300] {logging_mixin.py:150} INFO - [2023-08-15T18:35:07.993-0300] {dag.py:3504} INFO - Setting next_dagrun for tutorial_taskflow_api to None, run_after=None
[2023-08-15T18:35:08.102-0300] {processor.py:179} INFO - Processing /home/alan/repos/pipeline_airflow/pipeline-airflow-venv/lib/python3.11/site-packages/airflow/example_dags/tutorial_taskflow_api.py took 0.214 seconds
[2023-08-15T18:36:02.996-0300] {processor.py:157} INFO - Started process (PID=22861) to work on /home/alan/repos/pipeline_airflow/pipeline-airflow-venv/lib/python3.11/site-packages/airflow/example_dags/tutorial_taskflow_api.py
[2023-08-15T18:36:03.004-0300] {processor.py:826} INFO - Processing file /home/alan/repos/pipeline_airflow/pipeline-airflow-venv/lib/python3.11/site-packages/airflow/example_dags/tutorial_taskflow_api.py for tasks to queue
[2023-08-15T18:36:03.006-0300] {logging_mixin.py:150} INFO - [2023-08-15T18:36:03.005-0300] {dagbag.py:541} INFO - Filling up the DagBag from /home/alan/repos/pipeline_airflow/pipeline-airflow-venv/lib/python3.11/site-packages/airflow/example_dags/tutorial_taskflow_api.py
[2023-08-15T18:36:03.016-0300] {processor.py:836} INFO - DAG(s) dict_keys(['tutorial_taskflow_api']) retrieved from /home/alan/repos/pipeline_airflow/pipeline-airflow-venv/lib/python3.11/site-packages/airflow/example_dags/tutorial_taskflow_api.py
[2023-08-15T18:36:03.046-0300] {logging_mixin.py:150} INFO - [2023-08-15T18:36:03.046-0300] {dag.py:2742} INFO - Sync 1 DAGs
[2023-08-15T18:36:03.081-0300] {logging_mixin.py:150} INFO - [2023-08-15T18:36:03.080-0300] {dag.py:3504} INFO - Setting next_dagrun for tutorial_taskflow_api to None, run_after=None
[2023-08-15T18:36:03.189-0300] {processor.py:179} INFO - Processing /home/alan/repos/pipeline_airflow/pipeline-airflow-venv/lib/python3.11/site-packages/airflow/example_dags/tutorial_taskflow_api.py took 0.198 seconds
[2023-08-15T18:37:02.368-0300] {processor.py:157} INFO - Started process (PID=23084) to work on /home/alan/repos/pipeline_airflow/pipeline-airflow-venv/lib/python3.11/site-packages/airflow/example_dags/tutorial_taskflow_api.py
[2023-08-15T18:37:02.369-0300] {processor.py:826} INFO - Processing file /home/alan/repos/pipeline_airflow/pipeline-airflow-venv/lib/python3.11/site-packages/airflow/example_dags/tutorial_taskflow_api.py for tasks to queue
[2023-08-15T18:37:02.371-0300] {logging_mixin.py:150} INFO - [2023-08-15T18:37:02.370-0300] {dagbag.py:541} INFO - Filling up the DagBag from /home/alan/repos/pipeline_airflow/pipeline-airflow-venv/lib/python3.11/site-packages/airflow/example_dags/tutorial_taskflow_api.py
[2023-08-15T18:37:02.383-0300] {processor.py:836} INFO - DAG(s) dict_keys(['tutorial_taskflow_api']) retrieved from /home/alan/repos/pipeline_airflow/pipeline-airflow-venv/lib/python3.11/site-packages/airflow/example_dags/tutorial_taskflow_api.py
[2023-08-15T18:37:02.413-0300] {logging_mixin.py:150} INFO - [2023-08-15T18:37:02.413-0300] {dag.py:2742} INFO - Sync 1 DAGs
[2023-08-15T18:37:02.447-0300] {logging_mixin.py:150} INFO - [2023-08-15T18:37:02.446-0300] {dag.py:3504} INFO - Setting next_dagrun for tutorial_taskflow_api to None, run_after=None
[2023-08-15T18:37:02.549-0300] {processor.py:179} INFO - Processing /home/alan/repos/pipeline_airflow/pipeline-airflow-venv/lib/python3.11/site-packages/airflow/example_dags/tutorial_taskflow_api.py took 0.188 seconds
[2023-08-15T18:37:44.706-0300] {processor.py:157} INFO - Started process (PID=23268) to work on /home/alan/repos/pipeline_airflow/pipeline-airflow-venv/lib/python3.11/site-packages/airflow/example_dags/tutorial_taskflow_api.py
[2023-08-15T18:37:44.708-0300] {processor.py:826} INFO - Processing file /home/alan/repos/pipeline_airflow/pipeline-airflow-venv/lib/python3.11/site-packages/airflow/example_dags/tutorial_taskflow_api.py for tasks to queue
[2023-08-15T18:37:44.709-0300] {logging_mixin.py:150} INFO - [2023-08-15T18:37:44.709-0300] {dagbag.py:541} INFO - Filling up the DagBag from /home/alan/repos/pipeline_airflow/pipeline-airflow-venv/lib/python3.11/site-packages/airflow/example_dags/tutorial_taskflow_api.py
[2023-08-15T18:37:44.722-0300] {processor.py:836} INFO - DAG(s) dict_keys(['tutorial_taskflow_api']) retrieved from /home/alan/repos/pipeline_airflow/pipeline-airflow-venv/lib/python3.11/site-packages/airflow/example_dags/tutorial_taskflow_api.py
[2023-08-15T18:37:44.750-0300] {logging_mixin.py:150} INFO - [2023-08-15T18:37:44.750-0300] {dag.py:2742} INFO - Sync 1 DAGs
[2023-08-15T18:37:44.784-0300] {logging_mixin.py:150} INFO - [2023-08-15T18:37:44.784-0300] {dag.py:3504} INFO - Setting next_dagrun for tutorial_taskflow_api to None, run_after=None
[2023-08-15T18:37:44.911-0300] {processor.py:179} INFO - Processing /home/alan/repos/pipeline_airflow/pipeline-airflow-venv/lib/python3.11/site-packages/airflow/example_dags/tutorial_taskflow_api.py took 0.211 seconds
[2023-08-15T18:38:26.986-0300] {processor.py:157} INFO - Started process (PID=23425) to work on /home/alan/repos/pipeline_airflow/pipeline-airflow-venv/lib/python3.11/site-packages/airflow/example_dags/tutorial_taskflow_api.py
[2023-08-15T18:38:26.988-0300] {processor.py:826} INFO - Processing file /home/alan/repos/pipeline_airflow/pipeline-airflow-venv/lib/python3.11/site-packages/airflow/example_dags/tutorial_taskflow_api.py for tasks to queue
[2023-08-15T18:38:26.990-0300] {logging_mixin.py:150} INFO - [2023-08-15T18:38:26.989-0300] {dagbag.py:541} INFO - Filling up the DagBag from /home/alan/repos/pipeline_airflow/pipeline-airflow-venv/lib/python3.11/site-packages/airflow/example_dags/tutorial_taskflow_api.py
[2023-08-15T18:38:27.003-0300] {processor.py:836} INFO - DAG(s) dict_keys(['tutorial_taskflow_api']) retrieved from /home/alan/repos/pipeline_airflow/pipeline-airflow-venv/lib/python3.11/site-packages/airflow/example_dags/tutorial_taskflow_api.py
[2023-08-15T18:38:27.036-0300] {logging_mixin.py:150} INFO - [2023-08-15T18:38:27.036-0300] {dag.py:2742} INFO - Sync 1 DAGs
[2023-08-15T18:38:27.073-0300] {logging_mixin.py:150} INFO - [2023-08-15T18:38:27.073-0300] {dag.py:3504} INFO - Setting next_dagrun for tutorial_taskflow_api to None, run_after=None
[2023-08-15T18:38:27.184-0300] {processor.py:179} INFO - Processing /home/alan/repos/pipeline_airflow/pipeline-airflow-venv/lib/python3.11/site-packages/airflow/example_dags/tutorial_taskflow_api.py took 0.205 seconds
[2023-08-15T18:43:22.079-0300] {processor.py:157} INFO - Started process (PID=23558) to work on /home/alan/repos/pipeline_airflow/pipeline-airflow-venv/lib/python3.11/site-packages/airflow/example_dags/tutorial_taskflow_api.py
[2023-08-15T18:43:22.081-0300] {processor.py:826} INFO - Processing file /home/alan/repos/pipeline_airflow/pipeline-airflow-venv/lib/python3.11/site-packages/airflow/example_dags/tutorial_taskflow_api.py for tasks to queue
[2023-08-15T18:43:22.082-0300] {logging_mixin.py:150} INFO - [2023-08-15T18:43:22.082-0300] {dagbag.py:541} INFO - Filling up the DagBag from /home/alan/repos/pipeline_airflow/pipeline-airflow-venv/lib/python3.11/site-packages/airflow/example_dags/tutorial_taskflow_api.py
[2023-08-15T18:43:22.097-0300] {processor.py:836} INFO - DAG(s) dict_keys(['tutorial_taskflow_api']) retrieved from /home/alan/repos/pipeline_airflow/pipeline-airflow-venv/lib/python3.11/site-packages/airflow/example_dags/tutorial_taskflow_api.py
[2023-08-15T18:43:22.113-0300] {logging_mixin.py:150} INFO - [2023-08-15T18:43:22.113-0300] {dag.py:2742} INFO - Sync 1 DAGs
[2023-08-15T18:43:22.150-0300] {logging_mixin.py:150} INFO - [2023-08-15T18:43:22.150-0300] {dag.py:3504} INFO - Setting next_dagrun for tutorial_taskflow_api to None, run_after=None
[2023-08-15T18:43:22.259-0300] {processor.py:179} INFO - Processing /home/alan/repos/pipeline_airflow/pipeline-airflow-venv/lib/python3.11/site-packages/airflow/example_dags/tutorial_taskflow_api.py took 0.184 seconds
[2023-08-15T18:44:02.383-0300] {processor.py:157} INFO - Started process (PID=23660) to work on /home/alan/repos/pipeline_airflow/pipeline-airflow-venv/lib/python3.11/site-packages/airflow/example_dags/tutorial_taskflow_api.py
[2023-08-15T18:44:02.396-0300] {processor.py:826} INFO - Processing file /home/alan/repos/pipeline_airflow/pipeline-airflow-venv/lib/python3.11/site-packages/airflow/example_dags/tutorial_taskflow_api.py for tasks to queue
[2023-08-15T18:44:02.397-0300] {logging_mixin.py:150} INFO - [2023-08-15T18:44:02.397-0300] {dagbag.py:541} INFO - Filling up the DagBag from /home/alan/repos/pipeline_airflow/pipeline-airflow-venv/lib/python3.11/site-packages/airflow/example_dags/tutorial_taskflow_api.py
[2023-08-15T18:44:02.412-0300] {processor.py:836} INFO - DAG(s) dict_keys(['tutorial_taskflow_api']) retrieved from /home/alan/repos/pipeline_airflow/pipeline-airflow-venv/lib/python3.11/site-packages/airflow/example_dags/tutorial_taskflow_api.py
[2023-08-15T18:44:02.427-0300] {logging_mixin.py:150} INFO - [2023-08-15T18:44:02.427-0300] {dag.py:2742} INFO - Sync 1 DAGs
[2023-08-15T18:44:02.486-0300] {logging_mixin.py:150} INFO - [2023-08-15T18:44:02.485-0300] {dag.py:3504} INFO - Setting next_dagrun for tutorial_taskflow_api to None, run_after=None
[2023-08-15T18:44:02.619-0300] {processor.py:179} INFO - Processing /home/alan/repos/pipeline_airflow/pipeline-airflow-venv/lib/python3.11/site-packages/airflow/example_dags/tutorial_taskflow_api.py took 0.240 seconds
[2023-08-15T18:45:07.885-0300] {processor.py:157} INFO - Started process (PID=23972) to work on /home/alan/repos/pipeline_airflow/pipeline-airflow-venv/lib/python3.11/site-packages/airflow/example_dags/tutorial_taskflow_api.py
[2023-08-15T18:45:07.887-0300] {processor.py:826} INFO - Processing file /home/alan/repos/pipeline_airflow/pipeline-airflow-venv/lib/python3.11/site-packages/airflow/example_dags/tutorial_taskflow_api.py for tasks to queue
[2023-08-15T18:45:07.888-0300] {logging_mixin.py:150} INFO - [2023-08-15T18:45:07.888-0300] {dagbag.py:541} INFO - Filling up the DagBag from /home/alan/repos/pipeline_airflow/pipeline-airflow-venv/lib/python3.11/site-packages/airflow/example_dags/tutorial_taskflow_api.py
[2023-08-15T18:45:07.903-0300] {processor.py:836} INFO - DAG(s) dict_keys(['tutorial_taskflow_api']) retrieved from /home/alan/repos/pipeline_airflow/pipeline-airflow-venv/lib/python3.11/site-packages/airflow/example_dags/tutorial_taskflow_api.py
[2023-08-15T18:45:07.934-0300] {logging_mixin.py:150} INFO - [2023-08-15T18:45:07.934-0300] {dag.py:2742} INFO - Sync 1 DAGs
[2023-08-15T18:45:07.972-0300] {logging_mixin.py:150} INFO - [2023-08-15T18:45:07.972-0300] {dag.py:3504} INFO - Setting next_dagrun for tutorial_taskflow_api to None, run_after=None
[2023-08-15T18:45:08.082-0300] {processor.py:179} INFO - Processing /home/alan/repos/pipeline_airflow/pipeline-airflow-venv/lib/python3.11/site-packages/airflow/example_dags/tutorial_taskflow_api.py took 0.203 seconds
[2023-08-15T18:45:54.351-0300] {processor.py:157} INFO - Started process (PID=24175) to work on /home/alan/repos/pipeline_airflow/pipeline-airflow-venv/lib/python3.11/site-packages/airflow/example_dags/tutorial_taskflow_api.py
[2023-08-15T18:45:54.353-0300] {processor.py:826} INFO - Processing file /home/alan/repos/pipeline_airflow/pipeline-airflow-venv/lib/python3.11/site-packages/airflow/example_dags/tutorial_taskflow_api.py for tasks to queue
[2023-08-15T18:45:54.355-0300] {logging_mixin.py:150} INFO - [2023-08-15T18:45:54.355-0300] {dagbag.py:541} INFO - Filling up the DagBag from /home/alan/repos/pipeline_airflow/pipeline-airflow-venv/lib/python3.11/site-packages/airflow/example_dags/tutorial_taskflow_api.py
[2023-08-15T18:45:54.367-0300] {processor.py:836} INFO - DAG(s) dict_keys(['tutorial_taskflow_api']) retrieved from /home/alan/repos/pipeline_airflow/pipeline-airflow-venv/lib/python3.11/site-packages/airflow/example_dags/tutorial_taskflow_api.py
[2023-08-15T18:45:54.400-0300] {logging_mixin.py:150} INFO - [2023-08-15T18:45:54.399-0300] {dag.py:2742} INFO - Sync 1 DAGs
[2023-08-15T18:45:54.442-0300] {logging_mixin.py:150} INFO - [2023-08-15T18:45:54.441-0300] {dag.py:3504} INFO - Setting next_dagrun for tutorial_taskflow_api to None, run_after=None
[2023-08-15T18:45:54.550-0300] {processor.py:179} INFO - Processing /home/alan/repos/pipeline_airflow/pipeline-airflow-venv/lib/python3.11/site-packages/airflow/example_dags/tutorial_taskflow_api.py took 0.205 seconds
[2023-08-15T18:46:29.188-0300] {processor.py:157} INFO - Started process (PID=24306) to work on /home/alan/repos/pipeline_airflow/pipeline-airflow-venv/lib/python3.11/site-packages/airflow/example_dags/tutorial_taskflow_api.py
[2023-08-15T18:46:29.201-0300] {processor.py:826} INFO - Processing file /home/alan/repos/pipeline_airflow/pipeline-airflow-venv/lib/python3.11/site-packages/airflow/example_dags/tutorial_taskflow_api.py for tasks to queue
[2023-08-15T18:46:29.203-0300] {logging_mixin.py:150} INFO - [2023-08-15T18:46:29.202-0300] {dagbag.py:541} INFO - Filling up the DagBag from /home/alan/repos/pipeline_airflow/pipeline-airflow-venv/lib/python3.11/site-packages/airflow/example_dags/tutorial_taskflow_api.py
[2023-08-15T18:46:29.218-0300] {processor.py:836} INFO - DAG(s) dict_keys(['tutorial_taskflow_api']) retrieved from /home/alan/repos/pipeline_airflow/pipeline-airflow-venv/lib/python3.11/site-packages/airflow/example_dags/tutorial_taskflow_api.py
[2023-08-15T18:46:29.254-0300] {logging_mixin.py:150} INFO - [2023-08-15T18:46:29.253-0300] {dag.py:2742} INFO - Sync 1 DAGs
[2023-08-15T18:46:29.297-0300] {logging_mixin.py:150} INFO - [2023-08-15T18:46:29.297-0300] {dag.py:3504} INFO - Setting next_dagrun for tutorial_taskflow_api to None, run_after=None
[2023-08-15T18:46:29.407-0300] {processor.py:179} INFO - Processing /home/alan/repos/pipeline_airflow/pipeline-airflow-venv/lib/python3.11/site-packages/airflow/example_dags/tutorial_taskflow_api.py took 0.229 seconds
[2023-08-15T18:47:34.608-0300] {processor.py:157} INFO - Started process (PID=24533) to work on /home/alan/repos/pipeline_airflow/pipeline-airflow-venv/lib/python3.11/site-packages/airflow/example_dags/tutorial_taskflow_api.py
[2023-08-15T18:47:34.619-0300] {processor.py:826} INFO - Processing file /home/alan/repos/pipeline_airflow/pipeline-airflow-venv/lib/python3.11/site-packages/airflow/example_dags/tutorial_taskflow_api.py for tasks to queue
[2023-08-15T18:47:34.620-0300] {logging_mixin.py:150} INFO - [2023-08-15T18:47:34.620-0300] {dagbag.py:541} INFO - Filling up the DagBag from /home/alan/repos/pipeline_airflow/pipeline-airflow-venv/lib/python3.11/site-packages/airflow/example_dags/tutorial_taskflow_api.py
[2023-08-15T18:47:34.648-0300] {processor.py:836} INFO - DAG(s) dict_keys(['tutorial_taskflow_api']) retrieved from /home/alan/repos/pipeline_airflow/pipeline-airflow-venv/lib/python3.11/site-packages/airflow/example_dags/tutorial_taskflow_api.py
[2023-08-15T18:47:34.689-0300] {logging_mixin.py:150} INFO - [2023-08-15T18:47:34.689-0300] {dag.py:2742} INFO - Sync 1 DAGs
[2023-08-15T18:47:34.737-0300] {logging_mixin.py:150} INFO - [2023-08-15T18:47:34.737-0300] {dag.py:3504} INFO - Setting next_dagrun for tutorial_taskflow_api to None, run_after=None
[2023-08-15T18:47:34.886-0300] {processor.py:179} INFO - Processing /home/alan/repos/pipeline_airflow/pipeline-airflow-venv/lib/python3.11/site-packages/airflow/example_dags/tutorial_taskflow_api.py took 0.283 seconds
[2023-08-15T18:48:39.361-0300] {processor.py:157} INFO - Started process (PID=24748) to work on /home/alan/repos/pipeline_airflow/pipeline-airflow-venv/lib/python3.11/site-packages/airflow/example_dags/tutorial_taskflow_api.py
[2023-08-15T18:48:39.367-0300] {processor.py:826} INFO - Processing file /home/alan/repos/pipeline_airflow/pipeline-airflow-venv/lib/python3.11/site-packages/airflow/example_dags/tutorial_taskflow_api.py for tasks to queue
[2023-08-15T18:48:39.368-0300] {logging_mixin.py:150} INFO - [2023-08-15T18:48:39.368-0300] {dagbag.py:541} INFO - Filling up the DagBag from /home/alan/repos/pipeline_airflow/pipeline-airflow-venv/lib/python3.11/site-packages/airflow/example_dags/tutorial_taskflow_api.py
[2023-08-15T18:48:39.382-0300] {processor.py:836} INFO - DAG(s) dict_keys(['tutorial_taskflow_api']) retrieved from /home/alan/repos/pipeline_airflow/pipeline-airflow-venv/lib/python3.11/site-packages/airflow/example_dags/tutorial_taskflow_api.py
[2023-08-15T18:48:39.412-0300] {logging_mixin.py:150} INFO - [2023-08-15T18:48:39.412-0300] {dag.py:2742} INFO - Sync 1 DAGs
[2023-08-15T18:48:39.595-0300] {logging_mixin.py:150} INFO - [2023-08-15T18:48:39.595-0300] {dag.py:3504} INFO - Setting next_dagrun for tutorial_taskflow_api to None, run_after=None
[2023-08-15T18:48:39.689-0300] {processor.py:179} INFO - Processing /home/alan/repos/pipeline_airflow/pipeline-airflow-venv/lib/python3.11/site-packages/airflow/example_dags/tutorial_taskflow_api.py took 0.333 seconds
[2023-08-15T18:49:12.923-0300] {processor.py:157} INFO - Started process (PID=24856) to work on /home/alan/repos/pipeline_airflow/pipeline-airflow-venv/lib/python3.11/site-packages/airflow/example_dags/tutorial_taskflow_api.py
[2023-08-15T18:49:12.925-0300] {processor.py:826} INFO - Processing file /home/alan/repos/pipeline_airflow/pipeline-airflow-venv/lib/python3.11/site-packages/airflow/example_dags/tutorial_taskflow_api.py for tasks to queue
[2023-08-15T18:49:12.928-0300] {logging_mixin.py:150} INFO - [2023-08-15T18:49:12.926-0300] {dagbag.py:541} INFO - Filling up the DagBag from /home/alan/repos/pipeline_airflow/pipeline-airflow-venv/lib/python3.11/site-packages/airflow/example_dags/tutorial_taskflow_api.py
[2023-08-15T18:49:12.941-0300] {processor.py:836} INFO - DAG(s) dict_keys(['tutorial_taskflow_api']) retrieved from /home/alan/repos/pipeline_airflow/pipeline-airflow-venv/lib/python3.11/site-packages/airflow/example_dags/tutorial_taskflow_api.py
[2023-08-15T18:49:13.216-0300] {logging_mixin.py:150} INFO - [2023-08-15T18:49:13.215-0300] {dag.py:2742} INFO - Sync 1 DAGs
[2023-08-15T18:49:13.273-0300] {logging_mixin.py:150} INFO - [2023-08-15T18:49:13.272-0300] {dag.py:3504} INFO - Setting next_dagrun for tutorial_taskflow_api to None, run_after=None
[2023-08-15T18:49:13.428-0300] {processor.py:179} INFO - Processing /home/alan/repos/pipeline_airflow/pipeline-airflow-venv/lib/python3.11/site-packages/airflow/example_dags/tutorial_taskflow_api.py took 0.511 seconds
[2023-08-15T18:50:13.027-0300] {processor.py:157} INFO - Started process (PID=25073) to work on /home/alan/repos/pipeline_airflow/pipeline-airflow-venv/lib/python3.11/site-packages/airflow/example_dags/tutorial_taskflow_api.py
[2023-08-15T18:50:13.038-0300] {processor.py:826} INFO - Processing file /home/alan/repos/pipeline_airflow/pipeline-airflow-venv/lib/python3.11/site-packages/airflow/example_dags/tutorial_taskflow_api.py for tasks to queue
[2023-08-15T18:50:13.039-0300] {logging_mixin.py:150} INFO - [2023-08-15T18:50:13.039-0300] {dagbag.py:541} INFO - Filling up the DagBag from /home/alan/repos/pipeline_airflow/pipeline-airflow-venv/lib/python3.11/site-packages/airflow/example_dags/tutorial_taskflow_api.py
[2023-08-15T18:50:13.055-0300] {processor.py:836} INFO - DAG(s) dict_keys(['tutorial_taskflow_api']) retrieved from /home/alan/repos/pipeline_airflow/pipeline-airflow-venv/lib/python3.11/site-packages/airflow/example_dags/tutorial_taskflow_api.py
[2023-08-15T18:50:13.088-0300] {logging_mixin.py:150} INFO - [2023-08-15T18:50:13.087-0300] {dag.py:2742} INFO - Sync 1 DAGs
[2023-08-15T18:50:13.125-0300] {logging_mixin.py:150} INFO - [2023-08-15T18:50:13.125-0300] {dag.py:3504} INFO - Setting next_dagrun for tutorial_taskflow_api to None, run_after=None
[2023-08-15T18:50:13.233-0300] {processor.py:179} INFO - Processing /home/alan/repos/pipeline_airflow/pipeline-airflow-venv/lib/python3.11/site-packages/airflow/example_dags/tutorial_taskflow_api.py took 0.210 seconds
[2023-08-15T18:51:18.481-0300] {processor.py:157} INFO - Started process (PID=25354) to work on /home/alan/repos/pipeline_airflow/pipeline-airflow-venv/lib/python3.11/site-packages/airflow/example_dags/tutorial_taskflow_api.py
[2023-08-15T18:51:18.495-0300] {processor.py:826} INFO - Processing file /home/alan/repos/pipeline_airflow/pipeline-airflow-venv/lib/python3.11/site-packages/airflow/example_dags/tutorial_taskflow_api.py for tasks to queue
[2023-08-15T18:51:18.496-0300] {logging_mixin.py:150} INFO - [2023-08-15T18:51:18.496-0300] {dagbag.py:541} INFO - Filling up the DagBag from /home/alan/repos/pipeline_airflow/pipeline-airflow-venv/lib/python3.11/site-packages/airflow/example_dags/tutorial_taskflow_api.py
[2023-08-15T18:51:18.510-0300] {processor.py:836} INFO - DAG(s) dict_keys(['tutorial_taskflow_api']) retrieved from /home/alan/repos/pipeline_airflow/pipeline-airflow-venv/lib/python3.11/site-packages/airflow/example_dags/tutorial_taskflow_api.py
[2023-08-15T18:51:18.542-0300] {logging_mixin.py:150} INFO - [2023-08-15T18:51:18.541-0300] {dag.py:2742} INFO - Sync 1 DAGs
[2023-08-15T18:51:18.577-0300] {logging_mixin.py:150} INFO - [2023-08-15T18:51:18.576-0300] {dag.py:3504} INFO - Setting next_dagrun for tutorial_taskflow_api to None, run_after=None
[2023-08-15T18:51:18.678-0300] {processor.py:179} INFO - Processing /home/alan/repos/pipeline_airflow/pipeline-airflow-venv/lib/python3.11/site-packages/airflow/example_dags/tutorial_taskflow_api.py took 0.203 seconds
[2023-08-15T18:51:59.962-0300] {processor.py:157} INFO - Started process (PID=25589) to work on /home/alan/repos/pipeline_airflow/pipeline-airflow-venv/lib/python3.11/site-packages/airflow/example_dags/tutorial_taskflow_api.py
[2023-08-15T18:51:59.973-0300] {processor.py:826} INFO - Processing file /home/alan/repos/pipeline_airflow/pipeline-airflow-venv/lib/python3.11/site-packages/airflow/example_dags/tutorial_taskflow_api.py for tasks to queue
[2023-08-15T18:51:59.975-0300] {logging_mixin.py:150} INFO - [2023-08-15T18:51:59.974-0300] {dagbag.py:541} INFO - Filling up the DagBag from /home/alan/repos/pipeline_airflow/pipeline-airflow-venv/lib/python3.11/site-packages/airflow/example_dags/tutorial_taskflow_api.py
[2023-08-15T18:51:59.986-0300] {processor.py:836} INFO - DAG(s) dict_keys(['tutorial_taskflow_api']) retrieved from /home/alan/repos/pipeline_airflow/pipeline-airflow-venv/lib/python3.11/site-packages/airflow/example_dags/tutorial_taskflow_api.py
[2023-08-15T18:52:00.015-0300] {logging_mixin.py:150} INFO - [2023-08-15T18:52:00.015-0300] {dag.py:2742} INFO - Sync 1 DAGs
[2023-08-15T18:52:00.053-0300] {logging_mixin.py:150} INFO - [2023-08-15T18:52:00.053-0300] {dag.py:3504} INFO - Setting next_dagrun for tutorial_taskflow_api to None, run_after=None
[2023-08-15T18:52:00.206-0300] {processor.py:179} INFO - Processing /home/alan/repos/pipeline_airflow/pipeline-airflow-venv/lib/python3.11/site-packages/airflow/example_dags/tutorial_taskflow_api.py took 0.249 seconds
[2023-08-15T18:52:37.138-0300] {processor.py:157} INFO - Started process (PID=25759) to work on /home/alan/repos/pipeline_airflow/pipeline-airflow-venv/lib/python3.11/site-packages/airflow/example_dags/tutorial_taskflow_api.py
[2023-08-15T18:52:37.146-0300] {processor.py:826} INFO - Processing file /home/alan/repos/pipeline_airflow/pipeline-airflow-venv/lib/python3.11/site-packages/airflow/example_dags/tutorial_taskflow_api.py for tasks to queue
[2023-08-15T18:52:37.147-0300] {logging_mixin.py:150} INFO - [2023-08-15T18:52:37.147-0300] {dagbag.py:541} INFO - Filling up the DagBag from /home/alan/repos/pipeline_airflow/pipeline-airflow-venv/lib/python3.11/site-packages/airflow/example_dags/tutorial_taskflow_api.py
[2023-08-15T18:52:37.161-0300] {processor.py:836} INFO - DAG(s) dict_keys(['tutorial_taskflow_api']) retrieved from /home/alan/repos/pipeline_airflow/pipeline-airflow-venv/lib/python3.11/site-packages/airflow/example_dags/tutorial_taskflow_api.py
[2023-08-15T18:52:37.190-0300] {logging_mixin.py:150} INFO - [2023-08-15T18:52:37.190-0300] {dag.py:2742} INFO - Sync 1 DAGs
[2023-08-15T18:52:37.226-0300] {logging_mixin.py:150} INFO - [2023-08-15T18:52:37.226-0300] {dag.py:3504} INFO - Setting next_dagrun for tutorial_taskflow_api to None, run_after=None
[2023-08-15T18:52:37.346-0300] {processor.py:179} INFO - Processing /home/alan/repos/pipeline_airflow/pipeline-airflow-venv/lib/python3.11/site-packages/airflow/example_dags/tutorial_taskflow_api.py took 0.214 seconds
[2023-08-15T18:53:35.059-0300] {processor.py:157} INFO - Started process (PID=25973) to work on /home/alan/repos/pipeline_airflow/pipeline-airflow-venv/lib/python3.11/site-packages/airflow/example_dags/tutorial_taskflow_api.py
[2023-08-15T18:53:35.064-0300] {processor.py:826} INFO - Processing file /home/alan/repos/pipeline_airflow/pipeline-airflow-venv/lib/python3.11/site-packages/airflow/example_dags/tutorial_taskflow_api.py for tasks to queue
[2023-08-15T18:53:35.065-0300] {logging_mixin.py:150} INFO - [2023-08-15T18:53:35.065-0300] {dagbag.py:541} INFO - Filling up the DagBag from /home/alan/repos/pipeline_airflow/pipeline-airflow-venv/lib/python3.11/site-packages/airflow/example_dags/tutorial_taskflow_api.py
[2023-08-15T18:53:35.079-0300] {processor.py:836} INFO - DAG(s) dict_keys(['tutorial_taskflow_api']) retrieved from /home/alan/repos/pipeline_airflow/pipeline-airflow-venv/lib/python3.11/site-packages/airflow/example_dags/tutorial_taskflow_api.py
[2023-08-15T18:53:35.109-0300] {logging_mixin.py:150} INFO - [2023-08-15T18:53:35.109-0300] {dag.py:2742} INFO - Sync 1 DAGs
[2023-08-15T18:53:35.143-0300] {logging_mixin.py:150} INFO - [2023-08-15T18:53:35.143-0300] {dag.py:3504} INFO - Setting next_dagrun for tutorial_taskflow_api to None, run_after=None
[2023-08-15T18:53:35.250-0300] {processor.py:179} INFO - Processing /home/alan/repos/pipeline_airflow/pipeline-airflow-venv/lib/python3.11/site-packages/airflow/example_dags/tutorial_taskflow_api.py took 0.197 seconds
[2023-08-15T18:54:29.475-0300] {processor.py:157} INFO - Started process (PID=26197) to work on /home/alan/repos/pipeline_airflow/pipeline-airflow-venv/lib/python3.11/site-packages/airflow/example_dags/tutorial_taskflow_api.py
[2023-08-15T18:54:29.539-0300] {processor.py:826} INFO - Processing file /home/alan/repos/pipeline_airflow/pipeline-airflow-venv/lib/python3.11/site-packages/airflow/example_dags/tutorial_taskflow_api.py for tasks to queue
[2023-08-15T18:54:29.540-0300] {logging_mixin.py:150} INFO - [2023-08-15T18:54:29.540-0300] {dagbag.py:541} INFO - Filling up the DagBag from /home/alan/repos/pipeline_airflow/pipeline-airflow-venv/lib/python3.11/site-packages/airflow/example_dags/tutorial_taskflow_api.py
[2023-08-15T18:54:29.559-0300] {processor.py:836} INFO - DAG(s) dict_keys(['tutorial_taskflow_api']) retrieved from /home/alan/repos/pipeline_airflow/pipeline-airflow-venv/lib/python3.11/site-packages/airflow/example_dags/tutorial_taskflow_api.py
[2023-08-15T18:54:29.609-0300] {logging_mixin.py:150} INFO - [2023-08-15T18:54:29.609-0300] {dag.py:2742} INFO - Sync 1 DAGs
[2023-08-15T18:54:29.837-0300] {logging_mixin.py:150} INFO - [2023-08-15T18:54:29.836-0300] {dag.py:3504} INFO - Setting next_dagrun for tutorial_taskflow_api to None, run_after=None
[2023-08-15T18:54:29.957-0300] {processor.py:179} INFO - Processing /home/alan/repos/pipeline_airflow/pipeline-airflow-venv/lib/python3.11/site-packages/airflow/example_dags/tutorial_taskflow_api.py took 0.489 seconds
[2023-08-15T18:55:20.941-0300] {processor.py:157} INFO - Started process (PID=26562) to work on /home/alan/repos/pipeline_airflow/pipeline-airflow-venv/lib/python3.11/site-packages/airflow/example_dags/tutorial_taskflow_api.py
[2023-08-15T18:55:20.969-0300] {processor.py:826} INFO - Processing file /home/alan/repos/pipeline_airflow/pipeline-airflow-venv/lib/python3.11/site-packages/airflow/example_dags/tutorial_taskflow_api.py for tasks to queue
[2023-08-15T18:55:20.970-0300] {logging_mixin.py:150} INFO - [2023-08-15T18:55:20.969-0300] {dagbag.py:541} INFO - Filling up the DagBag from /home/alan/repos/pipeline_airflow/pipeline-airflow-venv/lib/python3.11/site-packages/airflow/example_dags/tutorial_taskflow_api.py
[2023-08-15T18:55:21.048-0300] {processor.py:836} INFO - DAG(s) dict_keys(['tutorial_taskflow_api']) retrieved from /home/alan/repos/pipeline_airflow/pipeline-airflow-venv/lib/python3.11/site-packages/airflow/example_dags/tutorial_taskflow_api.py
[2023-08-15T18:55:21.460-0300] {logging_mixin.py:150} INFO - [2023-08-15T18:55:21.459-0300] {dag.py:2742} INFO - Sync 1 DAGs
[2023-08-15T18:55:21.503-0300] {logging_mixin.py:150} INFO - [2023-08-15T18:55:21.502-0300] {dag.py:3504} INFO - Setting next_dagrun for tutorial_taskflow_api to None, run_after=None
[2023-08-15T18:55:22.004-0300] {processor.py:179} INFO - Processing /home/alan/repos/pipeline_airflow/pipeline-airflow-venv/lib/python3.11/site-packages/airflow/example_dags/tutorial_taskflow_api.py took 1.071 seconds
[2023-08-15T18:57:36.045-0300] {processor.py:157} INFO - Started process (PID=26997) to work on /home/alan/repos/pipeline_airflow/pipeline-airflow-venv/lib/python3.11/site-packages/airflow/example_dags/tutorial_taskflow_api.py
[2023-08-15T18:57:36.122-0300] {processor.py:826} INFO - Processing file /home/alan/repos/pipeline_airflow/pipeline-airflow-venv/lib/python3.11/site-packages/airflow/example_dags/tutorial_taskflow_api.py for tasks to queue
[2023-08-15T18:57:36.126-0300] {logging_mixin.py:150} INFO - [2023-08-15T18:57:36.124-0300] {dagbag.py:541} INFO - Filling up the DagBag from /home/alan/repos/pipeline_airflow/pipeline-airflow-venv/lib/python3.11/site-packages/airflow/example_dags/tutorial_taskflow_api.py
[2023-08-15T18:57:36.180-0300] {processor.py:836} INFO - DAG(s) dict_keys(['tutorial_taskflow_api']) retrieved from /home/alan/repos/pipeline_airflow/pipeline-airflow-venv/lib/python3.11/site-packages/airflow/example_dags/tutorial_taskflow_api.py
[2023-08-15T18:57:36.321-0300] {logging_mixin.py:150} INFO - [2023-08-15T18:57:36.320-0300] {dag.py:2742} INFO - Sync 1 DAGs
[2023-08-15T18:57:36.372-0300] {logging_mixin.py:150} INFO - [2023-08-15T18:57:36.372-0300] {dag.py:3504} INFO - Setting next_dagrun for tutorial_taskflow_api to None, run_after=None
[2023-08-15T18:57:37.119-0300] {processor.py:179} INFO - Processing /home/alan/repos/pipeline_airflow/pipeline-airflow-venv/lib/python3.11/site-packages/airflow/example_dags/tutorial_taskflow_api.py took 1.079 seconds
[2023-08-15T19:01:01.344-0300] {processor.py:157} INFO - Started process (PID=27457) to work on /home/alan/repos/pipeline_airflow/pipeline-airflow-venv/lib/python3.11/site-packages/airflow/example_dags/tutorial_taskflow_api.py
[2023-08-15T19:01:01.430-0300] {processor.py:826} INFO - Processing file /home/alan/repos/pipeline_airflow/pipeline-airflow-venv/lib/python3.11/site-packages/airflow/example_dags/tutorial_taskflow_api.py for tasks to queue
[2023-08-15T19:01:01.433-0300] {logging_mixin.py:150} INFO - [2023-08-15T19:01:01.432-0300] {dagbag.py:541} INFO - Filling up the DagBag from /home/alan/repos/pipeline_airflow/pipeline-airflow-venv/lib/python3.11/site-packages/airflow/example_dags/tutorial_taskflow_api.py
[2023-08-15T19:01:01.468-0300] {processor.py:836} INFO - DAG(s) dict_keys(['tutorial_taskflow_api']) retrieved from /home/alan/repos/pipeline_airflow/pipeline-airflow-venv/lib/python3.11/site-packages/airflow/example_dags/tutorial_taskflow_api.py
[2023-08-15T19:01:01.599-0300] {logging_mixin.py:150} INFO - [2023-08-15T19:01:01.599-0300] {dag.py:2742} INFO - Sync 1 DAGs
[2023-08-15T19:01:01.641-0300] {logging_mixin.py:150} INFO - [2023-08-15T19:01:01.640-0300] {dag.py:3504} INFO - Setting next_dagrun for tutorial_taskflow_api to None, run_after=None
[2023-08-15T19:01:02.262-0300] {processor.py:179} INFO - Processing /home/alan/repos/pipeline_airflow/pipeline-airflow-venv/lib/python3.11/site-packages/airflow/example_dags/tutorial_taskflow_api.py took 0.923 seconds
[2023-08-15T19:02:33.880-0300] {processor.py:157} INFO - Started process (PID=27728) to work on /home/alan/repos/pipeline_airflow/pipeline-airflow-venv/lib/python3.11/site-packages/airflow/example_dags/tutorial_taskflow_api.py
[2023-08-15T19:02:33.894-0300] {processor.py:826} INFO - Processing file /home/alan/repos/pipeline_airflow/pipeline-airflow-venv/lib/python3.11/site-packages/airflow/example_dags/tutorial_taskflow_api.py for tasks to queue
[2023-08-15T19:02:33.896-0300] {logging_mixin.py:150} INFO - [2023-08-15T19:02:33.895-0300] {dagbag.py:541} INFO - Filling up the DagBag from /home/alan/repos/pipeline_airflow/pipeline-airflow-venv/lib/python3.11/site-packages/airflow/example_dags/tutorial_taskflow_api.py
[2023-08-15T19:02:33.911-0300] {processor.py:836} INFO - DAG(s) dict_keys(['tutorial_taskflow_api']) retrieved from /home/alan/repos/pipeline_airflow/pipeline-airflow-venv/lib/python3.11/site-packages/airflow/example_dags/tutorial_taskflow_api.py
[2023-08-15T19:02:33.944-0300] {logging_mixin.py:150} INFO - [2023-08-15T19:02:33.943-0300] {dag.py:2742} INFO - Sync 1 DAGs
[2023-08-15T19:02:33.977-0300] {logging_mixin.py:150} INFO - [2023-08-15T19:02:33.977-0300] {dag.py:3504} INFO - Setting next_dagrun for tutorial_taskflow_api to None, run_after=None
[2023-08-15T19:02:34.135-0300] {processor.py:179} INFO - Processing /home/alan/repos/pipeline_airflow/pipeline-airflow-venv/lib/python3.11/site-packages/airflow/example_dags/tutorial_taskflow_api.py took 0.261 seconds
[2023-08-15T19:03:53.697-0300] {processor.py:157} INFO - Started process (PID=28166) to work on /home/alan/repos/pipeline_airflow/pipeline-airflow-venv/lib/python3.11/site-packages/airflow/example_dags/tutorial_taskflow_api.py
[2023-08-15T19:03:53.700-0300] {processor.py:826} INFO - Processing file /home/alan/repos/pipeline_airflow/pipeline-airflow-venv/lib/python3.11/site-packages/airflow/example_dags/tutorial_taskflow_api.py for tasks to queue
[2023-08-15T19:03:53.702-0300] {logging_mixin.py:150} INFO - [2023-08-15T19:03:53.701-0300] {dagbag.py:541} INFO - Filling up the DagBag from /home/alan/repos/pipeline_airflow/pipeline-airflow-venv/lib/python3.11/site-packages/airflow/example_dags/tutorial_taskflow_api.py
[2023-08-15T19:03:53.716-0300] {processor.py:836} INFO - DAG(s) dict_keys(['tutorial_taskflow_api']) retrieved from /home/alan/repos/pipeline_airflow/pipeline-airflow-venv/lib/python3.11/site-packages/airflow/example_dags/tutorial_taskflow_api.py
[2023-08-15T19:03:53.768-0300] {logging_mixin.py:150} INFO - [2023-08-15T19:03:53.768-0300] {dag.py:2742} INFO - Sync 1 DAGs
[2023-08-15T19:03:53.810-0300] {logging_mixin.py:150} INFO - [2023-08-15T19:03:53.810-0300] {dag.py:3504} INFO - Setting next_dagrun for tutorial_taskflow_api to None, run_after=None
[2023-08-15T19:03:53.964-0300] {processor.py:179} INFO - Processing /home/alan/repos/pipeline_airflow/pipeline-airflow-venv/lib/python3.11/site-packages/airflow/example_dags/tutorial_taskflow_api.py took 0.279 seconds
[2023-08-15T19:04:46.456-0300] {processor.py:157} INFO - Started process (PID=28419) to work on /home/alan/repos/pipeline_airflow/pipeline-airflow-venv/lib/python3.11/site-packages/airflow/example_dags/tutorial_taskflow_api.py
[2023-08-15T19:04:46.457-0300] {processor.py:826} INFO - Processing file /home/alan/repos/pipeline_airflow/pipeline-airflow-venv/lib/python3.11/site-packages/airflow/example_dags/tutorial_taskflow_api.py for tasks to queue
[2023-08-15T19:04:46.459-0300] {logging_mixin.py:150} INFO - [2023-08-15T19:04:46.458-0300] {dagbag.py:541} INFO - Filling up the DagBag from /home/alan/repos/pipeline_airflow/pipeline-airflow-venv/lib/python3.11/site-packages/airflow/example_dags/tutorial_taskflow_api.py
[2023-08-15T19:04:46.472-0300] {processor.py:836} INFO - DAG(s) dict_keys(['tutorial_taskflow_api']) retrieved from /home/alan/repos/pipeline_airflow/pipeline-airflow-venv/lib/python3.11/site-packages/airflow/example_dags/tutorial_taskflow_api.py
[2023-08-15T19:04:46.734-0300] {logging_mixin.py:150} INFO - [2023-08-15T19:04:46.733-0300] {dag.py:2742} INFO - Sync 1 DAGs
[2023-08-15T19:04:46.793-0300] {logging_mixin.py:150} INFO - [2023-08-15T19:04:46.793-0300] {dag.py:3504} INFO - Setting next_dagrun for tutorial_taskflow_api to None, run_after=None
[2023-08-15T19:04:47.031-0300] {processor.py:179} INFO - Processing /home/alan/repos/pipeline_airflow/pipeline-airflow-venv/lib/python3.11/site-packages/airflow/example_dags/tutorial_taskflow_api.py took 0.580 seconds
[2023-08-15T19:05:26.148-0300] {processor.py:157} INFO - Started process (PID=28574) to work on /home/alan/repos/pipeline_airflow/pipeline-airflow-venv/lib/python3.11/site-packages/airflow/example_dags/tutorial_taskflow_api.py
[2023-08-15T19:05:26.157-0300] {processor.py:826} INFO - Processing file /home/alan/repos/pipeline_airflow/pipeline-airflow-venv/lib/python3.11/site-packages/airflow/example_dags/tutorial_taskflow_api.py for tasks to queue
[2023-08-15T19:05:26.159-0300] {logging_mixin.py:150} INFO - [2023-08-15T19:05:26.158-0300] {dagbag.py:541} INFO - Filling up the DagBag from /home/alan/repos/pipeline_airflow/pipeline-airflow-venv/lib/python3.11/site-packages/airflow/example_dags/tutorial_taskflow_api.py
[2023-08-15T19:05:26.173-0300] {processor.py:836} INFO - DAG(s) dict_keys(['tutorial_taskflow_api']) retrieved from /home/alan/repos/pipeline_airflow/pipeline-airflow-venv/lib/python3.11/site-packages/airflow/example_dags/tutorial_taskflow_api.py
[2023-08-15T19:05:26.212-0300] {logging_mixin.py:150} INFO - [2023-08-15T19:05:26.211-0300] {dag.py:2742} INFO - Sync 1 DAGs
[2023-08-15T19:05:26.256-0300] {logging_mixin.py:150} INFO - [2023-08-15T19:05:26.256-0300] {dag.py:3504} INFO - Setting next_dagrun for tutorial_taskflow_api to None, run_after=None
[2023-08-15T19:05:26.376-0300] {processor.py:179} INFO - Processing /home/alan/repos/pipeline_airflow/pipeline-airflow-venv/lib/python3.11/site-packages/airflow/example_dags/tutorial_taskflow_api.py took 0.233 seconds
[2023-08-15T19:06:05.796-0300] {processor.py:157} INFO - Started process (PID=28726) to work on /home/alan/repos/pipeline_airflow/pipeline-airflow-venv/lib/python3.11/site-packages/airflow/example_dags/tutorial_taskflow_api.py
[2023-08-15T19:06:05.798-0300] {processor.py:826} INFO - Processing file /home/alan/repos/pipeline_airflow/pipeline-airflow-venv/lib/python3.11/site-packages/airflow/example_dags/tutorial_taskflow_api.py for tasks to queue
[2023-08-15T19:06:05.800-0300] {logging_mixin.py:150} INFO - [2023-08-15T19:06:05.799-0300] {dagbag.py:541} INFO - Filling up the DagBag from /home/alan/repos/pipeline_airflow/pipeline-airflow-venv/lib/python3.11/site-packages/airflow/example_dags/tutorial_taskflow_api.py
[2023-08-15T19:06:05.814-0300] {processor.py:836} INFO - DAG(s) dict_keys(['tutorial_taskflow_api']) retrieved from /home/alan/repos/pipeline_airflow/pipeline-airflow-venv/lib/python3.11/site-packages/airflow/example_dags/tutorial_taskflow_api.py
[2023-08-15T19:06:05.843-0300] {logging_mixin.py:150} INFO - [2023-08-15T19:06:05.843-0300] {dag.py:2742} INFO - Sync 1 DAGs
[2023-08-15T19:06:05.879-0300] {logging_mixin.py:150} INFO - [2023-08-15T19:06:05.879-0300] {dag.py:3504} INFO - Setting next_dagrun for tutorial_taskflow_api to None, run_after=None
[2023-08-15T19:06:05.984-0300] {processor.py:179} INFO - Processing /home/alan/repos/pipeline_airflow/pipeline-airflow-venv/lib/python3.11/site-packages/airflow/example_dags/tutorial_taskflow_api.py took 0.195 seconds
[2023-08-15T19:07:05.793-0300] {processor.py:157} INFO - Started process (PID=28884) to work on /home/alan/repos/pipeline_airflow/pipeline-airflow-venv/lib/python3.11/site-packages/airflow/example_dags/tutorial_taskflow_api.py
[2023-08-15T19:07:05.795-0300] {processor.py:826} INFO - Processing file /home/alan/repos/pipeline_airflow/pipeline-airflow-venv/lib/python3.11/site-packages/airflow/example_dags/tutorial_taskflow_api.py for tasks to queue
[2023-08-15T19:07:05.797-0300] {logging_mixin.py:150} INFO - [2023-08-15T19:07:05.796-0300] {dagbag.py:541} INFO - Filling up the DagBag from /home/alan/repos/pipeline_airflow/pipeline-airflow-venv/lib/python3.11/site-packages/airflow/example_dags/tutorial_taskflow_api.py
[2023-08-15T19:07:05.810-0300] {processor.py:836} INFO - DAG(s) dict_keys(['tutorial_taskflow_api']) retrieved from /home/alan/repos/pipeline_airflow/pipeline-airflow-venv/lib/python3.11/site-packages/airflow/example_dags/tutorial_taskflow_api.py
[2023-08-15T19:07:05.838-0300] {logging_mixin.py:150} INFO - [2023-08-15T19:07:05.838-0300] {dag.py:2742} INFO - Sync 1 DAGs
[2023-08-15T19:07:05.873-0300] {logging_mixin.py:150} INFO - [2023-08-15T19:07:05.872-0300] {dag.py:3504} INFO - Setting next_dagrun for tutorial_taskflow_api to None, run_after=None
[2023-08-15T19:07:05.977-0300] {processor.py:179} INFO - Processing /home/alan/repos/pipeline_airflow/pipeline-airflow-venv/lib/python3.11/site-packages/airflow/example_dags/tutorial_taskflow_api.py took 0.190 seconds
[2023-08-15T19:08:12.281-0300] {processor.py:157} INFO - Started process (PID=29157) to work on /home/alan/repos/pipeline_airflow/pipeline-airflow-venv/lib/python3.11/site-packages/airflow/example_dags/tutorial_taskflow_api.py
[2023-08-15T19:08:12.284-0300] {processor.py:826} INFO - Processing file /home/alan/repos/pipeline_airflow/pipeline-airflow-venv/lib/python3.11/site-packages/airflow/example_dags/tutorial_taskflow_api.py for tasks to queue
[2023-08-15T19:08:12.286-0300] {logging_mixin.py:150} INFO - [2023-08-15T19:08:12.285-0300] {dagbag.py:541} INFO - Filling up the DagBag from /home/alan/repos/pipeline_airflow/pipeline-airflow-venv/lib/python3.11/site-packages/airflow/example_dags/tutorial_taskflow_api.py
[2023-08-15T19:08:12.302-0300] {processor.py:836} INFO - DAG(s) dict_keys(['tutorial_taskflow_api']) retrieved from /home/alan/repos/pipeline_airflow/pipeline-airflow-venv/lib/python3.11/site-packages/airflow/example_dags/tutorial_taskflow_api.py
[2023-08-15T19:08:12.333-0300] {logging_mixin.py:150} INFO - [2023-08-15T19:08:12.332-0300] {dag.py:2742} INFO - Sync 1 DAGs
[2023-08-15T19:08:12.380-0300] {logging_mixin.py:150} INFO - [2023-08-15T19:08:12.380-0300] {dag.py:3504} INFO - Setting next_dagrun for tutorial_taskflow_api to None, run_after=None
[2023-08-15T19:08:12.494-0300] {processor.py:179} INFO - Processing /home/alan/repos/pipeline_airflow/pipeline-airflow-venv/lib/python3.11/site-packages/airflow/example_dags/tutorial_taskflow_api.py took 0.218 seconds
[2023-08-15T19:09:14.638-0300] {processor.py:157} INFO - Started process (PID=29320) to work on /home/alan/repos/pipeline_airflow/pipeline-airflow-venv/lib/python3.11/site-packages/airflow/example_dags/tutorial_taskflow_api.py
[2023-08-15T19:09:14.644-0300] {processor.py:826} INFO - Processing file /home/alan/repos/pipeline_airflow/pipeline-airflow-venv/lib/python3.11/site-packages/airflow/example_dags/tutorial_taskflow_api.py for tasks to queue
[2023-08-15T19:09:14.645-0300] {logging_mixin.py:150} INFO - [2023-08-15T19:09:14.645-0300] {dagbag.py:541} INFO - Filling up the DagBag from /home/alan/repos/pipeline_airflow/pipeline-airflow-venv/lib/python3.11/site-packages/airflow/example_dags/tutorial_taskflow_api.py
[2023-08-15T19:09:14.661-0300] {processor.py:836} INFO - DAG(s) dict_keys(['tutorial_taskflow_api']) retrieved from /home/alan/repos/pipeline_airflow/pipeline-airflow-venv/lib/python3.11/site-packages/airflow/example_dags/tutorial_taskflow_api.py
[2023-08-15T19:09:14.695-0300] {logging_mixin.py:150} INFO - [2023-08-15T19:09:14.695-0300] {dag.py:2742} INFO - Sync 1 DAGs
[2023-08-15T19:09:14.734-0300] {logging_mixin.py:150} INFO - [2023-08-15T19:09:14.733-0300] {dag.py:3504} INFO - Setting next_dagrun for tutorial_taskflow_api to None, run_after=None
[2023-08-15T19:09:14.846-0300] {processor.py:179} INFO - Processing /home/alan/repos/pipeline_airflow/pipeline-airflow-venv/lib/python3.11/site-packages/airflow/example_dags/tutorial_taskflow_api.py took 0.215 seconds
[2023-08-15T19:10:14.211-0300] {processor.py:157} INFO - Started process (PID=29477) to work on /home/alan/repos/pipeline_airflow/pipeline-airflow-venv/lib/python3.11/site-packages/airflow/example_dags/tutorial_taskflow_api.py
[2023-08-15T19:10:14.213-0300] {processor.py:826} INFO - Processing file /home/alan/repos/pipeline_airflow/pipeline-airflow-venv/lib/python3.11/site-packages/airflow/example_dags/tutorial_taskflow_api.py for tasks to queue
[2023-08-15T19:10:14.214-0300] {logging_mixin.py:150} INFO - [2023-08-15T19:10:14.214-0300] {dagbag.py:541} INFO - Filling up the DagBag from /home/alan/repos/pipeline_airflow/pipeline-airflow-venv/lib/python3.11/site-packages/airflow/example_dags/tutorial_taskflow_api.py
[2023-08-15T19:10:14.227-0300] {processor.py:836} INFO - DAG(s) dict_keys(['tutorial_taskflow_api']) retrieved from /home/alan/repos/pipeline_airflow/pipeline-airflow-venv/lib/python3.11/site-packages/airflow/example_dags/tutorial_taskflow_api.py
[2023-08-15T19:10:14.256-0300] {logging_mixin.py:150} INFO - [2023-08-15T19:10:14.256-0300] {dag.py:2742} INFO - Sync 1 DAGs
[2023-08-15T19:10:14.293-0300] {logging_mixin.py:150} INFO - [2023-08-15T19:10:14.293-0300] {dag.py:3504} INFO - Setting next_dagrun for tutorial_taskflow_api to None, run_after=None
[2023-08-15T19:10:14.408-0300] {processor.py:179} INFO - Processing /home/alan/repos/pipeline_airflow/pipeline-airflow-venv/lib/python3.11/site-packages/airflow/example_dags/tutorial_taskflow_api.py took 0.203 seconds
[2023-08-15T19:11:11.900-0300] {processor.py:157} INFO - Started process (PID=29664) to work on /home/alan/repos/pipeline_airflow/pipeline-airflow-venv/lib/python3.11/site-packages/airflow/example_dags/tutorial_taskflow_api.py
[2023-08-15T19:11:11.907-0300] {processor.py:826} INFO - Processing file /home/alan/repos/pipeline_airflow/pipeline-airflow-venv/lib/python3.11/site-packages/airflow/example_dags/tutorial_taskflow_api.py for tasks to queue
[2023-08-15T19:11:11.909-0300] {logging_mixin.py:150} INFO - [2023-08-15T19:11:11.908-0300] {dagbag.py:541} INFO - Filling up the DagBag from /home/alan/repos/pipeline_airflow/pipeline-airflow-venv/lib/python3.11/site-packages/airflow/example_dags/tutorial_taskflow_api.py
[2023-08-15T19:11:11.927-0300] {processor.py:836} INFO - DAG(s) dict_keys(['tutorial_taskflow_api']) retrieved from /home/alan/repos/pipeline_airflow/pipeline-airflow-venv/lib/python3.11/site-packages/airflow/example_dags/tutorial_taskflow_api.py
[2023-08-15T19:11:11.973-0300] {logging_mixin.py:150} INFO - [2023-08-15T19:11:11.972-0300] {dag.py:2742} INFO - Sync 1 DAGs
[2023-08-15T19:11:12.038-0300] {logging_mixin.py:150} INFO - [2023-08-15T19:11:12.037-0300] {dag.py:3504} INFO - Setting next_dagrun for tutorial_taskflow_api to None, run_after=None
[2023-08-15T19:11:12.303-0300] {processor.py:179} INFO - Processing /home/alan/repos/pipeline_airflow/pipeline-airflow-venv/lib/python3.11/site-packages/airflow/example_dags/tutorial_taskflow_api.py took 0.409 seconds
[2023-08-15T19:12:20.933-0300] {processor.py:157} INFO - Started process (PID=29903) to work on /home/alan/repos/pipeline_airflow/pipeline-airflow-venv/lib/python3.11/site-packages/airflow/example_dags/tutorial_taskflow_api.py
[2023-08-15T19:12:20.945-0300] {processor.py:826} INFO - Processing file /home/alan/repos/pipeline_airflow/pipeline-airflow-venv/lib/python3.11/site-packages/airflow/example_dags/tutorial_taskflow_api.py for tasks to queue
[2023-08-15T19:12:20.947-0300] {logging_mixin.py:150} INFO - [2023-08-15T19:12:20.946-0300] {dagbag.py:541} INFO - Filling up the DagBag from /home/alan/repos/pipeline_airflow/pipeline-airflow-venv/lib/python3.11/site-packages/airflow/example_dags/tutorial_taskflow_api.py
[2023-08-15T19:12:20.962-0300] {processor.py:836} INFO - DAG(s) dict_keys(['tutorial_taskflow_api']) retrieved from /home/alan/repos/pipeline_airflow/pipeline-airflow-venv/lib/python3.11/site-packages/airflow/example_dags/tutorial_taskflow_api.py
[2023-08-15T19:12:20.995-0300] {logging_mixin.py:150} INFO - [2023-08-15T19:12:20.994-0300] {dag.py:2742} INFO - Sync 1 DAGs
[2023-08-15T19:12:21.035-0300] {logging_mixin.py:150} INFO - [2023-08-15T19:12:21.034-0300] {dag.py:3504} INFO - Setting next_dagrun for tutorial_taskflow_api to None, run_after=None
[2023-08-15T19:12:21.198-0300] {processor.py:179} INFO - Processing /home/alan/repos/pipeline_airflow/pipeline-airflow-venv/lib/python3.11/site-packages/airflow/example_dags/tutorial_taskflow_api.py took 0.270 seconds
[2023-08-15T19:13:20.118-0300] {processor.py:157} INFO - Started process (PID=30069) to work on /home/alan/repos/pipeline_airflow/pipeline-airflow-venv/lib/python3.11/site-packages/airflow/example_dags/tutorial_taskflow_api.py
[2023-08-15T19:13:20.126-0300] {processor.py:826} INFO - Processing file /home/alan/repos/pipeline_airflow/pipeline-airflow-venv/lib/python3.11/site-packages/airflow/example_dags/tutorial_taskflow_api.py for tasks to queue
[2023-08-15T19:13:20.128-0300] {logging_mixin.py:150} INFO - [2023-08-15T19:13:20.127-0300] {dagbag.py:541} INFO - Filling up the DagBag from /home/alan/repos/pipeline_airflow/pipeline-airflow-venv/lib/python3.11/site-packages/airflow/example_dags/tutorial_taskflow_api.py
[2023-08-15T19:13:20.145-0300] {processor.py:836} INFO - DAG(s) dict_keys(['tutorial_taskflow_api']) retrieved from /home/alan/repos/pipeline_airflow/pipeline-airflow-venv/lib/python3.11/site-packages/airflow/example_dags/tutorial_taskflow_api.py
[2023-08-15T19:13:20.184-0300] {logging_mixin.py:150} INFO - [2023-08-15T19:13:20.183-0300] {dag.py:2742} INFO - Sync 1 DAGs
[2023-08-15T19:13:20.240-0300] {logging_mixin.py:150} INFO - [2023-08-15T19:13:20.240-0300] {dag.py:3504} INFO - Setting next_dagrun for tutorial_taskflow_api to None, run_after=None
[2023-08-15T19:13:20.385-0300] {processor.py:179} INFO - Processing /home/alan/repos/pipeline_airflow/pipeline-airflow-venv/lib/python3.11/site-packages/airflow/example_dags/tutorial_taskflow_api.py took 0.272 seconds
[2023-08-15T19:14:23.072-0300] {processor.py:157} INFO - Started process (PID=30224) to work on /home/alan/repos/pipeline_airflow/pipeline-airflow-venv/lib/python3.11/site-packages/airflow/example_dags/tutorial_taskflow_api.py
[2023-08-15T19:14:23.091-0300] {processor.py:826} INFO - Processing file /home/alan/repos/pipeline_airflow/pipeline-airflow-venv/lib/python3.11/site-packages/airflow/example_dags/tutorial_taskflow_api.py for tasks to queue
[2023-08-15T19:14:23.093-0300] {logging_mixin.py:150} INFO - [2023-08-15T19:14:23.092-0300] {dagbag.py:541} INFO - Filling up the DagBag from /home/alan/repos/pipeline_airflow/pipeline-airflow-venv/lib/python3.11/site-packages/airflow/example_dags/tutorial_taskflow_api.py
[2023-08-15T19:14:23.107-0300] {processor.py:836} INFO - DAG(s) dict_keys(['tutorial_taskflow_api']) retrieved from /home/alan/repos/pipeline_airflow/pipeline-airflow-venv/lib/python3.11/site-packages/airflow/example_dags/tutorial_taskflow_api.py
[2023-08-15T19:14:23.137-0300] {logging_mixin.py:150} INFO - [2023-08-15T19:14:23.136-0300] {dag.py:2742} INFO - Sync 1 DAGs
[2023-08-15T19:14:23.172-0300] {logging_mixin.py:150} INFO - [2023-08-15T19:14:23.172-0300] {dag.py:3504} INFO - Setting next_dagrun for tutorial_taskflow_api to None, run_after=None
[2023-08-15T19:14:23.323-0300] {processor.py:179} INFO - Processing /home/alan/repos/pipeline_airflow/pipeline-airflow-venv/lib/python3.11/site-packages/airflow/example_dags/tutorial_taskflow_api.py took 0.257 seconds
[2023-08-15T19:15:17.335-0300] {processor.py:157} INFO - Started process (PID=30370) to work on /home/alan/repos/pipeline_airflow/pipeline-airflow-venv/lib/python3.11/site-packages/airflow/example_dags/tutorial_taskflow_api.py
[2023-08-15T19:15:17.348-0300] {processor.py:826} INFO - Processing file /home/alan/repos/pipeline_airflow/pipeline-airflow-venv/lib/python3.11/site-packages/airflow/example_dags/tutorial_taskflow_api.py for tasks to queue
[2023-08-15T19:15:17.350-0300] {logging_mixin.py:150} INFO - [2023-08-15T19:15:17.349-0300] {dagbag.py:541} INFO - Filling up the DagBag from /home/alan/repos/pipeline_airflow/pipeline-airflow-venv/lib/python3.11/site-packages/airflow/example_dags/tutorial_taskflow_api.py
[2023-08-15T19:15:17.390-0300] {processor.py:836} INFO - DAG(s) dict_keys(['tutorial_taskflow_api']) retrieved from /home/alan/repos/pipeline_airflow/pipeline-airflow-venv/lib/python3.11/site-packages/airflow/example_dags/tutorial_taskflow_api.py
[2023-08-15T19:15:17.433-0300] {logging_mixin.py:150} INFO - [2023-08-15T19:15:17.433-0300] {dag.py:2742} INFO - Sync 1 DAGs
[2023-08-15T19:15:17.471-0300] {logging_mixin.py:150} INFO - [2023-08-15T19:15:17.471-0300] {dag.py:3504} INFO - Setting next_dagrun for tutorial_taskflow_api to None, run_after=None
[2023-08-15T19:15:17.630-0300] {processor.py:179} INFO - Processing /home/alan/repos/pipeline_airflow/pipeline-airflow-venv/lib/python3.11/site-packages/airflow/example_dags/tutorial_taskflow_api.py took 0.305 seconds
[2023-08-15T19:16:16.102-0300] {processor.py:157} INFO - Started process (PID=30518) to work on /home/alan/repos/pipeline_airflow/pipeline-airflow-venv/lib/python3.11/site-packages/airflow/example_dags/tutorial_taskflow_api.py
[2023-08-15T19:16:16.108-0300] {processor.py:826} INFO - Processing file /home/alan/repos/pipeline_airflow/pipeline-airflow-venv/lib/python3.11/site-packages/airflow/example_dags/tutorial_taskflow_api.py for tasks to queue
[2023-08-15T19:16:16.109-0300] {logging_mixin.py:150} INFO - [2023-08-15T19:16:16.108-0300] {dagbag.py:541} INFO - Filling up the DagBag from /home/alan/repos/pipeline_airflow/pipeline-airflow-venv/lib/python3.11/site-packages/airflow/example_dags/tutorial_taskflow_api.py
[2023-08-15T19:16:16.121-0300] {processor.py:836} INFO - DAG(s) dict_keys(['tutorial_taskflow_api']) retrieved from /home/alan/repos/pipeline_airflow/pipeline-airflow-venv/lib/python3.11/site-packages/airflow/example_dags/tutorial_taskflow_api.py
[2023-08-15T19:16:16.151-0300] {logging_mixin.py:150} INFO - [2023-08-15T19:16:16.151-0300] {dag.py:2742} INFO - Sync 1 DAGs
[2023-08-15T19:16:16.190-0300] {logging_mixin.py:150} INFO - [2023-08-15T19:16:16.189-0300] {dag.py:3504} INFO - Setting next_dagrun for tutorial_taskflow_api to None, run_after=None
[2023-08-15T19:16:16.316-0300] {processor.py:179} INFO - Processing /home/alan/repos/pipeline_airflow/pipeline-airflow-venv/lib/python3.11/site-packages/airflow/example_dags/tutorial_taskflow_api.py took 0.220 seconds
[2023-08-15T19:17:16.079-0300] {processor.py:157} INFO - Started process (PID=30683) to work on /home/alan/repos/pipeline_airflow/pipeline-airflow-venv/lib/python3.11/site-packages/airflow/example_dags/tutorial_taskflow_api.py
[2023-08-15T19:17:16.085-0300] {processor.py:826} INFO - Processing file /home/alan/repos/pipeline_airflow/pipeline-airflow-venv/lib/python3.11/site-packages/airflow/example_dags/tutorial_taskflow_api.py for tasks to queue
[2023-08-15T19:17:16.086-0300] {logging_mixin.py:150} INFO - [2023-08-15T19:17:16.086-0300] {dagbag.py:541} INFO - Filling up the DagBag from /home/alan/repos/pipeline_airflow/pipeline-airflow-venv/lib/python3.11/site-packages/airflow/example_dags/tutorial_taskflow_api.py
[2023-08-15T19:17:16.105-0300] {processor.py:836} INFO - DAG(s) dict_keys(['tutorial_taskflow_api']) retrieved from /home/alan/repos/pipeline_airflow/pipeline-airflow-venv/lib/python3.11/site-packages/airflow/example_dags/tutorial_taskflow_api.py
[2023-08-15T19:17:16.141-0300] {logging_mixin.py:150} INFO - [2023-08-15T19:17:16.141-0300] {dag.py:2742} INFO - Sync 1 DAGs
[2023-08-15T19:17:16.180-0300] {logging_mixin.py:150} INFO - [2023-08-15T19:17:16.180-0300] {dag.py:3504} INFO - Setting next_dagrun for tutorial_taskflow_api to None, run_after=None
[2023-08-15T19:17:16.290-0300] {processor.py:179} INFO - Processing /home/alan/repos/pipeline_airflow/pipeline-airflow-venv/lib/python3.11/site-packages/airflow/example_dags/tutorial_taskflow_api.py took 0.217 seconds
[2023-08-15T19:18:16.709-0300] {processor.py:157} INFO - Started process (PID=30837) to work on /home/alan/repos/pipeline_airflow/pipeline-airflow-venv/lib/python3.11/site-packages/airflow/example_dags/tutorial_taskflow_api.py
[2023-08-15T19:18:16.719-0300] {processor.py:826} INFO - Processing file /home/alan/repos/pipeline_airflow/pipeline-airflow-venv/lib/python3.11/site-packages/airflow/example_dags/tutorial_taskflow_api.py for tasks to queue
[2023-08-15T19:18:16.721-0300] {logging_mixin.py:150} INFO - [2023-08-15T19:18:16.720-0300] {dagbag.py:541} INFO - Filling up the DagBag from /home/alan/repos/pipeline_airflow/pipeline-airflow-venv/lib/python3.11/site-packages/airflow/example_dags/tutorial_taskflow_api.py
[2023-08-15T19:18:16.734-0300] {processor.py:836} INFO - DAG(s) dict_keys(['tutorial_taskflow_api']) retrieved from /home/alan/repos/pipeline_airflow/pipeline-airflow-venv/lib/python3.11/site-packages/airflow/example_dags/tutorial_taskflow_api.py
[2023-08-15T19:18:16.766-0300] {logging_mixin.py:150} INFO - [2023-08-15T19:18:16.765-0300] {dag.py:2742} INFO - Sync 1 DAGs
[2023-08-15T19:18:16.804-0300] {logging_mixin.py:150} INFO - [2023-08-15T19:18:16.803-0300] {dag.py:3504} INFO - Setting next_dagrun for tutorial_taskflow_api to None, run_after=None
[2023-08-15T19:18:16.988-0300] {processor.py:179} INFO - Processing /home/alan/repos/pipeline_airflow/pipeline-airflow-venv/lib/python3.11/site-packages/airflow/example_dags/tutorial_taskflow_api.py took 0.285 seconds
[2023-08-15T19:19:11.967-0300] {processor.py:157} INFO - Started process (PID=30978) to work on /home/alan/repos/pipeline_airflow/pipeline-airflow-venv/lib/python3.11/site-packages/airflow/example_dags/tutorial_taskflow_api.py
[2023-08-15T19:19:11.974-0300] {processor.py:826} INFO - Processing file /home/alan/repos/pipeline_airflow/pipeline-airflow-venv/lib/python3.11/site-packages/airflow/example_dags/tutorial_taskflow_api.py for tasks to queue
[2023-08-15T19:19:11.975-0300] {logging_mixin.py:150} INFO - [2023-08-15T19:19:11.974-0300] {dagbag.py:541} INFO - Filling up the DagBag from /home/alan/repos/pipeline_airflow/pipeline-airflow-venv/lib/python3.11/site-packages/airflow/example_dags/tutorial_taskflow_api.py
[2023-08-15T19:19:11.995-0300] {processor.py:836} INFO - DAG(s) dict_keys(['tutorial_taskflow_api']) retrieved from /home/alan/repos/pipeline_airflow/pipeline-airflow-venv/lib/python3.11/site-packages/airflow/example_dags/tutorial_taskflow_api.py
[2023-08-15T19:19:12.032-0300] {logging_mixin.py:150} INFO - [2023-08-15T19:19:12.032-0300] {dag.py:2742} INFO - Sync 1 DAGs
[2023-08-15T19:19:12.075-0300] {logging_mixin.py:150} INFO - [2023-08-15T19:19:12.075-0300] {dag.py:3504} INFO - Setting next_dagrun for tutorial_taskflow_api to None, run_after=None
[2023-08-15T19:19:12.210-0300] {processor.py:179} INFO - Processing /home/alan/repos/pipeline_airflow/pipeline-airflow-venv/lib/python3.11/site-packages/airflow/example_dags/tutorial_taskflow_api.py took 0.249 seconds
[2023-08-15T19:20:10.129-0300] {processor.py:157} INFO - Started process (PID=31131) to work on /home/alan/repos/pipeline_airflow/pipeline-airflow-venv/lib/python3.11/site-packages/airflow/example_dags/tutorial_taskflow_api.py
[2023-08-15T19:20:10.141-0300] {processor.py:826} INFO - Processing file /home/alan/repos/pipeline_airflow/pipeline-airflow-venv/lib/python3.11/site-packages/airflow/example_dags/tutorial_taskflow_api.py for tasks to queue
[2023-08-15T19:20:10.143-0300] {logging_mixin.py:150} INFO - [2023-08-15T19:20:10.142-0300] {dagbag.py:541} INFO - Filling up the DagBag from /home/alan/repos/pipeline_airflow/pipeline-airflow-venv/lib/python3.11/site-packages/airflow/example_dags/tutorial_taskflow_api.py
[2023-08-15T19:20:10.159-0300] {processor.py:836} INFO - DAG(s) dict_keys(['tutorial_taskflow_api']) retrieved from /home/alan/repos/pipeline_airflow/pipeline-airflow-venv/lib/python3.11/site-packages/airflow/example_dags/tutorial_taskflow_api.py
[2023-08-15T19:20:10.191-0300] {logging_mixin.py:150} INFO - [2023-08-15T19:20:10.190-0300] {dag.py:2742} INFO - Sync 1 DAGs
[2023-08-15T19:20:10.225-0300] {logging_mixin.py:150} INFO - [2023-08-15T19:20:10.225-0300] {dag.py:3504} INFO - Setting next_dagrun for tutorial_taskflow_api to None, run_after=None
[2023-08-15T19:20:10.328-0300] {processor.py:179} INFO - Processing /home/alan/repos/pipeline_airflow/pipeline-airflow-venv/lib/python3.11/site-packages/airflow/example_dags/tutorial_taskflow_api.py took 0.206 seconds
[2023-08-15T19:21:22.565-0300] {processor.py:157} INFO - Started process (PID=31482) to work on /home/alan/repos/pipeline_airflow/pipeline-airflow-venv/lib/python3.11/site-packages/airflow/example_dags/tutorial_taskflow_api.py
[2023-08-15T19:21:22.567-0300] {processor.py:826} INFO - Processing file /home/alan/repos/pipeline_airflow/pipeline-airflow-venv/lib/python3.11/site-packages/airflow/example_dags/tutorial_taskflow_api.py for tasks to queue
[2023-08-15T19:21:22.569-0300] {logging_mixin.py:150} INFO - [2023-08-15T19:21:22.569-0300] {dagbag.py:541} INFO - Filling up the DagBag from /home/alan/repos/pipeline_airflow/pipeline-airflow-venv/lib/python3.11/site-packages/airflow/example_dags/tutorial_taskflow_api.py
[2023-08-15T19:21:22.581-0300] {processor.py:836} INFO - DAG(s) dict_keys(['tutorial_taskflow_api']) retrieved from /home/alan/repos/pipeline_airflow/pipeline-airflow-venv/lib/python3.11/site-packages/airflow/example_dags/tutorial_taskflow_api.py
[2023-08-15T19:21:22.611-0300] {logging_mixin.py:150} INFO - [2023-08-15T19:21:22.611-0300] {dag.py:2742} INFO - Sync 1 DAGs
[2023-08-15T19:21:22.648-0300] {logging_mixin.py:150} INFO - [2023-08-15T19:21:22.648-0300] {dag.py:3504} INFO - Setting next_dagrun for tutorial_taskflow_api to None, run_after=None
[2023-08-15T19:21:22.760-0300] {processor.py:179} INFO - Processing /home/alan/repos/pipeline_airflow/pipeline-airflow-venv/lib/python3.11/site-packages/airflow/example_dags/tutorial_taskflow_api.py took 0.201 seconds
[2023-08-15T19:21:57.330-0300] {processor.py:157} INFO - Started process (PID=31617) to work on /home/alan/repos/pipeline_airflow/pipeline-airflow-venv/lib/python3.11/site-packages/airflow/example_dags/tutorial_taskflow_api.py
[2023-08-15T19:21:57.337-0300] {processor.py:826} INFO - Processing file /home/alan/repos/pipeline_airflow/pipeline-airflow-venv/lib/python3.11/site-packages/airflow/example_dags/tutorial_taskflow_api.py for tasks to queue
[2023-08-15T19:21:57.338-0300] {logging_mixin.py:150} INFO - [2023-08-15T19:21:57.337-0300] {dagbag.py:541} INFO - Filling up the DagBag from /home/alan/repos/pipeline_airflow/pipeline-airflow-venv/lib/python3.11/site-packages/airflow/example_dags/tutorial_taskflow_api.py
[2023-08-15T19:21:57.354-0300] {processor.py:836} INFO - DAG(s) dict_keys(['tutorial_taskflow_api']) retrieved from /home/alan/repos/pipeline_airflow/pipeline-airflow-venv/lib/python3.11/site-packages/airflow/example_dags/tutorial_taskflow_api.py
[2023-08-15T19:21:57.387-0300] {logging_mixin.py:150} INFO - [2023-08-15T19:21:57.386-0300] {dag.py:2742} INFO - Sync 1 DAGs
[2023-08-15T19:21:57.427-0300] {logging_mixin.py:150} INFO - [2023-08-15T19:21:57.427-0300] {dag.py:3504} INFO - Setting next_dagrun for tutorial_taskflow_api to None, run_after=None
[2023-08-15T19:21:57.550-0300] {processor.py:179} INFO - Processing /home/alan/repos/pipeline_airflow/pipeline-airflow-venv/lib/python3.11/site-packages/airflow/example_dags/tutorial_taskflow_api.py took 0.227 seconds
