[2023-08-15T18:19:05.950-0300] {processor.py:157} INFO - Started process (PID=17943) to work on /home/alan/repos/pipeline_airflow/pipeline-airflow-venv/lib/python3.11/site-packages/airflow/example_dags/tutorial_dag.py
[2023-08-15T18:19:05.952-0300] {processor.py:826} INFO - Processing file /home/alan/repos/pipeline_airflow/pipeline-airflow-venv/lib/python3.11/site-packages/airflow/example_dags/tutorial_dag.py for tasks to queue
[2023-08-15T18:19:05.953-0300] {logging_mixin.py:150} INFO - [2023-08-15T18:19:05.952-0300] {dagbag.py:541} INFO - Filling up the DagBag from /home/alan/repos/pipeline_airflow/pipeline-airflow-venv/lib/python3.11/site-packages/airflow/example_dags/tutorial_dag.py
[2023-08-15T18:19:05.966-0300] {processor.py:836} INFO - DAG(s) dict_keys(['tutorial_dag']) retrieved from /home/alan/repos/pipeline_airflow/pipeline-airflow-venv/lib/python3.11/site-packages/airflow/example_dags/tutorial_dag.py
[2023-08-15T18:19:06.450-0300] {logging_mixin.py:150} INFO - [2023-08-15T18:19:06.449-0300] {manager.py:504} INFO - Created Permission View: can delete on DAG:tutorial_dag
[2023-08-15T18:19:06.551-0300] {logging_mixin.py:150} INFO - [2023-08-15T18:19:06.550-0300] {manager.py:504} INFO - Created Permission View: can edit on DAG:tutorial_dag
[2023-08-15T18:19:06.642-0300] {logging_mixin.py:150} INFO - [2023-08-15T18:19:06.641-0300] {manager.py:504} INFO - Created Permission View: can read on DAG:tutorial_dag
[2023-08-15T18:19:06.846-0300] {logging_mixin.py:150} INFO - [2023-08-15T18:19:06.845-0300] {dag.py:2742} INFO - Sync 1 DAGs
[2023-08-15T18:19:06.960-0300] {logging_mixin.py:150} INFO - [2023-08-15T18:19:06.955-0300] {dag.py:2763} INFO - Creating ORM DAG for tutorial_dag
[2023-08-15T18:19:07.282-0300] {logging_mixin.py:150} INFO - [2023-08-15T18:19:07.281-0300] {dag.py:3504} INFO - Setting next_dagrun for tutorial_dag to None, run_after=None
[2023-08-15T18:19:09.013-0300] {processor.py:179} INFO - Processing /home/alan/repos/pipeline_airflow/pipeline-airflow-venv/lib/python3.11/site-packages/airflow/example_dags/tutorial_dag.py took 3.067 seconds
[2023-08-15T18:20:46.809-0300] {processor.py:157} INFO - Started process (PID=18769) to work on /home/alan/repos/pipeline_airflow/pipeline-airflow-venv/lib/python3.11/site-packages/airflow/example_dags/tutorial_dag.py
[2023-08-15T18:20:46.811-0300] {processor.py:826} INFO - Processing file /home/alan/repos/pipeline_airflow/pipeline-airflow-venv/lib/python3.11/site-packages/airflow/example_dags/tutorial_dag.py for tasks to queue
[2023-08-15T18:20:46.812-0300] {logging_mixin.py:150} INFO - [2023-08-15T18:20:46.812-0300] {dagbag.py:541} INFO - Filling up the DagBag from /home/alan/repos/pipeline_airflow/pipeline-airflow-venv/lib/python3.11/site-packages/airflow/example_dags/tutorial_dag.py
[2023-08-15T18:20:46.821-0300] {processor.py:836} INFO - DAG(s) dict_keys(['tutorial_dag']) retrieved from /home/alan/repos/pipeline_airflow/pipeline-airflow-venv/lib/python3.11/site-packages/airflow/example_dags/tutorial_dag.py
[2023-08-15T18:20:46.855-0300] {logging_mixin.py:150} INFO - [2023-08-15T18:20:46.855-0300] {dag.py:2742} INFO - Sync 1 DAGs
[2023-08-15T18:20:46.896-0300] {logging_mixin.py:150} INFO - [2023-08-15T18:20:46.896-0300] {dag.py:3504} INFO - Setting next_dagrun for tutorial_dag to None, run_after=None
[2023-08-15T18:20:47.022-0300] {processor.py:179} INFO - Processing /home/alan/repos/pipeline_airflow/pipeline-airflow-venv/lib/python3.11/site-packages/airflow/example_dags/tutorial_dag.py took 0.219 seconds
[2023-08-15T18:21:27.059-0300] {processor.py:157} INFO - Started process (PID=18908) to work on /home/alan/repos/pipeline_airflow/pipeline-airflow-venv/lib/python3.11/site-packages/airflow/example_dags/tutorial_dag.py
[2023-08-15T18:21:27.060-0300] {processor.py:826} INFO - Processing file /home/alan/repos/pipeline_airflow/pipeline-airflow-venv/lib/python3.11/site-packages/airflow/example_dags/tutorial_dag.py for tasks to queue
[2023-08-15T18:21:27.062-0300] {logging_mixin.py:150} INFO - [2023-08-15T18:21:27.061-0300] {dagbag.py:541} INFO - Filling up the DagBag from /home/alan/repos/pipeline_airflow/pipeline-airflow-venv/lib/python3.11/site-packages/airflow/example_dags/tutorial_dag.py
[2023-08-15T18:21:27.074-0300] {processor.py:836} INFO - DAG(s) dict_keys(['tutorial_dag']) retrieved from /home/alan/repos/pipeline_airflow/pipeline-airflow-venv/lib/python3.11/site-packages/airflow/example_dags/tutorial_dag.py
[2023-08-15T18:21:27.107-0300] {logging_mixin.py:150} INFO - [2023-08-15T18:21:27.106-0300] {dag.py:2742} INFO - Sync 1 DAGs
[2023-08-15T18:21:27.144-0300] {logging_mixin.py:150} INFO - [2023-08-15T18:21:27.144-0300] {dag.py:3504} INFO - Setting next_dagrun for tutorial_dag to None, run_after=None
[2023-08-15T18:21:27.257-0300] {processor.py:179} INFO - Processing /home/alan/repos/pipeline_airflow/pipeline-airflow-venv/lib/python3.11/site-packages/airflow/example_dags/tutorial_dag.py took 0.204 seconds
[2023-08-15T18:22:20.172-0300] {processor.py:157} INFO - Started process (PID=19101) to work on /home/alan/repos/pipeline_airflow/pipeline-airflow-venv/lib/python3.11/site-packages/airflow/example_dags/tutorial_dag.py
[2023-08-15T18:22:20.174-0300] {processor.py:826} INFO - Processing file /home/alan/repos/pipeline_airflow/pipeline-airflow-venv/lib/python3.11/site-packages/airflow/example_dags/tutorial_dag.py for tasks to queue
[2023-08-15T18:22:20.176-0300] {logging_mixin.py:150} INFO - [2023-08-15T18:22:20.175-0300] {dagbag.py:541} INFO - Filling up the DagBag from /home/alan/repos/pipeline_airflow/pipeline-airflow-venv/lib/python3.11/site-packages/airflow/example_dags/tutorial_dag.py
[2023-08-15T18:22:20.187-0300] {processor.py:836} INFO - DAG(s) dict_keys(['tutorial_dag']) retrieved from /home/alan/repos/pipeline_airflow/pipeline-airflow-venv/lib/python3.11/site-packages/airflow/example_dags/tutorial_dag.py
[2023-08-15T18:22:20.218-0300] {logging_mixin.py:150} INFO - [2023-08-15T18:22:20.218-0300] {dag.py:2742} INFO - Sync 1 DAGs
[2023-08-15T18:22:20.252-0300] {logging_mixin.py:150} INFO - [2023-08-15T18:22:20.251-0300] {dag.py:3504} INFO - Setting next_dagrun for tutorial_dag to None, run_after=None
[2023-08-15T18:22:20.356-0300] {processor.py:179} INFO - Processing /home/alan/repos/pipeline_airflow/pipeline-airflow-venv/lib/python3.11/site-packages/airflow/example_dags/tutorial_dag.py took 0.190 seconds
[2023-08-15T18:23:14.229-0300] {processor.py:157} INFO - Started process (PID=19293) to work on /home/alan/repos/pipeline_airflow/pipeline-airflow-venv/lib/python3.11/site-packages/airflow/example_dags/tutorial_dag.py
[2023-08-15T18:23:14.231-0300] {processor.py:826} INFO - Processing file /home/alan/repos/pipeline_airflow/pipeline-airflow-venv/lib/python3.11/site-packages/airflow/example_dags/tutorial_dag.py for tasks to queue
[2023-08-15T18:23:14.232-0300] {logging_mixin.py:150} INFO - [2023-08-15T18:23:14.232-0300] {dagbag.py:541} INFO - Filling up the DagBag from /home/alan/repos/pipeline_airflow/pipeline-airflow-venv/lib/python3.11/site-packages/airflow/example_dags/tutorial_dag.py
[2023-08-15T18:23:14.242-0300] {processor.py:836} INFO - DAG(s) dict_keys(['tutorial_dag']) retrieved from /home/alan/repos/pipeline_airflow/pipeline-airflow-venv/lib/python3.11/site-packages/airflow/example_dags/tutorial_dag.py
[2023-08-15T18:23:14.272-0300] {logging_mixin.py:150} INFO - [2023-08-15T18:23:14.272-0300] {dag.py:2742} INFO - Sync 1 DAGs
[2023-08-15T18:23:14.305-0300] {logging_mixin.py:150} INFO - [2023-08-15T18:23:14.305-0300] {dag.py:3504} INFO - Setting next_dagrun for tutorial_dag to None, run_after=None
[2023-08-15T18:23:14.430-0300] {processor.py:179} INFO - Processing /home/alan/repos/pipeline_airflow/pipeline-airflow-venv/lib/python3.11/site-packages/airflow/example_dags/tutorial_dag.py took 0.206 seconds
[2023-08-15T18:24:19.477-0300] {processor.py:157} INFO - Started process (PID=19574) to work on /home/alan/repos/pipeline_airflow/pipeline-airflow-venv/lib/python3.11/site-packages/airflow/example_dags/tutorial_dag.py
[2023-08-15T18:24:19.492-0300] {processor.py:826} INFO - Processing file /home/alan/repos/pipeline_airflow/pipeline-airflow-venv/lib/python3.11/site-packages/airflow/example_dags/tutorial_dag.py for tasks to queue
[2023-08-15T18:24:19.494-0300] {logging_mixin.py:150} INFO - [2023-08-15T18:24:19.493-0300] {dagbag.py:541} INFO - Filling up the DagBag from /home/alan/repos/pipeline_airflow/pipeline-airflow-venv/lib/python3.11/site-packages/airflow/example_dags/tutorial_dag.py
[2023-08-15T18:24:19.503-0300] {processor.py:836} INFO - DAG(s) dict_keys(['tutorial_dag']) retrieved from /home/alan/repos/pipeline_airflow/pipeline-airflow-venv/lib/python3.11/site-packages/airflow/example_dags/tutorial_dag.py
[2023-08-15T18:24:19.542-0300] {logging_mixin.py:150} INFO - [2023-08-15T18:24:19.541-0300] {dag.py:2742} INFO - Sync 1 DAGs
[2023-08-15T18:24:19.875-0300] {logging_mixin.py:150} INFO - [2023-08-15T18:24:19.874-0300] {dag.py:3504} INFO - Setting next_dagrun for tutorial_dag to None, run_after=None
[2023-08-15T18:24:20.117-0300] {processor.py:179} INFO - Processing /home/alan/repos/pipeline_airflow/pipeline-airflow-venv/lib/python3.11/site-packages/airflow/example_dags/tutorial_dag.py took 0.644 seconds
[2023-08-15T18:26:17.276-0300] {processor.py:157} INFO - Started process (PID=20676) to work on /home/alan/repos/pipeline_airflow/pipeline-airflow-venv/lib/python3.11/site-packages/airflow/example_dags/tutorial_dag.py
[2023-08-15T18:26:17.298-0300] {processor.py:826} INFO - Processing file /home/alan/repos/pipeline_airflow/pipeline-airflow-venv/lib/python3.11/site-packages/airflow/example_dags/tutorial_dag.py for tasks to queue
[2023-08-15T18:26:17.300-0300] {logging_mixin.py:150} INFO - [2023-08-15T18:26:17.299-0300] {dagbag.py:541} INFO - Filling up the DagBag from /home/alan/repos/pipeline_airflow/pipeline-airflow-venv/lib/python3.11/site-packages/airflow/example_dags/tutorial_dag.py
[2023-08-15T18:26:17.346-0300] {processor.py:836} INFO - DAG(s) dict_keys(['tutorial_dag']) retrieved from /home/alan/repos/pipeline_airflow/pipeline-airflow-venv/lib/python3.11/site-packages/airflow/example_dags/tutorial_dag.py
[2023-08-15T18:26:17.507-0300] {logging_mixin.py:150} INFO - [2023-08-15T18:26:17.506-0300] {dag.py:2742} INFO - Sync 1 DAGs
[2023-08-15T18:26:17.550-0300] {logging_mixin.py:150} INFO - [2023-08-15T18:26:17.549-0300] {dag.py:3504} INFO - Setting next_dagrun for tutorial_dag to None, run_after=None
[2023-08-15T18:26:17.661-0300] {processor.py:179} INFO - Processing /home/alan/repos/pipeline_airflow/pipeline-airflow-venv/lib/python3.11/site-packages/airflow/example_dags/tutorial_dag.py took 0.396 seconds
[2023-08-15T18:27:04.735-0300] {processor.py:157} INFO - Started process (PID=20858) to work on /home/alan/repos/pipeline_airflow/pipeline-airflow-venv/lib/python3.11/site-packages/airflow/example_dags/tutorial_dag.py
[2023-08-15T18:27:04.755-0300] {processor.py:826} INFO - Processing file /home/alan/repos/pipeline_airflow/pipeline-airflow-venv/lib/python3.11/site-packages/airflow/example_dags/tutorial_dag.py for tasks to queue
[2023-08-15T18:27:04.757-0300] {logging_mixin.py:150} INFO - [2023-08-15T18:27:04.756-0300] {dagbag.py:541} INFO - Filling up the DagBag from /home/alan/repos/pipeline_airflow/pipeline-airflow-venv/lib/python3.11/site-packages/airflow/example_dags/tutorial_dag.py
[2023-08-15T18:27:04.770-0300] {processor.py:836} INFO - DAG(s) dict_keys(['tutorial_dag']) retrieved from /home/alan/repos/pipeline_airflow/pipeline-airflow-venv/lib/python3.11/site-packages/airflow/example_dags/tutorial_dag.py
[2023-08-15T18:27:04.805-0300] {logging_mixin.py:150} INFO - [2023-08-15T18:27:04.805-0300] {dag.py:2742} INFO - Sync 1 DAGs
[2023-08-15T18:27:04.846-0300] {logging_mixin.py:150} INFO - [2023-08-15T18:27:04.845-0300] {dag.py:3504} INFO - Setting next_dagrun for tutorial_dag to None, run_after=None
[2023-08-15T18:27:04.959-0300] {processor.py:179} INFO - Processing /home/alan/repos/pipeline_airflow/pipeline-airflow-venv/lib/python3.11/site-packages/airflow/example_dags/tutorial_dag.py took 0.236 seconds
[2023-08-15T18:28:05.132-0300] {processor.py:157} INFO - Started process (PID=21075) to work on /home/alan/repos/pipeline_airflow/pipeline-airflow-venv/lib/python3.11/site-packages/airflow/example_dags/tutorial_dag.py
[2023-08-15T18:28:05.142-0300] {processor.py:826} INFO - Processing file /home/alan/repos/pipeline_airflow/pipeline-airflow-venv/lib/python3.11/site-packages/airflow/example_dags/tutorial_dag.py for tasks to queue
[2023-08-15T18:28:05.143-0300] {logging_mixin.py:150} INFO - [2023-08-15T18:28:05.143-0300] {dagbag.py:541} INFO - Filling up the DagBag from /home/alan/repos/pipeline_airflow/pipeline-airflow-venv/lib/python3.11/site-packages/airflow/example_dags/tutorial_dag.py
[2023-08-15T18:28:05.158-0300] {processor.py:836} INFO - DAG(s) dict_keys(['tutorial_dag']) retrieved from /home/alan/repos/pipeline_airflow/pipeline-airflow-venv/lib/python3.11/site-packages/airflow/example_dags/tutorial_dag.py
[2023-08-15T18:28:05.197-0300] {logging_mixin.py:150} INFO - [2023-08-15T18:28:05.197-0300] {dag.py:2742} INFO - Sync 1 DAGs
[2023-08-15T18:28:05.253-0300] {logging_mixin.py:150} INFO - [2023-08-15T18:28:05.253-0300] {dag.py:3504} INFO - Setting next_dagrun for tutorial_dag to None, run_after=None
[2023-08-15T18:28:05.421-0300] {processor.py:179} INFO - Processing /home/alan/repos/pipeline_airflow/pipeline-airflow-venv/lib/python3.11/site-packages/airflow/example_dags/tutorial_dag.py took 0.296 seconds
[2023-08-15T18:29:01.518-0300] {processor.py:157} INFO - Started process (PID=21315) to work on /home/alan/repos/pipeline_airflow/pipeline-airflow-venv/lib/python3.11/site-packages/airflow/example_dags/tutorial_dag.py
[2023-08-15T18:29:01.534-0300] {processor.py:826} INFO - Processing file /home/alan/repos/pipeline_airflow/pipeline-airflow-venv/lib/python3.11/site-packages/airflow/example_dags/tutorial_dag.py for tasks to queue
[2023-08-15T18:29:01.535-0300] {logging_mixin.py:150} INFO - [2023-08-15T18:29:01.535-0300] {dagbag.py:541} INFO - Filling up the DagBag from /home/alan/repos/pipeline_airflow/pipeline-airflow-venv/lib/python3.11/site-packages/airflow/example_dags/tutorial_dag.py
[2023-08-15T18:29:01.544-0300] {processor.py:836} INFO - DAG(s) dict_keys(['tutorial_dag']) retrieved from /home/alan/repos/pipeline_airflow/pipeline-airflow-venv/lib/python3.11/site-packages/airflow/example_dags/tutorial_dag.py
[2023-08-15T18:29:01.573-0300] {logging_mixin.py:150} INFO - [2023-08-15T18:29:01.572-0300] {dag.py:2742} INFO - Sync 1 DAGs
[2023-08-15T18:29:01.607-0300] {logging_mixin.py:150} INFO - [2023-08-15T18:29:01.607-0300] {dag.py:3504} INFO - Setting next_dagrun for tutorial_dag to None, run_after=None
[2023-08-15T18:29:01.811-0300] {processor.py:179} INFO - Processing /home/alan/repos/pipeline_airflow/pipeline-airflow-venv/lib/python3.11/site-packages/airflow/example_dags/tutorial_dag.py took 0.301 seconds
[2023-08-15T18:30:00.442-0300] {processor.py:157} INFO - Started process (PID=21536) to work on /home/alan/repos/pipeline_airflow/pipeline-airflow-venv/lib/python3.11/site-packages/airflow/example_dags/tutorial_dag.py
[2023-08-15T18:30:00.460-0300] {processor.py:826} INFO - Processing file /home/alan/repos/pipeline_airflow/pipeline-airflow-venv/lib/python3.11/site-packages/airflow/example_dags/tutorial_dag.py for tasks to queue
[2023-08-15T18:30:00.461-0300] {logging_mixin.py:150} INFO - [2023-08-15T18:30:00.461-0300] {dagbag.py:541} INFO - Filling up the DagBag from /home/alan/repos/pipeline_airflow/pipeline-airflow-venv/lib/python3.11/site-packages/airflow/example_dags/tutorial_dag.py
[2023-08-15T18:30:00.472-0300] {processor.py:836} INFO - DAG(s) dict_keys(['tutorial_dag']) retrieved from /home/alan/repos/pipeline_airflow/pipeline-airflow-venv/lib/python3.11/site-packages/airflow/example_dags/tutorial_dag.py
[2023-08-15T18:30:00.512-0300] {logging_mixin.py:150} INFO - [2023-08-15T18:30:00.511-0300] {dag.py:2742} INFO - Sync 1 DAGs
[2023-08-15T18:30:00.669-0300] {logging_mixin.py:150} INFO - [2023-08-15T18:30:00.669-0300] {dag.py:3504} INFO - Setting next_dagrun for tutorial_dag to None, run_after=None
[2023-08-15T18:30:00.815-0300] {processor.py:179} INFO - Processing /home/alan/repos/pipeline_airflow/pipeline-airflow-venv/lib/python3.11/site-packages/airflow/example_dags/tutorial_dag.py took 0.379 seconds
[2023-08-15T18:30:54.221-0300] {processor.py:157} INFO - Started process (PID=21739) to work on /home/alan/repos/pipeline_airflow/pipeline-airflow-venv/lib/python3.11/site-packages/airflow/example_dags/tutorial_dag.py
[2023-08-15T18:30:54.231-0300] {processor.py:826} INFO - Processing file /home/alan/repos/pipeline_airflow/pipeline-airflow-venv/lib/python3.11/site-packages/airflow/example_dags/tutorial_dag.py for tasks to queue
[2023-08-15T18:30:54.233-0300] {logging_mixin.py:150} INFO - [2023-08-15T18:30:54.232-0300] {dagbag.py:541} INFO - Filling up the DagBag from /home/alan/repos/pipeline_airflow/pipeline-airflow-venv/lib/python3.11/site-packages/airflow/example_dags/tutorial_dag.py
[2023-08-15T18:30:54.242-0300] {processor.py:836} INFO - DAG(s) dict_keys(['tutorial_dag']) retrieved from /home/alan/repos/pipeline_airflow/pipeline-airflow-venv/lib/python3.11/site-packages/airflow/example_dags/tutorial_dag.py
[2023-08-15T18:30:54.294-0300] {logging_mixin.py:150} INFO - [2023-08-15T18:30:54.293-0300] {dag.py:2742} INFO - Sync 1 DAGs
[2023-08-15T18:30:54.378-0300] {logging_mixin.py:150} INFO - [2023-08-15T18:30:54.378-0300] {dag.py:3504} INFO - Setting next_dagrun for tutorial_dag to None, run_after=None
[2023-08-15T18:30:54.516-0300] {processor.py:179} INFO - Processing /home/alan/repos/pipeline_airflow/pipeline-airflow-venv/lib/python3.11/site-packages/airflow/example_dags/tutorial_dag.py took 0.309 seconds
[2023-08-15T18:31:51.677-0300] {processor.py:157} INFO - Started process (PID=21940) to work on /home/alan/repos/pipeline_airflow/pipeline-airflow-venv/lib/python3.11/site-packages/airflow/example_dags/tutorial_dag.py
[2023-08-15T18:31:51.684-0300] {processor.py:826} INFO - Processing file /home/alan/repos/pipeline_airflow/pipeline-airflow-venv/lib/python3.11/site-packages/airflow/example_dags/tutorial_dag.py for tasks to queue
[2023-08-15T18:31:51.686-0300] {logging_mixin.py:150} INFO - [2023-08-15T18:31:51.685-0300] {dagbag.py:541} INFO - Filling up the DagBag from /home/alan/repos/pipeline_airflow/pipeline-airflow-venv/lib/python3.11/site-packages/airflow/example_dags/tutorial_dag.py
[2023-08-15T18:31:51.696-0300] {processor.py:836} INFO - DAG(s) dict_keys(['tutorial_dag']) retrieved from /home/alan/repos/pipeline_airflow/pipeline-airflow-venv/lib/python3.11/site-packages/airflow/example_dags/tutorial_dag.py
[2023-08-15T18:31:51.730-0300] {logging_mixin.py:150} INFO - [2023-08-15T18:31:51.730-0300] {dag.py:2742} INFO - Sync 1 DAGs
[2023-08-15T18:31:51.767-0300] {logging_mixin.py:150} INFO - [2023-08-15T18:31:51.767-0300] {dag.py:3504} INFO - Setting next_dagrun for tutorial_dag to None, run_after=None
[2023-08-15T18:31:51.877-0300] {processor.py:179} INFO - Processing /home/alan/repos/pipeline_airflow/pipeline-airflow-venv/lib/python3.11/site-packages/airflow/example_dags/tutorial_dag.py took 0.207 seconds
[2023-08-15T18:32:46.516-0300] {processor.py:157} INFO - Started process (PID=22147) to work on /home/alan/repos/pipeline_airflow/pipeline-airflow-venv/lib/python3.11/site-packages/airflow/example_dags/tutorial_dag.py
[2023-08-15T18:32:46.517-0300] {processor.py:826} INFO - Processing file /home/alan/repos/pipeline_airflow/pipeline-airflow-venv/lib/python3.11/site-packages/airflow/example_dags/tutorial_dag.py for tasks to queue
[2023-08-15T18:32:46.519-0300] {logging_mixin.py:150} INFO - [2023-08-15T18:32:46.518-0300] {dagbag.py:541} INFO - Filling up the DagBag from /home/alan/repos/pipeline_airflow/pipeline-airflow-venv/lib/python3.11/site-packages/airflow/example_dags/tutorial_dag.py
[2023-08-15T18:32:46.530-0300] {processor.py:836} INFO - DAG(s) dict_keys(['tutorial_dag']) retrieved from /home/alan/repos/pipeline_airflow/pipeline-airflow-venv/lib/python3.11/site-packages/airflow/example_dags/tutorial_dag.py
[2023-08-15T18:32:46.562-0300] {logging_mixin.py:150} INFO - [2023-08-15T18:32:46.561-0300] {dag.py:2742} INFO - Sync 1 DAGs
[2023-08-15T18:32:46.596-0300] {logging_mixin.py:150} INFO - [2023-08-15T18:32:46.596-0300] {dag.py:3504} INFO - Setting next_dagrun for tutorial_dag to None, run_after=None
[2023-08-15T18:32:46.692-0300] {processor.py:179} INFO - Processing /home/alan/repos/pipeline_airflow/pipeline-airflow-venv/lib/python3.11/site-packages/airflow/example_dags/tutorial_dag.py took 0.183 seconds
[2023-08-15T18:33:45.216-0300] {processor.py:157} INFO - Started process (PID=22379) to work on /home/alan/repos/pipeline_airflow/pipeline-airflow-venv/lib/python3.11/site-packages/airflow/example_dags/tutorial_dag.py
[2023-08-15T18:33:45.223-0300] {processor.py:826} INFO - Processing file /home/alan/repos/pipeline_airflow/pipeline-airflow-venv/lib/python3.11/site-packages/airflow/example_dags/tutorial_dag.py for tasks to queue
[2023-08-15T18:33:45.225-0300] {logging_mixin.py:150} INFO - [2023-08-15T18:33:45.224-0300] {dagbag.py:541} INFO - Filling up the DagBag from /home/alan/repos/pipeline_airflow/pipeline-airflow-venv/lib/python3.11/site-packages/airflow/example_dags/tutorial_dag.py
[2023-08-15T18:33:45.236-0300] {processor.py:836} INFO - DAG(s) dict_keys(['tutorial_dag']) retrieved from /home/alan/repos/pipeline_airflow/pipeline-airflow-venv/lib/python3.11/site-packages/airflow/example_dags/tutorial_dag.py
[2023-08-15T18:33:45.269-0300] {logging_mixin.py:150} INFO - [2023-08-15T18:33:45.269-0300] {dag.py:2742} INFO - Sync 1 DAGs
[2023-08-15T18:33:45.303-0300] {logging_mixin.py:150} INFO - [2023-08-15T18:33:45.303-0300] {dag.py:3504} INFO - Setting next_dagrun for tutorial_dag to None, run_after=None
[2023-08-15T18:33:45.397-0300] {processor.py:179} INFO - Processing /home/alan/repos/pipeline_airflow/pipeline-airflow-venv/lib/python3.11/site-packages/airflow/example_dags/tutorial_dag.py took 0.187 seconds
[2023-08-15T18:34:39.757-0300] {processor.py:157} INFO - Started process (PID=22563) to work on /home/alan/repos/pipeline_airflow/pipeline-airflow-venv/lib/python3.11/site-packages/airflow/example_dags/tutorial_dag.py
[2023-08-15T18:34:39.776-0300] {processor.py:826} INFO - Processing file /home/alan/repos/pipeline_airflow/pipeline-airflow-venv/lib/python3.11/site-packages/airflow/example_dags/tutorial_dag.py for tasks to queue
[2023-08-15T18:34:39.777-0300] {logging_mixin.py:150} INFO - [2023-08-15T18:34:39.777-0300] {dagbag.py:541} INFO - Filling up the DagBag from /home/alan/repos/pipeline_airflow/pipeline-airflow-venv/lib/python3.11/site-packages/airflow/example_dags/tutorial_dag.py
[2023-08-15T18:34:39.787-0300] {processor.py:836} INFO - DAG(s) dict_keys(['tutorial_dag']) retrieved from /home/alan/repos/pipeline_airflow/pipeline-airflow-venv/lib/python3.11/site-packages/airflow/example_dags/tutorial_dag.py
[2023-08-15T18:34:39.817-0300] {logging_mixin.py:150} INFO - [2023-08-15T18:34:39.817-0300] {dag.py:2742} INFO - Sync 1 DAGs
[2023-08-15T18:34:39.852-0300] {logging_mixin.py:150} INFO - [2023-08-15T18:34:39.852-0300] {dag.py:3504} INFO - Setting next_dagrun for tutorial_dag to None, run_after=None
[2023-08-15T18:34:39.980-0300] {processor.py:179} INFO - Processing /home/alan/repos/pipeline_airflow/pipeline-airflow-venv/lib/python3.11/site-packages/airflow/example_dags/tutorial_dag.py took 0.228 seconds
[2023-08-15T18:35:34.691-0300] {processor.py:157} INFO - Started process (PID=22761) to work on /home/alan/repos/pipeline_airflow/pipeline-airflow-venv/lib/python3.11/site-packages/airflow/example_dags/tutorial_dag.py
[2023-08-15T18:35:34.738-0300] {processor.py:826} INFO - Processing file /home/alan/repos/pipeline_airflow/pipeline-airflow-venv/lib/python3.11/site-packages/airflow/example_dags/tutorial_dag.py for tasks to queue
[2023-08-15T18:35:34.741-0300] {logging_mixin.py:150} INFO - [2023-08-15T18:35:34.740-0300] {dagbag.py:541} INFO - Filling up the DagBag from /home/alan/repos/pipeline_airflow/pipeline-airflow-venv/lib/python3.11/site-packages/airflow/example_dags/tutorial_dag.py
[2023-08-15T18:35:34.759-0300] {processor.py:836} INFO - DAG(s) dict_keys(['tutorial_dag']) retrieved from /home/alan/repos/pipeline_airflow/pipeline-airflow-venv/lib/python3.11/site-packages/airflow/example_dags/tutorial_dag.py
[2023-08-15T18:35:34.858-0300] {logging_mixin.py:150} INFO - [2023-08-15T18:35:34.858-0300] {dag.py:2742} INFO - Sync 1 DAGs
[2023-08-15T18:35:34.910-0300] {logging_mixin.py:150} INFO - [2023-08-15T18:35:34.909-0300] {dag.py:3504} INFO - Setting next_dagrun for tutorial_dag to None, run_after=None
[2023-08-15T18:35:35.032-0300] {processor.py:179} INFO - Processing /home/alan/repos/pipeline_airflow/pipeline-airflow-venv/lib/python3.11/site-packages/airflow/example_dags/tutorial_dag.py took 0.346 seconds
[2023-08-15T18:36:34.536-0300] {processor.py:157} INFO - Started process (PID=22978) to work on /home/alan/repos/pipeline_airflow/pipeline-airflow-venv/lib/python3.11/site-packages/airflow/example_dags/tutorial_dag.py
[2023-08-15T18:36:34.581-0300] {processor.py:826} INFO - Processing file /home/alan/repos/pipeline_airflow/pipeline-airflow-venv/lib/python3.11/site-packages/airflow/example_dags/tutorial_dag.py for tasks to queue
[2023-08-15T18:36:34.583-0300] {logging_mixin.py:150} INFO - [2023-08-15T18:36:34.582-0300] {dagbag.py:541} INFO - Filling up the DagBag from /home/alan/repos/pipeline_airflow/pipeline-airflow-venv/lib/python3.11/site-packages/airflow/example_dags/tutorial_dag.py
[2023-08-15T18:36:34.593-0300] {processor.py:836} INFO - DAG(s) dict_keys(['tutorial_dag']) retrieved from /home/alan/repos/pipeline_airflow/pipeline-airflow-venv/lib/python3.11/site-packages/airflow/example_dags/tutorial_dag.py
[2023-08-15T18:36:34.637-0300] {logging_mixin.py:150} INFO - [2023-08-15T18:36:34.637-0300] {dag.py:2742} INFO - Sync 1 DAGs
[2023-08-15T18:36:34.703-0300] {logging_mixin.py:150} INFO - [2023-08-15T18:36:34.703-0300] {dag.py:3504} INFO - Setting next_dagrun for tutorial_dag to None, run_after=None
[2023-08-15T18:36:34.813-0300] {processor.py:179} INFO - Processing /home/alan/repos/pipeline_airflow/pipeline-airflow-venv/lib/python3.11/site-packages/airflow/example_dags/tutorial_dag.py took 0.282 seconds
[2023-08-15T18:37:48.656-0300] {processor.py:157} INFO - Started process (PID=23284) to work on /home/alan/repos/pipeline_airflow/pipeline-airflow-venv/lib/python3.11/site-packages/airflow/example_dags/tutorial_dag.py
[2023-08-15T18:37:48.672-0300] {processor.py:826} INFO - Processing file /home/alan/repos/pipeline_airflow/pipeline-airflow-venv/lib/python3.11/site-packages/airflow/example_dags/tutorial_dag.py for tasks to queue
[2023-08-15T18:37:48.674-0300] {logging_mixin.py:150} INFO - [2023-08-15T18:37:48.673-0300] {dagbag.py:541} INFO - Filling up the DagBag from /home/alan/repos/pipeline_airflow/pipeline-airflow-venv/lib/python3.11/site-packages/airflow/example_dags/tutorial_dag.py
[2023-08-15T18:37:48.687-0300] {processor.py:836} INFO - DAG(s) dict_keys(['tutorial_dag']) retrieved from /home/alan/repos/pipeline_airflow/pipeline-airflow-venv/lib/python3.11/site-packages/airflow/example_dags/tutorial_dag.py
[2023-08-15T18:37:48.720-0300] {logging_mixin.py:150} INFO - [2023-08-15T18:37:48.720-0300] {dag.py:2742} INFO - Sync 1 DAGs
[2023-08-15T18:37:48.763-0300] {logging_mixin.py:150} INFO - [2023-08-15T18:37:48.762-0300] {dag.py:3504} INFO - Setting next_dagrun for tutorial_dag to None, run_after=None
[2023-08-15T18:37:48.893-0300] {processor.py:179} INFO - Processing /home/alan/repos/pipeline_airflow/pipeline-airflow-venv/lib/python3.11/site-packages/airflow/example_dags/tutorial_dag.py took 0.242 seconds
[2023-08-15T18:38:30.587-0300] {processor.py:157} INFO - Started process (PID=23439) to work on /home/alan/repos/pipeline_airflow/pipeline-airflow-venv/lib/python3.11/site-packages/airflow/example_dags/tutorial_dag.py
[2023-08-15T18:38:30.594-0300] {processor.py:826} INFO - Processing file /home/alan/repos/pipeline_airflow/pipeline-airflow-venv/lib/python3.11/site-packages/airflow/example_dags/tutorial_dag.py for tasks to queue
[2023-08-15T18:38:30.595-0300] {logging_mixin.py:150} INFO - [2023-08-15T18:38:30.595-0300] {dagbag.py:541} INFO - Filling up the DagBag from /home/alan/repos/pipeline_airflow/pipeline-airflow-venv/lib/python3.11/site-packages/airflow/example_dags/tutorial_dag.py
[2023-08-15T18:38:30.622-0300] {processor.py:836} INFO - DAG(s) dict_keys(['tutorial_dag']) retrieved from /home/alan/repos/pipeline_airflow/pipeline-airflow-venv/lib/python3.11/site-packages/airflow/example_dags/tutorial_dag.py
[2023-08-15T18:38:30.687-0300] {logging_mixin.py:150} INFO - [2023-08-15T18:38:30.686-0300] {dag.py:2742} INFO - Sync 1 DAGs
[2023-08-15T18:38:30.729-0300] {logging_mixin.py:150} INFO - [2023-08-15T18:38:30.729-0300] {dag.py:3504} INFO - Setting next_dagrun for tutorial_dag to None, run_after=None
[2023-08-15T18:38:30.849-0300] {processor.py:179} INFO - Processing /home/alan/repos/pipeline_airflow/pipeline-airflow-venv/lib/python3.11/site-packages/airflow/example_dags/tutorial_dag.py took 0.284 seconds
[2023-08-15T18:43:25.723-0300] {processor.py:157} INFO - Started process (PID=23573) to work on /home/alan/repos/pipeline_airflow/pipeline-airflow-venv/lib/python3.11/site-packages/airflow/example_dags/tutorial_dag.py
[2023-08-15T18:43:25.732-0300] {processor.py:826} INFO - Processing file /home/alan/repos/pipeline_airflow/pipeline-airflow-venv/lib/python3.11/site-packages/airflow/example_dags/tutorial_dag.py for tasks to queue
[2023-08-15T18:43:25.734-0300] {logging_mixin.py:150} INFO - [2023-08-15T18:43:25.733-0300] {dagbag.py:541} INFO - Filling up the DagBag from /home/alan/repos/pipeline_airflow/pipeline-airflow-venv/lib/python3.11/site-packages/airflow/example_dags/tutorial_dag.py
[2023-08-15T18:43:25.748-0300] {processor.py:836} INFO - DAG(s) dict_keys(['tutorial_dag']) retrieved from /home/alan/repos/pipeline_airflow/pipeline-airflow-venv/lib/python3.11/site-packages/airflow/example_dags/tutorial_dag.py
[2023-08-15T18:43:25.763-0300] {logging_mixin.py:150} INFO - [2023-08-15T18:43:25.763-0300] {dag.py:2742} INFO - Sync 1 DAGs
[2023-08-15T18:43:25.799-0300] {logging_mixin.py:150} INFO - [2023-08-15T18:43:25.798-0300] {dag.py:3504} INFO - Setting next_dagrun for tutorial_dag to None, run_after=None
[2023-08-15T18:43:25.908-0300] {processor.py:179} INFO - Processing /home/alan/repos/pipeline_airflow/pipeline-airflow-venv/lib/python3.11/site-packages/airflow/example_dags/tutorial_dag.py took 0.189 seconds
[2023-08-15T18:44:06.057-0300] {processor.py:157} INFO - Started process (PID=23676) to work on /home/alan/repos/pipeline_airflow/pipeline-airflow-venv/lib/python3.11/site-packages/airflow/example_dags/tutorial_dag.py
[2023-08-15T18:44:06.059-0300] {processor.py:826} INFO - Processing file /home/alan/repos/pipeline_airflow/pipeline-airflow-venv/lib/python3.11/site-packages/airflow/example_dags/tutorial_dag.py for tasks to queue
[2023-08-15T18:44:06.060-0300] {logging_mixin.py:150} INFO - [2023-08-15T18:44:06.060-0300] {dagbag.py:541} INFO - Filling up the DagBag from /home/alan/repos/pipeline_airflow/pipeline-airflow-venv/lib/python3.11/site-packages/airflow/example_dags/tutorial_dag.py
[2023-08-15T18:44:06.073-0300] {processor.py:836} INFO - DAG(s) dict_keys(['tutorial_dag']) retrieved from /home/alan/repos/pipeline_airflow/pipeline-airflow-venv/lib/python3.11/site-packages/airflow/example_dags/tutorial_dag.py
[2023-08-15T18:44:06.087-0300] {logging_mixin.py:150} INFO - [2023-08-15T18:44:06.087-0300] {dag.py:2742} INFO - Sync 1 DAGs
[2023-08-15T18:44:06.123-0300] {logging_mixin.py:150} INFO - [2023-08-15T18:44:06.123-0300] {dag.py:3504} INFO - Setting next_dagrun for tutorial_dag to None, run_after=None
[2023-08-15T18:44:06.232-0300] {processor.py:179} INFO - Processing /home/alan/repos/pipeline_airflow/pipeline-airflow-venv/lib/python3.11/site-packages/airflow/example_dags/tutorial_dag.py took 0.179 seconds
[2023-08-15T18:45:24.576-0300] {processor.py:157} INFO - Started process (PID=24075) to work on /home/alan/repos/pipeline_airflow/pipeline-airflow-venv/lib/python3.11/site-packages/airflow/example_dags/tutorial_dag.py
[2023-08-15T18:45:24.580-0300] {processor.py:826} INFO - Processing file /home/alan/repos/pipeline_airflow/pipeline-airflow-venv/lib/python3.11/site-packages/airflow/example_dags/tutorial_dag.py for tasks to queue
[2023-08-15T18:45:24.582-0300] {logging_mixin.py:150} INFO - [2023-08-15T18:45:24.581-0300] {dagbag.py:541} INFO - Filling up the DagBag from /home/alan/repos/pipeline_airflow/pipeline-airflow-venv/lib/python3.11/site-packages/airflow/example_dags/tutorial_dag.py
[2023-08-15T18:45:24.594-0300] {processor.py:836} INFO - DAG(s) dict_keys(['tutorial_dag']) retrieved from /home/alan/repos/pipeline_airflow/pipeline-airflow-venv/lib/python3.11/site-packages/airflow/example_dags/tutorial_dag.py
[2023-08-15T18:45:24.638-0300] {logging_mixin.py:150} INFO - [2023-08-15T18:45:24.637-0300] {dag.py:2742} INFO - Sync 1 DAGs
[2023-08-15T18:45:24.803-0300] {logging_mixin.py:150} INFO - [2023-08-15T18:45:24.803-0300] {dag.py:3504} INFO - Setting next_dagrun for tutorial_dag to None, run_after=None
[2023-08-15T18:45:24.928-0300] {processor.py:179} INFO - Processing /home/alan/repos/pipeline_airflow/pipeline-airflow-venv/lib/python3.11/site-packages/airflow/example_dags/tutorial_dag.py took 0.357 seconds
[2023-08-15T18:46:32.071-0300] {processor.py:157} INFO - Started process (PID=24314) to work on /home/alan/repos/pipeline_airflow/pipeline-airflow-venv/lib/python3.11/site-packages/airflow/example_dags/tutorial_dag.py
[2023-08-15T18:46:32.088-0300] {processor.py:826} INFO - Processing file /home/alan/repos/pipeline_airflow/pipeline-airflow-venv/lib/python3.11/site-packages/airflow/example_dags/tutorial_dag.py for tasks to queue
[2023-08-15T18:46:32.092-0300] {logging_mixin.py:150} INFO - [2023-08-15T18:46:32.091-0300] {dagbag.py:541} INFO - Filling up the DagBag from /home/alan/repos/pipeline_airflow/pipeline-airflow-venv/lib/python3.11/site-packages/airflow/example_dags/tutorial_dag.py
[2023-08-15T18:46:32.102-0300] {processor.py:836} INFO - DAG(s) dict_keys(['tutorial_dag']) retrieved from /home/alan/repos/pipeline_airflow/pipeline-airflow-venv/lib/python3.11/site-packages/airflow/example_dags/tutorial_dag.py
[2023-08-15T18:46:32.156-0300] {logging_mixin.py:150} INFO - [2023-08-15T18:46:32.155-0300] {dag.py:2742} INFO - Sync 1 DAGs
[2023-08-15T18:46:32.204-0300] {logging_mixin.py:150} INFO - [2023-08-15T18:46:32.203-0300] {dag.py:3504} INFO - Setting next_dagrun for tutorial_dag to None, run_after=None
[2023-08-15T18:46:32.329-0300] {processor.py:179} INFO - Processing /home/alan/repos/pipeline_airflow/pipeline-airflow-venv/lib/python3.11/site-packages/airflow/example_dags/tutorial_dag.py took 0.265 seconds
[2023-08-15T18:47:37.395-0300] {processor.py:157} INFO - Started process (PID=24545) to work on /home/alan/repos/pipeline_airflow/pipeline-airflow-venv/lib/python3.11/site-packages/airflow/example_dags/tutorial_dag.py
[2023-08-15T18:47:37.410-0300] {processor.py:826} INFO - Processing file /home/alan/repos/pipeline_airflow/pipeline-airflow-venv/lib/python3.11/site-packages/airflow/example_dags/tutorial_dag.py for tasks to queue
[2023-08-15T18:47:37.412-0300] {logging_mixin.py:150} INFO - [2023-08-15T18:47:37.411-0300] {dagbag.py:541} INFO - Filling up the DagBag from /home/alan/repos/pipeline_airflow/pipeline-airflow-venv/lib/python3.11/site-packages/airflow/example_dags/tutorial_dag.py
[2023-08-15T18:47:37.421-0300] {processor.py:836} INFO - DAG(s) dict_keys(['tutorial_dag']) retrieved from /home/alan/repos/pipeline_airflow/pipeline-airflow-venv/lib/python3.11/site-packages/airflow/example_dags/tutorial_dag.py
[2023-08-15T18:47:37.473-0300] {logging_mixin.py:150} INFO - [2023-08-15T18:47:37.473-0300] {dag.py:2742} INFO - Sync 1 DAGs
[2023-08-15T18:47:37.519-0300] {logging_mixin.py:150} INFO - [2023-08-15T18:47:37.518-0300] {dag.py:3504} INFO - Setting next_dagrun for tutorial_dag to None, run_after=None
[2023-08-15T18:47:37.630-0300] {processor.py:179} INFO - Processing /home/alan/repos/pipeline_airflow/pipeline-airflow-venv/lib/python3.11/site-packages/airflow/example_dags/tutorial_dag.py took 0.248 seconds
[2023-08-15T18:48:43.870-0300] {processor.py:157} INFO - Started process (PID=24765) to work on /home/alan/repos/pipeline_airflow/pipeline-airflow-venv/lib/python3.11/site-packages/airflow/example_dags/tutorial_dag.py
[2023-08-15T18:48:43.885-0300] {processor.py:826} INFO - Processing file /home/alan/repos/pipeline_airflow/pipeline-airflow-venv/lib/python3.11/site-packages/airflow/example_dags/tutorial_dag.py for tasks to queue
[2023-08-15T18:48:43.888-0300] {logging_mixin.py:150} INFO - [2023-08-15T18:48:43.887-0300] {dagbag.py:541} INFO - Filling up the DagBag from /home/alan/repos/pipeline_airflow/pipeline-airflow-venv/lib/python3.11/site-packages/airflow/example_dags/tutorial_dag.py
[2023-08-15T18:48:43.900-0300] {processor.py:836} INFO - DAG(s) dict_keys(['tutorial_dag']) retrieved from /home/alan/repos/pipeline_airflow/pipeline-airflow-venv/lib/python3.11/site-packages/airflow/example_dags/tutorial_dag.py
[2023-08-15T18:48:43.932-0300] {logging_mixin.py:150} INFO - [2023-08-15T18:48:43.931-0300] {dag.py:2742} INFO - Sync 1 DAGs
[2023-08-15T18:48:44.119-0300] {logging_mixin.py:150} INFO - [2023-08-15T18:48:44.119-0300] {dag.py:3504} INFO - Setting next_dagrun for tutorial_dag to None, run_after=None
[2023-08-15T18:48:44.246-0300] {processor.py:179} INFO - Processing /home/alan/repos/pipeline_airflow/pipeline-airflow-venv/lib/python3.11/site-packages/airflow/example_dags/tutorial_dag.py took 0.384 seconds
[2023-08-15T18:49:48.364-0300] {processor.py:157} INFO - Started process (PID=24984) to work on /home/alan/repos/pipeline_airflow/pipeline-airflow-venv/lib/python3.11/site-packages/airflow/example_dags/tutorial_dag.py
[2023-08-15T18:49:48.380-0300] {processor.py:826} INFO - Processing file /home/alan/repos/pipeline_airflow/pipeline-airflow-venv/lib/python3.11/site-packages/airflow/example_dags/tutorial_dag.py for tasks to queue
[2023-08-15T18:49:48.382-0300] {logging_mixin.py:150} INFO - [2023-08-15T18:49:48.381-0300] {dagbag.py:541} INFO - Filling up the DagBag from /home/alan/repos/pipeline_airflow/pipeline-airflow-venv/lib/python3.11/site-packages/airflow/example_dags/tutorial_dag.py
[2023-08-15T18:49:48.394-0300] {processor.py:836} INFO - DAG(s) dict_keys(['tutorial_dag']) retrieved from /home/alan/repos/pipeline_airflow/pipeline-airflow-venv/lib/python3.11/site-packages/airflow/example_dags/tutorial_dag.py
[2023-08-15T18:49:48.427-0300] {logging_mixin.py:150} INFO - [2023-08-15T18:49:48.427-0300] {dag.py:2742} INFO - Sync 1 DAGs
[2023-08-15T18:49:48.463-0300] {logging_mixin.py:150} INFO - [2023-08-15T18:49:48.463-0300] {dag.py:3504} INFO - Setting next_dagrun for tutorial_dag to None, run_after=None
[2023-08-15T18:49:48.582-0300] {processor.py:179} INFO - Processing /home/alan/repos/pipeline_airflow/pipeline-airflow-venv/lib/python3.11/site-packages/airflow/example_dags/tutorial_dag.py took 0.225 seconds
[2023-08-15T18:50:50.860-0300] {processor.py:157} INFO - Started process (PID=25252) to work on /home/alan/repos/pipeline_airflow/pipeline-airflow-venv/lib/python3.11/site-packages/airflow/example_dags/tutorial_dag.py
[2023-08-15T18:50:50.863-0300] {processor.py:826} INFO - Processing file /home/alan/repos/pipeline_airflow/pipeline-airflow-venv/lib/python3.11/site-packages/airflow/example_dags/tutorial_dag.py for tasks to queue
[2023-08-15T18:50:50.865-0300] {logging_mixin.py:150} INFO - [2023-08-15T18:50:50.864-0300] {dagbag.py:541} INFO - Filling up the DagBag from /home/alan/repos/pipeline_airflow/pipeline-airflow-venv/lib/python3.11/site-packages/airflow/example_dags/tutorial_dag.py
[2023-08-15T18:50:50.883-0300] {processor.py:836} INFO - DAG(s) dict_keys(['tutorial_dag']) retrieved from /home/alan/repos/pipeline_airflow/pipeline-airflow-venv/lib/python3.11/site-packages/airflow/example_dags/tutorial_dag.py
[2023-08-15T18:50:50.923-0300] {logging_mixin.py:150} INFO - [2023-08-15T18:50:50.923-0300] {dag.py:2742} INFO - Sync 1 DAGs
[2023-08-15T18:50:51.636-0300] {logging_mixin.py:150} INFO - [2023-08-15T18:50:51.636-0300] {dag.py:3504} INFO - Setting next_dagrun for tutorial_dag to None, run_after=None
[2023-08-15T18:50:52.484-0300] {processor.py:179} INFO - Processing /home/alan/repos/pipeline_airflow/pipeline-airflow-venv/lib/python3.11/site-packages/airflow/example_dags/tutorial_dag.py took 1.643 seconds
[2023-08-15T18:52:03.304-0300] {processor.py:157} INFO - Started process (PID=25602) to work on /home/alan/repos/pipeline_airflow/pipeline-airflow-venv/lib/python3.11/site-packages/airflow/example_dags/tutorial_dag.py
[2023-08-15T18:52:03.306-0300] {processor.py:826} INFO - Processing file /home/alan/repos/pipeline_airflow/pipeline-airflow-venv/lib/python3.11/site-packages/airflow/example_dags/tutorial_dag.py for tasks to queue
[2023-08-15T18:52:03.308-0300] {logging_mixin.py:150} INFO - [2023-08-15T18:52:03.307-0300] {dagbag.py:541} INFO - Filling up the DagBag from /home/alan/repos/pipeline_airflow/pipeline-airflow-venv/lib/python3.11/site-packages/airflow/example_dags/tutorial_dag.py
[2023-08-15T18:52:03.319-0300] {processor.py:836} INFO - DAG(s) dict_keys(['tutorial_dag']) retrieved from /home/alan/repos/pipeline_airflow/pipeline-airflow-venv/lib/python3.11/site-packages/airflow/example_dags/tutorial_dag.py
[2023-08-15T18:52:03.351-0300] {logging_mixin.py:150} INFO - [2023-08-15T18:52:03.350-0300] {dag.py:2742} INFO - Sync 1 DAGs
[2023-08-15T18:52:03.385-0300] {logging_mixin.py:150} INFO - [2023-08-15T18:52:03.384-0300] {dag.py:3504} INFO - Setting next_dagrun for tutorial_dag to None, run_after=None
[2023-08-15T18:52:03.523-0300] {processor.py:179} INFO - Processing /home/alan/repos/pipeline_airflow/pipeline-airflow-venv/lib/python3.11/site-packages/airflow/example_dags/tutorial_dag.py took 0.225 seconds
[2023-08-15T18:52:40.680-0300] {processor.py:157} INFO - Started process (PID=25776) to work on /home/alan/repos/pipeline_airflow/pipeline-airflow-venv/lib/python3.11/site-packages/airflow/example_dags/tutorial_dag.py
[2023-08-15T18:52:40.689-0300] {processor.py:826} INFO - Processing file /home/alan/repos/pipeline_airflow/pipeline-airflow-venv/lib/python3.11/site-packages/airflow/example_dags/tutorial_dag.py for tasks to queue
[2023-08-15T18:52:40.691-0300] {logging_mixin.py:150} INFO - [2023-08-15T18:52:40.690-0300] {dagbag.py:541} INFO - Filling up the DagBag from /home/alan/repos/pipeline_airflow/pipeline-airflow-venv/lib/python3.11/site-packages/airflow/example_dags/tutorial_dag.py
[2023-08-15T18:52:40.704-0300] {processor.py:836} INFO - DAG(s) dict_keys(['tutorial_dag']) retrieved from /home/alan/repos/pipeline_airflow/pipeline-airflow-venv/lib/python3.11/site-packages/airflow/example_dags/tutorial_dag.py
[2023-08-15T18:52:40.736-0300] {logging_mixin.py:150} INFO - [2023-08-15T18:52:40.736-0300] {dag.py:2742} INFO - Sync 1 DAGs
[2023-08-15T18:52:40.772-0300] {logging_mixin.py:150} INFO - [2023-08-15T18:52:40.771-0300] {dag.py:3504} INFO - Setting next_dagrun for tutorial_dag to None, run_after=None
[2023-08-15T18:52:40.877-0300] {processor.py:179} INFO - Processing /home/alan/repos/pipeline_airflow/pipeline-airflow-venv/lib/python3.11/site-packages/airflow/example_dags/tutorial_dag.py took 0.203 seconds
[2023-08-15T18:53:38.504-0300] {processor.py:157} INFO - Started process (PID=25988) to work on /home/alan/repos/pipeline_airflow/pipeline-airflow-venv/lib/python3.11/site-packages/airflow/example_dags/tutorial_dag.py
[2023-08-15T18:53:38.518-0300] {processor.py:826} INFO - Processing file /home/alan/repos/pipeline_airflow/pipeline-airflow-venv/lib/python3.11/site-packages/airflow/example_dags/tutorial_dag.py for tasks to queue
[2023-08-15T18:53:38.520-0300] {logging_mixin.py:150} INFO - [2023-08-15T18:53:38.519-0300] {dagbag.py:541} INFO - Filling up the DagBag from /home/alan/repos/pipeline_airflow/pipeline-airflow-venv/lib/python3.11/site-packages/airflow/example_dags/tutorial_dag.py
[2023-08-15T18:53:38.531-0300] {processor.py:836} INFO - DAG(s) dict_keys(['tutorial_dag']) retrieved from /home/alan/repos/pipeline_airflow/pipeline-airflow-venv/lib/python3.11/site-packages/airflow/example_dags/tutorial_dag.py
[2023-08-15T18:53:38.564-0300] {logging_mixin.py:150} INFO - [2023-08-15T18:53:38.564-0300] {dag.py:2742} INFO - Sync 1 DAGs
[2023-08-15T18:53:38.615-0300] {logging_mixin.py:150} INFO - [2023-08-15T18:53:38.615-0300] {dag.py:3504} INFO - Setting next_dagrun for tutorial_dag to None, run_after=None
[2023-08-15T18:53:38.717-0300] {processor.py:179} INFO - Processing /home/alan/repos/pipeline_airflow/pipeline-airflow-venv/lib/python3.11/site-packages/airflow/example_dags/tutorial_dag.py took 0.220 seconds
[2023-08-15T18:54:33.071-0300] {processor.py:157} INFO - Started process (PID=26215) to work on /home/alan/repos/pipeline_airflow/pipeline-airflow-venv/lib/python3.11/site-packages/airflow/example_dags/tutorial_dag.py
[2023-08-15T18:54:33.081-0300] {processor.py:826} INFO - Processing file /home/alan/repos/pipeline_airflow/pipeline-airflow-venv/lib/python3.11/site-packages/airflow/example_dags/tutorial_dag.py for tasks to queue
[2023-08-15T18:54:33.082-0300] {logging_mixin.py:150} INFO - [2023-08-15T18:54:33.081-0300] {dagbag.py:541} INFO - Filling up the DagBag from /home/alan/repos/pipeline_airflow/pipeline-airflow-venv/lib/python3.11/site-packages/airflow/example_dags/tutorial_dag.py
[2023-08-15T18:54:33.093-0300] {processor.py:836} INFO - DAG(s) dict_keys(['tutorial_dag']) retrieved from /home/alan/repos/pipeline_airflow/pipeline-airflow-venv/lib/python3.11/site-packages/airflow/example_dags/tutorial_dag.py
[2023-08-15T18:54:33.132-0300] {logging_mixin.py:150} INFO - [2023-08-15T18:54:33.131-0300] {dag.py:2742} INFO - Sync 1 DAGs
[2023-08-15T18:54:33.168-0300] {logging_mixin.py:150} INFO - [2023-08-15T18:54:33.168-0300] {dag.py:3504} INFO - Setting next_dagrun for tutorial_dag to None, run_after=None
[2023-08-15T18:54:33.290-0300] {processor.py:179} INFO - Processing /home/alan/repos/pipeline_airflow/pipeline-airflow-venv/lib/python3.11/site-packages/airflow/example_dags/tutorial_dag.py took 0.225 seconds
[2023-08-15T18:55:27.476-0300] {processor.py:157} INFO - Started process (PID=26648) to work on /home/alan/repos/pipeline_airflow/pipeline-airflow-venv/lib/python3.11/site-packages/airflow/example_dags/tutorial_dag.py
[2023-08-15T18:55:27.523-0300] {processor.py:826} INFO - Processing file /home/alan/repos/pipeline_airflow/pipeline-airflow-venv/lib/python3.11/site-packages/airflow/example_dags/tutorial_dag.py for tasks to queue
[2023-08-15T18:55:27.525-0300] {logging_mixin.py:150} INFO - [2023-08-15T18:55:27.525-0300] {dagbag.py:541} INFO - Filling up the DagBag from /home/alan/repos/pipeline_airflow/pipeline-airflow-venv/lib/python3.11/site-packages/airflow/example_dags/tutorial_dag.py
[2023-08-15T18:55:27.564-0300] {processor.py:836} INFO - DAG(s) dict_keys(['tutorial_dag']) retrieved from /home/alan/repos/pipeline_airflow/pipeline-airflow-venv/lib/python3.11/site-packages/airflow/example_dags/tutorial_dag.py
[2023-08-15T18:55:27.652-0300] {logging_mixin.py:150} INFO - [2023-08-15T18:55:27.651-0300] {dag.py:2742} INFO - Sync 1 DAGs
[2023-08-15T18:55:27.690-0300] {logging_mixin.py:150} INFO - [2023-08-15T18:55:27.690-0300] {dag.py:3504} INFO - Setting next_dagrun for tutorial_dag to None, run_after=None
[2023-08-15T18:55:28.002-0300] {processor.py:179} INFO - Processing /home/alan/repos/pipeline_airflow/pipeline-airflow-venv/lib/python3.11/site-packages/airflow/example_dags/tutorial_dag.py took 0.532 seconds
[2023-08-15T18:57:44.414-0300] {processor.py:157} INFO - Started process (PID=27015) to work on /home/alan/repos/pipeline_airflow/pipeline-airflow-venv/lib/python3.11/site-packages/airflow/example_dags/tutorial_dag.py
[2023-08-15T18:57:44.624-0300] {processor.py:826} INFO - Processing file /home/alan/repos/pipeline_airflow/pipeline-airflow-venv/lib/python3.11/site-packages/airflow/example_dags/tutorial_dag.py for tasks to queue
[2023-08-15T18:57:44.627-0300] {logging_mixin.py:150} INFO - [2023-08-15T18:57:44.626-0300] {dagbag.py:541} INFO - Filling up the DagBag from /home/alan/repos/pipeline_airflow/pipeline-airflow-venv/lib/python3.11/site-packages/airflow/example_dags/tutorial_dag.py
[2023-08-15T18:57:44.696-0300] {processor.py:836} INFO - DAG(s) dict_keys(['tutorial_dag']) retrieved from /home/alan/repos/pipeline_airflow/pipeline-airflow-venv/lib/python3.11/site-packages/airflow/example_dags/tutorial_dag.py
[2023-08-15T18:57:44.947-0300] {logging_mixin.py:150} INFO - [2023-08-15T18:57:44.947-0300] {dag.py:2742} INFO - Sync 1 DAGs
[2023-08-15T18:57:44.982-0300] {logging_mixin.py:150} INFO - [2023-08-15T18:57:44.982-0300] {dag.py:3504} INFO - Setting next_dagrun for tutorial_dag to None, run_after=None
[2023-08-15T18:57:46.495-0300] {processor.py:179} INFO - Processing /home/alan/repos/pipeline_airflow/pipeline-airflow-venv/lib/python3.11/site-packages/airflow/example_dags/tutorial_dag.py took 2.089 seconds
[2023-08-15T19:01:11.365-0300] {processor.py:157} INFO - Started process (PID=27485) to work on /home/alan/repos/pipeline_airflow/pipeline-airflow-venv/lib/python3.11/site-packages/airflow/example_dags/tutorial_dag.py
[2023-08-15T19:01:11.472-0300] {processor.py:826} INFO - Processing file /home/alan/repos/pipeline_airflow/pipeline-airflow-venv/lib/python3.11/site-packages/airflow/example_dags/tutorial_dag.py for tasks to queue
[2023-08-15T19:01:11.476-0300] {logging_mixin.py:150} INFO - [2023-08-15T19:01:11.474-0300] {dagbag.py:541} INFO - Filling up the DagBag from /home/alan/repos/pipeline_airflow/pipeline-airflow-venv/lib/python3.11/site-packages/airflow/example_dags/tutorial_dag.py
[2023-08-15T19:01:11.562-0300] {processor.py:836} INFO - DAG(s) dict_keys(['tutorial_dag']) retrieved from /home/alan/repos/pipeline_airflow/pipeline-airflow-venv/lib/python3.11/site-packages/airflow/example_dags/tutorial_dag.py
[2023-08-15T19:01:13.110-0300] {logging_mixin.py:150} INFO - [2023-08-15T19:01:13.109-0300] {dag.py:2742} INFO - Sync 1 DAGs
[2023-08-15T19:01:13.147-0300] {logging_mixin.py:150} INFO - [2023-08-15T19:01:13.147-0300] {dag.py:3504} INFO - Setting next_dagrun for tutorial_dag to None, run_after=None
[2023-08-15T19:01:14.267-0300] {processor.py:179} INFO - Processing /home/alan/repos/pipeline_airflow/pipeline-airflow-venv/lib/python3.11/site-packages/airflow/example_dags/tutorial_dag.py took 2.907 seconds
[2023-08-15T19:02:37.993-0300] {processor.py:157} INFO - Started process (PID=27741) to work on /home/alan/repos/pipeline_airflow/pipeline-airflow-venv/lib/python3.11/site-packages/airflow/example_dags/tutorial_dag.py
[2023-08-15T19:02:38.015-0300] {processor.py:826} INFO - Processing file /home/alan/repos/pipeline_airflow/pipeline-airflow-venv/lib/python3.11/site-packages/airflow/example_dags/tutorial_dag.py for tasks to queue
[2023-08-15T19:02:38.017-0300] {logging_mixin.py:150} INFO - [2023-08-15T19:02:38.016-0300] {dagbag.py:541} INFO - Filling up the DagBag from /home/alan/repos/pipeline_airflow/pipeline-airflow-venv/lib/python3.11/site-packages/airflow/example_dags/tutorial_dag.py
[2023-08-15T19:02:38.029-0300] {processor.py:836} INFO - DAG(s) dict_keys(['tutorial_dag']) retrieved from /home/alan/repos/pipeline_airflow/pipeline-airflow-venv/lib/python3.11/site-packages/airflow/example_dags/tutorial_dag.py
[2023-08-15T19:02:38.063-0300] {logging_mixin.py:150} INFO - [2023-08-15T19:02:38.063-0300] {dag.py:2742} INFO - Sync 1 DAGs
[2023-08-15T19:02:38.099-0300] {logging_mixin.py:150} INFO - [2023-08-15T19:02:38.099-0300] {dag.py:3504} INFO - Setting next_dagrun for tutorial_dag to None, run_after=None
[2023-08-15T19:02:38.197-0300] {processor.py:179} INFO - Processing /home/alan/repos/pipeline_airflow/pipeline-airflow-venv/lib/python3.11/site-packages/airflow/example_dags/tutorial_dag.py took 0.211 seconds
[2023-08-15T19:03:57.235-0300] {processor.py:157} INFO - Started process (PID=28185) to work on /home/alan/repos/pipeline_airflow/pipeline-airflow-venv/lib/python3.11/site-packages/airflow/example_dags/tutorial_dag.py
[2023-08-15T19:03:57.243-0300] {processor.py:826} INFO - Processing file /home/alan/repos/pipeline_airflow/pipeline-airflow-venv/lib/python3.11/site-packages/airflow/example_dags/tutorial_dag.py for tasks to queue
[2023-08-15T19:03:57.244-0300] {logging_mixin.py:150} INFO - [2023-08-15T19:03:57.244-0300] {dagbag.py:541} INFO - Filling up the DagBag from /home/alan/repos/pipeline_airflow/pipeline-airflow-venv/lib/python3.11/site-packages/airflow/example_dags/tutorial_dag.py
[2023-08-15T19:03:57.260-0300] {processor.py:836} INFO - DAG(s) dict_keys(['tutorial_dag']) retrieved from /home/alan/repos/pipeline_airflow/pipeline-airflow-venv/lib/python3.11/site-packages/airflow/example_dags/tutorial_dag.py
[2023-08-15T19:03:57.305-0300] {logging_mixin.py:150} INFO - [2023-08-15T19:03:57.305-0300] {dag.py:2742} INFO - Sync 1 DAGs
[2023-08-15T19:03:57.371-0300] {logging_mixin.py:150} INFO - [2023-08-15T19:03:57.370-0300] {dag.py:3504} INFO - Setting next_dagrun for tutorial_dag to None, run_after=None
[2023-08-15T19:03:57.530-0300] {processor.py:179} INFO - Processing /home/alan/repos/pipeline_airflow/pipeline-airflow-venv/lib/python3.11/site-packages/airflow/example_dags/tutorial_dag.py took 0.307 seconds
[2023-08-15T19:04:54.930-0300] {processor.py:157} INFO - Started process (PID=28484) to work on /home/alan/repos/pipeline_airflow/pipeline-airflow-venv/lib/python3.11/site-packages/airflow/example_dags/tutorial_dag.py
[2023-08-15T19:04:54.944-0300] {processor.py:826} INFO - Processing file /home/alan/repos/pipeline_airflow/pipeline-airflow-venv/lib/python3.11/site-packages/airflow/example_dags/tutorial_dag.py for tasks to queue
[2023-08-15T19:04:54.945-0300] {logging_mixin.py:150} INFO - [2023-08-15T19:04:54.944-0300] {dagbag.py:541} INFO - Filling up the DagBag from /home/alan/repos/pipeline_airflow/pipeline-airflow-venv/lib/python3.11/site-packages/airflow/example_dags/tutorial_dag.py
[2023-08-15T19:04:54.955-0300] {processor.py:836} INFO - DAG(s) dict_keys(['tutorial_dag']) retrieved from /home/alan/repos/pipeline_airflow/pipeline-airflow-venv/lib/python3.11/site-packages/airflow/example_dags/tutorial_dag.py
[2023-08-15T19:04:55.538-0300] {logging_mixin.py:150} INFO - [2023-08-15T19:04:55.537-0300] {dag.py:2742} INFO - Sync 1 DAGs
[2023-08-15T19:04:55.604-0300] {logging_mixin.py:150} INFO - [2023-08-15T19:04:55.604-0300] {dag.py:3504} INFO - Setting next_dagrun for tutorial_dag to None, run_after=None
[2023-08-15T19:04:56.037-0300] {processor.py:179} INFO - Processing /home/alan/repos/pipeline_airflow/pipeline-airflow-venv/lib/python3.11/site-packages/airflow/example_dags/tutorial_dag.py took 1.112 seconds
[2023-08-15T19:06:08.564-0300] {processor.py:157} INFO - Started process (PID=28732) to work on /home/alan/repos/pipeline_airflow/pipeline-airflow-venv/lib/python3.11/site-packages/airflow/example_dags/tutorial_dag.py
[2023-08-15T19:06:08.566-0300] {processor.py:826} INFO - Processing file /home/alan/repos/pipeline_airflow/pipeline-airflow-venv/lib/python3.11/site-packages/airflow/example_dags/tutorial_dag.py for tasks to queue
[2023-08-15T19:06:08.568-0300] {logging_mixin.py:150} INFO - [2023-08-15T19:06:08.567-0300] {dagbag.py:541} INFO - Filling up the DagBag from /home/alan/repos/pipeline_airflow/pipeline-airflow-venv/lib/python3.11/site-packages/airflow/example_dags/tutorial_dag.py
[2023-08-15T19:06:08.579-0300] {processor.py:836} INFO - DAG(s) dict_keys(['tutorial_dag']) retrieved from /home/alan/repos/pipeline_airflow/pipeline-airflow-venv/lib/python3.11/site-packages/airflow/example_dags/tutorial_dag.py
[2023-08-15T19:06:08.610-0300] {logging_mixin.py:150} INFO - [2023-08-15T19:06:08.610-0300] {dag.py:2742} INFO - Sync 1 DAGs
[2023-08-15T19:06:08.645-0300] {logging_mixin.py:150} INFO - [2023-08-15T19:06:08.644-0300] {dag.py:3504} INFO - Setting next_dagrun for tutorial_dag to None, run_after=None
[2023-08-15T19:06:08.761-0300] {processor.py:179} INFO - Processing /home/alan/repos/pipeline_airflow/pipeline-airflow-venv/lib/python3.11/site-packages/airflow/example_dags/tutorial_dag.py took 0.203 seconds
[2023-08-15T19:07:08.345-0300] {processor.py:157} INFO - Started process (PID=28890) to work on /home/alan/repos/pipeline_airflow/pipeline-airflow-venv/lib/python3.11/site-packages/airflow/example_dags/tutorial_dag.py
[2023-08-15T19:07:08.359-0300] {processor.py:826} INFO - Processing file /home/alan/repos/pipeline_airflow/pipeline-airflow-venv/lib/python3.11/site-packages/airflow/example_dags/tutorial_dag.py for tasks to queue
[2023-08-15T19:07:08.361-0300] {logging_mixin.py:150} INFO - [2023-08-15T19:07:08.360-0300] {dagbag.py:541} INFO - Filling up the DagBag from /home/alan/repos/pipeline_airflow/pipeline-airflow-venv/lib/python3.11/site-packages/airflow/example_dags/tutorial_dag.py
[2023-08-15T19:07:08.373-0300] {processor.py:836} INFO - DAG(s) dict_keys(['tutorial_dag']) retrieved from /home/alan/repos/pipeline_airflow/pipeline-airflow-venv/lib/python3.11/site-packages/airflow/example_dags/tutorial_dag.py
[2023-08-15T19:07:08.405-0300] {logging_mixin.py:150} INFO - [2023-08-15T19:07:08.404-0300] {dag.py:2742} INFO - Sync 1 DAGs
[2023-08-15T19:07:08.442-0300] {logging_mixin.py:150} INFO - [2023-08-15T19:07:08.441-0300] {dag.py:3504} INFO - Setting next_dagrun for tutorial_dag to None, run_after=None
[2023-08-15T19:07:08.535-0300] {processor.py:179} INFO - Processing /home/alan/repos/pipeline_airflow/pipeline-airflow-venv/lib/python3.11/site-packages/airflow/example_dags/tutorial_dag.py took 0.196 seconds
[2023-08-15T19:08:16.580-0300] {processor.py:157} INFO - Started process (PID=29168) to work on /home/alan/repos/pipeline_airflow/pipeline-airflow-venv/lib/python3.11/site-packages/airflow/example_dags/tutorial_dag.py
[2023-08-15T19:08:16.588-0300] {processor.py:826} INFO - Processing file /home/alan/repos/pipeline_airflow/pipeline-airflow-venv/lib/python3.11/site-packages/airflow/example_dags/tutorial_dag.py for tasks to queue
[2023-08-15T19:08:16.590-0300] {logging_mixin.py:150} INFO - [2023-08-15T19:08:16.589-0300] {dagbag.py:541} INFO - Filling up the DagBag from /home/alan/repos/pipeline_airflow/pipeline-airflow-venv/lib/python3.11/site-packages/airflow/example_dags/tutorial_dag.py
[2023-08-15T19:08:16.600-0300] {processor.py:836} INFO - DAG(s) dict_keys(['tutorial_dag']) retrieved from /home/alan/repos/pipeline_airflow/pipeline-airflow-venv/lib/python3.11/site-packages/airflow/example_dags/tutorial_dag.py
[2023-08-15T19:08:16.633-0300] {logging_mixin.py:150} INFO - [2023-08-15T19:08:16.632-0300] {dag.py:2742} INFO - Sync 1 DAGs
[2023-08-15T19:08:16.668-0300] {logging_mixin.py:150} INFO - [2023-08-15T19:08:16.668-0300] {dag.py:3504} INFO - Setting next_dagrun for tutorial_dag to None, run_after=None
[2023-08-15T19:08:16.774-0300] {processor.py:179} INFO - Processing /home/alan/repos/pipeline_airflow/pipeline-airflow-venv/lib/python3.11/site-packages/airflow/example_dags/tutorial_dag.py took 0.200 seconds
[2023-08-15T19:09:18.897-0300] {processor.py:157} INFO - Started process (PID=29331) to work on /home/alan/repos/pipeline_airflow/pipeline-airflow-venv/lib/python3.11/site-packages/airflow/example_dags/tutorial_dag.py
[2023-08-15T19:09:18.899-0300] {processor.py:826} INFO - Processing file /home/alan/repos/pipeline_airflow/pipeline-airflow-venv/lib/python3.11/site-packages/airflow/example_dags/tutorial_dag.py for tasks to queue
[2023-08-15T19:09:18.901-0300] {logging_mixin.py:150} INFO - [2023-08-15T19:09:18.900-0300] {dagbag.py:541} INFO - Filling up the DagBag from /home/alan/repos/pipeline_airflow/pipeline-airflow-venv/lib/python3.11/site-packages/airflow/example_dags/tutorial_dag.py
[2023-08-15T19:09:18.912-0300] {processor.py:836} INFO - DAG(s) dict_keys(['tutorial_dag']) retrieved from /home/alan/repos/pipeline_airflow/pipeline-airflow-venv/lib/python3.11/site-packages/airflow/example_dags/tutorial_dag.py
[2023-08-15T19:09:18.943-0300] {logging_mixin.py:150} INFO - [2023-08-15T19:09:18.943-0300] {dag.py:2742} INFO - Sync 1 DAGs
[2023-08-15T19:09:18.977-0300] {logging_mixin.py:150} INFO - [2023-08-15T19:09:18.977-0300] {dag.py:3504} INFO - Setting next_dagrun for tutorial_dag to None, run_after=None
[2023-08-15T19:09:19.102-0300] {processor.py:179} INFO - Processing /home/alan/repos/pipeline_airflow/pipeline-airflow-venv/lib/python3.11/site-packages/airflow/example_dags/tutorial_dag.py took 0.211 seconds
[2023-08-15T19:10:18.247-0300] {processor.py:157} INFO - Started process (PID=29488) to work on /home/alan/repos/pipeline_airflow/pipeline-airflow-venv/lib/python3.11/site-packages/airflow/example_dags/tutorial_dag.py
[2023-08-15T19:10:18.258-0300] {processor.py:826} INFO - Processing file /home/alan/repos/pipeline_airflow/pipeline-airflow-venv/lib/python3.11/site-packages/airflow/example_dags/tutorial_dag.py for tasks to queue
[2023-08-15T19:10:18.260-0300] {logging_mixin.py:150} INFO - [2023-08-15T19:10:18.259-0300] {dagbag.py:541} INFO - Filling up the DagBag from /home/alan/repos/pipeline_airflow/pipeline-airflow-venv/lib/python3.11/site-packages/airflow/example_dags/tutorial_dag.py
[2023-08-15T19:10:18.271-0300] {processor.py:836} INFO - DAG(s) dict_keys(['tutorial_dag']) retrieved from /home/alan/repos/pipeline_airflow/pipeline-airflow-venv/lib/python3.11/site-packages/airflow/example_dags/tutorial_dag.py
[2023-08-15T19:10:18.301-0300] {logging_mixin.py:150} INFO - [2023-08-15T19:10:18.300-0300] {dag.py:2742} INFO - Sync 1 DAGs
[2023-08-15T19:10:18.336-0300] {logging_mixin.py:150} INFO - [2023-08-15T19:10:18.336-0300] {dag.py:3504} INFO - Setting next_dagrun for tutorial_dag to None, run_after=None
[2023-08-15T19:10:18.475-0300] {processor.py:179} INFO - Processing /home/alan/repos/pipeline_airflow/pipeline-airflow-venv/lib/python3.11/site-packages/airflow/example_dags/tutorial_dag.py took 0.233 seconds
[2023-08-15T19:11:18.046-0300] {processor.py:157} INFO - Started process (PID=29718) to work on /home/alan/repos/pipeline_airflow/pipeline-airflow-venv/lib/python3.11/site-packages/airflow/example_dags/tutorial_dag.py
[2023-08-15T19:11:18.058-0300] {processor.py:826} INFO - Processing file /home/alan/repos/pipeline_airflow/pipeline-airflow-venv/lib/python3.11/site-packages/airflow/example_dags/tutorial_dag.py for tasks to queue
[2023-08-15T19:11:18.076-0300] {logging_mixin.py:150} INFO - [2023-08-15T19:11:18.061-0300] {dagbag.py:541} INFO - Filling up the DagBag from /home/alan/repos/pipeline_airflow/pipeline-airflow-venv/lib/python3.11/site-packages/airflow/example_dags/tutorial_dag.py
[2023-08-15T19:11:18.120-0300] {processor.py:836} INFO - DAG(s) dict_keys(['tutorial_dag']) retrieved from /home/alan/repos/pipeline_airflow/pipeline-airflow-venv/lib/python3.11/site-packages/airflow/example_dags/tutorial_dag.py
[2023-08-15T19:11:18.248-0300] {logging_mixin.py:150} INFO - [2023-08-15T19:11:18.246-0300] {dag.py:2742} INFO - Sync 1 DAGs
[2023-08-15T19:11:18.314-0300] {logging_mixin.py:150} INFO - [2023-08-15T19:11:18.313-0300] {dag.py:3504} INFO - Setting next_dagrun for tutorial_dag to None, run_after=None
[2023-08-15T19:11:18.600-0300] {processor.py:179} INFO - Processing /home/alan/repos/pipeline_airflow/pipeline-airflow-venv/lib/python3.11/site-packages/airflow/example_dags/tutorial_dag.py took 0.594 seconds
[2023-08-15T19:12:25.104-0300] {processor.py:157} INFO - Started process (PID=29916) to work on /home/alan/repos/pipeline_airflow/pipeline-airflow-venv/lib/python3.11/site-packages/airflow/example_dags/tutorial_dag.py
[2023-08-15T19:12:25.119-0300] {processor.py:826} INFO - Processing file /home/alan/repos/pipeline_airflow/pipeline-airflow-venv/lib/python3.11/site-packages/airflow/example_dags/tutorial_dag.py for tasks to queue
[2023-08-15T19:12:25.121-0300] {logging_mixin.py:150} INFO - [2023-08-15T19:12:25.120-0300] {dagbag.py:541} INFO - Filling up the DagBag from /home/alan/repos/pipeline_airflow/pipeline-airflow-venv/lib/python3.11/site-packages/airflow/example_dags/tutorial_dag.py
[2023-08-15T19:12:25.132-0300] {processor.py:836} INFO - DAG(s) dict_keys(['tutorial_dag']) retrieved from /home/alan/repos/pipeline_airflow/pipeline-airflow-venv/lib/python3.11/site-packages/airflow/example_dags/tutorial_dag.py
[2023-08-15T19:12:25.165-0300] {logging_mixin.py:150} INFO - [2023-08-15T19:12:25.165-0300] {dag.py:2742} INFO - Sync 1 DAGs
[2023-08-15T19:12:25.200-0300] {logging_mixin.py:150} INFO - [2023-08-15T19:12:25.200-0300] {dag.py:3504} INFO - Setting next_dagrun for tutorial_dag to None, run_after=None
[2023-08-15T19:12:25.294-0300] {processor.py:179} INFO - Processing /home/alan/repos/pipeline_airflow/pipeline-airflow-venv/lib/python3.11/site-packages/airflow/example_dags/tutorial_dag.py took 0.196 seconds
[2023-08-15T19:13:24.048-0300] {processor.py:157} INFO - Started process (PID=30080) to work on /home/alan/repos/pipeline_airflow/pipeline-airflow-venv/lib/python3.11/site-packages/airflow/example_dags/tutorial_dag.py
[2023-08-15T19:13:24.066-0300] {processor.py:826} INFO - Processing file /home/alan/repos/pipeline_airflow/pipeline-airflow-venv/lib/python3.11/site-packages/airflow/example_dags/tutorial_dag.py for tasks to queue
[2023-08-15T19:13:24.067-0300] {logging_mixin.py:150} INFO - [2023-08-15T19:13:24.067-0300] {dagbag.py:541} INFO - Filling up the DagBag from /home/alan/repos/pipeline_airflow/pipeline-airflow-venv/lib/python3.11/site-packages/airflow/example_dags/tutorial_dag.py
[2023-08-15T19:13:24.078-0300] {processor.py:836} INFO - DAG(s) dict_keys(['tutorial_dag']) retrieved from /home/alan/repos/pipeline_airflow/pipeline-airflow-venv/lib/python3.11/site-packages/airflow/example_dags/tutorial_dag.py
[2023-08-15T19:13:24.112-0300] {logging_mixin.py:150} INFO - [2023-08-15T19:13:24.112-0300] {dag.py:2742} INFO - Sync 1 DAGs
[2023-08-15T19:13:24.166-0300] {logging_mixin.py:150} INFO - [2023-08-15T19:13:24.166-0300] {dag.py:3504} INFO - Setting next_dagrun for tutorial_dag to None, run_after=None
[2023-08-15T19:13:24.282-0300] {processor.py:179} INFO - Processing /home/alan/repos/pipeline_airflow/pipeline-airflow-venv/lib/python3.11/site-packages/airflow/example_dags/tutorial_dag.py took 0.242 seconds
[2023-08-15T19:14:25.900-0300] {processor.py:157} INFO - Started process (PID=30236) to work on /home/alan/repos/pipeline_airflow/pipeline-airflow-venv/lib/python3.11/site-packages/airflow/example_dags/tutorial_dag.py
[2023-08-15T19:14:25.916-0300] {processor.py:826} INFO - Processing file /home/alan/repos/pipeline_airflow/pipeline-airflow-venv/lib/python3.11/site-packages/airflow/example_dags/tutorial_dag.py for tasks to queue
[2023-08-15T19:14:25.917-0300] {logging_mixin.py:150} INFO - [2023-08-15T19:14:25.917-0300] {dagbag.py:541} INFO - Filling up the DagBag from /home/alan/repos/pipeline_airflow/pipeline-airflow-venv/lib/python3.11/site-packages/airflow/example_dags/tutorial_dag.py
[2023-08-15T19:14:25.927-0300] {processor.py:836} INFO - DAG(s) dict_keys(['tutorial_dag']) retrieved from /home/alan/repos/pipeline_airflow/pipeline-airflow-venv/lib/python3.11/site-packages/airflow/example_dags/tutorial_dag.py
[2023-08-15T19:14:25.962-0300] {logging_mixin.py:150} INFO - [2023-08-15T19:14:25.961-0300] {dag.py:2742} INFO - Sync 1 DAGs
[2023-08-15T19:14:25.999-0300] {logging_mixin.py:150} INFO - [2023-08-15T19:14:25.999-0300] {dag.py:3504} INFO - Setting next_dagrun for tutorial_dag to None, run_after=None
[2023-08-15T19:14:26.097-0300] {processor.py:179} INFO - Processing /home/alan/repos/pipeline_airflow/pipeline-airflow-venv/lib/python3.11/site-packages/airflow/example_dags/tutorial_dag.py took 0.202 seconds
[2023-08-15T19:15:21.191-0300] {processor.py:157} INFO - Started process (PID=30381) to work on /home/alan/repos/pipeline_airflow/pipeline-airflow-venv/lib/python3.11/site-packages/airflow/example_dags/tutorial_dag.py
[2023-08-15T19:15:21.199-0300] {processor.py:826} INFO - Processing file /home/alan/repos/pipeline_airflow/pipeline-airflow-venv/lib/python3.11/site-packages/airflow/example_dags/tutorial_dag.py for tasks to queue
[2023-08-15T19:15:21.201-0300] {logging_mixin.py:150} INFO - [2023-08-15T19:15:21.200-0300] {dagbag.py:541} INFO - Filling up the DagBag from /home/alan/repos/pipeline_airflow/pipeline-airflow-venv/lib/python3.11/site-packages/airflow/example_dags/tutorial_dag.py
[2023-08-15T19:15:21.210-0300] {processor.py:836} INFO - DAG(s) dict_keys(['tutorial_dag']) retrieved from /home/alan/repos/pipeline_airflow/pipeline-airflow-venv/lib/python3.11/site-packages/airflow/example_dags/tutorial_dag.py
[2023-08-15T19:15:21.239-0300] {logging_mixin.py:150} INFO - [2023-08-15T19:15:21.238-0300] {dag.py:2742} INFO - Sync 1 DAGs
[2023-08-15T19:15:21.278-0300] {logging_mixin.py:150} INFO - [2023-08-15T19:15:21.277-0300] {dag.py:3504} INFO - Setting next_dagrun for tutorial_dag to None, run_after=None
[2023-08-15T19:15:21.383-0300] {processor.py:179} INFO - Processing /home/alan/repos/pipeline_airflow/pipeline-airflow-venv/lib/python3.11/site-packages/airflow/example_dags/tutorial_dag.py took 0.197 seconds
[2023-08-15T19:16:19.415-0300] {processor.py:157} INFO - Started process (PID=30533) to work on /home/alan/repos/pipeline_airflow/pipeline-airflow-venv/lib/python3.11/site-packages/airflow/example_dags/tutorial_dag.py
[2023-08-15T19:16:19.427-0300] {processor.py:826} INFO - Processing file /home/alan/repos/pipeline_airflow/pipeline-airflow-venv/lib/python3.11/site-packages/airflow/example_dags/tutorial_dag.py for tasks to queue
[2023-08-15T19:16:19.430-0300] {logging_mixin.py:150} INFO - [2023-08-15T19:16:19.429-0300] {dagbag.py:541} INFO - Filling up the DagBag from /home/alan/repos/pipeline_airflow/pipeline-airflow-venv/lib/python3.11/site-packages/airflow/example_dags/tutorial_dag.py
[2023-08-15T19:16:19.442-0300] {processor.py:836} INFO - DAG(s) dict_keys(['tutorial_dag']) retrieved from /home/alan/repos/pipeline_airflow/pipeline-airflow-venv/lib/python3.11/site-packages/airflow/example_dags/tutorial_dag.py
[2023-08-15T19:16:19.475-0300] {logging_mixin.py:150} INFO - [2023-08-15T19:16:19.475-0300] {dag.py:2742} INFO - Sync 1 DAGs
[2023-08-15T19:16:19.512-0300] {logging_mixin.py:150} INFO - [2023-08-15T19:16:19.512-0300] {dag.py:3504} INFO - Setting next_dagrun for tutorial_dag to None, run_after=None
[2023-08-15T19:16:19.610-0300] {processor.py:179} INFO - Processing /home/alan/repos/pipeline_airflow/pipeline-airflow-venv/lib/python3.11/site-packages/airflow/example_dags/tutorial_dag.py took 0.201 seconds
[2023-08-15T19:17:20.166-0300] {processor.py:157} INFO - Started process (PID=30694) to work on /home/alan/repos/pipeline_airflow/pipeline-airflow-venv/lib/python3.11/site-packages/airflow/example_dags/tutorial_dag.py
[2023-08-15T19:17:20.178-0300] {processor.py:826} INFO - Processing file /home/alan/repos/pipeline_airflow/pipeline-airflow-venv/lib/python3.11/site-packages/airflow/example_dags/tutorial_dag.py for tasks to queue
[2023-08-15T19:17:20.180-0300] {logging_mixin.py:150} INFO - [2023-08-15T19:17:20.179-0300] {dagbag.py:541} INFO - Filling up the DagBag from /home/alan/repos/pipeline_airflow/pipeline-airflow-venv/lib/python3.11/site-packages/airflow/example_dags/tutorial_dag.py
[2023-08-15T19:17:20.191-0300] {processor.py:836} INFO - DAG(s) dict_keys(['tutorial_dag']) retrieved from /home/alan/repos/pipeline_airflow/pipeline-airflow-venv/lib/python3.11/site-packages/airflow/example_dags/tutorial_dag.py
[2023-08-15T19:17:20.225-0300] {logging_mixin.py:150} INFO - [2023-08-15T19:17:20.225-0300] {dag.py:2742} INFO - Sync 1 DAGs
[2023-08-15T19:17:20.267-0300] {logging_mixin.py:150} INFO - [2023-08-15T19:17:20.267-0300] {dag.py:3504} INFO - Setting next_dagrun for tutorial_dag to None, run_after=None
[2023-08-15T19:17:20.390-0300] {processor.py:179} INFO - Processing /home/alan/repos/pipeline_airflow/pipeline-airflow-venv/lib/python3.11/site-packages/airflow/example_dags/tutorial_dag.py took 0.232 seconds
[2023-08-15T19:18:19.511-0300] {processor.py:157} INFO - Started process (PID=30846) to work on /home/alan/repos/pipeline_airflow/pipeline-airflow-venv/lib/python3.11/site-packages/airflow/example_dags/tutorial_dag.py
[2023-08-15T19:18:19.524-0300] {processor.py:826} INFO - Processing file /home/alan/repos/pipeline_airflow/pipeline-airflow-venv/lib/python3.11/site-packages/airflow/example_dags/tutorial_dag.py for tasks to queue
[2023-08-15T19:18:19.525-0300] {logging_mixin.py:150} INFO - [2023-08-15T19:18:19.525-0300] {dagbag.py:541} INFO - Filling up the DagBag from /home/alan/repos/pipeline_airflow/pipeline-airflow-venv/lib/python3.11/site-packages/airflow/example_dags/tutorial_dag.py
[2023-08-15T19:18:19.536-0300] {processor.py:836} INFO - DAG(s) dict_keys(['tutorial_dag']) retrieved from /home/alan/repos/pipeline_airflow/pipeline-airflow-venv/lib/python3.11/site-packages/airflow/example_dags/tutorial_dag.py
[2023-08-15T19:18:19.573-0300] {logging_mixin.py:150} INFO - [2023-08-15T19:18:19.572-0300] {dag.py:2742} INFO - Sync 1 DAGs
[2023-08-15T19:18:19.617-0300] {logging_mixin.py:150} INFO - [2023-08-15T19:18:19.617-0300] {dag.py:3504} INFO - Setting next_dagrun for tutorial_dag to None, run_after=None
[2023-08-15T19:18:19.732-0300] {processor.py:179} INFO - Processing /home/alan/repos/pipeline_airflow/pipeline-airflow-venv/lib/python3.11/site-packages/airflow/example_dags/tutorial_dag.py took 0.226 seconds
[2023-08-15T19:19:15.922-0300] {processor.py:157} INFO - Started process (PID=30989) to work on /home/alan/repos/pipeline_airflow/pipeline-airflow-venv/lib/python3.11/site-packages/airflow/example_dags/tutorial_dag.py
[2023-08-15T19:19:15.937-0300] {processor.py:826} INFO - Processing file /home/alan/repos/pipeline_airflow/pipeline-airflow-venv/lib/python3.11/site-packages/airflow/example_dags/tutorial_dag.py for tasks to queue
[2023-08-15T19:19:15.938-0300] {logging_mixin.py:150} INFO - [2023-08-15T19:19:15.938-0300] {dagbag.py:541} INFO - Filling up the DagBag from /home/alan/repos/pipeline_airflow/pipeline-airflow-venv/lib/python3.11/site-packages/airflow/example_dags/tutorial_dag.py
[2023-08-15T19:19:15.948-0300] {processor.py:836} INFO - DAG(s) dict_keys(['tutorial_dag']) retrieved from /home/alan/repos/pipeline_airflow/pipeline-airflow-venv/lib/python3.11/site-packages/airflow/example_dags/tutorial_dag.py
[2023-08-15T19:19:15.992-0300] {logging_mixin.py:150} INFO - [2023-08-15T19:19:15.992-0300] {dag.py:2742} INFO - Sync 1 DAGs
[2023-08-15T19:19:16.038-0300] {logging_mixin.py:150} INFO - [2023-08-15T19:19:16.037-0300] {dag.py:3504} INFO - Setting next_dagrun for tutorial_dag to None, run_after=None
[2023-08-15T19:19:16.146-0300] {processor.py:179} INFO - Processing /home/alan/repos/pipeline_airflow/pipeline-airflow-venv/lib/python3.11/site-packages/airflow/example_dags/tutorial_dag.py took 0.231 seconds
[2023-08-15T19:20:13.745-0300] {processor.py:157} INFO - Started process (PID=31144) to work on /home/alan/repos/pipeline_airflow/pipeline-airflow-venv/lib/python3.11/site-packages/airflow/example_dags/tutorial_dag.py
[2023-08-15T19:20:13.756-0300] {processor.py:826} INFO - Processing file /home/alan/repos/pipeline_airflow/pipeline-airflow-venv/lib/python3.11/site-packages/airflow/example_dags/tutorial_dag.py for tasks to queue
[2023-08-15T19:20:13.758-0300] {logging_mixin.py:150} INFO - [2023-08-15T19:20:13.757-0300] {dagbag.py:541} INFO - Filling up the DagBag from /home/alan/repos/pipeline_airflow/pipeline-airflow-venv/lib/python3.11/site-packages/airflow/example_dags/tutorial_dag.py
[2023-08-15T19:20:13.776-0300] {processor.py:836} INFO - DAG(s) dict_keys(['tutorial_dag']) retrieved from /home/alan/repos/pipeline_airflow/pipeline-airflow-venv/lib/python3.11/site-packages/airflow/example_dags/tutorial_dag.py
[2023-08-15T19:20:13.820-0300] {logging_mixin.py:150} INFO - [2023-08-15T19:20:13.819-0300] {dag.py:2742} INFO - Sync 1 DAGs
[2023-08-15T19:20:13.861-0300] {logging_mixin.py:150} INFO - [2023-08-15T19:20:13.861-0300] {dag.py:3504} INFO - Setting next_dagrun for tutorial_dag to None, run_after=None
[2023-08-15T19:20:13.987-0300] {processor.py:179} INFO - Processing /home/alan/repos/pipeline_airflow/pipeline-airflow-venv/lib/python3.11/site-packages/airflow/example_dags/tutorial_dag.py took 0.250 seconds
[2023-08-15T19:21:25.879-0300] {processor.py:157} INFO - Started process (PID=31493) to work on /home/alan/repos/pipeline_airflow/pipeline-airflow-venv/lib/python3.11/site-packages/airflow/example_dags/tutorial_dag.py
[2023-08-15T19:21:25.898-0300] {processor.py:826} INFO - Processing file /home/alan/repos/pipeline_airflow/pipeline-airflow-venv/lib/python3.11/site-packages/airflow/example_dags/tutorial_dag.py for tasks to queue
[2023-08-15T19:21:25.901-0300] {logging_mixin.py:150} INFO - [2023-08-15T19:21:25.900-0300] {dagbag.py:541} INFO - Filling up the DagBag from /home/alan/repos/pipeline_airflow/pipeline-airflow-venv/lib/python3.11/site-packages/airflow/example_dags/tutorial_dag.py
[2023-08-15T19:21:25.914-0300] {processor.py:836} INFO - DAG(s) dict_keys(['tutorial_dag']) retrieved from /home/alan/repos/pipeline_airflow/pipeline-airflow-venv/lib/python3.11/site-packages/airflow/example_dags/tutorial_dag.py
[2023-08-15T19:21:26.299-0300] {logging_mixin.py:150} INFO - [2023-08-15T19:21:26.298-0300] {dag.py:2742} INFO - Sync 1 DAGs
[2023-08-15T19:21:27.459-0300] {logging_mixin.py:150} INFO - [2023-08-15T19:21:27.459-0300] {dag.py:3504} INFO - Setting next_dagrun for tutorial_dag to None, run_after=None
[2023-08-15T19:21:29.377-0300] {processor.py:179} INFO - Processing /home/alan/repos/pipeline_airflow/pipeline-airflow-venv/lib/python3.11/site-packages/airflow/example_dags/tutorial_dag.py took 3.505 seconds
